 01-02-17,03:38:52,Ch6,VMIX OVL
 01-02-17,08:37:36,Ch6,VMIX OVL
 01-02-17,13:59:17,Ch2,VDIF OVL
 01-02-17,14:00:17,Ch6,VMIX OVL,VDIF OVL
 01-02-17,19:01:01,Ch6,VMIX OVL
 01-02-17,20:22:15,Ch6,T. UNDER
 01-02-17,20:24:15,Ch6,T. UNDER
 01-02-17,20:27:16,Ch6,T. UNDER
 01-02-17,20:28:16,Ch6,T. UNDER
 01-02-17,20:29:17,Ch6,T. UNDER
 01-02-17,20:32:17,Ch6,T. UNDER
 01-02-17,20:33:17,Ch6,T. UNDER
 01-02-17,20:34:18,Ch6,T. UNDER
 01-02-17,20:35:18,Ch6,T. UNDER
 01-02-17,20:36:18,Ch6,T. UNDER
 01-02-17,20:37:18,Ch6,T. UNDER
 01-02-17,20:38:19,Ch6,T. UNDER
 01-02-17,20:39:19,Ch6,T. UNDER
 01-02-17,20:40:19,Ch6,T. UNDER
 01-02-17,20:41:19,Ch6,T. UNDER
 01-02-17,20:42:19,Ch6,T. UNDER
 01-02-17,20:43:20,Ch6,T. UNDER
 01-02-17,20:44:20,Ch6,T. UNDER
 01-02-17,20:45:20,Ch6,T. UNDER
 01-02-17,20:46:20,Ch6,T. UNDER
 01-02-17,20:47:20,Ch6,T. UNDER
 01-02-17,20:48:21,Ch6,T. UNDER
 01-02-17,20:49:21,Ch6,T. UNDER
 01-02-17,20:50:21,Ch6,T. UNDER
 01-02-17,20:51:21,Ch6,T. UNDER
 01-02-17,20:52:21,Ch6,T. UNDER
 01-02-17,20:53:22,Ch6,T. UNDER
 01-02-17,20:54:22,Ch6,T. UNDER
 01-02-17,20:55:22,Ch6,T. UNDER
 01-02-17,20:56:22,Ch6,T. UNDER
 01-02-17,20:57:23,Ch6,T. UNDER
 01-02-17,20:58:23,Ch6,T. UNDER
 01-02-17,20:59:23,Ch6,T. UNDER
 01-02-17,21:00:23,Ch6,T. UNDER
 01-02-17,21:01:23,Ch6,T. UNDER
 01-02-17,21:02:23,Ch6,T. UNDER
 01-02-17,21:03:23,Ch6,T. UNDER
 01-02-17,21:04:23,Ch6,VMIX OVL,VDIF OVL,T. UNDER
 01-02-17,21:05:23,Ch6,T. UNDER
 01-02-17,21:06:24,Ch6,T. UNDER
 01-02-17,21:07:24,Ch6,T. UNDER
 01-02-17,21:08:24,Ch6,T. UNDER
 01-02-17,21:09:24,Ch6,T. UNDER
 01-02-17,21:10:24,Ch6,T. UNDER
 01-02-17,21:11:25,Ch6,T. UNDER
 01-02-17,21:12:25,Ch6,T. UNDER
 01-02-17,21:13:25,Ch6,T. UNDER
 01-02-17,21:14:25,Ch6,T. UNDER
 01-02-17,21:15:26,Ch6,T. UNDER
 01-02-17,21:16:26,Ch6,T. UNDER
 01-02-17,21:17:26,Ch6,T. UNDER
 01-02-17,21:18:26,Ch6,T. UNDER
 01-02-17,21:19:26,Ch6,T. UNDER
 01-02-17,21:20:27,Ch6,T. UNDER
 01-02-17,21:21:27,Ch6,T. UNDER
 01-02-17,21:22:27,Ch6,T. UNDER
 01-02-17,21:23:27,Ch6,T. UNDER
 01-02-17,21:24:27,Ch6,T. UNDER
 01-02-17,21:25:28,Ch6,T. UNDER
 01-02-17,21:26:28,Ch6,T. UNDER
 01-02-17,21:27:28,Ch6,T. UNDER
 01-02-17,21:28:28,Ch6,T. UNDER
 01-02-17,21:29:28,Ch6,T. UNDER
 01-02-17,21:30:28,Ch6,T. UNDER
 01-02-17,21:31:29,Ch6,T. UNDER
 01-02-17,21:32:29,Ch6,T. UNDER
 01-02-17,21:33:29,Ch6,T. UNDER
 01-02-17,21:34:29,Ch6,T. UNDER
 01-02-17,21:35:30,Ch6,T. UNDER
 01-02-17,21:36:30,Ch6,T. UNDER
 01-02-17,21:37:30,Ch6,T. UNDER
 01-02-17,21:38:30,Ch6,T. UNDER
 01-02-17,21:39:30,Ch6,T. UNDER
 01-02-17,21:40:30,Ch6,T. UNDER
 01-02-17,21:41:31,Ch6,T. UNDER
 01-02-17,21:42:31,Ch6,T. UNDER
 01-02-17,21:43:31,Ch6,T. UNDER
 01-02-17,21:44:31,Ch6,T. UNDER
 01-02-17,21:45:31,Ch6,T. UNDER
 01-02-17,21:46:32,Ch6,T. UNDER
 01-02-17,21:47:32,Ch6,T. UNDER
 01-02-17,21:48:32,Ch6,T. UNDER
 01-02-17,21:49:32,Ch6,T. UNDER
 01-02-17,21:50:32,Ch6,T. UNDER
 01-02-17,21:51:32,Ch6,T. UNDER
 01-02-17,21:52:33,Ch6,T. UNDER
 01-02-17,21:53:33,Ch6,T. UNDER
 01-02-17,21:54:33,Ch6,T. UNDER
 01-02-17,21:55:33,Ch6,T. UNDER
 01-02-17,21:56:33,Ch6,T. UNDER
 01-02-17,21:57:34,Ch6,T. UNDER
 01-02-17,21:58:34,Ch6,T. UNDER
 01-02-17,21:59:34,Ch6,T. UNDER
 01-02-17,22:00:34,Ch6,T. UNDER
 01-02-17,22:01:34,Ch6,T. UNDER
 01-02-17,22:02:35,Ch6,T. UNDER
 01-02-17,22:03:35,Ch6,T. UNDER
 01-02-17,22:04:35,Ch6,T. UNDER
 01-02-17,22:05:35,Ch6,T. UNDER
 01-02-17,22:06:35,Ch6,T. UNDER
 01-02-17,22:07:36,Ch6,T. UNDER
 01-02-17,22:08:36,Ch6,T. UNDER
 01-02-17,22:09:36,Ch6,T. UNDER
 01-02-17,22:10:36,Ch6,T. UNDER
 01-02-17,22:11:36,Ch6,T. UNDER
 01-02-17,22:12:36,Ch6,T. UNDER
 01-02-17,22:13:36,Ch6,T. UNDER
 01-02-17,22:14:37,Ch6,T. UNDER
 01-02-17,22:16:37,Ch6,T. UNDER
 01-02-17,22:17:37,Ch6,T. UNDER
 01-02-17,22:18:37,Ch6,T. UNDER
 01-02-17,22:19:37,Ch6,T. UNDER
 01-02-17,22:20:37,Ch6,T. UNDER
 01-02-17,22:21:38,Ch6,T. UNDER
 01-02-17,22:22:38,Ch6,T. UNDER
 01-02-17,22:23:38,Ch6,T. UNDER
 01-02-17,22:24:38,Ch6,T. UNDER
 01-02-17,22:25:38,Ch6,T. UNDER
 01-02-17,22:26:38,Ch6,T. UNDER
 01-02-17,22:27:39,Ch6,T. UNDER
 01-02-17,22:28:39,Ch6,T. UNDER
 01-02-17,22:29:39,Ch6,T. UNDER
 01-02-17,22:30:39,Ch6,T. UNDER
 01-02-17,22:31:40,Ch6,T. UNDER
 01-02-17,22:32:40,Ch6,T. UNDER
 01-02-17,22:33:40,Ch6,T. UNDER
 01-02-17,22:34:40,Ch6,T. UNDER
 01-02-17,22:35:40,Ch6,T. UNDER
 01-02-17,22:36:41,Ch6,T. UNDER
 01-02-17,22:37:41,Ch6,T. UNDER
 01-02-17,22:38:41,Ch6,T. UNDER
 01-02-17,22:39:41,Ch6,T. UNDER
 01-02-17,22:40:41,Ch6,T. UNDER
 01-02-17,22:41:41,Ch6,T. UNDER
 01-02-17,22:42:41,Ch6,T. UNDER
 01-02-17,22:43:42,Ch6,T. UNDER
 01-02-17,22:44:42,Ch6,T. UNDER
 01-02-17,22:46:42,Ch6,T. UNDER
 01-02-17,22:47:42,Ch6,T. UNDER
 01-02-17,22:48:43,Ch6,T. UNDER
 01-02-17,22:49:43,Ch6,T. UNDER
 01-02-17,22:50:43,Ch6,T. UNDER
 01-02-17,22:51:43,Ch6,T. UNDER
 01-02-17,22:52:43,Ch6,T. UNDER
 01-02-17,22:53:43,Ch6,T. UNDER
 01-02-17,22:54:43,Ch6,T. UNDER
 01-02-17,22:55:44,Ch6,T. UNDER
 01-02-17,22:56:44,Ch6,T. UNDER
 01-02-17,22:57:44,Ch6,T. UNDER
 01-02-17,22:58:44,Ch6,T. UNDER
 01-02-17,22:59:44,Ch6,T. UNDER
 01-02-17,23:00:44,Ch6,T. UNDER
 01-02-17,23:01:45,Ch6,T. UNDER
 01-02-17,23:02:45,Ch6,T. UNDER
 01-02-17,23:03:45,Ch6,T. UNDER
 01-02-17,23:04:45,Ch6,T. UNDER
 01-02-17,23:05:45,Ch6,T. UNDER
 01-02-17,23:06:46,Ch6,T. UNDER
 01-02-17,23:07:46,Ch6,T. UNDER
 01-02-17,23:08:46,Ch6,T. UNDER
 01-02-17,23:09:46,Ch6,T. UNDER
 01-02-17,23:10:46,Ch6,T. UNDER
 01-02-17,23:11:46,Ch6,T. UNDER
 01-02-17,23:12:47,Ch6,T. UNDER
 01-02-17,23:13:47,Ch6,T. UNDER
 01-02-17,23:14:47,Ch6,T. UNDER
 01-02-17,23:15:47,Ch6,T. UNDER
 01-02-17,23:16:47,Ch6,T. UNDER
 01-02-17,23:17:47,Ch6,T. UNDER
 01-02-17,23:18:47,Ch6,T. UNDER
 01-02-17,23:19:48,Ch6,T. UNDER
 01-02-17,23:20:48,Ch6,T. UNDER
 01-02-17,23:21:48,Ch6,T. UNDER
 01-02-17,23:22:48,Ch6,T. UNDER
 01-02-17,23:23:48,Ch6,T. UNDER
 01-02-17,23:24:49,Ch6,T. UNDER
 01-02-17,23:25:49,Ch6,T. UNDER
 01-02-17,23:26:49,Ch6,T. UNDER
 01-02-17,23:27:49,Ch6,T. UNDER
 01-02-17,23:28:49,Ch6,T. UNDER
 01-02-17,23:29:50,Ch6,T. UNDER
 01-02-17,23:30:50,Ch6,T. UNDER
 01-02-17,23:31:50,Ch6,T. UNDER
 01-02-17,23:32:50,Ch6,T. UNDER
 01-02-17,23:33:50,Ch6,T. UNDER
 01-02-17,23:34:51,Ch6,T. UNDER
 01-02-17,23:35:51,Ch6,T. UNDER
 01-02-17,23:36:51,Ch6,T. UNDER
 01-02-17,23:37:51,Ch6,T. UNDER
 01-02-17,23:38:51,Ch6,T. UNDER
 01-02-17,23:39:51,Ch6,T. UNDER
 01-02-17,23:40:51,Ch6,T. UNDER
 01-02-17,23:41:52,Ch6,T. UNDER
 01-02-17,23:42:52,Ch6,T. UNDER
 01-02-17,23:43:52,Ch6,T. UNDER
 01-02-17,23:44:52,Ch6,T. UNDER
 01-02-17,23:45:52,Ch6,T. UNDER
 01-02-17,23:46:52,Ch6,T. UNDER
 01-02-17,23:47:52,Ch6,T. UNDER
 01-02-17,23:48:53,Ch6,T. UNDER
 01-02-17,23:49:53,Ch6,T. UNDER
 01-02-17,23:50:53,Ch6,T. UNDER
 01-02-17,23:51:53,Ch6,T. UNDER
 01-02-17,23:52:53,Ch6,T. UNDER
 01-02-17,23:53:54,Ch6,T. UNDER
 01-02-17,23:54:54,Ch6,T. UNDER
 01-02-17,23:55:54,Ch6,T. UNDER
 01-02-17,23:56:54,Ch6,T. UNDER
 01-02-17,23:57:55,Ch6,T. UNDER
 01-02-17,23:58:55,Ch6,T. UNDER
 01-02-17,23:59:55,Ch6,T. UNDER
