 29-10-17,00:00:28,Ch6,T. OVER
 29-10-17,00:01:28,Ch6,T. OVER
 29-10-17,00:02:28,Ch6,T. OVER
 29-10-17,00:03:28,Ch6,T. OVER
 29-10-17,00:04:28,Ch6,T. OVER
 29-10-17,00:05:28,Ch6,T. OVER
 29-10-17,00:06:29,Ch6,T. OVER
 29-10-17,00:07:29,Ch6,T. OVER
 29-10-17,00:08:29,Ch6,T. OVER
 29-10-17,00:09:29,Ch6,T. OVER
 29-10-17,00:10:29,Ch6,T. OVER
 29-10-17,00:11:29,Ch6,T. OVER
 29-10-17,00:12:30,Ch6,T. OVER
 29-10-17,00:13:30,Ch6,T. OVER
 29-10-17,00:14:30,Ch6,T. OVER
 29-10-17,00:15:30,Ch6,T. OVER
 29-10-17,00:16:30,Ch6,T. OVER
 29-10-17,00:17:30,Ch6,T. OVER
 29-10-17,00:18:30,Ch6,T. OVER
 29-10-17,00:19:31,Ch6,T. OVER
 29-10-17,00:20:31,Ch6,T. OVER
 29-10-17,00:21:31,Ch6,T. OVER
 29-10-17,00:22:31,Ch6,T. OVER
 29-10-17,00:23:31,Ch6,T. OVER
 29-10-17,00:24:32,Ch6,T. OVER
 29-10-17,00:25:32,Ch6,T. OVER
 29-10-17,00:26:32,Ch6,T. OVER
 29-10-17,00:27:32,Ch6,T. OVER
 29-10-17,00:28:32,Ch6,T. OVER
 29-10-17,00:29:32,Ch6,T. OVER
 29-10-17,00:30:32,Ch6,T. OVER
 29-10-17,00:31:32,Ch6,T. OVER
 29-10-17,00:32:33,Ch6,T. OVER
 29-10-17,00:33:33,Ch6,T. OVER
 29-10-17,00:34:33,Ch6,T. OVER
 29-10-17,00:35:33,Ch6,T. OVER
 29-10-17,00:36:33,Ch6,T. OVER
 29-10-17,00:37:33,Ch6,T. OVER
 29-10-17,00:38:34,Ch6,T. OVER
 29-10-17,00:39:34,Ch6,T. OVER
 29-10-17,00:40:34,Ch6,T. OVER
 29-10-17,00:41:34,Ch6,T. OVER
 29-10-17,00:42:34,Ch6,T. OVER
 29-10-17,00:43:35,Ch6,T. OVER
 29-10-17,00:44:35,Ch6,T. OVER
 29-10-17,00:45:35,Ch6,T. OVER
 29-10-17,00:46:35,Ch6,T. OVER
 29-10-17,00:47:35,Ch6,T. OVER
 29-10-17,00:48:35,Ch6,T. OVER
 29-10-17,00:49:36,Ch6,T. OVER
 29-10-17,00:50:36,Ch6,T. OVER
 29-10-17,00:51:36,Ch6,T. OVER
 29-10-17,00:52:36,Ch6,T. OVER
 29-10-17,00:53:36,Ch6,T. OVER
 29-10-17,00:54:36,Ch6,T. OVER
 29-10-17,00:55:36,Ch6,T. OVER
 29-10-17,00:56:37,Ch6,T. OVER
 29-10-17,00:57:37,Ch6,T. OVER
 29-10-17,00:58:37,Ch6,T. OVER
 29-10-17,00:59:37,Ch6,T. OVER
 29-10-17,01:00:37,Ch6,T. OVER
 29-10-17,01:01:37,Ch6,T. OVER
 29-10-17,01:02:37,Ch6,T. OVER
 29-10-17,01:03:38,Ch6,T. OVER
 29-10-17,01:04:38,Ch6,T. OVER
 29-10-17,01:05:38,Ch6,T. OVER
 29-10-17,01:06:38,Ch6,T. OVER
 29-10-17,01:07:39,Ch6,T. OVER
 29-10-17,01:08:39,Ch6,T. OVER
 29-10-17,01:09:39,Ch6,T. OVER
 29-10-17,01:10:39,Ch6,T. OVER
 29-10-17,01:11:39,Ch1,VDIF OVL 29-10-17,01:11:39,Ch6,T. OVER
 29-10-17,01:12:40,Ch6,T. OVER
 29-10-17,01:13:40,Ch6,T. OVER
 29-10-17,01:14:40,Ch6,T. OVER
 29-10-17,01:15:40,Ch6,T. OVER
 29-10-17,01:16:41,Ch6,T. OVER
 29-10-17,01:17:41,Ch6,T. OVER
 29-10-17,01:18:41,Ch6,T. OVER
 29-10-17,01:19:41,Ch6,T. OVER
 29-10-17,01:20:42,Ch6,T. OVER
 29-10-17,01:21:42,Ch6,T. OVER
 29-10-17,01:22:42,Ch6,T. OVER
 29-10-17,01:23:42,Ch6,T. OVER
 29-10-17,01:24:42,Ch6,T. OVER
 29-10-17,01:25:42,Ch6,T. OVER
 29-10-17,01:26:43,Ch6,T. OVER
 29-10-17,01:27:43,Ch6,T. OVER
 29-10-17,01:28:43,Ch6,T. OVER
 29-10-17,01:29:43,Ch6,T. OVER
 29-10-17,01:30:43,Ch6,T. OVER
 29-10-17,01:31:43,Ch6,T. OVER
 29-10-17,01:32:43,Ch6,T. OVER
 29-10-17,01:33:44,Ch6,T. OVER
 29-10-17,01:34:44,Ch6,T. OVER
 29-10-17,01:35:44,Ch6,T. OVER
 29-10-17,01:36:44,Ch6,T. OVER
 29-10-17,01:37:44,Ch6,T. OVER
 29-10-17,01:38:44,Ch6,T. OVER
 29-10-17,01:39:44,Ch6,T. OVER
 29-10-17,01:40:45,Ch6,T. OVER
 29-10-17,01:41:45,Ch6,T. OVER
 29-10-17,01:42:45,Ch6,T. OVER
 29-10-17,01:43:45,Ch6,T. OVER
 29-10-17,01:44:45,Ch6,T. OVER
 29-10-17,01:45:46,Ch6,T. OVER
 29-10-17,01:46:46,Ch6,T. OVER
 29-10-17,01:47:46,Ch6,T. OVER
 29-10-17,01:48:46,Ch6,T. OVER
 29-10-17,01:49:46,Ch6,T. OVER
 29-10-17,01:50:46,Ch6,T. OVER
 29-10-17,01:51:47,Ch6,T. OVER
 29-10-17,01:52:47,Ch6,T. OVER
 29-10-17,01:53:47,Ch6,T. OVER
 29-10-17,01:54:47,Ch6,T. OVER
 29-10-17,01:55:47,Ch6,T. OVER
 29-10-17,01:56:47,Ch6,T. OVER
 29-10-17,01:57:48,Ch6,T. OVER
 29-10-17,01:58:48,Ch6,T. OVER
 29-10-17,01:59:48,Ch6,T. OVER
 29-10-17,02:00:48,Ch6,T. OVER
 29-10-17,02:01:48,Ch6,T. OVER
 29-10-17,02:02:48,Ch6,T. OVER
 29-10-17,02:03:49,Ch6,T. OVER
 29-10-17,02:04:49,Ch6,T. OVER
 29-10-17,02:05:49,Ch6,T. OVER
 29-10-17,02:06:49,Ch6,T. OVER
 29-10-17,02:07:49,Ch6,T. OVER
 29-10-17,02:08:49,Ch6,T. OVER
 29-10-17,02:09:49,Ch6,T. OVER
 29-10-17,02:10:50,Ch6,T. OVER
 29-10-17,02:11:50,Ch6,T. OVER
 29-10-17,02:12:50,Ch6,T. OVER
 29-10-17,02:13:50,Ch6,T. OVER
 29-10-17,02:14:50,Ch6,T. OVER
 29-10-17,02:15:50,Ch6,T. OVER
 29-10-17,02:16:50,Ch6,T. OVER
 29-10-17,02:17:51,Ch6,T. OVER
 29-10-17,02:18:51,Ch6,T. OVER
 29-10-17,02:19:51,Ch6,T. OVER
 29-10-17,02:20:51,Ch6,T. OVER
 29-10-17,02:21:51,Ch6,T. OVER
 29-10-17,02:22:51,Ch6,T. OVER
 29-10-17,02:23:52,Ch6,T. OVER
 29-10-17,02:24:52,Ch6,T. OVER
 29-10-17,02:25:52,Ch6,T. OVER
 29-10-17,02:26:52,Ch6,T. OVER
 29-10-17,02:27:52,Ch6,T. OVER
 29-10-17,02:28:52,Ch6,T. OVER
 29-10-17,02:29:53,Ch6,T. OVER
 29-10-17,02:30:53,Ch6,T. OVER
 29-10-17,02:31:53,Ch6,T. OVER
 29-10-17,02:32:53,Ch6,T. OVER
 29-10-17,02:33:53,Ch6,T. OVER
 29-10-17,02:34:53,Ch6,T. OVER
 29-10-17,02:35:54,Ch6,T. OVER
 29-10-17,02:36:54,Ch6,T. OVER
 29-10-17,02:37:54,Ch6,T. OVER
 29-10-17,02:38:54,Ch6,T. OVER
 29-10-17,02:39:54,Ch6,T. OVER
 29-10-17,02:40:54,Ch6,T. OVER
 29-10-17,02:41:55,Ch6,T. OVER
 29-10-17,02:42:55,Ch6,T. OVER
 29-10-17,02:43:55,Ch6,T. OVER
 29-10-17,02:44:55,Ch6,T. OVER
 29-10-17,02:45:55,Ch6,T. OVER
 29-10-17,02:46:55,Ch6,T. OVER
 29-10-17,02:47:55,Ch6,T. OVER
 29-10-17,02:48:56,Ch6,T. OVER
 29-10-17,02:49:56,Ch6,T. OVER
 29-10-17,02:50:56,Ch6,T. OVER
 29-10-17,02:51:56,Ch6,T. OVER
 29-10-17,02:52:56,Ch6,T. OVER
 29-10-17,02:53:56,Ch6,T. OVER
 29-10-17,02:54:57,Ch6,T. OVER
 29-10-17,02:55:57,Ch6,T. OVER
 29-10-17,02:56:57,Ch6,T. OVER
 29-10-17,02:57:57,Ch6,T. OVER
 29-10-17,02:58:57,Ch6,T. OVER
 29-10-17,02:59:57,Ch6,T. OVER
 29-10-17,02:00:57,Ch6,T. OVER
 29-10-17,02:01:58,Ch6,T. OVER
 29-10-17,02:02:58,Ch6,T. OVER
 29-10-17,02:03:58,Ch6,T. OVER
 29-10-17,02:04:58,Ch6,T. OVER
 29-10-17,02:05:58,Ch6,T. OVER
 29-10-17,02:06:58,Ch6,T. OVER
 29-10-17,02:07:59,Ch6,T. OVER
 29-10-17,02:08:59,Ch6,T. OVER
 29-10-17,02:09:59,Ch6,T. OVER
 29-10-17,02:10:59,Ch6,T. OVER
 29-10-17,02:11:59,Ch6,T. OVER
 29-10-17,02:12:59,Ch6,T. OVER
 29-10-17,02:13:59,Ch6,T. OVER
 29-10-17,02:14:59,Ch6,T. OVER
 29-10-17,02:16:00,Ch6,T. OVER
 29-10-17,02:17:00,Ch6,T. OVER
 29-10-17,02:18:00,Ch6,T. OVER
 29-10-17,02:19:00,Ch6,T. OVER
 29-10-17,02:20:00,Ch6,T. OVER
 29-10-17,02:21:00,Ch6,T. OVER
 29-10-17,02:22:00,Ch6,T. OVER
 29-10-17,02:23:01,Ch6,T. OVER
 29-10-17,02:24:01,Ch6,T. OVER
 29-10-17,02:25:01,Ch6,T. OVER
 29-10-17,02:26:01,Ch6,T. OVER
 29-10-17,02:27:01,Ch6,T. OVER
 29-10-17,02:28:01,Ch5,VDIF OVL 29-10-17,02:28:01,Ch6,T. OVER
 29-10-17,02:29:02,Ch6,T. OVER
 29-10-17,02:30:02,Ch6,T. OVER
 29-10-17,02:31:02,Ch6,T. OVER
 29-10-17,02:32:02,Ch6,T. OVER
 29-10-17,02:33:02,Ch6,T. OVER
 29-10-17,02:34:02,Ch6,T. OVER
 29-10-17,02:35:02,Ch6,T. OVER
 29-10-17,02:36:03,Ch6,T. OVER
 29-10-17,02:37:03,Ch6,T. OVER
 29-10-17,02:38:03,Ch6,T. OVER
 29-10-17,02:39:03,Ch6,T. OVER
 29-10-17,02:40:03,Ch6,T. OVER
 29-10-17,02:41:03,Ch6,T. OVER
 29-10-17,02:42:03,Ch6,T. OVER
 29-10-17,02:43:04,Ch6,T. OVER
 29-10-17,02:44:04,Ch6,T. OVER
 29-10-17,02:45:04,Ch6,T. OVER
 29-10-17,02:46:04,Ch6,T. OVER
 29-10-17,02:47:04,Ch6,T. OVER
 29-10-17,02:48:04,Ch6,T. OVER
 29-10-17,02:49:05,Ch6,T. OVER
 29-10-17,02:50:05,Ch6,T. OVER
 29-10-17,02:51:05,Ch6,T. OVER
 29-10-17,02:52:05,Ch6,T. OVER
 29-10-17,02:53:05,Ch6,T. OVER
 29-10-17,02:54:05,Ch6,T. OVER
 29-10-17,02:55:06,Ch6,T. OVER
 29-10-17,02:56:06,Ch6,T. OVER
 29-10-17,02:57:06,Ch6,T. OVER
 29-10-17,02:58:06,Ch6,T. OVER
 29-10-17,02:59:06,Ch6,T. OVER
 29-10-17,03:00:06,Ch6,T. OVER
 29-10-17,03:01:06,Ch6,T. OVER
 29-10-17,03:02:07,Ch6,T. OVER
 29-10-17,03:03:07,Ch6,T. OVER
 29-10-17,03:04:07,Ch6,T. OVER
 29-10-17,03:05:07,Ch6,T. OVER
 29-10-17,03:06:07,Ch6,T. OVER
 29-10-17,03:07:07,Ch6,T. OVER
 29-10-17,03:08:07,Ch6,T. OVER
 29-10-17,03:09:08,Ch6,T. OVER
 29-10-17,03:10:08,Ch6,T. OVER
 29-10-17,03:11:08,Ch6,T. OVER
 29-10-17,03:12:08,Ch6,T. OVER
 29-10-17,03:13:08,Ch6,T. OVER
 29-10-17,03:14:08,Ch6,T. OVER
 29-10-17,03:15:08,Ch6,T. OVER
 29-10-17,03:16:09,Ch6,T. OVER
 29-10-17,03:17:09,Ch6,T. OVER
 29-10-17,03:18:09,Ch6,T. OVER
 29-10-17,03:19:09,Ch6,T. OVER
 29-10-17,03:20:09,Ch6,T. OVER
 29-10-17,03:21:10,Ch6,T. OVER
 29-10-17,03:22:10,Ch6,T. OVER
 29-10-17,03:23:10,Ch6,T. OVER
 29-10-17,03:24:10,Ch6,T. OVER
 29-10-17,03:25:10,Ch6,T. OVER
 29-10-17,03:26:10,Ch6,T. OVER
 29-10-17,03:27:10,Ch6,T. OVER
 29-10-17,03:28:10,Ch6,T. OVER
 29-10-17,03:29:11,Ch6,T. OVER
 29-10-17,03:30:11,Ch6,T. OVER
 29-10-17,03:31:11,Ch6,T. OVER
 29-10-17,03:32:11,Ch6,T. OVER
 29-10-17,03:33:11,Ch6,T. OVER
 29-10-17,03:34:11,Ch6,T. OVER
 29-10-17,03:35:12,Ch6,T. OVER
 29-10-17,03:36:12,Ch6,T. OVER
 29-10-17,03:37:12,Ch6,T. OVER
 29-10-17,03:38:12,Ch6,T. OVER
 29-10-17,03:39:13,Ch6,T. OVER
 29-10-17,03:40:13,Ch6,T. OVER
 29-10-17,03:41:13,Ch6,T. OVER
 29-10-17,03:42:13,Ch6,T. OVER
 29-10-17,03:43:13,Ch6,T. OVER
 29-10-17,03:44:13,Ch6,T. OVER
 29-10-17,03:45:13,Ch6,T. OVER
 29-10-17,03:46:13,Ch6,T. OVER
 29-10-17,03:47:13,Ch6,T. OVER
 29-10-17,03:48:13,Ch6,T. OVER
 29-10-17,03:49:14,Ch6,T. OVER
 29-10-17,03:50:14,Ch6,T. OVER
 29-10-17,03:51:14,Ch6,T. OVER
 29-10-17,03:52:14,Ch6,T. OVER
 29-10-17,03:53:14,Ch6,T. OVER
 29-10-17,03:54:14,Ch6,T. OVER
 29-10-17,03:55:15,Ch6,T. OVER
 29-10-17,03:56:15,Ch6,T. OVER
 29-10-17,03:57:15,Ch6,T. OVER
 29-10-17,03:58:15,Ch6,T. OVER
 29-10-17,03:59:15,Ch6,T. OVER
 29-10-17,04:00:15,Ch6,T. OVER
 29-10-17,04:01:15,Ch6,T. OVER
 29-10-17,04:02:16,Ch6,T. OVER
 29-10-17,04:03:16,Ch6,T. OVER
 29-10-17,04:04:16,Ch6,T. OVER
 29-10-17,04:05:16,Ch6,T. OVER
 29-10-17,04:06:16,Ch6,T. OVER
 29-10-17,04:07:16,Ch6,T. OVER
 29-10-17,04:08:16,Ch6,T. OVER
 29-10-17,04:09:17,Ch6,T. OVER
 29-10-17,04:10:17,Ch6,T. OVER
 29-10-17,04:11:17,Ch6,T. OVER
 29-10-17,04:12:17,Ch6,T. OVER
 29-10-17,04:13:17,Ch6,T. OVER
 29-10-17,04:14:17,Ch6,T. OVER
 29-10-17,04:15:17,Ch6,T. OVER
 29-10-17,04:16:17,Ch6,T. OVER
 29-10-17,04:17:18,Ch6,T. OVER
 29-10-17,04:18:18,Ch6,T. OVER
 29-10-17,04:19:18,Ch6,T. OVER
 29-10-17,04:20:18,Ch6,T. OVER
 29-10-17,04:21:18,Ch6,T. OVER
 29-10-17,04:22:19,Ch6,T. OVER
 29-10-17,04:23:19,Ch6,T. OVER
 29-10-17,04:24:19,Ch6,T. OVER
 29-10-17,04:25:19,Ch6,T. OVER
 29-10-17,04:26:19,Ch6,T. OVER
 29-10-17,04:27:20,Ch6,T. OVER
 29-10-17,04:28:20,Ch6,T. OVER
 29-10-17,04:29:20,Ch6,T. OVER
 29-10-17,04:30:20,Ch6,T. OVER
 29-10-17,04:31:20,Ch6,T. OVER
 29-10-17,04:32:20,Ch6,T. OVER
 29-10-17,04:33:20,Ch6,T. OVER
 29-10-17,04:34:21,Ch6,T. OVER
 29-10-17,04:35:21,Ch6,T. OVER
 29-10-17,04:36:21,Ch6,T. OVER
 29-10-17,04:37:21,Ch6,T. OVER
 29-10-17,04:38:21,Ch6,T. OVER
 29-10-17,04:39:22,Ch6,T. OVER
 29-10-17,04:40:22,Ch6,T. OVER
 29-10-17,04:41:22,Ch6,T. OVER
 29-10-17,04:42:22,Ch6,T. OVER
 29-10-17,04:43:22,Ch6,T. OVER
 29-10-17,04:44:22,Ch6,T. OVER
 29-10-17,04:45:23,Ch6,T. OVER
 29-10-17,04:46:23,Ch6,T. OVER
 29-10-17,04:47:23,Ch6,T. OVER
 29-10-17,04:48:23,Ch6,T. OVER
 29-10-17,04:49:23,Ch6,T. OVER
 29-10-17,04:50:24,Ch6,T. OVER
 29-10-17,04:51:24,Ch6,T. OVER
 29-10-17,04:52:24,Ch6,T. OVER
 29-10-17,04:53:24,Ch6,T. OVER
 29-10-17,04:54:25,Ch6,T. OVER
 29-10-17,04:55:25,Ch6,T. OVER
 29-10-17,04:56:25,Ch6,T. OVER
 29-10-17,04:57:25,Ch6,T. OVER
 29-10-17,04:58:25,Ch6,T. OVER
 29-10-17,04:59:26,Ch6,T. OVER
 29-10-17,05:00:26,Ch6,T. OVER
 29-10-17,05:01:26,Ch6,T. OVER
 29-10-17,05:02:26,Ch6,T. OVER
 29-10-17,05:03:26,Ch6,T. OVER
 29-10-17,05:04:26,Ch6,T. OVER
 29-10-17,05:05:26,Ch6,T. OVER
 29-10-17,05:06:27,Ch6,T. OVER
 29-10-17,05:07:27,Ch6,T. OVER
 29-10-17,05:08:27,Ch6,T. OVER
 29-10-17,05:09:27,Ch6,T. OVER
 29-10-17,05:10:27,Ch6,T. OVER
 29-10-17,05:11:27,Ch6,T. OVER
 29-10-17,05:12:27,Ch6,T. OVER
 29-10-17,05:13:28,Ch6,T. OVER
 29-10-17,05:14:28,Ch6,T. OVER
 29-10-17,05:15:28,Ch6,T. OVER
 29-10-17,05:16:28,Ch6,T. OVER
 29-10-17,05:17:28,Ch6,T. OVER
 29-10-17,05:18:29,Ch6,T. OVER
 29-10-17,05:19:29,Ch6,T. OVER
 29-10-17,05:20:29,Ch6,T. OVER
 29-10-17,05:21:29,Ch6,T. OVER
 29-10-17,05:22:29,Ch6,T. OVER
 29-10-17,05:23:30,Ch6,T. OVER
 29-10-17,05:24:30,Ch6,T. OVER
 29-10-17,05:25:30,Ch6,T. OVER
 29-10-17,05:26:30,Ch6,T. OVER
 29-10-17,05:27:30,Ch6,T. OVER
 29-10-17,05:28:31,Ch6,T. OVER
 29-10-17,05:29:31,Ch6,T. OVER
 29-10-17,05:30:31,Ch6,T. OVER
 29-10-17,05:31:31,Ch6,T. OVER
 29-10-17,05:32:31,Ch6,T. OVER
 29-10-17,05:33:31,Ch6,T. OVER
 29-10-17,05:34:32,Ch6,T. OVER
 29-10-17,05:35:32,Ch6,T. OVER
 29-10-17,05:36:32,Ch6,T. OVER
 29-10-17,05:37:32,Ch6,T. OVER
 29-10-17,05:38:32,Ch6,T. OVER
 29-10-17,05:39:32,Ch6,T. OVER
 29-10-17,05:40:33,Ch6,T. OVER
 29-10-17,05:41:33,Ch6,T. OVER
 29-10-17,05:42:33,Ch6,T. OVER
 29-10-17,05:43:33,Ch6,T. OVER
 29-10-17,05:44:33,Ch6,T. OVER
 29-10-17,05:45:33,Ch6,T. OVER
 29-10-17,05:46:34,Ch6,T. OVER
 29-10-17,05:47:34,Ch6,T. OVER
 29-10-17,05:48:34,Ch6,T. OVER
 29-10-17,05:49:34,Ch6,T. OVER
 29-10-17,05:50:34,Ch6,T. OVER
 29-10-17,05:51:34,Ch6,T. OVER
 29-10-17,05:52:35,Ch6,T. OVER
 29-10-17,05:53:35,Ch6,T. OVER
 29-10-17,05:54:35,Ch6,T. OVER
 29-10-17,05:55:35,Ch6,T. OVER
 29-10-17,05:56:35,Ch6,T. OVER
 29-10-17,05:57:35,Ch6,T. OVER
 29-10-17,05:58:35,Ch6,T. OVER
 29-10-17,05:59:36,Ch6,T. OVER
 29-10-17,06:00:36,Ch6,T. OVER
 29-10-17,06:01:36,Ch6,T. OVER
 29-10-17,06:02:36,Ch6,T. OVER
 29-10-17,06:03:36,Ch6,T. OVER
 29-10-17,06:04:37,Ch6,T. OVER
 29-10-17,06:05:37,Ch6,T. OVER
 29-10-17,06:06:37,Ch6,T. OVER
 29-10-17,06:07:37,Ch6,T. OVER
 29-10-17,06:08:37,Ch6,T. OVER
 29-10-17,06:09:37,Ch6,T. OVER
 29-10-17,06:10:37,Ch6,T. OVER
 29-10-17,06:11:38,Ch6,T. OVER
 29-10-17,06:12:38,Ch6,T. OVER
 29-10-17,06:13:38,Ch6,T. OVER
 29-10-17,06:14:38,Ch6,T. OVER
 29-10-17,06:15:38,Ch6,T. OVER
 29-10-17,06:16:39,Ch6,T. OVER
 29-10-17,06:17:39,Ch6,T. OVER
 29-10-17,06:18:39,Ch6,T. OVER
 29-10-17,06:19:39,Ch6,T. OVER
 29-10-17,06:20:39,Ch6,T. OVER
 29-10-17,06:21:39,Ch6,T. OVER
 29-10-17,06:22:39,Ch6,T. OVER
 29-10-17,06:23:40,Ch6,T. OVER
 29-10-17,06:24:40,Ch6,T. OVER
 29-10-17,06:25:40,Ch6,T. OVER
 29-10-17,06:26:40,Ch6,T. OVER
 29-10-17,06:27:40,Ch6,T. OVER
 29-10-17,06:28:40,Ch6,T. OVER
 29-10-17,06:29:40,Ch6,T. OVER
 29-10-17,06:30:40,Ch6,T. OVER
 29-10-17,06:31:41,Ch6,T. OVER
 29-10-17,06:32:41,Ch6,T. OVER
 29-10-17,06:33:41,Ch6,T. OVER
 29-10-17,06:34:41,Ch6,T. OVER
 29-10-17,06:35:41,Ch6,T. OVER
 29-10-17,06:36:41,Ch6,T. OVER
 29-10-17,06:37:41,Ch6,T. OVER
 29-10-17,06:38:41,Ch6,T. OVER
 29-10-17,06:39:41,Ch6,T. OVER
 29-10-17,06:40:42,Ch6,T. OVER
 29-10-17,06:41:42,Ch6,T. OVER
 29-10-17,06:42:42,Ch6,T. OVER
 29-10-17,06:43:42,Ch6,T. OVER
 29-10-17,06:44:42,Ch6,T. OVER
 29-10-17,06:45:43,Ch6,T. OVER
 29-10-17,06:46:43,Ch6,T. OVER
 29-10-17,06:47:43,Ch6,T. OVER
 29-10-17,06:48:43,Ch6,T. OVER
 29-10-17,06:49:43,Ch6,T. OVER
 29-10-17,06:50:43,Ch6,T. OVER
 29-10-17,06:51:44,Ch6,T. OVER
 29-10-17,06:52:44,Ch6,T. OVER
 29-10-17,06:53:44,Ch6,T. OVER
 29-10-17,06:54:44,Ch6,T. OVER
 29-10-17,06:55:45,Ch6,T. OVER
 29-10-17,06:56:45,Ch6,T. OVER
 29-10-17,06:57:45,Ch6,T. OVER
 29-10-17,06:58:45,Ch6,T. OVER
 29-10-17,06:59:45,Ch6,T. OVER
 29-10-17,07:00:45,Ch6,T. OVER
 29-10-17,07:01:45,Ch6,T. OVER
 29-10-17,07:02:45,Ch6,T. OVER
 29-10-17,07:03:46,Ch6,T. OVER
 29-10-17,07:04:46,Ch6,T. OVER
 29-10-17,07:05:46,Ch6,T. OVER
 29-10-17,07:06:46,Ch6,T. OVER
 29-10-17,07:07:46,Ch6,T. OVER
 29-10-17,07:08:46,Ch6,T. OVER
 29-10-17,07:09:46,Ch6,T. OVER
 29-10-17,07:10:47,Ch6,T. OVER
 29-10-17,07:11:47,Ch6,T. OVER
 29-10-17,07:12:47,Ch6,T. OVER
 29-10-17,07:13:47,Ch6,T. OVER
 29-10-17,07:14:47,Ch6,T. OVER
 29-10-17,07:15:47,Ch6,T. OVER
 29-10-17,07:16:47,Ch6,T. OVER
 29-10-17,07:17:48,Ch6,T. OVER
 29-10-17,07:18:48,Ch6,T. OVER
 29-10-17,07:19:48,Ch6,T. OVER
 29-10-17,07:20:48,Ch6,T. OVER
 29-10-17,07:21:48,Ch6,T. OVER
 29-10-17,07:22:48,Ch6,T. OVER
 29-10-17,07:23:49,Ch6,T. OVER
 29-10-17,07:24:49,Ch6,T. OVER
 29-10-17,07:25:49,Ch6,T. OVER
 29-10-17,07:26:49,Ch6,T. OVER
 29-10-17,07:27:50,Ch6,T. OVER
 29-10-17,07:28:50,Ch6,T. OVER
 29-10-17,07:29:50,Ch6,T. OVER
 29-10-17,07:30:50,Ch6,T. OVER
 29-10-17,07:31:50,Ch6,T. OVER
 29-10-17,07:32:50,Ch6,T. OVER
 29-10-17,07:33:50,Ch6,T. OVER
 29-10-17,07:34:51,Ch6,T. OVER
 29-10-17,07:35:51,Ch6,T. OVER
 29-10-17,07:36:51,Ch6,T. OVER
 29-10-17,07:37:51,Ch6,T. OVER
 29-10-17,07:38:51,Ch6,T. OVER
 29-10-17,07:39:51,Ch6,T. OVER
 29-10-17,07:40:51,Ch6,T. OVER
 29-10-17,07:41:52,Ch6,T. OVER
 29-10-17,07:42:52,Ch6,T. OVER
 29-10-17,07:43:52,Ch6,T. OVER
 29-10-17,07:44:52,Ch6,T. OVER
 29-10-17,07:45:52,Ch6,T. OVER
 29-10-17,07:46:52,Ch6,T. OVER
 29-10-17,07:47:53,Ch6,T. OVER
 29-10-17,07:48:53,Ch6,T. OVER
 29-10-17,07:49:53,Ch6,T. OVER
 29-10-17,07:50:53,Ch6,T. OVER
 29-10-17,07:51:53,Ch6,T. OVER
 29-10-17,07:52:53,Ch6,T. OVER
 29-10-17,07:53:53,Ch6,T. OVER
 29-10-17,07:54:54,Ch6,T. OVER
 29-10-17,07:55:54,Ch6,T. OVER
 29-10-17,07:56:54,Ch6,T. OVER
 29-10-17,07:57:54,Ch6,T. OVER
 29-10-17,07:58:54,Ch6,T. OVER
 29-10-17,07:59:55,Ch6,T. OVER
 29-10-17,08:00:55,Ch6,T. OVER
 29-10-17,08:01:55,Ch6,T. OVER
 29-10-17,08:02:55,Ch6,T. OVER
 29-10-17,08:03:55,Ch6,T. OVER
 29-10-17,08:04:55,Ch6,T. OVER
 29-10-17,08:05:56,Ch6,T. OVER
 29-10-17,08:06:56,Ch6,T. OVER
 29-10-17,08:07:56,Ch6,T. OVER
 29-10-17,08:08:56,Ch6,T. OVER
 29-10-17,08:09:56,Ch6,T. OVER
 29-10-17,08:10:57,Ch6,T. OVER
 29-10-17,08:11:57,Ch6,T. OVER
 29-10-17,08:12:57,Ch6,T. OVER
 29-10-17,08:13:57,Ch6,T. OVER
 29-10-17,08:14:57,Ch6,T. OVER
 29-10-17,08:15:57,Ch6,T. OVER
 29-10-17,08:16:57,Ch6,T. OVER
 29-10-17,08:17:58,Ch6,T. OVER
 29-10-17,08:18:58,Ch6,T. OVER
 29-10-17,08:19:58,Ch6,T. OVER
 29-10-17,08:20:58,Ch6,T. OVER
 29-10-17,08:21:58,Ch6,T. OVER
 29-10-17,08:22:58,Ch6,T. OVER
 29-10-17,08:23:59,Ch6,T. OVER
 29-10-17,08:24:59,Ch6,T. OVER
 29-10-17,08:25:59,Ch6,T. OVER
 29-10-17,08:26:59,Ch6,T. OVER
 29-10-17,08:27:59,Ch6,T. OVER
 29-10-17,08:29:00,Ch6,T. OVER
 29-10-17,08:30:00,Ch6,T. OVER
 29-10-17,08:31:00,Ch6,T. OVER
 29-10-17,08:32:00,Ch6,T. OVER
 29-10-17,08:33:00,Ch6,T. OVER
 29-10-17,08:34:00,Ch6,T. OVER
 29-10-17,08:35:01,Ch6,T. OVER
 29-10-17,08:36:01,Ch6,T. OVER
 29-10-17,08:37:01,Ch6,T. OVER
 29-10-17,08:38:01,Ch6,T. OVER
 29-10-17,08:39:01,Ch6,T. OVER
 29-10-17,08:40:01,Ch6,T. OVER
 29-10-17,08:41:02,Ch6,T. OVER
 29-10-17,08:42:02,Ch6,T. OVER
 29-10-17,08:43:02,Ch6,T. OVER
 29-10-17,08:44:02,Ch6,T. OVER
 29-10-17,08:45:02,Ch6,T. OVER
 29-10-17,08:46:03,Ch6,T. OVER
 29-10-17,08:47:03,Ch6,T. OVER
 29-10-17,08:48:03,Ch6,T. OVER
 29-10-17,08:49:03,Ch6,T. OVER
 29-10-17,08:50:03,Ch6,T. OVER
 29-10-17,08:51:03,Ch6,T. OVER
 29-10-17,08:52:04,Ch6,T. OVER
 29-10-17,08:53:04,Ch6,T. OVER
 29-10-17,08:54:04,Ch6,T. OVER
 29-10-17,08:55:04,Ch6,T. OVER
 29-10-17,08:56:04,Ch6,T. OVER
 29-10-17,08:57:04,Ch6,T. OVER
 29-10-17,08:58:05,Ch6,T. OVER
 29-10-17,08:59:05,Ch6,T. OVER
 29-10-17,09:00:05,Ch6,T. OVER
 29-10-17,09:01:05,Ch6,T. OVER
 29-10-17,09:02:06,Ch6,T. OVER
 29-10-17,09:03:06,Ch6,T. OVER
 29-10-17,09:04:06,Ch6,T. OVER
 29-10-17,09:05:06,Ch6,T. OVER
 29-10-17,09:06:06,Ch6,T. OVER
 29-10-17,09:07:06,Ch6,T. OVER
 29-10-17,09:08:06,Ch6,T. OVER
 29-10-17,09:09:07,Ch6,T. OVER
 29-10-17,09:10:07,Ch6,T. OVER
 29-10-17,09:11:07,Ch6,T. OVER
 29-10-17,09:12:07,Ch6,T. OVER
 29-10-17,09:13:07,Ch1,VDIF OVL 29-10-17,09:13:07,Ch6,T. OVER
 29-10-17,09:14:08,Ch6,T. OVER
 29-10-17,09:15:08,Ch6,T. OVER
 29-10-17,09:16:08,Ch6,T. OVER
 29-10-17,09:17:08,Ch6,T. OVER
 29-10-17,09:18:08,Ch6,T. OVER
 29-10-17,09:19:09,Ch6,T. OVER
 29-10-17,09:20:09,Ch6,T. OVER
 29-10-17,09:21:09,Ch6,T. OVER
 29-10-17,09:22:09,Ch6,T. OVER
 29-10-17,09:23:09,Ch6,T. OVER
 29-10-17,09:24:09,Ch6,T. OVER
 29-10-17,09:25:09,Ch6,T. OVER
 29-10-17,09:26:10,Ch6,T. OVER
 29-10-17,09:27:10,Ch6,T. OVER
 29-10-17,09:28:10,Ch6,T. OVER
 29-10-17,09:29:10,Ch6,T. OVER
 29-10-17,09:30:10,Ch6,T. OVER
 29-10-17,09:31:10,Ch6,T. OVER
 29-10-17,09:32:11,Ch6,T. OVER
 29-10-17,09:33:11,Ch6,T. OVER
 29-10-17,09:34:11,Ch6,T. OVER
 29-10-17,09:35:11,Ch6,T. OVER
 29-10-17,09:36:11,Ch6,T. OVER
 29-10-17,09:37:11,Ch6,T. OVER
 29-10-17,09:38:12,Ch6,T. OVER
 29-10-17,09:39:12,Ch6,T. OVER
 29-10-17,09:40:12,Ch6,T. OVER
 29-10-17,09:41:12,Ch6,T. OVER
 29-10-17,09:42:12,Ch6,T. OVER
 29-10-17,09:43:12,Ch6,T. OVER
 29-10-17,09:44:12,Ch6,T. OVER
 29-10-17,09:45:13,Ch6,T. OVER
 29-10-17,09:46:13,Ch6,T. OVER
 29-10-17,09:47:13,Ch6,T. OVER
 29-10-17,09:48:13,Ch6,T. OVER
 29-10-17,09:49:13,Ch6,T. OVER
 29-10-17,09:50:13,Ch6,T. OVER
 29-10-17,09:51:14,Ch6,T. OVER
 29-10-17,09:52:14,Ch6,T. OVER
 29-10-17,09:53:14,Ch6,T. OVER
 29-10-17,09:54:14,Ch6,T. OVER
 29-10-17,09:55:14,Ch6,T. OVER
 29-10-17,09:56:15,Ch6,T. OVER
 29-10-17,09:57:15,Ch6,T. OVER
 29-10-17,09:58:15,Ch6,T. OVER
 29-10-17,09:59:15,Ch6,T. OVER
 29-10-17,10:00:15,Ch6,T. OVER
 29-10-17,10:01:15,Ch6,T. OVER
 29-10-17,10:02:16,Ch6,T. OVER
 29-10-17,10:03:16,Ch6,T. OVER
 29-10-17,10:04:16,Ch6,T. OVER
 29-10-17,10:05:16,Ch6,T. OVER
 29-10-17,10:06:16,Ch6,T. OVER
 29-10-17,10:07:16,Ch6,T. OVER
 29-10-17,10:08:16,Ch6,T. OVER
 29-10-17,10:09:17,Ch6,T. OVER
 29-10-17,10:10:17,Ch6,T. OVER
 29-10-17,10:11:17,Ch6,T. OVER
 29-10-17,10:12:17,Ch6,T. OVER
 29-10-17,10:13:17,Ch6,T. OVER
 29-10-17,10:14:17,Ch6,T. OVER
 29-10-17,10:15:17,Ch6,T. OVER
 29-10-17,10:16:18,Ch6,T. OVER
 29-10-17,10:17:18,Ch6,T. OVER
 29-10-17,10:18:18,Ch6,T. OVER
 29-10-17,10:19:18,Ch6,T. OVER
 29-10-17,10:20:18,Ch6,VMIX OVL,VDIF OVL,T. OVER
 29-10-17,10:21:19,Ch6,T. OVER
 29-10-17,10:22:19,Ch6,T. OVER
 29-10-17,10:23:19,Ch6,T. OVER
 29-10-17,10:24:19,Ch6,T. OVER
 29-10-17,10:25:19,Ch6,T. OVER
 29-10-17,10:26:19,Ch6,T. OVER
 29-10-17,10:27:19,Ch6,T. OVER
 29-10-17,10:28:19,Ch6,T. OVER
 29-10-17,10:29:20,Ch6,T. OVER
 29-10-17,10:30:20,Ch6,T. OVER
 29-10-17,10:31:20,Ch6,T. OVER
 29-10-17,10:32:20,Ch6,T. OVER
 29-10-17,10:33:20,Ch6,T. OVER
 29-10-17,10:34:20,Ch6,T. OVER
 29-10-17,10:35:21,Ch6,T. OVER
 29-10-17,10:36:21,Ch6,T. OVER
 29-10-17,10:37:21,Ch6,T. OVER
 29-10-17,10:38:21,Ch6,T. OVER
 29-10-17,10:39:21,Ch6,T. OVER
 29-10-17,10:40:21,Ch6,T. OVER
 29-10-17,10:41:22,Ch6,T. OVER
 29-10-17,10:42:22,Ch6,T. OVER
 29-10-17,10:43:22,Ch6,T. OVER
 29-10-17,10:44:22,Ch6,T. OVER
 29-10-17,10:45:22,Ch6,T. OVER
 29-10-17,10:46:22,Ch6,T. OVER
 29-10-17,10:47:23,Ch6,T. OVER
 29-10-17,10:48:23,Ch6,T. OVER
 29-10-17,10:49:23,Ch6,T. OVER
 29-10-17,10:50:23,Ch6,T. OVER
 29-10-17,10:51:23,Ch6,T. OVER
 29-10-17,10:52:23,Ch6,T. OVER
 29-10-17,10:53:24,Ch6,T. OVER
 29-10-17,10:54:24,Ch6,T. OVER
 29-10-17,10:55:24,Ch6,T. OVER
 29-10-17,10:56:24,Ch6,T. OVER
 29-10-17,10:57:24,Ch6,T. OVER
 29-10-17,10:58:25,Ch6,T. OVER
 29-10-17,10:59:25,Ch6,T. OVER
 29-10-17,11:00:25,Ch6,T. OVER
 29-10-17,11:01:25,Ch6,T. OVER
 29-10-17,11:02:25,Ch6,T. OVER
 29-10-17,11:03:25,Ch6,T. OVER
 29-10-17,11:04:25,Ch6,T. OVER
 29-10-17,11:05:26,Ch6,T. OVER
 29-10-17,11:06:26,Ch6,T. OVER
 29-10-17,11:07:26,Ch6,T. OVER
 29-10-17,11:08:26,Ch6,T. OVER
 29-10-17,11:09:26,Ch6,T. OVER
 29-10-17,11:10:27,Ch6,T. OVER
 29-10-17,11:11:27,Ch6,T. OVER
 29-10-17,11:12:27,Ch6,T. OVER
 29-10-17,11:13:27,Ch6,T. OVER
 29-10-17,11:14:27,Ch6,T. OVER
 29-10-17,11:15:27,Ch6,T. OVER
 29-10-17,11:16:27,Ch6,T. OVER
 29-10-17,11:17:27,Ch6,T. OVER
 29-10-17,11:18:28,Ch6,T. OVER
 29-10-17,11:19:28,Ch6,T. OVER
 29-10-17,11:20:28,Ch6,T. OVER
 29-10-17,11:21:28,Ch6,T. OVER
 29-10-17,11:22:28,Ch6,T. OVER
 29-10-17,11:23:28,Ch6,T. OVER
 29-10-17,11:24:29,Ch6,T. OVER
 29-10-17,11:25:29,Ch6,T. OVER
 29-10-17,11:26:29,Ch6,T. OVER
 29-10-17,11:27:29,Ch6,T. OVER
 29-10-17,11:28:29,Ch1,VDIF OVL 29-10-17,11:28:29,Ch6,T. OVER
 29-10-17,11:29:29,Ch6,T. OVER
 29-10-17,11:30:30,Ch6,T. OVER
 29-10-17,11:31:30,Ch6,T. OVER
 29-10-17,11:32:30,Ch6,T. OVER
 29-10-17,11:33:30,Ch6,T. OVER
 29-10-17,11:34:30,Ch6,T. OVER
 29-10-17,11:35:31,Ch6,T. OVER
 29-10-17,11:36:31,Ch6,T. OVER
 29-10-17,11:37:31,Ch6,T. OVER
 29-10-17,11:38:31,Ch6,T. OVER
 29-10-17,11:39:31,Ch6,T. OVER
 29-10-17,11:40:31,Ch6,T. OVER
 29-10-17,11:41:32,Ch6,T. OVER
 29-10-17,11:42:32,Ch6,T. OVER
 29-10-17,11:43:32,Ch6,T. OVER
 29-10-17,11:44:32,Ch6,T. OVER
 29-10-17,11:45:32,Ch6,T. OVER
 29-10-17,11:46:33,Ch6,T. OVER
 29-10-17,11:47:33,Ch6,T. OVER
 29-10-17,11:48:33,Ch6,T. OVER
 29-10-17,11:49:33,Ch6,T. OVER
 29-10-17,11:50:33,Ch6,T. OVER
 29-10-17,11:51:33,Ch6,T. OVER
 29-10-17,11:52:33,Ch6,T. OVER
 29-10-17,11:53:34,Ch6,T. OVER
 29-10-17,11:54:34,Ch6,T. OVER
 29-10-17,11:55:34,Ch6,T. OVER
 29-10-17,11:56:34,Ch6,T. OVER
 29-10-17,11:57:34,Ch6,T. OVER
 29-10-17,11:58:34,Ch6,T. OVER
 29-10-17,11:59:34,Ch6,T. OVER
 29-10-17,12:00:35,Ch6,T. OVER
 29-10-17,12:01:35,Ch6,T. OVER
 29-10-17,12:02:35,Ch6,T. OVER
 29-10-17,12:03:35,Ch6,T. OVER
 29-10-17,12:04:35,Ch6,T. OVER
 29-10-17,12:05:35,Ch6,T. OVER
 29-10-17,12:06:35,Ch6,T. OVER
 29-10-17,12:07:36,Ch6,T. OVER
 29-10-17,12:08:36,Ch6,T. OVER
 29-10-17,12:09:36,Ch6,T. OVER
 29-10-17,12:10:36,Ch6,T. OVER
 29-10-17,12:11:36,Ch6,T. OVER
 29-10-17,12:12:36,Ch6,T. OVER
 29-10-17,12:13:36,Ch6,T. OVER
 29-10-17,12:14:37,Ch6,T. OVER
 29-10-17,12:15:37,Ch6,T. OVER
 29-10-17,12:16:37,Ch6,T. OVER
 29-10-17,12:17:37,Ch6,T. OVER
 29-10-17,12:18:37,Ch6,T. OVER
 29-10-17,12:19:37,Ch6,T. OVER
 29-10-17,12:20:37,Ch6,T. OVER
 29-10-17,12:21:37,Ch6,T. OVER
 29-10-17,12:22:38,Ch6,T. OVER
 29-10-17,12:23:38,Ch6,T. OVER
 29-10-17,12:24:38,Ch6,T. OVER
 29-10-17,12:25:38,Ch6,T. OVER
 29-10-17,12:26:38,Ch6,T. OVER
 29-10-17,12:27:39,Ch6,T. OVER
 29-10-17,12:28:39,Ch6,T. OVER
 29-10-17,12:29:39,Ch6,T. OVER
 29-10-17,12:30:39,Ch6,T. OVER
 29-10-17,12:31:39,Ch6,T. OVER
 29-10-17,12:32:39,Ch6,T. OVER
 29-10-17,12:33:39,Ch6,T. OVER
 29-10-17,12:34:40,Ch6,T. OVER
 29-10-17,12:35:40,Ch6,T. OVER
 29-10-17,12:36:40,Ch6,T. OVER
 29-10-17,12:37:40,Ch6,VDIF OVL,T. OVER
 29-10-17,12:38:41,Ch6,T. OVER
 29-10-17,12:39:41,Ch6,T. OVER
 29-10-17,12:40:41,Ch6,T. OVER
 29-10-17,12:41:41,Ch6,T. OVER
 29-10-17,12:42:41,Ch6,T. OVER
 29-10-17,12:43:41,Ch6,T. OVER
 29-10-17,12:44:41,Ch6,T. OVER
 29-10-17,12:45:42,Ch6,T. OVER
 29-10-17,12:46:42,Ch6,T. OVER
 29-10-17,12:47:42,Ch6,T. OVER
 29-10-17,12:48:42,Ch6,T. OVER
 29-10-17,12:49:42,Ch6,T. OVER
 29-10-17,12:50:42,Ch6,T. OVER
 29-10-17,12:51:42,Ch6,T. OVER
 29-10-17,12:52:43,Ch6,T. OVER
 29-10-17,12:53:43,Ch6,T. OVER
 29-10-17,12:54:43,Ch6,T. OVER
 29-10-17,12:55:43,Ch6,T. OVER
 29-10-17,12:56:43,Ch6,T. OVER
 29-10-17,12:57:44,Ch6,T. OVER
 29-10-17,12:58:44,Ch6,T. OVER
 29-10-17,12:59:44,Ch6,T. OVER
 29-10-17,13:00:44,Ch6,T. OVER
 29-10-17,13:01:44,Ch6,T. OVER
 29-10-17,13:02:45,Ch6,T. OVER
 29-10-17,13:03:45,Ch6,T. OVER
 29-10-17,13:04:45,Ch6,T. OVER
 29-10-17,13:05:45,Ch6,T. OVER
 29-10-17,13:06:45,Ch6,T. OVER
 29-10-17,13:07:45,Ch6,T. OVER
 29-10-17,13:08:45,Ch6,T. OVER
 29-10-17,13:09:46,Ch6,T. OVER
 29-10-17,13:10:46,Ch6,T. OVER
 29-10-17,13:11:46,Ch6,T. OVER
 29-10-17,13:12:46,Ch6,T. OVER
 29-10-17,13:13:46,Ch6,T. OVER
 29-10-17,13:14:46,Ch6,T. OVER
 29-10-17,13:15:46,Ch6,T. OVER
 29-10-17,13:16:47,Ch6,T. OVER
 29-10-17,13:17:47,Ch6,T. OVER
 29-10-17,13:18:47,Ch6,T. OVER
 29-10-17,13:19:47,Ch6,T. OVER
 29-10-17,13:20:47,Ch6,T. OVER
 29-10-17,13:21:48,Ch6,T. OVER
 29-10-17,13:22:48,Ch6,T. OVER
 29-10-17,13:23:48,Ch6,T. OVER
 29-10-17,13:24:48,Ch6,T. OVER
 29-10-17,13:25:48,Ch6,T. OVER
 29-10-17,13:26:49,Ch6,T. OVER
 29-10-17,13:27:49,Ch6,T. OVER
 29-10-17,13:28:49,Ch6,T. OVER
 29-10-17,13:29:49,Ch6,T. OVER
 29-10-17,13:30:49,Ch6,T. OVER
 29-10-17,13:31:49,Ch6,T. OVER
 29-10-17,13:32:50,Ch6,T. OVER
 29-10-17,13:33:50,Ch6,T. OVER
 29-10-17,13:34:50,Ch6,T. OVER
 29-10-17,13:35:50,Ch6,T. OVER
 29-10-17,13:36:50,Ch6,T. OVER
 29-10-17,13:37:51,Ch6,T. OVER
 29-10-17,13:38:51,Ch6,T. OVER
 29-10-17,13:39:51,Ch6,T. OVER
 29-10-17,13:40:51,Ch6,T. OVER
 29-10-17,13:41:51,Ch6,T. OVER
 29-10-17,13:42:51,Ch6,T. OVER
 29-10-17,13:43:51,Ch6,T. OVER
 29-10-17,13:44:52,Ch6,T. OVER
 29-10-17,13:45:52,Ch6,T. OVER
 29-10-17,13:46:52,Ch6,T. OVER
 29-10-17,13:47:52,Ch6,T. OVER
 29-10-17,13:48:52,Ch6,T. OVER
 29-10-17,13:49:53,Ch6,T. OVER
 29-10-17,13:50:53,Ch6,T. OVER
 29-10-17,13:51:53,Ch6,T. OVER
 29-10-17,13:52:53,Ch6,T. OVER
 29-10-17,13:53:53,Ch6,T. OVER
 29-10-17,13:54:53,Ch6,T. OVER
 29-10-17,13:55:54,Ch6,T. OVER
 29-10-17,13:56:54,Ch6,T. OVER
 29-10-17,13:57:54,Ch6,T. OVER
 29-10-17,13:58:54,Ch6,T. OVER
 29-10-17,13:59:54,Ch6,T. OVER
 29-10-17,14:00:54,Ch6,T. OVER
 29-10-17,14:01:55,Ch6,T. OVER
 29-10-17,14:02:55,Ch6,T. OVER
 29-10-17,14:03:55,Ch6,T. OVER
 29-10-17,14:04:55,Ch6,T. OVER
 29-10-17,14:05:55,Ch6,T. OVER
 29-10-17,14:06:55,Ch6,T. OVER
 29-10-17,14:07:56,Ch6,T. OVER
 29-10-17,14:08:56,Ch6,T. OVER
 29-10-17,14:09:56,Ch6,T. OVER
 29-10-17,14:10:56,Ch6,T. OVER
 29-10-17,14:11:56,Ch6,T. OVER
 29-10-17,14:12:57,Ch6,T. OVER
 29-10-17,14:13:57,Ch6,T. OVER
 29-10-17,14:14:57,Ch6,T. OVER
 29-10-17,14:15:57,Ch6,T. OVER
 29-10-17,14:16:57,Ch6,T. OVER
 29-10-17,14:17:57,Ch6,T. OVER
 29-10-17,14:18:57,Ch6,T. OVER
 29-10-17,14:19:58,Ch6,T. OVER
 29-10-17,14:20:58,Ch6,T. OVER
 29-10-17,14:21:58,Ch6,T. OVER
 29-10-17,14:22:58,Ch6,T. OVER
 29-10-17,14:23:58,Ch6,T. OVER
 29-10-17,14:24:59,Ch6,T. OVER
 29-10-17,14:25:59,Ch6,T. OVER
 29-10-17,14:26:59,Ch6,T. OVER
 29-10-17,14:27:59,Ch6,T. OVER
 29-10-17,14:28:59,Ch6,T. OVER
 29-10-17,14:30:00,Ch6,T. OVER
 29-10-17,14:31:00,Ch6,T. OVER
 29-10-17,14:32:00,Ch6,T. OVER
 29-10-17,14:33:00,Ch6,T. OVER
 29-10-17,14:34:00,Ch6,T. OVER
 29-10-17,14:35:00,Ch6,T. OVER
 29-10-17,14:36:01,Ch6,T. OVER
 29-10-17,14:37:01,Ch6,T. OVER
 29-10-17,14:38:01,Ch6,T. OVER
 29-10-17,14:39:01,Ch6,T. OVER
 29-10-17,14:40:01,Ch6,T. OVER
 29-10-17,14:41:01,Ch6,T. OVER
 29-10-17,14:42:02,Ch6,T. OVER
 29-10-17,14:43:02,Ch6,T. OVER
 29-10-17,14:44:02,Ch6,T. OVER
 29-10-17,14:45:02,Ch6,T. OVER
 29-10-17,14:46:02,Ch6,T. OVER
 29-10-17,14:47:02,Ch6,T. OVER
 29-10-17,14:48:03,Ch6,T. OVER
 29-10-17,14:49:03,Ch6,T. OVER
 29-10-17,14:50:03,Ch6,T. OVER
 29-10-17,14:51:03,Ch6,T. OVER
 29-10-17,14:52:03,Ch6,T. OVER
 29-10-17,14:53:03,Ch6,T. OVER
 29-10-17,14:54:04,Ch6,T. OVER
 29-10-17,14:55:04,Ch6,T. OVER
 29-10-17,14:56:04,Ch6,T. OVER
 29-10-17,14:57:04,Ch6,T. OVER
 29-10-17,14:58:04,Ch6,T. OVER
 29-10-17,14:59:04,Ch6,T. OVER
 29-10-17,15:00:05,Ch6,T. OVER
 29-10-17,15:01:05,Ch6,T. OVER
 29-10-17,15:02:05,Ch6,T. OVER
 29-10-17,15:03:05,Ch6,T. OVER
 29-10-17,15:04:05,Ch6,T. OVER
 29-10-17,15:05:05,Ch6,T. OVER
 29-10-17,15:06:05,Ch6,T. OVER
 29-10-17,15:07:06,Ch6,T. OVER
 29-10-17,15:08:06,Ch6,T. OVER
 29-10-17,15:09:06,Ch6,T. OVER
 29-10-17,15:10:06,Ch6,T. OVER
 29-10-17,15:11:06,Ch6,T. OVER
 29-10-17,15:12:07,Ch6,T. OVER
 29-10-17,15:13:07,Ch6,T. OVER
 29-10-17,15:14:07,Ch6,T. OVER
 29-10-17,15:15:07,Ch6,T. OVER
 29-10-17,15:16:07,Ch6,T. OVER
 29-10-17,15:17:07,Ch6,T. OVER
 29-10-17,15:18:07,Ch6,T. OVER
 29-10-17,15:19:07,Ch6,T. OVER
 29-10-17,15:20:08,Ch6,T. OVER
 29-10-17,15:21:08,Ch6,T. OVER
 29-10-17,15:22:08,Ch6,T. OVER
 29-10-17,15:23:08,Ch6,T. OVER
 29-10-17,15:24:08,Ch6,T. OVER
 29-10-17,15:25:08,Ch6,T. OVER
 29-10-17,15:26:09,Ch6,T. OVER
 29-10-17,15:27:09,Ch6,T. OVER
 29-10-17,15:28:09,Ch6,T. OVER
 29-10-17,15:29:09,Ch6,T. OVER
 29-10-17,15:30:09,Ch6,T. OVER
 29-10-17,15:31:10,Ch6,T. OVER
 29-10-17,15:32:10,Ch6,T. OVER
 29-10-17,15:33:10,Ch6,T. OVER
 29-10-17,15:34:10,Ch6,T. OVER
 29-10-17,15:35:10,Ch6,T. OVER
 29-10-17,15:36:10,Ch6,T. OVER
 29-10-17,15:37:10,Ch6,T. OVER
 29-10-17,15:38:11,Ch6,T. OVER
 29-10-17,15:39:11,Ch6,T. OVER
 29-10-17,15:40:11,Ch6,T. OVER
 29-10-17,15:41:11,Ch6,T. OVER
 29-10-17,15:42:11,Ch6,T. OVER
 29-10-17,15:43:11,Ch6,T. OVER
 29-10-17,15:44:12,Ch6,T. OVER
 29-10-17,15:45:12,Ch6,T. OVER
 29-10-17,15:46:12,Ch6,T. OVER
 29-10-17,15:47:12,Ch6,T. OVER
 29-10-17,15:48:12,Ch6,T. OVER
 29-10-17,15:49:12,Ch6,T. OVER
 29-10-17,15:50:13,Ch6,T. OVER
 29-10-17,15:51:13,Ch6,T. OVER
 29-10-17,15:52:13,Ch6,T. OVER
 29-10-17,15:53:13,Ch6,T. OVER
 29-10-17,15:54:13,Ch6,T. OVER
 29-10-17,15:55:13,Ch6,T. OVER
 29-10-17,15:56:13,Ch6,T. OVER
 29-10-17,15:57:13,Ch6,T. OVER
 29-10-17,15:58:13,Ch6,T. OVER
 29-10-17,15:59:13,Ch6,T. OVER
 29-10-17,16:00:13,Ch6,T. OVER
 29-10-17,16:01:14,Ch6,T. OVER
 29-10-17,16:02:14,Ch6,T. OVER
 29-10-17,16:03:14,Ch6,T. OVER
 29-10-17,16:04:14,Ch6,T. OVER
 29-10-17,16:05:15,Ch6,T. OVER
 29-10-17,16:06:15,Ch6,T. OVER
 29-10-17,16:07:15,Ch6,T. OVER
 29-10-17,16:08:15,Ch6,T. OVER
 29-10-17,16:09:15,Ch6,T. OVER
 29-10-17,16:10:15,Ch6,T. OVER
 29-10-17,16:11:16,Ch6,T. OVER
 29-10-17,16:12:16,Ch6,T. OVER
 29-10-17,16:13:16,Ch6,T. OVER
 29-10-17,16:14:16,Ch6,T. OVER
 29-10-17,16:15:16,Ch6,T. OVER
 29-10-17,16:16:16,Ch6,T. OVER
 29-10-17,16:17:17,Ch6,T. OVER
 29-10-17,16:18:17,Ch6,T. OVER
 29-10-17,16:19:17,Ch6,T. OVER
 29-10-17,16:20:17,Ch6,T. OVER
 29-10-17,16:21:17,Ch6,T. OVER
 29-10-17,16:22:17,Ch6,T. OVER
 29-10-17,16:23:17,Ch6,T. OVER
 29-10-17,16:24:18,Ch6,T. OVER
 29-10-17,16:25:18,Ch6,T. OVER
 29-10-17,16:26:18,Ch6,T. OVER
 29-10-17,16:27:18,Ch6,T. OVER
 29-10-17,16:28:18,Ch6,T. OVER
 29-10-17,16:29:18,Ch6,T. OVER
 29-10-17,16:30:18,Ch6,T. OVER
 29-10-17,16:31:18,Ch6,T. OVER
 29-10-17,16:32:19,Ch6,T. OVER
 29-10-17,16:33:19,Ch6,T. OVER
 29-10-17,16:34:19,Ch6,T. OVER
 29-10-17,16:35:19,Ch6,T. OVER
 29-10-17,16:36:19,Ch6,T. OVER
 29-10-17,16:37:19,Ch6,T. OVER
 29-10-17,16:38:20,Ch6,T. OVER
 29-10-17,16:39:20,Ch6,T. OVER
 29-10-17,16:40:20,Ch6,T. OVER
 29-10-17,16:41:20,Ch6,T. OVER
 29-10-17,16:42:20,Ch6,T. OVER
 29-10-17,16:43:20,Ch6,T. OVER
 29-10-17,16:44:20,Ch6,T. OVER
 29-10-17,16:45:21,Ch6,T. OVER
 29-10-17,16:46:21,Ch6,T. OVER
 29-10-17,16:47:21,Ch6,T. OVER
 29-10-17,16:48:21,Ch6,T. OVER
 29-10-17,16:49:21,Ch6,T. OVER
 29-10-17,16:50:21,Ch6,T. OVER
 29-10-17,16:51:22,Ch6,T. OVER
 29-10-17,16:52:22,Ch6,T. OVER
 29-10-17,16:53:22,Ch6,T. OVER
 29-10-17,16:54:22,Ch6,T. OVER
 29-10-17,16:55:22,Ch6,T. OVER
 29-10-17,16:56:22,Ch6,T. OVER
 29-10-17,16:57:23,Ch6,T. OVER
 29-10-17,16:58:23,Ch6,T. OVER
 29-10-17,16:59:23,Ch6,T. OVER
 29-10-17,17:00:23,Ch6,T. OVER
 29-10-17,17:01:23,Ch6,T. OVER
 29-10-17,17:02:23,Ch6,T. OVER
 29-10-17,17:03:23,Ch6,T. OVER
 29-10-17,17:04:23,Ch6,T. OVER
 29-10-17,17:05:24,Ch6,T. OVER
 29-10-17,17:06:24,Ch6,T. OVER
 29-10-17,17:07:24,Ch6,T. OVER
 29-10-17,17:08:24,Ch6,VMIX OVL,VDIF OVL,T. OVER
 29-10-17,17:09:24,Ch6,T. OVER
 29-10-17,17:10:24,Ch6,T. OVER
 29-10-17,17:11:24,Ch6,T. OVER
 29-10-17,17:12:25,Ch6,T. OVER
 29-10-17,17:13:25,Ch6,T. OVER
 29-10-17,17:14:25,Ch6,T. OVER
 29-10-17,17:15:25,Ch6,T. OVER
 29-10-17,17:16:26,Ch6,T. OVER
 29-10-17,17:17:26,Ch6,T. OVER
 29-10-17,17:18:26,Ch6,T. OVER
 29-10-17,17:19:26,Ch6,T. OVER
 29-10-17,17:20:26,Ch6,T. OVER
 29-10-17,17:21:27,Ch6,T. OVER
 29-10-17,17:22:27,Ch6,T. OVER
 29-10-17,17:23:27,Ch6,T. OVER
 29-10-17,17:24:27,Ch6,T. OVER
 29-10-17,17:25:27,Ch6,T. OVER
 29-10-17,17:26:27,Ch6,T. OVER
 29-10-17,17:27:27,Ch6,T. OVER
 29-10-17,17:28:27,Ch6,T. OVER
 29-10-17,17:29:28,Ch6,T. OVER
 29-10-17,17:30:28,Ch6,T. OVER
 29-10-17,17:31:28,Ch6,T. OVER
 29-10-17,17:32:28,Ch6,T. OVER
 29-10-17,17:33:28,Ch6,T. OVER
 29-10-17,17:34:28,Ch6,T. OVER
 29-10-17,17:35:29,Ch6,T. OVER
 29-10-17,17:36:29,Ch6,T. OVER
 29-10-17,17:37:29,Ch6,T. OVER
 29-10-17,17:38:29,Ch6,T. OVER
 29-10-17,17:39:29,Ch6,T. OVER
 29-10-17,17:40:29,Ch6,T. OVER
 29-10-17,17:41:30,Ch6,T. OVER
 29-10-17,17:42:30,Ch6,T. OVER
 29-10-17,17:43:30,Ch6,T. OVER
 29-10-17,17:44:30,Ch6,T. OVER
 29-10-17,17:45:31,Ch6,T. OVER
 29-10-17,17:46:31,Ch6,T. OVER
 29-10-17,17:47:31,Ch6,T. OVER
 29-10-17,17:48:31,Ch6,T. OVER
 29-10-17,17:49:31,Ch6,T. OVER
 29-10-17,17:50:32,Ch6,T. OVER
 29-10-17,17:51:32,Ch6,T. OVER
 29-10-17,17:52:32,Ch6,T. OVER
 29-10-17,17:53:32,Ch6,T. OVER
 29-10-17,17:54:32,Ch6,T. OVER
 29-10-17,17:55:32,Ch6,T. OVER
 29-10-17,17:56:33,Ch6,T. OVER
 29-10-17,17:57:33,Ch6,T. OVER
 29-10-17,17:58:33,Ch6,T. OVER
 29-10-17,17:59:33,Ch6,T. OVER
 29-10-17,18:00:33,Ch6,T. OVER
 29-10-17,18:01:33,Ch6,T. OVER
 29-10-17,18:02:33,Ch6,T. OVER
 29-10-17,18:03:34,Ch6,T. OVER
 29-10-17,18:04:34,Ch6,T. OVER
 29-10-17,18:05:34,Ch6,T. OVER
 29-10-17,18:06:34,Ch6,T. OVER
 29-10-17,18:07:34,Ch6,T. OVER
 29-10-17,18:08:34,Ch6,T. OVER
 29-10-17,18:09:35,Ch6,T. OVER
 29-10-17,18:10:35,Ch6,T. OVER
 29-10-17,18:11:35,Ch6,T. OVER
 29-10-17,18:12:35,Ch6,T. OVER
 29-10-17,18:13:35,Ch6,T. OVER
 29-10-17,18:14:35,Ch6,T. OVER
 29-10-17,18:15:35,Ch6,T. OVER
 29-10-17,18:16:36,Ch6,T. OVER
 29-10-17,18:17:36,Ch6,T. OVER
 29-10-17,18:18:36,Ch6,T. OVER
 29-10-17,18:19:36,Ch6,T. OVER
 29-10-17,18:20:37,Ch6,T. OVER
 29-10-17,18:21:37,Ch6,T. OVER
 29-10-17,18:22:37,Ch6,T. OVER
 29-10-17,18:23:37,Ch6,T. OVER
 29-10-17,18:24:37,Ch6,T. OVER
 29-10-17,18:25:37,Ch6,T. OVER
 29-10-17,18:26:38,Ch6,T. OVER
 29-10-17,18:27:38,Ch6,T. OVER
 29-10-17,18:28:38,Ch6,T. OVER
 29-10-17,18:29:38,Ch6,T. OVER
 29-10-17,18:30:38,Ch6,T. OVER
 29-10-17,18:31:39,Ch6,T. OVER
 29-10-17,18:32:39,Ch6,T. OVER
 29-10-17,18:33:39,Ch6,T. OVER
 29-10-17,18:34:39,Ch6,T. OVER
 29-10-17,18:35:39,Ch6,T. OVER
 29-10-17,18:36:40,Ch6,T. OVER
 29-10-17,18:37:40,Ch6,T. OVER
 29-10-17,18:38:40,Ch6,T. OVER
 29-10-17,18:39:40,Ch6,T. OVER
 29-10-17,18:40:40,Ch6,T. OVER
 29-10-17,18:41:40,Ch6,T. OVER
 29-10-17,18:42:40,Ch6,T. OVER
 29-10-17,18:43:41,Ch6,T. OVER
 29-10-17,18:44:41,Ch6,T. OVER
 29-10-17,18:45:41,Ch6,T. OVER
 29-10-17,18:46:41,Ch6,T. OVER
 29-10-17,18:47:41,Ch6,T. OVER
 29-10-17,18:48:41,Ch6,T. OVER
 29-10-17,18:49:42,Ch6,T. OVER
 29-10-17,18:50:42,Ch6,T. OVER
 29-10-17,18:51:42,Ch6,T. OVER
 29-10-17,18:52:42,Ch6,T. OVER
 29-10-17,18:53:42,Ch6,T. OVER
 29-10-17,18:54:42,Ch6,T. OVER
 29-10-17,18:55:43,Ch6,T. OVER
 29-10-17,18:56:43,Ch6,T. OVER
 29-10-17,18:57:43,Ch6,T. OVER
 29-10-17,18:58:43,Ch6,T. OVER
 29-10-17,18:59:43,Ch6,T. OVER
 29-10-17,19:00:43,Ch6,T. OVER
 29-10-17,19:01:43,Ch6,T. OVER
 29-10-17,19:02:44,Ch6,T. OVER
 29-10-17,19:03:44,Ch6,T. OVER
 29-10-17,19:04:44,Ch6,T. OVER
 29-10-17,19:05:44,Ch6,T. OVER
 29-10-17,19:06:44,Ch6,T. OVER
 29-10-17,19:07:45,Ch6,T. OVER
 29-10-17,19:08:45,Ch6,T. OVER
 29-10-17,19:09:45,Ch6,T. OVER
 29-10-17,19:10:45,Ch6,T. OVER
 29-10-17,19:11:45,Ch6,T. OVER
 29-10-17,19:12:45,Ch6,T. OVER
 29-10-17,19:13:46,Ch6,T. OVER
 29-10-17,19:14:46,Ch6,T. OVER
 29-10-17,19:15:46,Ch6,T. OVER
 29-10-17,19:16:46,Ch6,T. OVER
 29-10-17,19:17:46,Ch6,T. OVER
 29-10-17,19:18:46,Ch6,T. OVER
 29-10-17,19:19:46,Ch6,T. OVER
 29-10-17,19:20:46,Ch6,T. OVER
 29-10-17,19:21:47,Ch6,T. OVER
 29-10-17,19:22:47,Ch6,T. OVER
 29-10-17,19:23:47,Ch6,T. OVER
 29-10-17,19:24:47,Ch6,T. OVER
 29-10-17,19:25:47,Ch6,T. OVER
 29-10-17,19:26:47,Ch6,T. OVER
 29-10-17,19:27:47,Ch6,T. OVER
 29-10-17,19:28:47,Ch6,T. OVER
 29-10-17,19:29:48,Ch6,T. OVER
 29-10-17,19:30:48,Ch6,T. OVER
 29-10-17,19:31:48,Ch6,T. OVER
 29-10-17,19:32:48,Ch6,T. OVER
 29-10-17,19:33:48,Ch6,T. OVER
 29-10-17,19:34:49,Ch6,T. OVER
 29-10-17,19:35:49,Ch6,T. OVER
 29-10-17,19:36:49,Ch6,T. OVER
 29-10-17,19:37:49,Ch6,T. OVER
 29-10-17,19:38:49,Ch6,T. OVER
 29-10-17,19:39:50,Ch6,T. OVER
 29-10-17,19:40:50,Ch6,T. OVER
 29-10-17,19:41:50,Ch6,T. OVER
 29-10-17,19:42:50,Ch6,T. OVER
 29-10-17,19:43:50,Ch6,T. OVER
 29-10-17,19:44:50,Ch6,T. OVER
 29-10-17,19:45:50,Ch6,T. OVER
 29-10-17,19:46:50,Ch6,T. OVER
 29-10-17,19:47:51,Ch6,T. OVER
 29-10-17,19:48:51,Ch6,T. OVER
 29-10-17,19:49:51,Ch6,T. OVER
 29-10-17,19:50:51,Ch6,T. OVER
 29-10-17,19:51:51,Ch6,T. OVER
 29-10-17,19:52:51,Ch6,T. OVER
 29-10-17,19:53:52,Ch6,T. OVER
 29-10-17,19:54:52,Ch6,T. OVER
 29-10-17,19:55:52,Ch6,T. OVER
 29-10-17,19:56:52,Ch6,T. OVER
 29-10-17,19:57:52,Ch6,T. OVER
 29-10-17,19:58:52,Ch6,T. OVER
 29-10-17,19:59:52,Ch6,T. OVER
 29-10-17,20:00:53,Ch6,T. OVER
 29-10-17,20:01:53,Ch6,T. OVER
 29-10-17,20:02:53,Ch6,T. OVER
 29-10-17,20:03:53,Ch6,T. OVER
 29-10-17,20:04:53,Ch6,T. OVER
 29-10-17,20:05:53,Ch6,T. OVER
 29-10-17,20:06:53,Ch6,T. OVER
 29-10-17,20:07:54,Ch6,T. OVER
 29-10-17,20:08:54,Ch6,T. OVER
 29-10-17,20:09:54,Ch6,T. OVER
 29-10-17,20:10:54,Ch6,T. OVER
 29-10-17,20:11:54,Ch6,T. OVER
 29-10-17,20:12:54,Ch6,T. OVER
 29-10-17,20:13:55,Ch6,T. OVER
 29-10-17,20:14:55,Ch6,T. OVER
 29-10-17,20:15:55,Ch6,T. OVER
 29-10-17,20:16:55,Ch6,T. OVER
 29-10-17,20:17:55,Ch6,T. OVER
 29-10-17,20:18:55,Ch6,T. OVER
 29-10-17,20:19:56,Ch6,T. OVER
 29-10-17,20:20:56,Ch6,T. OVER
 29-10-17,20:21:56,Ch6,T. OVER
 29-10-17,20:22:56,Ch6,T. OVER
 29-10-17,20:23:56,Ch6,T. OVER
 29-10-17,20:24:56,Ch6,T. OVER
 29-10-17,20:25:57,Ch6,T. OVER
 29-10-17,20:26:57,Ch6,T. OVER
 29-10-17,20:27:57,Ch6,T. OVER
 29-10-17,20:28:57,Ch6,T. OVER
 29-10-17,20:29:57,Ch6,T. OVER
 29-10-17,20:30:57,Ch6,T. OVER
 29-10-17,20:31:58,Ch6,T. OVER
 29-10-17,20:32:58,Ch6,T. OVER
 29-10-17,20:33:58,Ch6,T. OVER
 29-10-17,20:34:58,Ch6,T. OVER
 29-10-17,20:35:58,Ch6,T. OVER
 29-10-17,20:36:58,Ch6,T. OVER
 29-10-17,20:37:58,Ch6,T. OVER
 29-10-17,20:38:59,Ch6,T. OVER
 29-10-17,20:39:59,Ch6,T. OVER
 29-10-17,20:40:59,Ch6,T. OVER
 29-10-17,20:41:59,Ch6,T. OVER
 29-10-17,20:42:59,Ch6,T. OVER
 29-10-17,20:43:59,Ch6,T. OVER
 29-10-17,20:45:00,Ch6,T. OVER
 29-10-17,20:46:00,Ch6,T. OVER
 29-10-17,20:47:00,Ch6,T. OVER
 29-10-17,20:48:00,Ch6,T. OVER
 29-10-17,20:49:00,Ch6,T. OVER
 29-10-17,20:50:00,Ch6,T. OVER
 29-10-17,20:51:01,Ch6,T. OVER
 29-10-17,20:52:01,Ch6,T. OVER
 29-10-17,20:53:01,Ch6,T. OVER
 29-10-17,20:54:01,Ch6,T. OVER
 29-10-17,20:55:01,Ch6,T. OVER
 29-10-17,20:56:01,Ch6,T. OVER
 29-10-17,20:57:02,Ch6,T. OVER
 29-10-17,20:58:02,Ch6,T. OVER
 29-10-17,20:59:02,Ch6,T. OVER
 29-10-17,21:00:02,Ch6,T. OVER
 29-10-17,21:01:02,Ch6,T. OVER
 29-10-17,21:02:02,Ch6,T. OVER
 29-10-17,21:03:03,Ch6,T. OVER
 29-10-17,21:04:03,Ch6,T. OVER
 29-10-17,21:05:03,Ch6,T. OVER
 29-10-17,21:06:03,Ch6,T. OVER
 29-10-17,21:07:03,Ch6,T. OVER
 29-10-17,21:08:03,Ch6,T. OVER
 29-10-17,21:09:03,Ch6,T. OVER
 29-10-17,21:10:04,Ch6,T. OVER
 29-10-17,21:11:04,Ch6,T. OVER
 29-10-17,21:12:04,Ch6,T. OVER
 29-10-17,21:13:04,Ch6,T. OVER
 29-10-17,21:14:04,Ch6,T. OVER
 29-10-17,21:15:05,Ch6,T. OVER
 29-10-17,21:16:05,Ch6,T. OVER
 29-10-17,21:17:05,Ch6,T. OVER
 29-10-17,21:18:05,Ch6,T. OVER
 29-10-17,21:19:05,Ch6,T. OVER
 29-10-17,21:20:05,Ch6,T. OVER
 29-10-17,21:21:06,Ch6,T. OVER
 29-10-17,21:22:06,Ch6,T. OVER
 29-10-17,21:23:06,Ch6,T. OVER
 29-10-17,21:24:06,Ch6,T. OVER
 29-10-17,21:25:06,Ch6,T. OVER
 29-10-17,21:26:06,Ch6,T. OVER
 29-10-17,21:27:07,Ch6,T. OVER
 29-10-17,21:28:07,Ch6,T. OVER
 29-10-17,21:29:07,Ch6,T. OVER
 29-10-17,21:30:07,Ch6,T. OVER
 29-10-17,21:31:07,Ch6,T. OVER
 29-10-17,21:32:07,Ch6,T. OVER
 29-10-17,21:33:08,Ch6,T. OVER
 29-10-17,21:34:08,Ch6,T. OVER
 29-10-17,21:35:08,Ch6,VMIX OVL,VDIF OVL,T. OVER
 29-10-17,21:36:08,Ch6,T. OVER
 29-10-17,21:37:08,Ch6,T. OVER
 29-10-17,21:38:09,Ch6,T. OVER
 29-10-17,21:39:09,Ch6,T. OVER
 29-10-17,21:40:09,Ch6,T. OVER
 29-10-17,21:41:09,Ch6,T. OVER
 29-10-17,21:42:09,Ch6,T. OVER
 29-10-17,21:43:09,Ch6,T. OVER
 29-10-17,21:44:09,Ch6,T. OVER
 29-10-17,21:45:10,Ch6,T. OVER
 29-10-17,21:46:10,Ch6,T. OVER
 29-10-17,21:47:10,Ch6,T. OVER
 29-10-17,21:48:10,Ch6,T. OVER
 29-10-17,21:49:10,Ch6,T. OVER
 29-10-17,21:50:11,Ch6,T. OVER
 29-10-17,21:51:11,Ch6,T. OVER
 29-10-17,21:52:11,Ch6,T. OVER
 29-10-17,21:53:11,Ch6,T. OVER
 29-10-17,21:54:11,Ch6,T. OVER
 29-10-17,21:55:11,Ch6,T. OVER
 29-10-17,21:56:11,Ch6,T. OVER
 29-10-17,21:57:12,Ch6,T. OVER
 29-10-17,21:58:12,Ch6,T. OVER
 29-10-17,21:59:12,Ch6,T. OVER
 29-10-17,22:00:12,Ch6,T. OVER
 29-10-17,22:01:12,Ch6,T. OVER
 29-10-17,22:02:12,Ch6,T. OVER
 29-10-17,22:03:13,Ch6,T. OVER
 29-10-17,22:04:13,Ch6,T. OVER
 29-10-17,22:05:13,Ch6,T. OVER
 29-10-17,22:06:13,Ch6,T. OVER
 29-10-17,22:07:13,Ch6,T. OVER
 29-10-17,22:08:14,Ch6,T. OVER
 29-10-17,22:09:14,Ch6,T. OVER
 29-10-17,22:10:14,Ch6,T. OVER
 29-10-17,22:11:14,Ch6,T. OVER
 29-10-17,22:12:14,Ch6,T. OVER
 29-10-17,22:13:14,Ch6,T. OVER
 29-10-17,22:14:14,Ch6,T. OVER
 29-10-17,22:15:15,Ch6,T. OVER
 29-10-17,22:16:15,Ch6,T. OVER
 29-10-17,22:17:15,Ch6,T. OVER
 29-10-17,22:18:15,Ch6,T. OVER
 29-10-17,22:19:15,Ch6,T. OVER
 29-10-17,22:20:16,Ch6,T. OVER
 29-10-17,22:21:16,Ch6,T. OVER
 29-10-17,22:22:16,Ch6,T. OVER
 29-10-17,22:23:16,Ch6,T. OVER
 29-10-17,22:24:16,Ch6,T. OVER
 29-10-17,22:25:17,Ch6,T. OVER
 29-10-17,22:26:17,Ch6,T. OVER
 29-10-17,22:27:17,Ch6,T. OVER
 29-10-17,22:28:17,Ch6,T. OVER
 29-10-17,22:29:17,Ch6,T. OVER
 29-10-17,22:30:17,Ch6,T. OVER
 29-10-17,22:31:17,Ch6,T. OVER
 29-10-17,22:32:18,Ch6,T. OVER
 29-10-17,22:33:18,Ch6,T. OVER
 29-10-17,22:34:18,Ch6,T. OVER
 29-10-17,22:35:18,Ch6,T. OVER
 29-10-17,22:36:18,Ch6,T. OVER
 29-10-17,22:37:18,Ch6,T. OVER
 29-10-17,22:38:19,Ch6,T. OVER
 29-10-17,22:39:19,Ch6,T. OVER
 29-10-17,22:40:19,Ch6,T. OVER
 29-10-17,22:41:19,Ch6,T. OVER
 29-10-17,22:42:19,Ch6,T. OVER
 29-10-17,22:43:19,Ch6,T. OVER
 29-10-17,22:44:20,Ch6,T. OVER
 29-10-17,22:45:20,Ch6,T. OVER
 29-10-17,22:46:20,Ch6,T. OVER
 29-10-17,22:47:20,Ch6,T. OVER
 29-10-17,22:48:21,Ch6,T. OVER
 29-10-17,22:49:21,Ch6,T. OVER
 29-10-17,22:50:21,Ch6,T. OVER
 29-10-17,22:51:21,Ch6,T. OVER
 29-10-17,22:52:21,Ch6,T. OVER
 29-10-17,22:53:21,Ch6,T. OVER
 29-10-17,22:54:21,Ch6,T. OVER
 29-10-17,22:55:21,Ch6,T. OVER
 29-10-17,22:56:22,Ch6,T. OVER
 29-10-17,22:57:22,Ch6,T. OVER
 29-10-17,22:58:22,Ch6,T. OVER
 29-10-17,22:59:22,Ch6,T. OVER
 29-10-17,23:00:22,Ch6,T. OVER
 29-10-17,23:01:23,Ch6,T. OVER
 29-10-17,23:02:23,Ch6,T. OVER
 29-10-17,23:03:23,Ch6,T. OVER
 29-10-17,23:04:23,Ch6,T. OVER
 29-10-17,23:05:23,Ch6,T. OVER
 29-10-17,23:06:24,Ch6,T. OVER
 29-10-17,23:07:24,Ch6,T. OVER
 29-10-17,23:08:24,Ch6,T. OVER
 29-10-17,23:09:24,Ch6,T. OVER
 29-10-17,23:10:24,Ch6,T. OVER
 29-10-17,23:11:24,Ch6,T. OVER
 29-10-17,23:12:24,Ch6,T. OVER
 29-10-17,23:13:24,Ch6,T. OVER
 29-10-17,23:14:25,Ch6,T. OVER
 29-10-17,23:15:25,Ch6,T. OVER
 29-10-17,23:16:25,Ch6,T. OVER
 29-10-17,23:17:25,Ch6,T. OVER
 29-10-17,23:18:25,Ch6,T. OVER
 29-10-17,23:19:25,Ch6,T. OVER
 29-10-17,23:20:26,Ch6,T. OVER
 29-10-17,23:21:26,Ch6,T. OVER
 29-10-17,23:22:26,Ch6,T. OVER
 29-10-17,23:23:26,Ch6,T. OVER
 29-10-17,23:24:26,Ch6,T. OVER
 29-10-17,23:25:26,Ch6,T. OVER
 29-10-17,23:26:26,Ch6,T. OVER
 29-10-17,23:27:27,Ch6,T. OVER
 29-10-17,23:28:27,Ch6,T. OVER
 29-10-17,23:29:27,Ch6,T. OVER
 29-10-17,23:30:27,Ch6,T. OVER
 29-10-17,23:31:27,Ch6,T. OVER
 29-10-17,23:32:28,Ch6,T. OVER
 29-10-17,23:33:28,Ch6,T. OVER
 29-10-17,23:34:28,Ch6,T. OVER
 29-10-17,23:35:28,Ch6,T. OVER
 29-10-17,23:36:28,Ch6,T. OVER
 29-10-17,23:37:28,Ch6,T. OVER
 29-10-17,23:38:28,Ch6,T. OVER
 29-10-17,23:39:29,Ch6,T. OVER
 29-10-17,23:40:29,Ch6,T. OVER
 29-10-17,23:41:29,Ch6,T. OVER
 29-10-17,23:42:29,Ch6,T. OVER
 29-10-17,23:43:29,Ch6,T. OVER
 29-10-17,23:44:29,Ch6,T. OVER
 29-10-17,23:45:30,Ch6,T. OVER
 29-10-17,23:46:30,Ch6,T. OVER
 29-10-17,23:47:30,Ch6,T. OVER
 29-10-17,23:48:30,Ch6,T. OVER
 29-10-17,23:49:30,Ch6,T. OVER
 29-10-17,23:50:31,Ch6,T. OVER
 29-10-17,23:51:31,Ch6,T. OVER
 29-10-17,23:52:31,Ch6,T. OVER
 29-10-17,23:53:31,Ch6,T. OVER
 29-10-17,23:54:31,Ch6,T. OVER
 29-10-17,23:55:31,Ch6,T. OVER
 29-10-17,23:56:31,Ch6,T. OVER
 29-10-17,23:57:32,Ch6,T. OVER
 29-10-17,23:58:32,Ch6,T. OVER
 29-10-17,23:59:32,Ch6,T. OVER
