 01-03-17,00:00:08,Ch6,T. OVER
 01-03-17,00:01:08,Ch6,T. OVER
 01-03-17,00:02:09,Ch6,T. OVER
 01-03-17,00:03:09,Ch6,T. OVER
 01-03-17,00:04:09,Ch6,T. OVER
 01-03-17,00:05:09,Ch6,T. OVER
 01-03-17,00:06:09,Ch6,T. OVER
 01-03-17,00:07:09,Ch6,T. OVER
 01-03-17,00:08:10,Ch6,T. OVER
 01-03-17,00:09:10,Ch6,T. OVER
 01-03-17,00:10:10,Ch6,T. OVER
 01-03-17,00:11:10,Ch6,T. OVER
 01-03-17,00:12:10,Ch6,T. OVER
 01-03-17,00:13:10,Ch6,T. OVER
 01-03-17,00:14:11,Ch6,T. OVER
 01-03-17,00:15:11,Ch6,T. OVER
 01-03-17,00:16:11,Ch6,T. OVER
 01-03-17,00:17:11,Ch6,T. OVER
 01-03-17,00:18:11,Ch6,T. OVER
 01-03-17,00:19:12,Ch6,T. OVER
 01-03-17,00:20:12,Ch6,T. OVER
 01-03-17,00:21:12,Ch6,T. OVER
 01-03-17,00:22:12,Ch6,T. OVER
 01-03-17,00:23:12,Ch6,T. OVER
 01-03-17,00:24:12,Ch6,T. OVER
 01-03-17,00:25:13,Ch6,T. OVER
 01-03-17,00:26:13,Ch6,T. OVER
 01-03-17,00:27:13,Ch6,T. OVER
 01-03-17,00:28:13,Ch6,T. OVER
 01-03-17,00:29:13,Ch6,T. OVER
 01-03-17,00:30:13,Ch6,T. OVER
 01-03-17,00:31:13,Ch6,T. OVER
 01-03-17,00:32:14,Ch6,T. OVER
 01-03-17,00:33:14,Ch6,T. OVER
 01-03-17,00:34:14,Ch6,T. OVER
 01-03-17,00:35:14,Ch6,T. OVER
 01-03-17,00:36:14,Ch6,T. OVER
 01-03-17,00:37:14,Ch6,T. OVER
 01-03-17,00:38:15,Ch6,T. OVER
 01-03-17,00:39:15,Ch6,T. OVER
 01-03-17,00:40:15,Ch6,T. OVER
 01-03-17,00:41:15,Ch6,T. OVER
 01-03-17,00:42:15,Ch5,VDIF OVL 01-03-17,00:42:15,Ch6,T. OVER
 01-03-17,00:43:16,Ch6,T. OVER
 01-03-17,00:44:16,Ch6,T. OVER
 01-03-17,00:45:16,Ch6,T. OVER
 01-03-17,00:46:16,Ch6,T. OVER
 01-03-17,00:47:16,Ch6,T. OVER
 01-03-17,00:48:17,Ch6,T. OVER
 01-03-17,00:49:17,Ch6,T. OVER
 01-03-17,00:50:17,Ch6,T. OVER
 01-03-17,00:51:17,Ch6,T. OVER
 01-03-17,00:52:17,Ch6,T. OVER
 01-03-17,00:53:17,Ch6,T. OVER
 01-03-17,00:54:18,Ch6,T. OVER
 01-03-17,00:55:18,Ch6,T. OVER
 01-03-17,00:56:18,Ch6,T. OVER
 01-03-17,00:57:18,Ch6,T. OVER
 01-03-17,00:58:19,Ch6,T. OVER
 01-03-17,00:59:19,Ch6,T. OVER
 01-03-17,01:00:19,Ch6,T. OVER
 01-03-17,01:01:19,Ch6,T. OVER
 01-03-17,01:02:19,Ch6,T. OVER
 01-03-17,01:03:20,Ch6,T. OVER
 01-03-17,01:04:20,Ch6,T. OVER
 01-03-17,01:05:20,Ch6,T. OVER
 01-03-17,01:06:20,Ch6,T. OVER
 01-03-17,01:07:20,Ch6,T. OVER
 01-03-17,01:08:20,Ch6,T. OVER
 01-03-17,01:09:21,Ch6,T. OVER
 01-03-17,01:10:21,Ch6,T. OVER
 01-03-17,01:11:21,Ch6,T. OVER
 01-03-17,01:12:21,Ch6,T. OVER
 01-03-17,01:13:22,Ch6,T. OVER
 01-03-17,01:14:22,Ch6,T. OVER
 01-03-17,01:15:22,Ch6,T. OVER
 01-03-17,01:16:22,Ch6,T. OVER
 01-03-17,01:17:22,Ch6,T. OVER
 01-03-17,01:18:23,Ch6,T. OVER
 01-03-17,01:19:23,Ch6,T. OVER
 01-03-17,01:20:23,Ch6,T. OVER
 01-03-17,01:21:23,Ch6,T. OVER
 01-03-17,01:22:23,Ch6,T. OVER
 01-03-17,01:23:23,Ch6,T. OVER
 01-03-17,01:24:24,Ch6,T. OVER
 01-03-17,01:25:24,Ch6,T. OVER
 01-03-17,01:26:24,Ch6,T. OVER
 01-03-17,01:27:24,Ch6,T. OVER
 01-03-17,01:28:24,Ch6,T. OVER
 01-03-17,01:29:25,Ch6,T. OVER
 01-03-17,01:30:25,Ch6,T. OVER
 01-03-17,01:31:25,Ch6,T. OVER
 01-03-17,01:32:25,Ch6,T. OVER
 01-03-17,01:33:25,Ch6,T. OVER
 01-03-17,01:34:25,Ch6,T. OVER
 01-03-17,01:35:26,Ch6,T. OVER
 01-03-17,01:36:26,Ch6,T. OVER
 01-03-17,01:37:26,Ch6,T. OVER
 01-03-17,01:38:26,Ch6,T. OVER
 01-03-17,01:39:27,Ch6,T. OVER
 01-03-17,01:40:27,Ch6,T. OVER
 01-03-17,01:41:27,Ch6,T. OVER
 01-03-17,01:42:27,Ch6,T. OVER
 01-03-17,01:43:27,Ch6,T. OVER
 01-03-17,01:44:27,Ch6,T. OVER
 01-03-17,01:45:27,Ch6,T. OVER
 01-03-17,01:46:27,Ch6,T. OVER
 01-03-17,01:47:28,Ch6,T. OVER
 01-03-17,01:48:28,Ch6,T. OVER
 01-03-17,01:49:28,Ch6,T. OVER
 01-03-17,01:50:28,Ch6,T. OVER
 01-03-17,01:51:28,Ch6,T. OVER
 01-03-17,01:52:29,Ch6,T. OVER
 01-03-17,01:53:29,Ch6,T. OVER
 01-03-17,01:54:29,Ch6,T. OVER
 01-03-17,01:55:29,Ch6,T. OVER
 01-03-17,01:56:30,Ch6,T. OVER
 01-03-17,01:57:30,Ch6,T. OVER
 01-03-17,01:58:30,Ch6,T. OVER
 01-03-17,01:59:30,Ch6,T. OVER
 01-03-17,02:00:30,Ch6,T. OVER
 01-03-17,02:01:30,Ch6,T. OVER
 01-03-17,02:02:30,Ch6,T. OVER
 01-03-17,02:03:31,Ch6,T. OVER
 01-03-17,02:04:31,Ch6,T. OVER
 01-03-17,02:05:31,Ch6,T. OVER
 01-03-17,02:06:31,Ch6,T. OVER
 01-03-17,02:07:31,Ch6,T. OVER
 01-03-17,02:08:31,Ch6,T. OVER
 01-03-17,02:09:31,Ch6,T. OVER
 01-03-17,02:10:32,Ch6,T. OVER
 01-03-17,02:11:32,Ch6,T. OVER
 01-03-17,02:12:32,Ch6,T. OVER
 01-03-17,02:13:32,Ch6,T. OVER
 01-03-17,02:14:32,Ch6,T. OVER
 01-03-17,02:15:32,Ch6,T. OVER
 01-03-17,02:16:33,Ch6,T. OVER
 01-03-17,02:17:33,Ch6,T. OVER
 01-03-17,02:18:33,Ch6,T. OVER
 01-03-17,02:19:33,Ch6,T. OVER
 01-03-17,02:20:33,Ch6,T. OVER
 01-03-17,02:21:34,Ch6,T. OVER
 01-03-17,02:22:34,Ch6,T. OVER
 01-03-17,02:23:34,Ch6,T. OVER
 01-03-17,02:24:34,Ch6,T. OVER
 01-03-17,02:25:34,Ch6,T. OVER
 01-03-17,02:26:34,Ch6,T. OVER
 01-03-17,02:27:35,Ch6,T. OVER
 01-03-17,02:28:35,Ch6,T. OVER
 01-03-17,02:29:35,Ch6,T. OVER
 01-03-17,02:30:35,Ch6,T. OVER
 01-03-17,02:31:36,Ch6,T. OVER
 01-03-17,02:32:36,Ch6,T. OVER
 01-03-17,02:33:36,Ch6,T. OVER
 01-03-17,02:34:36,Ch6,T. OVER
 01-03-17,02:35:37,Ch6,T. OVER
 01-03-17,02:36:37,Ch6,T. OVER
 01-03-17,02:37:37,Ch6,T. OVER
 01-03-17,02:38:37,Ch6,T. OVER
 01-03-17,02:39:37,Ch6,T. OVER
 01-03-17,02:40:37,Ch6,T. OVER
 01-03-17,02:41:38,Ch6,T. OVER
 01-03-17,02:42:38,Ch6,T. OVER
 01-03-17,02:43:38,Ch6,T. OVER
 01-03-17,02:44:38,Ch6,T. OVER
 01-03-17,02:45:38,Ch6,T. OVER
 01-03-17,02:46:39,Ch6,T. OVER
 01-03-17,02:47:39,Ch6,T. OVER
 01-03-17,02:48:39,Ch6,T. OVER
 01-03-17,02:49:39,Ch6,T. OVER
 01-03-17,02:50:40,Ch6,T. OVER
 01-03-17,02:51:40,Ch6,T. OVER
 01-03-17,02:52:40,Ch6,T. OVER
 01-03-17,02:53:40,Ch6,T. OVER
 01-03-17,02:54:40,Ch6,T. OVER
 01-03-17,02:55:41,Ch6,T. OVER
 01-03-17,02:56:41,Ch6,T. OVER
 01-03-17,02:57:41,Ch6,T. OVER
 01-03-17,02:58:41,Ch6,T. OVER
 01-03-17,02:59:41,Ch6,T. OVER
 01-03-17,03:00:42,Ch6,T. OVER
 01-03-17,03:01:42,Ch6,T. OVER
 01-03-17,03:02:42,Ch6,T. OVER
 01-03-17,03:03:42,Ch6,T. OVER
 01-03-17,03:04:42,Ch6,T. OVER
 01-03-17,03:05:43,Ch6,T. OVER
 01-03-17,03:06:43,Ch6,T. OVER
 01-03-17,03:07:43,Ch6,T. OVER
 01-03-17,03:08:43,Ch6,T. OVER
 01-03-17,03:09:43,Ch6,T. OVER
 01-03-17,03:10:43,Ch6,T. OVER
 01-03-17,03:11:43,Ch6,T. OVER
 01-03-17,03:12:43,Ch6,T. OVER
 01-03-17,03:13:44,Ch6,T. OVER
 01-03-17,03:14:44,Ch6,T. OVER
 01-03-17,03:15:44,Ch6,T. OVER
 01-03-17,03:16:44,Ch6,T. OVER
 01-03-17,03:17:44,Ch6,T. OVER
 01-03-17,03:18:45,Ch6,T. OVER
 01-03-17,03:19:45,Ch6,T. OVER
 01-03-17,03:20:45,Ch6,T. OVER
 01-03-17,03:21:45,Ch6,T. OVER
 01-03-17,03:22:45,Ch6,T. OVER
 01-03-17,03:23:45,Ch6,T. OVER
 01-03-17,03:24:45,Ch6,T. OVER
 01-03-17,03:25:45,Ch6,T. OVER
 01-03-17,03:26:46,Ch6,T. OVER
 01-03-17,03:27:46,Ch6,T. OVER
 01-03-17,03:28:46,Ch6,T. OVER
 01-03-17,03:29:46,Ch6,T. OVER
 01-03-17,03:30:46,Ch6,T. OVER
 01-03-17,03:31:46,Ch6,T. OVER
 01-03-17,03:32:47,Ch6,T. OVER
 01-03-17,03:33:47,Ch6,T. OVER
 01-03-17,03:34:47,Ch6,T. OVER
 01-03-17,03:35:47,Ch6,T. OVER
 01-03-17,03:36:47,Ch6,T. OVER
 01-03-17,03:37:48,Ch6,T. OVER
 01-03-17,03:38:48,Ch6,T. OVER
 01-03-17,03:39:48,Ch6,T. OVER
 01-03-17,03:40:48,Ch6,T. OVER
 01-03-17,03:41:49,Ch6,T. OVER
 01-03-17,03:42:49,Ch6,T. OVER
 01-03-17,03:43:49,Ch6,T. OVER
 01-03-17,03:44:49,Ch6,T. OVER
 01-03-17,03:45:49,Ch6,T. OVER
 01-03-17,03:46:49,Ch6,T. OVER
 01-03-17,03:47:49,Ch6,T. OVER
 01-03-17,03:48:50,Ch6,T. OVER
 01-03-17,03:49:50,Ch6,T. OVER
 01-03-17,03:50:50,Ch6,T. OVER
 01-03-17,03:51:50,Ch6,T. OVER
 01-03-17,03:52:50,Ch6,T. OVER
 01-03-17,03:53:50,Ch6,T. OVER
 01-03-17,03:54:50,Ch6,T. OVER
 01-03-17,03:55:51,Ch6,T. OVER
 01-03-17,03:56:51,Ch6,T. OVER
 01-03-17,03:57:51,Ch6,T. OVER
 01-03-17,03:58:51,Ch6,T. OVER
 01-03-17,03:59:51,Ch6,T. OVER
 01-03-17,04:00:52,Ch6,T. OVER
 01-03-17,04:01:52,Ch6,T. OVER
 01-03-17,04:02:52,Ch6,T. OVER
 01-03-17,04:03:52,Ch6,T. OVER
 01-03-17,04:04:52,Ch6,T. OVER
 01-03-17,04:05:52,Ch6,T. OVER
 01-03-17,04:06:53,Ch6,T. OVER
 01-03-17,04:07:53,Ch6,T. OVER
 01-03-17,04:08:53,Ch6,T. OVER
 01-03-17,04:09:53,Ch6,T. OVER
 01-03-17,04:10:53,Ch6,T. OVER
 01-03-17,04:11:53,Ch6,T. OVER
 01-03-17,04:12:54,Ch6,T. OVER
 01-03-17,04:13:54,Ch6,T. OVER
 01-03-17,04:14:54,Ch6,T. OVER
 01-03-17,04:15:54,Ch6,T. OVER
 01-03-17,04:16:54,Ch6,T. OVER
 01-03-17,04:17:54,Ch6,T. OVER
 01-03-17,04:18:54,Ch6,T. OVER
 01-03-17,04:19:55,Ch6,T. OVER
 01-03-17,04:20:55,Ch6,T. OVER
 01-03-17,04:21:55,Ch6,T. OVER
 01-03-17,04:22:55,Ch6,T. OVER
 01-03-17,04:23:55,Ch6,T. OVER
 01-03-17,04:24:56,Ch6,T. OVER
 01-03-17,04:25:56,Ch6,T. OVER
 01-03-17,04:26:56,Ch6,T. OVER
 01-03-17,04:27:56,Ch6,T. OVER
 01-03-17,04:28:57,Ch6,T. OVER
 01-03-17,04:29:57,Ch6,T. OVER
 01-03-17,04:30:57,Ch6,T. OVER
 01-03-17,04:31:57,Ch6,T. OVER
 01-03-17,04:32:57,Ch6,T. OVER
 01-03-17,04:33:57,Ch6,T. OVER
 01-03-17,04:34:58,Ch6,T. OVER
 01-03-17,04:35:58,Ch6,T. OVER
 01-03-17,04:36:58,Ch6,T. OVER
 01-03-17,04:37:58,Ch6,T. OVER
 01-03-17,04:38:59,Ch6,T. OVER
 01-03-17,04:39:59,Ch6,T. OVER
 01-03-17,04:40:59,Ch6,T. OVER
 01-03-17,04:41:59,Ch6,T. OVER
 01-03-17,04:42:59,Ch6,T. OVER
 01-03-17,04:43:59,Ch6,T. OVER
 01-03-17,04:45:00,Ch6,T. OVER
 01-03-17,04:46:00,Ch6,T. OVER
 01-03-17,04:47:00,Ch6,T. OVER
 01-03-17,04:48:00,Ch6,T. OVER
 01-03-17,04:49:00,Ch6,T. OVER
 01-03-17,04:50:00,Ch6,T. OVER
 01-03-17,04:51:01,Ch6,T. OVER
 01-03-17,04:52:01,Ch6,T. OVER
 01-03-17,04:53:01,Ch6,T. OVER
 01-03-17,04:54:01,Ch6,T. OVER
 01-03-17,04:55:01,Ch6,T. OVER
 01-03-17,04:56:02,Ch6,T. OVER
 01-03-17,04:57:02,Ch6,T. OVER
 01-03-17,04:58:02,Ch6,T. OVER
 01-03-17,04:59:02,Ch6,T. OVER
 01-03-17,05:00:03,Ch6,T. OVER
 01-03-17,05:01:03,Ch6,T. OVER
 01-03-17,05:02:03,Ch6,T. OVER
 01-03-17,05:03:03,Ch6,T. OVER
 01-03-17,05:04:03,Ch6,T. OVER
 01-03-17,05:05:03,Ch6,T. OVER
 01-03-17,05:06:04,Ch6,T. OVER
 01-03-17,05:07:04,Ch6,T. OVER
 01-03-17,05:08:04,Ch6,T. OVER
 01-03-17,05:09:04,Ch6,T. OVER
 01-03-17,05:10:04,Ch6,T. OVER
 01-03-17,05:11:05,Ch6,T. OVER
 01-03-17,05:12:05,Ch6,T. OVER
 01-03-17,05:13:05,Ch6,T. OVER
 01-03-17,05:14:05,Ch6,T. OVER
 01-03-17,05:15:05,Ch6,T. OVER
 01-03-17,05:16:05,Ch6,T. OVER
 01-03-17,05:17:06,Ch6,T. OVER
 01-03-17,05:18:06,Ch6,T. OVER
 01-03-17,05:19:06,Ch6,T. OVER
 01-03-17,05:20:06,Ch6,T. OVER
 01-03-17,05:21:06,Ch6,T. OVER
 01-03-17,05:22:07,Ch6,T. OVER
 01-03-17,05:23:07,Ch6,T. OVER
 01-03-17,05:24:07,Ch6,T. OVER
 01-03-17,05:25:07,Ch6,T. OVER
 01-03-17,05:26:07,Ch6,T. OVER
 01-03-17,05:27:08,Ch6,T. OVER
 01-03-17,05:28:08,Ch6,T. OVER
 01-03-17,05:29:08,Ch6,T. OVER
 01-03-17,05:30:08,Ch6,T. OVER
 01-03-17,05:31:08,Ch6,T. OVER
 01-03-17,05:32:09,Ch6,T. OVER
 01-03-17,05:33:09,Ch6,T. OVER
 01-03-17,05:34:09,Ch6,T. OVER
 01-03-17,05:35:09,Ch6,T. OVER
 01-03-17,05:36:09,Ch6,T. OVER
 01-03-17,05:37:10,Ch6,T. OVER
 01-03-17,05:38:10,Ch6,T. OVER
 01-03-17,05:39:10,Ch6,T. OVER
 01-03-17,05:40:10,Ch6,T. OVER
 01-03-17,05:41:10,Ch6,T. OVER
 01-03-17,05:42:11,Ch6,T. OVER
 01-03-17,05:43:11,Ch6,T. OVER
 01-03-17,05:44:11,Ch6,T. OVER
 01-03-17,05:45:11,Ch6,T. OVER
 01-03-17,05:46:11,Ch6,T. OVER
 01-03-17,05:47:11,Ch6,T. OVER
 01-03-17,05:48:12,Ch6,T. OVER
 01-03-17,05:49:12,Ch6,T. OVER
 01-03-17,05:50:12,Ch6,T. OVER
 01-03-17,05:51:12,Ch6,T. OVER
 01-03-17,05:52:12,Ch6,T. OVER
 01-03-17,05:53:13,Ch6,T. OVER
 01-03-17,05:54:13,Ch6,T. OVER
 01-03-17,05:55:13,Ch6,T. OVER
 01-03-17,05:56:13,Ch6,T. OVER
 01-03-17,05:57:13,Ch6,T. OVER
 01-03-17,05:58:13,Ch6,T. OVER
 01-03-17,05:59:14,Ch6,T. OVER
 01-03-17,06:00:14,Ch6,T. OVER
 01-03-17,06:01:14,Ch6,T. OVER
 01-03-17,06:02:14,Ch6,T. OVER
 01-03-17,06:03:14,Ch6,T. OVER
 01-03-17,06:04:14,Ch6,T. OVER
 01-03-17,06:05:14,Ch6,T. OVER
 01-03-17,06:06:14,Ch6,T. OVER
 01-03-17,06:07:15,Ch6,T. OVER
 01-03-17,06:08:15,Ch6,T. OVER
 01-03-17,06:09:15,Ch6,T. OVER
 01-03-17,06:10:15,Ch6,T. OVER
 01-03-17,06:11:16,Ch6,T. OVER
 01-03-17,06:12:16,Ch6,T. OVER
 01-03-17,06:13:16,Ch6,T. OVER
 01-03-17,06:14:16,Ch6,T. OVER
 01-03-17,06:15:16,Ch6,T. OVER
 01-03-17,06:16:16,Ch6,T. OVER
 01-03-17,06:17:16,Ch6,T. OVER
 01-03-17,06:18:17,Ch6,T. OVER
 01-03-17,06:19:17,Ch6,T. OVER
 01-03-17,06:20:17,Ch6,T. OVER
 01-03-17,06:21:17,Ch6,T. OVER
 01-03-17,06:22:18,Ch6,T. OVER
 01-03-17,06:23:18,Ch6,T. OVER
 01-03-17,06:24:18,Ch6,T. OVER
 01-03-17,06:25:18,Ch6,T. OVER
 01-03-17,06:26:18,Ch6,T. OVER
 01-03-17,06:27:19,Ch6,T. OVER
 01-03-17,06:28:19,Ch6,T. OVER
 01-03-17,06:29:19,Ch6,T. OVER
 01-03-17,06:30:19,Ch6,T. OVER
 01-03-17,06:31:19,Ch6,T. OVER
 01-03-17,06:32:19,Ch6,T. OVER
 01-03-17,06:33:20,Ch6,T. OVER
 01-03-17,06:34:20,Ch6,T. OVER
 01-03-17,06:35:20,Ch6,T. OVER
 01-03-17,06:36:20,Ch6,T. OVER
 01-03-17,06:37:20,Ch6,T. OVER
 01-03-17,06:38:20,Ch6,T. OVER
 01-03-17,06:39:20,Ch6,T. OVER
 01-03-17,06:40:21,Ch6,T. OVER
 01-03-17,06:41:21,Ch6,T. OVER
 01-03-17,06:42:21,Ch6,T. OVER
 01-03-17,06:43:21,Ch6,T. OVER
 01-03-17,06:44:22,Ch6,T. OVER
 01-03-17,06:45:22,Ch6,T. OVER
 01-03-17,06:46:22,Ch6,T. OVER
 01-03-17,06:47:22,Ch6,T. OVER
 01-03-17,06:48:22,Ch6,T. OVER
 01-03-17,06:49:22,Ch6,T. OVER
 01-03-17,06:50:23,Ch6,T. OVER
 01-03-17,06:51:23,Ch6,T. OVER
 01-03-17,06:52:23,Ch6,T. OVER
 01-03-17,06:53:23,Ch6,T. OVER
 01-03-17,06:54:24,Ch6,T. OVER
 01-03-17,06:55:24,Ch6,T. OVER
 01-03-17,06:56:24,Ch6,T. OVER
 01-03-17,06:57:24,Ch6,T. OVER
 01-03-17,06:58:24,Ch6,T. OVER
 01-03-17,06:59:24,Ch6,T. OVER
 01-03-17,07:00:25,Ch6,T. OVER
 01-03-17,07:01:25,Ch6,T. OVER
 01-03-17,07:02:25,Ch6,T. OVER
 01-03-17,07:03:25,Ch6,T. OVER
 01-03-17,07:04:25,Ch6,T. OVER
 01-03-17,07:05:26,Ch6,T. OVER
 01-03-17,07:06:26,Ch6,T. OVER
 01-03-17,07:07:26,Ch6,T. OVER
 01-03-17,07:08:26,Ch6,T. OVER
 01-03-17,07:09:26,Ch6,T. OVER
 01-03-17,07:10:27,Ch6,T. OVER
 01-03-17,07:11:27,Ch6,T. OVER
 01-03-17,07:12:27,Ch6,T. OVER
 01-03-17,07:13:27,Ch6,T. OVER
 01-03-17,07:14:27,Ch6,T. OVER
 01-03-17,07:15:27,Ch6,T. OVER
 01-03-17,07:16:28,Ch6,T. OVER
 01-03-17,07:17:28,Ch6,T. OVER
 01-03-17,07:18:28,Ch6,T. OVER
 01-03-17,07:19:28,Ch6,T. OVER
 01-03-17,07:20:28,Ch6,T. OVER
 01-03-17,07:21:28,Ch6,T. OVER
 01-03-17,07:22:28,Ch6,T. OVER
 01-03-17,07:23:29,Ch6,T. OVER
 01-03-17,07:24:29,Ch6,T. OVER
 01-03-17,07:25:29,Ch6,T. OVER
 01-03-17,07:26:29,Ch6,T. OVER
 01-03-17,07:27:29,Ch6,T. OVER
 01-03-17,07:28:30,Ch6,T. OVER
 01-03-17,07:29:30,Ch6,T. OVER
 01-03-17,07:30:30,Ch6,T. OVER
 01-03-17,07:31:30,Ch6,T. OVER
 01-03-17,07:32:30,Ch6,T. OVER
 01-03-17,07:33:30,Ch6,T. OVER
 01-03-17,07:34:31,Ch6,T. OVER
 01-03-17,07:35:31,Ch6,T. OVER
 01-03-17,07:36:31,Ch6,T. OVER
 01-03-17,07:37:32,Ch2,VDIF OVL 01-03-17,07:37:32,Ch6,T. OVER
 01-03-17,07:38:32,Ch6,T. OVER
 01-03-17,07:39:32,Ch6,T. OVER
 01-03-17,07:40:32,Ch6,T. OVER
 01-03-17,07:41:33,Ch6,T. OVER
 01-03-17,07:42:33,Ch6,T. OVER
 01-03-17,07:43:33,Ch6,T. OVER
 01-03-17,07:44:33,Ch6,T. OVER
 01-03-17,07:45:33,Ch6,T. OVER
 01-03-17,07:46:33,Ch6,T. OVER
 01-03-17,07:47:33,Ch6,T. OVER
 01-03-17,07:48:34,Ch6,T. OVER
 01-03-17,07:49:34,Ch6,T. OVER
 01-03-17,07:50:34,Ch6,T. OVER
 01-03-17,07:51:34,Ch6,T. OVER
 01-03-17,07:52:34,Ch6,T. OVER
 01-03-17,07:53:35,Ch6,T. OVER
 01-03-17,07:54:35,Ch6,T. OVER
 01-03-17,07:55:35,Ch6,T. OVER
 01-03-17,07:56:35,Ch6,T. OVER
 01-03-17,07:57:35,Ch6,T. OVER
 01-03-17,07:58:36,Ch6,T. OVER
 01-03-17,07:59:36,Ch6,T. OVER
 01-03-17,08:00:36,Ch6,T. OVER
 01-03-17,08:01:36,Ch6,T. OVER
 01-03-17,08:02:36,Ch6,T. OVER
 01-03-17,08:03:36,Ch6,T. OVER
 01-03-17,08:04:37,Ch6,T. OVER
 01-03-17,08:05:37,Ch6,T. OVER
 01-03-17,08:06:37,Ch6,T. OVER
 01-03-17,08:07:37,Ch6,T. OVER
 01-03-17,08:08:37,Ch6,T. OVER
 01-03-17,08:09:38,Ch6,T. OVER
 01-03-17,08:10:38,Ch6,T. OVER
 01-03-17,08:11:38,Ch6,T. OVER
 01-03-17,08:12:38,Ch6,T. OVER
 01-03-17,08:13:38,Ch6,T. OVER
 01-03-17,08:14:38,Ch6,T. OVER
 01-03-17,08:15:39,Ch6,T. OVER
 01-03-17,08:16:39,Ch6,T. OVER
 01-03-17,08:17:39,Ch6,T. OVER
 01-03-17,08:18:39,Ch6,T. OVER
 01-03-17,08:19:40,Ch6,T. OVER
 01-03-17,08:20:40,Ch6,T. OVER
 01-03-17,08:21:40,Ch6,T. OVER
 01-03-17,08:22:40,Ch6,T. OVER
 01-03-17,08:23:40,Ch6,T. OVER
 01-03-17,08:24:40,Ch6,T. OVER
 01-03-17,08:25:41,Ch6,T. OVER
 01-03-17,08:26:41,Ch6,T. OVER
 01-03-17,08:27:41,Ch6,T. OVER
 01-03-17,08:28:41,Ch6,T. OVER
 01-03-17,08:29:41,Ch6,T. OVER
 01-03-17,08:30:42,Ch6,T. OVER
 01-03-17,08:31:42,Ch6,T. OVER
 01-03-17,08:32:42,Ch6,T. OVER
 01-03-17,08:33:42,Ch6,T. OVER
 01-03-17,08:34:42,Ch6,T. OVER
 01-03-17,08:35:42,Ch6,T. OVER
 01-03-17,08:36:42,Ch6,T. OVER
 01-03-17,08:37:43,Ch6,T. OVER
 01-03-17,08:38:43,Ch6,T. OVER
 01-03-17,08:39:43,Ch6,T. OVER
 01-03-17,08:40:43,Ch6,T. OVER
 01-03-17,08:41:43,Ch6,T. OVER
 01-03-17,08:42:44,Ch6,T. OVER
 01-03-17,08:43:44,Ch6,T. OVER
 01-03-17,08:44:44,Ch6,T. OVER
 01-03-17,08:45:44,Ch6,T. OVER
 01-03-17,08:46:44,Ch6,T. OVER
 01-03-17,08:47:45,Ch6,T. OVER
 01-03-17,08:48:45,Ch6,T. OVER
 01-03-17,08:49:45,Ch6,T. OVER
 01-03-17,08:50:45,Ch6,T. OVER
 01-03-17,08:51:45,Ch6,T. OVER
 01-03-17,08:52:46,Ch6,T. OVER
 01-03-17,08:53:46,Ch6,T. OVER
 01-03-17,08:54:46,Ch6,T. OVER
 01-03-17,08:55:46,Ch6,T. OVER
 01-03-17,08:56:46,Ch6,T. OVER
 01-03-17,08:57:47,Ch6,T. OVER
 01-03-17,08:58:47,Ch6,T. OVER
 01-03-17,08:59:47,Ch6,T. OVER
 01-03-17,09:00:47,Ch6,T. OVER
 01-03-17,09:01:47,Ch6,T. OVER
 01-03-17,09:02:48,Ch6,T. OVER
 01-03-17,09:03:48,Ch6,T. OVER
 01-03-17,09:04:48,Ch6,T. OVER
 01-03-17,09:05:48,Ch6,T. OVER
 01-03-17,09:06:48,Ch6,T. OVER
 01-03-17,09:07:49,Ch6,T. OVER
 01-03-17,09:08:49,Ch6,T. OVER
 01-03-17,09:09:49,Ch6,T. OVER
 01-03-17,09:10:49,Ch6,T. OVER
 01-03-17,09:11:49,Ch6,T. OVER
 01-03-17,09:12:49,Ch6,T. OVER
 01-03-17,09:13:50,Ch6,T. OVER
 01-03-17,09:14:50,Ch6,T. OVER
 01-03-17,09:15:50,Ch6,T. OVER
 01-03-17,09:16:50,Ch6,T. OVER
 01-03-17,09:17:50,Ch6,T. OVER
 01-03-17,09:18:51,Ch6,T. OVER
 01-03-17,09:19:51,Ch6,T. OVER
 01-03-17,09:20:51,Ch6,T. OVER
 01-03-17,09:21:51,Ch6,T. OVER
 01-03-17,09:22:51,Ch6,T. OVER
 01-03-17,09:23:51,Ch6,T. OVER
 01-03-17,09:24:51,Ch6,T. OVER
 01-03-17,09:25:52,Ch6,T. OVER
 01-03-17,09:26:52,Ch6,T. OVER
 01-03-17,09:27:52,Ch6,T. OVER
 01-03-17,09:28:52,Ch6,T. OVER
 01-03-17,09:29:52,Ch6,T. OVER
 01-03-17,09:30:52,Ch6,T. OVER
 01-03-17,09:31:53,Ch6,T. OVER
 01-03-17,09:32:53,Ch6,T. OVER
 01-03-17,09:33:53,Ch6,T. OVER
 01-03-17,09:34:53,Ch6,T. OVER
 01-03-17,09:35:53,Ch6,VMIX OVL,VDIF OVL,T. OVER
 01-03-17,09:36:54,Ch6,T. OVER
 01-03-17,09:37:54,Ch6,T. OVER
 01-03-17,09:38:54,Ch6,T. OVER
 01-03-17,09:39:54,Ch6,T. OVER
 01-03-17,09:40:54,Ch6,T. OVER
 01-03-17,09:41:54,Ch6,T. OVER
 01-03-17,09:42:54,Ch6,T. OVER
 01-03-17,09:43:54,Ch6,T. OVER
 01-03-17,09:44:55,Ch6,T. OVER
 01-03-17,09:45:55,Ch6,T. OVER
 01-03-17,09:46:55,Ch6,T. OVER
 01-03-17,09:47:55,Ch6,T. OVER
 01-03-17,09:48:55,Ch6,T. OVER
 01-03-17,09:49:55,Ch6,T. OVER
 01-03-17,09:50:55,Ch6,T. OVER
 01-03-17,09:51:55,Ch6,T. OVER
 01-03-17,09:52:56,Ch6,T. OVER
 01-03-17,09:53:56,Ch6,T. OVER
 01-03-17,09:54:56,Ch6,T. OVER
 01-03-17,09:55:56,Ch6,T. OVER
 01-03-17,09:56:56,Ch6,T. OVER
 01-03-17,09:57:57,Ch6,T. OVER
 01-03-17,09:58:57,Ch6,T. OVER
 01-03-17,09:59:57,Ch6,T. OVER
 01-03-17,10:00:57,Ch6,T. OVER
 01-03-17,10:01:57,Ch6,T. OVER
 01-03-17,10:02:57,Ch6,T. OVER
 01-03-17,10:03:58,Ch6,T. OVER
 01-03-17,10:04:58,Ch6,T. OVER
 01-03-17,10:05:58,Ch6,T. OVER
 01-03-17,10:06:58,Ch6,T. OVER
 01-03-17,10:07:58,Ch6,T. OVER
 01-03-17,10:08:59,Ch6,T. OVER
 01-03-17,10:09:59,Ch6,T. OVER
 01-03-17,10:10:59,Ch6,T. OVER
 01-03-17,10:11:59,Ch6,T. OVER
 01-03-17,10:12:59,Ch6,T. OVER
 01-03-17,10:13:59,Ch6,T. OVER
 01-03-17,10:15:00,Ch6,T. OVER
 01-03-17,10:16:00,Ch6,T. OVER
 01-03-17,10:17:00,Ch6,T. OVER
 01-03-17,10:18:00,Ch6,T. OVER
 01-03-17,10:19:00,Ch6,T. OVER
 01-03-17,10:20:00,Ch6,T. OVER
 01-03-17,10:21:00,Ch6,T. OVER
 01-03-17,10:22:01,Ch6,T. OVER
 01-03-17,10:23:01,Ch6,T. OVER
 01-03-17,10:24:01,Ch6,T. OVER
 01-03-17,10:25:01,Ch6,T. OVER
 01-03-17,10:26:01,Ch6,T. OVER
 01-03-17,10:27:02,Ch6,T. OVER
 01-03-17,10:28:02,Ch6,T. OVER
 01-03-17,10:29:02,Ch6,T. OVER
 01-03-17,10:30:02,Ch6,T. OVER
 01-03-17,10:31:03,Ch6,T. OVER
 01-03-17,10:32:03,Ch6,T. OVER
 01-03-17,10:33:03,Ch6,T. OVER
 01-03-17,10:34:03,Ch6,T. OVER
 01-03-17,10:35:03,Ch6,T. OVER
 01-03-17,10:36:04,Ch6,T. OVER
 01-03-17,10:37:04,Ch6,T. OVER
 01-03-17,10:38:04,Ch6,T. OVER
 01-03-17,10:39:04,Ch6,T. OVER
 01-03-17,10:40:05,Ch6,T. OVER
 01-03-17,10:41:05,Ch6,T. OVER
 01-03-17,10:42:05,Ch6,T. OVER
 01-03-17,10:43:05,Ch6,T. OVER
 01-03-17,10:44:05,Ch6,T. OVER
 01-03-17,10:45:05,Ch6,T. OVER
 01-03-17,10:46:06,Ch6,T. OVER
 01-03-17,10:47:06,Ch6,T. OVER
 01-03-17,10:48:06,Ch6,T. OVER
 01-03-17,10:49:06,Ch6,T. OVER
 01-03-17,10:50:06,Ch6,T. OVER
 01-03-17,10:51:06,Ch6,T. OVER
 01-03-17,10:52:07,Ch6,T. OVER
 01-03-17,10:53:07,Ch6,T. OVER
 01-03-17,10:54:07,Ch6,T. OVER
 01-03-17,10:55:07,Ch6,T. OVER
 01-03-17,10:56:07,Ch6,T. OVER
 01-03-17,10:57:07,Ch6,T. OVER
 01-03-17,10:58:08,Ch6,T. OVER
 01-03-17,10:59:08,Ch6,T. OVER
 01-03-17,11:00:08,Ch6,T. OVER
 01-03-17,11:01:08,Ch6,T. OVER
 01-03-17,11:02:08,Ch6,T. OVER
 01-03-17,11:03:09,Ch6,T. OVER
 01-03-17,11:04:09,Ch6,T. OVER
 01-03-17,11:05:09,Ch6,T. OVER
 01-03-17,11:06:09,Ch6,T. OVER
 01-03-17,11:07:09,Ch6,T. OVER
 01-03-17,11:08:10,Ch6,T. OVER
 01-03-17,11:09:10,Ch6,T. OVER
 01-03-17,11:10:10,Ch6,T. OVER
 01-03-17,11:11:10,Ch6,T. OVER
 01-03-17,11:12:10,Ch6,T. OVER
 01-03-17,11:13:11,Ch6,T. OVER
 01-03-17,11:14:11,Ch6,T. OVER
 01-03-17,11:15:11,Ch6,T. OVER
 01-03-17,11:16:11,Ch6,T. OVER
 01-03-17,11:17:11,Ch6,T. OVER
 01-03-17,11:18:11,Ch6,T. OVER
 01-03-17,11:19:11,Ch6,T. OVER
 01-03-17,11:20:11,Ch6,T. OVER
 01-03-17,11:21:12,Ch6,T. OVER
 01-03-17,11:22:12,Ch6,T. OVER
 01-03-17,11:23:12,Ch6,T. OVER
 01-03-17,11:24:12,Ch6,T. OVER
 01-03-17,11:25:12,Ch6,T. OVER
 01-03-17,11:26:12,Ch6,T. OVER
 01-03-17,11:27:13,Ch6,T. OVER
 01-03-17,11:28:13,Ch6,T. OVER
 01-03-17,11:29:13,Ch6,T. OVER
 01-03-17,11:30:13,Ch6,T. OVER
 01-03-17,11:31:13,Ch6,T. OVER
 01-03-17,11:32:14,Ch6,T. OVER
 01-03-17,11:33:14,Ch6,T. OVER
 01-03-17,11:34:14,Ch6,T. OVER
 01-03-17,11:35:14,Ch6,T. OVER
 01-03-17,11:36:14,Ch6,T. OVER
 01-03-17,11:37:15,Ch6,T. OVER
 01-03-17,11:38:15,Ch6,T. OVER
 01-03-17,11:39:15,Ch6,T. OVER
 01-03-17,11:40:15,Ch6,T. OVER
 01-03-17,11:41:15,Ch6,VDIF OVL,T. OVER
 01-03-17,11:42:15,Ch6,T. OVER
 01-03-17,11:43:16,Ch6,T. OVER
 01-03-17,11:44:16,Ch6,T. OVER
 01-03-17,11:45:16,Ch6,T. OVER
 01-03-17,11:46:16,Ch6,T. OVER
 01-03-17,11:47:16,Ch6,T. OVER
 01-03-17,11:48:17,Ch6,T. OVER
 01-03-17,11:49:17,Ch6,T. OVER
 01-03-17,11:50:17,Ch6,T. OVER
 01-03-17,11:51:17,Ch6,T. OVER
 01-03-17,11:52:17,Ch6,T. OVER
 01-03-17,11:53:17,Ch6,T. OVER
 01-03-17,11:54:18,Ch6,T. OVER
 01-03-17,11:55:18,Ch6,T. OVER
 01-03-17,11:56:18,Ch6,T. OVER
 01-03-17,11:57:18,Ch6,T. OVER
 01-03-17,11:58:18,Ch6,T. OVER
 01-03-17,11:59:19,Ch6,T. OVER
 01-03-17,12:00:19,Ch6,T. OVER
 01-03-17,12:01:19,Ch6,T. OVER
 01-03-17,12:02:19,Ch6,T. OVER
 01-03-17,12:03:19,Ch6,T. OVER
 01-03-17,12:04:19,Ch6,T. OVER
 01-03-17,12:05:19,Ch6,T. OVER
 01-03-17,12:06:20,Ch6,T. OVER
 01-03-17,12:07:20,Ch6,T. OVER
 01-03-17,12:08:20,Ch6,T. OVER
 01-03-17,12:09:20,Ch6,T. OVER
 01-03-17,12:10:20,Ch6,T. OVER
 01-03-17,12:11:21,Ch6,T. OVER
 01-03-17,12:12:21,Ch6,T. OVER
 01-03-17,12:13:21,Ch6,T. OVER
 01-03-17,12:14:21,Ch6,T. OVER
 01-03-17,12:15:21,Ch6,T. OVER
 01-03-17,12:16:21,Ch6,T. OVER
 01-03-17,12:17:21,Ch6,T. OVER
 01-03-17,12:18:22,Ch6,T. OVER
 01-03-17,12:19:22,Ch6,T. OVER
 01-03-17,12:20:22,Ch6,T. OVER
 01-03-17,12:21:22,Ch6,T. OVER
 01-03-17,12:22:22,Ch6,T. OVER
 01-03-17,12:23:23,Ch6,T. OVER
 01-03-17,12:24:23,Ch6,T. OVER
 01-03-17,12:25:23,Ch6,T. OVER
 01-03-17,12:26:23,Ch6,T. OVER
 01-03-17,12:27:23,Ch6,T. OVER
 01-03-17,12:28:24,Ch6,T. OVER
 01-03-17,12:29:24,Ch6,T. OVER
 01-03-17,12:30:24,Ch6,T. OVER
 01-03-17,12:31:24,Ch6,T. OVER
 01-03-17,12:32:24,Ch6,T. OVER
 01-03-17,12:33:24,Ch6,T. OVER
 01-03-17,12:34:25,Ch6,T. OVER
 01-03-17,12:35:25,Ch6,T. OVER
 01-03-17,12:36:25,Ch6,T. OVER
 01-03-17,12:37:25,Ch6,T. OVER
 01-03-17,12:38:25,Ch6,T. OVER
 01-03-17,12:39:26,Ch6,T. OVER
 01-03-17,12:40:26,Ch6,T. OVER
 01-03-17,12:41:26,Ch6,T. OVER
 01-03-17,12:42:26,Ch6,T. OVER
 01-03-17,12:43:26,Ch6,T. OVER
 01-03-17,12:44:26,Ch6,T. OVER
 01-03-17,12:45:27,Ch6,T. OVER
 01-03-17,12:46:27,Ch6,T. OVER
 01-03-17,12:47:27,Ch6,T. OVER
 01-03-17,12:48:27,Ch6,T. OVER
 01-03-17,12:49:27,Ch6,T. OVER
 01-03-17,12:50:27,Ch6,T. OVER
 01-03-17,12:51:27,Ch6,T. OVER
 01-03-17,12:52:27,Ch6,T. OVER
 01-03-17,12:53:28,Ch6,T. OVER
 01-03-17,12:54:28,Ch6,T. OVER
 01-03-17,12:55:28,Ch6,T. OVER
 01-03-17,12:56:28,Ch6,T. OVER
 01-03-17,12:57:28,Ch6,T. OVER
 01-03-17,12:58:29,Ch6,T. OVER
 01-03-17,12:59:29,Ch6,T. OVER
 01-03-17,13:00:29,Ch6,T. OVER
 01-03-17,13:01:29,Ch6,T. OVER
 01-03-17,13:02:29,Ch6,T. OVER
 01-03-17,13:03:29,Ch6,T. OVER
 01-03-17,13:04:30,Ch6,T. OVER
 01-03-17,13:05:30,Ch6,T. OVER
 01-03-17,13:06:30,Ch6,T. OVER
 01-03-17,13:07:30,Ch6,T. OVER
 01-03-17,13:08:30,Ch6,T. OVER
 01-03-17,13:09:30,Ch6,T. OVER
 01-03-17,13:10:31,Ch6,T. OVER
 01-03-17,13:11:31,Ch6,T. OVER
 01-03-17,13:12:31,Ch6,T. OVER
 01-03-17,13:13:31,Ch6,T. OVER
 01-03-17,13:14:31,Ch6,T. OVER
 01-03-17,13:15:32,Ch6,T. OVER
 01-03-17,13:16:32,Ch6,T. OVER
 01-03-17,13:17:32,Ch6,T. OVER
 01-03-17,13:18:32,Ch6,T. OVER
 01-03-17,13:19:32,Ch6,T. OVER
 01-03-17,13:20:33,Ch6,T. OVER
 01-03-17,13:21:33,Ch6,T. OVER
 01-03-17,13:22:33,Ch6,T. OVER
 01-03-17,13:23:33,Ch6,T. OVER
 01-03-17,13:24:33,Ch6,T. OVER
 01-03-17,13:25:34,Ch6,T. OVER
 01-03-17,13:26:34,Ch6,T. OVER
 01-03-17,13:27:34,Ch6,T. OVER
 01-03-17,13:28:34,Ch6,T. OVER
 01-03-17,13:29:34,Ch6,T. OVER
 01-03-17,13:30:34,Ch6,T. OVER
 01-03-17,13:31:35,Ch6,T. OVER
 01-03-17,13:32:35,Ch6,T. OVER
 01-03-17,13:33:35,Ch6,T. OVER
 01-03-17,13:34:35,Ch6,T. OVER
 01-03-17,13:35:35,Ch6,T. OVER
 01-03-17,13:36:35,Ch6,T. OVER
 01-03-17,13:37:36,Ch6,T. OVER
 01-03-17,13:38:36,Ch6,T. OVER
 01-03-17,13:39:36,Ch6,T. OVER
 01-03-17,13:40:36,Ch6,T. OVER
 01-03-17,13:41:36,Ch6,T. OVER
 01-03-17,13:42:36,Ch6,T. OVER
 01-03-17,13:43:37,Ch6,T. OVER
 01-03-17,13:44:37,Ch6,T. OVER
 01-03-17,13:45:37,Ch6,T. OVER
 01-03-17,13:46:37,Ch6,T. OVER
 01-03-17,13:47:37,Ch6,T. OVER
 01-03-17,13:48:38,Ch6,T. OVER
 01-03-17,13:49:38,Ch6,T. OVER
 01-03-17,13:50:38,Ch6,T. OVER
 01-03-17,13:51:38,Ch6,T. OVER
 01-03-17,13:52:38,Ch6,T. OVER
 01-03-17,13:53:39,Ch6,T. OVER
 01-03-17,13:54:39,Ch6,T. OVER
 01-03-17,13:55:39,Ch6,T. OVER
 01-03-17,13:56:39,Ch6,T. OVER
 01-03-17,13:57:39,Ch6,T. OVER
 01-03-17,13:58:39,Ch6,T. OVER
 01-03-17,13:59:40,Ch6,T. OVER
 01-03-17,14:00:40,Ch6,T. OVER
 01-03-17,14:01:40,Ch6,T. OVER
 01-03-17,14:02:40,Ch6,T. OVER
 01-03-17,14:03:41,Ch6,T. OVER
 01-03-17,14:04:41,Ch6,T. OVER
 01-03-17,14:05:41,Ch6,T. OVER
 01-03-17,14:06:41,Ch6,T. OVER
 01-03-17,14:07:41,Ch6,T. OVER
 01-03-17,14:08:41,Ch6,T. OVER
 01-03-17,14:09:42,Ch6,T. OVER
 01-03-17,14:10:42,Ch6,T. OVER
 01-03-17,14:11:42,Ch6,T. OVER
 01-03-17,14:12:42,Ch6,T. OVER
 01-03-17,14:13:42,Ch6,T. OVER
 01-03-17,14:14:42,Ch6,T. OVER
 01-03-17,14:15:42,Ch6,T. OVER
 01-03-17,14:16:42,Ch6,T. OVER
 01-03-17,14:17:43,Ch6,T. OVER
 01-03-17,14:18:43,Ch6,T. OVER
 01-03-17,14:19:43,Ch6,T. OVER
 01-03-17,14:20:43,Ch6,T. OVER
 01-03-17,14:21:44,Ch6,T. OVER
 01-03-17,14:22:44,Ch6,T. OVER
 01-03-17,14:23:44,Ch6,T. OVER
 01-03-17,14:24:44,Ch6,T. OVER
 01-03-17,14:25:44,Ch6,T. OVER
 01-03-17,14:26:45,Ch6,T. OVER
 01-03-17,14:27:45,Ch6,T. OVER
 01-03-17,14:28:45,Ch6,T. OVER
 01-03-17,14:29:45,Ch6,T. OVER
 01-03-17,14:30:45,Ch6,T. OVER
 01-03-17,14:31:45,Ch6,T. OVER
 01-03-17,14:32:45,Ch6,T. OVER
 01-03-17,14:33:46,Ch6,T. OVER
 01-03-17,14:34:46,Ch6,T. OVER
 01-03-17,14:35:46,Ch6,T. OVER
 01-03-17,14:36:46,Ch6,T. OVER
 01-03-17,14:37:46,Ch6,T. OVER
 01-03-17,14:38:47,Ch6,T. OVER
 01-03-17,14:39:47,Ch6,T. OVER
 01-03-17,14:40:47,Ch6,T. OVER
 01-03-17,14:41:47,Ch6,T. OVER
 01-03-17,14:42:47,Ch6,T. OVER
 01-03-17,14:43:48,Ch6,T. OVER
 01-03-17,14:44:48,Ch1,VDIF OVL 01-03-17,14:44:48,Ch6,T. OVER
 01-03-17,14:45:48,Ch6,T. OVER
 01-03-17,14:46:48,Ch6,T. OVER
 01-03-17,14:47:48,Ch6,T. OVER
 01-03-17,14:48:48,Ch6,T. OVER
 01-03-17,14:49:49,Ch6,T. OVER
 01-03-17,14:50:49,Ch6,T. OVER
 01-03-17,14:51:49,Ch6,T. OVER
 01-03-17,14:52:49,Ch6,T. OVER
 01-03-17,14:53:49,Ch6,T. OVER
 01-03-17,14:54:49,Ch6,T. OVER
 01-03-17,14:55:49,Ch6,T. OVER
 01-03-17,14:56:50,Ch6,T. OVER
 01-03-17,14:57:50,Ch6,T. OVER
 01-03-17,14:58:50,Ch6,T. OVER
 01-03-17,14:59:50,Ch6,T. OVER
 01-03-17,15:00:50,Ch6,T. OVER
 01-03-17,15:01:51,Ch6,T. OVER
 01-03-17,15:02:51,Ch6,T. OVER
 01-03-17,15:03:51,Ch6,T. OVER
 01-03-17,15:04:51,Ch6,T. OVER
 01-03-17,15:05:51,Ch6,T. OVER
 01-03-17,15:06:52,Ch6,T. OVER
 01-03-17,15:07:52,Ch6,T. OVER
 01-03-17,15:08:52,Ch6,T. OVER
 01-03-17,15:09:52,Ch6,T. OVER
 01-03-17,15:10:52,Ch6,T. OVER
 01-03-17,15:11:52,Ch6,T. OVER
 01-03-17,15:12:53,Ch6,T. OVER
 01-03-17,15:13:53,Ch6,T. OVER
 01-03-17,15:14:53,Ch6,T. OVER
 01-03-17,15:15:53,Ch6,T. OVER
 01-03-17,15:16:53,Ch6,T. OVER
 01-03-17,15:17:53,Ch6,T. OVER
 01-03-17,15:18:53,Ch6,T. OVER
 01-03-17,15:19:54,Ch6,T. OVER
 01-03-17,15:20:54,Ch6,T. OVER
 01-03-17,15:21:54,Ch6,T. OVER
 01-03-17,15:22:54,Ch6,T. OVER
 01-03-17,15:23:55,Ch6,T. OVER
 01-03-17,15:24:55,Ch6,T. OVER
 01-03-17,15:25:55,Ch6,T. OVER
 01-03-17,15:26:55,Ch6,T. OVER
 01-03-17,15:27:55,Ch6,T. OVER
 01-03-17,15:28:55,Ch6,T. OVER
 01-03-17,15:29:55,Ch6,T. OVER
 01-03-17,15:30:56,Ch6,T. OVER
 01-03-17,15:31:56,Ch6,T. OVER
 01-03-17,15:32:56,Ch6,T. OVER
 01-03-17,15:33:56,Ch6,T. OVER
 01-03-17,15:34:56,Ch6,T. OVER
 01-03-17,15:35:57,Ch6,T. OVER
 01-03-17,15:36:57,Ch6,T. OVER
 01-03-17,15:37:57,Ch6,T. OVER
 01-03-17,15:38:57,Ch6,T. OVER
 01-03-17,15:39:57,Ch6,T. OVER
 01-03-17,15:40:57,Ch6,T. OVER
 01-03-17,15:41:57,Ch6,T. OVER
 01-03-17,15:42:58,Ch6,T. OVER
 01-03-17,15:43:58,Ch6,T. OVER
 01-03-17,15:44:58,Ch6,T. OVER
 01-03-17,15:45:58,Ch6,T. OVER
 01-03-17,15:46:58,Ch6,T. OVER
 01-03-17,15:47:58,Ch6,T. OVER
 01-03-17,15:48:59,Ch6,T. OVER
 01-03-17,15:49:59,Ch6,T. OVER
 01-03-17,15:50:59,Ch6,T. OVER
 01-03-17,15:51:59,Ch6,T. OVER
 01-03-17,15:53:00,Ch6,T. OVER
 01-03-17,15:54:00,Ch6,T. OVER
 01-03-17,15:55:00,Ch6,T. OVER
 01-03-17,15:56:00,Ch6,T. OVER
 01-03-17,15:57:00,Ch6,T. OVER
 01-03-17,15:58:01,Ch6,T. OVER
 01-03-17,15:59:01,Ch6,T. OVER
 01-03-17,16:00:01,Ch6,T. OVER
 01-03-17,16:01:01,Ch6,T. OVER
 01-03-17,16:02:01,Ch6,T. OVER
 01-03-17,16:03:01,Ch6,T. OVER
 01-03-17,16:04:02,Ch6,T. OVER
 01-03-17,16:05:02,Ch6,T. OVER
 01-03-17,16:06:02,Ch6,T. OVER
 01-03-17,16:07:02,Ch6,T. OVER
 01-03-17,16:08:03,Ch6,T. OVER
 01-03-17,16:09:03,Ch6,T. OVER
 01-03-17,16:10:03,Ch6,T. OVER
 01-03-17,16:11:03,Ch6,T. OVER
 01-03-17,16:12:03,Ch6,T. OVER
 01-03-17,16:13:03,Ch6,T. OVER
 01-03-17,16:14:03,Ch6,T. OVER
 01-03-17,16:15:03,Ch6,T. OVER
 01-03-17,16:16:04,Ch6,T. OVER
 01-03-17,16:17:04,Ch6,T. OVER
 01-03-17,16:18:04,Ch6,T. OVER
 01-03-17,16:19:04,Ch6,T. OVER
 01-03-17,16:20:04,Ch6,T. OVER
 01-03-17,16:21:04,Ch6,T. OVER
 01-03-17,16:22:05,Ch6,T. OVER
 01-03-17,16:23:05,Ch6,T. OVER
 01-03-17,16:24:05,Ch6,T. OVER
 01-03-17,16:25:05,Ch6,T. OVER
 01-03-17,16:26:05,Ch6,T. OVER
 01-03-17,16:27:05,Ch6,T. OVER
 01-03-17,16:28:06,Ch6,T. OVER
 01-03-17,16:29:06,Ch6,T. OVER
 01-03-17,16:30:06,Ch6,T. OVER
 01-03-17,16:31:06,Ch6,T. OVER
 01-03-17,16:32:06,Ch6,T. OVER
 01-03-17,16:33:06,Ch6,T. OVER
 01-03-17,16:34:07,Ch6,T. OVER
 01-03-17,16:35:07,Ch6,T. OVER
 01-03-17,16:36:07,Ch6,T. OVER
 01-03-17,16:37:07,Ch6,T. OVER
 01-03-17,16:38:07,Ch6,T. OVER
 01-03-17,16:39:08,Ch6,T. OVER
 01-03-17,16:40:08,Ch6,T. OVER
 01-03-17,16:41:08,Ch6,T. OVER
 01-03-17,16:42:08,Ch6,T. OVER
 01-03-17,16:43:08,Ch6,T. OVER
 01-03-17,16:44:09,Ch6,T. OVER
 01-03-17,16:45:09,Ch6,T. OVER
 01-03-17,16:46:09,Ch6,T. OVER
 01-03-17,16:47:09,Ch6,T. OVER
 01-03-17,16:48:09,Ch6,T. OVER
 01-03-17,16:49:09,Ch6,T. OVER
 01-03-17,16:50:10,Ch6,T. OVER
 01-03-17,16:51:10,Ch6,T. OVER
 01-03-17,16:52:10,Ch6,T. OVER
 01-03-17,16:53:10,Ch6,T. OVER
 01-03-17,16:54:11,Ch6,T. OVER
 01-03-17,16:55:11,Ch6,T. OVER
 01-03-17,16:56:11,Ch6,T. OVER
 01-03-17,16:57:11,Ch6,T. OVER
 01-03-17,16:58:11,Ch6,T. OVER
 01-03-17,16:59:12,Ch6,T. OVER
 01-03-17,17:00:12,Ch6,T. OVER
 01-03-17,17:01:12,Ch6,T. OVER
 01-03-17,17:02:12,Ch6,T. OVER
 01-03-17,17:03:12,Ch6,T. OVER
 01-03-17,17:04:12,Ch6,T. OVER
 01-03-17,17:05:13,Ch6,T. OVER
 01-03-17,17:06:13,Ch6,T. OVER
 01-03-17,17:07:13,Ch6,T. OVER
 01-03-17,17:08:13,Ch6,T. OVER
 01-03-17,17:09:13,Ch6,T. OVER
 01-03-17,17:10:13,Ch6,T. OVER
 01-03-17,17:11:14,Ch6,T. OVER
 01-03-17,17:12:14,Ch6,T. OVER
 01-03-17,17:13:14,Ch6,T. OVER
 01-03-17,17:14:14,Ch6,T. OVER
 01-03-17,17:15:14,Ch6,T. OVER
 01-03-17,17:16:14,Ch6,T. OVER
 01-03-17,17:17:14,Ch6,T. OVER
 01-03-17,17:18:15,Ch6,T. OVER
 01-03-17,17:19:15,Ch6,T. OVER
 01-03-17,17:20:15,Ch6,T. OVER
 01-03-17,17:21:15,Ch6,T. OVER
 01-03-17,17:22:16,Ch6,T. OVER
 01-03-17,17:23:16,Ch6,T. OVER
 01-03-17,17:24:16,Ch6,T. OVER
 01-03-17,17:25:16,Ch6,T. OVER
 01-03-17,17:26:16,Ch6,T. OVER
 01-03-17,17:27:17,Ch6,T. OVER
 01-03-17,17:28:17,Ch6,T. OVER
 01-03-17,17:29:17,Ch6,T. OVER
 01-03-17,17:30:17,Ch6,T. OVER
 01-03-17,17:31:17,Ch6,T. OVER
 01-03-17,17:32:17,Ch6,T. OVER
 01-03-17,17:33:18,Ch6,T. OVER
 01-03-17,17:34:18,Ch6,T. OVER
 01-03-17,17:35:18,Ch6,T. OVER
 01-03-17,17:36:18,Ch6,T. OVER
 01-03-17,17:37:18,Ch6,T. OVER
 01-03-17,17:38:18,Ch6,T. OVER
 01-03-17,17:39:19,Ch6,T. OVER
 01-03-17,17:40:19,Ch6,T. OVER
 01-03-17,17:41:19,Ch6,T. OVER
 01-03-17,17:42:19,Ch6,T. OVER
 01-03-17,17:43:19,Ch6,T. OVER
 01-03-17,17:44:19,Ch6,T. OVER
 01-03-17,17:45:20,Ch6,T. OVER
 01-03-17,17:46:20,Ch6,T. OVER
 01-03-17,17:47:20,Ch6,T. OVER
 01-03-17,17:48:20,Ch6,T. OVER
 01-03-17,17:49:20,Ch6,T. OVER
 01-03-17,17:50:20,Ch6,T. OVER
 01-03-17,17:51:21,Ch6,T. OVER
 01-03-17,17:52:21,Ch6,T. OVER
 01-03-17,17:53:21,Ch6,T. OVER
 01-03-17,17:54:21,Ch6,T. OVER
 01-03-17,17:55:21,Ch6,T. OVER
 01-03-17,17:56:21,Ch6,T. OVER
 01-03-17,17:57:21,Ch6,T. OVER
 01-03-17,17:58:22,Ch6,T. OVER
 01-03-17,17:59:22,Ch6,T. OVER
 01-03-17,18:00:22,Ch6,T. OVER
 01-03-17,18:01:22,Ch6,T. OVER
 01-03-17,18:02:22,Ch6,T. OVER
 01-03-17,18:03:22,Ch6,T. OVER
 01-03-17,18:04:23,Ch6,T. OVER
 01-03-17,18:05:23,Ch6,T. OVER
 01-03-17,18:06:23,Ch6,T. OVER
 01-03-17,18:07:23,Ch6,T. OVER
 01-03-17,18:08:24,Ch6,T. OVER
 01-03-17,18:09:24,Ch6,T. OVER
 01-03-17,18:10:24,Ch6,T. OVER
 01-03-17,18:11:24,Ch6,T. OVER
 01-03-17,18:12:24,Ch6,T. OVER
 01-03-17,18:13:25,Ch6,T. OVER
 01-03-17,18:14:25,Ch6,T. OVER
 01-03-17,18:15:25,Ch6,T. OVER
 01-03-17,18:16:25,Ch6,T. OVER
 01-03-17,18:17:25,Ch6,T. OVER
 01-03-17,18:18:26,Ch6,T. OVER
 01-03-17,18:19:26,Ch6,T. OVER
 01-03-17,18:20:26,Ch6,T. OVER
 01-03-17,18:21:26,Ch6,T. OVER
 01-03-17,18:22:27,Ch6,T. OVER
 01-03-17,18:23:27,Ch6,T. OVER
 01-03-17,18:24:27,Ch6,T. OVER
 01-03-17,18:25:27,Ch6,T. OVER
 01-03-17,18:26:27,Ch6,T. OVER
 01-03-17,18:27:27,Ch6,T. OVER
 01-03-17,18:28:27,Ch6,T. OVER
 01-03-17,18:29:28,Ch6,T. OVER
 01-03-17,18:30:28,Ch6,T. OVER
 01-03-17,18:31:28,Ch6,T. OVER
 01-03-17,18:32:28,Ch6,T. OVER
 01-03-17,18:33:28,Ch6,T. OVER
 01-03-17,18:34:28,Ch6,T. OVER
 01-03-17,18:35:29,Ch6,T. OVER
 01-03-17,18:36:29,Ch6,T. OVER
 01-03-17,18:37:29,Ch6,T. OVER
 01-03-17,18:38:29,Ch6,T. OVER
 01-03-17,18:39:30,Ch6,T. OVER
 01-03-17,18:40:30,Ch6,T. OVER
 01-03-17,18:41:30,Ch6,T. OVER
 01-03-17,18:42:30,Ch6,T. OVER
 01-03-17,18:43:30,Ch6,T. OVER
 01-03-17,18:44:30,Ch6,T. OVER
 01-03-17,18:45:30,Ch6,T. OVER
 01-03-17,18:46:31,Ch6,T. OVER
 01-03-17,18:47:31,Ch6,T. OVER
 01-03-17,18:48:31,Ch6,T. OVER
 01-03-17,18:49:31,Ch6,T. OVER
 01-03-17,18:50:32,Ch6,T. OVER
 01-03-17,18:51:32,Ch6,T. OVER
 01-03-17,18:52:32,Ch6,T. OVER
 01-03-17,18:53:32,Ch6,T. OVER
 01-03-17,18:54:32,Ch6,T. OVER
 01-03-17,18:55:32,Ch6,T. OVER
 01-03-17,18:56:33,Ch6,T. OVER
 01-03-17,18:57:33,Ch6,T. OVER
 01-03-17,18:58:33,Ch6,T. OVER
 01-03-17,18:59:33,Ch6,T. OVER
 01-03-17,19:00:33,Ch6,T. OVER
 01-03-17,19:01:34,Ch6,T. OVER
 01-03-17,19:02:34,Ch6,T. OVER
 01-03-17,19:03:34,Ch6,T. OVER
 01-03-17,19:04:34,Ch6,T. OVER
 01-03-17,19:05:34,Ch6,T. OVER
 01-03-17,19:06:35,Ch6,T. OVER
 01-03-17,19:07:35,Ch6,T. OVER
 01-03-17,19:08:35,Ch6,T. OVER
 01-03-17,19:09:35,Ch6,T. OVER
 01-03-17,19:10:35,Ch6,T. OVER
 01-03-17,19:11:35,Ch6,T. OVER
 01-03-17,19:12:36,Ch6,T. OVER
 01-03-17,19:13:36,Ch6,T. OVER
 01-03-17,19:14:36,Ch6,T. OVER
 01-03-17,19:15:36,Ch6,T. OVER
 01-03-17,19:16:36,Ch6,T. OVER
 01-03-17,19:17:37,Ch6,T. OVER
 01-03-17,19:18:37,Ch6,T. OVER
 01-03-17,19:19:37,Ch6,T. OVER
 01-03-17,19:20:37,Ch6,T. OVER
 01-03-17,19:21:37,Ch6,T. OVER
 01-03-17,19:22:37,Ch6,T. OVER
 01-03-17,19:23:37,Ch6,T. OVER
 01-03-17,19:24:38,Ch6,T. OVER
 01-03-17,19:25:38,Ch6,T. OVER
 01-03-17,19:26:38,Ch6,T. OVER
 01-03-17,19:27:38,Ch6,T. OVER
 01-03-17,19:28:39,Ch6,T. OVER
 01-03-17,19:29:39,Ch6,T. OVER
 01-03-17,19:30:39,Ch6,T. OVER
 01-03-17,19:31:39,Ch6,T. OVER
 01-03-17,19:32:39,Ch6,T. OVER
 01-03-17,19:33:39,Ch6,T. OVER
 01-03-17,19:34:39,Ch6,T. OVER
 01-03-17,19:35:40,Ch6,T. OVER
 01-03-17,19:36:40,Ch6,T. OVER
 01-03-17,19:37:40,Ch6,T. OVER
 01-03-17,19:38:40,Ch6,T. OVER
 01-03-17,19:39:40,Ch6,T. OVER
 01-03-17,19:40:40,Ch6,T. OVER
 01-03-17,19:41:40,Ch6,T. OVER
 01-03-17,19:42:41,Ch6,T. OVER
 01-03-17,19:43:41,Ch6,T. OVER
 01-03-17,19:44:41,Ch6,T. OVER
 01-03-17,19:45:41,Ch6,T. OVER
 01-03-17,19:46:41,Ch6,T. OVER
 01-03-17,19:47:41,Ch6,T. OVER
 01-03-17,19:48:41,Ch6,T. OVER
 01-03-17,19:49:42,Ch6,T. OVER
 01-03-17,19:50:42,Ch6,T. OVER
 01-03-17,19:51:42,Ch6,T. OVER
 01-03-17,19:52:42,Ch6,T. OVER
 01-03-17,19:53:43,Ch6,T. OVER
 01-03-17,19:54:43,Ch6,T. OVER
 01-03-17,19:55:43,Ch6,T. OVER
 01-03-17,19:56:43,Ch6,T. OVER
 01-03-17,19:57:43,Ch6,T. OVER
 01-03-17,19:58:44,Ch6,T. OVER
 01-03-17,19:59:44,Ch6,T. OVER
 01-03-17,20:00:44,Ch6,T. OVER
 01-03-17,20:01:44,Ch6,T. OVER
 01-03-17,20:02:44,Ch6,T. OVER
 01-03-17,20:03:44,Ch6,T. OVER
 01-03-17,20:04:44,Ch6,T. OVER
 01-03-17,20:05:44,Ch6,T. OVER
 01-03-17,20:06:44,Ch6,T. OVER
 01-03-17,20:07:45,Ch6,T. OVER
 01-03-17,20:08:45,Ch6,T. OVER
 01-03-17,20:09:45,Ch6,T. OVER
 01-03-17,20:10:45,Ch6,T. OVER
 01-03-17,20:11:45,Ch6,T. OVER
 01-03-17,20:12:45,Ch6,T. OVER
 01-03-17,20:13:46,Ch6,T. OVER
 01-03-17,20:14:46,Ch6,T. OVER
 01-03-17,20:15:46,Ch6,T. OVER
 01-03-17,20:16:46,Ch6,T. OVER
 01-03-17,20:17:46,Ch6,T. OVER
 01-03-17,20:18:46,Ch6,T. OVER
 01-03-17,20:19:47,Ch6,T. OVER
 01-03-17,20:20:47,Ch6,T. OVER
 01-03-17,20:21:47,Ch6,T. OVER
 01-03-17,20:22:47,Ch6,T. OVER
 01-03-17,20:23:48,Ch6,T. OVER
 01-03-17,20:24:48,Ch6,T. OVER
 01-03-17,20:25:48,Ch6,T. OVER
 01-03-17,20:26:48,Ch6,T. OVER
 01-03-17,20:27:48,Ch6,T. OVER
 01-03-17,20:28:48,Ch6,T. OVER
 01-03-17,20:29:48,Ch6,T. OVER
 01-03-17,20:30:48,Ch6,T. OVER
 01-03-17,20:31:48,Ch6,T. OVER
 01-03-17,20:32:49,Ch6,T. OVER
 01-03-17,20:33:49,Ch6,T. OVER
 01-03-17,20:34:49,Ch6,T. OVER
 01-03-17,20:35:49,Ch6,T. OVER
 01-03-17,20:36:49,Ch6,T. OVER
 01-03-17,20:37:50,Ch6,T. OVER
 01-03-17,20:38:50,Ch6,T. OVER
 01-03-17,20:39:50,Ch6,T. OVER
 01-03-17,20:40:50,Ch6,T. OVER
 01-03-17,20:41:50,Ch6,T. OVER
 01-03-17,20:42:50,Ch6,T. OVER
 01-03-17,20:43:51,Ch6,T. OVER
 01-03-17,20:44:51,Ch6,T. OVER
 01-03-17,20:45:51,Ch6,T. OVER
 01-03-17,20:46:51,Ch6,T. OVER
 01-03-17,20:47:51,Ch6,T. OVER
 01-03-17,20:48:51,Ch6,T. OVER
 01-03-17,20:49:52,Ch6,T. OVER
 01-03-17,20:50:52,Ch6,T. OVER
 01-03-17,20:51:52,Ch6,T. OVER
 01-03-17,20:52:52,Ch6,T. OVER
 01-03-17,20:53:52,Ch6,T. OVER
 01-03-17,20:54:52,Ch6,T. OVER
 01-03-17,20:55:53,Ch6,T. OVER
 01-03-17,20:56:53,Ch6,T. OVER
 01-03-17,20:57:53,Ch6,T. OVER
 01-03-17,20:58:53,Ch6,T. OVER
 01-03-17,20:59:54,Ch6,T. OVER
 01-03-17,21:00:54,Ch6,T. OVER
 01-03-17,21:01:54,Ch6,T. OVER
 01-03-17,21:02:54,Ch6,T. OVER
 01-03-17,21:03:54,Ch6,T. OVER
 01-03-17,21:04:54,Ch6,T. OVER
 01-03-17,21:05:55,Ch6,T. OVER
 01-03-17,21:06:55,Ch6,T. OVER
 01-03-17,21:07:55,Ch6,T. OVER
 01-03-17,21:08:55,Ch6,T. OVER
 01-03-17,21:09:55,Ch6,T. OVER
 01-03-17,21:10:55,Ch6,T. OVER
 01-03-17,21:11:55,Ch6,T. OVER
 01-03-17,21:12:55,Ch6,T. OVER
 01-03-17,21:13:55,Ch6,T. OVER
 01-03-17,21:14:56,Ch6,T. OVER
 01-03-17,21:15:56,Ch6,T. OVER
 01-03-17,21:16:56,Ch6,T. OVER
 01-03-17,21:17:56,Ch6,T. OVER
 01-03-17,21:18:57,Ch6,T. OVER
 01-03-17,21:19:57,Ch6,T. OVER
 01-03-17,21:20:57,Ch6,T. OVER
 01-03-17,21:21:57,Ch6,T. OVER
 01-03-17,21:22:57,Ch6,T. OVER
 01-03-17,21:23:57,Ch6,T. OVER
 01-03-17,21:24:58,Ch6,T. OVER
 01-03-17,21:25:58,Ch6,T. OVER
 01-03-17,21:26:58,Ch6,T. OVER
 01-03-17,21:27:58,Ch6,T. OVER
 01-03-17,21:28:58,Ch6,T. OVER
 01-03-17,21:29:59,Ch6,T. OVER
 01-03-17,21:30:59,Ch6,T. OVER
 01-03-17,21:31:59,Ch6,T. OVER
 01-03-17,21:32:59,Ch6,T. OVER
 01-03-17,21:33:59,Ch6,T. OVER
 01-03-17,21:35:00,Ch6,T. OVER
 01-03-17,21:36:00,Ch6,T. OVER
 01-03-17,21:37:00,Ch6,T. OVER
 01-03-17,21:38:00,Ch6,T. OVER
 01-03-17,21:39:01,Ch6,T. OVER
 01-03-17,21:40:01,Ch6,T. OVER
 01-03-17,21:41:01,Ch6,T. OVER
 01-03-17,21:42:01,Ch6,T. OVER
 01-03-17,21:43:01,Ch6,T. OVER
 01-03-17,21:44:01,Ch6,T. OVER
 01-03-17,21:45:02,Ch6,T. OVER
 01-03-17,21:46:02,Ch6,T. OVER
 01-03-17,21:47:02,Ch6,T. OVER
 01-03-17,21:48:02,Ch6,T. OVER
 01-03-17,21:49:02,Ch6,T. OVER
 01-03-17,21:50:03,Ch6,T. OVER
 01-03-17,21:51:03,Ch6,T. OVER
 01-03-17,21:52:03,Ch6,T. OVER
 01-03-17,21:53:03,Ch6,T. OVER
 01-03-17,21:54:03,Ch6,T. OVER
 01-03-17,21:55:03,Ch6,T. OVER
 01-03-17,21:56:04,Ch6,T. OVER
 01-03-17,21:57:04,Ch6,T. OVER
 01-03-17,21:58:04,Ch6,T. OVER
 01-03-17,21:59:04,Ch6,T. OVER
 01-03-17,22:00:05,Ch6,T. OVER
 01-03-17,22:01:05,Ch6,T. OVER
 01-03-17,22:02:05,Ch6,T. OVER
 01-03-17,22:03:05,Ch6,T. OVER
 01-03-17,22:04:05,Ch6,T. OVER
 01-03-17,22:05:05,Ch6,T. OVER
 01-03-17,22:06:06,Ch6,T. OVER
 01-03-17,22:07:06,Ch6,T. OVER
 01-03-17,22:08:06,Ch6,T. OVER
 01-03-17,22:09:06,Ch6,T. OVER
 01-03-17,22:10:06,Ch6,T. OVER
 01-03-17,22:11:06,Ch6,T. OVER
 01-03-17,22:12:07,Ch6,T. OVER
 01-03-17,22:13:07,Ch6,T. OVER
 01-03-17,22:14:07,Ch6,T. OVER
 01-03-17,22:15:07,Ch6,T. OVER
 01-03-17,22:16:07,Ch6,T. OVER
 01-03-17,22:17:08,Ch6,T. OVER
 01-03-17,22:18:08,Ch6,T. OVER
 01-03-17,22:19:08,Ch6,T. OVER
 01-03-17,22:20:08,Ch6,T. OVER
 01-03-17,22:21:08,Ch6,T. OVER
 01-03-17,22:22:09,Ch6,T. OVER
 01-03-17,22:23:09,Ch6,T. OVER
 01-03-17,22:24:09,Ch6,T. OVER
 01-03-17,22:25:09,Ch6,T. OVER
 01-03-17,22:26:09,Ch6,T. OVER
 01-03-17,22:27:09,Ch6,T. OVER
 01-03-17,22:28:10,Ch6,T. OVER
 01-03-17,22:29:10,Ch6,T. OVER
 01-03-17,22:30:10,Ch6,T. OVER
 01-03-17,22:31:10,Ch6,T. OVER
 01-03-17,22:32:10,Ch6,T. OVER
 01-03-17,22:33:11,Ch6,T. OVER
 01-03-17,22:34:11,Ch6,T. OVER
 01-03-17,22:35:11,Ch6,T. OVER
 01-03-17,22:36:11,Ch6,T. OVER
 01-03-17,22:37:11,Ch6,T. OVER
 01-03-17,22:38:11,Ch6,T. OVER
 01-03-17,22:39:11,Ch6,T. OVER
 01-03-17,22:40:12,Ch6,T. OVER
 01-03-17,22:41:12,Ch6,T. OVER
 01-03-17,22:42:12,Ch6,T. OVER
 01-03-17,22:43:12,Ch6,T. OVER
 01-03-17,22:44:12,Ch6,T. OVER
 01-03-17,22:45:12,Ch6,T. OVER
 01-03-17,22:46:12,Ch6,T. OVER
 01-03-17,22:47:13,Ch6,T. OVER
 01-03-17,22:48:13,Ch6,T. OVER
 01-03-17,22:49:13,Ch6,T. OVER
 01-03-17,22:50:13,Ch6,T. OVER
 01-03-17,22:51:13,Ch6,T. OVER
 01-03-17,22:52:13,Ch6,T. OVER
 01-03-17,22:53:14,Ch6,T. OVER
 01-03-17,22:54:14,Ch6,T. OVER
 01-03-17,22:55:14,Ch6,T. OVER
 01-03-17,22:56:14,Ch6,T. OVER
 01-03-17,22:57:14,Ch6,T. OVER
 01-03-17,22:58:14,Ch6,T. OVER
 01-03-17,22:59:14,Ch6,T. OVER
 01-03-17,23:00:15,Ch6,T. OVER
 01-03-17,23:01:15,Ch6,T. OVER
 01-03-17,23:02:15,Ch6,T. OVER
 01-03-17,23:03:15,Ch6,T. OVER
 01-03-17,23:04:16,Ch6,T. OVER
 01-03-17,23:05:16,Ch6,T. OVER
 01-03-17,23:06:16,Ch6,T. OVER
 01-03-17,23:07:16,Ch6,T. OVER
 01-03-17,23:08:16,Ch6,T. OVER
 01-03-17,23:09:16,Ch6,T. OVER
 01-03-17,23:10:17,Ch6,T. OVER
 01-03-17,23:11:17,Ch6,T. OVER
 01-03-17,23:12:17,Ch6,T. OVER
 01-03-17,23:13:17,Ch6,T. OVER
 01-03-17,23:14:17,Ch6,T. OVER
 01-03-17,23:15:18,Ch6,T. OVER
 01-03-17,23:16:18,Ch6,T. OVER
 01-03-17,23:17:18,Ch6,T. OVER
 01-03-17,23:18:18,Ch6,T. OVER
 01-03-17,23:19:18,Ch6,T. OVER
 01-03-17,23:20:19,Ch6,T. OVER
 01-03-17,23:21:19,Ch6,T. OVER
 01-03-17,23:22:19,Ch6,T. OVER
 01-03-17,23:23:19,Ch6,T. OVER
 01-03-17,23:24:20,Ch6,T. OVER
 01-03-17,23:25:20,Ch6,T. OVER
 01-03-17,23:26:20,Ch6,T. OVER
 01-03-17,23:27:20,Ch6,T. OVER
 01-03-17,23:28:21,Ch6,T. OVER
 01-03-17,23:29:21,Ch6,T. OVER
 01-03-17,23:30:21,Ch6,T. OVER
 01-03-17,23:31:21,Ch6,T. OVER
 01-03-17,23:32:21,Ch6,T. OVER
 01-03-17,23:33:21,Ch6,T. OVER
 01-03-17,23:34:22,Ch6,T. OVER
 01-03-17,23:35:22,Ch6,T. OVER
 01-03-17,23:36:22,Ch6,T. OVER
 01-03-17,23:37:22,Ch6,T. OVER
 01-03-17,23:38:22,Ch6,T. OVER
 01-03-17,23:39:22,Ch6,T. OVER
 01-03-17,23:40:22,Ch6,T. OVER
 01-03-17,23:41:23,Ch6,T. OVER
 01-03-17,23:42:23,Ch6,T. OVER
 01-03-17,23:43:23,Ch6,T. OVER
 01-03-17,23:44:23,Ch6,T. OVER
 01-03-17,23:45:23,Ch6,T. OVER
 01-03-17,23:46:23,Ch6,T. OVER
 01-03-17,23:47:24,Ch6,T. OVER
 01-03-17,23:48:24,Ch6,T. OVER
 01-03-17,23:49:24,Ch6,T. OVER
 01-03-17,23:50:24,Ch6,T. OVER
 01-03-17,23:51:24,Ch6,T. OVER
 01-03-17,23:52:24,Ch6,T. OVER
 01-03-17,23:53:24,Ch6,T. OVER
 01-03-17,23:54:25,Ch6,T. OVER
 01-03-17,23:55:25,Ch6,T. OVER
 01-03-17,23:56:25,Ch6,T. OVER
 01-03-17,23:57:25,Ch6,T. OVER
 01-03-17,23:58:25,Ch6,T. OVER
 01-03-17,23:59:26,Ch6,T. OVER
