 20-12-16,00:00:53,Ch6,T. OVER
 20-12-16,00:01:53,Ch6,T. OVER
 20-12-16,00:02:53,Ch6,T. OVER
 20-12-16,00:03:54,Ch6,T. OVER
 20-12-16,00:04:54,Ch6,T. OVER
 20-12-16,00:05:54,Ch6,T. OVER
 20-12-16,00:06:54,Ch6,T. OVER
 20-12-16,00:07:54,Ch6,T. OVER
 20-12-16,00:08:54,Ch6,T. OVER
 20-12-16,00:09:54,Ch6,T. OVER
 20-12-16,00:10:54,Ch6,T. OVER
 20-12-16,00:11:54,Ch6,T. OVER
 20-12-16,00:12:54,Ch6,T. OVER
 20-12-16,00:13:55,Ch6,T. OVER
 20-12-16,00:14:55,Ch6,T. OVER
 20-12-16,00:15:55,Ch6,T. OVER
 20-12-16,00:16:55,Ch6,T. OVER
 20-12-16,00:17:55,Ch6,T. OVER
 20-12-16,00:18:55,Ch6,T. OVER
 20-12-16,00:19:55,Ch6,T. OVER
 20-12-16,00:20:55,Ch6,T. OVER
 20-12-16,00:21:55,Ch6,T. OVER
 20-12-16,00:22:55,Ch6,T. OVER
 20-12-16,00:23:55,Ch6,T. OVER
 20-12-16,00:24:55,Ch6,T. OVER
 20-12-16,00:25:55,Ch6,T. OVER
 20-12-16,00:26:55,Ch6,T. OVER
 20-12-16,00:27:55,Ch6,T. OVER
 20-12-16,00:28:56,Ch6,T. OVER
 20-12-16,00:29:56,Ch6,T. OVER
 20-12-16,00:30:56,Ch6,T. OVER
 20-12-16,00:31:56,Ch6,T. OVER
 20-12-16,00:32:56,Ch6,T. OVER
 20-12-16,00:33:56,Ch6,T. OVER
 20-12-16,00:34:56,Ch6,T. OVER
 20-12-16,00:35:56,Ch6,T. OVER
 20-12-16,00:36:56,Ch6,T. OVER
 20-12-16,00:37:57,Ch6,T. OVER
 20-12-16,00:38:57,Ch6,T. OVER
 20-12-16,00:39:57,Ch6,T. OVER
 20-12-16,00:40:57,Ch6,T. OVER
 20-12-16,00:41:57,Ch6,T. OVER
 20-12-16,00:42:57,Ch6,T. OVER
 20-12-16,00:43:57,Ch6,T. OVER
 20-12-16,00:44:57,Ch6,T. OVER
 20-12-16,00:45:57,Ch6,T. OVER
 20-12-16,00:46:57,Ch6,T. OVER
 20-12-16,00:47:57,Ch6,T. OVER
 20-12-16,00:48:58,Ch6,T. OVER
 20-12-16,00:49:58,Ch6,T. OVER
 20-12-16,00:50:58,Ch6,T. OVER
 20-12-16,00:51:58,Ch6,T. OVER
 20-12-16,00:52:58,Ch6,T. OVER
 20-12-16,00:53:58,Ch6,T. OVER
 20-12-16,00:54:58,Ch6,T. OVER
 20-12-16,00:55:58,Ch6,T. OVER
 20-12-16,00:56:58,Ch6,T. OVER
 20-12-16,00:57:58,Ch6,T. OVER
 20-12-16,00:58:58,Ch6,T. OVER
 20-12-16,00:59:58,Ch6,T. OVER
 20-12-16,01:00:59,Ch6,T. OVER
 20-12-16,01:01:59,Ch6,T. OVER
 20-12-16,01:02:59,Ch6,T. OVER
 20-12-16,01:03:59,Ch6,T. OVER
 20-12-16,01:04:59,Ch6,T. OVER
 20-12-16,01:05:59,Ch6,T. OVER
 20-12-16,01:06:59,Ch6,T. OVER
 20-12-16,01:07:59,Ch6,T. OVER
 20-12-16,01:09:00,Ch6,T. OVER
 20-12-16,01:10:00,Ch6,T. OVER
 20-12-16,01:11:00,Ch6,T. OVER
 20-12-16,01:12:00,Ch6,T. OVER
 20-12-16,01:13:00,Ch6,T. OVER
 20-12-16,01:14:00,Ch6,T. OVER
 20-12-16,01:15:00,Ch6,T. OVER
 20-12-16,01:16:01,Ch6,T. OVER
 20-12-16,01:17:01,Ch6,T. OVER
 20-12-16,01:18:01,Ch6,T. OVER
 20-12-16,01:19:01,Ch6,T. OVER
 20-12-16,01:20:01,Ch6,T. OVER
 20-12-16,01:21:01,Ch6,T. OVER
 20-12-16,01:22:01,Ch6,T. OVER
 20-12-16,01:23:01,Ch6,T. OVER
 20-12-16,01:24:01,Ch6,T. OVER
 20-12-16,01:25:01,Ch6,T. OVER
 20-12-16,01:26:01,Ch6,T. OVER
 20-12-16,01:27:01,Ch6,T. OVER
 20-12-16,01:28:01,Ch6,T. OVER
 20-12-16,01:29:02,Ch6,T. OVER
 20-12-16,01:30:02,Ch6,T. OVER
 20-12-16,01:31:02,Ch6,T. OVER
 20-12-16,01:32:02,Ch6,T. OVER
 20-12-16,01:33:02,Ch6,T. OVER
 20-12-16,01:34:02,Ch6,T. OVER
 20-12-16,01:35:02,Ch6,T. OVER
 20-12-16,01:36:02,Ch6,T. OVER
 20-12-16,01:37:02,Ch6,T. OVER
 20-12-16,01:38:02,Ch6,T. OVER
 20-12-16,01:39:02,Ch6,T. OVER
 20-12-16,01:40:02,Ch6,T. OVER
 20-12-16,01:41:02,Ch6,T. OVER
 20-12-16,01:42:02,Ch6,T. OVER
 20-12-16,01:43:03,Ch6,T. OVER
 20-12-16,01:44:03,Ch6,T. OVER
 20-12-16,01:45:03,Ch6,T. OVER
 20-12-16,01:46:03,Ch6,T. OVER
 20-12-16,01:47:03,Ch6,T. OVER
 20-12-16,01:48:03,Ch6,T. OVER
 20-12-16,01:49:03,Ch6,T. OVER
 20-12-16,01:50:03,Ch6,T. OVER
 20-12-16,01:51:03,Ch6,T. OVER
 20-12-16,01:52:03,Ch6,T. OVER
 20-12-16,01:53:03,Ch6,T. OVER
 20-12-16,01:54:03,Ch6,T. OVER
 20-12-16,01:55:03,Ch6,T. OVER
 20-12-16,01:56:04,Ch6,T. OVER
 20-12-16,01:57:04,Ch6,T. OVER
 20-12-16,01:58:04,Ch6,T. OVER
 20-12-16,01:59:04,Ch6,T. OVER
 20-12-16,02:00:04,Ch6,T. OVER
 20-12-16,02:01:04,Ch6,T. OVER
 20-12-16,02:02:04,Ch6,T. OVER
 20-12-16,02:03:04,Ch6,T. OVER
 20-12-16,02:04:04,Ch6,T. OVER
 20-12-16,02:05:04,Ch6,T. OVER
 20-12-16,02:06:04,Ch6,T. OVER
 20-12-16,02:07:04,Ch6,T. OVER
 20-12-16,02:08:04,Ch6,T. OVER
 20-12-16,02:09:04,Ch6,T. OVER
 20-12-16,02:10:04,Ch6,T. OVER
 20-12-16,02:11:05,Ch6,T. OVER
 20-12-16,02:12:05,Ch6,T. OVER
 20-12-16,02:13:05,Ch1,VDIF OVL 20-12-16,02:13:05,Ch6,T. OVER
 20-12-16,02:14:05,Ch6,T. OVER
 20-12-16,02:15:05,Ch6,T. OVER
 20-12-16,02:16:05,Ch6,T. OVER
 20-12-16,02:17:05,Ch6,T. OVER
 20-12-16,02:18:05,Ch6,T. OVER
 20-12-16,02:19:05,Ch6,T. OVER
 20-12-16,02:20:05,Ch6,T. OVER
 20-12-16,02:21:05,Ch6,T. OVER
 20-12-16,02:22:06,Ch6,T. OVER
 20-12-16,02:23:06,Ch6,T. OVER
 20-12-16,02:24:06,Ch6,T. OVER
 20-12-16,02:25:06,Ch6,T. OVER
 20-12-16,02:26:06,Ch6,T. OVER
 20-12-16,02:27:06,Ch6,T. OVER
 20-12-16,02:28:06,Ch6,T. OVER
 20-12-16,02:29:06,Ch6,T. OVER
 20-12-16,02:30:06,Ch6,T. OVER
 20-12-16,02:31:06,Ch6,T. OVER
 20-12-16,02:32:06,Ch6,T. OVER
 20-12-16,02:33:06,Ch6,T. OVER
 20-12-16,02:34:06,Ch6,T. OVER
 20-12-16,02:35:06,Ch6,T. OVER
 20-12-16,02:36:07,Ch6,T. OVER
 20-12-16,02:37:07,Ch6,T. OVER
 20-12-16,02:38:07,Ch6,T. OVER
 20-12-16,02:39:07,Ch6,T. OVER
 20-12-16,02:40:07,Ch6,T. OVER
 20-12-16,02:41:07,Ch6,T. OVER
 20-12-16,02:42:07,Ch6,T. OVER
 20-12-16,02:43:07,Ch6,T. OVER
 20-12-16,02:44:08,Ch6,T. OVER
 20-12-16,02:45:08,Ch6,T. OVER
 20-12-16,02:46:08,Ch6,T. OVER
 20-12-16,02:47:08,Ch6,T. OVER
 20-12-16,02:48:08,Ch6,T. OVER
 20-12-16,02:49:08,Ch6,T. OVER
 20-12-16,02:50:08,Ch6,T. OVER
 20-12-16,02:51:08,Ch6,T. OVER
 20-12-16,02:52:08,Ch6,T. OVER
 20-12-16,02:53:08,Ch6,T. OVER
 20-12-16,02:54:08,Ch6,T. OVER
 20-12-16,02:55:08,Ch6,T. OVER
 20-12-16,02:56:08,Ch6,T. OVER
 20-12-16,02:57:08,Ch6,T. OVER
 20-12-16,02:58:09,Ch6,T. OVER
 20-12-16,02:59:09,Ch6,T. OVER
 20-12-16,03:00:09,Ch6,T. OVER
 20-12-16,03:01:09,Ch6,T. OVER
 20-12-16,03:02:09,Ch6,T. OVER
 20-12-16,03:03:09,Ch6,T. OVER
 20-12-16,03:04:09,Ch6,T. OVER
 20-12-16,03:05:09,Ch6,T. OVER
 20-12-16,03:06:09,Ch6,T. OVER
 20-12-16,03:07:09,Ch6,T. OVER
 20-12-16,03:08:09,Ch6,T. OVER
 20-12-16,03:09:09,Ch6,T. OVER
 20-12-16,03:10:09,Ch6,T. OVER
 20-12-16,03:11:09,Ch6,T. OVER
 20-12-16,03:12:09,Ch6,T. OVER
 20-12-16,03:13:09,Ch6,T. OVER
 20-12-16,03:14:10,Ch6,T. OVER
 20-12-16,03:15:10,Ch6,T. OVER
 20-12-16,03:16:10,Ch6,T. OVER
 20-12-16,03:17:10,Ch6,T. OVER
 20-12-16,03:18:10,Ch6,T. OVER
 20-12-16,03:19:10,Ch6,T. OVER
 20-12-16,03:20:11,Ch6,T. OVER
 20-12-16,03:21:11,Ch6,T. OVER
 20-12-16,03:22:11,Ch6,T. OVER
 20-12-16,03:23:11,Ch6,T. OVER
 20-12-16,03:24:11,Ch6,T. OVER
 20-12-16,03:25:11,Ch6,T. OVER
 20-12-16,03:26:11,Ch6,T. OVER
 20-12-16,03:27:11,Ch6,T. OVER
 20-12-16,03:28:11,Ch6,T. OVER
 20-12-16,03:29:11,Ch6,T. OVER
 20-12-16,03:30:11,Ch6,T. OVER
 20-12-16,03:31:11,Ch6,T. OVER
 20-12-16,03:32:11,Ch6,T. OVER
 20-12-16,03:33:11,Ch6,T. OVER
 20-12-16,03:34:11,Ch6,T. OVER
 20-12-16,03:35:11,Ch6,T. OVER
 20-12-16,03:36:12,Ch6,T. OVER
 20-12-16,03:37:12,Ch6,T. OVER
 20-12-16,03:38:12,Ch6,T. OVER
 20-12-16,03:39:12,Ch6,T. OVER
 20-12-16,03:40:12,Ch6,T. OVER
 20-12-16,03:41:12,Ch6,T. OVER
 20-12-16,03:42:12,Ch6,T. OVER
 20-12-16,03:43:12,Ch6,T. OVER
 20-12-16,03:44:12,Ch6,T. OVER
 20-12-16,03:45:12,Ch6,T. OVER
 20-12-16,03:46:12,Ch6,T. OVER
 20-12-16,03:47:12,Ch6,T. OVER
 20-12-16,03:48:12,Ch6,T. OVER
 20-12-16,03:49:12,Ch6,T. OVER
 20-12-16,03:50:12,Ch6,T. OVER
 20-12-16,03:51:13,Ch6,T. OVER
 20-12-16,03:52:13,Ch6,T. OVER
 20-12-16,03:53:13,Ch6,T. OVER
 20-12-16,03:54:13,Ch6,T. OVER
 20-12-16,03:55:13,Ch6,T. OVER
 20-12-16,03:56:13,Ch6,T. OVER
 20-12-16,03:57:13,Ch6,T. OVER
 20-12-16,03:58:13,Ch6,T. OVER
 20-12-16,03:59:13,Ch6,T. OVER
 20-12-16,04:00:13,Ch6,T. OVER
 20-12-16,04:01:13,Ch6,T. OVER
 20-12-16,04:02:13,Ch6,T. OVER
 20-12-16,04:03:13,Ch6,T. OVER
 20-12-16,04:04:13,Ch6,T. OVER
 20-12-16,04:05:14,Ch6,T. OVER
 20-12-16,04:06:14,Ch6,T. OVER
 20-12-16,04:07:14,Ch6,T. OVER
 20-12-16,04:08:14,Ch6,T. OVER
 20-12-16,04:09:14,Ch6,T. OVER
 20-12-16,04:10:14,Ch6,T. OVER
 20-12-16,04:11:14,Ch6,T. OVER
 20-12-16,04:12:14,Ch6,T. OVER
 20-12-16,04:13:15,Ch6,T. OVER
 20-12-16,04:14:15,Ch6,T. OVER
 20-12-16,04:15:15,Ch6,T. OVER
 20-12-16,04:16:15,Ch6,T. OVER
 20-12-16,04:17:15,Ch6,T. OVER
 20-12-16,04:18:15,Ch6,T. OVER
 20-12-16,04:19:15,Ch6,T. OVER
 20-12-16,04:20:15,Ch6,T. OVER
 20-12-16,04:21:15,Ch6,T. OVER
 20-12-16,04:22:16,Ch6,T. OVER
 20-12-16,04:23:16,Ch6,T. OVER
 20-12-16,04:24:16,Ch6,T. OVER
 20-12-16,04:25:16,Ch6,T. OVER
 20-12-16,04:26:16,Ch6,T. OVER
 20-12-16,04:27:16,Ch6,T. OVER
 20-12-16,04:28:16,Ch6,T. OVER
 20-12-16,04:29:16,Ch6,T. OVER
 20-12-16,04:30:16,Ch6,T. OVER
 20-12-16,04:31:16,Ch6,T. OVER
 20-12-16,04:32:16,Ch6,T. OVER
 20-12-16,04:33:16,Ch6,T. OVER
 20-12-16,04:34:17,Ch6,T. OVER
 20-12-16,04:35:17,Ch6,T. OVER
 20-12-16,04:36:17,Ch6,VMIX OVL,T. OVER
 20-12-16,04:37:17,Ch6,T. OVER
 20-12-16,04:38:17,Ch6,T. OVER
 20-12-16,04:39:17,Ch6,T. OVER
 20-12-16,04:40:18,Ch6,T. OVER
 20-12-16,04:41:18,Ch6,T. OVER
 20-12-16,04:42:18,Ch6,T. OVER
 20-12-16,04:43:18,Ch6,T. OVER
 20-12-16,04:44:18,Ch6,T. OVER
 20-12-16,04:45:18,Ch6,T. OVER
 20-12-16,04:46:18,Ch6,T. OVER
 20-12-16,04:47:18,Ch6,T. OVER
 20-12-16,04:48:18,Ch6,T. OVER
 20-12-16,04:49:18,Ch6,T. OVER
 20-12-16,04:50:18,Ch6,T. OVER
 20-12-16,04:51:18,Ch6,T. OVER
 20-12-16,04:52:18,Ch6,T. OVER
 20-12-16,04:53:19,Ch6,T. OVER
 20-12-16,04:54:19,Ch6,T. OVER
 20-12-16,04:55:19,Ch6,T. OVER
 20-12-16,04:56:19,Ch6,T. OVER
 20-12-16,04:57:19,Ch6,T. OVER
 20-12-16,04:58:19,Ch6,T. OVER
 20-12-16,04:59:19,Ch6,T. OVER
 20-12-16,05:00:19,Ch6,T. OVER
 20-12-16,05:01:19,Ch6,T. OVER
 20-12-16,05:02:19,Ch6,T. OVER
 20-12-16,05:03:19,Ch6,T. OVER
 20-12-16,05:04:19,Ch6,T. OVER
 20-12-16,05:05:19,Ch6,T. OVER
 20-12-16,05:06:19,Ch6,T. OVER
 20-12-16,05:07:19,Ch6,T. OVER
 20-12-16,05:08:20,Ch6,T. OVER
 20-12-16,05:09:20,Ch6,T. OVER
 20-12-16,05:10:20,Ch6,T. OVER
 20-12-16,05:11:20,Ch6,T. OVER
 20-12-16,05:12:20,Ch6,T. OVER
 20-12-16,05:13:20,Ch6,T. OVER
 20-12-16,05:14:21,Ch6,T. OVER
 20-12-16,05:15:21,Ch6,T. OVER
 20-12-16,05:16:21,Ch6,T. OVER
 20-12-16,05:17:21,Ch6,T. OVER
 20-12-16,05:18:21,Ch6,T. OVER
 20-12-16,05:19:21,Ch6,T. OVER
 20-12-16,05:20:21,Ch6,T. OVER
 20-12-16,05:21:21,Ch6,T. OVER
 20-12-16,05:22:21,Ch6,T. OVER
 20-12-16,05:23:21,Ch6,T. OVER
 20-12-16,05:24:22,Ch6,T. OVER
 20-12-16,05:25:22,Ch6,T. OVER
 20-12-16,05:26:22,Ch6,T. OVER
 20-12-16,05:27:22,Ch6,T. OVER
 20-12-16,05:28:22,Ch6,T. OVER
 20-12-16,05:29:22,Ch6,T. OVER
 20-12-16,05:30:22,Ch6,T. OVER
 20-12-16,05:31:22,Ch6,T. OVER
 20-12-16,05:32:22,Ch6,T. OVER
 20-12-16,05:33:22,Ch6,T. OVER
 20-12-16,05:34:22,Ch6,T. OVER
 20-12-16,05:35:22,Ch6,T. OVER
 20-12-16,05:36:22,Ch6,T. OVER
 20-12-16,05:37:22,Ch6,T. OVER
 20-12-16,05:38:23,Ch6,T. OVER
 20-12-16,05:39:23,Ch6,T. OVER
 20-12-16,05:40:23,Ch6,T. OVER
 20-12-16,05:41:23,Ch6,T. OVER
 20-12-16,05:42:23,Ch6,T. OVER
 20-12-16,05:43:23,Ch6,T. OVER
 20-12-16,05:44:23,Ch6,T. OVER
 20-12-16,05:45:23,Ch6,T. OVER
 20-12-16,05:46:24,Ch6,T. OVER
 20-12-16,05:47:24,Ch6,T. OVER
 20-12-16,05:48:24,Ch6,T. OVER
 20-12-16,05:49:24,Ch6,T. OVER
 20-12-16,05:50:24,Ch6,T. OVER
 20-12-16,05:51:24,Ch6,T. OVER
 20-12-16,05:52:24,Ch6,T. OVER
 20-12-16,05:53:24,Ch6,T. OVER
 20-12-16,05:54:24,Ch6,T. OVER
 20-12-16,05:55:24,Ch6,T. OVER
 20-12-16,05:56:24,Ch6,T. OVER
 20-12-16,05:57:24,Ch6,T. OVER
 20-12-16,05:58:24,Ch6,T. OVER
 20-12-16,05:59:24,Ch6,T. OVER
 20-12-16,06:00:24,Ch6,T. OVER
 20-12-16,06:01:25,Ch6,T. OVER
 20-12-16,06:02:25,Ch6,T. OVER
 20-12-16,06:03:25,Ch6,T. OVER
 20-12-16,06:04:25,Ch6,T. OVER
 20-12-16,06:05:25,Ch6,T. OVER
 20-12-16,06:06:25,Ch6,T. OVER
 20-12-16,06:07:25,Ch6,T. OVER
 20-12-16,06:08:25,Ch6,T. OVER
 20-12-16,06:09:25,Ch6,T. OVER
 20-12-16,06:10:25,Ch6,T. OVER
 20-12-16,06:11:25,Ch6,T. OVER
 20-12-16,06:12:25,Ch6,T. OVER
 20-12-16,06:13:26,Ch6,T. OVER
 20-12-16,06:14:26,Ch6,T. OVER
 20-12-16,06:15:26,Ch6,T. OVER
 20-12-16,06:16:26,Ch6,T. OVER
 20-12-16,06:17:26,Ch6,T. OVER
 20-12-16,06:18:26,Ch6,T. OVER
 20-12-16,06:19:26,Ch6,T. OVER
 20-12-16,06:20:26,Ch6,T. OVER
 20-12-16,06:21:26,Ch6,T. OVER
 20-12-16,06:22:27,Ch6,T. OVER
 20-12-16,06:23:27,Ch6,T. OVER
 20-12-16,06:24:27,Ch6,T. OVER
 20-12-16,06:25:27,Ch6,T. OVER
 20-12-16,06:26:27,Ch6,T. OVER
 20-12-16,06:27:27,Ch6,T. OVER
 20-12-16,06:28:27,Ch6,T. OVER
 20-12-16,06:29:27,Ch6,T. OVER
 20-12-16,06:30:28,Ch6,T. OVER
 20-12-16,06:31:28,Ch6,T. OVER
 20-12-16,06:32:28,Ch6,T. OVER
 20-12-16,06:33:28,Ch6,T. OVER
 20-12-16,06:34:28,Ch6,T. OVER
 20-12-16,06:35:28,Ch6,T. OVER
 20-12-16,06:36:29,Ch6,T. OVER
 20-12-16,06:37:29,Ch6,T. OVER
 20-12-16,06:38:29,Ch6,T. OVER
 20-12-16,06:39:29,Ch6,T. OVER
 20-12-16,06:40:29,Ch6,T. OVER
 20-12-16,06:41:29,Ch6,T. OVER
 20-12-16,06:42:29,Ch6,T. OVER
 20-12-16,06:43:30,Ch6,T. OVER
 20-12-16,06:44:30,Ch6,T. OVER
 20-12-16,06:45:30,Ch6,T. OVER
 20-12-16,06:46:30,Ch6,T. OVER
 20-12-16,06:47:30,Ch6,T. OVER
 20-12-16,06:48:30,Ch6,T. OVER
 20-12-16,06:49:30,Ch6,T. OVER
 20-12-16,06:50:30,Ch6,T. OVER
 20-12-16,06:51:30,Ch6,T. OVER
 20-12-16,06:52:30,Ch6,T. OVER
 20-12-16,06:53:30,Ch6,T. OVER
 20-12-16,06:54:30,Ch6,T. OVER
 20-12-16,06:55:30,Ch6,T. OVER
 20-12-16,06:56:30,Ch6,T. OVER
 20-12-16,06:57:30,Ch6,T. OVER
 20-12-16,06:58:30,Ch6,T. OVER
 20-12-16,06:59:31,Ch6,T. OVER
 20-12-16,07:00:31,Ch6,T. OVER
 20-12-16,07:01:31,Ch6,T. OVER
 20-12-16,07:02:31,Ch6,T. OVER
 20-12-16,07:03:31,Ch6,T. OVER
 20-12-16,07:04:31,Ch6,T. OVER
 20-12-16,07:05:31,Ch6,T. OVER
 20-12-16,07:06:31,Ch6,T. OVER
 20-12-16,07:07:32,Ch6,T. OVER
 20-12-16,07:08:32,Ch6,T. OVER
 20-12-16,07:09:32,Ch6,T. OVER
 20-12-16,07:10:32,Ch6,T. OVER
 20-12-16,07:11:32,Ch6,T. OVER
 20-12-16,07:12:32,Ch6,T. OVER
 20-12-16,07:13:32,Ch6,T. OVER
 20-12-16,07:14:32,Ch6,T. OVER
 20-12-16,07:15:32,Ch6,T. OVER
 20-12-16,07:16:32,Ch6,T. OVER
 20-12-16,07:17:32,Ch6,T. OVER
 20-12-16,07:18:32,Ch6,T. OVER
 20-12-16,07:19:32,Ch6,T. OVER
 20-12-16,07:20:32,Ch6,T. OVER
 20-12-16,07:21:32,Ch6,T. OVER
 20-12-16,07:22:32,Ch6,T. OVER
 20-12-16,07:23:33,Ch6,T. OVER
 20-12-16,07:24:33,Ch6,T. OVER
 20-12-16,07:25:33,Ch6,T. OVER
 20-12-16,07:26:33,Ch6,T. OVER
 20-12-16,07:27:33,Ch6,T. OVER
 20-12-16,07:28:33,Ch6,T. OVER
 20-12-16,07:29:33,Ch6,T. OVER
 20-12-16,07:30:34,Ch6,T. OVER
 20-12-16,07:31:34,Ch6,T. OVER
 20-12-16,07:32:34,Ch6,T. OVER
 20-12-16,07:33:34,Ch6,T. OVER
 20-12-16,07:34:34,Ch6,T. OVER
 20-12-16,07:35:34,Ch6,T. OVER
 20-12-16,07:36:34,Ch6,T. OVER
 20-12-16,07:37:35,Ch6,T. OVER
 20-12-16,07:38:35,Ch6,T. OVER
 20-12-16,07:39:35,Ch6,T. OVER
 20-12-16,07:40:35,Ch6,T. OVER
 20-12-16,07:41:35,Ch6,T. OVER
 20-12-16,07:42:35,Ch6,T. OVER
 20-12-16,07:43:35,Ch6,T. OVER
 20-12-16,07:44:35,Ch6,T. OVER
 20-12-16,07:45:35,Ch6,T. OVER
 20-12-16,07:46:35,Ch6,T. OVER
 20-12-16,07:47:35,Ch6,T. OVER
 20-12-16,07:48:36,Ch6,T. OVER
 20-12-16,07:49:36,Ch6,T. OVER
 20-12-16,07:50:36,Ch6,T. OVER
 20-12-16,07:51:36,Ch6,T. OVER
 20-12-16,07:52:37,Ch6,T. OVER
 20-12-16,07:53:37,Ch6,T. OVER
 20-12-16,07:54:37,Ch6,T. OVER
 20-12-16,07:55:37,Ch6,T. OVER
 20-12-16,07:56:37,Ch6,T. OVER
 20-12-16,07:57:37,Ch6,T. OVER
 20-12-16,07:58:37,Ch6,T. OVER
 20-12-16,07:59:37,Ch6,T. OVER
 20-12-16,08:00:37,Ch6,T. OVER
 20-12-16,08:01:37,Ch6,T. OVER
 20-12-16,08:02:37,Ch6,T. OVER
 20-12-16,08:03:37,Ch6,T. OVER
 20-12-16,08:04:37,Ch6,T. OVER
 20-12-16,08:05:37,Ch6,T. OVER
 20-12-16,08:06:38,Ch6,T. OVER
 20-12-16,08:07:38,Ch6,T. OVER
 20-12-16,08:08:38,Ch6,T. OVER
 20-12-16,08:09:38,Ch6,T. OVER
 20-12-16,08:10:38,Ch6,T. OVER
 20-12-16,08:11:38,Ch6,T. OVER
 20-12-16,08:12:38,Ch6,T. OVER
 20-12-16,08:13:38,Ch6,T. OVER
 20-12-16,08:14:38,Ch6,T. OVER
 20-12-16,08:15:38,Ch6,T. OVER
 20-12-16,08:16:38,Ch6,T. OVER
 20-12-16,08:17:38,Ch6,T. OVER
 20-12-16,08:18:39,Ch6,T. OVER
 20-12-16,08:19:39,Ch6,T. OVER
 20-12-16,08:20:39,Ch6,T. OVER
 20-12-16,08:21:39,Ch6,T. OVER
 20-12-16,08:22:39,Ch6,T. OVER
 20-12-16,08:23:39,Ch6,T. OVER
 20-12-16,08:24:39,Ch6,T. OVER
 20-12-16,08:25:39,Ch6,T. OVER
 20-12-16,08:26:39,Ch6,T. OVER
 20-12-16,08:27:39,Ch6,T. OVER
 20-12-16,08:28:40,Ch6,T. OVER
 20-12-16,08:29:40,Ch6,T. OVER
 20-12-16,08:30:40,Ch6,T. OVER
 20-12-16,08:31:40,Ch6,T. OVER
 20-12-16,08:32:40,Ch6,T. OVER
 20-12-16,08:33:40,Ch6,T. OVER
 20-12-16,08:34:40,Ch6,T. OVER
 20-12-16,08:35:40,Ch6,T. OVER
 20-12-16,08:36:40,Ch6,T. OVER
 20-12-16,08:37:40,Ch6,T. OVER
 20-12-16,08:38:41,Ch6,T. OVER
 20-12-16,08:39:41,Ch6,T. OVER
 20-12-16,08:40:41,Ch6,T. OVER
 20-12-16,08:41:41,Ch6,T. OVER
 20-12-16,08:42:41,Ch6,T. OVER
 20-12-16,08:43:41,Ch6,T. OVER
 20-12-16,08:44:41,Ch6,T. OVER
 20-12-16,08:45:41,Ch6,T. OVER
 20-12-16,08:46:41,Ch6,T. OVER
 20-12-16,08:47:41,Ch6,T. OVER
 20-12-16,08:48:42,Ch6,T. OVER
 20-12-16,08:49:42,Ch6,T. OVER
 20-12-16,08:50:42,Ch6,T. OVER
 20-12-16,08:51:42,Ch6,T. OVER
 20-12-16,08:52:42,Ch6,T. OVER
 20-12-16,08:53:42,Ch6,T. OVER
 20-12-16,08:54:42,Ch6,T. OVER
 20-12-16,08:55:42,Ch6,T. OVER
 20-12-16,08:56:42,Ch6,T. OVER
 20-12-16,08:57:42,Ch6,T. OVER
 20-12-16,08:58:42,Ch6,T. OVER
 20-12-16,08:59:42,Ch6,T. OVER
 20-12-16,09:00:42,Ch6,T. OVER
 20-12-16,09:01:43,Ch6,T. OVER
 20-12-16,09:02:43,Ch6,T. OVER
 20-12-16,09:03:43,Ch6,T. OVER
 20-12-16,09:04:43,Ch6,T. OVER
 20-12-16,09:05:43,Ch6,T. OVER
 20-12-16,09:06:43,Ch6,T. OVER
 20-12-16,09:07:43,Ch6,T. OVER
 20-12-16,09:08:43,Ch6,T. OVER
 20-12-16,09:09:43,Ch6,T. OVER
 20-12-16,09:10:44,Ch6,T. OVER
 20-12-16,09:11:44,Ch6,T. OVER
 20-12-16,09:12:44,Ch6,T. OVER
 20-12-16,09:13:44,Ch6,T. OVER
 20-12-16,09:14:44,Ch6,T. OVER
 20-12-16,09:15:44,Ch6,T. OVER
 20-12-16,09:16:44,Ch6,T. OVER
 20-12-16,09:17:44,Ch6,T. OVER
 20-12-16,09:18:44,Ch6,T. OVER
 20-12-16,09:19:44,Ch6,T. OVER
 20-12-16,09:20:44,Ch6,T. OVER
 20-12-16,09:21:44,Ch6,T. OVER
 20-12-16,09:22:44,Ch6,T. OVER
 20-12-16,09:23:45,Ch6,T. OVER
 20-12-16,09:24:45,Ch6,T. OVER
 20-12-16,09:25:45,Ch6,T. OVER
 20-12-16,09:26:45,Ch6,T. OVER
 20-12-16,09:27:45,Ch6,T. OVER
 20-12-16,09:28:45,Ch6,T. OVER
 20-12-16,09:29:45,Ch6,T. OVER
 20-12-16,09:30:45,Ch6,T. OVER
 20-12-16,09:31:45,Ch6,T. OVER
 20-12-16,09:32:45,Ch6,T. OVER
 20-12-16,09:33:45,Ch6,T. OVER
 20-12-16,09:34:46,Ch6,T. OVER
 20-12-16,09:35:46,Ch6,T. OVER
 20-12-16,09:36:46,Ch6,T. OVER
 20-12-16,09:37:46,Ch6,T. OVER
 20-12-16,09:38:46,Ch6,T. OVER
 20-12-16,09:39:47,Ch6,T. OVER
 20-12-16,09:40:47,Ch6,T. OVER
 20-12-16,09:41:47,Ch6,T. OVER
 20-12-16,09:42:47,Ch6,T. OVER
 20-12-16,09:43:47,Ch6,T. OVER
 20-12-16,09:44:47,Ch6,T. OVER
 20-12-16,09:45:47,Ch6,T. OVER
 20-12-16,09:46:47,Ch6,T. OVER
 20-12-16,09:47:47,Ch6,T. OVER
 20-12-16,09:48:47,Ch6,T. OVER
 20-12-16,09:49:47,Ch6,T. OVER
 20-12-16,09:50:47,Ch6,T. OVER
 20-12-16,09:51:47,Ch6,T. OVER
 20-12-16,09:52:47,Ch6,T. OVER
 20-12-16,09:53:48,Ch6,T. OVER
 20-12-16,09:54:48,Ch6,T. OVER
 20-12-16,09:55:48,Ch6,T. OVER
 20-12-16,09:56:48,Ch6,T. OVER
 20-12-16,09:57:48,Ch6,T. OVER
 20-12-16,09:58:48,Ch6,T. OVER
 20-12-16,09:59:48,Ch6,T. OVER
 20-12-16,10:00:48,Ch6,T. OVER
 20-12-16,10:01:48,Ch6,T. OVER
 20-12-16,10:02:48,Ch6,T. OVER
 20-12-16,10:03:48,Ch6,T. OVER
 20-12-16,10:04:49,Ch6,T. OVER
 20-12-16,10:05:49,Ch6,T. OVER
 20-12-16,10:06:49,Ch6,T. OVER
 20-12-16,10:07:49,Ch6,T. OVER
 20-12-16,10:08:49,Ch6,T. OVER
 20-12-16,10:09:49,Ch6,T. OVER
 20-12-16,10:10:49,Ch6,T. OVER
 20-12-16,10:11:49,Ch6,T. OVER
 20-12-16,10:12:49,Ch6,T. OVER
 20-12-16,10:13:49,Ch6,T. OVER
 20-12-16,10:14:49,Ch6,T. OVER
 20-12-16,10:15:50,Ch6,T. OVER
 20-12-16,10:16:50,Ch6,T. OVER
 20-12-16,10:17:50,Ch6,T. OVER
 20-12-16,10:18:50,Ch6,T. OVER
 20-12-16,10:19:50,Ch6,T. OVER
 20-12-16,10:20:50,Ch6,T. OVER
 20-12-16,10:21:50,Ch6,T. OVER
 20-12-16,10:22:50,Ch6,T. OVER
 20-12-16,10:23:50,Ch6,T. OVER
 20-12-16,10:24:51,Ch6,T. OVER
 20-12-16,10:25:51,Ch6,T. OVER
 20-12-16,10:26:51,Ch6,T. OVER
 20-12-16,10:27:51,Ch6,T. OVER
 20-12-16,10:28:51,Ch6,T. OVER
 20-12-16,10:29:51,Ch6,T. OVER
 20-12-16,10:30:51,Ch6,T. OVER
 20-12-16,10:31:51,Ch6,T. OVER
 20-12-16,10:32:51,Ch6,T. OVER
 20-12-16,10:33:52,Ch6,T. OVER
 20-12-16,10:34:52,Ch6,T. OVER
 20-12-16,10:35:52,Ch6,T. OVER
 20-12-16,10:36:52,Ch6,T. OVER
 20-12-16,10:37:52,Ch6,T. OVER
 20-12-16,10:38:52,Ch6,T. OVER
 20-12-16,10:39:53,Ch6,T. OVER
 20-12-16,10:40:53,Ch6,T. OVER
 20-12-16,10:41:53,Ch6,T. OVER
 20-12-16,10:42:53,Ch6,T. OVER
 20-12-16,10:43:53,Ch6,T. OVER
 20-12-16,10:44:53,Ch6,T. OVER
 20-12-16,10:45:53,Ch6,T. OVER
 20-12-16,10:46:53,Ch6,T. OVER
 20-12-16,10:47:53,Ch6,T. OVER
 20-12-16,10:48:53,Ch6,T. OVER
 20-12-16,10:49:53,Ch6,T. OVER
 20-12-16,10:50:53,Ch6,T. OVER
 20-12-16,10:51:53,Ch6,T. OVER
 20-12-16,10:52:53,Ch6,T. OVER
 20-12-16,10:53:54,Ch6,T. OVER
 20-12-16,10:54:54,Ch6,T. OVER
 20-12-16,10:55:54,Ch6,T. OVER
 20-12-16,10:56:54,Ch6,T. OVER
 20-12-16,10:57:54,Ch6,T. OVER
 20-12-16,10:58:54,Ch6,T. OVER
 20-12-16,10:59:54,Ch6,T. OVER
 20-12-16,11:00:54,Ch6,T. OVER
 20-12-16,11:01:54,Ch6,T. OVER
 20-12-16,11:02:54,Ch6,T. OVER
 20-12-16,11:03:54,Ch6,T. OVER
 20-12-16,11:04:54,Ch6,T. OVER
 20-12-16,11:05:54,Ch6,T. OVER
 20-12-16,11:06:54,Ch6,T. OVER
 20-12-16,11:07:55,Ch6,T. OVER
 20-12-16,11:08:55,Ch6,T. OVER
 20-12-16,11:09:55,Ch6,T. OVER
 20-12-16,11:10:55,Ch6,T. OVER
 20-12-16,11:11:55,Ch6,T. OVER
 20-12-16,11:12:55,Ch6,T. OVER
 20-12-16,11:13:55,Ch6,T. OVER
 20-12-16,11:14:55,Ch6,T. OVER
 20-12-16,11:15:55,Ch6,T. OVER
 20-12-16,11:16:55,Ch6,T. OVER
 20-12-16,11:17:55,Ch6,T. OVER
 20-12-16,11:18:55,Ch6,T. OVER
 20-12-16,11:19:55,Ch6,T. OVER
 20-12-16,11:20:55,Ch6,T. OVER
 20-12-16,11:21:55,Ch6,T. OVER
 20-12-16,11:22:55,Ch6,T. OVER
 20-12-16,11:23:56,Ch6,T. OVER
 20-12-16,11:24:56,Ch6,T. OVER
 20-12-16,11:25:56,Ch6,T. OVER
 20-12-16,11:26:56,Ch6,T. OVER
 20-12-16,11:27:56,Ch6,T. OVER
 20-12-16,11:28:56,Ch6,T. OVER
 20-12-16,11:29:56,Ch6,T. OVER
 20-12-16,11:30:56,Ch6,T. OVER
 20-12-16,11:31:57,Ch6,T. OVER
 20-12-16,11:32:57,Ch6,T. OVER
 20-12-16,11:33:57,Ch6,T. OVER
 20-12-16,11:34:57,Ch6,T. OVER
 20-12-16,11:35:57,Ch6,T. OVER
 20-12-16,11:36:57,Ch6,T. OVER
 20-12-16,11:37:57,Ch6,T. OVER
 20-12-16,11:38:57,Ch6,T. OVER
 20-12-16,11:39:57,Ch6,T. OVER
 20-12-16,11:40:57,Ch6,T. OVER
 20-12-16,11:41:57,Ch6,T. OVER
 20-12-16,11:42:57,Ch6,T. OVER
 20-12-16,11:43:58,Ch6,T. OVER
 20-12-16,11:44:58,Ch6,T. OVER
 20-12-16,11:45:58,Ch6,T. OVER
 20-12-16,11:46:58,Ch6,T. OVER
 20-12-16,11:47:58,Ch6,T. OVER
 20-12-16,11:48:58,Ch6,T. OVER
 20-12-16,11:49:58,Ch6,T. OVER
 20-12-16,11:50:58,Ch6,T. OVER
 20-12-16,11:51:58,Ch6,T. OVER
 20-12-16,11:52:59,Ch6,T. OVER
 20-12-16,11:53:59,Ch6,T. OVER
 20-12-16,11:54:59,Ch6,T. OVER
 20-12-16,11:55:59,Ch6,T. OVER
 20-12-16,11:56:59,Ch6,T. OVER
 20-12-16,11:57:59,Ch6,T. OVER
 20-12-16,11:58:59,Ch6,T. OVER
 20-12-16,11:59:59,Ch6,T. OVER
 20-12-16,12:01:00,Ch6,T. OVER
 20-12-16,12:02:00,Ch6,T. OVER
 20-12-16,12:03:00,Ch6,T. OVER
 20-12-16,12:04:00,Ch6,T. OVER
 20-12-16,12:05:00,Ch6,T. OVER
 20-12-16,12:06:00,Ch6,T. OVER
 20-12-16,12:07:00,Ch6,T. OVER
 20-12-16,12:08:00,Ch6,T. OVER
 20-12-16,12:09:00,Ch6,T. OVER
 20-12-16,12:10:01,Ch6,T. OVER
 20-12-16,12:11:01,Ch6,T. OVER
 20-12-16,12:12:01,Ch6,T. OVER
 20-12-16,12:13:01,Ch6,T. OVER
 20-12-16,12:14:01,Ch6,T. OVER
 20-12-16,12:15:01,Ch6,T. OVER
 20-12-16,12:16:01,Ch6,T. OVER
 20-12-16,12:17:01,Ch6,T. OVER
 20-12-16,12:18:01,Ch6,T. OVER
 20-12-16,12:19:01,Ch6,T. OVER
 20-12-16,12:20:01,Ch6,T. OVER
 20-12-16,12:21:02,Ch6,T. OVER
 20-12-16,12:22:02,Ch6,T. OVER
 20-12-16,12:23:02,Ch6,T. OVER
 20-12-16,12:24:02,Ch6,T. OVER
 20-12-16,12:25:02,Ch6,T. OVER
 20-12-16,12:26:02,Ch6,T. OVER
 20-12-16,12:27:02,Ch6,T. OVER
 20-12-16,12:28:03,Ch6,T. OVER
 20-12-16,12:29:03,Ch6,T. OVER
 20-12-16,12:30:03,Ch6,T. OVER
 20-12-16,12:31:03,Ch6,T. OVER
 20-12-16,12:32:03,Ch6,T. OVER
 20-12-16,12:33:04,Ch6,T. OVER
 20-12-16,12:34:04,Ch6,T. OVER
 20-12-16,12:35:04,Ch6,T. OVER
 20-12-16,12:36:04,Ch6,T. OVER
 20-12-16,12:37:04,Ch6,VMIX OVL,VDIF OVL,T. OVER
 20-12-16,12:38:04,Ch6,T. OVER
 20-12-16,12:39:04,Ch6,T. OVER
 20-12-16,12:40:04,Ch6,T. OVER
 20-12-16,12:41:04,Ch6,T. OVER
 20-12-16,12:42:04,Ch6,T. OVER
 20-12-16,12:43:04,Ch6,T. OVER
 20-12-16,12:44:04,Ch6,T. OVER
 20-12-16,12:45:04,Ch6,T. OVER
 20-12-16,12:46:04,Ch6,T. OVER
 20-12-16,12:47:05,Ch6,T. OVER
 20-12-16,12:48:05,Ch6,T. OVER
 20-12-16,12:49:05,Ch6,T. OVER
 20-12-16,12:50:05,Ch6,T. OVER
 20-12-16,12:51:05,Ch6,T. OVER
 20-12-16,12:52:05,Ch6,T. OVER
 20-12-16,12:53:05,Ch6,T. OVER
 20-12-16,12:54:06,Ch6,T. OVER
 20-12-16,12:55:06,Ch6,T. OVER
 20-12-16,12:56:06,Ch6,T. OVER
 20-12-16,12:57:06,Ch6,T. OVER
 20-12-16,12:58:06,Ch6,T. OVER
 20-12-16,12:59:06,Ch6,T. OVER
 20-12-16,13:00:06,Ch6,T. OVER
 20-12-16,13:01:06,Ch6,T. OVER
 20-12-16,13:02:06,Ch6,T. OVER
 20-12-16,13:03:06,Ch6,T. OVER
 20-12-16,13:04:07,Ch6,T. OVER
 20-12-16,13:05:07,Ch6,T. OVER
 20-12-16,13:06:07,Ch6,T. OVER
 20-12-16,13:07:07,Ch6,T. OVER
 20-12-16,13:08:07,Ch6,T. OVER
 20-12-16,13:09:07,Ch6,T. OVER
 20-12-16,13:10:07,Ch6,T. OVER
 20-12-16,13:11:07,Ch6,T. OVER
 20-12-16,13:12:07,Ch6,T. OVER
 20-12-16,13:13:07,Ch6,T. OVER
 20-12-16,13:14:08,Ch6,T. OVER
 20-12-16,13:15:08,Ch6,T. OVER
 20-12-16,13:16:08,Ch6,T. OVER
 20-12-16,13:17:08,Ch6,T. OVER
 20-12-16,13:18:08,Ch6,T. OVER
 20-12-16,13:19:08,Ch6,T. OVER
 20-12-16,13:20:08,Ch6,T. OVER
 20-12-16,13:21:08,Ch6,T. OVER
 20-12-16,13:22:09,Ch6,T. OVER
 20-12-16,13:23:09,Ch6,T. OVER
 20-12-16,13:24:09,Ch6,T. OVER
 20-12-16,13:25:09,Ch6,T. OVER
 20-12-16,13:26:09,Ch6,T. OVER
 20-12-16,13:27:09,Ch6,T. OVER
 20-12-16,13:28:09,Ch6,T. OVER
 20-12-16,13:29:09,Ch6,T. OVER
 20-12-16,13:30:09,Ch6,T. OVER
 20-12-16,13:31:09,Ch6,T. OVER
 20-12-16,13:32:09,Ch6,T. OVER
 20-12-16,13:33:09,Ch6,T. OVER
 20-12-16,13:34:10,Ch6,T. OVER
 20-12-16,13:35:10,Ch6,T. OVER
 20-12-16,13:36:10,Ch6,T. OVER
 20-12-16,13:37:10,Ch6,T. OVER
 20-12-16,13:38:10,Ch6,T. OVER
 20-12-16,13:39:10,Ch6,T. OVER
 20-12-16,13:40:10,Ch6,T. OVER
 20-12-16,13:41:10,Ch6,T. OVER
 20-12-16,13:42:10,Ch6,T. OVER
 20-12-16,13:43:11,Ch6,T. OVER
 20-12-16,13:44:11,Ch6,T. OVER
 20-12-16,13:45:11,Ch6,T. OVER
 20-12-16,13:46:11,Ch6,T. OVER
 20-12-16,13:47:11,Ch6,T. OVER
 20-12-16,13:48:11,Ch6,T. OVER
 20-12-16,13:49:11,Ch6,T. OVER
 20-12-16,13:50:12,Ch6,T. OVER
 20-12-16,13:51:12,Ch6,T. OVER
 20-12-16,13:52:12,Ch6,T. OVER
 20-12-16,13:53:12,Ch6,T. OVER
 20-12-16,13:54:12,Ch6,T. OVER
 20-12-16,13:55:13,Ch6,T. OVER
 20-12-16,13:56:13,Ch6,T. OVER
 20-12-16,13:57:13,Ch6,T. OVER
 20-12-16,13:58:13,Ch6,T. OVER
 20-12-16,13:59:13,Ch6,T. OVER
 20-12-16,14:00:13,Ch6,T. OVER
 20-12-16,14:01:13,Ch6,T. OVER
 20-12-16,14:02:13,Ch6,T. OVER
 20-12-16,14:03:13,Ch6,T. OVER
 20-12-16,14:04:13,Ch6,T. OVER
 20-12-16,14:05:13,Ch6,T. OVER
 20-12-16,14:06:14,Ch6,T. OVER
 20-12-16,14:07:14,Ch6,T. OVER
 20-12-16,14:08:14,Ch6,T. OVER
 20-12-16,14:09:14,Ch6,T. OVER
 20-12-16,14:10:14,Ch6,T. OVER
 20-12-16,14:11:14,Ch6,T. OVER
 20-12-16,14:12:14,Ch6,T. OVER
 20-12-16,14:13:14,Ch6,T. OVER
 20-12-16,14:14:14,Ch6,T. OVER
 20-12-16,14:15:14,Ch6,T. OVER
 20-12-16,14:16:14,Ch6,T. OVER
 20-12-16,14:17:14,Ch6,T. OVER
 20-12-16,14:18:14,Ch6,T. OVER
 20-12-16,14:19:15,Ch6,T. OVER
 20-12-16,14:20:15,Ch6,T. OVER
 20-12-16,14:21:15,Ch6,T. OVER
 20-12-16,14:22:15,Ch6,T. OVER
 20-12-16,14:23:15,Ch6,T. OVER
 20-12-16,14:24:15,Ch6,T. OVER
 20-12-16,14:25:15,Ch6,T. OVER
 20-12-16,14:26:15,Ch6,T. OVER
 20-12-16,14:27:15,Ch6,T. OVER
 20-12-16,14:28:16,Ch6,T. OVER
 20-12-16,14:29:16,Ch6,T. OVER
 20-12-16,14:30:16,Ch6,T. OVER
 20-12-16,14:31:16,Ch6,T. OVER
 20-12-16,14:32:16,Ch6,T. OVER
 20-12-16,14:33:16,Ch6,T. OVER
 20-12-16,14:34:16,Ch6,T. OVER
 20-12-16,14:35:17,Ch6,T. OVER
 20-12-16,14:36:17,Ch6,T. OVER
 20-12-16,14:37:17,Ch6,T. OVER
 20-12-16,14:38:17,Ch6,T. OVER
 20-12-16,14:39:17,Ch6,T. OVER
 20-12-16,14:40:17,Ch6,T. OVER
 20-12-16,14:41:17,Ch6,T. OVER
 20-12-16,14:42:18,Ch6,T. OVER
 20-12-16,14:43:18,Ch6,T. OVER
 20-12-16,14:44:18,Ch6,T. OVER
 20-12-16,14:45:18,Ch6,T. OVER
 20-12-16,14:46:18,Ch6,T. OVER
 20-12-16,14:47:18,Ch6,T. OVER
 20-12-16,14:48:18,Ch6,T. OVER
 20-12-16,14:49:19,Ch6,T. OVER
 20-12-16,14:50:19,Ch6,T. OVER
 20-12-16,14:51:19,Ch6,T. OVER
 20-12-16,14:52:19,Ch6,T. OVER
 20-12-16,14:53:19,Ch6,T. OVER
 20-12-16,14:54:19,Ch6,T. OVER
 20-12-16,14:55:19,Ch6,T. OVER
 20-12-16,14:56:19,Ch6,T. OVER
 20-12-16,14:57:20,Ch6,T. OVER
 20-12-16,14:58:20,Ch6,T. OVER
 20-12-16,14:59:20,Ch6,T. OVER
 20-12-16,15:00:20,Ch6,T. OVER
 20-12-16,15:01:20,Ch6,T. OVER
 20-12-16,15:02:20,Ch6,T. OVER
 20-12-16,15:03:20,Ch6,T. OVER
 20-12-16,15:04:20,Ch6,T. OVER
 20-12-16,15:05:20,Ch6,T. OVER
 20-12-16,15:06:20,Ch6,T. OVER
 20-12-16,15:07:20,Ch6,T. OVER
 20-12-16,15:08:20,Ch6,T. OVER
 20-12-16,15:09:20,Ch6,T. OVER
 20-12-16,15:10:20,Ch6,T. OVER
 20-12-16,15:11:20,Ch6,T. OVER
 20-12-16,15:12:20,Ch6,T. OVER
 20-12-16,15:13:21,Ch6,T. OVER
 20-12-16,15:14:21,Ch6,T. OVER
 20-12-16,15:15:21,Ch6,T. OVER
 20-12-16,15:16:21,Ch6,T. OVER
 20-12-16,15:17:21,Ch6,T. OVER
 20-12-16,15:18:21,Ch6,T. OVER
 20-12-16,15:19:21,Ch6,T. OVER
 20-12-16,15:20:21,Ch6,T. OVER
 20-12-16,15:21:22,Ch6,T. OVER
 20-12-16,15:22:22,Ch6,T. OVER
 20-12-16,15:23:22,Ch6,T. OVER
 20-12-16,15:24:22,Ch6,T. OVER
 20-12-16,15:25:22,Ch6,T. OVER
 20-12-16,15:26:22,Ch6,T. OVER
 20-12-16,15:27:23,Ch6,T. OVER
 20-12-16,15:28:23,Ch6,T. OVER
 20-12-16,15:29:23,Ch6,T. OVER
 20-12-16,15:30:23,Ch6,T. OVER
 20-12-16,15:31:23,Ch6,T. OVER
 20-12-16,15:32:23,Ch6,T. OVER
 20-12-16,15:33:23,Ch6,T. OVER
 20-12-16,15:34:23,Ch6,T. OVER
 20-12-16,15:35:23,Ch6,T. OVER
 20-12-16,15:36:23,Ch6,T. OVER
 20-12-16,15:37:23,Ch6,T. OVER
 20-12-16,15:38:23,Ch6,T. OVER
 20-12-16,15:39:23,Ch6,T. OVER
 20-12-16,15:40:23,Ch6,T. OVER
 20-12-16,15:41:24,Ch6,T. OVER
 20-12-16,15:42:24,Ch6,T. OVER
 20-12-16,15:43:24,Ch6,T. OVER
 20-12-16,15:44:24,Ch6,T. OVER
 20-12-16,15:45:24,Ch6,T. OVER
 20-12-16,15:46:24,Ch6,T. OVER
 20-12-16,15:47:24,Ch6,T. OVER
 20-12-16,15:48:24,Ch6,T. OVER
 20-12-16,15:49:24,Ch6,T. OVER
 20-12-16,15:50:24,Ch6,T. OVER
 20-12-16,15:51:24,Ch6,T. OVER
 20-12-16,15:52:24,Ch6,T. OVER
 20-12-16,15:53:24,Ch6,T. OVER
 20-12-16,15:54:25,Ch6,T. OVER
 20-12-16,15:55:25,Ch6,T. OVER
 20-12-16,15:56:25,Ch6,T. OVER
 20-12-16,15:57:25,Ch6,T. OVER
 20-12-16,15:58:25,Ch6,T. OVER
 20-12-16,15:59:25,Ch6,T. OVER
 20-12-16,16:00:25,Ch6,T. OVER
 20-12-16,16:01:25,Ch6,T. OVER
 20-12-16,16:02:26,Ch6,T. OVER
 20-12-16,16:03:26,Ch6,T. OVER
 20-12-16,16:04:26,Ch6,T. OVER
 20-12-16,16:05:26,Ch6,T. OVER
 20-12-16,16:06:26,Ch6,T. OVER
 20-12-16,16:07:26,Ch6,T. OVER
 20-12-16,16:08:26,Ch6,T. OVER
 20-12-16,16:09:26,Ch6,T. OVER
 20-12-16,16:10:26,Ch6,T. OVER
 20-12-16,16:11:26,Ch6,T. OVER
 20-12-16,16:12:27,Ch6,T. OVER
 20-12-16,16:13:27,Ch6,T. OVER
 20-12-16,16:14:27,Ch6,T. OVER
 20-12-16,16:15:27,Ch6,T. OVER
 20-12-16,16:16:27,Ch6,T. OVER
 20-12-16,16:17:27,Ch6,T. OVER
 20-12-16,16:18:28,Ch6,T. OVER
 20-12-16,16:19:28,Ch6,T. OVER
 20-12-16,16:20:28,Ch6,T. OVER
 20-12-16,16:21:28,Ch6,T. OVER
 20-12-16,16:22:28,Ch6,T. OVER
 20-12-16,16:23:28,Ch6,T. OVER
 20-12-16,16:24:28,Ch6,T. OVER
 20-12-16,16:25:28,Ch6,T. OVER
 20-12-16,16:26:28,Ch6,T. OVER
 20-12-16,16:27:28,Ch6,T. OVER
 20-12-16,16:28:28,Ch6,T. OVER
 20-12-16,16:29:28,Ch6,T. OVER
 20-12-16,16:30:28,Ch6,T. OVER
 20-12-16,16:31:28,Ch6,T. OVER
 20-12-16,16:32:28,Ch6,T. OVER
 20-12-16,16:33:28,Ch6,T. OVER
 20-12-16,16:34:28,Ch6,T. OVER
 20-12-16,16:35:28,Ch6,T. OVER
 20-12-16,16:36:29,Ch6,T. OVER
 20-12-16,16:37:29,Ch6,T. OVER
 20-12-16,16:38:29,Ch6,T. OVER
 20-12-16,16:39:29,Ch6,T. OVER
 20-12-16,16:40:29,Ch6,T. OVER
 20-12-16,16:41:29,Ch6,T. OVER
 20-12-16,16:42:29,Ch6,T. OVER
 20-12-16,16:43:29,Ch6,T. OVER
 20-12-16,16:44:29,Ch6,T. OVER
 20-12-16,16:45:29,Ch6,T. OVER
 20-12-16,16:46:29,Ch6,T. OVER
 20-12-16,16:47:29,Ch6,T. OVER
 20-12-16,16:48:29,Ch6,T. OVER
 20-12-16,16:49:30,Ch6,T. OVER
 20-12-16,16:50:30,Ch6,T. OVER
 20-12-16,16:51:30,Ch6,T. OVER
 20-12-16,16:52:30,Ch6,T. OVER
 20-12-16,16:53:30,Ch6,T. OVER
 20-12-16,16:54:30,Ch6,T. OVER
 20-12-16,16:55:30,Ch6,T. OVER
 20-12-16,16:56:30,Ch6,T. OVER
 20-12-16,16:57:30,Ch6,T. OVER
 20-12-16,16:58:30,Ch6,T. OVER
 20-12-16,16:59:31,Ch6,T. OVER
 20-12-16,17:00:31,Ch6,T. OVER
 20-12-16,17:01:31,Ch6,T. OVER
 20-12-16,17:02:31,Ch6,T. OVER
 20-12-16,17:03:31,Ch6,T. OVER
 20-12-16,17:04:31,Ch6,T. OVER
 20-12-16,17:05:31,Ch6,T. OVER
 20-12-16,17:06:31,Ch6,T. OVER
 20-12-16,17:07:31,Ch6,T. OVER
 20-12-16,17:08:31,Ch6,T. OVER
 20-12-16,17:09:31,Ch6,T. OVER
 20-12-16,17:10:31,Ch6,T. OVER
 20-12-16,17:11:32,Ch6,T. OVER
 20-12-16,17:12:32,Ch6,T. OVER
 20-12-16,17:13:32,Ch6,T. OVER
 20-12-16,17:14:32,Ch6,T. OVER
 20-12-16,17:15:32,Ch6,T. OVER
 20-12-16,17:16:32,Ch6,T. OVER
 20-12-16,17:17:32,Ch6,T. OVER
 20-12-16,17:18:32,Ch6,T. OVER
 20-12-16,17:19:32,Ch6,T. OVER
 20-12-16,17:20:32,Ch6,T. OVER
 20-12-16,17:21:32,Ch6,T. OVER
 20-12-16,17:22:33,Ch6,T. OVER
 20-12-16,17:23:33,Ch6,T. OVER
 20-12-16,17:24:33,Ch6,T. OVER
 20-12-16,17:25:33,Ch6,T. OVER
 20-12-16,17:26:33,Ch6,T. OVER
 20-12-16,17:27:33,Ch6,T. OVER
 20-12-16,17:28:33,Ch6,T. OVER
 20-12-16,17:29:33,Ch6,T. OVER
 20-12-16,17:30:33,Ch6,T. OVER
 20-12-16,17:31:33,Ch6,T. OVER
 20-12-16,17:32:34,Ch6,T. OVER
 20-12-16,17:33:34,Ch6,T. OVER
 20-12-16,17:34:34,Ch6,T. OVER
 20-12-16,17:35:34,Ch6,T. OVER
 20-12-16,17:36:34,Ch6,T. OVER
 20-12-16,17:37:34,Ch6,T. OVER
 20-12-16,17:38:34,Ch6,T. OVER
 20-12-16,17:39:34,Ch6,T. OVER
 20-12-16,17:40:35,Ch6,T. OVER
 20-12-16,17:41:35,Ch6,T. OVER
 20-12-16,17:42:35,Ch6,T. OVER
 20-12-16,17:43:35,Ch6,T. OVER
 20-12-16,17:44:35,Ch6,T. OVER
 20-12-16,17:45:35,Ch6,T. OVER
 20-12-16,17:46:35,Ch6,T. OVER
 20-12-16,17:47:35,Ch6,T. OVER
 20-12-16,17:48:35,Ch6,T. OVER
 20-12-16,17:49:36,Ch6,T. OVER
 20-12-16,17:50:36,Ch6,T. OVER
 20-12-16,17:51:36,Ch6,T. OVER
 20-12-16,17:52:36,Ch6,T. OVER
 20-12-16,17:53:36,Ch6,T. OVER
 20-12-16,17:54:36,Ch6,T. OVER
 20-12-16,17:55:36,Ch6,T. OVER
 20-12-16,17:56:36,Ch6,T. OVER
 20-12-16,17:57:36,Ch6,T. OVER
 20-12-16,17:58:36,Ch6,T. OVER
 20-12-16,17:59:37,Ch6,T. OVER
 20-12-16,18:00:37,Ch6,T. OVER
 20-12-16,18:01:37,Ch6,T. OVER
 20-12-16,18:02:37,Ch6,T. OVER
 20-12-16,18:03:37,Ch6,T. OVER
 20-12-16,18:04:37,Ch6,T. OVER
 20-12-16,18:05:37,Ch6,T. OVER
 20-12-16,18:06:38,Ch6,T. OVER
 20-12-16,18:07:38,Ch6,T. OVER
 20-12-16,18:08:38,Ch6,T. OVER
 20-12-16,18:09:38,Ch6,T. OVER
 20-12-16,18:10:38,Ch6,T. OVER
 20-12-16,18:11:38,Ch6,T. OVER
 20-12-16,18:12:38,Ch6,T. OVER
 20-12-16,18:13:38,Ch6,T. OVER
 20-12-16,18:14:38,Ch6,T. OVER
 20-12-16,18:15:38,Ch6,T. OVER
 20-12-16,18:16:38,Ch6,T. OVER
 20-12-16,18:17:38,Ch6,T. OVER
 20-12-16,18:18:38,Ch6,T. OVER
 20-12-16,18:19:38,Ch6,T. OVER
 20-12-16,18:20:39,Ch6,T. OVER
 20-12-16,18:21:39,Ch6,T. OVER
 20-12-16,18:22:39,Ch6,T. OVER
 20-12-16,18:23:39,Ch6,T. OVER
 20-12-16,18:24:39,Ch1,VDIF OVL 20-12-16,18:24:39,Ch6,T. OVER
 20-12-16,18:25:39,Ch6,T. OVER
 20-12-16,18:26:39,Ch6,T. OVER
 20-12-16,18:27:39,Ch6,T. OVER
 20-12-16,18:28:40,Ch6,T. OVER
 20-12-16,18:29:40,Ch6,T. OVER
 20-12-16,18:30:40,Ch6,T. OVER
 20-12-16,18:31:40,Ch6,T. OVER
 20-12-16,18:32:40,Ch6,T. OVER
 20-12-16,18:33:40,Ch6,T. OVER
 20-12-16,18:34:40,Ch6,T. OVER
 20-12-16,18:35:40,Ch6,T. OVER
 20-12-16,18:36:41,Ch6,T. OVER
 20-12-16,18:37:41,Ch6,T. OVER
 20-12-16,18:38:41,Ch6,T. OVER
 20-12-16,18:39:41,Ch6,T. OVER
 20-12-16,18:40:41,Ch6,T. OVER
 20-12-16,18:41:41,Ch6,T. OVER
 20-12-16,18:42:41,Ch6,T. OVER
 20-12-16,18:43:42,Ch6,T. OVER
 20-12-16,18:44:42,Ch6,T. OVER
 20-12-16,18:45:42,Ch6,T. OVER
 20-12-16,18:46:42,Ch6,T. OVER
 20-12-16,18:47:42,Ch6,T. OVER
 20-12-16,18:48:42,Ch6,T. OVER
 20-12-16,18:49:42,Ch6,T. OVER
 20-12-16,18:50:42,Ch6,T. OVER
 20-12-16,18:51:42,Ch6,T. OVER
 20-12-16,18:52:42,Ch6,T. OVER
 20-12-16,18:53:42,Ch6,T. OVER
 20-12-16,18:54:42,Ch6,T. OVER
 20-12-16,18:55:42,Ch6,T. OVER
 20-12-16,18:56:42,Ch6,T. OVER
 20-12-16,18:57:42,Ch6,T. OVER
 20-12-16,18:58:42,Ch6,T. OVER
 20-12-16,18:59:43,Ch6,T. OVER
 20-12-16,19:00:43,Ch6,T. OVER
 20-12-16,19:01:43,Ch6,T. OVER
 20-12-16,19:02:43,Ch6,T. OVER
 20-12-16,19:03:43,Ch6,T. OVER
 20-12-16,19:04:43,Ch6,T. OVER
 20-12-16,19:05:43,Ch6,T. OVER
 20-12-16,19:06:44,Ch6,T. OVER
 20-12-16,19:07:44,Ch6,T. OVER
 20-12-16,19:08:44,Ch6,T. OVER
 20-12-16,19:09:44,Ch6,T. OVER
 20-12-16,19:10:44,Ch6,T. OVER
 20-12-16,19:11:44,Ch6,T. OVER
 20-12-16,19:12:44,Ch6,T. OVER
 20-12-16,19:13:44,Ch6,T. OVER
 20-12-16,19:14:44,Ch6,T. OVER
 20-12-16,19:15:45,Ch6,T. OVER
 20-12-16,19:16:45,Ch6,T. OVER
 20-12-16,19:17:45,Ch6,T. OVER
 20-12-16,19:18:45,Ch6,T. OVER
 20-12-16,19:19:45,Ch6,T. OVER
 20-12-16,19:20:45,Ch6,T. OVER
 20-12-16,19:21:45,Ch6,T. OVER
 20-12-16,19:22:45,Ch6,T. OVER
 20-12-16,19:23:46,Ch6,T. OVER
 20-12-16,19:24:46,Ch6,T. OVER
 20-12-16,19:25:46,Ch6,T. OVER
 20-12-16,19:26:46,Ch6,T. OVER
 20-12-16,19:27:46,Ch6,T. OVER
 20-12-16,19:28:46,Ch6,T. OVER
 20-12-16,19:29:46,Ch6,T. OVER
 20-12-16,19:30:47,Ch6,T. OVER
 20-12-16,19:31:47,Ch6,T. OVER
 20-12-16,19:32:47,Ch6,T. OVER
 20-12-16,19:33:47,Ch6,T. OVER
 20-12-16,19:34:47,Ch6,T. OVER
 20-12-16,19:35:47,Ch6,T. OVER
 20-12-16,19:36:47,Ch6,T. OVER
 20-12-16,19:37:48,Ch6,T. OVER
 20-12-16,19:38:48,Ch6,T. OVER
 20-12-16,19:39:48,Ch6,T. OVER
 20-12-16,19:40:48,Ch6,T. OVER
 20-12-16,19:41:48,Ch6,T. OVER
 20-12-16,19:42:49,Ch6,T. OVER
 20-12-16,19:43:49,Ch6,T. OVER
 20-12-16,19:44:49,Ch6,T. OVER
 20-12-16,19:45:49,Ch6,T. OVER
 20-12-16,19:46:49,Ch6,T. OVER
 20-12-16,19:47:49,Ch6,T. OVER
 20-12-16,19:48:49,Ch6,T. OVER
 20-12-16,19:49:49,Ch6,T. OVER
 20-12-16,19:50:50,Ch6,T. OVER
 20-12-16,19:51:50,Ch6,T. OVER
 20-12-16,19:52:50,Ch6,T. OVER
 20-12-16,19:53:50,Ch6,T. OVER
 20-12-16,19:54:50,Ch6,T. OVER
 20-12-16,19:55:50,Ch6,T. OVER
 20-12-16,19:56:50,Ch6,T. OVER
 20-12-16,19:57:50,Ch6,T. OVER
 20-12-16,19:58:50,Ch6,T. OVER
 20-12-16,19:59:50,Ch6,T. OVER
 20-12-16,20:00:50,Ch6,T. OVER
 20-12-16,20:01:51,Ch6,T. OVER
 20-12-16,20:02:51,Ch6,T. OVER
 20-12-16,20:03:51,Ch6,T. OVER
 20-12-16,20:04:51,Ch6,T. OVER
 20-12-16,20:05:51,Ch6,T. OVER
 20-12-16,20:06:51,Ch6,T. OVER
 20-12-16,20:07:51,Ch6,T. OVER
 20-12-16,20:08:51,Ch6,T. OVER
 20-12-16,20:09:51,Ch6,T. OVER
 20-12-16,20:10:51,Ch6,T. OVER
 20-12-16,20:11:52,Ch6,T. OVER
 20-12-16,20:12:52,Ch6,T. OVER
 20-12-16,20:13:52,Ch6,T. OVER
 20-12-16,20:14:52,Ch6,T. OVER
 20-12-16,20:15:52,Ch6,T. OVER
 20-12-16,20:16:52,Ch6,T. OVER
 20-12-16,20:17:52,Ch6,T. OVER
 20-12-16,20:18:52,Ch6,T. OVER
 20-12-16,20:19:52,Ch6,T. OVER
 20-12-16,20:20:52,Ch6,T. OVER
 20-12-16,20:21:52,Ch6,T. OVER
 20-12-16,20:22:52,Ch6,T. OVER
 20-12-16,20:23:53,Ch6,T. OVER
 20-12-16,20:24:53,Ch6,T. OVER
 20-12-16,20:25:53,Ch6,T. OVER
 20-12-16,20:26:53,Ch6,T. OVER
 20-12-16,20:27:53,Ch6,T. OVER
 20-12-16,20:28:53,Ch6,T. OVER
 20-12-16,20:29:53,Ch6,T. OVER
 20-12-16,20:30:53,Ch6,T. OVER
 20-12-16,20:31:53,Ch6,T. OVER
 20-12-16,20:32:53,Ch6,T. OVER
 20-12-16,20:33:53,Ch6,T. OVER
 20-12-16,20:34:53,Ch6,T. OVER
 20-12-16,20:35:53,Ch6,T. OVER
 20-12-16,20:36:53,Ch6,T. OVER
 20-12-16,20:37:53,Ch6,T. OVER
 20-12-16,20:38:53,Ch6,T. OVER
 20-12-16,20:39:53,Ch6,T. OVER
 20-12-16,20:40:53,Ch6,T. OVER
 20-12-16,20:41:53,Ch6,T. OVER
 20-12-16,20:42:54,Ch6,T. OVER
 20-12-16,20:43:54,Ch6,T. OVER
 20-12-16,20:44:54,Ch6,T. OVER
 20-12-16,20:45:54,Ch6,T. OVER
 20-12-16,20:46:54,Ch6,T. OVER
 20-12-16,20:47:54,Ch6,T. OVER
 20-12-16,20:48:54,Ch6,T. OVER
 20-12-16,20:49:54,Ch6,T. OVER
 20-12-16,20:50:54,Ch6,T. OVER
 20-12-16,20:51:54,Ch6,T. OVER
 20-12-16,20:52:54,Ch6,T. OVER
 20-12-16,20:53:54,Ch6,T. OVER
 20-12-16,20:54:54,Ch6,T. OVER
 20-12-16,20:55:54,Ch6,T. OVER
 20-12-16,20:56:55,Ch6,T. OVER
 20-12-16,20:57:55,Ch6,T. OVER
 20-12-16,20:58:55,Ch6,T. OVER
 20-12-16,20:59:55,Ch6,T. OVER
 20-12-16,21:00:55,Ch6,T. OVER
 20-12-16,21:01:55,Ch6,T. OVER
 20-12-16,21:02:55,Ch6,T. OVER
 20-12-16,21:03:55,Ch6,T. OVER
 20-12-16,21:04:55,Ch6,T. OVER
 20-12-16,21:05:55,Ch6,T. OVER
 20-12-16,21:06:55,Ch6,T. OVER
 20-12-16,21:07:55,Ch6,T. OVER
 20-12-16,21:08:55,Ch6,T. OVER
 20-12-16,21:09:55,Ch6,T. OVER
 20-12-16,21:10:55,Ch6,T. OVER
 20-12-16,21:11:55,Ch6,T. OVER
 20-12-16,21:12:56,Ch6,T. OVER
 20-12-16,21:13:56,Ch6,T. OVER
 20-12-16,21:14:56,Ch6,T. OVER
 20-12-16,21:15:56,Ch6,T. OVER
 20-12-16,21:16:56,Ch6,T. OVER
 20-12-16,21:17:56,Ch6,T. OVER
 20-12-16,21:18:56,Ch6,T. OVER
 20-12-16,21:19:56,Ch6,T. OVER
 20-12-16,21:20:56,Ch6,T. OVER
 20-12-16,21:21:56,Ch6,T. OVER
 20-12-16,21:22:56,Ch6,T. OVER
 20-12-16,21:23:56,Ch6,T. OVER
 20-12-16,21:24:56,Ch6,T. OVER
 20-12-16,21:25:56,Ch6,T. OVER
 20-12-16,21:26:56,Ch6,T. OVER
 20-12-16,21:27:56,Ch6,T. OVER
 20-12-16,21:28:57,Ch6,T. OVER
 20-12-16,21:29:57,Ch6,T. OVER
 20-12-16,21:30:57,Ch6,T. OVER
 20-12-16,21:31:57,Ch6,T. OVER
 20-12-16,21:32:57,Ch6,T. OVER
 20-12-16,21:33:57,Ch6,T. OVER
 20-12-16,21:34:57,Ch6,T. OVER
 20-12-16,21:35:57,Ch6,T. OVER
 20-12-16,21:36:57,Ch6,T. OVER
 20-12-16,21:37:57,Ch6,T. OVER
 20-12-16,21:38:57,Ch6,T. OVER
 20-12-16,21:39:57,Ch6,T. OVER
 20-12-16,21:40:57,Ch6,T. OVER
 20-12-16,21:41:57,Ch6,T. OVER
 20-12-16,21:42:57,Ch6,T. OVER
 20-12-16,21:43:57,Ch6,T. OVER
 20-12-16,21:44:57,Ch6,T. OVER
 20-12-16,21:45:57,Ch6,T. OVER
 20-12-16,21:46:57,Ch6,T. OVER
 20-12-16,21:47:58,Ch6,T. OVER
 20-12-16,21:48:58,Ch6,T. OVER
 20-12-16,21:49:58,Ch6,T. OVER
 20-12-16,21:50:58,Ch6,T. OVER
 20-12-16,21:51:58,Ch6,T. OVER
 20-12-16,21:52:58,Ch6,T. OVER
 20-12-16,21:53:58,Ch6,T. OVER
 20-12-16,21:54:58,Ch6,T. OVER
 20-12-16,21:55:58,Ch6,T. OVER
 20-12-16,21:56:58,Ch6,T. OVER
 20-12-16,21:57:58,Ch6,T. OVER
 20-12-16,21:58:58,Ch6,T. OVER
 20-12-16,21:59:59,Ch6,T. OVER
 20-12-16,22:00:59,Ch6,T. OVER
 20-12-16,22:01:59,Ch6,T. OVER
 20-12-16,22:02:59,Ch6,T. OVER
 20-12-16,22:03:59,Ch6,T. OVER
 20-12-16,22:04:59,Ch6,T. OVER
 20-12-16,22:05:59,Ch6,T. OVER
 20-12-16,22:06:59,Ch6,T. OVER
 20-12-16,22:07:59,Ch6,T. OVER
 20-12-16,22:08:59,Ch6,T. OVER
 20-12-16,22:09:59,Ch6,T. OVER
 20-12-16,22:10:59,Ch6,T. OVER
 20-12-16,22:11:59,Ch6,T. OVER
 20-12-16,22:12:59,Ch6,T. OVER
 20-12-16,22:14:00,Ch6,T. OVER
 20-12-16,22:15:00,Ch6,T. OVER
 20-12-16,22:16:00,Ch6,T. OVER
 20-12-16,22:17:00,Ch6,T. OVER
 20-12-16,22:18:00,Ch6,T. OVER
 20-12-16,22:19:00,Ch6,T. OVER
 20-12-16,22:20:00,Ch6,T. OVER
 20-12-16,22:21:00,Ch6,T. OVER
 20-12-16,22:22:00,Ch6,T. OVER
 20-12-16,22:23:00,Ch6,T. OVER
 20-12-16,22:24:00,Ch6,T. OVER
 20-12-16,22:25:01,Ch6,T. OVER
 20-12-16,22:26:01,Ch6,T. OVER
 20-12-16,22:27:01,Ch6,T. OVER
 20-12-16,22:28:01,Ch6,T. OVER
 20-12-16,22:29:01,Ch6,T. OVER
 20-12-16,22:30:01,Ch6,T. OVER
 20-12-16,22:31:01,Ch6,T. OVER
 20-12-16,22:32:01,Ch6,T. OVER
 20-12-16,22:33:02,Ch6,T. OVER
 20-12-16,22:34:02,Ch6,T. OVER
 20-12-16,22:35:02,Ch6,T. OVER
 20-12-16,22:36:02,Ch6,T. OVER
 20-12-16,22:37:02,Ch6,T. OVER
 20-12-16,22:38:02,Ch6,T. OVER
 20-12-16,22:39:02,Ch6,T. OVER
 20-12-16,22:40:02,Ch6,T. OVER
 20-12-16,22:41:02,Ch6,T. OVER
 20-12-16,22:42:02,Ch6,T. OVER
 20-12-16,22:43:02,Ch6,T. OVER
 20-12-16,22:44:03,Ch6,T. OVER
 20-12-16,22:45:03,Ch6,T. OVER
 20-12-16,22:46:03,Ch6,T. OVER
 20-12-16,22:47:03,Ch6,T. OVER
 20-12-16,22:48:03,Ch6,T. OVER
 20-12-16,22:49:03,Ch6,T. OVER
 20-12-16,22:50:03,Ch6,T. OVER
 20-12-16,22:51:03,Ch6,T. OVER
 20-12-16,22:52:03,Ch6,T. OVER
 20-12-16,22:53:03,Ch6,T. OVER
 20-12-16,22:54:04,Ch6,T. OVER
 20-12-16,22:55:04,Ch6,T. OVER
 20-12-16,22:56:04,Ch6,T. OVER
 20-12-16,22:57:04,Ch6,T. OVER
 20-12-16,22:58:04,Ch6,T. OVER
 20-12-16,22:59:04,Ch6,T. OVER
 20-12-16,23:00:04,Ch6,T. OVER
 20-12-16,23:01:04,Ch6,T. OVER
 20-12-16,23:02:04,Ch6,T. OVER
 20-12-16,23:03:04,Ch6,T. OVER
 20-12-16,23:04:04,Ch6,T. OVER
 20-12-16,23:05:04,Ch6,T. OVER
 20-12-16,23:06:04,Ch6,T. OVER
 20-12-16,23:07:05,Ch6,T. OVER
 20-12-16,23:08:05,Ch6,T. OVER
 20-12-16,23:09:05,Ch6,T. OVER
 20-12-16,23:10:05,Ch6,T. OVER
 20-12-16,23:11:05,Ch6,T. OVER
 20-12-16,23:12:05,Ch6,T. OVER
 20-12-16,23:13:05,Ch6,T. OVER
 20-12-16,23:14:05,Ch6,T. OVER
 20-12-16,23:15:06,Ch6,T. OVER
 20-12-16,23:16:06,Ch6,T. OVER
 20-12-16,23:17:06,Ch6,T. OVER
 20-12-16,23:18:06,Ch6,T. OVER
 20-12-16,23:19:06,Ch6,T. OVER
 20-12-16,23:20:06,Ch6,T. OVER
 20-12-16,23:21:06,Ch6,T. OVER
 20-12-16,23:22:06,Ch6,T. OVER
 20-12-16,23:23:06,Ch6,T. OVER
 20-12-16,23:24:06,Ch6,T. OVER
 20-12-16,23:25:06,Ch6,T. OVER
 20-12-16,23:26:06,Ch6,T. OVER
 20-12-16,23:27:06,Ch6,T. OVER
 20-12-16,23:28:07,Ch6,T. OVER
 20-12-16,23:29:07,Ch6,T. OVER
 20-12-16,23:30:07,Ch6,T. OVER
 20-12-16,23:31:07,Ch6,T. OVER
 20-12-16,23:32:07,Ch6,T. OVER
 20-12-16,23:33:07,Ch6,T. OVER
 20-12-16,23:34:07,Ch6,T. OVER
 20-12-16,23:35:07,Ch6,T. OVER
 20-12-16,23:36:07,Ch6,T. OVER
 20-12-16,23:37:07,Ch6,T. OVER
 20-12-16,23:38:07,Ch6,T. OVER
 20-12-16,23:39:08,Ch6,T. OVER
 20-12-16,23:40:08,Ch6,T. OVER
 20-12-16,23:41:08,Ch6,T. OVER
 20-12-16,23:42:08,Ch6,T. OVER
 20-12-16,23:43:08,Ch6,T. OVER
 20-12-16,23:44:08,Ch6,T. OVER
 20-12-16,23:45:08,Ch6,T. OVER
 20-12-16,23:46:08,Ch6,T. OVER
 20-12-16,23:47:08,Ch6,T. OVER
 20-12-16,23:48:08,Ch6,T. OVER
 20-12-16,23:49:08,Ch6,T. OVER
 20-12-16,23:50:08,Ch6,T. OVER
 20-12-16,23:51:08,Ch6,T. OVER
 20-12-16,23:52:09,Ch6,T. OVER
 20-12-16,23:53:09,Ch6,T. OVER
 20-12-16,23:54:09,Ch6,T. OVER
 20-12-16,23:55:09,Ch6,T. OVER
 20-12-16,23:56:09,Ch6,T. OVER
 20-12-16,23:57:09,Ch6,T. OVER
 20-12-16,23:58:09,Ch6,T. OVER
 20-12-16,23:59:09,Ch6,T. OVER
