 27-09-17,00:00:11,Ch6,T. OVER
 27-09-17,00:01:11,Ch6,T. OVER
 27-09-17,00:02:12,Ch6,T. OVER
 27-09-17,00:03:12,Ch6,T. OVER
 27-09-17,00:04:12,Ch6,T. OVER
 27-09-17,00:05:12,Ch6,T. OVER
 27-09-17,00:06:12,Ch6,T. OVER
 27-09-17,00:07:12,Ch6,T. OVER
 27-09-17,00:08:13,Ch6,T. OVER
 27-09-17,00:09:13,Ch6,T. OVER
 27-09-17,00:10:13,Ch6,T. OVER
 27-09-17,00:11:13,Ch6,T. OVER
 27-09-17,00:12:13,Ch6,T. OVER
 27-09-17,00:13:14,Ch6,T. OVER
 27-09-17,00:14:14,Ch6,T. OVER
 27-09-17,00:15:14,Ch6,T. OVER
 27-09-17,00:16:14,Ch6,T. OVER
 27-09-17,00:17:14,Ch6,T. OVER
 27-09-17,00:18:14,Ch6,T. OVER
 27-09-17,00:19:14,Ch6,T. OVER
 27-09-17,00:20:15,Ch6,T. OVER
 27-09-17,00:21:15,Ch6,T. OVER
 27-09-17,00:22:15,Ch6,T. OVER
 27-09-17,00:23:15,Ch6,T. OVER
 27-09-17,00:24:15,Ch6,T. OVER
 27-09-17,00:25:16,Ch6,T. OVER
 27-09-17,00:26:16,Ch6,T. OVER
 27-09-17,00:27:16,Ch6,T. OVER
 27-09-17,00:28:16,Ch6,T. OVER
 27-09-17,00:29:16,Ch6,T. OVER
 27-09-17,00:30:16,Ch6,T. OVER
 27-09-17,00:31:16,Ch6,T. OVER
 27-09-17,00:32:16,Ch6,T. OVER
 27-09-17,00:33:16,Ch6,T. OVER
 27-09-17,00:34:17,Ch6,T. OVER
 27-09-17,00:35:17,Ch6,T. OVER
 27-09-17,00:36:17,Ch6,T. OVER
 27-09-17,00:37:17,Ch6,T. OVER
 27-09-17,00:38:17,Ch6,T. OVER
 27-09-17,00:39:17,Ch6,T. OVER
 27-09-17,00:40:18,Ch6,T. OVER
 27-09-17,00:41:18,Ch6,T. OVER
 27-09-17,00:42:18,Ch6,T. OVER
 27-09-17,00:43:18,Ch6,T. OVER
 27-09-17,00:44:18,Ch6,T. OVER
 27-09-17,00:45:18,Ch6,T. OVER
 27-09-17,00:46:18,Ch6,T. OVER
 27-09-17,00:47:18,Ch6,T. OVER
 27-09-17,00:48:18,Ch6,T. OVER
 27-09-17,00:49:19,Ch6,T. OVER
 27-09-17,00:50:19,Ch6,T. OVER
 27-09-17,00:51:19,Ch6,T. OVER
 27-09-17,00:52:19,Ch6,T. OVER
 27-09-17,00:53:19,Ch6,T. OVER
 27-09-17,00:54:19,Ch6,T. OVER
 27-09-17,00:55:20,Ch6,T. OVER
 27-09-17,00:56:20,Ch6,T. OVER
 27-09-17,00:57:20,Ch6,T. OVER
 27-09-17,00:58:21,Ch6,T. OVER
 27-09-17,00:59:21,Ch6,T. OVER
 27-09-17,01:00:21,Ch6,T. OVER
 27-09-17,01:01:21,Ch6,T. OVER
 27-09-17,01:02:21,Ch6,T. OVER
 27-09-17,01:03:22,Ch6,T. OVER
 27-09-17,01:04:22,Ch6,T. OVER
 27-09-17,01:05:22,Ch6,T. OVER
 27-09-17,01:06:22,Ch6,T. OVER
 27-09-17,01:07:23,Ch6,T. OVER
 27-09-17,01:08:23,Ch6,T. OVER
 27-09-17,01:09:23,Ch6,T. OVER
 27-09-17,01:10:23,Ch6,T. OVER
 27-09-17,01:11:23,Ch6,T. OVER
 27-09-17,01:12:23,Ch6,T. OVER
 27-09-17,01:13:23,Ch6,T. OVER
 27-09-17,01:14:23,Ch6,T. OVER
 27-09-17,01:15:23,Ch6,T. OVER
 27-09-17,01:16:23,Ch6,T. OVER
 27-09-17,01:17:23,Ch6,T. OVER
 27-09-17,01:18:23,Ch6,T. OVER
 27-09-17,01:19:23,Ch6,T. OVER
 27-09-17,01:20:24,Ch6,T. OVER
 27-09-17,01:21:24,Ch6,T. OVER
 27-09-17,01:22:24,Ch6,T. OVER
 27-09-17,01:23:24,Ch6,T. OVER
 27-09-17,01:24:24,Ch6,T. OVER
 27-09-17,01:25:24,Ch6,T. OVER
 27-09-17,01:26:24,Ch6,T. OVER
 27-09-17,01:27:24,Ch6,T. OVER
 27-09-17,01:28:25,Ch6,T. OVER
 27-09-17,01:29:25,Ch6,T. OVER
 27-09-17,01:30:25,Ch6,T. OVER
 27-09-17,01:31:25,Ch6,T. OVER
 27-09-17,01:32:25,Ch6,T. OVER
 27-09-17,01:33:25,Ch6,T. OVER
 27-09-17,01:34:25,Ch6,T. OVER
 27-09-17,01:35:26,Ch6,T. OVER
 27-09-17,01:36:26,Ch6,T. OVER
 27-09-17,01:37:26,Ch6,T. OVER
 27-09-17,01:38:26,Ch6,T. OVER
 27-09-17,01:39:26,Ch6,T. OVER
 27-09-17,01:40:27,Ch6,T. OVER
 27-09-17,01:41:27,Ch6,T. OVER
 27-09-17,01:42:27,Ch6,T. OVER
 27-09-17,01:43:27,Ch6,T. OVER
 27-09-17,01:44:27,Ch6,T. OVER
 27-09-17,01:45:28,Ch6,T. OVER
 27-09-17,01:46:28,Ch6,T. OVER
 27-09-17,01:47:28,Ch6,T. OVER
 27-09-17,01:48:28,Ch6,T. OVER
 27-09-17,01:49:29,Ch6,T. OVER
 27-09-17,01:50:29,Ch6,T. OVER
 27-09-17,01:51:29,Ch6,T. OVER
 27-09-17,01:52:29,Ch6,T. OVER
 27-09-17,01:53:30,Ch6,T. OVER
 27-09-17,01:54:30,Ch6,T. OVER
 27-09-17,01:55:30,Ch6,T. OVER
 27-09-17,01:56:30,Ch6,T. OVER
 27-09-17,01:57:30,Ch6,T. OVER
 27-09-17,01:58:30,Ch6,T. OVER
 27-09-17,01:59:30,Ch6,T. OVER
 27-09-17,02:00:30,Ch6,T. OVER
 27-09-17,02:01:31,Ch6,T. OVER
 27-09-17,02:02:31,Ch6,T. OVER
 27-09-17,02:03:31,Ch6,T. OVER
 27-09-17,02:04:31,Ch6,T. OVER
 27-09-17,02:05:31,Ch6,T. OVER
 27-09-17,02:06:31,Ch6,T. OVER
 27-09-17,02:07:31,Ch6,T. OVER
 27-09-17,02:08:32,Ch6,T. OVER
 27-09-17,02:09:32,Ch6,T. OVER
 27-09-17,02:10:32,Ch6,T. OVER
 27-09-17,02:11:32,Ch6,T. OVER
 27-09-17,02:12:32,Ch6,T. OVER
 27-09-17,02:13:33,Ch6,T. OVER
 27-09-17,02:14:33,Ch6,T. OVER
 27-09-17,02:15:33,Ch6,T. OVER
 27-09-17,02:16:33,Ch6,T. OVER
 27-09-17,02:17:33,Ch6,T. OVER
 27-09-17,02:18:34,Ch6,T. OVER
 27-09-17,02:19:34,Ch6,T. OVER
 27-09-17,02:20:34,Ch6,T. OVER
 27-09-17,02:21:34,Ch6,T. OVER
 27-09-17,02:22:35,Ch6,T. OVER
 27-09-17,02:23:35,Ch6,T. OVER
 27-09-17,02:24:35,Ch6,T. OVER
 27-09-17,02:25:35,Ch6,T. OVER
 27-09-17,02:26:35,Ch6,T. OVER
 27-09-17,02:27:36,Ch6,T. OVER
 27-09-17,02:28:36,Ch6,T. OVER
 27-09-17,02:29:36,Ch6,T. OVER
 27-09-17,02:30:36,Ch6,T. OVER
 27-09-17,02:31:37,Ch6,T. OVER
 27-09-17,02:32:37,Ch6,T. OVER
 27-09-17,02:33:37,Ch6,T. OVER
 27-09-17,02:34:37,Ch6,T. OVER
 27-09-17,02:35:38,Ch6,T. OVER
 27-09-17,02:36:38,Ch6,T. OVER
 27-09-17,02:37:38,Ch6,T. OVER
 27-09-17,02:38:38,Ch6,T. OVER
 27-09-17,02:39:38,Ch6,T. OVER
 27-09-17,02:40:38,Ch6,T. OVER
 27-09-17,02:41:38,Ch6,T. OVER
 27-09-17,02:42:38,Ch6,T. OVER
 27-09-17,02:43:38,Ch6,T. OVER
 27-09-17,02:44:39,Ch6,T. OVER
 27-09-17,02:45:39,Ch6,T. OVER
 27-09-17,02:46:39,Ch6,T. OVER
 27-09-17,02:47:39,Ch6,T. OVER
 27-09-17,02:48:39,Ch6,T. OVER
 27-09-17,02:49:39,Ch6,T. OVER
 27-09-17,02:50:39,Ch6,T. OVER
 27-09-17,02:51:39,Ch6,T. OVER
 27-09-17,02:52:39,Ch6,T. OVER
 27-09-17,02:53:39,Ch6,T. OVER
 27-09-17,02:54:39,Ch6,T. OVER
 27-09-17,02:55:39,Ch6,T. OVER
 27-09-17,02:56:39,Ch6,T. OVER
 27-09-17,02:57:39,Ch6,T. OVER
 27-09-17,02:58:39,Ch6,T. OVER
 27-09-17,02:59:40,Ch6,T. OVER
 27-09-17,03:00:40,Ch6,T. OVER
 27-09-17,03:01:40,Ch6,T. OVER
 27-09-17,03:02:41,Ch6,T. OVER
 27-09-17,03:03:41,Ch6,T. OVER
 27-09-17,03:04:41,Ch6,T. OVER
 27-09-17,03:05:41,Ch6,T. OVER
 27-09-17,03:06:41,Ch6,T. OVER
 27-09-17,03:07:42,Ch6,T. OVER
 27-09-17,03:08:42,Ch6,T. OVER
 27-09-17,03:09:42,Ch6,T. OVER
 27-09-17,03:10:42,Ch6,T. OVER
 27-09-17,03:11:42,Ch6,T. OVER
 27-09-17,03:12:43,Ch6,T. OVER
 27-09-17,03:13:43,Ch6,T. OVER
 27-09-17,03:14:43,Ch6,T. OVER
 27-09-17,03:15:43,Ch6,T. OVER
 27-09-17,03:16:44,Ch6,T. OVER
 27-09-17,03:17:44,Ch6,T. OVER
 27-09-17,03:18:44,Ch6,T. OVER
 27-09-17,03:19:44,Ch6,T. OVER
 27-09-17,03:20:44,Ch6,T. OVER
 27-09-17,03:21:45,Ch6,T. OVER
 27-09-17,03:22:45,Ch6,T. OVER
 27-09-17,03:23:45,Ch6,T. OVER
 27-09-17,03:24:45,Ch6,T. OVER
 27-09-17,03:25:45,Ch6,T. OVER
 27-09-17,03:26:45,Ch6,T. OVER
 27-09-17,03:27:45,Ch6,T. OVER
 27-09-17,03:28:45,Ch6,T. OVER
 27-09-17,03:29:45,Ch6,T. OVER
 27-09-17,03:30:46,Ch6,T. OVER
 27-09-17,03:31:46,Ch6,T. OVER
 27-09-17,03:32:46,Ch6,T. OVER
 27-09-17,03:33:46,Ch6,T. OVER
 27-09-17,03:34:46,Ch6,T. OVER
 27-09-17,03:35:46,Ch6,T. OVER
 27-09-17,03:36:46,Ch6,T. OVER
 27-09-17,03:37:46,Ch6,T. OVER
 27-09-17,03:38:46,Ch6,T. OVER
 27-09-17,03:39:46,Ch6,T. OVER
 27-09-17,03:40:46,Ch6,T. OVER
 27-09-17,03:41:47,Ch1,VDIF OVL 27-09-17,03:41:47,Ch6,T. OVER
 27-09-17,03:42:47,Ch6,T. OVER
 27-09-17,03:43:47,Ch6,T. OVER
 27-09-17,03:44:48,Ch6,T. OVER
 27-09-17,03:45:48,Ch6,T. OVER
 27-09-17,03:46:48,Ch6,T. OVER
 27-09-17,03:47:48,Ch6,T. OVER
 27-09-17,03:48:48,Ch6,T. OVER
 27-09-17,03:49:48,Ch6,T. OVER
 27-09-17,03:50:48,Ch6,T. OVER
 27-09-17,03:51:49,Ch6,T. OVER
 27-09-17,03:52:49,Ch6,T. OVER
 27-09-17,03:53:49,Ch6,T. OVER
 27-09-17,03:54:49,Ch6,T. OVER
 27-09-17,03:55:50,Ch6,T. OVER
 27-09-17,03:56:50,Ch6,T. OVER
 27-09-17,03:57:50,Ch6,T. OVER
 27-09-17,03:58:50,Ch6,T. OVER
 27-09-17,03:59:50,Ch6,T. OVER
 27-09-17,04:00:50,Ch6,T. OVER
 27-09-17,04:01:51,Ch6,T. OVER
 27-09-17,04:02:51,Ch6,T. OVER
 27-09-17,04:03:51,Ch6,T. OVER
 27-09-17,04:04:51,Ch6,T. OVER
 27-09-17,04:05:51,Ch6,T. OVER
 27-09-17,04:06:51,Ch6,T. OVER
 27-09-17,04:07:52,Ch6,T. OVER
 27-09-17,04:08:52,Ch6,T. OVER
 27-09-17,04:09:52,Ch6,T. OVER
 27-09-17,04:10:52,Ch6,T. OVER
 27-09-17,04:11:52,Ch6,T. OVER
 27-09-17,04:12:52,Ch6,T. OVER
 27-09-17,04:13:52,Ch6,T. OVER
 27-09-17,04:14:52,Ch6,T. OVER
 27-09-17,04:15:53,Ch6,T. OVER
 27-09-17,04:16:53,Ch6,T. OVER
 27-09-17,04:17:53,Ch6,T. OVER
 27-09-17,04:18:53,Ch6,T. OVER
 27-09-17,04:19:53,Ch6,T. OVER
 27-09-17,04:20:53,Ch6,T. OVER
 27-09-17,04:21:54,Ch6,T. OVER
 27-09-17,04:22:54,Ch6,T. OVER
 27-09-17,04:23:54,Ch6,T. OVER
 27-09-17,04:24:54,Ch6,T. OVER
 27-09-17,04:25:54,Ch6,T. OVER
 27-09-17,04:26:54,Ch6,T. OVER
 27-09-17,04:27:55,Ch6,T. OVER
 27-09-17,04:28:55,Ch6,T. OVER
 27-09-17,04:29:55,Ch6,T. OVER
 27-09-17,04:30:55,Ch6,T. OVER
 27-09-17,04:31:55,Ch6,T. OVER
 27-09-17,04:32:55,Ch6,T. OVER
 27-09-17,04:33:55,Ch6,T. OVER
 27-09-17,04:34:55,Ch6,T. OVER
 27-09-17,04:35:56,Ch6,T. OVER
 27-09-17,04:36:56,Ch6,T. OVER
 27-09-17,04:37:56,Ch6,T. OVER
 27-09-17,04:38:56,Ch6,T. OVER
 27-09-17,04:39:56,Ch6,T. OVER
 27-09-17,04:40:56,Ch6,T. OVER
 27-09-17,04:41:56,Ch6,T. OVER
 27-09-17,04:42:57,Ch6,T. OVER
 27-09-17,04:43:57,Ch6,T. OVER
 27-09-17,04:44:57,Ch6,T. OVER
 27-09-17,04:45:57,Ch6,T. OVER
 27-09-17,04:46:58,Ch6,T. OVER
 27-09-17,04:47:58,Ch6,T. OVER
 27-09-17,04:48:58,Ch6,T. OVER
 27-09-17,04:49:58,Ch6,T. OVER
 27-09-17,04:50:58,Ch6,T. OVER
 27-09-17,04:51:58,Ch6,T. OVER
 27-09-17,04:52:58,Ch6,T. OVER
 27-09-17,04:53:58,Ch6,T. OVER
 27-09-17,04:54:58,Ch6,T. OVER
 27-09-17,04:55:58,Ch6,T. OVER
 27-09-17,04:56:59,Ch6,T. OVER
 27-09-17,04:57:59,Ch6,T. OVER
 27-09-17,04:58:59,Ch6,T. OVER
 27-09-17,04:59:59,Ch6,T. OVER
 27-09-17,05:00:59,Ch6,T. OVER
 27-09-17,05:01:59,Ch6,T. OVER
 27-09-17,05:02:59,Ch6,T. OVER
 27-09-17,05:03:59,Ch6,T. OVER
 27-09-17,05:04:59,Ch6,T. OVER
 27-09-17,05:05:59,Ch6,T. OVER
 27-09-17,05:07:00,Ch6,T. OVER
 27-09-17,05:08:00,Ch6,T. OVER
 27-09-17,05:09:00,Ch6,T. OVER
 27-09-17,05:10:00,Ch6,T. OVER
 27-09-17,05:11:00,Ch6,T. OVER
 27-09-17,05:12:00,Ch6,T. OVER
 27-09-17,05:13:00,Ch6,T. OVER
 27-09-17,05:14:00,Ch6,T. OVER
 27-09-17,05:15:01,Ch6,T. OVER
 27-09-17,05:16:01,Ch6,T. OVER
 27-09-17,05:17:01,Ch6,T. OVER
 27-09-17,05:18:01,Ch6,T. OVER
 27-09-17,05:19:01,Ch6,T. OVER
 27-09-17,05:20:01,Ch6,T. OVER
 27-09-17,05:21:02,Ch6,T. OVER
 27-09-17,05:22:02,Ch6,T. OVER
 27-09-17,05:23:02,Ch6,T. OVER
 27-09-17,05:24:02,Ch6,T. OVER
 27-09-17,05:25:02,Ch6,T. OVER
 27-09-17,05:26:02,Ch6,T. OVER
 27-09-17,05:27:02,Ch6,T. OVER
 27-09-17,05:28:02,Ch6,T. OVER
 27-09-17,05:29:03,Ch6,T. OVER
 27-09-17,05:30:03,Ch6,T. OVER
 27-09-17,05:31:03,Ch6,T. OVER
 27-09-17,05:32:03,Ch6,T. OVER
 27-09-17,05:33:04,Ch6,T. OVER
 27-09-17,05:34:04,Ch6,T. OVER
 27-09-17,05:35:04,Ch6,T. OVER
 27-09-17,05:36:04,Ch6,T. OVER
 27-09-17,05:37:04,Ch6,T. OVER
 27-09-17,05:38:04,Ch6,T. OVER
 27-09-17,05:39:04,Ch6,T. OVER
 27-09-17,05:40:04,Ch6,T. OVER
 27-09-17,05:41:04,Ch6,T. OVER
 27-09-17,05:42:05,Ch6,T. OVER
 27-09-17,05:43:05,Ch6,T. OVER
 27-09-17,05:44:05,Ch6,T. OVER
 27-09-17,05:45:05,Ch6,T. OVER
 27-09-17,05:46:05,Ch6,T. OVER
 27-09-17,05:47:05,Ch6,T. OVER
 27-09-17,05:48:05,Ch6,T. OVER
 27-09-17,05:49:05,Ch6,T. OVER
 27-09-17,05:50:05,Ch6,T. OVER
 27-09-17,05:51:06,Ch6,T. OVER
 27-09-17,05:52:06,Ch6,T. OVER
 27-09-17,05:53:06,Ch6,T. OVER
 27-09-17,05:54:06,Ch6,T. OVER
 27-09-17,05:55:06,Ch6,T. OVER
 27-09-17,05:56:06,Ch6,T. OVER
 27-09-17,05:57:06,Ch6,T. OVER
 27-09-17,05:58:06,Ch6,T. OVER
 27-09-17,05:59:06,Ch6,T. OVER
 27-09-17,06:00:06,Ch6,T. OVER
 27-09-17,06:01:07,Ch6,T. OVER
 27-09-17,06:02:07,Ch6,T. OVER
 27-09-17,06:03:07,Ch6,T. OVER
 27-09-17,06:04:07,Ch6,T. OVER
 27-09-17,06:05:07,Ch6,T. OVER
 27-09-17,06:06:07,Ch6,T. OVER
 27-09-17,06:07:08,Ch6,T. OVER
 27-09-17,06:08:08,Ch6,T. OVER
 27-09-17,06:09:08,Ch6,T. OVER
 27-09-17,06:10:08,Ch6,T. OVER
 27-09-17,06:11:08,Ch6,T. OVER
 27-09-17,06:12:08,Ch6,T. OVER
 27-09-17,06:13:08,Ch6,T. OVER
 27-09-17,06:14:08,Ch6,T. OVER
 27-09-17,06:15:08,Ch6,T. OVER
 27-09-17,06:16:08,Ch6,T. OVER
 27-09-17,06:17:08,Ch6,T. OVER
 27-09-17,06:18:08,Ch6,T. OVER
 27-09-17,06:19:08,Ch6,T. OVER
 27-09-17,06:20:09,Ch6,T. OVER
 27-09-17,06:21:09,Ch6,T. OVER
 27-09-17,06:22:09,Ch6,T. OVER
 27-09-17,06:23:09,Ch6,T. OVER
 27-09-17,06:24:09,Ch6,T. OVER
 27-09-17,06:25:09,Ch6,T. OVER
 27-09-17,06:26:09,Ch6,T. OVER
 27-09-17,06:27:09,Ch6,T. OVER
 27-09-17,06:28:09,Ch6,T. OVER
 27-09-17,06:29:10,Ch6,T. OVER
 27-09-17,06:30:10,Ch6,T. OVER
 27-09-17,06:31:10,Ch6,T. OVER
 27-09-17,06:32:10,Ch6,T. OVER
 27-09-17,06:33:10,Ch6,T. OVER
 27-09-17,06:34:10,Ch6,T. OVER
 27-09-17,06:35:11,Ch6,T. OVER
 27-09-17,06:36:11,Ch6,T. OVER
 27-09-17,06:37:11,Ch6,T. OVER
 27-09-17,06:38:11,Ch6,T. OVER
 27-09-17,06:39:11,Ch6,T. OVER
 27-09-17,06:40:12,Ch6,T. OVER
 27-09-17,06:41:12,Ch6,T. OVER
 27-09-17,06:42:12,Ch6,T. OVER
 27-09-17,06:43:12,Ch6,T. OVER
 27-09-17,06:44:12,Ch6,T. OVER
 27-09-17,06:45:12,Ch6,T. OVER
 27-09-17,06:46:12,Ch6,T. OVER
 27-09-17,06:47:12,Ch6,T. OVER
 27-09-17,06:48:13,Ch6,T. OVER
 27-09-17,06:49:13,Ch6,T. OVER
 27-09-17,06:50:13,Ch6,T. OVER
 27-09-17,06:51:13,Ch6,T. OVER
 27-09-17,06:52:14,Ch6,T. OVER
 27-09-17,06:53:14,Ch6,T. OVER
 27-09-17,06:54:14,Ch6,T. OVER
 27-09-17,06:55:14,Ch6,T. OVER
 27-09-17,06:56:14,Ch6,T. OVER
 27-09-17,06:57:15,Ch6,T. OVER
 27-09-17,06:58:15,Ch6,T. OVER
 27-09-17,06:59:15,Ch6,T. OVER
 27-09-17,07:00:15,Ch6,T. OVER
 27-09-17,07:01:15,Ch6,T. OVER
 27-09-17,07:02:15,Ch6,T. OVER
 27-09-17,07:03:15,Ch6,T. OVER
 27-09-17,07:04:16,Ch6,T. OVER
 27-09-17,07:05:16,Ch6,T. OVER
 27-09-17,07:06:16,Ch6,T. OVER
 27-09-17,07:07:16,Ch6,T. OVER
 27-09-17,07:08:16,Ch6,T. OVER
 27-09-17,07:09:17,Ch6,T. OVER
 27-09-17,07:10:17,Ch6,T. OVER
 27-09-17,07:11:17,Ch6,T. OVER
 27-09-17,07:12:17,Ch6,T. OVER
 27-09-17,07:13:17,Ch6,T. OVER
 27-09-17,07:14:17,Ch6,T. OVER
 27-09-17,07:15:18,Ch6,T. OVER
 27-09-17,07:16:18,Ch6,T. OVER
 27-09-17,07:17:18,Ch6,T. OVER
 27-09-17,07:18:18,Ch6,T. OVER
 27-09-17,07:19:18,Ch6,T. OVER
 27-09-17,07:20:18,Ch6,T. OVER
 27-09-17,07:21:19,Ch6,T. OVER
 27-09-17,07:22:19,Ch6,T. OVER
 27-09-17,07:23:19,Ch6,T. OVER
 27-09-17,07:24:19,Ch6,T. OVER
 27-09-17,07:25:19,Ch6,T. OVER
 27-09-17,07:26:19,Ch6,T. OVER
 27-09-17,07:27:19,Ch6,T. OVER
 27-09-17,07:28:19,Ch6,T. OVER
 27-09-17,07:29:19,Ch6,T. OVER
 27-09-17,07:30:20,Ch6,T. OVER
 27-09-17,07:31:20,Ch6,T. OVER
 27-09-17,07:32:20,Ch6,T. OVER
 27-09-17,07:33:20,Ch6,T. OVER
 27-09-17,07:34:20,Ch6,VMIX OVL,T. OVER
 27-09-17,07:35:20,Ch6,T. OVER
 27-09-17,07:36:20,Ch6,VMIX OVL,T. OVER
 27-09-17,07:37:20,Ch6,T. OVER
 27-09-17,07:38:20,Ch6,T. OVER
 27-09-17,07:39:21,Ch6,T. OVER
 27-09-17,07:40:21,Ch6,T. OVER
 27-09-17,07:41:21,Ch6,T. OVER
 27-09-17,07:42:21,Ch6,T. OVER
 27-09-17,07:43:21,Ch6,T. OVER
 27-09-17,07:44:21,Ch6,T. OVER
 27-09-17,07:45:21,Ch6,T. OVER
 27-09-17,07:46:21,Ch6,T. OVER
 27-09-17,07:47:22,Ch6,T. OVER
 27-09-17,07:48:22,Ch6,T. OVER
 27-09-17,07:49:22,Ch6,T. OVER
 27-09-17,07:50:22,Ch6,T. OVER
 27-09-17,07:51:22,Ch6,T. OVER
 27-09-17,07:52:22,Ch6,T. OVER
 27-09-17,07:53:23,Ch6,T. OVER
 27-09-17,07:54:23,Ch6,T. OVER
 27-09-17,07:55:23,Ch6,T. OVER
 27-09-17,07:56:23,Ch6,T. OVER
 27-09-17,07:57:23,Ch6,T. OVER
 27-09-17,07:58:24,Ch6,T. OVER
 27-09-17,07:59:24,Ch6,T. OVER
 27-09-17,08:00:24,Ch6,T. OVER
 27-09-17,08:01:24,Ch6,T. OVER
 27-09-17,08:02:25,Ch6,T. OVER
 27-09-17,08:03:25,Ch6,T. OVER
 27-09-17,08:04:25,Ch6,T. OVER
 27-09-17,08:05:25,Ch6,T. OVER
 27-09-17,08:06:25,Ch6,T. OVER
 27-09-17,08:07:25,Ch6,T. OVER
 27-09-17,08:08:26,Ch6,T. OVER
 27-09-17,08:09:26,Ch6,T. OVER
 27-09-17,08:10:26,Ch6,T. OVER
 27-09-17,08:11:26,Ch6,T. OVER
 27-09-17,08:12:26,Ch6,T. OVER
 27-09-17,08:13:26,Ch6,T. OVER
 27-09-17,08:14:26,Ch6,T. OVER
 27-09-17,08:15:27,Ch6,T. OVER
 27-09-17,08:16:27,Ch6,T. OVER
 27-09-17,08:17:27,Ch6,T. OVER
 27-09-17,08:18:27,Ch6,T. OVER
 27-09-17,08:19:27,Ch6,T. OVER
 27-09-17,08:20:27,Ch6,T. OVER
 27-09-17,08:21:27,Ch6,T. OVER
 27-09-17,08:22:27,Ch6,T. OVER
 27-09-17,08:23:28,Ch6,T. OVER
 27-09-17,08:24:28,Ch6,T. OVER
 27-09-17,08:25:28,Ch6,T. OVER
 27-09-17,08:26:28,Ch6,T. OVER
 27-09-17,08:27:28,Ch6,T. OVER
 27-09-17,08:28:29,Ch6,T. OVER
 27-09-17,08:29:29,Ch6,T. OVER
 27-09-17,08:30:29,Ch6,T. OVER
 27-09-17,08:31:29,Ch6,T. OVER
 27-09-17,08:32:30,Ch6,T. OVER
 27-09-17,08:33:30,Ch6,T. OVER
 27-09-17,08:34:30,Ch6,T. OVER
 27-09-17,08:35:30,Ch6,T. OVER
 27-09-17,08:36:31,Ch6,T. OVER
 27-09-17,08:37:31,Ch6,T. OVER
 27-09-17,08:38:31,Ch1,VDIF OVL 27-09-17,08:38:31,Ch6,T. OVER
 27-09-17,08:39:31,Ch6,T. OVER
 27-09-17,08:40:31,Ch6,T. OVER
 27-09-17,08:41:32,Ch6,T. OVER
 27-09-17,08:42:32,Ch6,T. OVER
 27-09-17,08:43:32,Ch6,T. OVER
 27-09-17,08:44:32,Ch6,T. OVER
 27-09-17,08:45:32,Ch6,T. OVER
 27-09-17,08:46:32,Ch6,T. OVER
 27-09-17,08:47:32,Ch6,T. OVER
 27-09-17,08:48:32,Ch6,T. OVER
 27-09-17,08:49:32,Ch6,T. OVER
 27-09-17,08:50:32,Ch6,T. OVER
 27-09-17,08:51:32,Ch6,T. OVER
 27-09-17,08:52:32,Ch6,T. OVER
 27-09-17,08:53:33,Ch6,T. OVER
 27-09-17,08:54:33,Ch6,T. OVER
 27-09-17,08:55:33,Ch6,T. OVER
 27-09-17,08:56:33,Ch6,T. OVER
 27-09-17,08:57:34,Ch6,T. OVER
 27-09-17,08:58:34,Ch6,T. OVER
 27-09-17,08:59:34,Ch6,T. OVER
 27-09-17,09:00:34,Ch6,T. OVER
 27-09-17,09:01:34,Ch6,T. OVER
 27-09-17,09:02:34,Ch6,T. OVER
 27-09-17,09:03:34,Ch6,T. OVER
 27-09-17,09:04:34,Ch6,T. OVER
 27-09-17,09:05:34,Ch6,T. OVER
 27-09-17,09:06:34,Ch6,T. OVER
 27-09-17,09:07:34,Ch6,T. OVER
 27-09-17,09:08:35,Ch6,T. OVER
 27-09-17,09:09:35,Ch6,T. OVER
 27-09-17,09:10:35,Ch6,T. OVER
 27-09-17,09:11:35,Ch6,T. OVER
 27-09-17,09:12:35,Ch6,T. OVER
 27-09-17,09:13:35,Ch6,T. OVER
 27-09-17,09:14:35,Ch6,T. OVER
 27-09-17,09:15:36,Ch6,T. OVER
 27-09-17,09:16:36,Ch6,T. OVER
 27-09-17,09:17:36,Ch6,T. OVER
 27-09-17,09:18:36,Ch6,T. OVER
 27-09-17,09:19:36,Ch6,T. OVER
 27-09-17,09:20:36,Ch6,T. OVER
 27-09-17,09:21:37,Ch6,T. OVER
 27-09-17,09:22:37,Ch6,T. OVER
 27-09-17,09:23:37,Ch6,T. OVER
 27-09-17,09:24:37,Ch6,T. OVER
 27-09-17,09:25:37,Ch6,T. OVER
 27-09-17,09:26:37,Ch6,T. OVER
 27-09-17,09:27:38,Ch6,T. OVER
 27-09-17,09:28:38,Ch6,T. OVER
 27-09-17,09:29:38,Ch6,T. OVER
 27-09-17,09:30:38,Ch6,T. OVER
 27-09-17,09:31:38,Ch6,T. OVER
 27-09-17,09:32:38,Ch6,T. OVER
 27-09-17,09:33:39,Ch6,T. OVER
 27-09-17,09:34:39,Ch6,T. OVER
 27-09-17,09:35:39,Ch6,T. OVER
 27-09-17,09:36:39,Ch6,T. OVER
 27-09-17,09:37:39,Ch6,T. OVER
 27-09-17,09:38:39,Ch6,T. OVER
 27-09-17,09:39:39,Ch6,T. OVER
 27-09-17,09:40:40,Ch6,T. OVER
 27-09-17,09:41:40,Ch6,T. OVER
 27-09-17,09:42:40,Ch6,T. OVER
 27-09-17,09:43:40,Ch6,T. OVER
 27-09-17,09:44:40,Ch6,T. OVER
 27-09-17,09:45:40,Ch6,T. OVER
 27-09-17,09:46:41,Ch6,T. OVER
 27-09-17,09:47:41,Ch6,T. OVER
 27-09-17,09:48:41,Ch6,T. OVER
 27-09-17,09:49:41,Ch6,T. OVER
 27-09-17,09:50:41,Ch6,T. OVER
 27-09-17,09:51:41,Ch6,T. OVER
 27-09-17,09:52:41,Ch6,T. OVER
 27-09-17,09:53:42,Ch6,T. OVER
 27-09-17,09:54:42,Ch6,T. OVER
 27-09-17,09:55:42,Ch6,T. OVER
 27-09-17,09:56:42,Ch6,T. OVER
 27-09-17,09:57:42,Ch6,T. OVER
 27-09-17,09:58:42,Ch6,T. OVER
 27-09-17,09:59:42,Ch6,T. OVER
 27-09-17,10:00:43,Ch6,T. OVER
 27-09-17,10:01:43,Ch6,T. OVER
 27-09-17,10:02:43,Ch6,T. OVER
 27-09-17,10:03:44,Ch6,T. OVER
 27-09-17,10:04:44,Ch6,T. OVER
 27-09-17,10:05:44,Ch6,T. OVER
 27-09-17,10:06:44,Ch6,T. OVER
 27-09-17,10:07:44,Ch6,T. OVER
 27-09-17,10:08:44,Ch6,T. OVER
 27-09-17,10:09:44,Ch6,T. OVER
 27-09-17,10:10:44,Ch6,T. OVER
 27-09-17,10:11:44,Ch6,T. OVER
 27-09-17,10:12:44,Ch6,T. OVER
 27-09-17,10:13:44,Ch6,T. OVER
 27-09-17,10:14:45,Ch6,T. OVER
 27-09-17,10:15:45,Ch6,T. OVER
 27-09-17,10:16:45,Ch6,T. OVER
 27-09-17,10:17:45,Ch6,T. OVER
 27-09-17,10:18:45,Ch6,T. OVER
 27-09-17,10:19:46,Ch6,T. OVER
 27-09-17,10:20:46,Ch6,T. OVER
 27-09-17,10:21:46,Ch6,T. OVER
 27-09-17,10:22:46,Ch6,T. OVER
 27-09-17,10:23:46,Ch6,T. OVER
 27-09-17,10:24:46,Ch6,T. OVER
 27-09-17,10:25:47,Ch6,T. OVER
 27-09-17,10:26:47,Ch6,T. OVER
 27-09-17,10:27:47,Ch6,T. OVER
 27-09-17,10:28:47,Ch6,T. OVER
 27-09-17,10:29:47,Ch6,T. OVER
 27-09-17,10:30:47,Ch6,T. OVER
 27-09-17,10:31:47,Ch6,T. OVER
 27-09-17,10:32:47,Ch6,T. OVER
 27-09-17,10:33:47,Ch6,T. OVER
 27-09-17,10:34:47,Ch6,T. OVER
 27-09-17,10:35:48,Ch6,T. OVER
 27-09-17,10:36:48,Ch6,T. OVER
 27-09-17,10:37:48,Ch6,T. OVER
 27-09-17,10:38:48,Ch6,T. OVER
 27-09-17,10:39:48,Ch6,T. OVER
 27-09-17,10:40:48,Ch6,T. OVER
 27-09-17,10:41:48,Ch6,T. OVER
 27-09-17,10:42:49,Ch6,T. OVER
 27-09-17,10:43:49,Ch6,T. OVER
 27-09-17,10:44:49,Ch6,T. OVER
 27-09-17,10:45:49,Ch6,T. OVER
 27-09-17,10:46:49,Ch6,T. OVER
 27-09-17,10:47:50,Ch6,T. OVER
 27-09-17,10:48:50,Ch6,T. OVER
 27-09-17,10:49:50,Ch6,T. OVER
 27-09-17,10:50:50,Ch6,T. OVER
 27-09-17,10:51:50,Ch6,T. OVER
 27-09-17,10:52:50,Ch6,T. OVER
 27-09-17,10:53:50,Ch6,T. OVER
 27-09-17,10:54:50,Ch6,T. OVER
 27-09-17,10:55:50,Ch6,T. OVER
 27-09-17,10:56:50,Ch6,T. OVER
 27-09-17,10:57:50,Ch6,T. OVER
 27-09-17,10:58:51,Ch6,T. OVER
 27-09-17,10:59:51,Ch6,T. OVER
 27-09-17,11:00:51,Ch6,T. OVER
 27-09-17,11:01:52,Ch6,T. OVER
 27-09-17,11:02:52,Ch6,T. OVER
 27-09-17,11:03:52,Ch6,T. OVER
 27-09-17,11:04:52,Ch6,T. OVER
 27-09-17,11:05:53,Ch6,T. OVER
 27-09-17,11:06:53,Ch6,T. OVER
 27-09-17,11:07:53,Ch6,T. OVER
 27-09-17,11:08:53,Ch6,T. OVER
 27-09-17,11:09:53,Ch6,T. OVER
 27-09-17,11:10:54,Ch6,T. OVER
 27-09-17,11:11:54,Ch6,T. OVER
 27-09-17,11:12:54,Ch6,T. OVER
 27-09-17,11:13:54,Ch6,T. OVER
 27-09-17,11:14:55,Ch6,T. OVER
 27-09-17,11:15:55,Ch6,T. OVER
 27-09-17,11:16:55,Ch6,T. OVER
 27-09-17,11:17:55,Ch6,T. OVER
 27-09-17,11:18:55,Ch6,T. OVER
 27-09-17,11:19:55,Ch6,T. OVER
 27-09-17,11:20:55,Ch6,T. OVER
 27-09-17,11:21:55,Ch6,T. OVER
 27-09-17,11:22:55,Ch6,T. OVER
 27-09-17,11:23:56,Ch6,T. OVER
 27-09-17,11:24:56,Ch6,T. OVER
 27-09-17,11:25:56,Ch6,T. OVER
 27-09-17,11:26:56,Ch6,T. OVER
 27-09-17,11:27:56,Ch6,T. OVER
 27-09-17,11:28:56,Ch6,T. OVER
 27-09-17,11:29:56,Ch6,T. OVER
 27-09-17,11:30:57,Ch6,T. OVER
 27-09-17,11:31:57,Ch6,T. OVER
 27-09-17,11:32:57,Ch6,T. OVER
 27-09-17,11:33:57,Ch6,T. OVER
 27-09-17,11:34:57,Ch6,T. OVER
 27-09-17,11:35:58,Ch6,T. OVER
 27-09-17,11:36:58,Ch6,T. OVER
 27-09-17,11:37:58,Ch6,T. OVER
 27-09-17,11:38:58,Ch6,T. OVER
 27-09-17,11:39:58,Ch6,T. OVER
 27-09-17,11:40:58,Ch6,T. OVER
 27-09-17,11:41:59,Ch6,T. OVER
 27-09-17,11:42:59,Ch6,T. OVER
 27-09-17,11:43:59,Ch6,T. OVER
 27-09-17,11:44:59,Ch6,T. OVER
 27-09-17,11:45:59,Ch6,T. OVER
 27-09-17,11:46:59,Ch6,T. OVER
 27-09-17,11:47:59,Ch6,T. OVER
 27-09-17,11:48:59,Ch6,T. OVER
 27-09-17,11:49:59,Ch6,T. OVER
 27-09-17,11:50:59,Ch6,T. OVER
 27-09-17,11:51:59,Ch6,T. OVER
 27-09-17,11:53:00,Ch6,T. OVER
 27-09-17,11:54:00,Ch6,T. OVER
 27-09-17,11:55:00,Ch6,T. OVER
 27-09-17,11:56:00,Ch6,T. OVER
 27-09-17,11:57:01,Ch6,T. OVER
 27-09-17,11:58:01,Ch6,T. OVER
 27-09-17,11:59:01,Ch6,T. OVER
 27-09-17,12:00:01,Ch6,T. OVER
 27-09-17,12:01:02,Ch6,T. OVER
 27-09-17,12:02:02,Ch6,T. OVER
 27-09-17,12:03:02,Ch6,T. OVER
 27-09-17,12:04:02,Ch6,T. OVER
 27-09-17,12:05:02,Ch6,T. OVER
 27-09-17,12:06:02,Ch6,T. OVER
 27-09-17,12:07:02,Ch6,T. OVER
 27-09-17,12:08:02,Ch6,T. OVER
 27-09-17,12:09:02,Ch6,T. OVER
 27-09-17,12:10:02,Ch6,T. OVER
 27-09-17,12:11:03,Ch6,T. OVER
 27-09-17,12:12:03,Ch6,T. OVER
 27-09-17,12:13:03,Ch6,T. OVER
 27-09-17,12:14:03,Ch6,T. OVER
 27-09-17,12:15:04,Ch6,T. OVER
 27-09-17,12:16:04,Ch6,T. OVER
 27-09-17,12:17:04,Ch6,VMIX OVL,T. OVER
 27-09-17,12:18:04,Ch6,T. OVER
 27-09-17,12:19:04,Ch6,T. OVER
 27-09-17,12:20:05,Ch6,T. OVER
 27-09-17,12:21:05,Ch6,T. OVER
 27-09-17,12:22:05,Ch6,T. OVER
 27-09-17,12:23:05,Ch6,T. OVER
 27-09-17,12:24:05,Ch6,T. OVER
 27-09-17,12:25:05,Ch6,T. OVER
 27-09-17,12:26:06,Ch6,T. OVER
 27-09-17,12:27:06,Ch6,T. OVER
 27-09-17,12:28:06,Ch6,T. OVER
 27-09-17,12:29:06,Ch6,T. OVER
 27-09-17,12:30:06,Ch6,T. OVER
 27-09-17,12:31:06,Ch6,T. OVER
 27-09-17,12:32:06,Ch6,T. OVER
 27-09-17,12:33:07,Ch6,T. OVER
 27-09-17,12:34:07,Ch6,T. OVER
 27-09-17,12:35:07,Ch6,T. OVER
 27-09-17,12:36:07,Ch6,T. OVER
 27-09-17,12:37:07,Ch6,T. OVER
 27-09-17,12:38:08,Ch6,T. OVER
 27-09-17,12:39:08,Ch6,T. OVER
 27-09-17,12:40:08,Ch6,T. OVER
 27-09-17,12:41:08,Ch6,T. OVER
 27-09-17,12:42:08,Ch6,T. OVER
 27-09-17,12:43:08,Ch6,T. OVER
 27-09-17,12:44:08,Ch6,T. OVER
 27-09-17,12:45:08,Ch6,T. OVER
 27-09-17,12:46:08,Ch6,T. OVER
 27-09-17,12:47:08,Ch6,T. OVER
 27-09-17,12:48:08,Ch6,T. OVER
 27-09-17,12:49:09,Ch6,T. OVER
 27-09-17,12:50:09,Ch6,T. OVER
 27-09-17,12:51:09,Ch6,T. OVER
 27-09-17,12:52:09,Ch6,T. OVER
 27-09-17,12:53:09,Ch6,T. OVER
 27-09-17,12:54:09,Ch6,T. OVER
 27-09-17,12:55:09,Ch6,T. OVER
 27-09-17,12:56:10,Ch6,T. OVER
 27-09-17,12:57:10,Ch6,T. OVER
 27-09-17,12:58:10,Ch6,T. OVER
 27-09-17,12:59:10,Ch6,T. OVER
 27-09-17,13:00:10,Ch6,T. OVER
 27-09-17,13:01:10,Ch6,T. OVER
 27-09-17,13:02:10,Ch6,T. OVER
 27-09-17,13:03:10,Ch6,T. OVER
 27-09-17,13:04:11,Ch6,T. OVER
 27-09-17,13:05:11,Ch6,T. OVER
 27-09-17,13:06:11,Ch6,T. OVER
 27-09-17,13:07:11,Ch6,T. OVER
 27-09-17,13:08:11,Ch6,T. OVER
 27-09-17,13:09:11,Ch6,T. OVER
 27-09-17,13:10:12,Ch6,T. OVER
 27-09-17,13:11:12,Ch6,T. OVER
 27-09-17,13:12:12,Ch6,T. OVER
 27-09-17,13:13:12,Ch6,T. OVER
 27-09-17,13:14:12,Ch6,T. OVER
 27-09-17,13:15:12,Ch6,T. OVER
 27-09-17,13:16:13,Ch6,T. OVER
 27-09-17,13:17:13,Ch6,T. OVER
 27-09-17,13:18:13,Ch6,T. OVER
 27-09-17,13:19:13,Ch6,T. OVER
 27-09-17,13:20:13,Ch6,T. OVER
 27-09-17,13:21:13,Ch6,T. OVER
 27-09-17,13:22:13,Ch6,T. OVER
 27-09-17,13:23:13,Ch6,T. OVER
 27-09-17,13:24:14,Ch6,T. OVER
 27-09-17,13:25:14,Ch6,T. OVER
 27-09-17,13:26:14,Ch6,T. OVER
 27-09-17,13:27:14,Ch6,T. OVER
 27-09-17,13:28:14,Ch6,T. OVER
 27-09-17,13:29:14,Ch6,T. OVER
 27-09-17,13:30:14,Ch6,T. OVER
 27-09-17,13:31:14,Ch6,T. OVER
 27-09-17,13:32:15,Ch6,T. OVER
 27-09-17,13:33:15,Ch6,T. OVER
 27-09-17,13:34:15,Ch6,T. OVER
 27-09-17,13:35:15,Ch6,T. OVER
 27-09-17,13:36:15,Ch6,T. OVER
 27-09-17,13:37:15,Ch6,T. OVER
 27-09-17,13:38:15,Ch6,T. OVER
 27-09-17,13:39:16,Ch6,T. OVER
 27-09-17,13:40:16,Ch6,T. OVER
 27-09-17,13:41:16,Ch6,T. OVER
 27-09-17,13:42:16,Ch6,T. OVER
 27-09-17,13:43:16,Ch6,T. OVER
 27-09-17,13:44:17,Ch6,T. OVER
 27-09-17,13:45:17,Ch6,T. OVER
 27-09-17,13:46:17,Ch6,T. OVER
 27-09-17,13:47:17,Ch6,T. OVER
 27-09-17,13:48:17,Ch6,T. OVER
 27-09-17,13:49:17,Ch6,T. OVER
 27-09-17,13:50:17,Ch6,T. OVER
 27-09-17,13:51:18,Ch6,T. OVER
 27-09-17,13:52:18,Ch6,T. OVER
 27-09-17,13:53:18,Ch6,T. OVER
 27-09-17,13:54:18,Ch6,T. OVER
 27-09-17,13:55:18,Ch6,T. OVER
 27-09-17,13:56:18,Ch6,T. OVER
 27-09-17,13:57:18,Ch6,T. OVER
 27-09-17,13:58:19,Ch6,T. OVER
 27-09-17,13:59:19,Ch6,T. OVER
 27-09-17,14:00:19,Ch6,T. OVER
 27-09-17,14:01:19,Ch6,T. OVER
 27-09-17,14:02:19,Ch6,T. OVER
 27-09-17,14:03:19,Ch6,T. OVER
 27-09-17,14:04:20,Ch6,T. OVER
 27-09-17,14:05:20,Ch6,T. OVER
 27-09-17,14:06:20,Ch6,T. OVER
 27-09-17,14:07:20,Ch6,T. OVER
 27-09-17,14:08:20,Ch6,T. OVER
 27-09-17,14:09:21,Ch6,T. OVER
 27-09-17,14:10:21,Ch6,T. OVER
 27-09-17,14:11:21,Ch6,T. OVER
 27-09-17,14:12:21,Ch6,T. OVER
 27-09-17,14:13:21,Ch6,T. OVER
 27-09-17,14:14:21,Ch6,T. OVER
 27-09-17,14:15:22,Ch6,T. OVER
 27-09-17,14:16:22,Ch6,T. OVER
 27-09-17,14:17:22,Ch6,T. OVER
 27-09-17,14:18:22,Ch6,T. OVER
 27-09-17,14:19:22,Ch6,T. OVER
 27-09-17,14:20:23,Ch6,T. OVER
 27-09-17,14:21:23,Ch6,T. OVER
 27-09-17,14:22:23,Ch6,T. OVER
 27-09-17,14:23:23,Ch6,T. OVER
 27-09-17,14:24:23,Ch6,T. OVER
 27-09-17,14:25:23,Ch6,T. OVER
 27-09-17,14:26:24,Ch6,T. OVER
 27-09-17,14:27:24,Ch6,T. OVER
 27-09-17,14:28:24,Ch6,T. OVER
 27-09-17,14:29:24,Ch6,T. OVER
 27-09-17,14:30:24,Ch6,T. OVER
 27-09-17,14:31:24,Ch6,T. OVER
 27-09-17,14:32:25,Ch6,T. OVER
 27-09-17,14:33:25,Ch6,T. OVER
 27-09-17,14:34:25,Ch6,T. OVER
 27-09-17,14:35:25,Ch6,T. OVER
 27-09-17,14:36:25,Ch6,T. OVER
 27-09-17,14:37:26,Ch6,T. OVER
 27-09-17,14:38:26,Ch6,T. OVER
 27-09-17,14:39:26,Ch6,T. OVER
 27-09-17,14:40:26,Ch6,T. OVER
 27-09-17,14:41:26,Ch6,T. OVER
 27-09-17,14:42:27,Ch6,T. OVER
 27-09-17,14:43:27,Ch6,T. OVER
 27-09-17,14:44:27,Ch6,T. OVER
 27-09-17,14:45:27,Ch6,T. OVER
 27-09-17,14:46:27,Ch6,T. OVER
 27-09-17,14:47:27,Ch6,T. OVER
 27-09-17,14:48:28,Ch6,T. OVER
 27-09-17,14:49:28,Ch6,T. OVER
 27-09-17,14:50:28,Ch6,T. OVER
 27-09-17,14:51:28,Ch6,T. OVER
 27-09-17,14:52:28,Ch6,T. OVER
 27-09-17,14:53:28,Ch6,T. OVER
 27-09-17,14:54:28,Ch6,T. OVER
 27-09-17,14:55:29,Ch6,T. OVER
 27-09-17,14:56:29,Ch6,T. OVER
 27-09-17,14:57:29,Ch6,T. OVER
 27-09-17,14:58:29,Ch6,T. OVER
 27-09-17,14:59:30,Ch6,T. OVER
 27-09-17,15:00:30,Ch6,T. OVER
 27-09-17,15:01:30,Ch6,T. OVER
 27-09-17,15:02:30,Ch6,T. OVER
 27-09-17,15:03:30,Ch6,T. OVER
 27-09-17,15:04:30,Ch6,T. OVER
 27-09-17,15:05:30,Ch6,T. OVER
 27-09-17,15:06:30,Ch6,T. OVER
 27-09-17,15:07:30,Ch6,T. OVER
 27-09-17,15:08:31,Ch6,T. OVER
 27-09-17,15:09:31,Ch6,T. OVER
 27-09-17,15:10:31,Ch6,T. OVER
 27-09-17,15:11:31,Ch6,T. OVER
 27-09-17,15:12:31,Ch6,T. OVER
 27-09-17,15:13:32,Ch6,T. OVER
 27-09-17,15:14:32,Ch6,T. OVER
 27-09-17,15:15:32,Ch6,T. OVER
 27-09-17,15:16:32,Ch6,T. OVER
 27-09-17,15:17:32,Ch6,T. OVER
 27-09-17,15:18:32,Ch6,T. OVER
 27-09-17,15:19:32,Ch6,T. OVER
 27-09-17,15:20:32,Ch6,T. OVER
 27-09-17,15:21:32,Ch6,T. OVER
 27-09-17,15:22:32,Ch6,T. OVER
 27-09-17,15:23:32,Ch6,T. OVER
 27-09-17,15:24:32,Ch6,T. OVER
 27-09-17,15:25:33,Ch6,T. OVER
 27-09-17,15:26:33,Ch6,T. OVER
 27-09-17,15:27:33,Ch6,T. OVER
 27-09-17,15:28:33,Ch6,T. OVER
 27-09-17,15:29:33,Ch6,T. OVER
 27-09-17,15:30:33,Ch6,T. OVER
 27-09-17,15:31:33,Ch6,T. OVER
 27-09-17,15:32:33,Ch6,T. OVER
 27-09-17,15:33:33,Ch6,T. OVER
 27-09-17,15:34:33,Ch6,T. OVER
 27-09-17,15:35:34,Ch6,T. OVER
 27-09-17,15:36:34,Ch6,T. OVER
 27-09-17,15:37:34,Ch6,T. OVER
 27-09-17,15:38:34,Ch6,T. OVER
 27-09-17,15:39:34,Ch6,T. OVER
 27-09-17,15:40:35,Ch6,T. OVER
 27-09-17,15:41:35,Ch6,T. OVER
 27-09-17,15:42:35,Ch6,T. OVER
 27-09-17,15:43:35,Ch6,T. OVER
 27-09-17,15:44:36,Ch6,T. OVER
 27-09-17,15:45:36,Ch6,T. OVER
 27-09-17,15:46:36,Ch6,T. OVER
 27-09-17,15:47:36,Ch6,T. OVER
 27-09-17,15:48:37,Ch6,T. OVER
 27-09-17,15:49:37,Ch6,T. OVER
 27-09-17,15:50:37,Ch6,T. OVER
 27-09-17,15:51:37,Ch6,T. OVER
 27-09-17,15:52:37,Ch6,T. OVER
 27-09-17,15:53:37,Ch6,T. OVER
 27-09-17,15:54:38,Ch6,T. OVER
 27-09-17,15:55:38,Ch6,T. OVER
 27-09-17,15:56:38,Ch6,T. OVER
 27-09-17,15:57:38,Ch6,T. OVER
 27-09-17,15:58:38,Ch6,T. OVER
 27-09-17,15:59:38,Ch6,T. OVER
 27-09-17,16:00:38,Ch6,T. OVER
 27-09-17,16:01:38,Ch6,T. OVER
 27-09-17,16:02:39,Ch6,T. OVER
 27-09-17,16:03:39,Ch6,T. OVER
 27-09-17,16:04:39,Ch6,T. OVER
 27-09-17,16:05:39,Ch6,T. OVER
 27-09-17,16:06:39,Ch6,T. OVER
 27-09-17,16:07:39,Ch6,T. OVER
 27-09-17,16:08:39,Ch6,T. OVER
 27-09-17,16:09:39,Ch6,T. OVER
 27-09-17,16:10:40,Ch6,T. OVER
 27-09-17,16:11:40,Ch6,T. OVER
 27-09-17,16:12:40,Ch6,T. OVER
 27-09-17,16:13:40,Ch6,T. OVER
 27-09-17,16:14:41,Ch6,T. OVER
 27-09-17,16:15:41,Ch6,T. OVER
 27-09-17,16:16:41,Ch6,T. OVER
 27-09-17,16:17:41,Ch6,T. OVER
 27-09-17,16:18:41,Ch6,T. OVER
 27-09-17,16:19:41,Ch6,T. OVER
 27-09-17,16:20:41,Ch6,T. OVER
 27-09-17,16:21:41,Ch6,T. OVER
 27-09-17,16:22:41,Ch6,T. OVER
 27-09-17,16:23:42,Ch6,T. OVER
 27-09-17,16:24:42,Ch6,T. OVER
 27-09-17,16:25:42,Ch6,T. OVER
 27-09-17,16:26:42,Ch6,T. OVER
 27-09-17,16:27:42,Ch6,T. OVER
 27-09-17,16:28:42,Ch6,T. OVER
 27-09-17,16:29:42,Ch6,T. OVER
 27-09-17,16:30:43,Ch6,T. OVER
 27-09-17,16:31:43,Ch6,T. OVER
 27-09-17,16:32:43,Ch6,T. OVER
 27-09-17,16:33:43,Ch6,T. OVER
 27-09-17,16:34:43,Ch6,T. OVER
 27-09-17,16:35:43,Ch6,T. OVER
 27-09-17,16:36:43,Ch6,T. OVER
 27-09-17,16:37:44,Ch6,T. OVER
 27-09-17,16:38:44,Ch6,T. OVER
 27-09-17,16:39:44,Ch6,T. OVER
 27-09-17,16:40:44,Ch6,T. OVER
 27-09-17,16:41:44,Ch6,T. OVER
 27-09-17,16:42:45,Ch6,T. OVER
 27-09-17,16:43:45,Ch6,T. OVER
 27-09-17,16:44:45,Ch6,T. OVER
 27-09-17,16:45:45,Ch6,T. OVER
 27-09-17,16:46:45,Ch6,T. OVER
 27-09-17,16:47:45,Ch6,T. OVER
 27-09-17,16:48:46,Ch6,T. OVER
 27-09-17,16:49:46,Ch6,T. OVER
 27-09-17,16:50:46,Ch6,T. OVER
 27-09-17,16:51:46,Ch6,T. OVER
 27-09-17,16:52:46,Ch6,T. OVER
 27-09-17,16:53:46,Ch6,T. OVER
 27-09-17,16:54:47,Ch6,T. OVER
 27-09-17,16:55:47,Ch6,T. OVER
 27-09-17,16:56:47,Ch6,T. OVER
 27-09-17,16:57:47,Ch6,T. OVER
 27-09-17,16:58:47,Ch6,T. OVER
 27-09-17,16:59:47,Ch6,T. OVER
 27-09-17,17:00:47,Ch6,T. OVER
 27-09-17,17:01:47,Ch6,T. OVER
 27-09-17,17:02:48,Ch6,T. OVER
 27-09-17,17:03:48,Ch6,T. OVER
 27-09-17,17:04:48,Ch6,T. OVER
 27-09-17,17:05:48,Ch6,T. OVER
 27-09-17,17:06:48,Ch6,T. OVER
 27-09-17,17:07:48,Ch6,T. OVER
 27-09-17,17:08:48,Ch6,T. OVER
 27-09-17,17:09:48,Ch6,VMIX OVL,VDIF OVL,T. OVER
 27-09-17,17:10:48,Ch6,T. OVER
 27-09-17,17:11:48,Ch6,VMIX OVL,VDIF OVL,T. OVER
 27-09-17,17:12:49,Ch6,T. OVER
 27-09-17,17:13:49,Ch6,T. OVER
 27-09-17,17:14:49,Ch6,T. OVER
 27-09-17,17:15:49,Ch6,T. OVER
 27-09-17,17:16:49,Ch6,T. OVER
 27-09-17,17:17:49,Ch6,T. OVER
 27-09-17,17:18:49,Ch6,T. OVER
 27-09-17,17:19:49,Ch6,T. OVER
 27-09-17,17:20:50,Ch6,T. OVER
 27-09-17,17:21:50,Ch6,T. OVER
 27-09-17,17:22:50,Ch6,T. OVER
 27-09-17,17:23:50,Ch6,T. OVER
 27-09-17,17:24:50,Ch6,T. OVER
 27-09-17,17:25:50,Ch6,T. OVER
 27-09-17,17:26:51,Ch6,T. OVER
 27-09-17,17:27:51,Ch6,T. OVER
 27-09-17,17:28:51,Ch6,T. OVER
 27-09-17,17:29:51,Ch6,T. OVER
 27-09-17,17:30:51,Ch6,T. OVER
 27-09-17,17:31:51,Ch6,T. OVER
 27-09-17,17:32:51,Ch6,T. OVER
 27-09-17,17:33:51,Ch6,T. OVER
 27-09-17,17:34:51,Ch6,T. OVER
 27-09-17,17:35:51,Ch6,T. OVER
 27-09-17,17:36:51,Ch6,T. OVER
 27-09-17,17:37:51,Ch6,T. OVER
 27-09-17,17:38:51,Ch6,T. OVER
 27-09-17,17:39:51,Ch6,T. OVER
 27-09-17,17:40:52,Ch6,T. OVER
 27-09-17,17:41:52,Ch6,T. OVER
 27-09-17,17:42:52,Ch6,T. OVER
 27-09-17,17:43:52,Ch6,T. OVER
 27-09-17,17:44:52,Ch6,T. OVER
 27-09-17,17:45:53,Ch6,T. OVER
 27-09-17,17:46:53,Ch6,T. OVER
 27-09-17,17:47:53,Ch6,T. OVER
 27-09-17,17:48:53,Ch6,T. OVER
 27-09-17,17:49:53,Ch6,T. OVER
 27-09-17,17:50:53,Ch6,T. OVER
 27-09-17,17:51:54,Ch6,T. OVER
 27-09-17,17:52:54,Ch6,T. OVER
 27-09-17,17:53:54,Ch6,T. OVER
 27-09-17,17:54:54,Ch6,T. OVER
 27-09-17,17:55:54,Ch6,T. OVER
 27-09-17,17:56:54,Ch6,T. OVER
 27-09-17,17:57:55,Ch6,T. OVER
 27-09-17,17:58:55,Ch6,T. OVER
 27-09-17,17:59:55,Ch6,T. OVER
 27-09-17,18:00:55,Ch6,T. OVER
 27-09-17,18:01:56,Ch6,T. OVER
 27-09-17,18:02:56,Ch6,T. OVER
 27-09-17,18:03:56,Ch6,T. OVER
 27-09-17,18:04:56,Ch6,T. OVER
 27-09-17,18:05:56,Ch6,T. OVER
 27-09-17,18:06:56,Ch6,T. OVER
 27-09-17,18:07:56,Ch6,T. OVER
 27-09-17,18:08:56,Ch6,T. OVER
 27-09-17,18:09:56,Ch6,T. OVER
 27-09-17,18:10:57,Ch6,T. OVER
 27-09-17,18:11:57,Ch6,T. OVER
 27-09-17,18:12:57,Ch6,T. OVER
 27-09-17,18:13:57,Ch6,T. OVER
 27-09-17,18:14:57,Ch6,T. OVER
 27-09-17,18:15:58,Ch6,T. OVER
 27-09-17,18:16:58,Ch6,T. OVER
 27-09-17,18:17:58,Ch6,T. OVER
 27-09-17,18:18:58,Ch6,T. OVER
 27-09-17,18:19:58,Ch6,T. OVER
 27-09-17,18:20:58,Ch6,T. OVER
 27-09-17,18:21:58,Ch6,T. OVER
 27-09-17,18:22:58,Ch6,T. OVER
 27-09-17,18:23:59,Ch6,T. OVER
 27-09-17,18:24:59,Ch6,T. OVER
 27-09-17,18:25:59,Ch6,T. OVER
 27-09-17,18:26:59,Ch6,T. OVER
 27-09-17,18:27:59,Ch6,T. OVER
 27-09-17,18:28:59,Ch6,T. OVER
 27-09-17,18:29:59,Ch6,T. OVER
 27-09-17,18:31:00,Ch6,T. OVER
 27-09-17,18:32:00,Ch6,T. OVER
 27-09-17,18:33:00,Ch6,T. OVER
 27-09-17,18:34:00,Ch6,T. OVER
 27-09-17,18:35:00,Ch6,T. OVER
 27-09-17,18:36:00,Ch6,T. OVER
 27-09-17,18:37:00,Ch6,T. OVER
 27-09-17,18:38:00,Ch6,T. OVER
 27-09-17,18:39:00,Ch6,T. OVER
 27-09-17,18:40:01,Ch6,T. OVER
 27-09-17,18:41:01,Ch6,T. OVER
 27-09-17,18:42:01,Ch6,T. OVER
 27-09-17,18:43:01,Ch6,T. OVER
 27-09-17,18:44:01,Ch6,T. OVER
 27-09-17,18:45:02,Ch6,T. OVER
 27-09-17,18:46:02,Ch6,T. OVER
 27-09-17,18:47:02,Ch6,T. OVER
 27-09-17,18:48:02,Ch6,T. OVER
 27-09-17,18:49:02,Ch6,T. OVER
 27-09-17,18:50:02,Ch6,T. OVER
 27-09-17,18:51:03,Ch6,T. OVER
 27-09-17,18:52:03,Ch6,T. OVER
 27-09-17,18:53:03,Ch6,T. OVER
 27-09-17,18:54:04,Ch6,T. OVER
 27-09-17,18:55:04,Ch6,T. OVER
 27-09-17,18:56:04,Ch6,T. OVER
 27-09-17,18:57:04,Ch6,T. OVER
 27-09-17,18:58:04,Ch6,T. OVER
 27-09-17,18:59:04,Ch6,T. OVER
 27-09-17,19:00:04,Ch6,T. OVER
 27-09-17,19:01:04,Ch6,T. OVER
 27-09-17,19:02:04,Ch6,T. OVER
 27-09-17,19:03:05,Ch6,T. OVER
 27-09-17,19:04:05,Ch6,T. OVER
 27-09-17,19:05:05,Ch6,T. OVER
 27-09-17,19:06:05,Ch6,T. OVER
 27-09-17,19:07:06,Ch6,T. OVER
 27-09-17,19:08:06,Ch6,T. OVER
 27-09-17,19:09:06,Ch6,T. OVER
 27-09-17,19:10:06,Ch6,T. OVER
 27-09-17,19:11:06,Ch6,T. OVER
 27-09-17,19:12:06,Ch6,T. OVER
 27-09-17,19:13:06,Ch6,T. OVER
 27-09-17,19:14:07,Ch6,T. OVER
 27-09-17,19:15:07,Ch6,T. OVER
 27-09-17,19:16:07,Ch6,T. OVER
 27-09-17,19:17:07,Ch6,T. OVER
 27-09-17,19:18:08,Ch6,T. OVER
 27-09-17,19:19:08,Ch6,T. OVER
 27-09-17,19:20:08,Ch6,T. OVER
 27-09-17,19:21:08,Ch6,T. OVER
 27-09-17,19:22:08,Ch6,T. OVER
 27-09-17,19:23:08,Ch6,T. OVER
 27-09-17,19:24:08,Ch6,T. OVER
 27-09-17,19:25:08,Ch6,T. OVER
 27-09-17,19:26:08,Ch6,T. OVER
 27-09-17,19:27:08,Ch6,T. OVER
 27-09-17,19:28:08,Ch6,T. OVER
 27-09-17,19:29:08,Ch6,T. OVER
 27-09-17,19:30:09,Ch6,T. OVER
 27-09-17,19:31:09,Ch6,T. OVER
 27-09-17,19:32:09,Ch6,T. OVER
 27-09-17,19:33:09,Ch6,T. OVER
 27-09-17,19:34:09,Ch6,T. OVER
 27-09-17,19:35:10,Ch6,T. OVER
 27-09-17,19:36:10,Ch6,T. OVER
 27-09-17,19:37:10,Ch6,T. OVER
 27-09-17,19:38:10,Ch6,T. OVER
 27-09-17,19:39:10,Ch6,T. OVER
 27-09-17,19:40:10,Ch6,T. OVER
 27-09-17,19:41:10,Ch6,T. OVER
 27-09-17,19:42:10,Ch6,T. OVER
 27-09-17,19:43:11,Ch6,T. OVER
 27-09-17,19:44:11,Ch6,T. OVER
 27-09-17,19:45:11,Ch6,T. OVER
 27-09-17,19:46:11,Ch6,T. OVER
 27-09-17,19:47:11,Ch6,T. OVER
 27-09-17,19:48:11,Ch6,T. OVER
 27-09-17,19:49:12,Ch6,T. OVER
 27-09-17,19:50:12,Ch6,T. OVER
 27-09-17,19:51:12,Ch6,T. OVER
 27-09-17,19:52:12,Ch6,T. OVER
 27-09-17,19:53:12,Ch6,T. OVER
 27-09-17,19:54:12,Ch6,T. OVER
 27-09-17,19:55:12,Ch6,T. OVER
 27-09-17,19:56:13,Ch6,T. OVER
 27-09-17,19:57:13,Ch6,T. OVER
 27-09-17,19:58:13,Ch6,T. OVER
 27-09-17,19:59:13,Ch6,T. OVER
 27-09-17,20:00:13,Ch6,T. OVER
 27-09-17,20:01:13,Ch6,T. OVER
 27-09-17,20:02:13,Ch6,T. OVER
 27-09-17,20:03:13,Ch6,T. OVER
 27-09-17,20:04:14,Ch6,T. OVER
 27-09-17,20:05:14,Ch6,T. OVER
 27-09-17,20:06:14,Ch6,T. OVER
 27-09-17,20:07:14,Ch6,T. OVER
 27-09-17,20:08:15,Ch6,T. OVER
 27-09-17,20:09:15,Ch6,T. OVER
 27-09-17,20:10:15,Ch6,T. OVER
 27-09-17,20:11:15,Ch6,T. OVER
 27-09-17,20:12:15,Ch6,T. OVER
 27-09-17,20:13:15,Ch6,T. OVER
 27-09-17,20:14:15,Ch6,T. OVER
 27-09-17,20:15:15,Ch6,T. OVER
 27-09-17,20:16:15,Ch6,T. OVER
 27-09-17,20:17:15,Ch6,T. OVER
 27-09-17,20:18:16,Ch6,T. OVER
 27-09-17,20:19:16,Ch6,T. OVER
 27-09-17,20:20:16,Ch6,T. OVER
 27-09-17,20:21:16,Ch6,T. OVER
 27-09-17,20:22:16,Ch6,T. OVER
 27-09-17,20:23:16,Ch6,T. OVER
 27-09-17,20:24:16,Ch6,T. OVER
 27-09-17,20:25:16,Ch6,T. OVER
 27-09-17,20:26:17,Ch6,T. OVER
 27-09-17,20:27:17,Ch6,T. OVER
 27-09-17,20:28:17,Ch6,T. OVER
 27-09-17,20:29:17,Ch6,T. OVER
 27-09-17,20:30:17,Ch6,T. OVER
 27-09-17,20:31:17,Ch6,T. OVER
 27-09-17,20:32:17,Ch6,T. OVER
 27-09-17,20:33:17,Ch6,T. OVER
 27-09-17,20:34:17,Ch6,T. OVER
 27-09-17,20:35:17,Ch6,T. OVER
 27-09-17,20:36:18,Ch6,T. OVER
 27-09-17,20:37:18,Ch6,T. OVER
 27-09-17,20:38:18,Ch6,T. OVER
 27-09-17,20:39:18,Ch6,T. OVER
 27-09-17,20:40:18,Ch6,T. OVER
 27-09-17,20:41:18,Ch6,T. OVER
 27-09-17,20:42:18,Ch6,T. OVER
 27-09-17,20:43:18,Ch6,T. OVER
 27-09-17,20:44:18,Ch6,T. OVER
 27-09-17,20:45:19,Ch6,T. OVER
 27-09-17,20:46:19,Ch6,T. OVER
 27-09-17,20:47:19,Ch6,T. OVER
 27-09-17,20:48:19,Ch6,T. OVER
 27-09-17,20:49:19,Ch6,T. OVER
 27-09-17,20:50:20,Ch6,T. OVER
 27-09-17,20:51:20,Ch6,T. OVER
 27-09-17,20:52:20,Ch6,T. OVER
 27-09-17,20:53:20,Ch6,T. OVER
 27-09-17,20:54:21,Ch6,T. OVER
 27-09-17,20:55:21,Ch6,T. OVER
 27-09-17,20:56:21,Ch6,T. OVER
 27-09-17,20:57:21,Ch6,T. OVER
 27-09-17,20:58:21,Ch6,T. OVER
 27-09-17,20:59:21,Ch6,T. OVER
 27-09-17,21:00:22,Ch6,T. OVER
 27-09-17,21:01:22,Ch6,T. OVER
 27-09-17,21:02:22,Ch6,T. OVER
 27-09-17,21:03:22,Ch6,T. OVER
 27-09-17,21:04:22,Ch6,T. OVER
 27-09-17,21:05:22,Ch6,T. OVER
 27-09-17,21:06:22,Ch6,T. OVER
 27-09-17,21:07:22,Ch6,T. OVER
 27-09-17,21:08:22,Ch6,T. OVER
 27-09-17,21:09:23,Ch6,T. OVER
 27-09-17,21:10:23,Ch6,T. OVER
 27-09-17,21:11:23,Ch6,T. OVER
 27-09-17,21:12:23,Ch6,T. OVER
 27-09-17,21:13:23,Ch6,T. OVER
 27-09-17,21:14:24,Ch6,T. OVER
 27-09-17,21:15:24,Ch6,T. OVER
 27-09-17,21:16:24,Ch6,T. OVER
 27-09-17,21:17:24,Ch6,T. OVER
 27-09-17,21:18:24,Ch6,T. OVER
 27-09-17,21:19:25,Ch6,T. OVER
 27-09-17,21:20:25,Ch6,T. OVER
 27-09-17,21:21:25,Ch6,T. OVER
 27-09-17,21:22:25,Ch6,T. OVER
 27-09-17,21:23:25,Ch6,T. OVER
 27-09-17,21:24:26,Ch6,T. OVER
 27-09-17,21:25:26,Ch6,T. OVER
 27-09-17,21:26:26,Ch6,T. OVER
 27-09-17,21:27:26,Ch6,T. OVER
 27-09-17,21:28:27,Ch6,T. OVER
 27-09-17,21:29:27,Ch6,T. OVER
 27-09-17,21:30:27,Ch6,T. OVER
 27-09-17,21:31:27,Ch6,T. OVER
 27-09-17,21:32:27,Ch6,T. OVER
 27-09-17,21:33:27,Ch6,T. OVER
 27-09-17,21:34:27,Ch6,T. OVER
 27-09-17,21:35:27,Ch6,T. OVER
 27-09-17,21:36:27,Ch6,T. OVER
 27-09-17,21:37:28,Ch6,T. OVER
 27-09-17,21:38:28,Ch6,T. OVER
 27-09-17,21:39:28,Ch6,T. OVER
 27-09-17,21:40:28,Ch6,T. OVER
 27-09-17,21:41:28,Ch6,T. OVER
 27-09-17,21:42:28,Ch6,T. OVER
 27-09-17,21:43:28,Ch6,T. OVER
 27-09-17,21:44:28,Ch6,T. OVER
 27-09-17,21:45:29,Ch6,T. OVER
 27-09-17,21:46:29,Ch6,T. OVER
 27-09-17,21:47:29,Ch6,T. OVER
 27-09-17,21:48:29,Ch6,T. OVER
 27-09-17,21:49:29,Ch6,T. OVER
 27-09-17,21:50:30,Ch6,T. OVER
 27-09-17,21:51:30,Ch6,T. OVER
 27-09-17,21:52:30,Ch6,T. OVER
 27-09-17,21:53:30,Ch6,T. OVER
 27-09-17,21:54:31,Ch6,T. OVER
 27-09-17,21:55:31,Ch6,T. OVER
 27-09-17,21:56:31,Ch6,T. OVER
 27-09-17,21:57:31,Ch6,T. OVER
 27-09-17,21:58:32,Ch6,T. OVER
 27-09-17,21:59:32,Ch6,T. OVER
 27-09-17,22:00:32,Ch6,T. OVER
 27-09-17,22:01:32,Ch6,T. OVER
 27-09-17,22:02:32,Ch6,T. OVER
 27-09-17,22:03:32,Ch6,T. OVER
 27-09-17,22:04:32,Ch6,T. OVER
 27-09-17,22:05:33,Ch6,T. OVER
 27-09-17,22:06:33,Ch6,T. OVER
 27-09-17,22:07:33,Ch6,T. OVER
 27-09-17,22:08:33,Ch6,T. OVER
 27-09-17,22:09:33,Ch6,T. OVER
 27-09-17,22:10:34,Ch6,T. OVER
 27-09-17,22:11:34,Ch6,T. OVER
 27-09-17,22:12:34,Ch6,T. OVER
 27-09-17,22:13:34,Ch6,T. OVER
 27-09-17,22:14:34,Ch6,T. OVER
 27-09-17,22:15:34,Ch6,T. OVER
 27-09-17,22:16:34,Ch6,T. OVER
 27-09-17,22:17:35,Ch6,T. OVER
 27-09-17,22:18:35,Ch6,T. OVER
 27-09-17,22:19:35,Ch6,T. OVER
 27-09-17,22:20:35,Ch6,T. OVER
 27-09-17,22:21:35,Ch6,T. OVER
 27-09-17,22:22:35,Ch6,T. OVER
 27-09-17,22:23:35,Ch6,T. OVER
 27-09-17,22:24:36,Ch6,T. OVER
 27-09-17,22:25:36,Ch6,T. OVER
 27-09-17,22:26:36,Ch6,T. OVER
 27-09-17,22:27:36,Ch6,T. OVER
 27-09-17,22:28:37,Ch6,T. OVER
 27-09-17,22:29:37,Ch6,T. OVER
 27-09-17,22:30:37,Ch6,T. OVER
 27-09-17,22:31:37,Ch6,T. OVER
 27-09-17,22:32:37,Ch6,T. OVER
 27-09-17,22:33:37,Ch6,T. OVER
 27-09-17,22:34:37,Ch6,T. OVER
 27-09-17,22:35:38,Ch6,T. OVER
 27-09-17,22:36:38,Ch6,T. OVER
 27-09-17,22:37:38,Ch6,T. OVER
 27-09-17,22:38:38,Ch6,T. OVER
 27-09-17,22:39:38,Ch6,T. OVER
 27-09-17,22:40:38,Ch6,T. OVER
 27-09-17,22:41:38,Ch6,T. OVER
 27-09-17,22:42:38,Ch6,T. OVER
 27-09-17,22:43:38,Ch6,T. OVER
 27-09-17,22:44:38,Ch6,T. OVER
 27-09-17,22:45:38,Ch6,T. OVER
 27-09-17,22:46:38,Ch6,T. OVER
 27-09-17,22:47:39,Ch6,T. OVER
 27-09-17,22:48:39,Ch6,T. OVER
 27-09-17,22:49:39,Ch6,T. OVER
 27-09-17,22:50:39,Ch6,T. OVER
 27-09-17,22:51:39,Ch6,T. OVER
 27-09-17,22:52:39,Ch6,T. OVER
 27-09-17,22:53:39,Ch6,T. OVER
 27-09-17,22:54:39,Ch6,T. OVER
 27-09-17,22:55:39,Ch6,T. OVER
 27-09-17,22:56:39,Ch6,T. OVER
 27-09-17,22:57:39,Ch6,T. OVER
 27-09-17,22:58:39,Ch6,T. OVER
 27-09-17,22:59:39,Ch6,T. OVER
 27-09-17,23:00:40,Ch6,T. OVER
 27-09-17,23:01:40,Ch6,T. OVER
 27-09-17,23:02:40,Ch6,T. OVER
 27-09-17,23:03:40,Ch6,T. OVER
 27-09-17,23:04:40,Ch6,T. OVER
 27-09-17,23:05:40,Ch6,T. OVER
 27-09-17,23:06:40,Ch6,T. OVER
 27-09-17,23:07:41,Ch6,T. OVER
 27-09-17,23:08:41,Ch6,T. OVER
 27-09-17,23:09:41,Ch6,T. OVER
 27-09-17,23:10:41,Ch6,T. OVER
 27-09-17,23:11:41,Ch6,T. OVER
 27-09-17,23:12:41,Ch6,T. OVER
 27-09-17,23:13:41,Ch6,T. OVER
 27-09-17,23:14:42,Ch6,T. OVER
 27-09-17,23:15:42,Ch6,T. OVER
 27-09-17,23:16:42,Ch6,T. OVER
 27-09-17,23:17:42,Ch6,T. OVER
 27-09-17,23:18:42,Ch6,T. OVER
 27-09-17,23:19:43,Ch6,T. OVER
 27-09-17,23:20:43,Ch6,T. OVER
 27-09-17,23:21:43,Ch6,T. OVER
 27-09-17,23:22:43,Ch6,T. OVER
 27-09-17,23:23:43,Ch6,T. OVER
 27-09-17,23:24:44,Ch6,T. OVER
 27-09-17,23:25:44,Ch6,T. OVER
 27-09-17,23:26:44,Ch6,T. OVER
 27-09-17,23:27:44,Ch6,T. OVER
 27-09-17,23:28:44,Ch6,T. OVER
 27-09-17,23:29:44,Ch6,T. OVER
 27-09-17,23:30:45,Ch6,T. OVER
 27-09-17,23:31:45,Ch6,T. OVER
 27-09-17,23:32:45,Ch6,T. OVER
 27-09-17,23:33:45,Ch6,T. OVER
 27-09-17,23:34:45,Ch6,T. OVER
 27-09-17,23:35:45,Ch6,T. OVER
 27-09-17,23:36:45,Ch6,T. OVER
 27-09-17,23:37:46,Ch6,T. OVER
 27-09-17,23:38:46,Ch6,T. OVER
 27-09-17,23:39:46,Ch6,T. OVER
 27-09-17,23:40:46,Ch6,T. OVER
 27-09-17,23:41:46,Ch6,T. OVER
 27-09-17,23:42:46,Ch6,T. OVER
 27-09-17,23:43:47,Ch6,T. OVER
 27-09-17,23:44:47,Ch6,T. OVER
 27-09-17,23:45:47,Ch6,T. OVER
 27-09-17,23:46:47,Ch6,T. OVER
 27-09-17,23:47:47,Ch6,T. OVER
 27-09-17,23:48:47,Ch6,T. OVER
 27-09-17,23:49:47,Ch6,T. OVER
 27-09-17,23:50:47,Ch6,T. OVER
 27-09-17,23:51:47,Ch6,T. OVER
 27-09-17,23:52:47,Ch6,T. OVER
 27-09-17,23:53:48,Ch6,T. OVER
 27-09-17,23:54:48,Ch6,T. OVER
 27-09-17,23:55:48,Ch6,T. OVER
 27-09-17,23:56:48,Ch6,T. OVER
 27-09-17,23:57:49,Ch6,T. OVER
 27-09-17,23:58:49,Ch6,T. OVER
 27-09-17,23:59:49,Ch6,T. OVER
