 05-07-18,00:59:10,Ch6,T. OVER
 05-07-18,01:00:10,Ch6,T. OVER
 05-07-18,01:02:10,Ch6,T. OVER
 05-07-18,01:03:11,Ch6,T. OVER
 05-07-18,01:04:11,Ch6,T. OVER
 05-07-18,01:05:11,Ch6,T. OVER
 05-07-18,01:06:11,Ch6,T. OVER
 05-07-18,01:07:11,Ch6,T. OVER
 05-07-18,01:08:11,Ch6,T. OVER
 05-07-18,01:09:11,Ch6,T. OVER
 05-07-18,01:10:11,Ch6,T. OVER
 05-07-18,01:11:12,Ch6,T. OVER
 05-07-18,01:12:12,Ch6,T. OVER
 05-07-18,01:13:12,Ch6,T. OVER
 05-07-18,01:14:12,Ch6,T. OVER
 05-07-18,01:15:12,Ch6,T. OVER
 05-07-18,01:16:12,Ch6,T. OVER
 05-07-18,01:17:12,Ch6,T. OVER
 05-07-18,01:18:12,Ch6,T. OVER
 05-07-18,01:19:12,Ch6,T. OVER
 05-07-18,01:20:12,Ch6,T. OVER
 05-07-18,01:21:12,Ch6,T. OVER
 05-07-18,01:22:12,Ch6,T. OVER
 05-07-18,01:23:12,Ch6,T. OVER
 05-07-18,01:24:12,Ch6,T. OVER
 05-07-18,01:25:12,Ch6,T. OVER
 05-07-18,01:26:12,Ch6,T. OVER
 05-07-18,01:27:13,Ch6,T. OVER
 05-07-18,01:28:13,Ch6,T. OVER
 05-07-18,01:29:13,Ch6,T. OVER
 05-07-18,01:30:13,Ch6,T. OVER
 05-07-18,01:31:13,Ch6,T. OVER
 05-07-18,01:32:13,Ch6,T. OVER
 05-07-18,01:33:13,Ch6,T. OVER
 05-07-18,01:34:13,Ch6,T. OVER
 05-07-18,01:35:13,Ch6,T. OVER
 05-07-18,01:36:13,Ch6,T. OVER
 05-07-18,01:37:14,Ch6,T. OVER
 05-07-18,01:38:14,Ch6,T. OVER
 05-07-18,01:39:14,Ch6,T. OVER
 05-07-18,01:40:14,Ch6,T. OVER
 05-07-18,01:41:14,Ch6,T. OVER
 05-07-18,01:42:14,Ch6,T. OVER
 05-07-18,01:43:14,Ch6,T. OVER
 05-07-18,01:44:14,Ch6,T. OVER
 05-07-18,01:45:14,Ch6,T. OVER
 05-07-18,01:46:15,Ch6,T. OVER
 05-07-18,01:47:15,Ch6,T. OVER
 05-07-18,01:48:15,Ch6,T. OVER
 05-07-18,01:49:15,Ch6,T. OVER
 05-07-18,01:50:15,Ch6,T. OVER
 05-07-18,01:51:15,Ch6,T. OVER
 05-07-18,01:52:16,Ch6,T. OVER
 05-07-18,01:53:16,Ch6,T. OVER
 05-07-18,01:54:16,Ch6,T. OVER
 05-07-18,01:55:16,Ch6,T. OVER
 05-07-18,01:56:16,Ch6,T. OVER
 05-07-18,01:57:16,Ch6,T. OVER
 05-07-18,01:58:16,Ch6,T. OVER
 05-07-18,01:59:16,Ch6,T. OVER
 05-07-18,02:00:16,Ch6,T. OVER
 05-07-18,02:01:16,Ch6,T. OVER
 05-07-18,02:02:16,Ch6,T. OVER
 05-07-18,02:03:16,Ch6,T. OVER
 05-07-18,02:04:16,Ch6,T. OVER
 05-07-18,02:05:16,Ch6,T. OVER
 05-07-18,02:06:16,Ch6,T. OVER
 05-07-18,02:07:16,Ch6,T. OVER
 05-07-18,02:08:16,Ch6,T. OVER
 05-07-18,02:09:17,Ch6,T. OVER
 05-07-18,02:10:17,Ch6,T. OVER
 05-07-18,02:11:17,Ch6,T. OVER
 05-07-18,02:12:17,Ch6,T. OVER
 05-07-18,02:13:17,Ch6,T. OVER
 05-07-18,02:14:17,Ch6,T. OVER
 05-07-18,02:15:17,Ch6,T. OVER
 05-07-18,02:16:17,Ch6,T. OVER
 05-07-18,02:17:17,Ch6,T. OVER
 05-07-18,02:18:17,Ch6,T. OVER
 05-07-18,02:19:17,Ch6,T. OVER
 05-07-18,02:20:17,Ch6,T. OVER
 05-07-18,02:21:17,Ch6,T. OVER
 05-07-18,02:22:17,Ch6,T. OVER
 05-07-18,02:23:18,Ch6,T. OVER
 05-07-18,02:24:18,Ch6,T. OVER
 05-07-18,02:25:18,Ch6,T. OVER
 05-07-18,02:26:18,Ch6,T. OVER
 05-07-18,02:27:18,Ch6,T. OVER
 05-07-18,02:28:18,Ch6,T. OVER
 05-07-18,02:29:18,Ch6,T. OVER
 05-07-18,02:30:18,Ch6,T. OVER
 05-07-18,02:31:18,Ch6,T. OVER
 05-07-18,02:32:19,Ch6,T. OVER
 05-07-18,02:33:19,Ch6,T. OVER
 05-07-18,02:34:19,Ch6,T. OVER
 05-07-18,02:35:19,Ch6,T. OVER
 05-07-18,02:36:19,Ch6,T. OVER
 05-07-18,02:37:19,Ch6,T. OVER
 05-07-18,02:38:19,Ch6,T. OVER
 05-07-18,02:39:19,Ch6,VMIX OVL,T. OVER
 05-07-18,02:40:19,Ch6,T. OVER
 05-07-18,02:41:19,Ch6,T. OVER
 05-07-18,02:42:19,Ch6,T. OVER
 05-07-18,02:43:20,Ch6,T. OVER
 05-07-18,02:44:20,Ch6,T. OVER
 05-07-18,02:45:20,Ch6,T. OVER
 05-07-18,02:46:20,Ch6,T. OVER
 05-07-18,02:47:20,Ch6,T. OVER
 05-07-18,02:48:20,Ch6,T. OVER
 05-07-18,02:49:20,Ch6,T. OVER
 05-07-18,02:50:21,Ch6,T. OVER
 05-07-18,02:51:21,Ch6,T. OVER
 05-07-18,02:52:21,Ch6,T. OVER
 05-07-18,02:53:21,Ch6,T. OVER
 05-07-18,02:54:21,Ch6,T. OVER
 05-07-18,02:55:21,Ch6,T. OVER
 05-07-18,02:56:21,Ch6,T. OVER
 05-07-18,02:57:21,Ch6,T. OVER
 05-07-18,02:58:21,Ch6,T. OVER
 05-07-18,02:59:21,Ch6,T. OVER
 05-07-18,03:00:21,Ch6,T. OVER
 05-07-18,03:01:21,Ch6,T. OVER
 05-07-18,03:02:21,Ch6,T. OVER
 05-07-18,03:03:21,Ch6,T. OVER
 05-07-18,03:04:22,Ch6,T. OVER
 05-07-18,03:05:22,Ch6,T. OVER
 05-07-18,03:06:22,Ch6,T. OVER
 05-07-18,03:07:22,Ch6,T. OVER
 05-07-18,03:08:22,Ch6,T. OVER
 05-07-18,03:09:22,Ch6,T. OVER
 05-07-18,03:10:22,Ch6,T. OVER
 05-07-18,03:11:22,Ch6,T. OVER
 05-07-18,03:12:22,Ch6,T. OVER
 05-07-18,03:13:22,Ch6,T. OVER
 05-07-18,03:14:23,Ch6,T. OVER
 05-07-18,03:15:23,Ch6,T. OVER
 05-07-18,03:16:23,Ch6,T. OVER
 05-07-18,03:17:23,Ch6,T. OVER
 05-07-18,03:18:23,Ch6,T. OVER
 05-07-18,03:19:23,Ch6,T. OVER
 05-07-18,03:20:23,Ch6,T. OVER
 05-07-18,03:21:23,Ch6,T. OVER
 05-07-18,03:22:23,Ch6,T. OVER
 05-07-18,03:23:23,Ch6,T. OVER
 05-07-18,03:24:23,Ch6,T. OVER
 05-07-18,03:25:23,Ch6,T. OVER
 05-07-18,03:26:24,Ch6,T. OVER
 05-07-18,03:27:24,Ch6,T. OVER
 05-07-18,03:28:24,Ch6,T. OVER
 05-07-18,03:29:24,Ch6,T. OVER
 05-07-18,03:30:24,Ch6,T. OVER
 05-07-18,03:31:24,Ch6,T. OVER
 05-07-18,03:32:24,Ch6,T. OVER
 05-07-18,03:33:24,Ch6,T. OVER
 05-07-18,03:34:24,Ch6,T. OVER
 05-07-18,03:35:24,Ch6,T. OVER
 05-07-18,03:36:24,Ch6,T. OVER
 05-07-18,03:37:24,Ch6,T. OVER
 05-07-18,03:38:24,Ch6,T. OVER
 05-07-18,03:39:24,Ch6,T. OVER
 05-07-18,03:40:24,Ch6,T. OVER
 05-07-18,03:41:24,Ch6,T. OVER
 05-07-18,03:42:25,Ch6,T. OVER
 05-07-18,03:43:25,Ch6,T. OVER
 05-07-18,03:44:25,Ch6,T. OVER
 05-07-18,03:45:25,Ch6,T. OVER
 05-07-18,03:46:25,Ch6,T. OVER
 05-07-18,03:47:25,Ch6,T. OVER
 05-07-18,03:48:25,Ch6,T. OVER
 05-07-18,03:49:26,Ch6,T. OVER
 05-07-18,03:50:26,Ch6,T. OVER
 05-07-18,03:51:26,Ch6,T. OVER
 05-07-18,03:52:26,Ch6,T. OVER
 05-07-18,03:53:26,Ch6,T. OVER
 05-07-18,03:54:26,Ch6,T. OVER
 05-07-18,03:55:26,Ch6,T. OVER
 05-07-18,03:56:26,Ch6,T. OVER
 05-07-18,03:57:26,Ch6,T. OVER
 05-07-18,03:58:26,Ch6,T. OVER
 05-07-18,03:59:26,Ch6,T. OVER
 05-07-18,04:00:26,Ch6,T. OVER
 05-07-18,04:01:27,Ch6,T. OVER
 05-07-18,04:02:27,Ch6,T. OVER
 05-07-18,04:03:27,Ch6,T. OVER
 05-07-18,04:04:27,Ch6,T. OVER
 05-07-18,04:05:27,Ch6,T. OVER
 05-07-18,04:06:27,Ch6,T. OVER
 05-07-18,04:07:27,Ch6,T. OVER
 05-07-18,04:08:27,Ch6,T. OVER
 05-07-18,04:09:27,Ch6,T. OVER
 05-07-18,04:10:28,Ch6,T. OVER
 05-07-18,04:11:28,Ch6,T. OVER
 05-07-18,04:12:28,Ch6,T. OVER
 05-07-18,04:13:28,Ch6,T. OVER
 05-07-18,04:14:28,Ch6,T. OVER
 05-07-18,04:15:28,Ch6,T. OVER
 05-07-18,04:16:28,Ch6,T. OVER
 05-07-18,04:17:28,Ch6,T. OVER
 05-07-18,04:18:28,Ch6,T. OVER
 05-07-18,04:19:28,Ch6,T. OVER
 05-07-18,04:20:28,Ch6,T. OVER
 05-07-18,04:21:28,Ch6,T. OVER
 05-07-18,04:22:28,Ch6,T. OVER
 05-07-18,04:23:28,Ch6,T. OVER
 05-07-18,04:24:28,Ch6,T. OVER
 05-07-18,04:25:29,Ch6,T. OVER
 05-07-18,04:26:29,Ch6,T. OVER
 05-07-18,04:27:29,Ch6,T. OVER
 05-07-18,04:28:29,Ch6,T. OVER
 05-07-18,04:29:29,Ch6,T. OVER
 05-07-18,04:30:29,Ch6,T. OVER
 05-07-18,04:31:29,Ch6,T. OVER
 05-07-18,04:32:29,Ch6,T. OVER
 05-07-18,04:33:29,Ch6,T. OVER
 05-07-18,04:34:29,Ch6,T. OVER
 05-07-18,04:35:29,Ch6,T. OVER
 05-07-18,04:36:30,Ch6,T. OVER
 05-07-18,04:37:30,Ch6,T. OVER
 05-07-18,04:38:30,Ch6,T. OVER
 05-07-18,04:39:30,Ch6,T. OVER
 05-07-18,04:40:30,Ch6,T. OVER
 05-07-18,04:41:30,Ch6,T. OVER
 05-07-18,04:42:30,Ch6,T. OVER
 05-07-18,04:43:30,Ch6,T. OVER
 05-07-18,04:44:30,Ch6,T. OVER
 05-07-18,04:45:30,Ch6,T. OVER
 05-07-18,04:46:30,Ch6,T. OVER
 05-07-18,04:47:30,Ch6,T. OVER
 05-07-18,04:48:30,Ch6,T. OVER
 05-07-18,04:49:30,Ch6,T. OVER
 05-07-18,04:50:30,Ch6,T. OVER
 05-07-18,04:51:30,Ch6,T. OVER
 05-07-18,04:52:30,Ch6,T. OVER
 05-07-18,04:53:31,Ch6,T. OVER
 05-07-18,04:54:31,Ch6,T. OVER
 05-07-18,04:55:31,Ch6,T. OVER
 05-07-18,04:56:31,Ch6,T. OVER
 05-07-18,04:57:31,Ch6,T. OVER
 05-07-18,04:58:31,Ch6,T. OVER
 05-07-18,04:59:31,Ch6,T. OVER
 05-07-18,05:00:31,Ch6,T. OVER
 05-07-18,05:01:31,Ch6,T. OVER
 05-07-18,05:02:31,Ch6,T. OVER
 05-07-18,05:03:31,Ch6,T. OVER
 05-07-18,05:04:31,Ch6,T. OVER
 05-07-18,05:05:31,Ch6,T. OVER
 05-07-18,05:06:31,Ch6,T. OVER
 05-07-18,05:07:31,Ch6,T. OVER
 05-07-18,05:08:31,Ch6,T. OVER
 05-07-18,05:09:31,Ch6,T. OVER
 05-07-18,05:10:32,Ch6,T. OVER
 05-07-18,05:11:32,Ch6,T. OVER
 05-07-18,05:12:32,Ch6,T. OVER
 05-07-18,05:13:32,Ch6,T. OVER
 05-07-18,05:14:32,Ch6,T. OVER
 05-07-18,05:15:32,Ch6,T. OVER
 05-07-18,05:16:32,Ch6,T. OVER
 05-07-18,05:17:32,Ch6,T. OVER
 05-07-18,05:18:32,Ch6,T. OVER
 05-07-18,05:19:32,Ch6,T. OVER
 05-07-18,05:20:32,Ch6,T. OVER
 05-07-18,05:21:32,Ch6,T. OVER
 05-07-18,05:22:32,Ch6,T. OVER
 05-07-18,05:23:32,Ch6,T. OVER
 05-07-18,05:24:32,Ch6,T. OVER
 05-07-18,05:25:33,Ch6,T. OVER
 05-07-18,05:26:33,Ch6,T. OVER
 05-07-18,05:27:33,Ch6,T. OVER
 05-07-18,05:28:33,Ch6,T. OVER
 05-07-18,05:29:33,Ch6,T. OVER
 05-07-18,05:30:33,Ch6,T. OVER
 05-07-18,05:31:33,Ch6,T. OVER
 05-07-18,05:32:33,Ch6,T. OVER
 05-07-18,05:33:33,Ch6,T. OVER
 05-07-18,05:34:33,Ch6,T. OVER
 05-07-18,05:35:33,Ch6,T. OVER
 05-07-18,05:36:33,Ch6,T. OVER
 05-07-18,05:37:33,Ch6,T. OVER
 05-07-18,05:38:33,Ch6,T. OVER
 05-07-18,05:39:33,Ch6,T. OVER
 05-07-18,05:40:33,Ch6,T. OVER
 05-07-18,05:41:33,Ch6,T. OVER
 05-07-18,05:42:33,Ch6,T. OVER
 05-07-18,05:43:33,Ch6,T. OVER
 05-07-18,05:44:33,Ch6,T. OVER
 05-07-18,05:45:34,Ch6,T. OVER
 05-07-18,05:46:34,Ch6,T. OVER
 05-07-18,05:47:34,Ch6,T. OVER
 05-07-18,05:48:34,Ch6,T. OVER
 05-07-18,05:49:34,Ch6,T. OVER
 05-07-18,05:50:34,Ch6,T. OVER
 05-07-18,05:51:34,Ch6,T. OVER
 05-07-18,05:52:35,Ch6,T. OVER
 05-07-18,05:53:35,Ch6,T. OVER
 05-07-18,05:54:35,Ch6,T. OVER
 05-07-18,05:55:35,Ch6,T. OVER
 05-07-18,05:56:35,Ch6,T. OVER
 05-07-18,05:57:35,Ch6,T. OVER
 05-07-18,05:58:35,Ch6,T. OVER
 05-07-18,05:59:35,Ch6,T. OVER
 05-07-18,06:00:35,Ch6,T. OVER
 05-07-18,06:01:35,Ch6,T. OVER
 05-07-18,06:02:35,Ch6,T. OVER
 05-07-18,06:03:35,Ch6,T. OVER
 05-07-18,06:04:35,Ch6,T. OVER
 05-07-18,06:05:36,Ch6,T. OVER
 05-07-18,06:06:36,Ch6,T. OVER
 05-07-18,06:07:36,Ch6,T. OVER
 05-07-18,06:08:36,Ch6,T. OVER
 05-07-18,06:09:36,Ch6,T. OVER
 05-07-18,06:10:36,Ch6,T. OVER
 05-07-18,06:11:36,Ch6,T. OVER
 05-07-18,06:12:36,Ch6,T. OVER
 05-07-18,06:13:36,Ch6,T. OVER
 05-07-18,06:14:36,Ch6,T. OVER
 05-07-18,06:15:36,Ch6,T. OVER
 05-07-18,06:16:37,Ch6,T. OVER
 05-07-18,06:17:37,Ch6,T. OVER
 05-07-18,06:18:37,Ch6,T. OVER
 05-07-18,06:19:37,Ch6,T. OVER
 05-07-18,06:20:37,Ch6,T. OVER
 05-07-18,06:21:37,Ch6,T. OVER
 05-07-18,06:22:37,Ch6,T. OVER
 05-07-18,06:23:37,Ch6,T. OVER
 05-07-18,06:24:37,Ch6,T. OVER
 05-07-18,06:25:37,Ch6,T. OVER
 05-07-18,06:26:37,Ch6,T. OVER
 05-07-18,06:27:38,Ch6,T. OVER
 05-07-18,06:28:38,Ch6,T. OVER
 05-07-18,06:29:38,Ch6,T. OVER
 05-07-18,06:30:38,Ch6,T. OVER
 05-07-18,06:31:38,Ch6,T. OVER
 05-07-18,06:32:38,Ch6,T. OVER
 05-07-18,06:33:38,Ch6,T. OVER
 05-07-18,06:34:38,Ch6,T. OVER
 05-07-18,06:35:38,Ch6,T. OVER
 05-07-18,06:36:38,Ch6,T. OVER
 05-07-18,06:37:38,Ch6,T. OVER
 05-07-18,06:38:38,Ch6,T. OVER
 05-07-18,06:39:38,Ch6,T. OVER
 05-07-18,06:40:38,Ch6,T. OVER
 05-07-18,06:41:38,Ch6,T. OVER
 05-07-18,06:42:38,Ch6,T. OVER
 05-07-18,06:43:38,Ch6,T. OVER
 05-07-18,06:44:38,Ch6,T. OVER
 05-07-18,06:45:38,Ch6,T. OVER
 05-07-18,06:46:38,Ch6,T. OVER
 05-07-18,06:47:38,Ch6,T. OVER
 05-07-18,06:48:38,Ch6,T. OVER
 05-07-18,06:49:39,Ch6,T. OVER
 05-07-18,06:50:39,Ch6,T. OVER
 05-07-18,06:51:39,Ch6,T. OVER
 05-07-18,06:52:39,Ch6,T. OVER
 05-07-18,06:53:39,Ch6,T. OVER
 05-07-18,06:54:39,Ch6,T. OVER
 05-07-18,06:55:39,Ch6,T. OVER
 05-07-18,06:56:39,Ch6,T. OVER
 05-07-18,06:57:39,Ch6,T. OVER
 05-07-18,06:58:39,Ch6,T. OVER
 05-07-18,06:59:39,Ch6,T. OVER
 05-07-18,07:00:39,Ch6,T. OVER
 05-07-18,07:01:39,Ch6,T. OVER
 05-07-18,07:02:39,Ch6,T. OVER
 05-07-18,07:03:39,Ch6,T. OVER
 05-07-18,07:04:39,Ch6,T. OVER
 05-07-18,07:05:39,Ch6,T. OVER
 05-07-18,07:06:39,Ch6,T. OVER
 05-07-18,07:07:39,Ch6,T. OVER
 05-07-18,07:08:39,Ch6,T. OVER
 05-07-18,07:09:39,Ch6,T. OVER
 05-07-18,07:10:39,Ch6,T. OVER
 05-07-18,07:11:39,Ch6,T. OVER
 05-07-18,07:12:39,Ch6,T. OVER
 05-07-18,07:13:39,Ch6,T. OVER
 05-07-18,07:14:39,Ch6,T. OVER
 05-07-18,07:15:39,Ch6,T. OVER
 05-07-18,07:16:39,Ch6,T. OVER
 05-07-18,07:17:39,Ch6,T. OVER
 05-07-18,07:18:39,Ch6,T. OVER
 05-07-18,07:19:40,Ch6,T. OVER
 05-07-18,07:20:40,Ch6,T. OVER
 05-07-18,07:21:40,Ch6,T. OVER
 05-07-18,07:22:40,Ch6,T. OVER
 05-07-18,07:23:40,Ch6,T. OVER
 05-07-18,07:24:40,Ch6,T. OVER
 05-07-18,07:25:40,Ch6,T. OVER
 05-07-18,07:26:41,Ch6,T. OVER
 05-07-18,07:27:41,Ch6,T. OVER
 05-07-18,07:28:41,Ch6,T. OVER
 05-07-18,07:29:41,Ch6,T. OVER
 05-07-18,07:30:41,Ch6,T. OVER
 05-07-18,07:31:41,Ch6,T. OVER
 05-07-18,07:32:41,Ch6,T. OVER
 05-07-18,07:33:41,Ch6,T. OVER
 05-07-18,07:34:41,Ch6,T. OVER
 05-07-18,07:35:41,Ch6,T. OVER
 05-07-18,07:36:41,Ch6,T. OVER
 05-07-18,07:37:41,Ch6,T. OVER
 05-07-18,07:38:41,Ch6,T. OVER
 05-07-18,07:39:41,Ch6,T. OVER
 05-07-18,07:40:41,Ch6,T. OVER
 05-07-18,07:41:41,Ch6,T. OVER
 05-07-18,07:42:42,Ch6,T. OVER
 05-07-18,07:43:42,Ch6,T. OVER
 05-07-18,07:44:42,Ch6,T. OVER
 05-07-18,07:45:42,Ch6,T. OVER
 05-07-18,07:46:42,Ch6,T. OVER
 05-07-18,07:47:42,Ch6,T. OVER
 05-07-18,07:48:42,Ch6,T. OVER
 05-07-18,07:49:43,Ch6,T. OVER
 05-07-18,07:50:43,Ch6,T. OVER
 05-07-18,07:51:43,Ch6,T. OVER
 05-07-18,07:52:43,Ch6,T. OVER
 05-07-18,07:53:43,Ch6,T. OVER
 05-07-18,07:54:43,Ch6,T. OVER
 05-07-18,07:55:43,Ch6,T. OVER
 05-07-18,07:56:43,Ch6,T. OVER
 05-07-18,07:57:43,Ch6,T. OVER
 05-07-18,07:58:43,Ch6,T. OVER
 05-07-18,07:59:43,Ch6,T. OVER
 05-07-18,08:00:43,Ch6,T. OVER
 05-07-18,08:01:43,Ch6,T. OVER
 05-07-18,08:02:43,Ch6,T. OVER
 05-07-18,08:03:43,Ch6,T. OVER
 05-07-18,08:04:43,Ch6,T. OVER
 05-07-18,08:05:43,Ch6,T. OVER
 05-07-18,08:06:44,Ch6,T. OVER
 05-07-18,08:07:44,Ch6,T. OVER
 05-07-18,08:08:44,Ch6,T. OVER
 05-07-18,08:09:44,Ch6,T. OVER
 05-07-18,08:10:45,Ch6,T. OVER
 05-07-18,08:11:45,Ch6,T. OVER
 05-07-18,08:12:45,Ch6,T. OVER
 05-07-18,08:13:45,Ch6,T. OVER
 05-07-18,08:14:45,Ch6,T. OVER
 05-07-18,08:15:45,Ch6,T. OVER
 05-07-18,08:16:45,Ch6,T. OVER
 05-07-18,08:17:45,Ch6,T. OVER
 05-07-18,08:18:45,Ch6,T. OVER
 05-07-18,08:19:45,Ch6,T. OVER
 05-07-18,08:20:45,Ch6,T. OVER
 05-07-18,08:21:45,Ch6,T. OVER
 05-07-18,08:22:45,Ch6,T. OVER
 05-07-18,08:23:45,Ch6,T. OVER
 05-07-18,08:24:45,Ch6,T. OVER
 05-07-18,08:25:45,Ch6,T. OVER
 05-07-18,08:26:45,Ch6,T. OVER
 05-07-18,08:27:45,Ch6,T. OVER
 05-07-18,08:28:46,Ch6,T. OVER
 05-07-18,08:29:46,Ch6,T. OVER
 05-07-18,08:30:46,Ch6,T. OVER
 05-07-18,08:31:46,Ch6,T. OVER
 05-07-18,08:32:46,Ch6,T. OVER
 05-07-18,08:33:46,Ch6,T. OVER
 05-07-18,08:34:46,Ch6,T. OVER
 05-07-18,08:35:46,Ch6,T. OVER
 05-07-18,08:36:46,Ch6,T. OVER
 05-07-18,08:37:46,Ch6,T. OVER
 05-07-18,08:38:46,Ch6,T. OVER
 05-07-18,08:39:46,Ch6,T. OVER
 05-07-18,08:40:46,Ch6,T. OVER
 05-07-18,08:41:46,Ch6,T. OVER
 05-07-18,08:42:46,Ch6,T. OVER
 05-07-18,08:43:46,Ch6,T. OVER
 05-07-18,08:44:46,Ch6,T. OVER
 05-07-18,08:45:46,Ch6,T. OVER
 05-07-18,08:46:46,Ch6,T. OVER
 05-07-18,08:47:46,Ch6,T. OVER
 05-07-18,08:48:46,Ch6,T. OVER
 05-07-18,08:49:46,Ch6,T. OVER
 05-07-18,08:50:46,Ch6,T. OVER
 05-07-18,08:51:47,Ch6,T. OVER
 05-07-18,08:52:47,Ch6,T. OVER
 05-07-18,08:53:47,Ch6,T. OVER
 05-07-18,08:54:47,Ch6,T. OVER
 05-07-18,08:55:47,Ch6,T. OVER
 05-07-18,08:56:47,Ch6,T. OVER
 05-07-18,08:57:47,Ch6,T. OVER
 05-07-18,08:58:47,Ch6,T. OVER
 05-07-18,08:59:47,Ch6,T. OVER
 05-07-18,09:00:47,Ch6,T. OVER
 05-07-18,09:01:48,Ch6,T. OVER
 05-07-18,09:02:48,Ch6,T. OVER
 05-07-18,09:03:48,Ch6,T. OVER
 05-07-18,09:04:48,Ch6,T. OVER
 05-07-18,09:05:48,Ch6,T. OVER
 05-07-18,09:06:48,Ch6,T. OVER
 05-07-18,09:07:48,Ch6,T. OVER
 05-07-18,09:08:48,Ch6,T. OVER
 05-07-18,09:09:48,Ch6,T. OVER
 05-07-18,09:10:48,Ch6,T. OVER
 05-07-18,09:11:48,Ch6,T. OVER
 05-07-18,09:12:48,Ch6,T. OVER
 05-07-18,09:13:49,Ch6,T. OVER
 05-07-18,09:14:49,Ch6,T. OVER
 05-07-18,09:15:49,Ch6,T. OVER
 05-07-18,09:16:49,Ch6,T. OVER
 05-07-18,09:17:49,Ch6,T. OVER
 05-07-18,09:18:49,Ch6,T. OVER
 05-07-18,09:19:49,Ch6,T. OVER
 05-07-18,09:20:49,Ch6,T. OVER
 05-07-18,09:21:49,Ch6,T. OVER
 05-07-18,09:22:50,Ch6,T. OVER
 05-07-18,09:23:50,Ch6,T. OVER
 05-07-18,09:24:50,Ch6,T. OVER
 05-07-18,09:25:50,Ch6,T. OVER
 05-07-18,09:26:50,Ch6,T. OVER
 05-07-18,09:27:50,Ch6,T. OVER
 05-07-18,09:28:50,Ch6,T. OVER
 05-07-18,09:29:51,Ch6,T. OVER
 05-07-18,09:30:51,Ch6,T. OVER
 05-07-18,09:31:51,Ch6,T. OVER
 05-07-18,09:32:51,Ch6,T. OVER
 05-07-18,09:33:51,Ch6,T. OVER
 05-07-18,09:34:51,Ch6,T. OVER
 05-07-18,09:35:51,Ch2,VDIF OVL
 05-07-18,09:35:51,Ch6,T. OVER
 05-07-18,09:36:51,Ch6,T. OVER
 05-07-18,09:37:52,Ch6,T. OVER
 05-07-18,09:38:52,Ch6,T. OVER
 05-07-18,09:39:52,Ch6,T. OVER
 05-07-18,09:40:52,Ch6,T. OVER
 05-07-18,09:41:52,Ch6,T. OVER
 05-07-18,09:42:53,Ch6,T. OVER
 05-07-18,09:43:53,Ch6,T. OVER
 05-07-18,09:44:53,Ch6,T. OVER
 05-07-18,09:45:53,Ch6,T. OVER
 05-07-18,09:46:53,Ch6,T. OVER
 05-07-18,09:47:53,Ch6,T. OVER
 05-07-18,09:48:53,Ch6,T. OVER
 05-07-18,09:49:53,Ch6,T. OVER
 05-07-18,09:50:53,Ch6,T. OVER
 05-07-18,09:51:53,Ch6,T. OVER
 05-07-18,09:52:53,Ch6,T. OVER
 05-07-18,09:53:53,Ch6,T. OVER
 05-07-18,09:54:53,Ch6,T. OVER
 05-07-18,09:55:53,Ch6,T. OVER
 05-07-18,09:56:53,Ch6,T. OVER
 05-07-18,09:57:53,Ch6,T. OVER
 05-07-18,09:58:53,Ch6,T. OVER
 05-07-18,09:59:54,Ch6,T. OVER
 05-07-18,10:00:54,Ch6,T. OVER
 05-07-18,10:01:54,Ch6,T. OVER
 05-07-18,10:02:54,Ch6,T. OVER
 05-07-18,10:03:54,Ch6,T. OVER
 05-07-18,10:04:54,Ch6,T. OVER
 05-07-18,10:05:54,Ch6,T. OVER
 05-07-18,10:06:54,Ch6,T. OVER
 05-07-18,10:07:55,Ch6,T. OVER
 05-07-18,10:08:55,Ch6,T. OVER
 05-07-18,10:09:55,Ch6,T. OVER
 05-07-18,10:10:55,Ch6,T. OVER
 05-07-18,10:11:55,Ch6,T. OVER
 05-07-18,10:12:55,Ch6,T. OVER
 05-07-18,10:13:55,Ch6,T. OVER
 05-07-18,10:14:55,Ch6,T. OVER
 05-07-18,10:15:55,Ch6,T. OVER
 05-07-18,10:16:55,Ch6,T. OVER
 05-07-18,10:17:55,Ch6,T. OVER
 05-07-18,10:18:55,Ch6,T. OVER
 05-07-18,10:19:55,Ch6,T. OVER
 05-07-18,10:20:55,Ch6,T. OVER
 05-07-18,10:21:55,Ch6,T. OVER
 05-07-18,10:22:55,Ch6,T. OVER
 05-07-18,10:23:55,Ch6,T. OVER
 05-07-18,10:24:55,Ch6,T. OVER
 05-07-18,10:25:55,Ch6,T. OVER
 05-07-18,10:26:55,Ch6,T. OVER
 05-07-18,10:27:55,Ch6,T. OVER
 05-07-18,10:28:55,Ch6,T. OVER
 05-07-18,10:29:55,Ch6,T. OVER
 05-07-18,10:30:55,Ch6,T. OVER
 05-07-18,10:31:55,Ch6,T. OVER
 05-07-18,10:32:55,Ch6,T. OVER
 05-07-18,10:33:55,Ch6,T. OVER
 05-07-18,10:34:55,Ch6,T. OVER
 05-07-18,10:35:56,Ch6,T. OVER
 05-07-18,10:36:56,Ch6,T. OVER
 05-07-18,10:37:56,Ch6,T. OVER
 05-07-18,10:38:56,Ch6,T. OVER
 05-07-18,10:39:56,Ch6,T. OVER
 05-07-18,10:40:56,Ch6,T. OVER
 05-07-18,10:41:56,Ch6,T. OVER
 05-07-18,10:42:56,Ch6,T. OVER
 05-07-18,10:43:56,Ch6,T. OVER
 05-07-18,10:44:57,Ch6,T. OVER
 05-07-18,10:45:57,Ch6,T. OVER
 05-07-18,10:46:57,Ch6,T. OVER
 05-07-18,10:47:57,Ch6,T. OVER
 05-07-18,10:48:57,Ch6,T. OVER
 05-07-18,10:49:57,Ch6,T. OVER
 05-07-18,10:50:57,Ch6,T. OVER
 05-07-18,10:51:58,Ch6,T. OVER
 05-07-18,10:52:58,Ch6,T. OVER
 05-07-18,10:53:58,Ch6,T. OVER
 05-07-18,10:54:58,Ch6,T. OVER
 05-07-18,10:55:58,Ch6,T. OVER
 05-07-18,10:56:58,Ch6,T. OVER
 05-07-18,10:57:58,Ch6,T. OVER
 05-07-18,10:58:59,Ch6,T. OVER
 05-07-18,10:59:59,Ch6,T. OVER
 05-07-18,11:00:59,Ch6,T. OVER
 05-07-18,11:01:59,Ch6,T. OVER
 05-07-18,11:02:59,Ch6,T. OVER
 05-07-18,11:03:59,Ch6,T. OVER
 05-07-18,11:04:59,Ch6,T. OVER
 05-07-18,11:05:59,Ch6,T. OVER
 05-07-18,11:06:59,Ch6,T. OVER
 05-07-18,11:07:59,Ch6,T. OVER
 05-07-18,11:08:59,Ch6,T. OVER
 05-07-18,11:09:59,Ch6,T. OVER
 05-07-18,11:11:00,Ch6,T. OVER
 05-07-18,11:12:00,Ch6,T. OVER
 05-07-18,11:13:00,Ch6,T. OVER
 05-07-18,11:14:00,Ch6,T. OVER
 05-07-18,11:15:00,Ch6,T. OVER
 05-07-18,11:16:00,Ch6,T. OVER
 05-07-18,11:17:00,Ch6,T. OVER
 05-07-18,11:18:00,Ch6,T. OVER
 05-07-18,11:19:00,Ch6,T. OVER
 05-07-18,11:20:00,Ch6,T. OVER
 05-07-18,11:21:00,Ch6,T. OVER
 05-07-18,11:22:00,Ch6,T. OVER
 05-07-18,11:23:00,Ch6,T. OVER
 05-07-18,11:24:00,Ch6,T. OVER
 05-07-18,11:25:01,Ch6,T. OVER
 05-07-18,11:26:01,Ch6,T. OVER
 05-07-18,11:27:01,Ch6,T. OVER
 05-07-18,11:28:01,Ch6,T. OVER
 05-07-18,11:29:01,Ch6,T. OVER
 05-07-18,11:30:01,Ch6,T. OVER
 05-07-18,11:31:02,Ch6,T. OVER
 05-07-18,11:32:02,Ch6,T. OVER
 05-07-18,11:33:02,Ch6,T. OVER
 05-07-18,11:34:02,Ch6,T. OVER
 05-07-18,11:35:02,Ch6,T. OVER
 05-07-18,11:36:02,Ch6,T. OVER
 05-07-18,11:37:02,Ch6,T. OVER
 05-07-18,11:38:02,Ch6,T. OVER
 05-07-18,11:39:02,Ch6,T. OVER
 05-07-18,11:40:02,Ch6,T. OVER
 05-07-18,11:41:02,Ch6,T. OVER
 05-07-18,11:42:02,Ch6,T. OVER
 05-07-18,11:43:02,Ch6,T. OVER
 05-07-18,11:44:03,Ch6,T. OVER
 05-07-18,11:45:03,Ch6,T. OVER
 05-07-18,11:46:03,Ch6,T. OVER
 05-07-18,11:47:03,Ch6,T. OVER
 05-07-18,11:48:03,Ch6,T. OVER
 05-07-18,11:49:03,Ch6,T. OVER
 05-07-18,11:50:03,Ch6,T. OVER
 05-07-18,11:51:03,Ch6,T. OVER
 05-07-18,11:52:03,Ch6,T. OVER
 05-07-18,11:53:03,Ch6,T. OVER
 05-07-18,11:54:03,Ch6,T. OVER
 05-07-18,11:55:03,Ch6,T. OVER
 05-07-18,11:56:03,Ch6,T. OVER
 05-07-18,11:57:03,Ch1,VDIF OVL
 05-07-18,11:57:03,Ch6,T. OVER
 05-07-18,11:58:03,Ch6,T. OVER
 05-07-18,11:59:03,Ch6,T. OVER
 05-07-18,12:00:04,Ch6,T. OVER
 05-07-18,12:01:04,Ch6,T. OVER
 05-07-18,12:02:04,Ch6,T. OVER
 05-07-18,12:03:04,Ch6,T. OVER
 05-07-18,12:04:04,Ch6,T. OVER
 05-07-18,12:05:04,Ch6,T. OVER
 05-07-18,12:06:04,Ch6,T. OVER
 05-07-18,12:07:04,Ch6,T. OVER
 05-07-18,12:08:04,Ch6,T. OVER
 05-07-18,12:09:04,Ch6,T. OVER
 05-07-18,12:10:04,Ch6,T. OVER
 05-07-18,12:11:04,Ch6,T. OVER
 05-07-18,12:12:04,Ch6,T. OVER
 05-07-18,12:13:04,Ch6,T. OVER
 05-07-18,12:14:05,Ch6,T. OVER
 05-07-18,12:15:05,Ch6,T. OVER
 05-07-18,12:16:05,Ch6,T. OVER
 05-07-18,12:17:05,Ch6,T. OVER
 05-07-18,12:18:05,Ch6,T. OVER
 05-07-18,12:19:05,Ch6,T. OVER
 05-07-18,12:20:05,Ch6,T. OVER
 05-07-18,12:21:05,Ch6,T. OVER
 05-07-18,12:22:05,Ch6,T. OVER
 05-07-18,12:23:05,Ch6,T. OVER
 05-07-18,12:24:05,Ch6,T. OVER
 05-07-18,12:25:05,Ch6,T. OVER
 05-07-18,12:26:05,Ch6,T. OVER
 05-07-18,12:27:05,Ch6,T. OVER
 05-07-18,12:28:05,Ch6,T. OVER
 05-07-18,12:29:05,Ch6,T. OVER
 05-07-18,12:30:05,Ch6,T. OVER
 05-07-18,12:31:05,Ch6,T. OVER
 05-07-18,12:32:05,Ch6,T. OVER
 05-07-18,12:33:06,Ch6,T. OVER
 05-07-18,12:34:06,Ch6,T. OVER
 05-07-18,12:35:06,Ch6,T. OVER
 05-07-18,12:36:06,Ch6,T. OVER
 05-07-18,12:37:06,Ch6,T. OVER
 05-07-18,12:38:06,Ch6,T. OVER
 05-07-18,12:39:06,Ch6,T. OVER
 05-07-18,12:40:06,Ch6,T. OVER
 05-07-18,12:41:06,Ch6,T. OVER
 05-07-18,12:42:06,Ch6,T. OVER
 05-07-18,12:43:06,Ch6,T. OVER
 05-07-18,12:44:06,Ch6,T. OVER
 05-07-18,12:45:06,Ch6,T. OVER
 05-07-18,12:46:06,Ch6,T. OVER
 05-07-18,12:47:06,Ch6,T. OVER
 05-07-18,12:48:06,Ch6,T. OVER
 05-07-18,12:49:06,Ch6,T. OVER
 05-07-18,12:50:06,Ch6,T. OVER
 05-07-18,12:51:06,Ch6,T. OVER
 05-07-18,12:52:06,Ch6,T. OVER
 05-07-18,12:53:06,Ch6,T. OVER
 05-07-18,12:54:06,Ch6,T. OVER
 05-07-18,12:55:06,Ch6,T. OVER
 05-07-18,12:56:06,Ch6,T. OVER
 05-07-18,12:57:06,Ch6,T. OVER
 05-07-18,12:58:06,Ch6,T. OVER
 05-07-18,12:59:06,Ch6,T. OVER
 05-07-18,13:00:06,Ch6,T. OVER
 05-07-18,13:01:06,Ch6,T. OVER
 05-07-18,13:02:06,Ch6,T. OVER
 05-07-18,13:03:07,Ch6,T. OVER
 05-07-18,13:04:07,Ch6,T. OVER
 05-07-18,13:05:07,Ch6,T. OVER
 05-07-18,13:06:07,Ch6,T. OVER
 05-07-18,13:07:07,Ch6,T. OVER
 05-07-18,13:08:07,Ch6,T. OVER
 05-07-18,13:09:07,Ch6,T. OVER
 05-07-18,13:10:07,Ch6,T. OVER
 05-07-18,13:11:07,Ch6,T. OVER
 05-07-18,13:12:07,Ch6,T. OVER
 05-07-18,13:13:07,Ch6,T. OVER
 05-07-18,13:14:07,Ch6,T. OVER
 05-07-18,13:15:08,Ch6,T. OVER
 05-07-18,13:16:08,Ch6,T. OVER
 05-07-18,13:17:08,Ch6,T. OVER
 05-07-18,13:18:08,Ch6,T. OVER
 05-07-18,13:19:08,Ch6,T. OVER
 05-07-18,13:20:08,Ch6,T. OVER
 05-07-18,13:21:08,Ch6,T. OVER
 05-07-18,13:22:08,Ch6,T. OVER
 05-07-18,13:23:08,Ch6,T. OVER
 05-07-18,13:24:08,Ch6,T. OVER
 05-07-18,13:25:08,Ch6,T. OVER
 05-07-18,13:26:08,Ch6,T. OVER
 05-07-18,13:27:08,Ch6,T. OVER
 05-07-18,13:28:08,Ch6,T. OVER
 05-07-18,13:29:08,Ch6,T. OVER
 05-07-18,13:30:08,Ch6,T. OVER
 05-07-18,13:31:08,Ch6,T. OVER
 05-07-18,13:32:08,Ch6,T. OVER
 05-07-18,13:33:08,Ch6,T. OVER
 05-07-18,13:34:08,Ch6,T. OVER
 05-07-18,13:35:08,Ch6,T. OVER
 05-07-18,13:36:08,Ch6,T. OVER
 05-07-18,13:37:09,Ch6,T. OVER
 05-07-18,13:38:09,Ch6,T. OVER
 05-07-18,13:39:09,Ch6,T. OVER
 05-07-18,13:40:09,Ch6,T. OVER
 05-07-18,13:41:09,Ch6,T. OVER
 05-07-18,13:42:09,Ch6,T. OVER
 05-07-18,13:43:09,Ch6,T. OVER
 05-07-18,13:44:09,Ch6,T. OVER
 05-07-18,13:45:09,Ch6,T. OVER
 05-07-18,13:46:09,Ch6,T. OVER
 05-07-18,13:47:09,Ch6,T. OVER
 05-07-18,13:48:09,Ch6,T. OVER
 05-07-18,13:49:10,Ch6,T. OVER
 05-07-18,13:50:10,Ch6,T. OVER
 05-07-18,13:51:10,Ch6,T. OVER
 05-07-18,13:52:10,Ch6,T. OVER
 05-07-18,13:53:10,Ch6,T. OVER
 05-07-18,13:54:10,Ch6,T. OVER
 05-07-18,13:55:10,Ch6,T. OVER
 05-07-18,13:56:11,Ch6,T. OVER
 05-07-18,13:57:11,Ch6,T. OVER
 05-07-18,13:58:11,Ch6,T. OVER
 05-07-18,13:59:11,Ch6,T. OVER
 05-07-18,14:00:11,Ch6,T. OVER
 05-07-18,14:01:11,Ch6,T. OVER
 05-07-18,14:02:11,Ch6,T. OVER
 05-07-18,14:03:11,Ch6,T. OVER
 05-07-18,14:04:11,Ch6,T. OVER
 05-07-18,14:05:11,Ch6,T. OVER
 05-07-18,14:06:11,Ch6,T. OVER
 05-07-18,14:07:11,Ch6,T. OVER
 05-07-18,14:08:11,Ch6,T. OVER
 05-07-18,14:09:11,Ch6,T. OVER
 05-07-18,14:10:11,Ch6,T. OVER
 05-07-18,14:11:11,Ch6,T. OVER
 05-07-18,14:12:11,Ch6,T. OVER
 05-07-18,14:13:11,Ch6,T. OVER
 05-07-18,14:14:11,Ch6,T. OVER
 05-07-18,14:15:11,Ch6,T. OVER
 05-07-18,14:16:11,Ch6,T. OVER
 05-07-18,14:17:11,Ch6,T. OVER
 05-07-18,14:18:11,Ch6,T. OVER
 05-07-18,14:19:12,Ch6,T. OVER
 05-07-18,14:20:12,Ch6,T. OVER
 05-07-18,14:21:12,Ch6,T. OVER
 05-07-18,14:22:12,Ch6,T. OVER
 05-07-18,14:23:12,Ch6,T. OVER
 05-07-18,14:24:12,Ch6,T. OVER
 05-07-18,14:25:13,Ch6,T. OVER
 05-07-18,14:26:13,Ch6,T. OVER
 05-07-18,14:27:13,Ch6,T. OVER
 05-07-18,14:28:13,Ch6,T. OVER
 05-07-18,14:29:13,Ch6,T. OVER
 05-07-18,14:30:13,Ch6,T. OVER
 05-07-18,14:31:13,Ch6,T. OVER
 05-07-18,14:32:13,Ch6,T. OVER
 05-07-18,14:33:13,Ch6,T. OVER
 05-07-18,14:34:13,Ch6,T. OVER
 05-07-18,14:35:13,Ch6,T. OVER
 05-07-18,14:36:13,Ch6,T. OVER
 05-07-18,14:37:13,Ch6,T. OVER
 05-07-18,14:38:13,Ch6,T. OVER
 05-07-18,14:39:13,Ch6,T. OVER
 05-07-18,14:40:13,Ch6,T. OVER
 05-07-18,14:41:13,Ch6,T. OVER
 05-07-18,14:42:13,Ch6,T. OVER
 05-07-18,14:43:13,Ch6,T. OVER
 05-07-18,14:44:14,Ch6,T. OVER
 05-07-18,14:45:14,Ch6,T. OVER
 05-07-18,14:46:14,Ch6,T. OVER
 05-07-18,14:47:14,Ch6,T. OVER
 05-07-18,14:48:14,Ch6,T. OVER
 05-07-18,14:49:14,Ch6,T. OVER
 05-07-18,14:50:15,Ch6,T. OVER
 05-07-18,14:51:15,Ch6,T. OVER
 05-07-18,14:52:15,Ch6,T. OVER
 05-07-18,14:53:15,Ch6,T. OVER
 05-07-18,14:54:15,Ch6,T. OVER
 05-07-18,14:55:15,Ch6,T. OVER
 05-07-18,14:56:15,Ch6,T. OVER
 05-07-18,14:57:15,Ch6,T. OVER
 05-07-18,14:58:15,Ch6,T. OVER
 05-07-18,14:59:16,Ch6,T. OVER
 05-07-18,15:00:16,Ch6,T. OVER
 05-07-18,15:01:16,Ch6,T. OVER
 05-07-18,15:02:16,Ch6,T. OVER
 05-07-18,15:03:16,Ch6,T. OVER
 05-07-18,15:04:16,Ch6,T. OVER
 05-07-18,15:05:16,Ch6,T. OVER
 05-07-18,15:06:16,Ch6,T. OVER
 05-07-18,15:07:16,Ch6,T. OVER
 05-07-18,15:08:16,Ch6,T. OVER
 05-07-18,15:09:16,Ch6,T. OVER
 05-07-18,15:10:16,Ch6,VMIX OVL,VDIF OVL,T. OVER
 05-07-18,15:11:16,Ch6,T. OVER
 05-07-18,15:12:16,Ch6,VMIX OVL,VDIF OVL,T. OVER
 05-07-18,15:13:16,Ch6,T. OVER
 05-07-18,15:14:16,Ch6,T. OVER
 05-07-18,15:15:16,Ch6,T. OVER
 05-07-18,15:16:16,Ch6,T. OVER
 05-07-18,15:17:16,Ch6,T. OVER
 05-07-18,15:18:16,Ch6,T. OVER
 05-07-18,15:19:16,Ch6,T. OVER
 05-07-18,15:20:16,Ch6,T. OVER
 05-07-18,15:21:17,Ch6,T. OVER
 05-07-18,15:22:17,Ch6,T. OVER
 05-07-18,15:23:17,Ch6,T. OVER
 05-07-18,15:24:17,Ch6,T. OVER
 05-07-18,15:25:17,Ch6,T. OVER
 05-07-18,15:26:17,Ch6,T. OVER
 05-07-18,15:27:18,Ch6,T. OVER
 05-07-18,15:28:18,Ch6,T. OVER
 05-07-18,15:29:18,Ch6,T. OVER
 05-07-18,15:30:18,Ch6,T. OVER
 05-07-18,15:31:18,Ch6,T. OVER
 05-07-18,15:32:18,Ch6,T. OVER
 05-07-18,15:33:18,Ch6,T. OVER
 05-07-18,15:34:18,Ch6,T. OVER
 05-07-18,15:35:18,Ch6,T. OVER
 05-07-18,15:36:18,Ch6,T. OVER
 05-07-18,15:37:18,Ch6,T. OVER
 05-07-18,15:38:18,Ch6,T. OVER
 05-07-18,15:39:18,Ch6,T. OVER
 05-07-18,15:40:18,Ch6,T. OVER
 05-07-18,15:41:18,Ch6,T. OVER
 05-07-18,15:42:18,Ch6,T. OVER
 05-07-18,15:43:18,Ch6,T. OVER
 05-07-18,15:44:18,Ch6,T. OVER
 05-07-18,15:45:18,Ch6,T. OVER
 05-07-18,15:46:18,Ch6,T. OVER
 05-07-18,15:47:19,Ch6,T. OVER
 05-07-18,15:48:19,Ch6,T. OVER
 05-07-18,15:49:19,Ch6,T. OVER
 05-07-18,15:50:19,Ch6,T. OVER
 05-07-18,15:51:19,Ch6,T. OVER
 05-07-18,15:52:19,Ch6,T. OVER
 05-07-18,15:53:19,Ch6,T. OVER
 05-07-18,15:54:19,Ch6,T. OVER
 05-07-18,15:55:19,Ch6,T. OVER
 05-07-18,15:56:19,Ch6,T. OVER
 05-07-18,15:57:20,Ch6,T. OVER
 05-07-18,15:58:20,Ch6,T. OVER
 05-07-18,15:59:20,Ch6,T. OVER
 05-07-18,16:00:20,Ch6,T. OVER
 05-07-18,16:01:20,Ch6,T. OVER
 05-07-18,16:02:20,Ch6,T. OVER
 05-07-18,16:03:20,Ch6,T. OVER
 05-07-18,16:04:20,Ch6,T. OVER
 05-07-18,16:05:20,Ch6,T. OVER
 05-07-18,16:06:20,Ch6,T. OVER
 05-07-18,16:07:20,Ch6,T. OVER
 05-07-18,16:08:20,Ch6,T. OVER
 05-07-18,16:09:21,Ch6,T. OVER
 05-07-18,16:10:21,Ch6,T. OVER
 05-07-18,16:11:21,Ch6,T. OVER
 05-07-18,16:12:21,Ch6,T. OVER
 05-07-18,16:13:21,Ch6,T. OVER
 05-07-18,16:14:21,Ch6,T. OVER
 05-07-18,16:15:21,Ch6,T. OVER
 05-07-18,16:16:21,Ch6,T. OVER
 05-07-18,16:17:21,Ch6,T. OVER
 05-07-18,16:18:21,Ch6,T. OVER
 05-07-18,16:19:21,Ch6,T. OVER
 05-07-18,16:20:21,Ch6,T. OVER
 05-07-18,16:21:21,Ch6,T. OVER
 05-07-18,16:22:22,Ch6,T. OVER
 05-07-18,16:23:22,Ch6,T. OVER
 05-07-18,16:24:22,Ch6,T. OVER
 05-07-18,16:25:22,Ch6,T. OVER
 05-07-18,16:26:22,Ch6,T. OVER
 05-07-18,16:27:22,Ch6,T. OVER
 05-07-18,16:28:22,Ch6,T. OVER
 05-07-18,16:29:22,Ch6,T. OVER
 05-07-18,16:30:23,Ch6,T. OVER
 05-07-18,16:31:23,Ch6,T. OVER
 05-07-18,16:32:23,Ch6,T. OVER
 05-07-18,16:33:23,Ch6,T. OVER
 05-07-18,16:34:23,Ch6,T. OVER
 05-07-18,16:35:23,Ch6,T. OVER
 05-07-18,16:36:23,Ch6,T. OVER
 05-07-18,16:37:23,Ch6,T. OVER
 05-07-18,16:38:23,Ch6,T. OVER
 05-07-18,16:39:23,Ch6,T. OVER
 05-07-18,16:40:23,Ch6,T. OVER
 05-07-18,16:41:24,Ch6,T. OVER
 05-07-18,16:42:24,Ch6,T. OVER
 05-07-18,16:43:24,Ch6,T. OVER
 05-07-18,16:44:24,Ch6,T. OVER
 05-07-18,16:45:24,Ch6,T. OVER
 05-07-18,16:46:24,Ch6,T. OVER
 05-07-18,16:47:24,Ch6,T. OVER
 05-07-18,16:48:24,Ch6,T. OVER
 05-07-18,16:49:24,Ch6,T. OVER
 05-07-18,16:50:24,Ch6,T. OVER
 05-07-18,16:51:25,Ch6,T. OVER
 05-07-18,16:52:25,Ch6,T. OVER
 05-07-18,16:53:25,Ch6,T. OVER
 05-07-18,16:54:25,Ch6,T. OVER
 05-07-18,16:55:25,Ch6,T. OVER
 05-07-18,16:56:25,Ch6,T. OVER
 05-07-18,16:57:26,Ch6,T. OVER
 05-07-18,16:58:26,Ch6,T. OVER
 05-07-18,16:59:26,Ch6,T. OVER
 05-07-18,17:00:26,Ch6,T. OVER
 05-07-18,17:01:26,Ch6,T. OVER
 05-07-18,17:02:26,Ch6,T. OVER
 05-07-18,17:03:26,Ch6,T. OVER
 05-07-18,17:04:26,Ch6,T. OVER
 05-07-18,17:05:26,Ch6,T. OVER
 05-07-18,17:06:27,Ch6,T. OVER
 05-07-18,17:07:27,Ch6,T. OVER
 05-07-18,17:08:27,Ch6,T. OVER
 05-07-18,17:09:27,Ch6,T. OVER
 05-07-18,17:10:27,Ch6,T. OVER
 05-07-18,17:11:27,Ch6,T. OVER
 05-07-18,17:12:27,Ch6,T. OVER
 05-07-18,17:13:28,Ch6,T. OVER
 05-07-18,17:14:28,Ch6,T. OVER
 05-07-18,17:15:28,Ch6,T. OVER
 05-07-18,17:16:28,Ch6,T. OVER
 05-07-18,17:17:28,Ch6,T. OVER
 05-07-18,17:18:28,Ch6,T. OVER
 05-07-18,17:19:28,Ch6,T. OVER
 05-07-18,17:20:28,Ch6,T. OVER
 05-07-18,17:21:28,Ch6,T. OVER
 05-07-18,17:22:28,Ch6,T. OVER
 05-07-18,17:23:28,Ch6,T. OVER
 05-07-18,17:24:28,Ch6,T. OVER
 05-07-18,17:25:28,Ch6,T. OVER
 05-07-18,17:26:28,Ch6,T. OVER
 05-07-18,17:27:28,Ch6,T. OVER
 05-07-18,17:28:28,Ch1,VDIF OVL
 05-07-18,17:28:28,Ch6,T. OVER
 05-07-18,17:29:28,Ch6,T. OVER
 05-07-18,17:30:28,Ch6,T. OVER
 05-07-18,17:31:29,Ch6,T. OVER
 05-07-18,17:32:29,Ch6,T. OVER
 05-07-18,17:33:29,Ch6,T. OVER
 05-07-18,17:34:29,Ch6,T. OVER
 05-07-18,17:35:29,Ch6,T. OVER
 05-07-18,17:36:29,Ch6,T. OVER
 05-07-18,17:37:29,Ch6,T. OVER
 05-07-18,17:38:29,Ch6,T. OVER
 05-07-18,17:39:29,Ch6,T. OVER
 05-07-18,17:40:29,Ch6,T. OVER
 05-07-18,17:41:29,Ch6,T. OVER
 05-07-18,17:42:29,Ch6,T. OVER
 05-07-18,17:43:30,Ch6,T. OVER
 05-07-18,17:44:30,Ch6,T. OVER
 05-07-18,17:45:30,Ch6,T. OVER
 05-07-18,17:46:30,Ch6,T. OVER
 05-07-18,17:47:30,Ch6,T. OVER
 05-07-18,17:48:30,Ch6,T. OVER
 05-07-18,17:49:30,Ch6,T. OVER
 05-07-18,17:50:30,Ch6,T. OVER
 05-07-18,17:51:30,Ch6,T. OVER
 05-07-18,17:52:31,Ch6,T. OVER
 05-07-18,17:53:31,Ch6,T. OVER
 05-07-18,17:54:31,Ch6,T. OVER
 05-07-18,17:55:31,Ch6,T. OVER
 05-07-18,17:56:31,Ch6,T. OVER
 05-07-18,17:57:31,Ch6,T. OVER
 05-07-18,17:58:31,Ch6,T. OVER
 05-07-18,17:59:31,Ch6,T. OVER
 05-07-18,18:00:31,Ch6,T. OVER
 05-07-18,18:01:31,Ch6,T. OVER
 05-07-18,18:02:31,Ch6,T. OVER
 05-07-18,18:03:32,Ch6,T. OVER
 05-07-18,18:04:32,Ch6,T. OVER
 05-07-18,18:05:32,Ch6,T. OVER
 05-07-18,18:06:32,Ch6,T. OVER
 05-07-18,18:07:32,Ch6,T. OVER
 05-07-18,18:08:32,Ch6,T. OVER
 05-07-18,18:09:32,Ch6,T. OVER
 05-07-18,18:10:32,Ch6,T. OVER
 05-07-18,18:11:32,Ch6,T. OVER
 05-07-18,18:12:32,Ch6,T. OVER
 05-07-18,18:13:32,Ch6,T. OVER
 05-07-18,18:14:33,Ch6,T. OVER
 05-07-18,18:15:33,Ch6,T. OVER
 05-07-18,18:16:33,Ch6,T. OVER
 05-07-18,18:17:33,Ch6,T. OVER
 05-07-18,18:18:33,Ch6,T. OVER
 05-07-18,18:19:33,Ch6,T. OVER
 05-07-18,18:20:33,Ch6,T. OVER
 05-07-18,18:21:33,Ch6,T. OVER
 05-07-18,18:22:33,Ch6,T. OVER
 05-07-18,18:23:33,Ch6,T. OVER
 05-07-18,18:24:34,Ch6,T. OVER
 05-07-18,18:25:34,Ch6,T. OVER
 05-07-18,18:26:34,Ch6,T. OVER
 05-07-18,18:27:34,Ch6,T. OVER
 05-07-18,18:28:34,Ch6,T. OVER
 05-07-18,18:29:34,Ch6,T. OVER
 05-07-18,18:30:34,Ch6,T. OVER
 05-07-18,18:31:34,Ch6,T. OVER
 05-07-18,18:32:34,Ch6,T. OVER
 05-07-18,18:33:34,Ch6,T. OVER
 05-07-18,18:34:34,Ch6,T. OVER
 05-07-18,18:35:34,Ch6,T. OVER
 05-07-18,18:36:34,Ch6,T. OVER
 05-07-18,18:37:34,Ch6,T. OVER
 05-07-18,18:38:34,Ch6,T. OVER
 05-07-18,18:39:34,Ch6,T. OVER
 05-07-18,18:40:34,Ch6,T. OVER
 05-07-18,18:41:34,Ch6,T. OVER
 05-07-18,18:42:34,Ch6,T. OVER
 05-07-18,18:43:34,Ch6,T. OVER
 05-07-18,18:44:34,Ch6,T. OVER
 05-07-18,18:45:35,Ch6,T. OVER
 05-07-18,18:46:35,Ch6,T. OVER
 05-07-18,18:47:35,Ch6,T. OVER
 05-07-18,18:48:35,Ch6,T. OVER
 05-07-18,18:49:35,Ch6,T. OVER
 05-07-18,18:50:35,Ch6,T. OVER
 05-07-18,18:51:35,Ch6,T. OVER
 05-07-18,18:52:35,Ch6,T. OVER
 05-07-18,18:53:35,Ch6,T. OVER
 05-07-18,18:54:35,Ch6,T. OVER
 05-07-18,18:55:35,Ch6,T. OVER
 05-07-18,18:56:35,Ch6,T. OVER
 05-07-18,18:57:36,Ch6,T. OVER
 05-07-18,18:58:36,Ch6,T. OVER
 05-07-18,18:59:36,Ch6,T. OVER
 05-07-18,19:00:36,Ch6,T. OVER
 05-07-18,19:01:36,Ch6,T. OVER
 05-07-18,19:02:36,Ch6,T. OVER
 05-07-18,19:03:36,Ch6,T. OVER
 05-07-18,19:04:36,Ch6,T. OVER
 05-07-18,19:05:36,Ch6,T. OVER
 05-07-18,19:06:36,Ch6,T. OVER
 05-07-18,19:07:36,Ch6,T. OVER
 05-07-18,19:08:36,Ch6,T. OVER
 05-07-18,19:09:36,Ch6,T. OVER
 05-07-18,19:10:37,Ch6,T. OVER
 05-07-18,19:11:37,Ch6,T. OVER
 05-07-18,19:12:37,Ch6,T. OVER
 05-07-18,19:13:37,Ch6,T. OVER
 05-07-18,19:14:37,Ch6,T. OVER
 05-07-18,19:15:37,Ch6,T. OVER
 05-07-18,19:16:37,Ch6,T. OVER
 05-07-18,19:17:38,Ch6,T. OVER
 05-07-18,19:18:38,Ch6,T. OVER
 05-07-18,19:19:38,Ch6,T. OVER
 05-07-18,19:20:38,Ch6,T. OVER
 05-07-18,19:21:38,Ch6,T. OVER
 05-07-18,19:22:38,Ch6,T. OVER
 05-07-18,19:23:38,Ch6,T. OVER
 05-07-18,19:24:38,Ch6,T. OVER
 05-07-18,19:25:38,Ch6,T. OVER
 05-07-18,19:26:38,Ch6,T. OVER
 05-07-18,19:27:38,Ch6,T. OVER
 05-07-18,19:28:39,Ch6,T. OVER
 05-07-18,19:29:39,Ch6,T. OVER
 05-07-18,19:30:39,Ch6,T. OVER
 05-07-18,19:31:39,Ch6,T. OVER
 05-07-18,19:32:39,Ch6,T. OVER
 05-07-18,19:33:39,Ch6,T. OVER
 05-07-18,19:34:40,Ch6,T. OVER
 05-07-18,19:35:40,Ch6,T. OVER
 05-07-18,19:36:40,Ch6,T. OVER
 05-07-18,19:37:40,Ch6,T. OVER
 05-07-18,19:38:40,Ch6,T. OVER
 05-07-18,19:39:40,Ch6,T. OVER
 05-07-18,19:40:40,Ch6,T. OVER
 05-07-18,19:41:40,Ch6,T. OVER
 05-07-18,19:42:40,Ch6,T. OVER
 05-07-18,19:43:40,Ch6,T. OVER
 05-07-18,19:44:40,Ch6,T. OVER
 05-07-18,19:45:40,Ch6,T. OVER
 05-07-18,19:46:40,Ch6,T. OVER
 05-07-18,19:47:40,Ch6,T. OVER
 05-07-18,19:48:40,Ch6,T. OVER
 05-07-18,19:49:40,Ch6,T. OVER
 05-07-18,19:50:40,Ch6,T. OVER
 05-07-18,19:51:40,Ch6,T. OVER
 05-07-18,19:52:41,Ch6,T. OVER
 05-07-18,19:53:41,Ch6,T. OVER
 05-07-18,19:54:41,Ch6,T. OVER
 05-07-18,19:55:41,Ch6,T. OVER
 05-07-18,19:56:41,Ch6,T. OVER
 05-07-18,19:57:41,Ch6,T. OVER
 05-07-18,19:58:41,Ch6,T. OVER
 05-07-18,19:59:41,Ch6,T. OVER
 05-07-18,20:00:41,Ch6,T. OVER
 05-07-18,20:01:41,Ch6,T. OVER
 05-07-18,20:02:41,Ch6,T. OVER
 05-07-18,20:03:41,Ch6,T. OVER
 05-07-18,20:04:41,Ch6,T. OVER
 05-07-18,20:05:41,Ch6,T. OVER
 05-07-18,20:06:41,Ch6,T. OVER
 05-07-18,20:07:41,Ch6,T. OVER
 05-07-18,20:08:42,Ch6,T. OVER
 05-07-18,20:09:42,Ch6,T. OVER
 05-07-18,20:10:42,Ch6,T. OVER
 05-07-18,20:11:42,Ch6,T. OVER
 05-07-18,20:12:42,Ch6,T. OVER
 05-07-18,20:13:42,Ch6,T. OVER
 05-07-18,20:14:42,Ch6,T. OVER
 05-07-18,20:15:42,Ch6,T. OVER
 05-07-18,20:16:42,Ch6,T. OVER
 05-07-18,20:17:42,Ch6,T. OVER
 05-07-18,20:18:42,Ch6,T. OVER
 05-07-18,20:19:42,Ch6,T. OVER
 05-07-18,20:20:42,Ch6,T. OVER
 05-07-18,20:21:43,Ch6,T. OVER
 05-07-18,20:22:43,Ch6,T. OVER
 05-07-18,20:23:43,Ch6,T. OVER
 05-07-18,20:24:43,Ch6,T. OVER
 05-07-18,20:25:43,Ch6,T. OVER
 05-07-18,20:26:43,Ch6,T. OVER
 05-07-18,20:27:43,Ch6,T. OVER
 05-07-18,20:28:43,Ch6,T. OVER
 05-07-18,20:29:43,Ch6,T. OVER
 05-07-18,20:30:43,Ch6,T. OVER
 05-07-18,20:31:43,Ch6,T. OVER
 05-07-18,20:32:44,Ch6,T. OVER
 05-07-18,20:33:44,Ch6,T. OVER
 05-07-18,20:34:44,Ch6,T. OVER
 05-07-18,20:35:44,Ch6,T. OVER
 05-07-18,20:36:44,Ch6,T. OVER
 05-07-18,20:37:44,Ch6,T. OVER
 05-07-18,20:38:44,Ch6,T. OVER
 05-07-18,20:39:44,Ch6,T. OVER
 05-07-18,20:40:45,Ch6,T. OVER
 05-07-18,20:41:45,Ch6,T. OVER
 05-07-18,20:42:45,Ch6,T. OVER
 05-07-18,20:43:45,Ch6,T. OVER
 05-07-18,20:44:45,Ch6,T. OVER
 05-07-18,20:45:45,Ch6,T. OVER
 05-07-18,20:46:45,Ch6,T. OVER
 05-07-18,20:47:45,Ch6,T. OVER
 05-07-18,20:48:45,Ch6,T. OVER
 05-07-18,20:49:45,Ch6,T. OVER
 05-07-18,20:50:45,Ch6,T. OVER
 05-07-18,20:51:45,Ch6,T. OVER
 05-07-18,20:52:45,Ch6,T. OVER
 05-07-18,20:53:45,Ch6,T. OVER
 05-07-18,20:54:45,Ch6,T. OVER
 05-07-18,20:55:45,Ch6,T. OVER
 05-07-18,20:56:46,Ch6,T. OVER
 05-07-18,20:57:46,Ch6,T. OVER
 05-07-18,20:58:46,Ch6,T. OVER
 05-07-18,20:59:46,Ch6,T. OVER
 05-07-18,21:00:46,Ch6,T. OVER
 05-07-18,21:01:46,Ch6,T. OVER
 05-07-18,21:02:47,Ch6,T. OVER
 05-07-18,21:03:47,Ch6,T. OVER
 05-07-18,21:04:47,Ch6,T. OVER
 05-07-18,21:05:47,Ch6,T. OVER
 05-07-18,21:06:47,Ch6,T. OVER
 05-07-18,21:07:47,Ch6,T. OVER
 05-07-18,21:08:47,Ch6,T. OVER
 05-07-18,21:09:47,Ch6,T. OVER
 05-07-18,21:10:47,Ch6,T. OVER
 05-07-18,21:11:47,Ch6,T. OVER
 05-07-18,21:12:47,Ch6,T. OVER
 05-07-18,21:13:47,Ch6,T. OVER
 05-07-18,21:14:47,Ch6,T. OVER
 05-07-18,21:15:48,Ch6,T. OVER
 05-07-18,21:16:48,Ch6,T. OVER
 05-07-18,21:17:48,Ch6,T. OVER
 05-07-18,21:18:48,Ch6,T. OVER
 05-07-18,21:19:48,Ch6,T. OVER
 05-07-18,21:20:48,Ch6,T. OVER
 05-07-18,21:21:49,Ch6,T. OVER
 05-07-18,21:22:49,Ch6,T. OVER
 05-07-18,21:23:49,Ch6,T. OVER
 05-07-18,21:24:49,Ch6,T. OVER
 05-07-18,21:25:49,Ch6,T. OVER
 05-07-18,21:26:49,Ch6,T. OVER
 05-07-18,21:27:49,Ch6,T. OVER
 05-07-18,21:28:49,Ch6,T. OVER
 05-07-18,21:29:49,Ch6,T. OVER
 05-07-18,21:30:49,Ch6,T. OVER
 05-07-18,21:31:49,Ch6,T. OVER
 05-07-18,21:32:49,Ch6,T. OVER
 05-07-18,21:33:50,Ch6,T. OVER
 05-07-18,21:34:50,Ch6,T. OVER
 05-07-18,21:35:50,Ch6,T. OVER
 05-07-18,21:36:50,Ch6,T. OVER
 05-07-18,21:37:50,Ch6,T. OVER
 05-07-18,21:38:50,Ch6,T. OVER
 05-07-18,21:39:51,Ch6,T. OVER
 05-07-18,21:40:51,Ch6,T. OVER
 05-07-18,21:41:51,Ch6,T. OVER
 05-07-18,21:42:51,Ch6,T. OVER
 05-07-18,21:43:51,Ch6,T. OVER
 05-07-18,21:44:51,Ch6,T. OVER
 05-07-18,21:45:51,Ch6,T. OVER
 05-07-18,21:46:51,Ch6,T. OVER
 05-07-18,21:47:51,Ch6,T. OVER
 05-07-18,21:48:51,Ch6,T. OVER
 05-07-18,21:49:51,Ch6,T. OVER
 05-07-18,21:50:52,Ch6,T. OVER
 05-07-18,21:51:52,Ch6,T. OVER
 05-07-18,21:52:52,Ch6,T. OVER
 05-07-18,21:53:52,Ch6,T. OVER
 05-07-18,21:54:52,Ch6,T. OVER
 05-07-18,21:55:52,Ch6,T. OVER
 05-07-18,21:56:52,Ch6,T. OVER
 05-07-18,21:57:52,Ch6,T. OVER
 05-07-18,21:58:52,Ch6,T. OVER
 05-07-18,21:59:52,Ch6,T. OVER
 05-07-18,22:00:52,Ch6,T. OVER
 05-07-18,22:01:52,Ch6,T. OVER
 05-07-18,22:02:52,Ch6,T. OVER
 05-07-18,22:03:52,Ch6,T. OVER
 05-07-18,22:04:52,Ch6,T. OVER
 05-07-18,22:05:52,Ch6,T. OVER
 05-07-18,22:06:52,Ch6,T. OVER
 05-07-18,22:07:52,Ch6,T. OVER
 05-07-18,22:08:52,Ch6,T. OVER
 05-07-18,22:09:52,Ch6,T. OVER
 05-07-18,22:10:52,Ch6,T. OVER
 05-07-18,22:11:52,Ch6,T. OVER
 05-07-18,22:12:52,Ch6,T. OVER
 05-07-18,22:13:52,Ch6,T. OVER
 05-07-18,22:14:52,Ch6,T. OVER
 05-07-18,22:15:52,Ch6,T. OVER
 05-07-18,22:16:52,Ch6,T. OVER
 05-07-18,22:17:52,Ch6,T. OVER
 05-07-18,22:18:52,Ch6,T. OVER
 05-07-18,22:19:52,Ch6,T. OVER
 05-07-18,22:20:52,Ch6,T. OVER
 05-07-18,22:21:52,Ch6,T. OVER
 05-07-18,22:22:52,Ch6,T. OVER
 05-07-18,22:23:52,Ch6,T. OVER
 05-07-18,22:24:52,Ch6,T. OVER
 05-07-18,22:25:52,Ch6,T. OVER
 05-07-18,22:26:52,Ch6,T. OVER
 05-07-18,22:27:52,Ch6,T. OVER
 05-07-18,22:28:52,Ch6,T. OVER
 05-07-18,22:29:52,Ch6,T. OVER
 05-07-18,22:30:52,Ch6,T. OVER
 05-07-18,22:31:52,Ch6,T. OVER
 05-07-18,22:32:52,Ch6,T. OVER
 05-07-18,22:33:52,Ch6,T. OVER
 05-07-18,22:34:52,Ch6,T. OVER
 05-07-18,22:35:52,Ch6,T. OVER
 05-07-18,22:36:52,Ch6,T. OVER
 05-07-18,22:37:52,Ch6,T. OVER
 05-07-18,22:38:52,Ch6,T. OVER
 05-07-18,22:39:52,Ch6,T. OVER
 05-07-18,22:40:52,Ch6,T. OVER
 05-07-18,22:41:52,Ch6,T. OVER
 05-07-18,22:42:52,Ch6,T. OVER
 05-07-18,22:43:52,Ch6,T. OVER
 05-07-18,22:44:52,Ch6,T. OVER
 05-07-18,22:45:52,Ch6,T. OVER
 05-07-18,22:46:52,Ch6,T. OVER
 05-07-18,22:47:52,Ch6,T. OVER
 05-07-18,22:48:52,Ch6,T. OVER
 05-07-18,22:49:52,Ch6,T. OVER
 05-07-18,22:50:52,Ch6,T. OVER
 05-07-18,22:51:52,Ch6,T. OVER
 05-07-18,22:52:52,Ch6,T. OVER
 05-07-18,22:53:52,Ch6,T. OVER
 05-07-18,22:54:52,Ch6,T. OVER
 05-07-18,22:55:53,Ch6,T. OVER
 05-07-18,22:56:53,Ch6,T. OVER
 05-07-18,22:57:53,Ch6,T. OVER
 05-07-18,22:58:53,Ch6,T. OVER
 05-07-18,22:59:53,Ch6,T. OVER
 05-07-18,23:00:53,Ch6,T. OVER
 05-07-18,23:01:54,Ch6,T. OVER
 05-07-18,23:02:54,Ch6,T. OVER
 05-07-18,23:03:54,Ch6,T. OVER
 05-07-18,23:04:54,Ch6,T. OVER
 05-07-18,23:05:54,Ch6,T. OVER
 05-07-18,23:06:54,Ch6,T. OVER
 05-07-18,23:07:54,Ch6,T. OVER
 05-07-18,23:08:54,Ch6,T. OVER
 05-07-18,23:09:54,Ch6,T. OVER
 05-07-18,23:10:54,Ch6,T. OVER
 05-07-18,23:11:54,Ch6,T. OVER
 05-07-18,23:12:54,Ch6,T. OVER
 05-07-18,23:13:54,Ch6,T. OVER
 05-07-18,23:14:54,Ch6,T. OVER
 05-07-18,23:15:54,Ch6,T. OVER
 05-07-18,23:16:54,Ch6,T. OVER
 05-07-18,23:17:54,Ch6,T. OVER
 05-07-18,23:18:54,Ch6,T. OVER
 05-07-18,23:19:54,Ch6,T. OVER
 05-07-18,23:20:54,Ch6,T. OVER
 05-07-18,23:21:54,Ch6,T. OVER
 05-07-18,23:22:54,Ch6,T. OVER
 05-07-18,23:23:55,Ch6,T. OVER
 05-07-18,23:24:55,Ch6,T. OVER
 05-07-18,23:25:55,Ch6,T. OVER
 05-07-18,23:26:55,Ch6,T. OVER
 05-07-18,23:27:55,Ch6,T. OVER
 05-07-18,23:28:55,Ch6,T. OVER
 05-07-18,23:29:55,Ch6,T. OVER
 05-07-18,23:30:55,Ch6,T. OVER
 05-07-18,23:31:55,Ch6,T. OVER
 05-07-18,23:32:55,Ch6,T. OVER
 05-07-18,23:33:55,Ch6,T. OVER
 05-07-18,23:34:55,Ch6,T. OVER
 05-07-18,23:35:55,Ch6,T. OVER
 05-07-18,23:36:55,Ch6,T. OVER
 05-07-18,23:37:56,Ch6,T. OVER
 05-07-18,23:38:56,Ch6,T. OVER
 05-07-18,23:39:56,Ch6,T. OVER
 05-07-18,23:40:56,Ch6,T. OVER
 05-07-18,23:41:56,Ch6,T. OVER
 05-07-18,23:42:56,Ch6,T. OVER
 05-07-18,23:43:56,Ch6,T. OVER
 05-07-18,23:44:56,Ch6,T. OVER
 05-07-18,23:45:56,Ch6,T. OVER
 05-07-18,23:46:57,Ch6,T. OVER
 05-07-18,23:47:57,Ch6,T. OVER
 05-07-18,23:48:57,Ch6,T. OVER
 05-07-18,23:49:57,Ch6,T. OVER
 05-07-18,23:50:57,Ch6,T. OVER
 05-07-18,23:51:57,Ch6,T. OVER
 05-07-18,23:52:57,Ch6,T. OVER
 05-07-18,23:53:57,Ch6,T. OVER
 05-07-18,23:54:57,Ch6,T. OVER
 05-07-18,23:55:57,Ch6,T. OVER
 05-07-18,23:56:57,Ch6,T. OVER
 05-07-18,23:57:57,Ch6,T. OVER
 05-07-18,23:58:58,Ch6,T. OVER
 05-07-18,23:59:58,Ch6,T. OVER
