 13-12-16,00:00:57,Ch6,T. OVER
 13-12-16,00:01:58,Ch6,T. OVER
 13-12-16,00:02:58,Ch6,T. OVER
 13-12-16,00:03:58,Ch6,T. OVER
 13-12-16,00:04:58,Ch6,T. OVER
 13-12-16,00:05:58,Ch6,T. OVER
 13-12-16,00:06:59,Ch6,T. OVER
 13-12-16,00:07:59,Ch6,T. OVER
 13-12-16,00:08:59,Ch6,T. OVER
 13-12-16,00:09:59,Ch6,T. OVER
 13-12-16,00:10:59,Ch6,T. OVER
 13-12-16,00:12:00,Ch6,T. OVER
 13-12-16,00:13:00,Ch6,T. OVER
 13-12-16,00:14:00,Ch6,T. OVER
 13-12-16,00:15:00,Ch6,T. OVER
 13-12-16,00:16:00,Ch6,T. OVER
 13-12-16,00:17:01,Ch6,T. OVER
 13-12-16,00:18:01,Ch6,T. OVER
 13-12-16,00:19:01,Ch6,T. OVER
 13-12-16,00:20:01,Ch6,T. OVER
 13-12-16,00:21:01,Ch6,T. OVER
 13-12-16,00:22:01,Ch6,T. OVER
 13-12-16,00:23:02,Ch6,T. OVER
 13-12-16,00:24:02,Ch6,T. OVER
 13-12-16,00:25:02,Ch6,T. OVER
 13-12-16,00:26:02,Ch6,T. OVER
 13-12-16,00:27:02,Ch6,T. OVER
 13-12-16,00:28:02,Ch6,T. OVER
 13-12-16,00:29:02,Ch6,T. OVER
 13-12-16,00:30:03,Ch6,T. OVER
 13-12-16,00:31:03,Ch6,T. OVER
 13-12-16,00:32:03,Ch6,T. OVER
 13-12-16,00:33:03,Ch6,T. OVER
 13-12-16,00:34:03,Ch6,T. OVER
 13-12-16,00:35:03,Ch6,T. OVER
 13-12-16,00:36:04,Ch6,T. OVER
 13-12-16,00:37:04,Ch6,T. OVER
 13-12-16,00:38:04,Ch6,T. OVER
 13-12-16,00:39:04,Ch6,T. OVER
 13-12-16,00:40:04,Ch6,T. OVER
 13-12-16,00:41:05,Ch6,T. OVER
 13-12-16,00:42:05,Ch6,T. OVER
 13-12-16,00:43:05,Ch6,T. OVER
 13-12-16,00:44:05,Ch6,T. OVER
 13-12-16,00:45:05,Ch6,T. OVER
 13-12-16,00:46:05,Ch6,T. OVER
 13-12-16,00:47:06,Ch6,T. OVER
 13-12-16,00:48:06,Ch6,T. OVER
 13-12-16,00:49:06,Ch6,T. OVER
 13-12-16,00:50:06,Ch6,T. OVER
 13-12-16,00:51:06,Ch6,T. OVER
 13-12-16,00:52:06,Ch6,T. OVER
 13-12-16,00:53:07,Ch6,T. OVER
 13-12-16,00:54:07,Ch6,T. OVER
 13-12-16,00:55:07,Ch6,T. OVER
 13-12-16,00:56:07,Ch6,T. OVER
 13-12-16,00:57:08,Ch6,T. OVER
 13-12-16,00:58:08,Ch6,T. OVER
 13-12-16,00:59:08,Ch6,T. OVER
 13-12-16,01:00:08,Ch6,T. OVER
 13-12-16,01:01:08,Ch6,T. OVER
 13-12-16,01:02:08,Ch6,T. OVER
 13-12-16,01:03:08,Ch6,T. OVER
 13-12-16,01:04:09,Ch6,T. OVER
 13-12-16,01:05:09,Ch6,T. OVER
 13-12-16,01:06:09,Ch6,T. OVER
 13-12-16,01:07:09,Ch6,T. OVER
 13-12-16,01:08:10,Ch6,T. OVER
 13-12-16,01:09:10,Ch6,T. OVER
 13-12-16,01:10:10,Ch6,T. OVER
 13-12-16,01:11:10,Ch6,T. OVER
 13-12-16,01:12:10,Ch6,T. OVER
 13-12-16,01:13:11,Ch6,T. OVER
 13-12-16,01:14:11,Ch6,T. OVER
 13-12-16,01:15:11,Ch6,T. OVER
 13-12-16,01:16:11,Ch6,T. OVER
 13-12-16,01:17:11,Ch6,T. OVER
 13-12-16,01:18:12,Ch6,T. OVER
 13-12-16,01:19:12,Ch6,T. OVER
 13-12-16,01:20:12,Ch6,T. OVER
 13-12-16,01:21:12,Ch6,T. OVER
 13-12-16,01:22:13,Ch6,T. OVER
 13-12-16,01:23:13,Ch6,T. OVER
 13-12-16,01:24:13,Ch6,T. OVER
 13-12-16,01:25:13,Ch6,T. OVER
 13-12-16,01:26:13,Ch6,T. OVER
 13-12-16,01:27:14,Ch6,T. OVER
 13-12-16,01:28:14,Ch6,T. OVER
 13-12-16,01:29:14,Ch6,T. OVER
 13-12-16,01:30:14,Ch6,T. OVER
 13-12-16,01:31:14,Ch6,T. OVER
 13-12-16,01:32:14,Ch6,T. OVER
 13-12-16,01:33:15,Ch6,T. OVER
 13-12-16,01:34:15,Ch6,T. OVER
 13-12-16,01:35:15,Ch6,T. OVER
 13-12-16,01:36:15,Ch6,T. OVER
 13-12-16,01:37:15,Ch6,T. OVER
 13-12-16,01:38:16,Ch6,T. OVER
 13-12-16,01:39:16,Ch6,T. OVER
 13-12-16,01:40:16,Ch6,T. OVER
 13-12-16,01:41:16,Ch6,T. OVER
 13-12-16,01:42:16,Ch6,T. OVER
 13-12-16,01:43:17,Ch6,T. OVER
 13-12-16,01:44:17,Ch6,T. OVER
 13-12-16,01:45:17,Ch6,T. OVER
 13-12-16,01:46:17,Ch6,T. OVER
 13-12-16,01:47:17,Ch6,T. OVER
 13-12-16,01:48:18,Ch6,T. OVER
 13-12-16,01:49:18,Ch6,T. OVER
 13-12-16,01:50:18,Ch6,T. OVER
 13-12-16,01:51:18,Ch6,T. OVER
 13-12-16,01:52:18,Ch6,T. OVER
 13-12-16,01:53:19,Ch6,T. OVER
 13-12-16,01:54:19,Ch6,T. OVER
 13-12-16,01:55:19,Ch6,T. OVER
 13-12-16,01:56:19,Ch6,T. OVER
 13-12-16,01:57:19,Ch6,T. OVER
 13-12-16,01:58:19,Ch6,T. OVER
 13-12-16,01:59:20,Ch6,T. OVER
 13-12-16,02:00:20,Ch6,T. OVER
 13-12-16,02:01:20,Ch6,T. OVER
 13-12-16,02:02:20,Ch6,T. OVER
 13-12-16,02:03:20,Ch6,T. OVER
 13-12-16,02:04:21,Ch6,T. OVER
 13-12-16,02:05:21,Ch6,T. OVER
 13-12-16,02:06:21,Ch6,T. OVER
 13-12-16,02:07:21,Ch6,T. OVER
 13-12-16,02:08:21,Ch6,T. OVER
 13-12-16,02:09:21,Ch6,T. OVER
 13-12-16,02:10:21,Ch6,T. OVER
 13-12-16,02:11:22,Ch6,T. OVER
 13-12-16,02:12:22,Ch6,T. OVER
 13-12-16,02:13:22,Ch6,T. OVER
 13-12-16,02:14:22,Ch6,T. OVER
 13-12-16,02:15:22,Ch6,T. OVER
 13-12-16,02:16:23,Ch6,T. OVER
 13-12-16,02:17:23,Ch6,T. OVER
 13-12-16,02:18:23,Ch6,T. OVER
 13-12-16,02:19:23,Ch1,VDIF OVL 13-12-16,02:19:23,Ch6,T. OVER
 13-12-16,02:20:23,Ch6,T. OVER
 13-12-16,02:21:24,Ch6,T. OVER
 13-12-16,02:22:24,Ch6,T. OVER
 13-12-16,02:23:24,Ch6,T. OVER
 13-12-16,02:24:24,Ch6,T. OVER
 13-12-16,02:25:24,Ch6,T. OVER
 13-12-16,02:26:25,Ch6,T. OVER
 13-12-16,02:27:25,Ch6,T. OVER
 13-12-16,02:28:25,Ch6,T. OVER
 13-12-16,02:29:25,Ch6,T. OVER
 13-12-16,02:30:25,Ch6,T. OVER
 13-12-16,02:31:26,Ch6,T. OVER
 13-12-16,02:32:26,Ch6,T. OVER
 13-12-16,02:33:26,Ch6,T. OVER
 13-12-16,02:34:26,Ch6,T. OVER
 13-12-16,02:35:26,Ch6,T. OVER
 13-12-16,02:36:27,Ch6,T. OVER
 13-12-16,02:37:27,Ch6,T. OVER
 13-12-16,02:38:27,Ch6,T. OVER
 13-12-16,02:39:27,Ch6,T. OVER
 13-12-16,02:40:27,Ch6,T. OVER
 13-12-16,02:41:27,Ch6,T. OVER
 13-12-16,02:42:27,Ch6,T. OVER
 13-12-16,02:43:28,Ch6,T. OVER
 13-12-16,02:44:28,Ch6,T. OVER
 13-12-16,02:45:28,Ch6,T. OVER
 13-12-16,02:46:28,Ch6,T. OVER
 13-12-16,02:47:28,Ch6,T. OVER
 13-12-16,02:48:28,Ch6,T. OVER
 13-12-16,02:49:28,Ch6,T. OVER
 13-12-16,02:50:29,Ch6,T. OVER
 13-12-16,02:51:29,Ch6,T. OVER
 13-12-16,02:52:29,Ch6,T. OVER
 13-12-16,02:53:29,Ch6,T. OVER
 13-12-16,02:54:29,Ch6,T. OVER
 13-12-16,02:55:29,Ch6,T. OVER
 13-12-16,02:56:30,Ch6,T. OVER
 13-12-16,02:57:30,Ch6,T. OVER
 13-12-16,02:58:30,Ch6,T. OVER
 13-12-16,02:59:30,Ch6,T. OVER
 13-12-16,03:00:30,Ch6,T. OVER
 13-12-16,03:01:30,Ch6,T. OVER
 13-12-16,03:02:31,Ch6,T. OVER
 13-12-16,03:03:31,Ch6,T. OVER
 13-12-16,03:04:31,Ch6,T. OVER
 13-12-16,03:05:31,Ch6,T. OVER
 13-12-16,03:06:31,Ch6,T. OVER
 13-12-16,03:07:31,Ch6,T. OVER
 13-12-16,03:08:31,Ch6,T. OVER
 13-12-16,03:09:32,Ch6,T. OVER
 13-12-16,03:10:32,Ch6,T. OVER
 13-12-16,03:11:32,Ch6,T. OVER
 13-12-16,03:12:32,Ch6,T. OVER
 13-12-16,03:13:32,Ch6,T. OVER
 13-12-16,03:14:32,Ch6,T. OVER
 13-12-16,03:15:32,Ch6,T. OVER
 13-12-16,03:16:32,Ch6,T. OVER
 13-12-16,03:17:32,Ch6,T. OVER
 13-12-16,03:18:33,Ch6,T. OVER
 13-12-16,03:19:33,Ch6,T. OVER
 13-12-16,03:20:33,Ch6,T. OVER
 13-12-16,03:21:33,Ch6,T. OVER
 13-12-16,03:22:33,Ch6,T. OVER
 13-12-16,03:23:34,Ch6,T. OVER
 13-12-16,03:24:34,Ch6,T. OVER
 13-12-16,03:25:34,Ch6,T. OVER
 13-12-16,03:26:34,Ch6,T. OVER
 13-12-16,03:27:34,Ch6,T. OVER
 13-12-16,03:28:35,Ch6,T. OVER
 13-12-16,03:29:35,Ch6,T. OVER
 13-12-16,03:30:35,Ch6,T. OVER
 13-12-16,03:31:35,Ch6,T. OVER
 13-12-16,03:32:35,Ch6,T. OVER
 13-12-16,03:33:35,Ch6,T. OVER
 13-12-16,03:34:36,Ch6,T. OVER
 13-12-16,03:35:36,Ch6,T. OVER
 13-12-16,03:36:36,Ch6,T. OVER
 13-12-16,03:37:36,Ch6,T. OVER
 13-12-16,03:38:36,Ch6,T. OVER
 13-12-16,03:39:37,Ch6,T. OVER
 13-12-16,03:40:37,Ch6,T. OVER
 13-12-16,03:41:37,Ch6,T. OVER
 13-12-16,03:42:37,Ch6,T. OVER
 13-12-16,03:43:37,Ch6,T. OVER
 13-12-16,03:44:37,Ch6,T. OVER
 13-12-16,03:45:38,Ch6,T. OVER
 13-12-16,03:46:38,Ch6,T. OVER
 13-12-16,03:47:38,Ch6,T. OVER
 13-12-16,03:48:38,Ch6,T. OVER
 13-12-16,03:49:38,Ch6,T. OVER
 13-12-16,03:50:38,Ch6,T. OVER
 13-12-16,03:51:38,Ch6,T. OVER
 13-12-16,03:52:38,Ch6,T. OVER
 13-12-16,03:53:39,Ch6,T. OVER
 13-12-16,03:54:39,Ch6,T. OVER
 13-12-16,03:55:39,Ch6,T. OVER
 13-12-16,03:56:39,Ch6,T. OVER
 13-12-16,03:57:40,Ch6,T. OVER
 13-12-16,03:58:40,Ch6,T. OVER
 13-12-16,03:59:40,Ch6,T. OVER
 13-12-16,04:00:40,Ch6,T. OVER
 13-12-16,04:01:40,Ch6,T. OVER
 13-12-16,04:02:41,Ch6,T. OVER
 13-12-16,04:03:41,Ch6,T. OVER
 13-12-16,04:04:41,Ch6,T. OVER
 13-12-16,04:05:41,Ch6,T. OVER
 13-12-16,04:06:41,Ch6,T. OVER
 13-12-16,04:07:42,Ch6,T. OVER
 13-12-16,04:08:42,Ch6,T. OVER
 13-12-16,04:09:42,Ch6,T. OVER
 13-12-16,04:10:42,Ch6,T. OVER
 13-12-16,04:11:42,Ch6,T. OVER
 13-12-16,04:12:43,Ch6,T. OVER
 13-12-16,04:13:43,Ch6,T. OVER
 13-12-16,04:14:43,Ch6,T. OVER
 13-12-16,04:15:43,Ch6,T. OVER
 13-12-16,04:16:43,Ch6,T. OVER
 13-12-16,04:17:43,Ch6,T. OVER
 13-12-16,04:18:44,Ch6,T. OVER
 13-12-16,04:19:44,Ch6,T. OVER
 13-12-16,04:20:44,Ch6,T. OVER
 13-12-16,04:21:44,Ch6,T. OVER
 13-12-16,04:22:45,Ch6,T. OVER
 13-12-16,04:23:45,Ch6,T. OVER
 13-12-16,04:24:45,Ch6,T. OVER
 13-12-16,04:25:45,Ch6,T. OVER
 13-12-16,04:26:45,Ch6,T. OVER
 13-12-16,04:27:45,Ch6,T. OVER
 13-12-16,04:28:46,Ch6,T. OVER
 13-12-16,04:29:46,Ch6,T. OVER
 13-12-16,04:30:46,Ch6,T. OVER
 13-12-16,04:31:46,Ch6,T. OVER
 13-12-16,04:32:46,Ch6,T. OVER
 13-12-16,04:33:46,Ch6,T. OVER
 13-12-16,04:34:47,Ch6,T. OVER
 13-12-16,04:35:47,Ch6,T. OVER
 13-12-16,04:36:47,Ch6,T. OVER
 13-12-16,04:37:47,Ch6,T. OVER
 13-12-16,04:38:48,Ch6,T. OVER
 13-12-16,04:39:48,Ch6,T. OVER
 13-12-16,04:40:48,Ch6,T. OVER
 13-12-16,04:41:48,Ch6,T. OVER
 13-12-16,04:42:48,Ch6,T. OVER
 13-12-16,04:43:48,Ch6,T. OVER
 13-12-16,04:44:49,Ch6,T. OVER
 13-12-16,04:45:49,Ch6,T. OVER
 13-12-16,04:46:49,Ch6,T. OVER
 13-12-16,04:47:49,Ch6,T. OVER
 13-12-16,04:48:49,Ch6,T. OVER
 13-12-16,04:49:49,Ch6,T. OVER
 13-12-16,04:50:49,Ch6,T. OVER
 13-12-16,04:51:49,Ch6,T. OVER
 13-12-16,04:52:50,Ch6,T. OVER
 13-12-16,04:53:50,Ch6,T. OVER
 13-12-16,04:54:50,Ch6,T. OVER
 13-12-16,04:55:50,Ch6,T. OVER
 13-12-16,04:56:50,Ch6,T. OVER
 13-12-16,04:57:50,Ch6,T. OVER
 13-12-16,04:58:51,Ch6,T. OVER
 13-12-16,04:59:51,Ch6,T. OVER
 13-12-16,05:00:51,Ch6,T. OVER
 13-12-16,05:01:51,Ch6,T. OVER
 13-12-16,05:02:51,Ch6,T. OVER
 13-12-16,05:03:52,Ch6,T. OVER
 13-12-16,05:04:52,Ch6,T. OVER
 13-12-16,05:05:52,Ch6,T. OVER
 13-12-16,05:06:52,Ch6,T. OVER
 13-12-16,05:07:53,Ch6,T. OVER
 13-12-16,05:08:53,Ch6,T. OVER
 13-12-16,05:09:53,Ch6,T. OVER
 13-12-16,05:10:53,Ch6,T. OVER
 13-12-16,05:11:53,Ch6,T. OVER
 13-12-16,05:12:54,Ch6,T. OVER
 13-12-16,05:13:54,Ch6,T. OVER
 13-12-16,05:14:54,Ch6,T. OVER
 13-12-16,05:15:54,Ch6,T. OVER
 13-12-16,05:16:54,Ch6,T. OVER
 13-12-16,05:17:54,Ch6,T. OVER
 13-12-16,05:18:55,Ch6,T. OVER
 13-12-16,05:19:55,Ch6,T. OVER
 13-12-16,05:20:55,Ch6,T. OVER
 13-12-16,05:21:55,Ch6,T. OVER
 13-12-16,05:22:55,Ch6,T. OVER
 13-12-16,05:23:56,Ch6,T. OVER
 13-12-16,05:24:56,Ch6,T. OVER
 13-12-16,05:25:56,Ch6,T. OVER
 13-12-16,05:26:56,Ch6,T. OVER
 13-12-16,05:27:56,Ch6,T. OVER
 13-12-16,05:28:57,Ch6,T. OVER
 13-12-16,05:29:57,Ch6,T. OVER
 13-12-16,05:30:57,Ch6,T. OVER
 13-12-16,05:31:57,Ch6,T. OVER
 13-12-16,05:32:57,Ch6,T. OVER
 13-12-16,05:33:57,Ch6,T. OVER
 13-12-16,05:34:58,Ch6,T. OVER
 13-12-16,05:35:58,Ch6,T. OVER
 13-12-16,05:36:58,Ch6,T. OVER
 13-12-16,05:37:58,Ch6,T. OVER
 13-12-16,05:38:58,Ch6,T. OVER
 13-12-16,05:39:58,Ch6,T. OVER
 13-12-16,05:40:58,Ch6,T. OVER
 13-12-16,05:41:59,Ch6,T. OVER
 13-12-16,05:42:59,Ch6,T. OVER
 13-12-16,05:43:59,Ch6,T. OVER
 13-12-16,05:44:59,Ch6,T. OVER
 13-12-16,05:45:59,Ch6,T. OVER
 13-12-16,05:46:59,Ch6,T. OVER
 13-12-16,05:48:00,Ch6,T. OVER
 13-12-16,05:49:00,Ch6,T. OVER
 13-12-16,05:50:00,Ch6,T. OVER
 13-12-16,05:51:00,Ch6,T. OVER
 13-12-16,05:52:00,Ch6,T. OVER
 13-12-16,05:53:00,Ch6,T. OVER
 13-12-16,05:54:00,Ch6,T. OVER
 13-12-16,05:55:00,Ch6,T. OVER
 13-12-16,05:56:00,Ch6,T. OVER
 13-12-16,05:57:01,Ch6,T. OVER
 13-12-16,05:58:01,Ch6,T. OVER
 13-12-16,05:59:01,Ch6,T. OVER
 13-12-16,06:00:01,Ch6,T. OVER
 13-12-16,06:01:01,Ch6,T. OVER
 13-12-16,06:02:01,Ch6,T. OVER
 13-12-16,06:03:01,Ch6,T. OVER
 13-12-16,06:04:02,Ch6,T. OVER
 13-12-16,06:05:02,Ch6,T. OVER
 13-12-16,06:06:02,Ch6,T. OVER
 13-12-16,06:07:02,Ch6,T. OVER
 13-12-16,06:08:02,Ch6,T. OVER
 13-12-16,06:09:02,Ch6,T. OVER
 13-12-16,06:10:02,Ch6,T. OVER
 13-12-16,06:11:02,Ch6,T. OVER
 13-12-16,06:12:03,Ch6,T. OVER
 13-12-16,06:13:03,Ch6,T. OVER
 13-12-16,06:14:03,Ch6,T. OVER
 13-12-16,06:15:03,Ch6,T. OVER
 13-12-16,06:16:03,Ch6,T. OVER
 13-12-16,06:17:04,Ch6,T. OVER
 13-12-16,06:18:04,Ch6,T. OVER
 13-12-16,06:19:04,Ch6,T. OVER
 13-12-16,06:20:04,Ch6,T. OVER
 13-12-16,06:21:04,Ch6,T. OVER
 13-12-16,06:22:04,Ch6,T. OVER
 13-12-16,06:23:05,Ch6,T. OVER
 13-12-16,06:24:05,Ch6,T. OVER
 13-12-16,06:25:05,Ch6,T. OVER
 13-12-16,06:26:05,Ch6,T. OVER
 13-12-16,06:27:05,Ch6,T. OVER
 13-12-16,06:28:06,Ch6,T. OVER
 13-12-16,06:29:06,Ch6,T. OVER
 13-12-16,06:30:06,Ch6,T. OVER
 13-12-16,06:31:06,Ch6,T. OVER
 13-12-16,06:32:07,Ch6,T. OVER
 13-12-16,06:33:07,Ch6,T. OVER
 13-12-16,06:34:07,Ch6,T. OVER
 13-12-16,06:35:07,Ch6,T. OVER
 13-12-16,06:36:07,Ch6,T. OVER
 13-12-16,06:37:08,Ch6,T. OVER
 13-12-16,06:38:08,Ch6,T. OVER
 13-12-16,06:39:08,Ch6,T. OVER
 13-12-16,06:40:08,Ch6,T. OVER
 13-12-16,06:41:08,Ch6,T. OVER
 13-12-16,06:42:08,Ch6,T. OVER
 13-12-16,06:43:09,Ch6,T. OVER
 13-12-16,06:44:09,Ch6,T. OVER
 13-12-16,06:45:09,Ch6,T. OVER
 13-12-16,06:46:09,Ch6,T. OVER
 13-12-16,06:47:09,Ch6,T. OVER
 13-12-16,06:48:09,Ch6,T. OVER
 13-12-16,06:49:09,Ch6,T. OVER
 13-12-16,06:50:10,Ch6,T. OVER
 13-12-16,06:51:10,Ch6,T. OVER
 13-12-16,06:52:10,Ch6,T. OVER
 13-12-16,06:53:10,Ch6,T. OVER
 13-12-16,06:54:10,Ch6,T. OVER
 13-12-16,06:55:10,Ch6,T. OVER
 13-12-16,06:56:11,Ch6,T. OVER
 13-12-16,06:57:11,Ch6,T. OVER
 13-12-16,06:58:11,Ch6,T. OVER
 13-12-16,06:59:11,Ch6,T. OVER
 13-12-16,07:00:11,Ch6,T. OVER
 13-12-16,07:01:11,Ch6,T. OVER
 13-12-16,07:02:11,Ch6,T. OVER
 13-12-16,07:03:12,Ch6,T. OVER
 13-12-16,07:04:12,Ch6,T. OVER
 13-12-16,07:05:12,Ch6,T. OVER
 13-12-16,07:06:12,Ch6,T. OVER
 13-12-16,07:07:12,Ch6,T. OVER
 13-12-16,07:08:12,Ch6,T. OVER
 13-12-16,07:09:12,Ch6,T. OVER
 13-12-16,07:10:13,Ch6,T. OVER
 13-12-16,07:11:13,Ch6,T. OVER
 13-12-16,07:12:13,Ch6,T. OVER
 13-12-16,07:13:13,Ch6,T. OVER
 13-12-16,07:14:14,Ch6,T. OVER
 13-12-16,07:15:14,Ch6,T. OVER
 13-12-16,07:16:14,Ch6,T. OVER
 13-12-16,07:17:14,Ch6,T. OVER
 13-12-16,07:18:14,Ch6,T. OVER
 13-12-16,07:19:15,Ch6,T. OVER
 13-12-16,07:20:15,Ch6,T. OVER
 13-12-16,07:21:15,Ch6,T. OVER
 13-12-16,07:22:15,Ch6,T. OVER
 13-12-16,07:23:15,Ch6,T. OVER
 13-12-16,07:24:15,Ch6,T. OVER
 13-12-16,07:25:15,Ch6,T. OVER
 13-12-16,07:26:16,Ch6,T. OVER
 13-12-16,07:27:16,Ch6,T. OVER
 13-12-16,07:28:16,Ch6,T. OVER
 13-12-16,07:29:16,Ch6,T. OVER
 13-12-16,07:30:17,Ch6,T. OVER
 13-12-16,07:31:17,Ch6,T. OVER
 13-12-16,07:32:17,Ch6,T. OVER
 13-12-16,07:33:17,Ch6,T. OVER
 13-12-16,07:34:18,Ch6,T. OVER
 13-12-16,07:35:18,Ch6,T. OVER
 13-12-16,07:36:18,Ch6,T. OVER
 13-12-16,07:37:18,Ch6,T. OVER
 13-12-16,07:38:19,Ch6,T. OVER
 13-12-16,07:39:19,Ch6,T. OVER
 13-12-16,07:40:19,Ch6,T. OVER
 13-12-16,07:41:19,Ch6,T. OVER
 13-12-16,07:42:19,Ch6,T. OVER
 13-12-16,07:43:19,Ch6,T. OVER
 13-12-16,07:44:20,Ch6,T. OVER
 13-12-16,07:45:20,Ch6,T. OVER
 13-12-16,07:46:20,Ch6,T. OVER
 13-12-16,07:47:20,Ch6,T. OVER
 13-12-16,07:48:20,Ch6,T. OVER
 13-12-16,07:49:20,Ch6,T. OVER
 13-12-16,07:50:21,Ch6,T. OVER
 13-12-16,07:51:21,Ch6,T. OVER
 13-12-16,07:52:21,Ch6,T. OVER
 13-12-16,07:53:21,Ch6,T. OVER
 13-12-16,07:54:21,Ch6,T. OVER
 13-12-16,07:55:22,Ch6,T. OVER
 13-12-16,07:56:22,Ch6,T. OVER
 13-12-16,07:57:22,Ch6,T. OVER
 13-12-16,07:58:22,Ch6,T. OVER
 13-12-16,07:59:22,Ch6,T. OVER
 13-12-16,08:00:23,Ch6,T. OVER
 13-12-16,08:01:23,Ch6,T. OVER
 13-12-16,08:02:23,Ch6,T. OVER
 13-12-16,08:03:23,Ch6,T. OVER
 13-12-16,08:04:23,Ch6,T. OVER
 13-12-16,08:05:24,Ch6,T. OVER
 13-12-16,08:06:24,Ch6,T. OVER
 13-12-16,08:07:24,Ch6,T. OVER
 13-12-16,08:08:24,Ch6,T. OVER
 13-12-16,08:09:24,Ch6,T. OVER
 13-12-16,08:10:24,Ch6,T. OVER
 13-12-16,08:11:25,Ch6,T. OVER
 13-12-16,08:12:25,Ch6,T. OVER
 13-12-16,08:13:25,Ch6,T. OVER
 13-12-16,08:14:25,Ch6,T. OVER
 13-12-16,08:15:26,Ch6,T. OVER
 13-12-16,08:16:26,Ch6,T. OVER
 13-12-16,08:17:26,Ch6,T. OVER
 13-12-16,08:18:26,Ch6,T. OVER
 13-12-16,08:19:26,Ch6,T. OVER
 13-12-16,08:20:27,Ch6,T. OVER
 13-12-16,08:21:27,Ch6,T. OVER
 13-12-16,08:22:27,Ch6,T. OVER
 13-12-16,08:23:27,Ch6,T. OVER
 13-12-16,08:24:27,Ch6,T. OVER
 13-12-16,08:25:28,Ch6,T. OVER
 13-12-16,08:26:28,Ch6,T. OVER
 13-12-16,08:27:28,Ch6,T. OVER
 13-12-16,08:28:28,Ch6,T. OVER
 13-12-16,08:29:28,Ch6,T. OVER
 13-12-16,08:30:29,Ch6,T. OVER
 13-12-16,08:31:29,Ch6,T. OVER
 13-12-16,08:32:29,Ch6,T. OVER
 13-12-16,08:33:29,Ch6,T. OVER
 13-12-16,08:34:30,Ch6,T. OVER
 13-12-16,08:35:30,Ch6,T. OVER
 13-12-16,08:36:30,Ch6,T. OVER
 13-12-16,08:37:30,Ch6,T. OVER
 13-12-16,08:38:30,Ch6,T. OVER
 13-12-16,08:39:30,Ch6,T. OVER
 13-12-16,08:40:30,Ch6,T. OVER
 13-12-16,08:41:31,Ch6,T. OVER
 13-12-16,08:42:31,Ch6,T. OVER
 13-12-16,08:43:31,Ch6,T. OVER
 13-12-16,08:44:31,Ch6,T. OVER
 13-12-16,08:45:31,Ch6,T. OVER
 13-12-16,08:46:31,Ch6,T. OVER
 13-12-16,08:47:32,Ch6,T. OVER
 13-12-16,08:48:32,Ch6,T. OVER
 13-12-16,08:49:32,Ch6,T. OVER
 13-12-16,08:50:32,Ch6,T. OVER
 13-12-16,08:51:32,Ch6,T. OVER
 13-12-16,08:52:32,Ch6,T. OVER
 13-12-16,08:53:33,Ch6,T. OVER
 13-12-16,08:54:33,Ch6,T. OVER
 13-12-16,08:55:33,Ch6,T. OVER
 13-12-16,08:56:33,Ch6,T. OVER
 13-12-16,08:57:33,Ch6,T. OVER
 13-12-16,08:58:33,Ch6,T. OVER
 13-12-16,08:59:34,Ch6,T. OVER
 13-12-16,09:00:34,Ch6,T. OVER
 13-12-16,09:01:34,Ch6,T. OVER
 13-12-16,09:02:34,Ch6,T. OVER
 13-12-16,09:03:34,Ch6,T. OVER
 13-12-16,09:04:34,Ch6,T. OVER
 13-12-16,09:05:35,Ch6,T. OVER
 13-12-16,09:06:35,Ch6,T. OVER
 13-12-16,09:07:35,Ch6,T. OVER
 13-12-16,09:08:35,Ch6,T. OVER
 13-12-16,09:09:35,Ch6,T. OVER
 13-12-16,09:10:36,Ch6,T. OVER
 13-12-16,09:11:36,Ch6,T. OVER
 13-12-16,09:12:36,Ch6,T. OVER
 13-12-16,09:13:36,Ch6,T. OVER
 13-12-16,09:14:36,Ch6,T. OVER
 13-12-16,09:15:36,Ch6,T. OVER
 13-12-16,09:16:36,Ch6,T. OVER
 13-12-16,09:17:36,Ch6,T. OVER
 13-12-16,09:18:36,Ch6,T. OVER
 13-12-16,09:19:37,Ch6,T. OVER
 13-12-16,09:20:37,Ch6,T. OVER
 13-12-16,09:21:37,Ch6,T. OVER
 13-12-16,09:22:37,Ch6,T. OVER
 13-12-16,09:23:37,Ch6,T. OVER
 13-12-16,09:24:38,Ch6,T. OVER
 13-12-16,09:25:38,Ch6,T. OVER
 13-12-16,09:26:38,Ch6,T. OVER
 13-12-16,09:27:38,Ch6,T. OVER
 13-12-16,09:28:38,Ch6,T. OVER
 13-12-16,09:29:39,Ch6,T. OVER
 13-12-16,09:30:39,Ch6,T. OVER
 13-12-16,09:31:39,Ch6,T. OVER
 13-12-16,09:32:39,Ch6,T. OVER
 13-12-16,09:33:39,Ch6,T. OVER
 13-12-16,09:34:39,Ch6,T. OVER
 13-12-16,09:35:39,Ch6,T. OVER
 13-12-16,09:36:40,Ch6,VMIX OVL,VDIF OVL,T. OVER
 13-12-16,09:37:40,Ch6,T. OVER
 13-12-16,09:38:40,Ch6,T. OVER
 13-12-16,09:39:40,Ch6,T. OVER
 13-12-16,09:40:41,Ch6,T. OVER
 13-12-16,09:41:41,Ch6,T. OVER
 13-12-16,09:42:41,Ch6,T. OVER
 13-12-16,09:43:41,Ch6,T. OVER
 13-12-16,09:44:41,Ch6,T. OVER
 13-12-16,09:45:41,Ch6,T. OVER
 13-12-16,09:46:41,Ch6,T. OVER
 13-12-16,09:47:41,Ch6,T. OVER
 13-12-16,09:48:42,Ch6,T. OVER
 13-12-16,09:49:42,Ch6,T. OVER
 13-12-16,09:50:42,Ch6,T. OVER
 13-12-16,09:51:42,Ch6,T. OVER
 13-12-16,09:52:42,Ch6,T. OVER
 13-12-16,09:53:43,Ch6,T. OVER
 13-12-16,09:54:43,Ch6,T. OVER
 13-12-16,09:55:43,Ch6,T. OVER
 13-12-16,09:56:43,Ch6,T. OVER
 13-12-16,09:57:43,Ch6,T. OVER
 13-12-16,09:58:43,Ch6,T. OVER
 13-12-16,09:59:44,Ch6,T. OVER
 13-12-16,10:00:44,Ch6,T. OVER
 13-12-16,10:01:44,Ch6,T. OVER
 13-12-16,10:02:44,Ch6,T. OVER
 13-12-16,10:03:45,Ch6,T. OVER
 13-12-16,10:04:45,Ch6,T. OVER
 13-12-16,10:05:45,Ch6,T. OVER
 13-12-16,10:06:45,Ch6,T. OVER
 13-12-16,10:07:45,Ch6,T. OVER
 13-12-16,10:08:45,Ch6,T. OVER
 13-12-16,10:09:46,Ch6,T. OVER
 13-12-16,10:10:46,Ch6,T. OVER
 13-12-16,10:11:46,Ch6,T. OVER
 13-12-16,10:12:46,Ch6,T. OVER
 13-12-16,10:13:46,Ch6,T. OVER
 13-12-16,10:14:47,Ch6,T. OVER
 13-12-16,10:15:47,Ch6,T. OVER
 13-12-16,10:16:47,Ch6,T. OVER
 13-12-16,10:17:47,Ch6,T. OVER
 13-12-16,10:18:47,Ch6,T. OVER
 13-12-16,10:19:48,Ch6,T. OVER
 13-12-16,10:20:48,Ch6,T. OVER
 13-12-16,10:21:48,Ch6,T. OVER
 13-12-16,10:22:48,Ch6,T. OVER
 13-12-16,10:23:48,Ch6,T. OVER
 13-12-16,10:24:49,Ch6,T. OVER
 13-12-16,10:25:49,Ch6,T. OVER
 13-12-16,10:26:49,Ch6,T. OVER
 13-12-16,10:27:49,Ch6,T. OVER
 13-12-16,10:28:49,Ch6,T. OVER
 13-12-16,10:29:49,Ch6,T. OVER
 13-12-16,10:30:50,Ch6,T. OVER
 13-12-16,10:31:50,Ch6,T. OVER
 13-12-16,10:32:50,Ch6,T. OVER
 13-12-16,10:33:50,Ch6,T. OVER
 13-12-16,10:34:50,Ch6,T. OVER
 13-12-16,10:35:50,Ch6,T. OVER
 13-12-16,10:36:51,Ch1,VDIF OVL 13-12-16,10:36:51,Ch6,T. OVER
 13-12-16,10:37:51,Ch6,T. OVER
 13-12-16,10:38:51,Ch6,T. OVER
 13-12-16,10:39:51,Ch6,T. OVER
 13-12-16,10:40:52,Ch6,T. OVER
 13-12-16,10:41:52,Ch6,T. OVER
 13-12-16,10:42:52,Ch6,T. OVER
 13-12-16,10:43:52,Ch6,T. OVER
 13-12-16,10:44:52,Ch6,T. OVER
 13-12-16,10:45:52,Ch6,T. OVER
 13-12-16,10:46:53,Ch6,T. OVER
 13-12-16,10:47:53,Ch6,T. OVER
 13-12-16,10:48:53,Ch6,T. OVER
 13-12-16,10:49:53,Ch6,T. OVER
 13-12-16,10:50:53,Ch6,T. OVER
 13-12-16,10:51:54,Ch6,T. OVER
 13-12-16,10:52:54,Ch6,T. OVER
 13-12-16,10:53:54,Ch6,T. OVER
 13-12-16,10:54:54,Ch6,T. OVER
 13-12-16,10:55:54,Ch6,T. OVER
 13-12-16,10:56:54,Ch6,T. OVER
 13-12-16,10:57:55,Ch6,T. OVER
 13-12-16,10:58:55,Ch6,T. OVER
 13-12-16,10:59:55,Ch6,T. OVER
 13-12-16,11:00:55,Ch6,T. OVER
 13-12-16,11:01:55,Ch6,T. OVER
 13-12-16,11:02:55,Ch6,T. OVER
 13-12-16,11:03:55,Ch6,T. OVER
 13-12-16,11:04:56,Ch6,T. OVER
 13-12-16,11:05:56,Ch6,T. OVER
 13-12-16,11:06:56,Ch6,T. OVER
 13-12-16,11:07:56,Ch6,T. OVER
 13-12-16,11:08:56,Ch6,T. OVER
 13-12-16,11:09:57,Ch6,T. OVER
 13-12-16,11:10:57,Ch6,T. OVER
 13-12-16,11:11:57,Ch6,T. OVER
 13-12-16,11:12:57,Ch6,T. OVER
 13-12-16,11:13:57,Ch6,T. OVER
 13-12-16,11:14:58,Ch6,T. OVER
 13-12-16,11:15:58,Ch6,T. OVER
 13-12-16,11:16:58,Ch6,T. OVER
 13-12-16,11:17:58,Ch6,T. OVER
 13-12-16,11:18:58,Ch6,T. OVER
 13-12-16,11:19:58,Ch6,T. OVER
 13-12-16,11:20:59,Ch6,T. OVER
 13-12-16,11:21:59,Ch6,T. OVER
 13-12-16,11:22:59,Ch6,T. OVER
 13-12-16,11:23:59,Ch6,T. OVER
 13-12-16,11:24:59,Ch6,T. OVER
 13-12-16,11:26:00,Ch6,T. OVER
 13-12-16,11:27:00,Ch6,T. OVER
 13-12-16,11:28:00,Ch6,T. OVER
 13-12-16,11:29:00,Ch6,T. OVER
 13-12-16,11:30:00,Ch6,T. OVER
 13-12-16,11:31:01,Ch6,T. OVER
 13-12-16,11:32:01,Ch6,T. OVER
 13-12-16,11:33:01,Ch6,T. OVER
 13-12-16,11:34:01,Ch6,T. OVER
 13-12-16,11:35:01,Ch6,T. OVER
 13-12-16,11:36:02,Ch6,T. OVER
 13-12-16,11:37:02,Ch6,T. OVER
 13-12-16,11:38:02,Ch6,T. OVER
 13-12-16,11:39:02,Ch6,T. OVER
 13-12-16,11:40:02,Ch6,T. OVER
 13-12-16,11:41:02,Ch6,T. OVER
 13-12-16,11:42:03,Ch6,T. OVER
 13-12-16,11:43:03,Ch6,T. OVER
 13-12-16,11:44:03,Ch6,T. OVER
 13-12-16,11:45:03,Ch6,T. OVER
 13-12-16,11:46:03,Ch6,T. OVER
 13-12-16,11:47:04,Ch6,T. OVER
 13-12-16,11:48:04,Ch6,T. OVER
 13-12-16,11:49:04,Ch6,T. OVER
 13-12-16,11:50:04,Ch6,T. OVER
 13-12-16,11:51:04,Ch6,T. OVER
 13-12-16,11:52:04,Ch6,T. OVER
 13-12-16,11:53:05,Ch6,T. OVER
 13-12-16,11:54:05,Ch6,T. OVER
 13-12-16,11:55:05,Ch6,T. OVER
 13-12-16,11:56:05,Ch6,T. OVER
 13-12-16,11:57:05,Ch6,T. OVER
 13-12-16,11:58:06,Ch6,T. OVER
 13-12-16,11:59:06,Ch6,T. OVER
 13-12-16,12:00:06,Ch6,T. OVER
 13-12-16,12:01:06,Ch6,T. OVER
 13-12-16,12:02:06,Ch6,T. OVER
 13-12-16,12:03:06,Ch6,T. OVER
 13-12-16,12:04:07,Ch6,T. OVER
 13-12-16,12:05:07,Ch6,T. OVER
 13-12-16,12:06:07,Ch6,T. OVER
 13-12-16,12:07:07,Ch6,T. OVER
 13-12-16,12:08:07,Ch6,T. OVER
 13-12-16,12:09:07,Ch6,T. OVER
 13-12-16,12:10:07,Ch6,T. OVER
 13-12-16,12:11:08,Ch6,T. OVER
 13-12-16,12:12:08,Ch6,T. OVER
 13-12-16,12:13:08,Ch6,T. OVER
 13-12-16,12:14:08,Ch6,T. OVER
 13-12-16,12:15:08,Ch6,T. OVER
 13-12-16,12:16:09,Ch6,T. OVER
 13-12-16,12:17:09,Ch6,T. OVER
 13-12-16,12:18:09,Ch6,T. OVER
 13-12-16,12:19:09,Ch6,T. OVER
 13-12-16,12:20:09,Ch6,T. OVER
 13-12-16,12:21:09,Ch6,T. OVER
 13-12-16,12:22:10,Ch6,T. OVER
 13-12-16,12:23:10,Ch6,T. OVER
 13-12-16,12:24:10,Ch6,T. OVER
 13-12-16,12:25:10,Ch6,T. OVER
 13-12-16,12:26:10,Ch6,T. OVER
 13-12-16,12:27:10,Ch6,T. OVER
 13-12-16,12:28:10,Ch6,T. OVER
 13-12-16,12:29:11,Ch6,T. OVER
 13-12-16,12:30:11,Ch6,T. OVER
 13-12-16,12:31:11,Ch6,T. OVER
 13-12-16,12:32:11,Ch6,T. OVER
 13-12-16,12:33:11,Ch6,T. OVER
 13-12-16,12:34:11,Ch6,T. OVER
 13-12-16,12:35:12,Ch6,T. OVER
 13-12-16,12:36:12,Ch6,T. OVER
 13-12-16,12:37:12,Ch6,T. OVER
 13-12-16,12:38:12,Ch6,T. OVER
 13-12-16,12:39:12,Ch6,T. OVER
 13-12-16,12:40:12,Ch1,VDIF OVL 13-12-16,12:40:12,Ch6,T. OVER
 13-12-16,12:41:13,Ch6,T. OVER
 13-12-16,12:42:13,Ch6,T. OVER
 13-12-16,12:43:13,Ch6,T. OVER
 13-12-16,12:44:13,Ch6,T. OVER
 13-12-16,12:45:13,Ch6,T. OVER
 13-12-16,12:46:13,Ch6,T. OVER
 13-12-16,12:47:14,Ch6,T. OVER
 13-12-16,12:48:14,Ch6,T. OVER
 13-12-16,12:49:14,Ch6,T. OVER
 13-12-16,12:50:14,Ch6,T. OVER
 13-12-16,12:51:14,Ch6,T. OVER
 13-12-16,12:52:14,Ch6,T. OVER
 13-12-16,12:53:15,Ch6,T. OVER
 13-12-16,12:54:15,Ch6,T. OVER
 13-12-16,12:55:15,Ch6,T. OVER
 13-12-16,12:56:15,Ch6,T. OVER
 13-12-16,12:57:15,Ch6,T. OVER
 13-12-16,12:58:16,Ch6,T. OVER
 13-12-16,12:59:16,Ch6,T. OVER
 13-12-16,13:00:16,Ch6,T. OVER
 13-12-16,13:01:16,Ch6,T. OVER
 13-12-16,13:02:16,Ch6,T. OVER
 13-12-16,13:03:16,Ch6,T. OVER
 13-12-16,13:04:17,Ch6,T. OVER
 13-12-16,13:05:17,Ch6,T. OVER
 13-12-16,13:06:17,Ch6,T. OVER
 13-12-16,13:07:18,Ch6,T. OVER
 13-12-16,13:08:18,Ch6,T. OVER
 13-12-16,13:09:18,Ch6,T. OVER
 13-12-16,13:10:18,Ch6,T. OVER
 13-12-16,13:11:18,Ch6,T. OVER
 13-12-16,13:12:19,Ch6,T. OVER
 13-12-16,13:13:19,Ch6,T. OVER
 13-12-16,13:14:19,Ch6,T. OVER
 13-12-16,13:15:19,Ch6,T. OVER
 13-12-16,13:16:19,Ch6,T. OVER
 13-12-16,13:17:20,Ch6,T. OVER
 13-12-16,13:18:20,Ch6,T. OVER
 13-12-16,13:19:20,Ch6,T. OVER
 13-12-16,13:20:20,Ch6,T. OVER
 13-12-16,13:21:21,Ch6,T. OVER
 13-12-16,13:22:21,Ch6,T. OVER
 13-12-16,13:23:21,Ch6,T. OVER
 13-12-16,13:24:21,Ch6,T. OVER
 13-12-16,13:25:21,Ch6,T. OVER
 13-12-16,13:26:21,Ch6,T. OVER
 13-12-16,13:27:21,Ch6,T. OVER
 13-12-16,13:28:21,Ch6,T. OVER
 13-12-16,13:29:22,Ch6,T. OVER
 13-12-16,13:30:22,Ch6,T. OVER
 13-12-16,13:31:22,Ch6,T. OVER
 13-12-16,13:32:22,Ch6,T. OVER
 13-12-16,13:33:22,Ch6,T. OVER
 13-12-16,13:34:23,Ch6,T. OVER
 13-12-16,13:35:23,Ch6,T. OVER
 13-12-16,13:36:23,Ch6,T. OVER
 13-12-16,13:37:23,Ch6,VDIF OVL,T. OVER
 13-12-16,13:38:24,Ch6,T. OVER
 13-12-16,13:39:24,Ch6,T. OVER
 13-12-16,13:40:24,Ch6,T. OVER
 13-12-16,13:41:24,Ch6,T. OVER
 13-12-16,13:42:24,Ch6,T. OVER
 13-12-16,13:43:25,Ch6,T. OVER
 13-12-16,13:44:25,Ch6,T. OVER
 13-12-16,13:45:25,Ch6,T. OVER
 13-12-16,13:46:25,Ch6,T. OVER
 13-12-16,13:47:26,Ch6,T. OVER
 13-12-16,13:48:26,Ch6,T. OVER
 13-12-16,13:49:26,Ch6,T. OVER
 13-12-16,13:50:26,Ch6,T. OVER
 13-12-16,13:51:26,Ch6,T. OVER
 13-12-16,13:52:27,Ch6,T. OVER
 13-12-16,13:53:27,Ch6,T. OVER
 13-12-16,13:54:27,Ch6,T. OVER
 13-12-16,13:55:27,Ch6,T. OVER
 13-12-16,13:56:27,Ch6,T. OVER
 13-12-16,13:57:27,Ch6,T. OVER
 13-12-16,13:58:28,Ch6,T. OVER
 13-12-16,13:59:28,Ch6,T. OVER
 13-12-16,14:00:28,Ch6,T. OVER
 13-12-16,14:01:28,Ch6,T. OVER
 13-12-16,14:02:28,Ch6,T. OVER
 13-12-16,14:03:28,Ch6,T. OVER
 13-12-16,14:04:29,Ch6,T. OVER
 13-12-16,14:05:29,Ch6,T. OVER
 13-12-16,14:06:29,Ch6,T. OVER
 13-12-16,14:07:29,Ch6,T. OVER
 13-12-16,14:08:29,Ch6,T. OVER
 13-12-16,14:09:30,Ch6,T. OVER
 13-12-16,14:10:30,Ch6,T. OVER
 13-12-16,14:11:30,Ch6,T. OVER
 13-12-16,14:12:30,Ch6,T. OVER
 13-12-16,14:13:30,Ch6,T. OVER
 13-12-16,14:14:31,Ch6,T. OVER
 13-12-16,14:15:31,Ch6,T. OVER
 13-12-16,14:16:31,Ch6,T. OVER
 13-12-16,14:17:31,Ch6,T. OVER
 13-12-16,14:18:31,Ch6,T. OVER
 13-12-16,14:19:31,Ch6,T. OVER
 13-12-16,14:20:32,Ch6,T. OVER
 13-12-16,14:21:32,Ch6,T. OVER
 13-12-16,14:22:32,Ch6,T. OVER
 13-12-16,14:23:32,Ch6,T. OVER
 13-12-16,14:24:33,Ch6,T. OVER
 13-12-16,14:25:33,Ch6,T. OVER
 13-12-16,14:26:33,Ch6,T. OVER
 13-12-16,14:27:33,Ch6,T. OVER
 13-12-16,14:28:33,Ch6,T. OVER
 13-12-16,14:29:34,Ch6,T. OVER
 13-12-16,14:30:34,Ch6,T. OVER
 13-12-16,14:31:34,Ch6,T. OVER
 13-12-16,14:32:34,Ch6,T. OVER
 13-12-16,14:33:35,Ch6,T. OVER
 13-12-16,14:34:35,Ch6,T. OVER
 13-12-16,14:35:35,Ch6,T. OVER
 13-12-16,14:36:35,Ch6,T. OVER
 13-12-16,14:37:35,Ch6,T. OVER
 13-12-16,14:38:36,Ch6,T. OVER
 13-12-16,14:39:36,Ch6,T. OVER
 13-12-16,14:40:36,Ch6,T. OVER
 13-12-16,14:41:36,Ch6,T. OVER
 13-12-16,14:42:36,Ch6,T. OVER
 13-12-16,14:43:36,Ch6,T. OVER
 13-12-16,14:44:37,Ch6,T. OVER
 13-12-16,14:45:37,Ch6,T. OVER
 13-12-16,14:46:37,Ch6,T. OVER
 13-12-16,14:47:37,Ch6,T. OVER
 13-12-16,14:48:37,Ch6,T. OVER
 13-12-16,14:49:38,Ch6,T. OVER
 13-12-16,14:50:38,Ch6,T. OVER
 13-12-16,14:51:38,Ch6,T. OVER
 13-12-16,14:52:38,Ch6,T. OVER
 13-12-16,14:53:38,Ch6,T. OVER
 13-12-16,14:54:38,Ch6,T. OVER
 13-12-16,14:55:39,Ch6,T. OVER
 13-12-16,14:56:39,Ch6,T. OVER
 13-12-16,14:57:39,Ch6,T. OVER
 13-12-16,14:58:39,Ch6,T. OVER
 13-12-16,14:59:39,Ch6,T. OVER
 13-12-16,15:00:39,Ch6,T. OVER
 13-12-16,15:01:40,Ch6,T. OVER
 13-12-16,15:02:40,Ch6,T. OVER
 13-12-16,15:03:40,Ch6,T. OVER
 13-12-16,15:04:40,Ch6,T. OVER
 13-12-16,15:05:41,Ch6,T. OVER
 13-12-16,15:06:41,Ch6,T. OVER
 13-12-16,15:07:41,Ch6,T. OVER
 13-12-16,15:08:41,Ch6,T. OVER
 13-12-16,15:09:41,Ch6,T. OVER
 13-12-16,15:10:42,Ch6,T. OVER
 13-12-16,15:11:42,Ch6,T. OVER
 13-12-16,15:12:42,Ch6,T. OVER
 13-12-16,15:13:42,Ch6,T. OVER
 13-12-16,15:14:42,Ch6,T. OVER
 13-12-16,15:15:42,Ch6,T. OVER
 13-12-16,15:16:43,Ch6,T. OVER
 13-12-16,15:17:43,Ch6,T. OVER
 13-12-16,15:18:43,Ch6,T. OVER
 13-12-16,15:19:43,Ch6,T. OVER
 13-12-16,15:20:43,Ch6,T. OVER
 13-12-16,15:21:44,Ch6,T. OVER
 13-12-16,15:22:44,Ch6,T. OVER
 13-12-16,15:23:44,Ch6,T. OVER
 13-12-16,15:24:44,Ch6,T. OVER
 13-12-16,15:25:44,Ch6,T. OVER
 13-12-16,15:26:44,Ch6,T. OVER
 13-12-16,15:27:45,Ch6,T. OVER
 13-12-16,15:28:45,Ch6,T. OVER
 13-12-16,15:29:45,Ch6,T. OVER
 13-12-16,15:30:45,Ch6,T. OVER
 13-12-16,15:31:46,Ch6,T. OVER
 13-12-16,15:32:46,Ch6,T. OVER
 13-12-16,15:33:46,Ch6,T. OVER
 13-12-16,15:34:46,Ch6,T. OVER
 13-12-16,15:35:46,Ch6,T. OVER
 13-12-16,15:36:46,Ch6,T. OVER
 13-12-16,15:37:47,Ch6,T. OVER
 13-12-16,15:38:47,Ch6,T. OVER
 13-12-16,15:39:47,Ch6,T. OVER
 13-12-16,15:40:47,Ch6,T. OVER
 13-12-16,15:41:47,Ch6,T. OVER
 13-12-16,15:42:48,Ch6,T. OVER
 13-12-16,15:43:48,Ch6,T. OVER
 13-12-16,15:44:48,Ch6,T. OVER
 13-12-16,15:45:48,Ch6,T. OVER
 13-12-16,15:46:48,Ch6,T. OVER
 13-12-16,15:47:49,Ch6,T. OVER
 13-12-16,15:48:49,Ch6,T. OVER
 13-12-16,15:49:49,Ch6,T. OVER
 13-12-16,15:50:49,Ch6,T. OVER
 13-12-16,15:51:49,Ch6,T. OVER
 13-12-16,15:52:49,Ch6,T. OVER
 13-12-16,15:53:49,Ch6,T. OVER
 13-12-16,15:54:50,Ch6,T. OVER
 13-12-16,15:55:50,Ch6,T. OVER
 13-12-16,15:56:50,Ch6,T. OVER
 13-12-16,15:57:50,Ch6,T. OVER
 13-12-16,15:58:50,Ch6,T. OVER
 13-12-16,15:59:50,Ch6,T. OVER
 13-12-16,16:00:50,Ch6,T. OVER
 13-12-16,16:01:50,Ch6,T. OVER
 13-12-16,16:02:51,Ch6,T. OVER
 13-12-16,16:03:51,Ch6,T. OVER
 13-12-16,16:04:51,Ch6,T. OVER
 13-12-16,16:05:51,Ch6,T. OVER
 13-12-16,16:06:51,Ch6,T. OVER
 13-12-16,16:07:51,Ch6,T. OVER
 13-12-16,16:08:51,Ch6,T. OVER
 13-12-16,16:09:51,Ch6,T. OVER
 13-12-16,16:10:51,Ch6,T. OVER
 13-12-16,16:11:52,Ch6,T. OVER
 13-12-16,16:12:52,Ch6,T. OVER
 13-12-16,16:13:52,Ch6,T. OVER
 13-12-16,16:14:52,Ch6,T. OVER
 13-12-16,16:15:52,Ch6,T. OVER
 13-12-16,16:16:53,Ch6,T. OVER
 13-12-16,16:17:53,Ch6,T. OVER
 13-12-16,16:18:53,Ch6,T. OVER
 13-12-16,16:19:53,Ch6,T. OVER
 13-12-16,16:20:54,Ch6,T. OVER
 13-12-16,16:21:54,Ch6,T. OVER
 13-12-16,16:22:54,Ch6,T. OVER
 13-12-16,16:23:54,Ch6,T. OVER
 13-12-16,16:24:54,Ch6,T. OVER
 13-12-16,16:25:55,Ch6,T. OVER
 13-12-16,16:26:55,Ch6,T. OVER
 13-12-16,16:27:55,Ch6,T. OVER
 13-12-16,16:28:55,Ch6,T. OVER
 13-12-16,16:29:56,Ch6,T. OVER
 13-12-16,16:30:56,Ch6,T. OVER
 13-12-16,16:31:56,Ch6,T. OVER
 13-12-16,16:32:56,Ch6,T. OVER
 13-12-16,16:33:56,Ch6,T. OVER
 13-12-16,16:34:56,Ch6,T. OVER
 13-12-16,16:35:57,Ch6,T. OVER
 13-12-16,16:36:57,Ch6,T. OVER
 13-12-16,16:37:57,Ch6,T. OVER
 13-12-16,16:38:57,Ch6,T. OVER
 13-12-16,16:39:57,Ch6,T. OVER
 13-12-16,16:40:58,Ch6,T. OVER
 13-12-16,16:41:58,Ch6,T. OVER
 13-12-16,16:42:58,Ch6,T. OVER
 13-12-16,16:43:58,Ch6,T. OVER
 13-12-16,16:44:58,Ch6,T. OVER
 13-12-16,16:45:59,Ch6,T. OVER
 13-12-16,16:46:59,Ch6,T. OVER
 13-12-16,16:47:59,Ch6,T. OVER
 13-12-16,16:48:59,Ch6,T. OVER
 13-12-16,16:49:59,Ch6,T. OVER
 13-12-16,16:51:00,Ch6,T. OVER
 13-12-16,16:52:00,Ch6,T. OVER
 13-12-16,16:53:00,Ch6,T. OVER
 13-12-16,16:54:00,Ch6,T. OVER
 13-12-16,16:55:00,Ch6,T. OVER
 13-12-16,16:56:01,Ch6,T. OVER
 13-12-16,16:57:01,Ch6,T. OVER
 13-12-16,16:58:01,Ch6,T. OVER
 13-12-16,16:59:01,Ch6,T. OVER
 13-12-16,17:00:01,Ch6,T. OVER
 13-12-16,17:01:01,Ch6,T. OVER
 13-12-16,17:02:01,Ch6,T. OVER
 13-12-16,17:03:02,Ch6,T. OVER
 13-12-16,17:04:02,Ch6,T. OVER
 13-12-16,17:05:02,Ch6,T. OVER
 13-12-16,17:06:02,Ch6,T. OVER
 13-12-16,17:07:02,Ch6,T. OVER
 13-12-16,17:08:03,Ch6,T. OVER
 13-12-16,17:09:03,Ch6,T. OVER
 13-12-16,17:10:03,Ch6,T. OVER
 13-12-16,17:11:03,Ch6,T. OVER
 13-12-16,17:12:03,Ch6,T. OVER
 13-12-16,17:13:03,Ch6,T. OVER
 13-12-16,17:14:03,Ch6,T. OVER
 13-12-16,17:15:03,Ch6,T. OVER
 13-12-16,17:16:04,Ch6,T. OVER
 13-12-16,17:17:04,Ch6,T. OVER
 13-12-16,17:18:04,Ch6,T. OVER
 13-12-16,17:19:04,Ch6,T. OVER
 13-12-16,17:20:04,Ch6,T. OVER
 13-12-16,17:21:04,Ch6,T. OVER
 13-12-16,17:22:04,Ch6,T. OVER
 13-12-16,17:23:05,Ch6,T. OVER
 13-12-16,17:24:05,Ch6,T. OVER
 13-12-16,17:25:05,Ch6,T. OVER
 13-12-16,17:26:05,Ch6,T. OVER
 13-12-16,17:27:06,Ch6,T. OVER
 13-12-16,17:28:06,Ch6,T. OVER
 13-12-16,17:29:06,Ch6,T. OVER
 13-12-16,17:30:06,Ch6,T. OVER
 13-12-16,17:31:06,Ch6,T. OVER
 13-12-16,17:32:06,Ch6,T. OVER
 13-12-16,17:33:06,Ch6,T. OVER
 13-12-16,17:34:07,Ch6,T. OVER
 13-12-16,17:35:07,Ch6,T. OVER
 13-12-16,17:36:07,Ch6,T. OVER
 13-12-16,17:37:07,Ch6,T. OVER
 13-12-16,17:38:08,Ch6,T. OVER
 13-12-16,17:39:08,Ch6,T. OVER
 13-12-16,17:40:08,Ch6,T. OVER
 13-12-16,17:41:08,Ch6,T. OVER
 13-12-16,17:42:08,Ch6,T. OVER
 13-12-16,17:43:08,Ch6,T. OVER
 13-12-16,17:44:09,Ch6,T. OVER
 13-12-16,17:45:09,Ch6,T. OVER
 13-12-16,17:46:09,Ch6,T. OVER
 13-12-16,17:47:09,Ch6,T. OVER
 13-12-16,17:48:09,Ch6,T. OVER
 13-12-16,17:49:09,Ch6,T. OVER
 13-12-16,17:50:09,Ch6,T. OVER
 13-12-16,17:51:09,Ch6,T. OVER
 13-12-16,17:52:10,Ch6,T. OVER
 13-12-16,17:53:10,Ch6,T. OVER
 13-12-16,17:54:10,Ch6,T. OVER
 13-12-16,17:55:10,Ch6,T. OVER
 13-12-16,17:56:10,Ch6,T. OVER
 13-12-16,17:57:10,Ch6,T. OVER
 13-12-16,17:58:10,Ch6,T. OVER
 13-12-16,17:59:11,Ch6,T. OVER
 13-12-16,18:00:11,Ch6,T. OVER
 13-12-16,18:01:11,Ch6,T. OVER
 13-12-16,18:02:11,Ch6,T. OVER
 13-12-16,18:03:11,Ch6,T. OVER
 13-12-16,18:04:11,Ch6,T. OVER
 13-12-16,18:05:12,Ch6,T. OVER
 13-12-16,18:06:12,Ch6,T. OVER
 13-12-16,18:07:12,Ch6,T. OVER
 13-12-16,18:08:12,Ch6,T. OVER
 13-12-16,18:09:12,Ch6,T. OVER
 13-12-16,18:10:12,Ch6,T. OVER
 13-12-16,18:11:13,Ch6,T. OVER
 13-12-16,18:12:13,Ch6,T. OVER
 13-12-16,18:13:13,Ch6,T. OVER
 13-12-16,18:14:13,Ch6,T. OVER
 13-12-16,18:15:13,Ch6,T. OVER
 13-12-16,18:16:13,Ch6,T. OVER
 13-12-16,18:17:13,Ch6,T. OVER
 13-12-16,18:18:13,Ch6,T. OVER
 13-12-16,18:19:14,Ch6,T. OVER
 13-12-16,18:20:14,Ch6,T. OVER
 13-12-16,18:21:14,Ch6,T. OVER
 13-12-16,18:22:14,Ch6,T. OVER
 13-12-16,18:23:14,Ch6,T. OVER
 13-12-16,18:24:14,Ch6,T. OVER
 13-12-16,18:25:15,Ch6,T. OVER
 13-12-16,18:26:15,Ch6,T. OVER
 13-12-16,18:27:15,Ch6,T. OVER
 13-12-16,18:28:15,Ch6,T. OVER
 13-12-16,18:29:15,Ch6,T. OVER
 13-12-16,18:30:15,Ch6,T. OVER
 13-12-16,18:31:16,Ch6,T. OVER
 13-12-16,18:32:16,Ch6,T. OVER
 13-12-16,18:33:16,Ch6,T. OVER
 13-12-16,18:34:16,Ch6,T. OVER
 13-12-16,18:35:16,Ch6,T. OVER
 13-12-16,18:36:16,Ch6,T. OVER
 13-12-16,18:37:17,Ch6,T. OVER
 13-12-16,18:38:17,Ch6,T. OVER
 13-12-16,18:39:17,Ch6,T. OVER
 13-12-16,18:40:17,Ch6,T. OVER
 13-12-16,18:41:17,Ch6,T. OVER
 13-12-16,18:42:18,Ch6,T. OVER
 13-12-16,18:43:18,Ch6,T. OVER
 13-12-16,18:44:18,Ch6,T. OVER
 13-12-16,18:45:18,Ch6,T. OVER
 13-12-16,18:46:18,Ch6,T. OVER
 13-12-16,18:47:19,Ch6,T. OVER
 13-12-16,18:48:19,Ch6,T. OVER
 13-12-16,18:49:19,Ch6,T. OVER
 13-12-16,18:50:19,Ch6,T. OVER
 13-12-16,18:51:19,Ch6,T. OVER
 13-12-16,18:52:19,Ch6,T. OVER
 13-12-16,18:53:20,Ch6,T. OVER
 13-12-16,18:54:20,Ch6,T. OVER
 13-12-16,18:55:20,Ch6,T. OVER
 13-12-16,18:56:20,Ch6,T. OVER
 13-12-16,18:57:20,Ch6,T. OVER
 13-12-16,18:58:20,Ch6,T. OVER
 13-12-16,18:59:21,Ch6,T. OVER
 13-12-16,19:00:21,Ch6,T. OVER
 13-12-16,19:01:21,Ch6,T. OVER
 13-12-16,19:02:21,Ch6,T. OVER
 13-12-16,19:03:21,Ch6,T. OVER
 13-12-16,19:04:22,Ch6,T. OVER
 13-12-16,19:05:22,Ch6,T. OVER
 13-12-16,19:06:22,Ch6,T. OVER
 13-12-16,19:07:22,Ch6,T. OVER
 13-12-16,19:08:22,Ch6,T. OVER
 13-12-16,19:09:23,Ch6,T. OVER
 13-12-16,19:10:23,Ch6,T. OVER
 13-12-16,19:11:23,Ch6,T. OVER
 13-12-16,19:12:23,Ch6,T. OVER
 13-12-16,19:13:23,Ch6,T. OVER
 13-12-16,19:14:23,Ch6,T. OVER
 13-12-16,19:15:24,Ch6,T. OVER
 13-12-16,19:16:24,Ch6,T. OVER
 13-12-16,19:17:24,Ch6,T. OVER
 13-12-16,19:18:24,Ch6,T. OVER
 13-12-16,19:19:24,Ch6,T. OVER
 13-12-16,19:20:24,Ch6,T. OVER
 13-12-16,19:21:24,Ch6,T. OVER
 13-12-16,19:22:24,Ch6,T. OVER
 13-12-16,19:23:24,Ch6,T. OVER
 13-12-16,19:24:24,Ch6,T. OVER
 13-12-16,19:25:25,Ch6,T. OVER
 13-12-16,19:26:25,Ch6,T. OVER
 13-12-16,19:27:25,Ch6,T. OVER
 13-12-16,19:28:25,Ch6,T. OVER
 13-12-16,19:29:25,Ch6,T. OVER
 13-12-16,19:30:25,Ch6,T. OVER
 13-12-16,19:31:25,Ch6,T. OVER
 13-12-16,19:32:26,Ch6,T. OVER
 13-12-16,19:33:26,Ch6,T. OVER
 13-12-16,19:34:26,Ch6,T. OVER
 13-12-16,19:35:26,Ch6,T. OVER
 13-12-16,19:36:26,Ch6,T. OVER
 13-12-16,19:37:27,Ch6,T. OVER
 13-12-16,19:38:27,Ch6,T. OVER
 13-12-16,19:39:27,Ch6,T. OVER
 13-12-16,19:40:27,Ch6,T. OVER
 13-12-16,19:41:27,Ch6,T. OVER
 13-12-16,19:42:27,Ch6,T. OVER
 13-12-16,19:43:28,Ch6,T. OVER
 13-12-16,19:44:28,Ch6,T. OVER
 13-12-16,19:45:28,Ch6,T. OVER
 13-12-16,19:46:28,Ch6,T. OVER
 13-12-16,19:47:28,Ch6,T. OVER
 13-12-16,19:48:28,Ch6,T. OVER
 13-12-16,19:49:28,Ch6,T. OVER
 13-12-16,19:50:29,Ch6,T. OVER
 13-12-16,19:51:29,Ch6,T. OVER
 13-12-16,19:52:29,Ch6,T. OVER
 13-12-16,19:53:29,Ch6,T. OVER
 13-12-16,19:54:29,Ch6,T. OVER
 13-12-16,19:55:30,Ch6,T. OVER
 13-12-16,19:56:30,Ch6,T. OVER
 13-12-16,19:57:30,Ch6,T. OVER
 13-12-16,19:58:30,Ch6,T. OVER
 13-12-16,19:59:30,Ch6,T. OVER
 13-12-16,20:00:31,Ch6,T. OVER
 13-12-16,20:01:31,Ch6,T. OVER
 13-12-16,20:02:31,Ch6,T. OVER
 13-12-16,20:03:31,Ch6,T. OVER
 13-12-16,20:04:31,Ch6,T. OVER
 13-12-16,20:05:32,Ch6,T. OVER
 13-12-16,20:06:32,Ch6,T. OVER
 13-12-16,20:07:32,Ch6,T. OVER
 13-12-16,20:08:32,Ch6,T. OVER
 13-12-16,20:09:32,Ch6,T. OVER
 13-12-16,20:10:33,Ch6,T. OVER
 13-12-16,20:11:33,Ch6,T. OVER
 13-12-16,20:12:33,Ch6,T. OVER
 13-12-16,20:13:33,Ch6,T. OVER
 13-12-16,20:14:33,Ch6,T. OVER
 13-12-16,20:15:33,Ch6,T. OVER
 13-12-16,20:16:34,Ch6,T. OVER
 13-12-16,20:17:34,Ch6,T. OVER
 13-12-16,20:18:34,Ch6,T. OVER
 13-12-16,20:19:34,Ch6,T. OVER
 13-12-16,20:20:34,Ch6,T. OVER
 13-12-16,20:21:35,Ch6,T. OVER
 13-12-16,20:22:35,Ch6,T. OVER
 13-12-16,20:23:35,Ch6,T. OVER
 13-12-16,20:24:35,Ch6,T. OVER
 13-12-16,20:25:35,Ch6,T. OVER
 13-12-16,20:26:36,Ch6,T. OVER
 13-12-16,20:27:36,Ch6,T. OVER
 13-12-16,20:28:36,Ch6,T. OVER
 13-12-16,20:29:36,Ch6,T. OVER
 13-12-16,20:30:36,Ch6,T. OVER
 13-12-16,20:31:37,Ch6,T. OVER
 13-12-16,20:32:37,Ch6,T. OVER
 13-12-16,20:33:37,Ch6,T. OVER
 13-12-16,20:34:37,Ch6,T. OVER
 13-12-16,20:35:37,Ch6,T. OVER
 13-12-16,20:36:37,Ch6,T. OVER
 13-12-16,20:37:38,Ch6,T. OVER
 13-12-16,20:38:38,Ch6,T. OVER
 13-12-16,20:39:38,Ch6,T. OVER
 13-12-16,20:40:38,Ch6,T. OVER
 13-12-16,20:41:38,Ch6,T. OVER
 13-12-16,20:42:39,Ch6,T. OVER
 13-12-16,20:43:39,Ch6,T. OVER
 13-12-16,20:44:39,Ch6,T. OVER
 13-12-16,20:45:39,Ch6,T. OVER
 13-12-16,20:46:39,Ch6,T. OVER
 13-12-16,20:47:40,Ch1,VDIF OVL 13-12-16,20:47:40,Ch6,T. OVER
 13-12-16,20:48:40,Ch5,VDIF OVL 13-12-16,20:48:40,Ch6,T. OVER
 13-12-16,20:49:40,Ch6,T. OVER
 13-12-16,20:50:40,Ch6,T. OVER
 13-12-16,20:51:40,Ch6,T. OVER
 13-12-16,20:52:40,Ch6,T. OVER
 13-12-16,20:53:40,Ch6,T. OVER
 13-12-16,20:54:41,Ch6,T. OVER
 13-12-16,20:55:41,Ch6,T. OVER
 13-12-16,20:56:41,Ch6,T. OVER
 13-12-16,20:57:41,Ch6,T. OVER
 13-12-16,20:58:42,Ch6,T. OVER
 13-12-16,20:59:42,Ch6,T. OVER
 13-12-16,21:00:42,Ch6,T. OVER
 13-12-16,21:01:42,Ch6,T. OVER
 13-12-16,21:02:42,Ch6,T. OVER
 13-12-16,21:03:42,Ch6,T. OVER
 13-12-16,21:04:43,Ch6,T. OVER
 13-12-16,21:05:43,Ch6,T. OVER
 13-12-16,21:06:43,Ch6,T. OVER
 13-12-16,21:07:43,Ch6,T. OVER
 13-12-16,21:08:43,Ch6,T. OVER
 13-12-16,21:09:43,Ch6,T. OVER
 13-12-16,21:10:43,Ch6,T. OVER
 13-12-16,21:11:44,Ch6,T. OVER
 13-12-16,21:12:44,Ch6,T. OVER
 13-12-16,21:13:44,Ch6,T. OVER
 13-12-16,21:14:44,Ch6,T. OVER
 13-12-16,21:15:44,Ch6,T. OVER
 13-12-16,21:16:45,Ch6,T. OVER
 13-12-16,21:17:45,Ch6,T. OVER
 13-12-16,21:18:45,Ch6,T. OVER
 13-12-16,21:19:45,Ch6,T. OVER
 13-12-16,21:20:45,Ch6,T. OVER
 13-12-16,21:21:46,Ch6,T. OVER
 13-12-16,21:22:46,Ch6,T. OVER
 13-12-16,21:23:46,Ch6,T. OVER
 13-12-16,21:24:46,Ch6,T. OVER
 13-12-16,21:25:46,Ch6,T. OVER
 13-12-16,21:26:46,Ch6,T. OVER
 13-12-16,21:27:47,Ch6,T. OVER
 13-12-16,21:28:47,Ch6,T. OVER
 13-12-16,21:29:47,Ch6,T. OVER
 13-12-16,21:30:47,Ch6,T. OVER
 13-12-16,21:31:47,Ch6,T. OVER
 13-12-16,21:32:48,Ch6,T. OVER
 13-12-16,21:33:48,Ch6,T. OVER
 13-12-16,21:34:48,Ch6,T. OVER
 13-12-16,21:35:48,Ch6,T. OVER
 13-12-16,21:36:48,Ch6,T. OVER
 13-12-16,21:37:49,Ch6,T. OVER
 13-12-16,21:38:49,Ch6,T. OVER
 13-12-16,21:39:49,Ch6,T. OVER
 13-12-16,21:40:49,Ch6,T. OVER
 13-12-16,21:41:49,Ch6,T. OVER
 13-12-16,21:42:49,Ch6,T. OVER
 13-12-16,21:43:49,Ch6,T. OVER
 13-12-16,21:44:50,Ch6,T. OVER
 13-12-16,21:45:50,Ch6,T. OVER
 13-12-16,21:46:50,Ch6,T. OVER
 13-12-16,21:47:50,Ch6,T. OVER
 13-12-16,21:48:50,Ch6,T. OVER
 13-12-16,21:49:51,Ch6,T. OVER
 13-12-16,21:50:51,Ch6,T. OVER
 13-12-16,21:51:51,Ch6,T. OVER
 13-12-16,21:52:51,Ch6,T. OVER
 13-12-16,21:53:52,Ch6,T. OVER
 13-12-16,21:54:52,Ch6,T. OVER
 13-12-16,21:55:52,Ch6,T. OVER
 13-12-16,21:56:52,Ch6,T. OVER
 13-12-16,21:57:52,Ch6,T. OVER
 13-12-16,21:58:52,Ch6,T. OVER
 13-12-16,21:59:52,Ch6,T. OVER
 13-12-16,22:00:53,Ch6,T. OVER
 13-12-16,22:01:53,Ch6,T. OVER
 13-12-16,22:02:53,Ch6,T. OVER
 13-12-16,22:03:53,Ch6,T. OVER
 13-12-16,22:04:53,Ch6,T. OVER
 13-12-16,22:05:54,Ch6,T. OVER
 13-12-16,22:06:54,Ch6,T. OVER
 13-12-16,22:07:54,Ch6,T. OVER
 13-12-16,22:08:54,Ch6,T. OVER
 13-12-16,22:09:55,Ch6,T. OVER
 13-12-16,22:10:55,Ch6,T. OVER
 13-12-16,22:11:55,Ch6,T. OVER
 13-12-16,22:12:55,Ch6,T. OVER
 13-12-16,22:13:55,Ch6,T. OVER
 13-12-16,22:14:56,Ch6,T. OVER
 13-12-16,22:15:56,Ch6,T. OVER
 13-12-16,22:16:56,Ch6,T. OVER
 13-12-16,22:17:56,Ch6,T. OVER
 13-12-16,22:18:56,Ch6,T. OVER
 13-12-16,22:19:56,Ch6,T. OVER
 13-12-16,22:20:57,Ch6,T. OVER
 13-12-16,22:21:57,Ch6,T. OVER
 13-12-16,22:22:57,Ch6,T. OVER
 13-12-16,22:23:57,Ch6,T. OVER
 13-12-16,22:24:57,Ch6,T. OVER
 13-12-16,22:25:58,Ch6,T. OVER
 13-12-16,22:26:58,Ch6,T. OVER
 13-12-16,22:27:58,Ch6,T. OVER
 13-12-16,22:28:58,Ch6,T. OVER
 13-12-16,22:29:58,Ch6,T. OVER
 13-12-16,22:30:59,Ch6,T. OVER
 13-12-16,22:31:59,Ch6,T. OVER
 13-12-16,22:32:59,Ch6,T. OVER
 13-12-16,22:33:59,Ch6,T. OVER
 13-12-16,22:34:59,Ch6,T. OVER
 13-12-16,22:36:00,Ch6,T. OVER
 13-12-16,22:37:00,Ch6,T. OVER
 13-12-16,22:38:00,Ch6,T. OVER
 13-12-16,22:39:00,Ch6,T. OVER
 13-12-16,22:40:00,Ch6,T. OVER
 13-12-16,22:41:00,Ch6,T. OVER
 13-12-16,22:42:01,Ch6,T. OVER
 13-12-16,22:43:01,Ch6,T. OVER
 13-12-16,22:44:01,Ch6,T. OVER
 13-12-16,22:45:02,Ch6,T. OVER
 13-12-16,22:46:02,Ch6,T. OVER
 13-12-16,22:47:02,Ch6,T. OVER
 13-12-16,22:48:02,Ch6,T. OVER
 13-12-16,22:49:02,Ch6,T. OVER
 13-12-16,22:50:03,Ch6,T. OVER
 13-12-16,22:51:03,Ch6,T. OVER
 13-12-16,22:52:03,Ch6,T. OVER
 13-12-16,22:53:03,Ch6,T. OVER
 13-12-16,22:54:03,Ch6,T. OVER
 13-12-16,22:55:04,Ch6,T. OVER
 13-12-16,22:56:04,Ch6,T. OVER
 13-12-16,22:57:04,Ch6,T. OVER
 13-12-16,22:58:04,Ch6,T. OVER
 13-12-16,22:59:04,Ch6,T. OVER
 13-12-16,23:00:05,Ch6,T. OVER
 13-12-16,23:01:05,Ch6,T. OVER
 13-12-16,23:02:05,Ch6,T. OVER
 13-12-16,23:03:05,Ch6,T. OVER
 13-12-16,23:04:05,Ch6,T. OVER
 13-12-16,23:05:06,Ch6,T. OVER
 13-12-16,23:06:06,Ch6,T. OVER
 13-12-16,23:07:06,Ch6,T. OVER
 13-12-16,23:08:06,Ch6,T. OVER
 13-12-16,23:09:06,Ch6,T. OVER
 13-12-16,23:10:06,Ch6,T. OVER
 13-12-16,23:11:07,Ch6,T. OVER
 13-12-16,23:12:07,Ch6,T. OVER
 13-12-16,23:13:07,Ch6,T. OVER
 13-12-16,23:14:07,Ch6,T. OVER
 13-12-16,23:15:08,Ch6,T. OVER
 13-12-16,23:16:08,Ch6,T. OVER
 13-12-16,23:17:08,Ch6,T. OVER
 13-12-16,23:18:08,Ch6,T. OVER
 13-12-16,23:19:08,Ch6,T. OVER
 13-12-16,23:20:08,Ch6,T. OVER
 13-12-16,23:21:09,Ch6,T. OVER
 13-12-16,23:22:09,Ch6,T. OVER
 13-12-16,23:23:09,Ch6,T. OVER
 13-12-16,23:24:09,Ch6,T. OVER
 13-12-16,23:25:09,Ch6,T. OVER
 13-12-16,23:26:10,Ch6,T. OVER
 13-12-16,23:27:10,Ch6,T. OVER
 13-12-16,23:28:10,Ch6,T. OVER
 13-12-16,23:29:10,Ch6,T. OVER
 13-12-16,23:30:10,Ch6,T. OVER
 13-12-16,23:31:10,Ch6,T. OVER
 13-12-16,23:32:11,Ch6,T. OVER
 13-12-16,23:33:11,Ch6,T. OVER
 13-12-16,23:34:11,Ch6,T. OVER
 13-12-16,23:35:11,Ch6,T. OVER
 13-12-16,23:36:11,Ch6,T. OVER
 13-12-16,23:37:11,Ch6,T. OVER
 13-12-16,23:38:12,Ch6,T. OVER
 13-12-16,23:39:12,Ch6,T. OVER
 13-12-16,23:40:12,Ch6,T. OVER
 13-12-16,23:41:12,Ch6,T. OVER
 13-12-16,23:42:12,Ch6,T. OVER
 13-12-16,23:43:13,Ch6,T. OVER
 13-12-16,23:44:13,Ch6,T. OVER
 13-12-16,23:45:13,Ch6,T. OVER
 13-12-16,23:46:13,Ch6,T. OVER
 13-12-16,23:47:13,Ch6,T. OVER
 13-12-16,23:48:13,Ch6,T. OVER
 13-12-16,23:49:14,Ch6,T. OVER
 13-12-16,23:50:14,Ch6,T. OVER
 13-12-16,23:51:14,Ch6,T. OVER
 13-12-16,23:52:14,Ch6,T. OVER
 13-12-16,23:53:15,Ch6,T. OVER
 13-12-16,23:54:15,Ch6,T. OVER
 13-12-16,23:55:15,Ch6,T. OVER
 13-12-16,23:56:15,Ch6,T. OVER
 13-12-16,23:57:15,Ch6,T. OVER
 13-12-16,23:58:15,Ch6,T. OVER
 13-12-16,23:59:16,Ch6,T. OVER
