 07-12-18,00:00:03,Ch6,T. OVER
 07-12-18,00:01:03,Ch6,T. OVER
 07-12-18,00:02:03,Ch6,T. OVER
 07-12-18,00:03:03,Ch6,T. OVER
 07-12-18,00:04:03,Ch6,T. OVER
 07-12-18,00:05:03,Ch6,T. OVER
 07-12-18,00:06:03,Ch6,T. OVER
 07-12-18,00:07:03,Ch6,T. OVER
 07-12-18,00:08:03,Ch6,T. OVER
 07-12-18,00:09:03,Ch6,T. OVER
 07-12-18,00:10:04,Ch6,T. OVER
 07-12-18,00:11:04,Ch6,T. OVER
 07-12-18,00:12:04,Ch6,T. OVER
 07-12-18,00:13:04,Ch6,T. OVER
 07-12-18,00:14:04,Ch6,T. OVER
 07-12-18,00:15:04,Ch6,T. OVER
 07-12-18,00:16:04,Ch6,T. OVER
 07-12-18,00:17:04,Ch6,T. OVER
 07-12-18,00:18:04,Ch6,T. OVER
 07-12-18,00:19:04,Ch6,T. OVER
 07-12-18,00:20:04,Ch6,T. OVER
 07-12-18,00:21:05,Ch6,T. OVER
 07-12-18,00:22:05,Ch6,T. OVER
 07-12-18,00:23:05,Ch6,T. OVER
 07-12-18,00:24:05,Ch6,T. OVER
 07-12-18,00:25:05,Ch6,T. OVER
 07-12-18,00:26:05,Ch6,T. OVER
 07-12-18,00:27:05,Ch6,T. OVER
 07-12-18,00:28:05,Ch6,T. OVER
 07-12-18,00:29:05,Ch6,T. OVER
 07-12-18,00:30:06,Ch6,T. OVER
 07-12-18,00:31:06,Ch6,T. OVER
 07-12-18,00:32:06,Ch6,T. OVER
 07-12-18,00:33:06,Ch6,T. OVER
 07-12-18,00:34:06,Ch6,T. OVER
 07-12-18,00:35:06,Ch6,T. OVER
 07-12-18,00:36:06,Ch6,T. OVER
 07-12-18,00:37:06,Ch6,T. OVER
 07-12-18,00:38:06,Ch6,T. OVER
 07-12-18,00:39:06,Ch6,T. OVER
 07-12-18,00:40:06,Ch6,T. OVER
 07-12-18,00:41:06,Ch6,T. OVER
 07-12-18,00:42:06,Ch6,T. OVER
 07-12-18,00:43:06,Ch6,T. OVER
 07-12-18,00:44:07,Ch6,T. OVER
 07-12-18,00:45:07,Ch6,T. OVER
 07-12-18,00:46:07,Ch6,T. OVER
 07-12-18,00:47:07,Ch6,T. OVER
 07-12-18,00:48:07,Ch6,T. OVER
 07-12-18,00:49:07,Ch6,T. OVER
 07-12-18,00:50:07,Ch6,T. OVER
 07-12-18,00:51:07,Ch6,T. OVER
 07-12-18,00:52:07,Ch6,T. OVER
 07-12-18,00:53:07,Ch6,T. OVER
 07-12-18,00:54:08,Ch6,T. OVER
 07-12-18,00:55:08,Ch6,T. OVER
 07-12-18,00:56:08,Ch6,T. OVER
 07-12-18,00:57:08,Ch6,T. OVER
 07-12-18,00:58:08,Ch6,T. OVER
 07-12-18,00:59:08,Ch6,T. OVER
 07-12-18,01:00:08,Ch6,T. OVER
 07-12-18,01:01:08,Ch6,T. OVER
 07-12-18,01:02:08,Ch6,T. OVER
 07-12-18,01:03:08,Ch6,T. OVER
 07-12-18,01:04:08,Ch6,T. OVER
 07-12-18,01:05:09,Ch6,T. OVER
 07-12-18,01:06:09,Ch6,T. OVER
 07-12-18,01:07:09,Ch6,T. OVER
 07-12-18,01:08:09,Ch6,T. OVER
 07-12-18,01:09:09,Ch6,T. OVER
 07-12-18,01:10:09,Ch6,T. OVER
 07-12-18,01:11:09,Ch6,T. OVER
 07-12-18,01:12:10,Ch6,T. OVER
 07-12-18,01:13:10,Ch6,T. OVER
 07-12-18,01:14:10,Ch6,T. OVER
 07-12-18,01:15:10,Ch6,T. OVER
 07-12-18,01:16:10,Ch6,T. OVER
 07-12-18,01:17:10,Ch6,T. OVER
 07-12-18,01:18:11,Ch6,T. OVER
 07-12-18,01:19:11,Ch6,T. OVER
 07-12-18,01:20:11,Ch6,T. OVER
 07-12-18,01:21:11,Ch6,T. OVER
 07-12-18,01:22:11,Ch6,T. OVER
 07-12-18,01:23:11,Ch6,T. OVER
 07-12-18,01:24:11,Ch6,T. OVER
 07-12-18,01:25:11,Ch6,T. OVER
 07-12-18,01:26:11,Ch6,T. OVER
 07-12-18,01:27:11,Ch6,T. OVER
 07-12-18,01:28:12,Ch6,T. OVER
 07-12-18,01:29:12,Ch6,T. OVER
 07-12-18,01:30:12,Ch6,T. OVER
 07-12-18,01:31:12,Ch6,T. OVER
 07-12-18,01:32:12,Ch6,T. OVER
 07-12-18,01:33:12,Ch6,T. OVER
 07-12-18,01:34:12,Ch6,T. OVER
 07-12-18,01:35:12,Ch6,T. OVER
 07-12-18,01:36:12,Ch6,T. OVER
 07-12-18,01:37:13,Ch6,T. OVER
 07-12-18,01:38:13,Ch6,T. OVER
 07-12-18,01:39:13,Ch6,T. OVER
 07-12-18,01:40:13,Ch6,T. OVER
 07-12-18,01:41:13,Ch6,T. OVER
 07-12-18,01:42:13,Ch6,T. OVER
 07-12-18,01:43:13,Ch6,T. OVER
 07-12-18,01:44:13,Ch6,T. OVER
 07-12-18,01:45:13,Ch6,T. OVER
 07-12-18,01:46:14,Ch6,T. OVER
 07-12-18,01:47:14,Ch6,T. OVER
 07-12-18,01:48:14,Ch6,T. OVER
 07-12-18,01:49:14,Ch6,T. OVER
 07-12-18,01:50:14,Ch6,T. OVER
 07-12-18,01:51:14,Ch6,T. OVER
 07-12-18,01:52:14,Ch6,T. OVER
 07-12-18,01:53:14,Ch6,T. OVER
 07-12-18,01:54:15,Ch6,T. OVER
 07-12-18,01:55:15,Ch6,T. OVER
 07-12-18,01:56:15,Ch6,T. OVER
 07-12-18,01:57:15,Ch6,T. OVER
 07-12-18,01:58:15,Ch6,T. OVER
 07-12-18,01:59:15,Ch6,T. OVER
 07-12-18,02:00:15,Ch6,T. OVER
 07-12-18,02:01:15,Ch6,T. OVER
 07-12-18,02:02:15,Ch6,T. OVER
 07-12-18,02:03:15,Ch6,T. OVER
 07-12-18,02:04:16,Ch6,T. OVER
 07-12-18,02:05:16,Ch6,T. OVER
 07-12-18,02:06:16,Ch6,T. OVER
 07-12-18,02:07:16,Ch6,T. OVER
 07-12-18,02:08:16,Ch6,T. OVER
 07-12-18,02:09:16,Ch6,T. OVER
 07-12-18,02:10:16,Ch6,T. OVER
 07-12-18,02:11:16,Ch6,T. OVER
 07-12-18,02:12:16,Ch6,T. OVER
 07-12-18,02:13:16,Ch6,T. OVER
 07-12-18,02:14:17,Ch6,T. OVER
 07-12-18,02:15:17,Ch6,T. OVER
 07-12-18,02:16:17,Ch6,T. OVER
 07-12-18,02:17:17,Ch6,T. OVER
 07-12-18,02:18:17,Ch6,T. OVER
 07-12-18,02:19:17,Ch6,T. OVER
 07-12-18,02:20:17,Ch6,T. OVER
 07-12-18,02:21:17,Ch6,T. OVER
 07-12-18,02:22:18,Ch6,T. OVER
 07-12-18,02:23:18,Ch6,T. OVER
 07-12-18,02:24:18,Ch6,T. OVER
 07-12-18,02:25:18,Ch6,T. OVER
 07-12-18,02:26:18,Ch6,T. OVER
 07-12-18,02:27:18,Ch6,T. OVER
 07-12-18,02:28:18,Ch6,T. OVER
 07-12-18,02:29:18,Ch6,T. OVER
 07-12-18,02:30:18,Ch6,T. OVER
 07-12-18,02:31:18,Ch6,T. OVER
 07-12-18,02:32:18,Ch6,T. OVER
 07-12-18,02:33:19,Ch6,T. OVER
 07-12-18,02:34:19,Ch6,T. OVER
 07-12-18,02:35:19,Ch6,T. OVER
 07-12-18,02:36:19,Ch6,T. OVER
 07-12-18,02:37:19,Ch6,T. OVER
 07-12-18,02:38:19,Ch6,T. OVER
 07-12-18,02:39:19,Ch6,T. OVER
 07-12-18,02:40:19,Ch6,T. OVER
 07-12-18,02:41:19,Ch6,T. OVER
 07-12-18,02:42:20,Ch6,T. OVER
 07-12-18,02:43:20,Ch6,T. OVER
 07-12-18,02:44:20,Ch6,T. OVER
 07-12-18,02:45:20,Ch6,T. OVER
 07-12-18,02:46:20,Ch6,T. OVER
 07-12-18,02:47:20,Ch6,T. OVER
 07-12-18,02:48:20,Ch6,T. OVER
 07-12-18,02:49:20,Ch6,T. OVER
 07-12-18,02:50:20,Ch6,T. OVER
 07-12-18,02:51:20,Ch6,T. OVER
 07-12-18,02:52:21,Ch6,T. OVER
 07-12-18,02:53:21,Ch6,T. OVER
 07-12-18,02:54:21,Ch6,T. OVER
 07-12-18,02:55:21,Ch6,T. OVER
 07-12-18,02:56:21,Ch6,T. OVER
 07-12-18,02:57:21,Ch6,T. OVER
 07-12-18,02:58:21,Ch6,T. OVER
 07-12-18,02:59:21,Ch6,T. OVER
 07-12-18,03:00:21,Ch6,T. OVER
 07-12-18,03:01:21,Ch6,T. OVER
 07-12-18,03:02:22,Ch6,T. OVER
 07-12-18,03:03:22,Ch6,T. OVER
 07-12-18,03:04:22,Ch6,T. OVER
 07-12-18,03:05:22,Ch6,T. OVER
 07-12-18,03:06:22,Ch6,T. OVER
 07-12-18,03:07:22,Ch6,T. OVER
 07-12-18,03:08:22,Ch6,T. OVER
 07-12-18,03:09:22,Ch6,T. OVER
 07-12-18,03:10:22,Ch6,T. OVER
 07-12-18,03:11:22,Ch6,T. OVER
 07-12-18,03:12:22,Ch6,T. OVER
 07-12-18,03:13:23,Ch6,T. OVER
 07-12-18,03:14:23,Ch1,VDIF OVL
 07-12-18,03:14:23,Ch6,T. OVER
 07-12-18,03:15:23,Ch6,T. OVER
 07-12-18,03:16:23,Ch6,T. OVER
 07-12-18,03:17:23,Ch6,T. OVER
 07-12-18,03:18:23,Ch6,T. OVER
 07-12-18,03:19:23,Ch6,T. OVER
 07-12-18,03:20:23,Ch6,T. OVER
 07-12-18,03:21:23,Ch6,T. OVER
 07-12-18,03:22:24,Ch6,T. OVER
 07-12-18,03:23:24,Ch6,T. OVER
 07-12-18,03:24:24,Ch6,T. OVER
 07-12-18,03:25:24,Ch6,T. OVER
 07-12-18,03:26:24,Ch6,T. OVER
 07-12-18,03:27:24,Ch6,T. OVER
 07-12-18,03:28:24,Ch6,T. OVER
 07-12-18,03:29:24,Ch6,T. OVER
 07-12-18,03:30:24,Ch6,T. OVER
 07-12-18,03:31:25,Ch6,T. OVER
 07-12-18,03:32:25,Ch6,T. OVER
 07-12-18,03:33:25,Ch6,T. OVER
 07-12-18,03:34:25,Ch6,T. OVER
 07-12-18,03:35:25,Ch6,T. OVER
 07-12-18,03:36:25,Ch6,T. OVER
 07-12-18,03:37:25,Ch6,T. OVER
 07-12-18,03:38:26,Ch6,T. OVER
 07-12-18,03:39:26,Ch6,T. OVER
 07-12-18,03:40:26,Ch6,T. OVER
 07-12-18,03:41:26,Ch6,T. OVER
 07-12-18,03:42:26,Ch6,T. OVER
 07-12-18,03:43:26,Ch6,T. OVER
 07-12-18,03:44:26,Ch6,T. OVER
 07-12-18,03:45:26,Ch6,T. OVER
 07-12-18,03:46:26,Ch6,T. OVER
 07-12-18,03:47:26,Ch6,T. OVER
 07-12-18,03:48:26,Ch6,T. OVER
 07-12-18,03:49:26,Ch6,T. OVER
 07-12-18,03:50:27,Ch6,T. OVER
 07-12-18,03:51:27,Ch6,T. OVER
 07-12-18,03:52:27,Ch6,T. OVER
 07-12-18,03:53:27,Ch6,T. OVER
 07-12-18,03:54:27,Ch6,T. OVER
 07-12-18,03:55:27,Ch6,T. OVER
 07-12-18,03:56:27,Ch6,T. OVER
 07-12-18,03:57:27,Ch6,T. OVER
 07-12-18,03:58:27,Ch6,T. OVER
 07-12-18,03:59:27,Ch6,T. OVER
 07-12-18,04:00:27,Ch6,T. OVER
 07-12-18,04:01:28,Ch6,T. OVER
 07-12-18,04:02:28,Ch6,T. OVER
 07-12-18,04:03:28,Ch6,T. OVER
 07-12-18,04:04:28,Ch6,T. OVER
 07-12-18,04:05:28,Ch6,T. OVER
 07-12-18,04:06:28,Ch6,T. OVER
 07-12-18,04:07:28,Ch6,T. OVER
 07-12-18,04:08:28,Ch6,T. OVER
 07-12-18,04:09:28,Ch6,T. OVER
 07-12-18,04:10:28,Ch6,T. OVER
 07-12-18,04:11:28,Ch6,T. OVER
 07-12-18,04:12:29,Ch6,T. OVER
 07-12-18,04:13:29,Ch6,T. OVER
 07-12-18,04:14:29,Ch6,T. OVER
 07-12-18,04:15:29,Ch6,T. OVER
 07-12-18,04:16:29,Ch6,T. OVER
 07-12-18,04:17:29,Ch6,T. OVER
 07-12-18,04:18:29,Ch6,T. OVER
 07-12-18,04:19:29,Ch6,T. OVER
 07-12-18,04:20:29,Ch6,T. OVER
 07-12-18,04:21:29,Ch6,T. OVER
 07-12-18,04:22:29,Ch6,T. OVER
 07-12-18,04:23:29,Ch6,T. OVER
 07-12-18,04:24:29,Ch6,T. OVER
 07-12-18,04:25:30,Ch6,T. OVER
 07-12-18,04:26:30,Ch6,T. OVER
 07-12-18,04:27:30,Ch6,T. OVER
 07-12-18,04:28:30,Ch6,T. OVER
 07-12-18,04:29:30,Ch6,T. OVER
 07-12-18,04:30:30,Ch6,T. OVER
 07-12-18,04:31:30,Ch6,T. OVER
 07-12-18,04:32:30,Ch6,T. OVER
 07-12-18,04:33:30,Ch6,T. OVER
 07-12-18,04:34:31,Ch6,T. OVER
 07-12-18,04:35:31,Ch6,T. OVER
 07-12-18,04:36:31,Ch6,T. OVER
 07-12-18,04:37:31,Ch6,T. OVER
 07-12-18,04:38:31,Ch6,T. OVER
 07-12-18,04:39:31,Ch6,T. OVER
 07-12-18,04:40:31,Ch6,T. OVER
 07-12-18,04:41:31,Ch6,T. OVER
 07-12-18,04:42:31,Ch6,T. OVER
 07-12-18,04:43:31,Ch6,T. OVER
 07-12-18,04:44:31,Ch6,T. OVER
 07-12-18,04:45:32,Ch6,T. OVER
 07-12-18,04:46:32,Ch6,T. OVER
 07-12-18,04:47:32,Ch6,T. OVER
 07-12-18,04:48:32,Ch6,T. OVER
 07-12-18,04:49:32,Ch6,T. OVER
 07-12-18,04:50:32,Ch6,T. OVER
 07-12-18,04:51:32,Ch6,T. OVER
 07-12-18,04:52:32,Ch6,T. OVER
 07-12-18,04:53:32,Ch6,T. OVER
 07-12-18,04:54:33,Ch6,T. OVER
 07-12-18,04:55:33,Ch6,T. OVER
 07-12-18,04:56:33,Ch6,T. OVER
 07-12-18,04:57:33,Ch6,T. OVER
 07-12-18,04:58:33,Ch6,T. OVER
 07-12-18,04:59:33,Ch6,T. OVER
 07-12-18,05:00:33,Ch6,T. OVER
 07-12-18,05:01:33,Ch6,T. OVER
 07-12-18,05:02:33,Ch6,T. OVER
 07-12-18,05:03:33,Ch6,T. OVER
 07-12-18,05:04:33,Ch6,T. OVER
 07-12-18,05:05:33,Ch6,T. OVER
 07-12-18,05:06:33,Ch6,T. OVER
 07-12-18,05:07:33,Ch6,T. OVER
 07-12-18,05:08:33,Ch6,T. OVER
 07-12-18,05:09:33,Ch6,T. OVER
 07-12-18,05:10:34,Ch6,T. OVER
 07-12-18,05:11:34,Ch6,T. OVER
 07-12-18,05:12:34,Ch6,T. OVER
 07-12-18,05:13:34,Ch6,T. OVER
 07-12-18,05:14:34,Ch6,T. OVER
 07-12-18,05:15:34,Ch6,T. OVER
 07-12-18,05:16:34,Ch6,T. OVER
 07-12-18,05:17:34,Ch6,T. OVER
 07-12-18,05:18:34,Ch6,T. OVER
 07-12-18,05:19:34,Ch6,T. OVER
 07-12-18,05:20:35,Ch6,T. OVER
 07-12-18,05:21:35,Ch6,T. OVER
 07-12-18,05:22:35,Ch6,T. OVER
 07-12-18,05:23:35,Ch6,T. OVER
 07-12-18,05:24:35,Ch6,T. OVER
 07-12-18,05:25:35,Ch6,T. OVER
 07-12-18,05:26:35,Ch6,T. OVER
 07-12-18,05:27:35,Ch6,T. OVER
 07-12-18,05:28:35,Ch6,T. OVER
 07-12-18,05:29:35,Ch6,T. OVER
 07-12-18,05:30:36,Ch6,T. OVER
 07-12-18,05:31:36,Ch6,T. OVER
 07-12-18,05:32:36,Ch6,T. OVER
 07-12-18,05:33:36,Ch6,T. OVER
 07-12-18,05:34:36,Ch6,T. OVER
 07-12-18,05:35:36,Ch6,T. OVER
 07-12-18,05:36:36,Ch6,T. OVER
 07-12-18,05:37:36,Ch6,T. OVER
 07-12-18,05:38:36,Ch6,T. OVER
 07-12-18,05:39:36,Ch6,T. OVER
 07-12-18,05:40:36,Ch6,T. OVER
 07-12-18,05:41:36,Ch6,T. OVER
 07-12-18,05:42:37,Ch6,T. OVER
 07-12-18,05:43:37,Ch6,T. OVER
 07-12-18,05:44:37,Ch6,T. OVER
 07-12-18,05:45:37,Ch6,T. OVER
 07-12-18,05:46:37,Ch6,T. OVER
 07-12-18,05:47:37,Ch6,T. OVER
 07-12-18,05:48:37,Ch6,T. OVER
 07-12-18,05:49:38,Ch6,T. OVER
 07-12-18,05:50:38,Ch6,T. OVER
 07-12-18,05:51:38,Ch6,T. OVER
 07-12-18,05:52:38,Ch6,T. OVER
 07-12-18,05:53:38,Ch6,T. OVER
 07-12-18,05:54:38,Ch6,T. OVER
 07-12-18,05:55:38,Ch6,T. OVER
 07-12-18,05:56:38,Ch6,T. OVER
 07-12-18,05:57:38,Ch6,T. OVER
 07-12-18,05:58:39,Ch6,T. OVER
 07-12-18,05:59:39,Ch6,T. OVER
 07-12-18,06:00:39,Ch6,T. OVER
 07-12-18,06:01:39,Ch6,T. OVER
 07-12-18,06:02:39,Ch6,T. OVER
 07-12-18,06:03:39,Ch6,T. OVER
 07-12-18,06:04:39,Ch6,T. OVER
 07-12-18,06:05:39,Ch6,T. OVER
 07-12-18,06:06:39,Ch6,T. OVER
 07-12-18,06:07:39,Ch6,T. OVER
 07-12-18,06:08:39,Ch6,T. OVER
 07-12-18,06:09:39,Ch6,T. OVER
 07-12-18,06:10:39,Ch6,T. OVER
 07-12-18,06:11:40,Ch6,T. OVER
 07-12-18,06:12:40,Ch6,T. OVER
 07-12-18,06:13:40,Ch6,T. OVER
 07-12-18,06:14:40,Ch6,T. OVER
 07-12-18,06:15:40,Ch6,T. OVER
 07-12-18,06:16:40,Ch6,T. OVER
 07-12-18,06:17:40,Ch6,T. OVER
 07-12-18,06:18:40,Ch6,T. OVER
 07-12-18,06:19:40,Ch6,T. OVER
 07-12-18,06:20:40,Ch6,T. OVER
 07-12-18,06:21:40,Ch6,T. OVER
 07-12-18,06:22:41,Ch6,T. OVER
 07-12-18,06:23:41,Ch6,T. OVER
 07-12-18,06:24:41,Ch6,T. OVER
 07-12-18,06:25:41,Ch6,T. OVER
 07-12-18,06:26:41,Ch6,T. OVER
 07-12-18,06:27:41,Ch6,T. OVER
 07-12-18,06:28:41,Ch6,T. OVER
 07-12-18,06:29:41,Ch6,T. OVER
 07-12-18,06:30:41,Ch6,T. OVER
 07-12-18,06:31:41,Ch6,VMIX OVL,T. OVER
 07-12-18,06:32:42,Ch6,T. OVER
 07-12-18,06:33:42,Ch6,VMIX OVL,T. OVER
 07-12-18,06:34:42,Ch6,T. OVER
 07-12-18,06:35:42,Ch6,T. OVER
 07-12-18,06:36:42,Ch6,T. OVER
 07-12-18,06:37:42,Ch6,T. OVER
 07-12-18,06:38:42,Ch6,T. OVER
 07-12-18,06:39:42,Ch6,T. OVER
 07-12-18,06:40:43,Ch6,T. OVER
 07-12-18,06:41:43,Ch6,T. OVER
 07-12-18,06:42:43,Ch6,T. OVER
 07-12-18,06:43:43,Ch6,T. OVER
 07-12-18,06:44:43,Ch6,T. OVER
 07-12-18,06:45:43,Ch6,T. OVER
 07-12-18,06:46:43,Ch6,T. OVER
 07-12-18,06:47:43,Ch6,T. OVER
 07-12-18,06:48:44,Ch6,T. OVER
 07-12-18,06:49:44,Ch6,T. OVER
 07-12-18,06:50:44,Ch6,T. OVER
 07-12-18,06:51:44,Ch6,T. OVER
 07-12-18,06:52:44,Ch6,T. OVER
 07-12-18,06:53:44,Ch6,T. OVER
 07-12-18,06:54:44,Ch6,T. OVER
 07-12-18,06:55:44,Ch6,T. OVER
 07-12-18,06:56:44,Ch6,T. OVER
 07-12-18,06:57:44,Ch6,T. OVER
 07-12-18,06:58:44,Ch6,T. OVER
 07-12-18,06:59:45,Ch6,T. OVER
 07-12-18,07:00:45,Ch6,T. OVER
 07-12-18,07:01:45,Ch6,T. OVER
 07-12-18,07:02:45,Ch6,T. OVER
 07-12-18,07:03:45,Ch6,T. OVER
 07-12-18,07:04:45,Ch6,T. OVER
 07-12-18,07:05:45,Ch6,T. OVER
 07-12-18,07:06:45,Ch6,T. OVER
 07-12-18,07:07:45,Ch6,T. OVER
 07-12-18,07:08:45,Ch6,T. OVER
 07-12-18,07:09:46,Ch6,T. OVER
 07-12-18,07:10:46,Ch6,T. OVER
 07-12-18,07:11:46,Ch6,T. OVER
 07-12-18,07:12:46,Ch6,T. OVER
 07-12-18,07:13:46,Ch6,T. OVER
 07-12-18,07:14:46,Ch6,T. OVER
 07-12-18,07:15:46,Ch6,T. OVER
 07-12-18,07:16:46,Ch6,T. OVER
 07-12-18,07:17:46,Ch6,T. OVER
 07-12-18,07:18:46,Ch6,T. OVER
 07-12-18,07:19:46,Ch6,T. OVER
 07-12-18,07:20:46,Ch6,T. OVER
 07-12-18,07:21:46,Ch6,T. OVER
 07-12-18,07:22:47,Ch6,T. OVER
 07-12-18,07:23:46,Ch6,T. OVER
 07-12-18,07:24:47,Ch6,T. OVER
 07-12-18,07:25:47,Ch6,T. OVER
 07-12-18,07:26:47,Ch6,T. OVER
 07-12-18,07:27:47,Ch6,T. OVER
 07-12-18,07:28:47,Ch6,T. OVER
 07-12-18,07:29:47,Ch6,T. OVER
 07-12-18,07:30:47,Ch6,T. OVER
 07-12-18,07:31:47,Ch6,T. OVER
 07-12-18,07:32:47,Ch6,T. OVER
 07-12-18,07:33:47,Ch6,T. OVER
 07-12-18,07:34:47,Ch6,T. OVER
 07-12-18,07:35:47,Ch6,T. OVER
 07-12-18,07:36:47,Ch6,T. OVER
 07-12-18,07:37:48,Ch6,T. OVER
 07-12-18,07:38:48,Ch6,T. OVER
 07-12-18,07:39:48,Ch6,T. OVER
 07-12-18,07:40:48,Ch6,T. OVER
 07-12-18,07:41:48,Ch6,T. OVER
 07-12-18,07:42:48,Ch6,T. OVER
 07-12-18,07:43:48,Ch6,T. OVER
 07-12-18,07:44:48,Ch6,T. OVER
 07-12-18,07:45:48,Ch6,T. OVER
 07-12-18,07:46:48,Ch6,T. OVER
 07-12-18,07:47:48,Ch6,T. OVER
 07-12-18,07:48:49,Ch6,T. OVER
 07-12-18,07:49:49,Ch6,T. OVER
 07-12-18,07:50:49,Ch6,T. OVER
 07-12-18,07:51:49,Ch6,T. OVER
 07-12-18,07:52:49,Ch6,T. OVER
 07-12-18,07:53:49,Ch6,T. OVER
 07-12-18,07:54:49,Ch6,T. OVER
 07-12-18,07:55:49,Ch6,T. OVER
 07-12-18,07:56:49,Ch6,T. OVER
 07-12-18,07:57:50,Ch6,T. OVER
 07-12-18,07:58:50,Ch6,T. OVER
 07-12-18,07:59:50,Ch6,T. OVER
 07-12-18,08:00:50,Ch6,T. OVER
 07-12-18,08:01:50,Ch6,T. OVER
 07-12-18,08:02:50,Ch6,T. OVER
 07-12-18,08:03:50,Ch6,T. OVER
 07-12-18,08:04:50,Ch6,T. OVER
 07-12-18,08:05:50,Ch6,T. OVER
 07-12-18,08:06:51,Ch6,T. OVER
 07-12-18,08:07:51,Ch6,T. OVER
 07-12-18,08:08:51,Ch6,T. OVER
 07-12-18,08:09:51,Ch6,T. OVER
 07-12-18,08:10:52,Ch6,T. OVER
 07-12-18,08:11:52,Ch6,T. OVER
 07-12-18,08:12:52,Ch6,T. OVER
 07-12-18,08:13:52,Ch6,T. OVER
 07-12-18,08:14:52,Ch6,T. OVER
 07-12-18,08:15:53,Ch6,T. OVER
 07-12-18,08:16:53,Ch6,T. OVER
 07-12-18,08:17:53,Ch6,T. OVER
 07-12-18,08:18:53,Ch6,T. OVER
 07-12-18,08:19:54,Ch6,T. OVER
 07-12-18,08:20:54,Ch6,T. OVER
 07-12-18,08:21:54,Ch6,T. OVER
 07-12-18,08:22:54,Ch6,T. OVER
 07-12-18,08:23:55,Ch6,T. OVER
 07-12-18,08:24:55,Ch6,T. OVER
 07-12-18,08:25:55,Ch6,T. OVER
 07-12-18,08:26:55,Ch6,T. OVER
 07-12-18,08:27:55,Ch6,T. OVER
 07-12-18,08:28:55,Ch6,T. OVER
 07-12-18,08:29:56,Ch6,T. OVER
 07-12-18,08:30:56,Ch6,T. OVER
 07-12-18,08:31:56,Ch6,T. OVER
 07-12-18,08:32:56,Ch6,T. OVER
 07-12-18,08:33:56,Ch6,T. OVER
 07-12-18,08:34:56,Ch6,T. OVER
 07-12-18,08:35:57,Ch6,T. OVER
 07-12-18,08:36:57,Ch6,T. OVER
 07-12-18,08:37:57,Ch6,T. OVER
 07-12-18,08:38:57,Ch6,T. OVER
 07-12-18,08:39:57,Ch6,T. OVER
 07-12-18,08:40:57,Ch6,T. OVER
 07-12-18,08:41:57,Ch6,T. OVER
 07-12-18,08:42:58,Ch6,T. OVER
 07-12-18,08:43:58,Ch6,T. OVER
 07-12-18,08:44:58,Ch6,T. OVER
 07-12-18,08:45:58,Ch6,T. OVER
 07-12-18,08:46:58,Ch6,T. OVER
 07-12-18,08:47:58,Ch6,T. OVER
 07-12-18,08:48:58,Ch6,T. OVER
 07-12-18,08:49:58,Ch6,T. OVER
 07-12-18,08:50:59,Ch6,T. OVER
 07-12-18,08:51:59,Ch6,T. OVER
 07-12-18,08:52:59,Ch6,T. OVER
 07-12-18,08:53:59,Ch6,T. OVER
 07-12-18,08:54:59,Ch6,T. OVER
 07-12-18,08:55:59,Ch6,T. OVER
 07-12-18,08:56:59,Ch6,T. OVER
 07-12-18,08:57:59,Ch6,T. OVER
 07-12-18,08:58:59,Ch6,T. OVER
 07-12-18,08:59:59,Ch6,T. OVER
 07-12-18,09:00:59,Ch6,T. OVER
 07-12-18,09:01:59,Ch6,T. OVER
 07-12-18,09:02:59,Ch6,T. OVER
 07-12-18,09:03:59,Ch6,T. OVER
 07-12-18,09:05:00,Ch6,T. OVER
 07-12-18,09:06:00,Ch6,T. OVER
 07-12-18,09:07:00,Ch6,T. OVER
 07-12-18,09:08:00,Ch6,T. OVER
 07-12-18,09:09:00,Ch6,T. OVER
 07-12-18,09:10:00,Ch6,T. OVER
 07-12-18,09:11:00,Ch6,T. OVER
 07-12-18,09:12:00,Ch6,T. OVER
 07-12-18,09:13:00,Ch6,T. OVER
 07-12-18,09:14:00,Ch6,T. OVER
 07-12-18,09:15:00,Ch6,T. OVER
 07-12-18,09:16:00,Ch6,T. OVER
 07-12-18,09:17:01,Ch6,T. OVER
 07-12-18,09:18:01,Ch6,T. OVER
 07-12-18,09:19:01,Ch6,T. OVER
 07-12-18,09:20:01,Ch6,T. OVER
 07-12-18,09:21:01,Ch6,T. OVER
 07-12-18,09:22:01,Ch6,T. OVER
 07-12-18,09:23:01,Ch6,T. OVER
 07-12-18,09:24:02,Ch6,T. OVER
 07-12-18,09:25:02,Ch6,T. OVER
 07-12-18,09:26:02,Ch6,T. OVER
 07-12-18,09:27:02,Ch6,T. OVER
 07-12-18,09:28:02,Ch6,T. OVER
 07-12-18,09:29:02,Ch6,T. OVER
 07-12-18,09:30:02,Ch6,T. OVER
 07-12-18,09:31:02,Ch6,T. OVER
 07-12-18,09:32:02,Ch6,T. OVER
 07-12-18,09:33:02,Ch6,T. OVER
 07-12-18,09:34:02,Ch6,T. OVER
 07-12-18,09:35:02,Ch6,T. OVER
 07-12-18,09:36:02,Ch6,T. OVER
 07-12-18,09:37:02,Ch6,T. OVER
 07-12-18,09:38:02,Ch6,T. OVER
 07-12-18,09:39:03,Ch6,T. OVER
 07-12-18,09:40:03,Ch6,T. OVER
 07-12-18,09:41:03,Ch6,T. OVER
 07-12-18,09:42:03,Ch6,T. OVER
 07-12-18,09:43:03,Ch6,T. OVER
 07-12-18,09:44:03,Ch6,T. OVER
 07-12-18,09:45:03,Ch6,T. OVER
 07-12-18,09:46:03,Ch6,T. OVER
 07-12-18,09:47:03,Ch6,T. OVER
 07-12-18,09:48:03,Ch6,T. OVER
 07-12-18,09:49:03,Ch6,T. OVER
 07-12-18,09:50:03,Ch6,T. OVER
 07-12-18,09:51:03,Ch6,T. OVER
 07-12-18,09:52:03,Ch6,T. OVER
 07-12-18,09:53:03,Ch6,T. OVER
 07-12-18,09:54:04,Ch6,T. OVER
 07-12-18,09:55:04,Ch6,T. OVER
 07-12-18,09:56:04,Ch6,T. OVER
 07-12-18,09:57:04,Ch6,T. OVER
 07-12-18,09:58:04,Ch6,T. OVER
 07-12-18,09:59:04,Ch6,T. OVER
 07-12-18,10:00:04,Ch6,T. OVER
 07-12-18,10:01:04,Ch6,T. OVER
 07-12-18,10:02:04,Ch6,T. OVER
 07-12-18,10:03:04,Ch6,T. OVER
 07-12-18,10:04:04,Ch6,T. OVER
 07-12-18,10:05:04,Ch6,T. OVER
 07-12-18,10:06:05,Ch2,VDIF OVL
 07-12-18,10:06:05,Ch6,T. OVER
 07-12-18,10:07:05,Ch6,T. OVER
 07-12-18,10:08:05,Ch6,T. OVER
 07-12-18,10:09:05,Ch6,T. OVER
 07-12-18,10:10:05,Ch6,T. OVER
 07-12-18,10:11:05,Ch6,T. OVER
 07-12-18,10:12:05,Ch6,T. OVER
 07-12-18,10:13:05,Ch6,T. OVER
 07-12-18,10:14:06,Ch6,T. OVER
 07-12-18,10:15:06,Ch6,T. OVER
 07-12-18,10:16:06,Ch6,T. OVER
 07-12-18,10:17:06,Ch6,T. OVER
 07-12-18,10:18:06,Ch6,T. OVER
 07-12-18,10:19:06,Ch6,T. OVER
 07-12-18,10:20:07,Ch6,T. OVER
 07-12-18,10:21:07,Ch6,T. OVER
 07-12-18,10:22:07,Ch6,T. OVER
 07-12-18,10:23:07,Ch6,T. OVER
 07-12-18,10:24:07,Ch6,T. OVER
 07-12-18,10:25:07,Ch6,T. OVER
 07-12-18,10:26:07,Ch6,T. OVER
 07-12-18,10:27:07,Ch6,T. OVER
 07-12-18,10:28:07,Ch6,T. OVER
 07-12-18,10:29:07,Ch6,T. OVER
 07-12-18,10:30:07,Ch6,T. OVER
 07-12-18,10:31:08,Ch6,T. OVER
 07-12-18,10:32:08,Ch6,T. OVER
 07-12-18,10:33:08,Ch6,VMIX OVL,VDIF OVL,T. OVER
 07-12-18,10:34:08,Ch6,T. OVER
 07-12-18,10:35:08,Ch6,T. OVER
 07-12-18,10:36:08,Ch6,T. OVER
 07-12-18,10:37:08,Ch6,T. OVER
 07-12-18,10:38:08,Ch6,T. OVER
 07-12-18,10:39:09,Ch6,T. OVER
 07-12-18,10:40:09,Ch6,T. OVER
 07-12-18,10:41:09,Ch6,T. OVER
 07-12-18,10:42:09,Ch6,T. OVER
 07-12-18,10:43:09,Ch6,T. OVER
 07-12-18,10:44:09,Ch6,T. OVER
 07-12-18,10:45:09,Ch6,T. OVER
 07-12-18,10:46:09,Ch6,T. OVER
 07-12-18,10:47:09,Ch6,T. OVER
 07-12-18,10:48:10,Ch6,T. OVER
 07-12-18,10:49:10,Ch6,T. OVER
 07-12-18,10:50:10,Ch6,T. OVER
 07-12-18,10:51:10,Ch6,T. OVER
 07-12-18,10:52:10,Ch6,T. OVER
 07-12-18,10:53:10,Ch6,T. OVER
 07-12-18,10:54:10,Ch6,T. OVER
 07-12-18,10:55:10,Ch6,T. OVER
 07-12-18,10:56:11,Ch6,T. OVER
 07-12-18,10:57:11,Ch6,T. OVER
 07-12-18,10:58:11,Ch6,T. OVER
 07-12-18,10:59:11,Ch6,T. OVER
 07-12-18,11:00:11,Ch6,T. OVER
 07-12-18,11:01:11,Ch6,T. OVER
 07-12-18,11:02:11,Ch6,T. OVER
 07-12-18,11:03:11,Ch6,T. OVER
 07-12-18,11:04:11,Ch6,T. OVER
 07-12-18,11:05:11,Ch6,T. OVER
 07-12-18,11:06:11,Ch6,T. OVER
 07-12-18,11:07:12,Ch6,T. OVER
 07-12-18,11:08:12,Ch6,T. OVER
 07-12-18,11:09:12,Ch6,T. OVER
 07-12-18,11:10:12,Ch6,T. OVER
 07-12-18,11:11:12,Ch6,T. OVER
 07-12-18,11:12:12,Ch6,T. OVER
 07-12-18,11:13:12,Ch6,T. OVER
 07-12-18,11:14:13,Ch6,T. OVER
 07-12-18,11:15:13,Ch6,T. OVER
 07-12-18,11:16:13,Ch6,T. OVER
 07-12-18,11:17:13,Ch6,T. OVER
 07-12-18,11:18:13,Ch6,T. OVER
 07-12-18,11:19:13,Ch6,T. OVER
 07-12-18,11:20:14,Ch6,T. OVER
 07-12-18,11:21:14,Ch6,T. OVER
 07-12-18,11:22:14,Ch6,T. OVER
 07-12-18,11:23:14,Ch6,T. OVER
 07-12-18,11:24:14,Ch6,T. OVER
 07-12-18,11:25:14,Ch6,T. OVER
 07-12-18,11:26:14,Ch6,T. OVER
 07-12-18,11:27:14,Ch6,T. OVER
 07-12-18,11:28:15,Ch6,T. OVER
 07-12-18,11:29:15,Ch6,T. OVER
 07-12-18,11:30:15,Ch6,T. OVER
 07-12-18,11:31:15,Ch6,T. OVER
 07-12-18,11:32:15,Ch6,T. OVER
 07-12-18,11:33:15,Ch6,T. OVER
 07-12-18,11:34:15,Ch6,T. OVER
 07-12-18,11:35:15,Ch6,T. OVER
 07-12-18,11:36:15,Ch6,T. OVER
 07-12-18,11:37:15,Ch6,T. OVER
 07-12-18,11:38:15,Ch6,T. OVER
 07-12-18,11:39:15,Ch6,T. OVER
 07-12-18,11:40:16,Ch6,T. OVER
 07-12-18,11:41:16,Ch6,T. OVER
 07-12-18,11:42:16,Ch6,T. OVER
 07-12-18,11:43:16,Ch6,T. OVER
 07-12-18,11:44:16,Ch6,T. OVER
 07-12-18,11:45:16,Ch6,T. OVER
 07-12-18,11:46:16,Ch6,T. OVER
 07-12-18,11:47:17,Ch6,T. OVER
 07-12-18,11:48:16,Ch6,T. OVER
 07-12-18,11:49:17,Ch6,T. OVER
 07-12-18,11:50:17,Ch6,T. OVER
 07-12-18,11:51:17,Ch6,T. OVER
 07-12-18,11:52:17,Ch6,T. OVER
 07-12-18,11:53:17,Ch6,T. OVER
 07-12-18,11:54:17,Ch6,T. OVER
 07-12-18,11:55:17,Ch6,T. OVER
 07-12-18,11:56:17,Ch6,T. OVER
 07-12-18,11:57:17,Ch6,T. OVER
 07-12-18,11:58:17,Ch6,T. OVER
 07-12-18,11:59:17,Ch6,T. OVER
 07-12-18,12:00:17,Ch6,T. OVER
 07-12-18,12:01:17,Ch6,T. OVER
 07-12-18,12:02:17,Ch6,T. OVER
 07-12-18,12:03:17,Ch6,T. OVER
 07-12-18,12:04:17,Ch6,T. OVER
 07-12-18,12:05:18,Ch6,T. OVER
 07-12-18,12:06:18,Ch6,T. OVER
 07-12-18,12:07:18,Ch6,T. OVER
 07-12-18,12:08:18,Ch6,T. OVER
 07-12-18,12:09:18,Ch6,T. OVER
 07-12-18,12:10:18,Ch6,T. OVER
 07-12-18,12:11:18,Ch6,T. OVER
 07-12-18,12:12:18,Ch6,T. OVER
 07-12-18,12:13:18,Ch6,T. OVER
 07-12-18,12:14:18,Ch6,T. OVER
 07-12-18,12:15:18,Ch6,T. OVER
 07-12-18,12:16:19,Ch6,T. OVER
 07-12-18,12:17:19,Ch6,T. OVER
 07-12-18,12:18:19,Ch6,T. OVER
 07-12-18,12:19:19,Ch6,T. OVER
 07-12-18,12:20:19,Ch6,T. OVER
 07-12-18,12:21:19,Ch6,T. OVER
 07-12-18,12:22:19,Ch6,T. OVER
 07-12-18,12:23:19,Ch6,T. OVER
 07-12-18,12:24:19,Ch6,T. OVER
 07-12-18,12:25:20,Ch6,T. OVER
 07-12-18,12:26:20,Ch6,T. OVER
 07-12-18,12:27:20,Ch6,T. OVER
 07-12-18,12:28:20,Ch6,T. OVER
 07-12-18,12:29:20,Ch6,T. OVER
 07-12-18,12:30:20,Ch6,T. OVER
 07-12-18,12:31:20,Ch6,T. OVER
 07-12-18,12:32:20,Ch6,T. OVER
 07-12-18,12:33:20,Ch6,T. OVER
 07-12-18,12:34:21,Ch6,T. OVER
 07-12-18,12:35:21,Ch6,T. OVER
 07-12-18,12:36:21,Ch6,T. OVER
 07-12-18,12:37:21,Ch6,T. OVER
 07-12-18,12:38:21,Ch6,T. OVER
 07-12-18,12:39:21,Ch6,T. OVER
 07-12-18,12:40:21,Ch6,T. OVER
 07-12-18,12:41:21,Ch6,T. OVER
 07-12-18,12:42:21,Ch6,T. OVER
 07-12-18,12:43:21,Ch6,T. OVER
 07-12-18,12:44:21,Ch6,T. OVER
 07-12-18,12:45:21,Ch6,T. OVER
 07-12-18,12:46:21,Ch6,T. OVER
 07-12-18,12:47:21,Ch6,T. OVER
 07-12-18,12:48:21,Ch6,T. OVER
 07-12-18,12:49:21,Ch6,T. OVER
 07-12-18,12:50:22,Ch6,T. OVER
 07-12-18,12:51:22,Ch6,T. OVER
 07-12-18,12:52:22,Ch6,T. OVER
 07-12-18,12:53:22,Ch6,T. OVER
 07-12-18,12:54:22,Ch6,T. OVER
 07-12-18,12:55:22,Ch6,T. OVER
 07-12-18,12:56:22,Ch6,T. OVER
 07-12-18,12:57:22,Ch6,T. OVER
 07-12-18,12:58:22,Ch6,T. OVER
 07-12-18,12:59:22,Ch6,T. OVER
 07-12-18,13:00:23,Ch6,T. OVER
 07-12-18,13:01:23,Ch6,T. OVER
 07-12-18,13:02:23,Ch6,T. OVER
 07-12-18,13:03:23,Ch6,T. OVER
 07-12-18,13:04:23,Ch6,T. OVER
 07-12-18,13:05:23,Ch6,T. OVER
 07-12-18,13:06:23,Ch6,T. OVER
 07-12-18,13:07:23,Ch6,T. OVER
 07-12-18,13:08:23,Ch6,T. OVER
 07-12-18,13:09:23,Ch6,T. OVER
 07-12-18,13:10:23,Ch6,T. OVER
 07-12-18,13:11:23,Ch6,T. OVER
 07-12-18,13:12:23,Ch6,T. OVER
 07-12-18,13:13:24,Ch6,T. OVER
 07-12-18,13:14:24,Ch6,T. OVER
 07-12-18,13:15:24,Ch6,T. OVER
 07-12-18,13:16:24,Ch6,T. OVER
 07-12-18,13:17:24,Ch6,T. OVER
 07-12-18,13:18:24,Ch6,T. OVER
 07-12-18,13:19:24,Ch6,T. OVER
 07-12-18,13:20:24,Ch6,T. OVER
 07-12-18,13:21:24,Ch6,T. OVER
 07-12-18,13:22:24,Ch6,T. OVER
 07-12-18,13:23:24,Ch6,T. OVER
 07-12-18,13:24:24,Ch6,T. OVER
 07-12-18,13:25:24,Ch6,T. OVER
 07-12-18,13:26:25,Ch6,T. OVER
 07-12-18,13:27:25,Ch6,T. OVER
 07-12-18,13:28:25,Ch6,T. OVER
 07-12-18,13:29:25,Ch6,T. OVER
 07-12-18,13:30:25,Ch6,T. OVER
 07-12-18,13:31:25,Ch6,T. OVER
 07-12-18,13:32:25,Ch6,T. OVER
 07-12-18,13:33:25,Ch6,T. OVER
 07-12-18,13:34:25,Ch6,T. OVER
 07-12-18,13:35:26,Ch6,T. OVER
 07-12-18,13:36:26,Ch6,T. OVER
 07-12-18,13:37:26,Ch6,T. OVER
 07-12-18,13:38:26,Ch6,T. OVER
 07-12-18,13:39:26,Ch6,T. OVER
 07-12-18,13:40:26,Ch6,T. OVER
 07-12-18,13:41:26,Ch6,T. OVER
 07-12-18,13:42:26,Ch6,T. OVER
 07-12-18,13:43:26,Ch6,T. OVER
 07-12-18,13:44:26,Ch6,T. OVER
 07-12-18,13:45:26,Ch6,T. OVER
 07-12-18,13:46:26,Ch6,T. OVER
 07-12-18,13:47:26,Ch6,T. OVER
 07-12-18,13:48:26,Ch6,T. OVER
 07-12-18,13:49:26,Ch6,T. OVER
 07-12-18,13:50:26,Ch6,T. OVER
 07-12-18,13:51:26,Ch6,T. OVER
 07-12-18,13:52:27,Ch6,T. OVER
 07-12-18,13:53:27,Ch6,T. OVER
 07-12-18,13:54:27,Ch6,T. OVER
 07-12-18,13:55:27,Ch6,T. OVER
 07-12-18,13:56:27,Ch6,T. OVER
 07-12-18,13:57:27,Ch6,T. OVER
 07-12-18,13:58:27,Ch6,T. OVER
 07-12-18,13:59:27,Ch6,T. OVER
 07-12-18,14:00:27,Ch6,T. OVER
 07-12-18,14:01:27,Ch6,T. OVER
 07-12-18,14:02:28,Ch6,T. OVER
 07-12-18,14:03:28,Ch6,T. OVER
 07-12-18,14:04:28,Ch6,T. OVER
 07-12-18,14:05:28,Ch6,T. OVER
 07-12-18,14:06:28,Ch6,T. OVER
 07-12-18,14:07:28,Ch6,T. OVER
 07-12-18,14:08:28,Ch6,T. OVER
 07-12-18,14:09:29,Ch6,T. OVER
 07-12-18,14:10:29,Ch6,T. OVER
 07-12-18,14:11:29,Ch6,T. OVER
 07-12-18,14:12:29,Ch6,T. OVER
 07-12-18,14:13:29,Ch6,T. OVER
 07-12-18,14:14:29,Ch6,T. OVER
 07-12-18,14:15:29,Ch6,T. OVER
 07-12-18,14:16:29,Ch6,T. OVER
 07-12-18,14:17:29,Ch6,T. OVER
 07-12-18,14:18:29,Ch6,T. OVER
 07-12-18,14:19:30,Ch6,T. OVER
 07-12-18,14:20:30,Ch6,T. OVER
 07-12-18,14:21:30,Ch6,T. OVER
 07-12-18,14:22:30,Ch6,T. OVER
 07-12-18,14:23:30,Ch6,T. OVER
 07-12-18,14:24:30,Ch6,T. OVER
 07-12-18,14:25:30,Ch6,T. OVER
 07-12-18,14:26:30,Ch6,T. OVER
 07-12-18,14:27:30,Ch6,T. OVER
 07-12-18,14:28:30,Ch6,T. OVER
 07-12-18,14:29:30,Ch6,T. OVER
 07-12-18,14:30:30,Ch6,T. OVER
 07-12-18,14:31:30,Ch6,T. OVER
 07-12-18,14:32:30,Ch6,T. OVER
 07-12-18,14:33:30,Ch6,T. OVER
 07-12-18,14:34:31,Ch6,T. OVER
 07-12-18,14:35:31,Ch6,T. OVER
 07-12-18,14:36:31,Ch6,T. OVER
 07-12-18,14:37:31,Ch6,T. OVER
 07-12-18,14:38:31,Ch6,T. OVER
 07-12-18,14:39:31,Ch6,T. OVER
 07-12-18,14:40:31,Ch6,T. OVER
 07-12-18,14:41:31,Ch6,T. OVER
 07-12-18,14:42:31,Ch6,T. OVER
 07-12-18,14:43:31,Ch6,T. OVER
 07-12-18,14:44:31,Ch6,T. OVER
 07-12-18,14:45:31,Ch6,T. OVER
 07-12-18,14:46:32,Ch6,T. OVER
 07-12-18,14:47:32,Ch6,T. OVER
 07-12-18,14:48:32,Ch6,T. OVER
 07-12-18,14:49:32,Ch6,T. OVER
 07-12-18,14:50:32,Ch6,T. OVER
 07-12-18,14:51:32,Ch6,T. OVER
 07-12-18,14:52:32,Ch6,T. OVER
 07-12-18,14:53:32,Ch6,T. OVER
 07-12-18,14:54:32,Ch6,T. OVER
 07-12-18,14:55:32,Ch6,T. OVER
 07-12-18,14:56:33,Ch6,T. OVER
 07-12-18,14:57:33,Ch6,T. OVER
 07-12-18,14:58:33,Ch6,T. OVER
 07-12-18,14:59:33,Ch6,T. OVER
 07-12-18,15:00:33,Ch6,T. OVER
 07-12-18,15:01:33,Ch6,T. OVER
 07-12-18,15:02:33,Ch6,T. OVER
 07-12-18,15:03:33,Ch6,T. OVER
 07-12-18,15:04:33,Ch6,T. OVER
 07-12-18,15:05:34,Ch6,T. OVER
 07-12-18,15:06:34,Ch6,T. OVER
 07-12-18,15:07:34,Ch6,T. OVER
 07-12-18,15:08:34,Ch6,T. OVER
 07-12-18,15:09:34,Ch6,T. OVER
 07-12-18,15:10:34,Ch6,T. OVER
 07-12-18,15:11:34,Ch6,T. OVER
 07-12-18,15:12:34,Ch6,T. OVER
 07-12-18,15:13:34,Ch6,T. OVER
 07-12-18,15:14:34,Ch6,T. OVER
 07-12-18,15:15:34,Ch6,T. OVER
 07-12-18,15:16:35,Ch6,T. OVER
 07-12-18,15:17:35,Ch6,T. OVER
 07-12-18,15:18:35,Ch6,T. OVER
 07-12-18,15:19:35,Ch6,T. OVER
 07-12-18,15:20:35,Ch6,T. OVER
 07-12-18,15:21:35,Ch6,T. OVER
 07-12-18,15:22:35,Ch6,T. OVER
 07-12-18,15:23:35,Ch6,T. OVER
 07-12-18,15:24:35,Ch6,T. OVER
 07-12-18,15:25:35,Ch6,T. OVER
 07-12-18,15:26:35,Ch6,T. OVER
 07-12-18,15:27:35,Ch6,T. OVER
 07-12-18,15:28:35,Ch6,T. OVER
 07-12-18,15:29:35,Ch6,T. OVER
 07-12-18,15:30:36,Ch6,T. OVER
 07-12-18,15:31:36,Ch6,T. OVER
 07-12-18,15:32:36,Ch6,T. OVER
 07-12-18,15:33:36,Ch6,T. OVER
 07-12-18,15:34:36,Ch6,T. OVER
 07-12-18,15:35:36,Ch6,T. OVER
 07-12-18,15:36:36,Ch6,T. OVER
 07-12-18,15:37:36,Ch6,T. OVER
 07-12-18,15:38:36,Ch6,T. OVER
 07-12-18,15:39:36,Ch6,T. OVER
 07-12-18,15:40:36,Ch6,T. OVER
 07-12-18,15:41:36,Ch6,T. OVER
 07-12-18,15:42:36,Ch6,T. OVER
 07-12-18,15:43:36,Ch6,T. OVER
 07-12-18,15:44:37,Ch6,T. OVER
 07-12-18,15:45:37,Ch6,T. OVER
 07-12-18,15:46:37,Ch6,T. OVER
 07-12-18,15:47:37,Ch6,T. OVER
 07-12-18,15:48:37,Ch6,T. OVER
 07-12-18,15:49:37,Ch6,T. OVER
 07-12-18,15:50:37,Ch6,T. OVER
 07-12-18,15:51:37,Ch6,T. OVER
 07-12-18,15:52:37,Ch6,T. OVER
 07-12-18,15:53:37,Ch6,T. OVER
 07-12-18,15:54:38,Ch6,T. OVER
 07-12-18,15:55:38,Ch6,T. OVER
 07-12-18,15:56:38,Ch6,T. OVER
 07-12-18,15:57:38,Ch6,T. OVER
 07-12-18,15:58:38,Ch6,T. OVER
 07-12-18,15:59:38,Ch6,T. OVER
 07-12-18,16:00:38,Ch6,T. OVER
 07-12-18,16:01:38,Ch6,T. OVER
 07-12-18,16:02:38,Ch6,T. OVER
 07-12-18,16:03:38,Ch6,T. OVER
 07-12-18,16:04:38,Ch6,T. OVER
 07-12-18,16:05:38,Ch6,T. OVER
 07-12-18,16:06:39,Ch6,T. OVER
 07-12-18,16:07:39,Ch6,T. OVER
 07-12-18,16:08:39,Ch6,T. OVER
 07-12-18,16:09:39,Ch6,T. OVER
 07-12-18,16:10:39,Ch6,T. OVER
 07-12-18,16:11:39,Ch6,T. OVER
 07-12-18,16:12:39,Ch6,T. OVER
 07-12-18,16:13:39,Ch6,T. OVER
 07-12-18,16:14:39,Ch6,T. OVER
 07-12-18,16:15:39,Ch6,T. OVER
 07-12-18,16:16:39,Ch6,T. OVER
 07-12-18,16:17:40,Ch6,T. OVER
 07-12-18,16:18:40,Ch6,T. OVER
 07-12-18,16:19:40,Ch6,T. OVER
 07-12-18,16:20:40,Ch6,T. OVER
 07-12-18,16:21:40,Ch6,T. OVER
 07-12-18,16:22:40,Ch6,T. OVER
 07-12-18,16:23:40,Ch6,T. OVER
 07-12-18,16:24:40,Ch6,T. OVER
 07-12-18,16:25:40,Ch6,T. OVER
 07-12-18,16:26:41,Ch6,T. OVER
 07-12-18,16:27:41,Ch6,T. OVER
 07-12-18,16:28:41,Ch6,T. OVER
 07-12-18,16:29:41,Ch6,T. OVER
 07-12-18,16:30:41,Ch6,T. OVER
 07-12-18,16:31:41,Ch6,T. OVER
 07-12-18,16:32:41,Ch6,T. OVER
 07-12-18,16:33:41,Ch6,T. OVER
 07-12-18,16:34:41,Ch6,T. OVER
 07-12-18,16:35:41,Ch6,T. OVER
 07-12-18,16:36:41,Ch6,T. OVER
 07-12-18,16:37:42,Ch6,T. OVER
 07-12-18,16:38:42,Ch6,T. OVER
 07-12-18,16:39:42,Ch6,T. OVER
 07-12-18,16:40:42,Ch6,T. OVER
 07-12-18,16:41:42,Ch6,T. OVER
 07-12-18,16:42:42,Ch6,T. OVER
 07-12-18,16:43:42,Ch6,T. OVER
 07-12-18,16:44:42,Ch6,T. OVER
 07-12-18,16:45:42,Ch6,T. OVER
 07-12-18,16:46:42,Ch6,T. OVER
 07-12-18,16:47:42,Ch6,T. OVER
 07-12-18,16:48:42,Ch6,T. OVER
 07-12-18,16:49:42,Ch6,T. OVER
 07-12-18,16:50:42,Ch6,T. OVER
 07-12-18,16:51:42,Ch6,T. OVER
 07-12-18,16:52:42,Ch6,T. OVER
 07-12-18,16:53:43,Ch6,T. OVER
 07-12-18,16:54:43,Ch6,T. OVER
 07-12-18,16:55:43,Ch6,T. OVER
 07-12-18,16:56:43,Ch6,T. OVER
 07-12-18,16:57:43,Ch6,T. OVER
 07-12-18,16:58:43,Ch6,T. OVER
 07-12-18,16:59:43,Ch6,T. OVER
 07-12-18,17:00:44,Ch6,T. OVER
 07-12-18,17:01:44,Ch6,T. OVER
 07-12-18,17:02:44,Ch6,T. OVER
 07-12-18,17:03:44,Ch6,T. OVER
 07-12-18,17:04:44,Ch6,T. OVER
 07-12-18,17:05:44,Ch6,T. OVER
 07-12-18,17:06:44,Ch6,T. OVER
 07-12-18,17:07:44,Ch6,T. OVER
 07-12-18,17:08:44,Ch6,T. OVER
 07-12-18,17:09:45,Ch6,T. OVER
 07-12-18,17:10:45,Ch6,T. OVER
 07-12-18,17:11:45,Ch6,T. OVER
 07-12-18,17:12:45,Ch6,T. OVER
 07-12-18,17:13:45,Ch6,T. OVER
 07-12-18,17:14:45,Ch6,T. OVER
 07-12-18,17:15:45,Ch6,T. OVER
 07-12-18,17:16:45,Ch6,T. OVER
 07-12-18,17:17:45,Ch6,T. OVER
 07-12-18,17:18:45,Ch6,T. OVER
 07-12-18,17:19:45,Ch6,T. OVER
 07-12-18,17:20:45,Ch6,T. OVER
 07-12-18,17:21:45,Ch6,T. OVER
 07-12-18,17:22:46,Ch6,T. OVER
 07-12-18,17:23:46,Ch6,T. OVER
 07-12-18,17:24:46,Ch6,T. OVER
 07-12-18,17:26:46,Ch6,T. OVER
 07-12-18,17:27:46,Ch6,T. OVER
 07-12-18,17:28:46,Ch6,T. OVER
 07-12-18,17:29:46,Ch6,T. OVER
 07-12-18,17:30:47,Ch6,T. OVER
 07-12-18,17:31:47,Ch6,T. OVER
 07-12-18,17:32:47,Ch6,T. OVER
 07-12-18,17:33:47,Ch6,T. OVER
 07-12-18,17:39:48,Ch6,T. OVER
 07-12-18,17:41:48,Ch6,T. OVER
 07-12-18,17:46:48,Ch6,T. OVER
 07-12-18,20:36:07,Ch1,VDIF OVL
 07-12-18,22:31:18,Ch6,VMIX OVL,VDIF OVL
