 29-06-18,00:00:57,Ch6,T. OVER
 29-06-18,00:01:57,Ch6,T. OVER
 29-06-18,00:02:57,Ch6,T. OVER
 29-06-18,00:03:57,Ch6,T. OVER
 29-06-18,00:04:57,Ch6,T. OVER
 29-06-18,00:05:57,Ch6,T. OVER
 29-06-18,00:06:57,Ch6,T. OVER
 29-06-18,00:07:57,Ch6,T. OVER
 29-06-18,00:08:57,Ch6,T. OVER
 29-06-18,00:09:57,Ch6,T. OVER
 29-06-18,00:10:57,Ch6,T. OVER
 29-06-18,00:11:57,Ch6,T. OVER
 29-06-18,00:12:57,Ch6,T. OVER
 29-06-18,00:13:57,Ch6,T. OVER
 29-06-18,00:14:57,Ch6,T. OVER
 29-06-18,00:15:57,Ch6,T. OVER
 29-06-18,00:16:57,Ch6,T. OVER
 29-06-18,00:17:57,Ch2,VDIF OVL
 29-06-18,00:17:57,Ch6,T. OVER
 29-06-18,00:18:58,Ch6,T. OVER
 29-06-18,00:19:58,Ch6,T. OVER
 29-06-18,00:20:58,Ch6,T. OVER
 29-06-18,00:21:58,Ch6,T. OVER
 29-06-18,00:22:58,Ch6,T. OVER
 29-06-18,00:23:58,Ch6,T. OVER
 29-06-18,00:24:59,Ch6,T. OVER
 29-06-18,00:25:59,Ch6,T. OVER
 29-06-18,00:26:59,Ch6,T. OVER
 29-06-18,00:27:59,Ch6,T. OVER
 29-06-18,00:28:59,Ch6,T. OVER
 29-06-18,00:29:59,Ch6,T. OVER
 29-06-18,00:30:59,Ch6,T. OVER
 29-06-18,00:31:59,Ch6,T. OVER
 29-06-18,00:32:59,Ch6,T. OVER
 29-06-18,00:33:59,Ch6,T. OVER
 29-06-18,00:34:59,Ch6,T. OVER
 29-06-18,00:35:59,Ch6,T. OVER
 29-06-18,00:37:00,Ch6,T. OVER
 29-06-18,00:38:00,Ch6,T. OVER
 29-06-18,00:39:00,Ch6,T. OVER
 29-06-18,00:40:00,Ch6,T. OVER
 29-06-18,00:41:00,Ch6,T. OVER
 29-06-18,00:42:00,Ch6,T. OVER
 29-06-18,00:43:00,Ch6,T. OVER
 29-06-18,00:44:00,Ch6,T. OVER
 29-06-18,00:45:00,Ch6,T. OVER
 29-06-18,00:46:00,Ch6,T. OVER
 29-06-18,00:47:00,Ch6,T. OVER
 29-06-18,00:48:00,Ch6,T. OVER
 29-06-18,00:49:01,Ch6,T. OVER
 29-06-18,00:50:01,Ch6,T. OVER
 29-06-18,00:51:01,Ch6,T. OVER
 29-06-18,00:52:01,Ch6,T. OVER
 29-06-18,00:53:01,Ch6,T. OVER
 29-06-18,00:54:01,Ch6,T. OVER
 29-06-18,00:55:01,Ch6,T. OVER
 29-06-18,00:56:01,Ch6,T. OVER
 29-06-18,00:57:01,Ch6,T. OVER
 29-06-18,00:58:01,Ch6,T. OVER
 29-06-18,00:59:02,Ch6,T. OVER
 29-06-18,01:00:02,Ch6,T. OVER
 29-06-18,01:01:02,Ch6,T. OVER
 29-06-18,01:02:02,Ch6,T. OVER
 29-06-18,01:03:02,Ch6,T. OVER
 29-06-18,01:04:02,Ch6,T. OVER
 29-06-18,01:05:02,Ch6,T. OVER
 29-06-18,01:06:02,Ch6,T. OVER
 29-06-18,01:07:03,Ch6,T. OVER
 29-06-18,01:08:03,Ch6,T. OVER
 29-06-18,01:09:03,Ch6,T. OVER
 29-06-18,01:10:03,Ch6,T. OVER
 29-06-18,01:11:03,Ch6,T. OVER
 29-06-18,01:12:03,Ch6,T. OVER
 29-06-18,01:13:03,Ch6,T. OVER
 29-06-18,01:14:03,Ch6,T. OVER
 29-06-18,01:15:03,Ch6,T. OVER
 29-06-18,01:16:03,Ch6,T. OVER
 29-06-18,01:17:03,Ch6,T. OVER
 29-06-18,01:18:03,Ch6,T. OVER
 29-06-18,01:19:03,Ch6,T. OVER
 29-06-18,01:20:03,Ch6,T. OVER
 29-06-18,01:21:03,Ch6,T. OVER
 29-06-18,01:22:03,Ch6,T. OVER
 29-06-18,01:23:04,Ch6,T. OVER
 29-06-18,01:24:04,Ch6,T. OVER
 29-06-18,01:25:04,Ch6,T. OVER
 29-06-18,01:26:04,Ch6,T. OVER
 29-06-18,01:27:04,Ch6,T. OVER
 29-06-18,01:28:04,Ch6,T. OVER
 29-06-18,01:29:04,Ch6,T. OVER
 29-06-18,01:30:04,Ch6,T. OVER
 29-06-18,01:31:04,Ch6,T. OVER
 29-06-18,01:32:04,Ch6,T. OVER
 29-06-18,01:33:04,Ch6,T. OVER
 29-06-18,01:34:04,Ch6,T. OVER
 29-06-18,01:35:04,Ch6,T. OVER
 29-06-18,01:36:04,Ch6,T. OVER
 29-06-18,01:37:04,Ch6,T. OVER
 29-06-18,01:38:04,Ch6,T. OVER
 29-06-18,01:39:05,Ch6,T. OVER
 29-06-18,01:40:05,Ch6,T. OVER
 29-06-18,01:41:05,Ch6,T. OVER
 29-06-18,01:42:05,Ch6,T. OVER
 29-06-18,01:43:05,Ch6,T. OVER
 29-06-18,01:44:05,Ch6,T. OVER
 29-06-18,01:45:05,Ch6,T. OVER
 29-06-18,01:46:05,Ch6,T. OVER
 29-06-18,01:47:06,Ch6,T. OVER
 29-06-18,01:48:06,Ch6,T. OVER
 29-06-18,01:49:06,Ch6,T. OVER
 29-06-18,01:50:06,Ch6,T. OVER
 29-06-18,01:51:06,Ch6,T. OVER
 29-06-18,01:52:06,Ch6,T. OVER
 29-06-18,01:53:06,Ch6,T. OVER
 29-06-18,01:54:06,Ch6,T. OVER
 29-06-18,01:55:06,Ch6,T. OVER
 29-06-18,01:56:06,Ch6,T. OVER
 29-06-18,01:57:06,Ch6,T. OVER
 29-06-18,01:58:06,Ch6,T. OVER
 29-06-18,01:59:06,Ch6,T. OVER
 29-06-18,02:00:06,Ch6,T. OVER
 29-06-18,02:01:06,Ch6,T. OVER
 29-06-18,02:02:06,Ch6,T. OVER
 29-06-18,02:03:07,Ch6,T. OVER
 29-06-18,02:04:07,Ch6,T. OVER
 29-06-18,02:05:07,Ch6,T. OVER
 29-06-18,02:06:07,Ch6,T. OVER
 29-06-18,02:07:07,Ch6,T. OVER
 29-06-18,02:08:07,Ch6,T. OVER
 29-06-18,02:09:08,Ch6,T. OVER
 29-06-18,02:10:08,Ch6,T. OVER
 29-06-18,02:11:08,Ch6,T. OVER
 29-06-18,02:12:08,Ch6,T. OVER
 29-06-18,02:13:08,Ch6,T. OVER
 29-06-18,02:14:08,Ch6,T. OVER
 29-06-18,02:15:08,Ch6,T. OVER
 29-06-18,02:16:08,Ch6,T. OVER
 29-06-18,02:17:08,Ch6,T. OVER
 29-06-18,02:18:08,Ch6,T. OVER
 29-06-18,02:19:08,Ch6,T. OVER
 29-06-18,02:20:08,Ch6,T. OVER
 29-06-18,02:21:08,Ch6,T. OVER
 29-06-18,02:22:08,Ch6,T. OVER
 29-06-18,02:23:09,Ch6,T. OVER
 29-06-18,02:24:09,Ch6,T. OVER
 29-06-18,02:25:09,Ch6,T. OVER
 29-06-18,02:26:09,Ch6,T. OVER
 29-06-18,02:27:09,Ch6,T. OVER
 29-06-18,02:28:09,Ch6,T. OVER
 29-06-18,02:29:09,Ch6,T. OVER
 29-06-18,02:30:09,Ch6,T. OVER
 29-06-18,02:31:09,Ch6,T. OVER
 29-06-18,02:32:09,Ch6,T. OVER
 29-06-18,02:33:09,Ch6,T. OVER
 29-06-18,02:34:09,Ch6,T. OVER
 29-06-18,02:35:09,Ch6,T. OVER
 29-06-18,02:36:09,Ch6,T. OVER
 29-06-18,02:37:09,Ch6,T. OVER
 29-06-18,02:38:09,Ch6,T. OVER
 29-06-18,02:39:09,Ch6,T. OVER
 29-06-18,02:40:09,Ch6,T. OVER
 29-06-18,02:41:09,Ch6,T. OVER
 29-06-18,02:42:09,Ch6,T. OVER
 29-06-18,02:43:09,Ch6,T. OVER
 29-06-18,02:44:09,Ch6,T. OVER
 29-06-18,02:45:09,Ch6,T. OVER
 29-06-18,02:46:09,Ch6,T. OVER
 29-06-18,02:47:09,Ch6,T. OVER
 29-06-18,02:48:09,Ch6,T. OVER
 29-06-18,02:49:09,Ch6,T. OVER
 29-06-18,02:50:09,Ch6,T. OVER
 29-06-18,02:51:09,Ch6,T. OVER
 29-06-18,02:52:09,Ch6,T. OVER
 29-06-18,02:53:10,Ch6,T. OVER
 29-06-18,02:54:10,Ch6,T. OVER
 29-06-18,02:55:10,Ch6,T. OVER
 29-06-18,02:56:10,Ch6,T. OVER
 29-06-18,02:57:10,Ch6,T. OVER
 29-06-18,02:58:10,Ch6,T. OVER
 29-06-18,02:59:10,Ch6,T. OVER
 29-06-18,03:00:10,Ch6,T. OVER
 29-06-18,03:01:11,Ch6,T. OVER
 29-06-18,03:02:11,Ch6,T. OVER
 29-06-18,03:03:11,Ch6,T. OVER
 29-06-18,03:04:11,Ch6,T. OVER
 29-06-18,03:05:11,Ch6,T. OVER
 29-06-18,03:06:11,Ch6,T. OVER
 29-06-18,03:07:11,Ch6,T. OVER
 29-06-18,03:08:11,Ch6,T. OVER
 29-06-18,03:09:11,Ch6,T. OVER
 29-06-18,03:10:11,Ch6,T. OVER
 29-06-18,03:11:11,Ch6,T. OVER
 29-06-18,03:12:11,Ch6,T. OVER
 29-06-18,03:13:11,Ch6,T. OVER
 29-06-18,03:14:11,Ch6,T. OVER
 29-06-18,03:15:11,Ch6,T. OVER
 29-06-18,03:16:11,Ch6,T. OVER
 29-06-18,03:17:11,Ch6,T. OVER
 29-06-18,03:18:11,Ch6,T. OVER
 29-06-18,03:19:11,Ch6,T. OVER
 29-06-18,03:20:11,Ch6,T. OVER
 29-06-18,03:21:12,Ch6,T. OVER
 29-06-18,03:22:12,Ch6,T. OVER
 29-06-18,03:23:12,Ch6,T. OVER
 29-06-18,03:24:12,Ch6,T. OVER
 29-06-18,03:25:12,Ch6,T. OVER
 29-06-18,03:26:12,Ch6,T. OVER
 29-06-18,03:27:12,Ch6,T. OVER
 29-06-18,03:28:12,Ch6,T. OVER
 29-06-18,03:29:12,Ch6,T. OVER
 29-06-18,03:30:13,Ch6,T. OVER
 29-06-18,03:31:13,Ch6,T. OVER
 29-06-18,03:32:13,Ch6,T. OVER
 29-06-18,03:33:13,Ch6,T. OVER
 29-06-18,03:34:13,Ch6,T. OVER
 29-06-18,03:35:13,Ch6,T. OVER
 29-06-18,03:36:13,Ch6,T. OVER
 29-06-18,03:37:13,Ch6,T. OVER
 29-06-18,03:38:13,Ch6,T. OVER
 29-06-18,03:39:13,Ch6,T. OVER
 29-06-18,03:40:14,Ch6,T. OVER
 29-06-18,03:41:14,Ch6,T. OVER
 29-06-18,03:42:14,Ch6,T. OVER
 29-06-18,03:43:14,Ch6,T. OVER
 29-06-18,03:44:14,Ch6,T. OVER
 29-06-18,03:45:14,Ch6,T. OVER
 29-06-18,03:46:14,Ch6,T. OVER
 29-06-18,03:47:14,Ch6,T. OVER
 29-06-18,03:48:14,Ch6,T. OVER
 29-06-18,03:49:14,Ch6,T. OVER
 29-06-18,03:50:14,Ch6,T. OVER
 29-06-18,03:51:14,Ch6,T. OVER
 29-06-18,03:52:14,Ch6,T. OVER
 29-06-18,03:53:14,Ch6,T. OVER
 29-06-18,03:54:14,Ch6,T. OVER
 29-06-18,03:55:14,Ch6,T. OVER
 29-06-18,03:56:15,Ch6,T. OVER
 29-06-18,03:57:15,Ch6,T. OVER
 29-06-18,03:58:15,Ch6,T. OVER
 29-06-18,03:59:15,Ch6,T. OVER
 29-06-18,04:00:15,Ch6,T. OVER
 29-06-18,04:01:15,Ch6,T. OVER
 29-06-18,04:02:15,Ch6,T. OVER
 29-06-18,04:03:15,Ch6,T. OVER
 29-06-18,04:04:15,Ch6,T. OVER
 29-06-18,04:05:15,Ch6,T. OVER
 29-06-18,04:06:15,Ch6,T. OVER
 29-06-18,04:07:15,Ch6,T. OVER
 29-06-18,04:08:15,Ch6,T. OVER
 29-06-18,04:09:15,Ch6,T. OVER
 29-06-18,04:10:15,Ch6,T. OVER
 29-06-18,04:11:15,Ch6,T. OVER
 29-06-18,04:12:15,Ch6,T. OVER
 29-06-18,04:13:15,Ch6,T. OVER
 29-06-18,04:14:15,Ch6,T. OVER
 29-06-18,04:15:15,Ch6,T. OVER
 29-06-18,04:16:15,Ch6,T. OVER
 29-06-18,04:17:16,Ch6,T. OVER
 29-06-18,04:18:16,Ch6,T. OVER
 29-06-18,04:19:16,Ch6,T. OVER
 29-06-18,04:20:16,Ch6,T. OVER
 29-06-18,04:21:16,Ch6,T. OVER
 29-06-18,04:22:16,Ch6,T. OVER
 29-06-18,04:23:16,Ch6,T. OVER
 29-06-18,04:24:16,Ch6,T. OVER
 29-06-18,04:25:16,Ch6,T. OVER
 29-06-18,04:26:16,Ch6,T. OVER
 29-06-18,04:27:16,Ch6,T. OVER
 29-06-18,04:28:17,Ch6,T. OVER
 29-06-18,04:29:17,Ch6,T. OVER
 29-06-18,04:30:17,Ch6,T. OVER
 29-06-18,04:31:17,Ch6,T. OVER
 29-06-18,04:32:17,Ch6,T. OVER
 29-06-18,04:33:17,Ch6,T. OVER
 29-06-18,04:34:17,Ch6,T. OVER
 29-06-18,04:35:17,Ch6,T. OVER
 29-06-18,04:36:17,Ch6,T. OVER
 29-06-18,04:37:17,Ch6,T. OVER
 29-06-18,04:38:17,Ch6,T. OVER
 29-06-18,04:39:17,Ch6,T. OVER
 29-06-18,04:40:17,Ch6,T. OVER
 29-06-18,04:41:17,Ch6,T. OVER
 29-06-18,04:42:17,Ch6,T. OVER
 29-06-18,04:43:17,Ch6,T. OVER
 29-06-18,04:44:17,Ch6,T. OVER
 29-06-18,04:45:17,Ch6,T. OVER
 29-06-18,04:46:17,Ch6,T. OVER
 29-06-18,04:47:18,Ch6,T. OVER
 29-06-18,04:48:18,Ch6,T. OVER
 29-06-18,04:49:18,Ch6,T. OVER
 29-06-18,04:50:18,Ch6,T. OVER
 29-06-18,04:51:18,Ch6,T. OVER
 29-06-18,04:52:18,Ch6,T. OVER
 29-06-18,04:53:18,Ch6,T. OVER
 29-06-18,04:54:18,Ch6,T. OVER
 29-06-18,04:55:18,Ch6,T. OVER
 29-06-18,04:56:18,Ch6,T. OVER
 29-06-18,04:57:19,Ch6,T. OVER
 29-06-18,04:58:19,Ch6,T. OVER
 29-06-18,04:59:19,Ch6,T. OVER
 29-06-18,05:00:19,Ch6,T. OVER
 29-06-18,05:01:19,Ch6,T. OVER
 29-06-18,05:02:19,Ch6,T. OVER
 29-06-18,05:03:19,Ch6,T. OVER
 29-06-18,05:04:19,Ch6,T. OVER
 29-06-18,05:05:19,Ch6,T. OVER
 29-06-18,05:06:19,Ch6,T. OVER
 29-06-18,05:07:19,Ch6,T. OVER
 29-06-18,05:08:19,Ch6,T. OVER
 29-06-18,05:09:20,Ch6,T. OVER
 29-06-18,05:10:20,Ch6,T. OVER
 29-06-18,05:11:20,Ch6,T. OVER
 29-06-18,05:12:20,Ch6,T. OVER
 29-06-18,05:13:20,Ch6,T. OVER
 29-06-18,05:14:20,Ch6,T. OVER
 29-06-18,05:15:20,Ch6,T. OVER
 29-06-18,05:16:20,Ch6,T. OVER
 29-06-18,05:17:20,Ch6,T. OVER
 29-06-18,05:18:20,Ch6,T. OVER
 29-06-18,05:19:21,Ch6,T. OVER
 29-06-18,05:20:21,Ch6,T. OVER
 29-06-18,05:21:21,Ch6,T. OVER
 29-06-18,05:22:21,Ch6,T. OVER
 29-06-18,05:23:21,Ch6,T. OVER
 29-06-18,05:24:21,Ch6,T. OVER
 29-06-18,05:25:21,Ch6,T. OVER
 29-06-18,05:26:21,Ch6,T. OVER
 29-06-18,05:27:22,Ch6,T. OVER
 29-06-18,05:28:22,Ch6,T. OVER
 29-06-18,05:29:22,Ch6,T. OVER
 29-06-18,05:30:22,Ch6,T. OVER
 29-06-18,05:31:22,Ch6,T. OVER
 29-06-18,05:32:22,Ch6,T. OVER
 29-06-18,05:33:23,Ch6,T. OVER
 29-06-18,05:34:23,Ch6,T. OVER
 29-06-18,05:35:23,Ch6,T. OVER
 29-06-18,05:36:23,Ch6,T. OVER
 29-06-18,05:37:23,Ch6,T. OVER
 29-06-18,05:38:23,Ch6,T. OVER
 29-06-18,05:39:23,Ch6,T. OVER
 29-06-18,05:40:23,Ch6,T. OVER
 29-06-18,05:41:23,Ch6,T. OVER
 29-06-18,05:42:23,Ch6,T. OVER
 29-06-18,05:43:23,Ch6,T. OVER
 29-06-18,05:44:23,Ch6,T. OVER
 29-06-18,05:45:23,Ch6,T. OVER
 29-06-18,05:46:23,Ch6,T. OVER
 29-06-18,05:47:23,Ch6,T. OVER
 29-06-18,05:48:23,Ch6,T. OVER
 29-06-18,05:49:24,Ch6,T. OVER
 29-06-18,05:50:24,Ch6,T. OVER
 29-06-18,05:51:24,Ch6,T. OVER
 29-06-18,05:52:24,Ch6,T. OVER
 29-06-18,05:53:24,Ch6,T. OVER
 29-06-18,05:54:24,Ch6,T. OVER
 29-06-18,05:55:24,Ch6,T. OVER
 29-06-18,05:56:24,Ch6,T. OVER
 29-06-18,05:57:24,Ch6,T. OVER
 29-06-18,05:58:24,Ch6,T. OVER
 29-06-18,05:59:24,Ch6,T. OVER
 29-06-18,06:00:24,Ch6,T. OVER
 29-06-18,06:01:24,Ch6,T. OVER
 29-06-18,06:02:24,Ch6,T. OVER
 29-06-18,06:03:24,Ch6,T. OVER
 29-06-18,06:04:24,Ch6,T. OVER
 29-06-18,06:05:24,Ch6,T. OVER
 29-06-18,06:06:24,Ch6,T. OVER
 29-06-18,06:07:25,Ch6,T. OVER
 29-06-18,06:08:25,Ch6,T. OVER
 29-06-18,06:09:25,Ch6,T. OVER
 29-06-18,06:10:25,Ch6,T. OVER
 29-06-18,06:11:25,Ch6,T. OVER
 29-06-18,06:12:25,Ch6,T. OVER
 29-06-18,06:13:25,Ch6,T. OVER
 29-06-18,06:14:25,Ch6,T. OVER
 29-06-18,06:15:26,Ch6,T. OVER
 29-06-18,06:16:26,Ch6,T. OVER
 29-06-18,06:17:26,Ch6,T. OVER
 29-06-18,06:18:26,Ch6,T. OVER
 29-06-18,06:19:26,Ch6,T. OVER
 29-06-18,06:20:26,Ch6,T. OVER
 29-06-18,06:21:26,Ch6,T. OVER
 29-06-18,06:22:26,Ch6,T. OVER
 29-06-18,06:23:26,Ch6,T. OVER
 29-06-18,06:24:26,Ch6,T. OVER
 29-06-18,06:25:26,Ch6,T. OVER
 29-06-18,06:26:26,Ch6,T. OVER
 29-06-18,06:27:26,Ch6,T. OVER
 29-06-18,06:28:26,Ch6,T. OVER
 29-06-18,06:29:26,Ch6,T. OVER
 29-06-18,06:30:26,Ch6,T. OVER
 29-06-18,06:31:26,Ch6,T. OVER
 29-06-18,06:32:27,Ch6,T. OVER
 29-06-18,06:33:27,Ch6,T. OVER
 29-06-18,06:34:27,Ch6,T. OVER
 29-06-18,06:35:27,Ch6,T. OVER
 29-06-18,06:36:27,Ch6,T. OVER
 29-06-18,06:37:27,Ch6,T. OVER
 29-06-18,06:38:27,Ch6,T. OVER
 29-06-18,06:39:28,Ch6,T. OVER
 29-06-18,06:40:28,Ch6,T. OVER
 29-06-18,06:41:28,Ch6,T. OVER
 29-06-18,06:42:28,Ch6,T. OVER
 29-06-18,06:43:28,Ch6,T. OVER
 29-06-18,06:44:28,Ch6,T. OVER
 29-06-18,06:45:28,Ch6,T. OVER
 29-06-18,06:46:28,Ch6,T. OVER
 29-06-18,06:47:28,Ch6,T. OVER
 29-06-18,06:48:28,Ch6,T. OVER
 29-06-18,06:49:28,Ch6,T. OVER
 29-06-18,06:50:28,Ch6,T. OVER
 29-06-18,06:51:28,Ch6,T. OVER
 29-06-18,06:52:28,Ch6,T. OVER
 29-06-18,06:53:28,Ch6,T. OVER
 29-06-18,06:54:28,Ch6,T. OVER
 29-06-18,06:55:28,Ch6,T. OVER
 29-06-18,06:56:28,Ch6,T. OVER
 29-06-18,06:57:28,Ch6,T. OVER
 29-06-18,06:58:29,Ch6,T. OVER
 29-06-18,06:59:29,Ch6,T. OVER
 29-06-18,07:00:29,Ch6,T. OVER
 29-06-18,07:01:29,Ch6,T. OVER
 29-06-18,07:02:29,Ch6,T. OVER
 29-06-18,07:03:29,Ch6,T. OVER
 29-06-18,07:04:29,Ch6,T. OVER
 29-06-18,07:05:29,Ch6,T. OVER
 29-06-18,07:06:29,Ch6,T. OVER
 29-06-18,07:07:29,Ch6,T. OVER
 29-06-18,07:08:29,Ch6,T. OVER
 29-06-18,07:09:29,Ch6,T. OVER
 29-06-18,07:10:29,Ch6,T. OVER
 29-06-18,07:11:30,Ch6,T. OVER
 29-06-18,07:12:30,Ch6,T. OVER
 29-06-18,07:13:30,Ch6,T. OVER
 29-06-18,07:14:30,Ch6,T. OVER
 29-06-18,07:15:30,Ch6,T. OVER
 29-06-18,07:16:31,Ch6,T. OVER
 29-06-18,07:17:31,Ch6,T. OVER
 29-06-18,07:18:31,Ch6,T. OVER
 29-06-18,07:19:31,Ch6,T. OVER
 29-06-18,07:20:31,Ch6,T. OVER
 29-06-18,07:21:31,Ch6,T. OVER
 29-06-18,07:22:31,Ch6,T. OVER
 29-06-18,07:23:31,Ch6,T. OVER
 29-06-18,07:24:31,Ch6,T. OVER
 29-06-18,07:25:31,Ch6,T. OVER
 29-06-18,07:26:31,Ch6,T. OVER
 29-06-18,07:27:31,Ch6,T. OVER
 29-06-18,07:28:32,Ch6,T. OVER
 29-06-18,07:29:32,Ch6,T. OVER
 29-06-18,07:30:32,Ch6,T. OVER
 29-06-18,07:31:32,Ch6,T. OVER
 29-06-18,07:32:33,Ch6,T. OVER
 29-06-18,07:33:33,Ch6,T. OVER
 29-06-18,07:34:33,Ch6,T. OVER
 29-06-18,07:35:33,Ch6,T. OVER
 29-06-18,07:36:33,Ch6,T. OVER
 29-06-18,07:37:33,Ch6,T. OVER
 29-06-18,07:38:33,Ch6,T. OVER
 29-06-18,07:39:33,Ch2,T. OVER
 29-06-18,07:39:33,Ch6,T. OVER
 29-06-18,07:40:33,Ch2,T. OVER
 29-06-18,07:40:33,Ch6,T. OVER
 29-06-18,07:41:33,Ch2,T. OVER
 29-06-18,07:41:33,Ch6,T. OVER
 29-06-18,07:42:33,Ch2,T. OVER
 29-06-18,07:42:33,Ch6,T. OVER
 29-06-18,07:43:33,Ch2,T. OVER
 29-06-18,07:43:33,Ch6,T. OVER
 29-06-18,07:44:33,Ch2,T. OVER
 29-06-18,07:44:33,Ch6,T. OVER
 29-06-18,07:45:33,Ch2,T. OVER
 29-06-18,07:45:33,Ch6,T. OVER
 29-06-18,07:46:33,Ch2,T. OVER
 29-06-18,07:46:33,Ch6,T. OVER
 29-06-18,07:47:33,Ch2,T. OVER
 29-06-18,07:47:33,Ch6,T. OVER
 29-06-18,07:48:33,Ch2,T. OVER
 29-06-18,07:48:33,Ch6,T. OVER
 29-06-18,07:49:34,Ch2,T. OVER
 29-06-18,07:49:34,Ch6,T. OVER
 29-06-18,07:50:34,Ch2,T. OVER
 29-06-18,07:50:34,Ch6,T. OVER
 29-06-18,07:51:34,Ch2,T. OVER
 29-06-18,07:51:34,Ch6,T. OVER
 29-06-18,07:52:34,Ch2,T. OVER
 29-06-18,07:52:34,Ch6,T. OVER
 29-06-18,07:53:34,Ch2,T. OVER
 29-06-18,07:53:34,Ch6,T. OVER
 29-06-18,07:54:34,Ch2,T. OVER
 29-06-18,07:54:34,Ch6,T. OVER
 29-06-18,07:55:34,Ch2,T. OVER
 29-06-18,07:55:34,Ch6,T. OVER
 29-06-18,07:56:34,Ch2,T. OVER
 29-06-18,07:56:34,Ch6,T. OVER
 29-06-18,07:57:34,Ch2,T. OVER
 29-06-18,07:57:34,Ch6,T. OVER
 29-06-18,07:58:34,Ch2,T. OVER
 29-06-18,07:58:34,Ch6,T. OVER
 29-06-18,07:59:34,Ch2,T. OVER
 29-06-18,07:59:34,Ch6,T. OVER
 29-06-18,08:00:34,Ch2,T. OVER
 29-06-18,08:00:34,Ch6,T. OVER
 29-06-18,08:01:34,Ch2,T. OVER
 29-06-18,08:01:34,Ch6,T. OVER
 29-06-18,08:02:34,Ch2,T. OVER
 29-06-18,08:02:34,Ch6,T. OVER
 29-06-18,08:03:34,Ch2,T. OVER
 29-06-18,08:03:34,Ch6,T. OVER
 29-06-18,08:04:34,Ch2,T. OVER
 29-06-18,08:04:34,Ch6,T. OVER
 29-06-18,08:05:34,Ch2,T. OVER
 29-06-18,08:05:34,Ch6,T. OVER
 29-06-18,08:06:34,Ch2,T. OVER
 29-06-18,08:06:34,Ch6,T. OVER
 29-06-18,08:07:34,Ch2,T. OVER
 29-06-18,08:07:34,Ch6,T. OVER
 29-06-18,08:08:34,Ch2,T. OVER
 29-06-18,08:08:34,Ch6,T. OVER
 29-06-18,08:09:34,Ch2,T. OVER
 29-06-18,08:09:34,Ch6,T. OVER
 29-06-18,08:10:34,Ch2,T. OVER
 29-06-18,08:10:34,Ch6,T. OVER
 29-06-18,08:11:34,Ch2,T. OVER
 29-06-18,08:11:34,Ch6,T. OVER
 29-06-18,08:12:34,Ch2,T. OVER
 29-06-18,08:12:34,Ch6,T. OVER
 29-06-18,08:13:34,Ch2,T. OVER
 29-06-18,08:13:34,Ch6,T. OVER
 29-06-18,08:14:34,Ch2,T. OVER
 29-06-18,08:14:34,Ch6,T. OVER
 29-06-18,08:15:34,Ch2,T. OVER
 29-06-18,08:15:34,Ch6,T. OVER
 29-06-18,08:16:34,Ch2,T. OVER
 29-06-18,08:16:34,Ch6,T. OVER
 29-06-18,08:17:34,Ch2,T. OVER
 29-06-18,08:17:34,Ch6,T. OVER
 29-06-18,08:18:34,Ch2,T. OVER
 29-06-18,08:18:34,Ch6,T. OVER
 29-06-18,08:19:34,Ch2,T. OVER
 29-06-18,08:19:34,Ch6,T. OVER
 29-06-18,08:20:34,Ch2,T. OVER
 29-06-18,08:20:34,Ch6,T. OVER
 29-06-18,08:21:34,Ch2,T. OVER
 29-06-18,08:21:34,Ch6,T. OVER
 29-06-18,08:22:34,Ch2,T. OVER
 29-06-18,08:22:34,Ch6,T. OVER
 29-06-18,08:23:34,Ch2,T. OVER
 29-06-18,08:23:34,Ch6,T. OVER
 29-06-18,08:24:34,Ch2,T. OVER
 29-06-18,08:24:34,Ch6,T. OVER
 29-06-18,08:25:34,Ch2,T. OVER
 29-06-18,08:25:34,Ch6,T. OVER
 29-06-18,08:26:34,Ch2,T. OVER
 29-06-18,08:26:34,Ch6,T. OVER
 29-06-18,08:27:34,Ch2,T. OVER
 29-06-18,08:27:34,Ch6,T. OVER
 29-06-18,08:28:34,Ch2,T. OVER
 29-06-18,08:28:34,Ch6,T. OVER
 29-06-18,08:29:34,Ch2,T. OVER
 29-06-18,08:29:34,Ch6,T. OVER
 29-06-18,08:30:34,Ch2,T. OVER
 29-06-18,08:30:34,Ch6,T. OVER
 29-06-18,08:31:34,Ch2,T. OVER
 29-06-18,08:31:34,Ch6,T. OVER
 29-06-18,08:32:34,Ch2,T. OVER
 29-06-18,08:32:34,Ch6,T. OVER
 29-06-18,08:33:34,Ch2,T. OVER
 29-06-18,08:33:34,Ch6,T. OVER
 29-06-18,08:34:34,Ch2,T. OVER
 29-06-18,08:34:34,Ch6,T. OVER
 29-06-18,08:35:34,Ch2,T. OVER
 29-06-18,08:35:34,Ch6,T. OVER
 29-06-18,08:36:34,Ch2,T. OVER
 29-06-18,08:36:34,Ch6,T. OVER
 29-06-18,08:37:34,Ch2,T. OVER
 29-06-18,08:37:34,Ch6,T. OVER
 29-06-18,08:38:34,Ch2,T. OVER
 29-06-18,08:38:34,Ch6,T. OVER
 29-06-18,08:39:34,Ch2,T. OVER
 29-06-18,08:39:34,Ch6,T. OVER
 29-06-18,08:40:34,Ch2,T. OVER
 29-06-18,08:40:34,Ch6,T. OVER
 29-06-18,08:41:34,Ch2,T. OVER
 29-06-18,08:41:34,Ch6,T. OVER
 29-06-18,08:42:34,Ch2,T. OVER
 29-06-18,08:42:34,Ch6,T. OVER
 29-06-18,08:43:34,Ch2,T. OVER
 29-06-18,08:43:34,Ch6,T. OVER
 29-06-18,08:44:34,Ch2,T. OVER
 29-06-18,08:44:34,Ch6,T. OVER
 29-06-18,08:45:34,Ch2,T. OVER
 29-06-18,08:45:34,Ch6,T. OVER
 29-06-18,08:46:34,Ch2,T. OVER
 29-06-18,08:46:34,Ch6,T. OVER
 29-06-18,08:47:35,Ch2,T. OVER
 29-06-18,08:47:35,Ch6,T. OVER
 29-06-18,08:48:35,Ch2,T. OVER
 29-06-18,08:48:35,Ch6,T. OVER
 29-06-18,08:49:35,Ch2,T. OVER
 29-06-18,08:49:35,Ch6,T. OVER
 29-06-18,08:50:35,Ch2,T. OVER
 29-06-18,08:50:35,Ch6,T. OVER
 29-06-18,08:51:35,Ch2,T. OVER
 29-06-18,08:51:35,Ch6,T. OVER
 29-06-18,08:52:35,Ch2,T. OVER
 29-06-18,08:52:35,Ch6,T. OVER
 29-06-18,08:53:35,Ch2,T. OVER
 29-06-18,08:53:35,Ch6,T. OVER
 29-06-18,08:54:35,Ch2,T. OVER
 29-06-18,08:54:35,Ch6,T. OVER
 29-06-18,08:55:35,Ch2,T. OVER
 29-06-18,08:55:35,Ch6,T. OVER
 29-06-18,08:56:35,Ch2,T. OVER
 29-06-18,08:56:35,Ch6,T. OVER
 29-06-18,08:57:35,Ch2,T. OVER
 29-06-18,08:57:35,Ch6,T. OVER
 29-06-18,08:58:35,Ch2,T. OVER
 29-06-18,08:58:35,Ch6,T. OVER
 29-06-18,08:59:35,Ch2,T. OVER
 29-06-18,08:59:35,Ch6,T. OVER
 29-06-18,09:00:35,Ch2,T. OVER
 29-06-18,09:00:35,Ch6,T. OVER
 29-06-18,09:01:35,Ch2,T. OVER
 29-06-18,09:01:35,Ch6,T. OVER
 29-06-18,09:02:35,Ch2,T. OVER
 29-06-18,09:02:35,Ch6,T. OVER
 29-06-18,09:03:35,Ch2,T. OVER
 29-06-18,09:03:35,Ch6,T. OVER
 29-06-18,09:04:35,Ch2,T. OVER
 29-06-18,09:04:35,Ch6,T. OVER
 29-06-18,09:05:35,Ch2,T. OVER
 29-06-18,09:05:35,Ch6,T. OVER
 29-06-18,09:06:35,Ch2,T. OVER
 29-06-18,09:06:35,Ch6,T. OVER
 29-06-18,09:07:35,Ch2,T. OVER
 29-06-18,09:07:35,Ch6,T. OVER
 29-06-18,09:08:35,Ch2,T. OVER
 29-06-18,09:08:35,Ch6,T. OVER
 29-06-18,09:09:35,Ch2,T. OVER
 29-06-18,09:09:35,Ch6,T. OVER
 29-06-18,09:10:35,Ch2,T. OVER
 29-06-18,09:10:35,Ch6,T. OVER
 29-06-18,09:11:35,Ch2,T. OVER
 29-06-18,09:11:35,Ch6,T. OVER
 29-06-18,09:12:35,Ch2,T. OVER
 29-06-18,09:12:35,Ch6,T. OVER
 29-06-18,09:13:35,Ch2,T. OVER
 29-06-18,09:13:35,Ch6,T. OVER
 29-06-18,09:14:35,Ch2,T. OVER
 29-06-18,09:14:35,Ch6,T. OVER
 29-06-18,09:15:35,Ch2,T. OVER
 29-06-18,09:15:35,Ch6,T. OVER
 29-06-18,09:16:35,Ch2,T. OVER
 29-06-18,09:16:35,Ch6,T. OVER
 29-06-18,09:17:35,Ch2,T. OVER
 29-06-18,09:17:35,Ch6,T. OVER
 29-06-18,09:18:35,Ch2,T. OVER
 29-06-18,09:18:35,Ch6,T. OVER
 29-06-18,09:19:35,Ch2,T. OVER
 29-06-18,09:19:35,Ch6,T. OVER
 29-06-18,09:20:35,Ch2,T. OVER
 29-06-18,09:20:35,Ch6,T. OVER
 29-06-18,09:21:35,Ch2,T. OVER
 29-06-18,09:21:35,Ch6,T. OVER
 29-06-18,09:22:35,Ch2,T. OVER
 29-06-18,09:22:35,Ch6,T. OVER
 29-06-18,09:23:35,Ch2,T. OVER
 29-06-18,09:23:35,Ch6,T. OVER
 29-06-18,09:24:35,Ch2,T. OVER
 29-06-18,09:24:35,Ch6,T. OVER
 29-06-18,09:25:35,Ch2,T. OVER
 29-06-18,09:25:35,Ch6,T. OVER
 29-06-18,09:26:35,Ch2,T. OVER
 29-06-18,09:26:35,Ch6,T. OVER
 29-06-18,09:27:35,Ch2,T. OVER
 29-06-18,09:27:35,Ch6,T. OVER
 29-06-18,09:28:35,Ch2,T. OVER
 29-06-18,09:28:35,Ch6,T. OVER
 29-06-18,09:29:35,Ch2,T. OVER
 29-06-18,09:29:35,Ch6,T. OVER
 29-06-18,09:30:35,Ch2,T. OVER
 29-06-18,09:30:35,Ch6,T. OVER
 29-06-18,09:31:35,Ch2,T. OVER
 29-06-18,09:31:35,Ch6,T. OVER
 29-06-18,09:32:35,Ch2,T. OVER
 29-06-18,09:32:35,Ch6,T. OVER
 29-06-18,09:33:35,Ch2,T. OVER
 29-06-18,09:33:35,Ch6,T. OVER
 29-06-18,09:34:35,Ch2,T. OVER
 29-06-18,09:34:35,Ch6,T. OVER
 29-06-18,09:35:35,Ch2,T. OVER
 29-06-18,09:35:35,Ch6,T. OVER
 29-06-18,09:36:35,Ch2,T. OVER
 29-06-18,09:36:35,Ch6,T. OVER
 29-06-18,09:37:35,Ch6,T. OVER
 29-06-18,09:38:35,Ch6,T. OVER
 29-06-18,09:39:35,Ch6,T. OVER
 29-06-18,09:40:35,Ch6,T. OVER
 29-06-18,09:41:35,Ch6,T. OVER
 29-06-18,09:42:35,Ch6,T. OVER
 29-06-18,09:43:35,Ch6,T. OVER
 29-06-18,09:44:35,Ch6,T. OVER
 29-06-18,09:45:35,Ch6,T. OVER
 29-06-18,09:46:35,Ch6,T. OVER
 29-06-18,09:47:35,Ch6,T. OVER
 29-06-18,09:48:35,Ch6,T. OVER
 29-06-18,09:49:35,Ch6,T. OVER
 29-06-18,09:50:35,Ch6,T. OVER
 29-06-18,09:51:35,Ch6,T. OVER
 29-06-18,09:52:35,Ch6,T. OVER
 29-06-18,09:53:35,Ch6,T. OVER
 29-06-18,09:54:35,Ch6,T. OVER
 29-06-18,09:55:36,Ch6,T. OVER
 29-06-18,09:56:36,Ch6,T. OVER
 29-06-18,09:57:36,Ch6,T. OVER
 29-06-18,09:58:36,Ch6,T. OVER
 29-06-18,09:59:36,Ch6,T. OVER
 29-06-18,10:00:36,Ch6,T. OVER
 29-06-18,10:01:36,Ch6,T. OVER
 29-06-18,10:02:36,Ch6,T. OVER
 29-06-18,10:03:36,Ch6,T. OVER
 29-06-18,10:04:36,Ch6,T. OVER
 29-06-18,10:05:36,Ch6,T. OVER
 29-06-18,10:06:36,Ch6,T. OVER
 29-06-18,10:07:36,Ch6,T. OVER
 29-06-18,10:08:36,Ch6,T. OVER
 29-06-18,10:09:36,Ch6,T. OVER
 29-06-18,10:10:36,Ch6,T. OVER
 29-06-18,10:11:36,Ch6,T. OVER
 29-06-18,10:12:36,Ch6,T. OVER
 29-06-18,10:13:36,Ch6,T. OVER
 29-06-18,10:14:36,Ch6,T. OVER
 29-06-18,10:15:36,Ch6,T. OVER
 29-06-18,10:16:36,Ch6,T. OVER
 29-06-18,10:17:36,Ch6,T. OVER
 29-06-18,10:18:36,Ch6,T. OVER
 29-06-18,10:19:36,Ch6,T. OVER
 29-06-18,10:20:36,Ch6,T. OVER
 29-06-18,10:21:36,Ch6,T. OVER
 29-06-18,10:22:36,Ch6,T. OVER
 29-06-18,10:23:36,Ch6,T. OVER
 29-06-18,10:24:36,Ch6,T. OVER
 29-06-18,10:25:36,Ch6,T. OVER
 29-06-18,10:26:36,Ch6,T. OVER
 29-06-18,10:27:36,Ch6,T. OVER
 29-06-18,10:28:36,Ch6,T. OVER
 29-06-18,10:29:36,Ch6,T. OVER
 29-06-18,10:30:36,Ch6,T. OVER
 29-06-18,10:31:36,Ch6,T. OVER
 29-06-18,10:32:36,Ch6,T. OVER
 29-06-18,10:33:36,Ch6,T. OVER
 29-06-18,10:34:36,Ch6,T. OVER
 29-06-18,10:35:36,Ch6,T. OVER
 29-06-18,10:36:36,Ch6,T. OVER
 29-06-18,10:37:36,Ch6,T. OVER
 29-06-18,10:38:36,Ch6,T. OVER
 29-06-18,10:39:36,Ch6,T. OVER
 29-06-18,10:40:36,Ch6,T. OVER
 29-06-18,10:41:36,Ch6,T. OVER
 29-06-18,10:42:36,Ch6,T. OVER
 29-06-18,10:43:36,Ch6,T. OVER
 29-06-18,10:44:36,Ch6,T. OVER
 29-06-18,10:45:36,Ch6,T. OVER
 29-06-18,10:46:36,Ch6,T. OVER
 29-06-18,10:47:36,Ch6,T. OVER
 29-06-18,10:48:36,Ch6,T. OVER
 29-06-18,10:49:36,Ch6,T. OVER
 29-06-18,10:50:36,Ch6,T. OVER
 29-06-18,10:51:36,Ch6,T. OVER
 29-06-18,10:52:36,Ch6,T. OVER
 29-06-18,10:53:36,Ch6,T. OVER
 29-06-18,10:54:36,Ch6,T. OVER
 29-06-18,10:55:36,Ch6,T. OVER
 29-06-18,10:56:36,Ch6,T. OVER
 29-06-18,10:57:36,Ch6,T. OVER
 29-06-18,10:58:36,Ch6,T. OVER
 29-06-18,10:59:36,Ch6,T. OVER
 29-06-18,11:00:37,Ch6,T. OVER
 29-06-18,11:01:37,Ch6,T. OVER
 29-06-18,11:02:37,Ch1,VDIF OVL
 29-06-18,11:02:37,Ch6,T. OVER
 29-06-18,11:03:37,Ch6,T. OVER
 29-06-18,11:04:37,Ch6,T. OVER
 29-06-18,11:05:37,Ch6,T. OVER
 29-06-18,11:06:38,Ch6,T. OVER
 29-06-18,11:07:38,Ch6,T. OVER
 29-06-18,11:08:38,Ch6,T. OVER
 29-06-18,11:09:38,Ch6,T. OVER
 29-06-18,11:10:38,Ch6,T. OVER
 29-06-18,11:11:38,Ch6,T. OVER
 29-06-18,11:12:38,Ch6,T. OVER
 29-06-18,11:13:38,Ch6,T. OVER
 29-06-18,11:14:38,Ch6,T. OVER
 29-06-18,11:15:38,Ch6,T. OVER
 29-06-18,11:16:38,Ch6,T. OVER
 29-06-18,11:17:38,Ch6,T. OVER
 29-06-18,11:18:38,Ch6,T. OVER
 29-06-18,11:19:38,Ch6,T. OVER
 29-06-18,11:20:38,Ch6,T. OVER
 29-06-18,11:21:38,Ch6,T. OVER
 29-06-18,11:22:38,Ch6,T. OVER
 29-06-18,11:23:38,Ch6,T. OVER
 29-06-18,11:24:38,Ch6,T. OVER
 29-06-18,11:25:39,Ch6,T. OVER
 29-06-18,11:26:39,Ch6,T. OVER
 29-06-18,11:27:39,Ch6,T. OVER
 29-06-18,11:28:39,Ch6,T. OVER
 29-06-18,11:29:39,Ch6,T. OVER
 29-06-18,11:30:39,Ch6,T. OVER
 29-06-18,11:31:39,Ch6,T. OVER
 29-06-18,11:32:39,Ch6,T. OVER
 29-06-18,11:33:39,Ch6,T. OVER
 29-06-18,11:34:39,Ch6,T. OVER
 29-06-18,11:35:39,Ch6,T. OVER
 29-06-18,11:36:39,Ch6,T. OVER
 29-06-18,11:37:40,Ch6,T. OVER
 29-06-18,11:38:40,Ch6,T. OVER
 29-06-18,11:39:40,Ch6,T. OVER
 29-06-18,11:40:40,Ch6,T. OVER
 29-06-18,11:41:40,Ch6,T. OVER
 29-06-18,11:42:40,Ch6,T. OVER
 29-06-18,11:43:40,Ch6,T. OVER
 29-06-18,11:44:40,Ch6,T. OVER
 29-06-18,11:45:40,Ch6,T. OVER
 29-06-18,11:46:40,Ch6,T. OVER
 29-06-18,11:47:40,Ch6,T. OVER
 29-06-18,11:48:40,Ch6,T. OVER
 29-06-18,11:49:41,Ch6,T. OVER
 29-06-18,11:50:41,Ch6,T. OVER
 29-06-18,11:51:41,Ch6,T. OVER
 29-06-18,11:52:41,Ch6,T. OVER
 29-06-18,11:53:41,Ch6,T. OVER
 29-06-18,11:54:41,Ch6,T. OVER
 29-06-18,11:55:41,Ch6,T. OVER
 29-06-18,11:56:41,Ch6,T. OVER
 29-06-18,11:57:41,Ch6,T. OVER
 29-06-18,11:58:41,Ch6,T. OVER
 29-06-18,11:59:41,Ch6,T. OVER
 29-06-18,12:00:41,Ch6,T. OVER
 29-06-18,12:01:41,Ch6,T. OVER
 29-06-18,12:02:41,Ch6,T. OVER
 29-06-18,12:03:41,Ch6,T. OVER
 29-06-18,12:04:41,Ch6,T. OVER
 29-06-18,12:05:41,Ch6,T. OVER
 29-06-18,12:06:41,Ch6,T. OVER
 29-06-18,12:07:41,Ch6,T. OVER
 29-06-18,12:08:42,Ch6,T. OVER
 29-06-18,12:09:42,Ch6,T. OVER
 29-06-18,12:10:42,Ch6,T. OVER
 29-06-18,12:11:42,Ch6,T. OVER
 29-06-18,12:12:42,Ch6,T. OVER
 29-06-18,12:13:42,Ch6,T. OVER
 29-06-18,12:14:42,Ch6,T. OVER
 29-06-18,12:15:42,Ch6,T. OVER
 29-06-18,12:16:42,Ch6,T. OVER
 29-06-18,12:17:42,Ch6,T. OVER
 29-06-18,12:18:42,Ch6,T. OVER
 29-06-18,12:19:43,Ch6,T. OVER
 29-06-18,12:20:43,Ch6,T. OVER
 29-06-18,12:21:43,Ch6,T. OVER
 29-06-18,12:22:43,Ch6,T. OVER
 29-06-18,12:23:43,Ch6,T. OVER
 29-06-18,12:24:43,Ch6,T. OVER
 29-06-18,12:25:43,Ch6,T. OVER
 29-06-18,12:26:43,Ch6,T. OVER
 29-06-18,12:27:43,Ch6,T. OVER
 29-06-18,12:28:43,Ch6,T. OVER
 29-06-18,12:29:43,Ch6,T. OVER
 29-06-18,12:30:43,Ch6,T. OVER
 29-06-18,12:31:43,Ch6,T. OVER
 29-06-18,12:32:43,Ch6,T. OVER
 29-06-18,12:33:43,Ch6,T. OVER
 29-06-18,12:34:44,Ch6,T. OVER
 29-06-18,12:35:44,Ch6,T. OVER
 29-06-18,12:36:44,Ch6,T. OVER
 29-06-18,12:37:44,Ch6,T. OVER
 29-06-18,12:38:44,Ch6,T. OVER
 29-06-18,12:39:44,Ch6,T. OVER
 29-06-18,12:40:44,Ch6,T. OVER
 29-06-18,12:41:44,Ch6,T. OVER
 29-06-18,12:42:44,Ch6,T. OVER
 29-06-18,12:43:44,Ch6,T. OVER
 29-06-18,12:44:44,Ch6,T. OVER
 29-06-18,12:45:45,Ch6,T. OVER
 29-06-18,12:46:45,Ch6,T. OVER
 29-06-18,12:47:45,Ch6,T. OVER
 29-06-18,12:48:45,Ch6,T. OVER
 29-06-18,12:49:45,Ch6,T. OVER
 29-06-18,12:50:45,Ch6,T. OVER
 29-06-18,12:51:45,Ch6,T. OVER
 29-06-18,12:52:46,Ch6,T. OVER
 29-06-18,12:53:46,Ch6,T. OVER
 29-06-18,12:54:46,Ch6,T. OVER
 29-06-18,12:55:46,Ch6,T. OVER
 29-06-18,12:56:46,Ch6,T. OVER
 29-06-18,12:57:46,Ch6,T. OVER
 29-06-18,12:58:46,Ch6,T. OVER
 29-06-18,12:59:46,Ch6,T. OVER
 29-06-18,13:00:46,Ch6,T. OVER
 29-06-18,13:01:46,Ch6,T. OVER
 29-06-18,13:02:46,Ch6,T. OVER
 29-06-18,13:03:46,Ch6,T. OVER
 29-06-18,13:04:46,Ch6,T. OVER
 29-06-18,13:05:46,Ch6,T. OVER
 29-06-18,13:06:46,Ch6,T. OVER
 29-06-18,13:07:46,Ch6,T. OVER
 29-06-18,13:08:46,Ch6,T. OVER
 29-06-18,13:09:46,Ch6,T. OVER
 29-06-18,13:10:46,Ch6,T. OVER
 29-06-18,13:11:46,Ch6,T. OVER
 29-06-18,13:12:46,Ch6,T. OVER
 29-06-18,13:13:46,Ch6,T. OVER
 29-06-18,13:14:46,Ch6,T. OVER
 29-06-18,13:15:46,Ch6,T. OVER
 29-06-18,13:16:46,Ch6,T. OVER
 29-06-18,13:17:46,Ch6,T. OVER
 29-06-18,13:18:47,Ch6,T. OVER
 29-06-18,13:19:47,Ch6,T. OVER
 29-06-18,13:20:47,Ch6,T. OVER
 29-06-18,13:21:47,Ch6,T. OVER
 29-06-18,13:22:47,Ch6,T. OVER
 29-06-18,13:23:47,Ch6,T. OVER
 29-06-18,13:24:47,Ch6,T. OVER
 29-06-18,13:25:47,Ch6,T. OVER
 29-06-18,13:26:48,Ch6,T. OVER
 29-06-18,13:27:48,Ch6,T. OVER
 29-06-18,13:28:48,Ch6,T. OVER
 29-06-18,13:29:48,Ch6,T. OVER
 29-06-18,13:30:48,Ch6,T. OVER
 29-06-18,13:31:48,Ch6,T. OVER
 29-06-18,13:32:48,Ch6,T. OVER
 29-06-18,13:33:48,Ch6,T. OVER
 29-06-18,13:34:48,Ch6,T. OVER
 29-06-18,13:35:48,Ch6,T. OVER
 29-06-18,13:36:48,Ch6,T. OVER
 29-06-18,13:37:48,Ch6,T. OVER
 29-06-18,13:38:49,Ch6,T. OVER
 29-06-18,13:39:49,Ch6,T. OVER
 29-06-18,13:40:49,Ch6,T. OVER
 29-06-18,13:41:49,Ch6,T. OVER
 29-06-18,13:42:49,Ch6,T. OVER
 29-06-18,13:43:49,Ch6,T. OVER
 29-06-18,13:44:49,Ch6,T. OVER
 29-06-18,13:45:49,Ch6,T. OVER
 29-06-18,13:46:49,Ch6,T. OVER
 29-06-18,13:47:49,Ch6,T. OVER
 29-06-18,13:48:49,Ch6,T. OVER
 29-06-18,13:49:49,Ch6,T. OVER
 29-06-18,13:50:49,Ch6,T. OVER
 29-06-18,13:51:49,Ch6,T. OVER
 29-06-18,13:52:49,Ch6,T. OVER
 29-06-18,13:53:49,Ch6,VMIX OVL,VDIF OVL,T. OVER
 29-06-18,13:54:49,Ch6,T. OVER
 29-06-18,13:55:49,Ch6,VMIX OVL,VDIF OVL,T. OVER
 29-06-18,13:56:49,Ch6,T. OVER
 29-06-18,13:57:49,Ch6,T. OVER
 29-06-18,13:58:49,Ch6,T. OVER
 29-06-18,13:59:49,Ch6,T. OVER
 29-06-18,14:00:49,Ch6,T. OVER
 29-06-18,14:01:49,Ch6,VMIX OVL,VDIF OVL,T. OVER
 29-06-18,14:02:49,Ch6,T. OVER
 29-06-18,14:03:49,Ch6,T. OVER
 29-06-18,14:04:49,Ch6,T. OVER
 29-06-18,14:05:49,Ch6,VMIX OVL,VDIF OVL,T. OVER
 29-06-18,14:06:49,Ch6,T. OVER
 29-06-18,14:07:50,Ch6,T. OVER
 29-06-18,14:08:50,Ch6,T. OVER
 29-06-18,14:09:50,Ch6,T. OVER
 29-06-18,14:10:50,Ch6,T. OVER
 29-06-18,14:11:50,Ch6,T. OVER
 29-06-18,14:12:50,Ch6,T. OVER
 29-06-18,14:13:50,Ch6,T. OVER
 29-06-18,14:14:50,Ch6,T. OVER
 29-06-18,14:15:50,Ch6,T. OVER
 29-06-18,14:16:51,Ch6,T. OVER
 29-06-18,14:17:51,Ch6,T. OVER
 29-06-18,14:18:51,Ch6,T. OVER
 29-06-18,14:19:51,Ch6,T. OVER
 29-06-18,14:20:51,Ch6,T. OVER
 29-06-18,14:21:51,Ch6,T. OVER
 29-06-18,14:22:51,Ch6,T. OVER
 29-06-18,14:23:51,Ch6,T. OVER
 29-06-18,14:24:51,Ch6,T. OVER
 29-06-18,14:25:52,Ch6,T. OVER
 29-06-18,14:26:52,Ch6,T. OVER
 29-06-18,14:27:52,Ch6,T. OVER
 29-06-18,14:28:52,Ch6,T. OVER
 29-06-18,14:29:52,Ch6,T. OVER
 29-06-18,14:30:52,Ch6,T. OVER
 29-06-18,14:31:52,Ch6,T. OVER
 29-06-18,14:32:52,Ch6,T. OVER
 29-06-18,14:33:52,Ch6,T. OVER
 29-06-18,14:34:52,Ch6,T. OVER
 29-06-18,14:35:52,Ch6,T. OVER
 29-06-18,14:36:52,Ch6,T. OVER
 29-06-18,14:37:53,Ch6,T. OVER
 29-06-18,14:38:53,Ch6,T. OVER
 29-06-18,14:39:53,Ch6,T. OVER
 29-06-18,14:40:53,Ch6,T. OVER
 29-06-18,14:41:53,Ch6,T. OVER
 29-06-18,14:42:53,Ch6,T. OVER
 29-06-18,14:43:53,Ch6,T. OVER
 29-06-18,14:44:53,Ch6,T. OVER
 29-06-18,14:45:53,Ch6,T. OVER
 29-06-18,14:46:53,Ch6,T. OVER
 29-06-18,14:47:53,Ch6,T. OVER
 29-06-18,14:48:53,Ch6,T. OVER
 29-06-18,14:49:53,Ch6,T. OVER
 29-06-18,14:50:53,Ch6,T. OVER
 29-06-18,14:51:53,Ch6,T. OVER
 29-06-18,14:52:53,Ch6,T. OVER
 29-06-18,14:53:53,Ch6,T. OVER
 29-06-18,14:54:53,Ch6,T. OVER
 29-06-18,14:55:53,Ch6,T. OVER
 29-06-18,14:56:53,Ch6,T. OVER
 29-06-18,14:57:53,Ch6,T. OVER
 29-06-18,14:58:53,Ch6,T. OVER
 29-06-18,14:59:54,Ch6,T. OVER
 29-06-18,15:00:54,Ch6,T. OVER
 29-06-18,15:01:54,Ch6,T. OVER
 29-06-18,15:02:54,Ch6,T. OVER
 29-06-18,15:03:54,Ch6,T. OVER
 29-06-18,15:04:54,Ch6,T. OVER
 29-06-18,15:05:54,Ch6,T. OVER
 29-06-18,15:06:54,Ch6,T. OVER
 29-06-18,15:07:54,Ch6,T. OVER
 29-06-18,15:08:54,Ch6,T. OVER
 29-06-18,15:09:54,Ch6,T. OVER
 29-06-18,15:10:54,Ch6,T. OVER
 29-06-18,15:11:54,Ch6,T. OVER
 29-06-18,15:12:54,Ch6,T. OVER
 29-06-18,15:13:54,Ch6,T. OVER
 29-06-18,15:14:54,Ch6,T. OVER
 29-06-18,15:15:55,Ch6,T. OVER
 29-06-18,15:16:55,Ch6,T. OVER
 29-06-18,15:17:55,Ch6,T. OVER
 29-06-18,15:18:55,Ch6,T. OVER
 29-06-18,15:19:55,Ch6,T. OVER
 29-06-18,15:20:55,Ch6,T. OVER
 29-06-18,15:21:55,Ch6,T. OVER
 29-06-18,15:22:55,Ch6,T. OVER
 29-06-18,15:23:55,Ch6,T. OVER
 29-06-18,15:24:55,Ch6,T. OVER
 29-06-18,15:25:56,Ch6,T. OVER
 29-06-18,15:26:56,Ch6,T. OVER
 29-06-18,15:27:56,Ch6,T. OVER
 29-06-18,15:28:56,Ch6,T. OVER
 29-06-18,15:29:56,Ch6,T. OVER
 29-06-18,15:30:56,Ch6,T. OVER
 29-06-18,15:31:56,Ch6,T. OVER
 29-06-18,15:32:56,Ch6,T. OVER
 29-06-18,15:33:56,Ch6,T. OVER
 29-06-18,15:34:56,Ch6,T. OVER
 29-06-18,15:35:56,Ch6,T. OVER
 29-06-18,15:36:56,Ch6,T. OVER
 29-06-18,15:37:56,Ch6,T. OVER
 29-06-18,15:38:56,Ch6,T. OVER
 29-06-18,15:39:56,Ch6,T. OVER
 29-06-18,15:40:56,Ch6,T. OVER
 29-06-18,15:41:57,Ch6,T. OVER
 29-06-18,15:42:57,Ch6,T. OVER
 29-06-18,15:43:57,Ch6,T. OVER
 29-06-18,15:44:57,Ch6,T. OVER
 29-06-18,15:45:57,Ch6,T. OVER
 29-06-18,15:46:57,Ch6,T. OVER
 29-06-18,15:47:57,Ch6,T. OVER
 29-06-18,15:48:57,Ch6,T. OVER
 29-06-18,15:49:57,Ch6,T. OVER
 29-06-18,15:50:57,Ch6,T. OVER
 29-06-18,15:51:58,Ch6,T. OVER
 29-06-18,15:52:58,Ch6,T. OVER
 29-06-18,15:53:58,Ch6,T. OVER
 29-06-18,15:54:58,Ch6,T. OVER
 29-06-18,15:55:59,Ch6,T. OVER
 29-06-18,15:56:59,Ch6,T. OVER
 29-06-18,15:57:59,Ch6,T. OVER
 29-06-18,15:58:59,Ch6,T. OVER
 29-06-18,15:59:59,Ch6,T. OVER
 29-06-18,16:00:59,Ch6,T. OVER
 29-06-18,16:01:59,Ch6,T. OVER
 29-06-18,16:02:59,Ch6,T. OVER
 29-06-18,16:03:59,Ch6,T. OVER
 29-06-18,16:04:59,Ch6,T. OVER
 29-06-18,16:06:00,Ch6,T. OVER
 29-06-18,16:07:00,Ch6,T. OVER
 29-06-18,16:08:00,Ch6,T. OVER
 29-06-18,16:09:00,Ch6,T. OVER
 29-06-18,16:10:00,Ch6,T. OVER
 29-06-18,16:11:00,Ch6,T. OVER
 29-06-18,16:12:00,Ch6,T. OVER
 29-06-18,16:13:00,Ch6,T. OVER
 29-06-18,16:14:00,Ch6,T. OVER
 29-06-18,16:15:00,Ch6,T. OVER
 29-06-18,16:16:00,Ch6,T. OVER
 29-06-18,16:17:00,Ch6,T. OVER
 29-06-18,16:18:00,Ch6,T. OVER
 29-06-18,16:19:01,Ch6,T. OVER
 29-06-18,16:20:01,Ch6,T. OVER
 29-06-18,16:21:01,Ch6,T. OVER
 29-06-18,16:22:01,Ch6,T. OVER
 29-06-18,16:23:01,Ch6,T. OVER
 29-06-18,16:24:01,Ch6,T. OVER
 29-06-18,16:25:01,Ch6,T. OVER
 29-06-18,16:26:01,Ch6,T. OVER
 29-06-18,16:27:01,Ch6,T. OVER
 29-06-18,16:28:01,Ch6,T. OVER
 29-06-18,16:29:01,Ch6,T. OVER
 29-06-18,16:30:01,Ch6,T. OVER
 29-06-18,16:31:01,Ch6,T. OVER
 29-06-18,16:32:01,Ch6,T. OVER
 29-06-18,16:33:01,Ch6,T. OVER
 29-06-18,16:34:01,Ch6,T. OVER
 29-06-18,16:35:01,Ch6,T. OVER
 29-06-18,16:36:01,Ch6,T. OVER
 29-06-18,16:37:01,Ch6,T. OVER
 29-06-18,16:38:01,Ch6,T. OVER
 29-06-18,16:39:01,Ch6,T. OVER
 29-06-18,16:40:01,Ch6,T. OVER
 29-06-18,16:41:01,Ch6,T. OVER
 29-06-18,16:42:02,Ch6,T. OVER
 29-06-18,16:43:02,Ch6,T. OVER
 29-06-18,16:44:02,Ch6,T. OVER
 29-06-18,16:45:02,Ch6,T. OVER
 29-06-18,16:46:02,Ch6,T. OVER
 29-06-18,16:47:02,Ch6,T. OVER
 29-06-18,16:48:02,Ch6,T. OVER
 29-06-18,16:49:02,Ch6,T. OVER
 29-06-18,16:50:03,Ch6,T. OVER
 29-06-18,16:51:03,Ch6,T. OVER
 29-06-18,16:52:03,Ch6,T. OVER
 29-06-18,16:53:03,Ch6,T. OVER
 29-06-18,16:54:03,Ch6,T. OVER
 29-06-18,16:55:03,Ch6,T. OVER
 29-06-18,16:56:03,Ch6,T. OVER
 29-06-18,16:57:03,Ch6,T. OVER
 29-06-18,16:58:03,Ch6,T. OVER
 29-06-18,16:59:03,Ch6,T. OVER
 29-06-18,17:00:03,Ch6,T. OVER
 29-06-18,17:01:03,Ch6,T. OVER
 29-06-18,17:02:03,Ch6,T. OVER
 29-06-18,17:03:04,Ch6,T. OVER
 29-06-18,17:04:04,Ch6,T. OVER
 29-06-18,17:05:04,Ch6,T. OVER
 29-06-18,17:06:04,Ch6,T. OVER
 29-06-18,17:07:04,Ch6,T. OVER
 29-06-18,17:08:04,Ch6,T. OVER
 29-06-18,17:09:04,Ch6,T. OVER
 29-06-18,17:10:04,Ch6,T. OVER
 29-06-18,17:11:04,Ch6,T. OVER
 29-06-18,17:12:04,Ch6,T. OVER
 29-06-18,17:13:04,Ch6,T. OVER
 29-06-18,17:14:04,Ch6,T. OVER
 29-06-18,17:15:04,Ch6,T. OVER
 29-06-18,17:16:04,Ch6,T. OVER
 29-06-18,17:17:04,Ch6,T. OVER
 29-06-18,17:18:05,Ch6,T. OVER
 29-06-18,17:19:05,Ch6,T. OVER
 29-06-18,17:20:05,Ch6,T. OVER
 29-06-18,17:21:05,Ch6,T. OVER
 29-06-18,17:22:05,Ch6,T. OVER
 29-06-18,17:23:05,Ch6,T. OVER
 29-06-18,17:24:05,Ch6,T. OVER
 29-06-18,17:25:05,Ch6,T. OVER
 29-06-18,17:26:05,Ch6,T. OVER
 29-06-18,17:27:05,Ch6,T. OVER
 29-06-18,17:28:05,Ch6,T. OVER
 29-06-18,17:29:05,Ch6,T. OVER
 29-06-18,17:30:05,Ch6,T. OVER
 29-06-18,17:31:05,Ch6,T. OVER
 29-06-18,17:32:05,Ch6,T. OVER
 29-06-18,17:33:06,Ch6,T. OVER
 29-06-18,17:34:06,Ch6,T. OVER
 29-06-18,17:35:06,Ch6,T. OVER
 29-06-18,17:36:06,Ch6,T. OVER
 29-06-18,17:37:06,Ch6,T. OVER
 29-06-18,17:38:06,Ch6,T. OVER
 29-06-18,17:39:06,Ch6,T. OVER
 29-06-18,17:40:06,Ch6,T. OVER
 29-06-18,17:41:06,Ch6,T. OVER
 29-06-18,17:42:06,Ch6,T. OVER
 29-06-18,17:43:06,Ch6,T. OVER
 29-06-18,17:44:06,Ch6,T. OVER
 29-06-18,17:45:06,Ch6,T. OVER
 29-06-18,17:46:06,Ch6,T. OVER
 29-06-18,17:47:06,Ch6,T. OVER
 29-06-18,17:48:06,Ch6,T. OVER
 29-06-18,17:49:06,Ch6,T. OVER
 29-06-18,17:50:06,Ch6,T. OVER
 29-06-18,17:51:06,Ch6,T. OVER
 29-06-18,17:52:07,Ch6,T. OVER
 29-06-18,17:53:07,Ch6,T. OVER
 29-06-18,17:54:07,Ch6,T. OVER
 29-06-18,17:55:07,Ch6,T. OVER
 29-06-18,17:56:07,Ch6,T. OVER
 29-06-18,17:57:07,Ch6,T. OVER
 29-06-18,17:58:07,Ch6,T. OVER
 29-06-18,17:59:07,Ch6,T. OVER
 29-06-18,18:00:07,Ch6,T. OVER
 29-06-18,18:01:07,Ch6,T. OVER
 29-06-18,18:02:07,Ch6,T. OVER
 29-06-18,18:03:08,Ch6,T. OVER
 29-06-18,18:04:08,Ch6,T. OVER
 29-06-18,18:05:08,Ch6,T. OVER
 29-06-18,18:06:08,Ch6,T. OVER
 29-06-18,18:07:08,Ch6,T. OVER
 29-06-18,18:08:08,Ch6,T. OVER
 29-06-18,18:09:08,Ch6,T. OVER
 29-06-18,18:10:08,Ch6,T. OVER
 29-06-18,18:11:08,Ch6,T. OVER
 29-06-18,18:12:08,Ch6,T. OVER
 29-06-18,18:13:08,Ch6,T. OVER
 29-06-18,18:14:08,Ch6,T. OVER
 29-06-18,18:15:09,Ch6,T. OVER
 29-06-18,18:16:09,Ch6,T. OVER
 29-06-18,18:17:09,Ch6,T. OVER
 29-06-18,18:18:09,Ch6,T. OVER
 29-06-18,18:19:09,Ch6,T. OVER
 29-06-18,18:20:09,Ch6,T. OVER
 29-06-18,18:21:09,Ch6,T. OVER
 29-06-18,18:22:09,Ch6,T. OVER
 29-06-18,18:23:10,Ch6,T. OVER
 29-06-18,18:24:10,Ch6,T. OVER
 29-06-18,18:25:10,Ch6,T. OVER
 29-06-18,18:26:10,Ch6,T. OVER
 29-06-18,18:27:10,Ch6,T. OVER
 29-06-18,18:28:10,Ch6,T. OVER
 29-06-18,18:29:10,Ch6,T. OVER
 29-06-18,18:30:10,Ch6,T. OVER
 29-06-18,18:31:10,Ch6,T. OVER
 29-06-18,18:32:11,Ch6,T. OVER
 29-06-18,18:33:11,Ch6,T. OVER
 29-06-18,18:34:11,Ch6,T. OVER
 29-06-18,18:35:11,Ch6,T. OVER
 29-06-18,18:36:11,Ch6,T. OVER
 29-06-18,18:37:11,Ch6,T. OVER
 29-06-18,18:38:12,Ch6,T. OVER
 29-06-18,18:39:12,Ch6,T. OVER
 29-06-18,18:40:12,Ch6,T. OVER
 29-06-18,18:41:12,Ch6,T. OVER
 29-06-18,18:42:12,Ch6,T. OVER
 29-06-18,18:43:12,Ch6,T. OVER
 29-06-18,18:44:12,Ch6,T. OVER
 29-06-18,18:45:12,Ch6,T. OVER
 29-06-18,18:46:12,Ch6,T. OVER
 29-06-18,18:47:12,Ch6,T. OVER
 29-06-18,18:48:13,Ch6,T. OVER
 29-06-18,18:49:13,Ch6,T. OVER
 29-06-18,18:50:13,Ch6,T. OVER
 29-06-18,18:51:13,Ch6,T. OVER
 29-06-18,18:52:13,Ch6,T. OVER
 29-06-18,18:53:13,Ch6,T. OVER
 29-06-18,18:54:13,Ch6,T. OVER
 29-06-18,18:55:13,Ch6,T. OVER
 29-06-18,18:56:13,Ch6,T. OVER
 29-06-18,18:57:13,Ch6,T. OVER
 29-06-18,18:58:13,Ch6,T. OVER
 29-06-18,18:59:13,Ch6,T. OVER
 29-06-18,19:00:13,Ch6,T. OVER
 29-06-18,19:01:13,Ch6,T. OVER
 29-06-18,19:02:13,Ch6,T. OVER
 29-06-18,19:03:13,Ch6,T. OVER
 29-06-18,19:04:13,Ch6,T. OVER
 29-06-18,19:05:14,Ch6,VMIX OVL,T. OVER
 29-06-18,19:06:14,Ch6,T. OVER
 29-06-18,19:07:14,Ch6,T. OVER
 29-06-18,19:08:14,Ch6,T. OVER
 29-06-18,19:09:14,Ch6,T. OVER
 29-06-18,19:10:14,Ch6,T. OVER
 29-06-18,19:11:15,Ch6,T. OVER
 29-06-18,19:12:15,Ch6,T. OVER
 29-06-18,19:13:15,Ch6,T. OVER
 29-06-18,19:14:15,Ch6,T. OVER
 29-06-18,19:15:15,Ch6,T. OVER
 29-06-18,19:16:15,Ch6,T. OVER
 29-06-18,19:17:15,Ch6,T. OVER
 29-06-18,19:18:15,Ch6,T. OVER
 29-06-18,19:19:15,Ch6,T. OVER
 29-06-18,19:20:15,Ch6,T. OVER
 29-06-18,19:21:16,Ch6,T. OVER
 29-06-18,19:22:16,Ch6,T. OVER
 29-06-18,19:23:16,Ch6,T. OVER
 29-06-18,19:24:16,Ch6,T. OVER
 29-06-18,19:25:16,Ch6,T. OVER
 29-06-18,19:26:17,Ch6,T. OVER
 29-06-18,19:27:17,Ch6,T. OVER
 29-06-18,19:28:17,Ch6,T. OVER
 29-06-18,19:29:17,Ch6,T. OVER
 29-06-18,19:30:17,Ch6,T. OVER
 29-06-18,19:31:17,Ch6,T. OVER
 29-06-18,19:32:17,Ch6,T. OVER
 29-06-18,19:33:17,Ch6,T. OVER
 29-06-18,19:34:17,Ch6,T. OVER
 29-06-18,19:35:17,Ch6,T. OVER
 29-06-18,19:36:17,Ch6,T. OVER
 29-06-18,19:37:17,Ch6,T. OVER
 29-06-18,19:38:17,Ch6,T. OVER
 29-06-18,19:39:17,Ch6,T. OVER
 29-06-18,19:40:17,Ch6,T. OVER
 29-06-18,19:41:17,Ch6,T. OVER
 29-06-18,19:42:17,Ch6,T. OVER
 29-06-18,19:43:17,Ch6,T. OVER
 29-06-18,19:44:17,Ch6,T. OVER
 29-06-18,19:45:17,Ch6,T. OVER
 29-06-18,19:46:18,Ch6,T. OVER
 29-06-18,19:47:18,Ch6,T. OVER
 29-06-18,19:48:18,Ch6,T. OVER
 29-06-18,19:49:18,Ch6,T. OVER
 29-06-18,19:50:18,Ch6,T. OVER
 29-06-18,19:51:18,Ch6,T. OVER
 29-06-18,19:52:18,Ch6,T. OVER
 29-06-18,19:53:18,Ch6,T. OVER
 29-06-18,19:54:18,Ch6,T. OVER
 29-06-18,19:55:18,Ch6,T. OVER
 29-06-18,19:56:18,Ch6,T. OVER
 29-06-18,19:57:18,Ch6,T. OVER
 29-06-18,19:58:18,Ch6,T. OVER
 29-06-18,19:59:18,Ch6,T. OVER
 29-06-18,20:00:18,Ch6,T. OVER
 29-06-18,20:01:18,Ch6,T. OVER
 29-06-18,20:02:18,Ch6,T. OVER
 29-06-18,20:03:18,Ch6,T. OVER
 29-06-18,20:04:18,Ch6,T. OVER
 29-06-18,20:05:18,Ch6,T. OVER
 29-06-18,20:06:18,Ch6,T. OVER
 29-06-18,20:07:18,Ch6,T. OVER
 29-06-18,20:08:18,Ch6,T. OVER
 29-06-18,20:09:19,Ch6,T. OVER
 29-06-18,20:10:19,Ch6,T. OVER
 29-06-18,20:11:19,Ch6,T. OVER
 29-06-18,20:12:19,Ch6,T. OVER
 29-06-18,20:13:19,Ch6,T. OVER
 29-06-18,20:14:19,Ch6,T. OVER
 29-06-18,20:15:19,Ch6,T. OVER
 29-06-18,20:16:19,Ch6,T. OVER
 29-06-18,20:17:19,Ch6,T. OVER
 29-06-18,20:18:19,Ch6,T. OVER
 29-06-18,20:19:19,Ch6,T. OVER
 29-06-18,20:20:19,Ch6,T. OVER
 29-06-18,20:21:19,Ch6,T. OVER
 29-06-18,20:22:19,Ch6,T. OVER
 29-06-18,20:23:19,Ch6,T. OVER
 29-06-18,20:24:19,Ch6,T. OVER
 29-06-18,20:25:19,Ch6,T. OVER
 29-06-18,20:26:20,Ch6,T. OVER
 29-06-18,20:27:20,Ch6,T. OVER
 29-06-18,20:28:20,Ch6,T. OVER
 29-06-18,20:29:20,Ch6,T. OVER
 29-06-18,20:30:20,Ch6,T. OVER
 29-06-18,20:31:20,Ch6,T. OVER
 29-06-18,20:32:20,Ch6,T. OVER
 29-06-18,20:33:20,Ch6,T. OVER
 29-06-18,20:34:20,Ch6,T. OVER
 29-06-18,20:35:20,Ch6,T. OVER
 29-06-18,20:36:20,Ch6,T. OVER
 29-06-18,20:37:20,Ch6,T. OVER
 29-06-18,20:38:20,Ch6,T. OVER
 29-06-18,20:39:20,Ch6,T. OVER
 29-06-18,20:40:20,Ch6,T. OVER
 29-06-18,20:41:21,Ch6,T. OVER
 29-06-18,20:42:21,Ch6,T. OVER
 29-06-18,20:43:21,Ch6,T. OVER
 29-06-18,20:44:21,Ch6,T. OVER
 29-06-18,20:45:21,Ch6,T. OVER
 29-06-18,20:46:21,Ch6,T. OVER
 29-06-18,20:47:21,Ch6,T. OVER
 29-06-18,20:48:22,Ch6,T. OVER
 29-06-18,20:49:22,Ch6,T. OVER
 29-06-18,20:50:22,Ch6,T. OVER
 29-06-18,20:51:22,Ch6,T. OVER
 29-06-18,20:52:22,Ch6,T. OVER
 29-06-18,20:53:22,Ch6,T. OVER
 29-06-18,20:54:22,Ch6,T. OVER
 29-06-18,20:55:22,Ch6,T. OVER
 29-06-18,20:56:22,Ch6,T. OVER
 29-06-18,20:57:22,Ch6,T. OVER
 29-06-18,20:58:22,Ch6,T. OVER
 29-06-18,20:59:22,Ch6,T. OVER
 29-06-18,21:00:22,Ch6,T. OVER
 29-06-18,21:01:22,Ch6,T. OVER
 29-06-18,21:02:22,Ch6,T. OVER
 29-06-18,21:03:22,Ch6,T. OVER
 29-06-18,21:04:22,Ch6,T. OVER
 29-06-18,21:05:23,Ch6,T. OVER
 29-06-18,21:06:23,Ch6,T. OVER
 29-06-18,21:07:23,Ch6,T. OVER
 29-06-18,21:08:23,Ch6,T. OVER
 29-06-18,21:09:24,Ch6,T. OVER
 29-06-18,21:10:24,Ch6,T. OVER
 29-06-18,21:11:24,Ch6,T. OVER
 29-06-18,21:12:24,Ch6,T. OVER
 29-06-18,21:13:24,Ch6,T. OVER
 29-06-18,21:14:24,Ch6,T. OVER
 29-06-18,21:15:25,Ch6,T. OVER
 29-06-18,21:16:25,Ch6,T. OVER
 29-06-18,21:17:25,Ch6,T. OVER
 29-06-18,21:18:25,Ch6,T. OVER
 29-06-18,21:19:25,Ch6,T. OVER
 29-06-18,21:20:25,Ch6,T. OVER
 29-06-18,21:21:25,Ch6,T. OVER
 29-06-18,21:22:25,Ch6,T. OVER
 29-06-18,21:23:25,Ch6,T. OVER
 29-06-18,21:24:25,Ch6,T. OVER
 29-06-18,21:25:25,Ch6,T. OVER
 29-06-18,21:26:25,Ch6,T. OVER
 29-06-18,21:27:25,Ch6,T. OVER
 29-06-18,21:28:25,Ch6,T. OVER
 29-06-18,21:29:25,Ch6,T. OVER
 29-06-18,21:30:25,Ch6,T. OVER
 29-06-18,21:31:25,Ch6,T. OVER
 29-06-18,21:32:25,Ch6,T. OVER
 29-06-18,21:33:25,Ch6,T. OVER
 29-06-18,21:34:25,Ch6,T. OVER
 29-06-18,21:35:25,Ch6,T. OVER
 29-06-18,21:36:25,Ch6,T. OVER
 29-06-18,21:37:25,Ch6,T. OVER
 29-06-18,21:38:25,Ch6,T. OVER
 29-06-18,21:39:25,Ch6,T. OVER
 29-06-18,21:40:26,Ch6,T. OVER
 29-06-18,21:41:26,Ch6,T. OVER
 29-06-18,21:42:26,Ch6,T. OVER
 29-06-18,21:43:26,Ch6,T. OVER
 29-06-18,21:44:26,Ch6,T. OVER
 29-06-18,21:45:26,Ch6,T. OVER
 29-06-18,21:46:26,Ch6,T. OVER
 29-06-18,21:47:26,Ch6,T. OVER
 29-06-18,21:48:26,Ch6,T. OVER
 29-06-18,21:49:26,Ch6,T. OVER
 29-06-18,21:50:26,Ch6,T. OVER
 29-06-18,21:51:26,Ch6,T. OVER
 29-06-18,21:52:26,Ch6,T. OVER
 29-06-18,21:53:26,Ch6,T. OVER
 29-06-18,21:54:26,Ch6,T. OVER
 29-06-18,21:55:26,Ch6,T. OVER
 29-06-18,21:56:26,Ch6,T. OVER
 29-06-18,21:57:26,Ch6,T. OVER
 29-06-18,21:58:26,Ch6,T. OVER
 29-06-18,21:59:26,Ch6,T. OVER
 29-06-18,22:00:26,Ch6,T. OVER
 29-06-18,22:01:26,Ch6,T. OVER
 29-06-18,22:02:26,Ch6,T. OVER
 29-06-18,22:03:26,Ch6,T. OVER
 29-06-18,22:04:26,Ch6,T. OVER
 29-06-18,22:05:26,Ch6,T. OVER
 29-06-18,22:06:26,Ch6,T. OVER
 29-06-18,22:07:26,Ch6,T. OVER
 29-06-18,22:08:26,Ch6,T. OVER
 29-06-18,22:09:26,Ch6,T. OVER
 29-06-18,22:10:26,Ch6,T. OVER
 29-06-18,22:11:26,Ch6,T. OVER
 29-06-18,22:12:26,Ch6,T. OVER
 29-06-18,22:13:26,Ch6,T. OVER
 29-06-18,22:14:26,Ch6,T. OVER
 29-06-18,22:15:26,Ch6,T. OVER
 29-06-18,22:16:26,Ch6,T. OVER
 29-06-18,22:17:27,Ch6,T. OVER
 29-06-18,22:18:27,Ch6,T. OVER
 29-06-18,22:19:27,Ch6,T. OVER
 29-06-18,22:20:27,Ch6,T. OVER
 29-06-18,22:21:27,Ch6,T. OVER
 29-06-18,22:22:27,Ch6,T. OVER
 29-06-18,22:23:27,Ch6,T. OVER
 29-06-18,22:24:27,Ch6,T. OVER
 29-06-18,22:25:27,Ch6,T. OVER
 29-06-18,22:26:27,Ch6,T. OVER
 29-06-18,22:27:27,Ch6,T. OVER
 29-06-18,22:28:27,Ch6,T. OVER
 29-06-18,22:29:28,Ch6,T. OVER
 29-06-18,22:30:28,Ch6,T. OVER
 29-06-18,22:31:28,Ch6,T. OVER
 29-06-18,22:32:28,Ch6,T. OVER
 29-06-18,22:33:28,Ch6,T. OVER
 29-06-18,22:34:28,Ch6,T. OVER
 29-06-18,22:35:28,Ch6,T. OVER
 29-06-18,22:36:28,Ch6,T. OVER
 29-06-18,22:37:29,Ch6,T. OVER
 29-06-18,22:38:29,Ch6,T. OVER
 29-06-18,22:39:29,Ch6,T. OVER
 29-06-18,22:40:29,Ch6,T. OVER
 29-06-18,22:41:29,Ch6,T. OVER
 29-06-18,22:42:29,Ch6,T. OVER
 29-06-18,22:43:29,Ch6,T. OVER
 29-06-18,22:44:29,Ch6,T. OVER
 29-06-18,22:45:29,Ch6,T. OVER
 29-06-18,22:46:29,Ch6,T. OVER
 29-06-18,22:47:30,Ch6,T. OVER
 29-06-18,22:48:30,Ch6,T. OVER
 29-06-18,22:49:30,Ch6,T. OVER
 29-06-18,22:50:30,Ch6,T. OVER
 29-06-18,22:51:30,Ch6,T. OVER
 29-06-18,22:52:30,Ch6,T. OVER
 29-06-18,22:53:30,Ch6,T. OVER
 29-06-18,22:54:30,Ch6,T. OVER
 29-06-18,22:55:30,Ch6,T. OVER
 29-06-18,22:56:30,Ch6,T. OVER
 29-06-18,22:57:30,Ch6,T. OVER
 29-06-18,22:58:30,Ch6,T. OVER
 29-06-18,22:59:30,Ch6,T. OVER
 29-06-18,23:00:30,Ch6,T. OVER
 29-06-18,23:01:30,Ch6,T. OVER
 29-06-18,23:02:30,Ch6,T. OVER
 29-06-18,23:03:30,Ch6,T. OVER
 29-06-18,23:04:30,Ch5,VDIF OVL
 29-06-18,23:04:30,Ch6,T. OVER
 29-06-18,23:05:30,Ch6,T. OVER
 29-06-18,23:06:31,Ch6,T. OVER
 29-06-18,23:07:31,Ch6,T. OVER
 29-06-18,23:08:31,Ch6,T. OVER
 29-06-18,23:09:31,Ch6,T. OVER
 29-06-18,23:10:32,Ch6,T. OVER
 29-06-18,23:11:32,Ch6,T. OVER
 29-06-18,23:12:32,Ch6,T. OVER
 29-06-18,23:13:32,Ch6,T. OVER
 29-06-18,23:14:32,Ch6,T. OVER
 29-06-18,23:15:32,Ch6,T. OVER
 29-06-18,23:16:32,Ch6,T. OVER
 29-06-18,23:17:32,Ch6,T. OVER
 29-06-18,23:18:32,Ch6,T. OVER
 29-06-18,23:19:32,Ch6,T. OVER
 29-06-18,23:20:32,Ch6,T. OVER
 29-06-18,23:21:32,Ch6,T. OVER
 29-06-18,23:22:33,Ch6,T. OVER
 29-06-18,23:23:33,Ch6,T. OVER
 29-06-18,23:24:33,Ch6,T. OVER
 29-06-18,23:25:33,Ch6,T. OVER
 29-06-18,23:26:33,Ch6,T. OVER
 29-06-18,23:27:33,Ch6,T. OVER
 29-06-18,23:28:33,Ch6,T. OVER
 29-06-18,23:29:33,Ch6,T. OVER
 29-06-18,23:30:33,Ch6,T. OVER
 29-06-18,23:31:33,Ch6,T. OVER
 29-06-18,23:32:33,Ch6,T. OVER
 29-06-18,23:33:34,Ch6,T. OVER
 29-06-18,23:34:34,Ch6,T. OVER
 29-06-18,23:35:34,Ch6,T. OVER
 29-06-18,23:36:34,Ch6,T. OVER
 29-06-18,23:37:34,Ch6,T. OVER
 29-06-18,23:38:34,Ch6,T. OVER
 29-06-18,23:39:34,Ch6,T. OVER
 29-06-18,23:40:34,Ch6,T. OVER
 29-06-18,23:41:34,Ch6,T. OVER
 29-06-18,23:42:34,Ch6,T. OVER
 29-06-18,23:43:34,Ch6,T. OVER
 29-06-18,23:44:34,Ch6,T. OVER
 29-06-18,23:45:34,Ch6,T. OVER
 29-06-18,23:46:34,Ch6,T. OVER
 29-06-18,23:47:34,Ch6,T. OVER
 29-06-18,23:48:34,Ch6,T. OVER
 29-06-18,23:49:34,Ch6,T. OVER
 29-06-18,23:50:34,Ch6,T. OVER
 29-06-18,23:51:34,Ch6,T. OVER
 29-06-18,23:52:35,Ch6,T. OVER
 29-06-18,23:53:35,Ch6,T. OVER
 29-06-18,23:54:35,Ch6,T. OVER
 29-06-18,23:55:35,Ch6,T. OVER
 29-06-18,23:56:35,Ch6,T. OVER
 29-06-18,23:57:35,Ch6,T. OVER
 29-06-18,23:58:35,Ch6,T. OVER
 29-06-18,23:59:35,Ch6,T. OVER
