 12-03-18,00:00:12,Ch6,T. OVER
 12-03-18,00:01:13,Ch6,T. OVER
 12-03-18,00:02:13,Ch6,T. OVER
 12-03-18,00:03:13,Ch6,T. OVER
 12-03-18,00:04:13,Ch6,T. OVER
 12-03-18,00:05:13,Ch6,T. OVER
 12-03-18,00:06:13,Ch6,T. OVER
 12-03-18,00:07:13,Ch6,T. OVER
 12-03-18,00:08:13,Ch6,T. OVER
 12-03-18,00:09:13,Ch6,T. OVER
 12-03-18,00:10:13,Ch6,T. OVER
 12-03-18,00:11:13,Ch6,T. OVER
 12-03-18,00:12:13,Ch6,T. OVER
 12-03-18,00:13:13,Ch6,T. OVER
 12-03-18,00:14:13,Ch6,T. OVER
 12-03-18,00:15:14,Ch6,T. OVER
 12-03-18,00:16:14,Ch6,T. OVER
 12-03-18,00:17:14,Ch6,T. OVER
 12-03-18,00:18:14,Ch6,T. OVER
 12-03-18,00:19:14,Ch6,T. OVER
 12-03-18,00:20:14,Ch6,T. OVER
 12-03-18,00:21:14,Ch6,T. OVER
 12-03-18,00:22:14,Ch6,T. OVER
 12-03-18,00:23:14,Ch6,T. OVER
 12-03-18,00:24:14,Ch6,T. OVER
 12-03-18,00:25:14,Ch6,T. OVER
 12-03-18,00:26:15,Ch1,VDIF OVL 12-03-18,00:26:15,Ch6,T. OVER
 12-03-18,00:27:15,Ch6,T. OVER
 12-03-18,00:28:15,Ch6,T. OVER
 12-03-18,00:29:15,Ch6,T. OVER
 12-03-18,00:30:15,Ch6,T. OVER
 12-03-18,00:31:16,Ch6,T. OVER
 12-03-18,00:32:16,Ch6,T. OVER
 12-03-18,00:33:16,Ch6,T. OVER
 12-03-18,00:34:16,Ch6,T. OVER
 12-03-18,00:35:16,Ch6,T. OVER
 12-03-18,00:36:16,Ch6,T. OVER
 12-03-18,00:37:16,Ch6,T. OVER
 12-03-18,00:38:16,Ch6,T. OVER
 12-03-18,00:39:16,Ch6,T. OVER
 12-03-18,00:40:16,Ch6,T. OVER
 12-03-18,00:41:16,Ch6,T. OVER
 12-03-18,00:42:16,Ch6,T. OVER
 12-03-18,00:43:17,Ch6,T. OVER
 12-03-18,00:44:17,Ch6,T. OVER
 12-03-18,00:45:17,Ch6,T. OVER
 12-03-18,00:46:17,Ch6,T. OVER
 12-03-18,00:47:17,Ch6,T. OVER
 12-03-18,00:48:17,Ch6,T. OVER
 12-03-18,00:49:17,Ch6,T. OVER
 12-03-18,00:50:18,Ch6,T. OVER
 12-03-18,00:51:18,Ch6,T. OVER
 12-03-18,00:52:18,Ch6,T. OVER
 12-03-18,00:53:18,Ch6,T. OVER
 12-03-18,00:54:18,Ch6,T. OVER
 12-03-18,00:55:18,Ch6,T. OVER
 12-03-18,00:56:18,Ch6,T. OVER
 12-03-18,00:57:18,Ch6,T. OVER
 12-03-18,00:58:18,Ch6,T. OVER
 12-03-18,00:59:18,Ch6,T. OVER
 12-03-18,01:00:18,Ch6,T. OVER
 12-03-18,01:01:18,Ch6,T. OVER
 12-03-18,01:02:18,Ch6,T. OVER
 12-03-18,01:03:18,Ch6,T. OVER
 12-03-18,01:04:18,Ch6,T. OVER
 12-03-18,01:05:18,Ch6,T. OVER
 12-03-18,01:06:19,Ch6,T. OVER
 12-03-18,01:07:19,Ch6,T. OVER
 12-03-18,01:08:19,Ch6,T. OVER
 12-03-18,01:09:19,Ch6,T. OVER
 12-03-18,01:10:19,Ch6,T. OVER
 12-03-18,01:11:19,Ch6,T. OVER
 12-03-18,01:12:19,Ch6,T. OVER
 12-03-18,01:13:19,Ch6,T. OVER
 12-03-18,01:14:19,Ch6,T. OVER
 12-03-18,01:15:19,Ch6,T. OVER
 12-03-18,01:16:19,Ch6,T. OVER
 12-03-18,01:17:19,Ch6,T. OVER
 12-03-18,01:18:19,Ch6,T. OVER
 12-03-18,01:19:19,Ch6,T. OVER
 12-03-18,01:20:20,Ch6,T. OVER
 12-03-18,01:21:20,Ch6,T. OVER
 12-03-18,01:22:20,Ch6,T. OVER
 12-03-18,01:23:20,Ch6,T. OVER
 12-03-18,01:24:20,Ch6,T. OVER
 12-03-18,01:25:20,Ch6,T. OVER
 12-03-18,01:26:20,Ch6,T. OVER
 12-03-18,01:27:20,Ch6,T. OVER
 12-03-18,01:28:20,Ch6,T. OVER
 12-03-18,01:29:20,Ch6,T. OVER
 12-03-18,01:30:20,Ch6,T. OVER
 12-03-18,01:31:20,Ch6,T. OVER
 12-03-18,01:32:20,Ch6,T. OVER
 12-03-18,01:33:20,Ch6,T. OVER
 12-03-18,01:34:21,Ch6,T. OVER
 12-03-18,01:35:21,Ch6,T. OVER
 12-03-18,01:36:21,Ch6,T. OVER
 12-03-18,01:37:21,Ch6,T. OVER
 12-03-18,01:38:21,Ch6,T. OVER
 12-03-18,01:39:21,Ch6,T. OVER
 12-03-18,01:40:21,Ch6,T. OVER
 12-03-18,01:41:21,Ch6,T. OVER
 12-03-18,01:42:21,Ch6,T. OVER
 12-03-18,01:43:21,Ch6,T. OVER
 12-03-18,01:44:22,Ch6,T. OVER
 12-03-18,01:45:22,Ch6,T. OVER
 12-03-18,01:46:22,Ch6,T. OVER
 12-03-18,01:47:22,Ch6,T. OVER
 12-03-18,01:48:22,Ch6,T. OVER
 12-03-18,01:49:22,Ch6,T. OVER
 12-03-18,01:50:22,Ch6,T. OVER
 12-03-18,01:51:22,Ch6,T. OVER
 12-03-18,01:52:22,Ch6,T. OVER
 12-03-18,01:53:22,Ch6,T. OVER
 12-03-18,01:54:22,Ch6,T. OVER
 12-03-18,01:55:22,Ch6,T. OVER
 12-03-18,01:56:22,Ch6,T. OVER
 12-03-18,01:57:22,Ch6,T. OVER
 12-03-18,01:58:22,Ch6,T. OVER
 12-03-18,01:59:22,Ch6,T. OVER
 12-03-18,02:00:22,Ch6,T. OVER
 12-03-18,02:01:22,Ch6,T. OVER
 12-03-18,02:02:22,Ch6,T. OVER
 12-03-18,02:03:23,Ch6,T. OVER
 12-03-18,02:04:23,Ch6,T. OVER
 12-03-18,02:05:23,Ch6,T. OVER
 12-03-18,02:06:23,Ch6,T. OVER
 12-03-18,02:07:23,Ch6,T. OVER
 12-03-18,02:08:23,Ch6,T. OVER
 12-03-18,02:09:23,Ch6,T. OVER
 12-03-18,02:10:23,Ch6,T. OVER
 12-03-18,02:11:24,Ch6,T. OVER
 12-03-18,02:12:24,Ch6,T. OVER
 12-03-18,02:13:24,Ch6,T. OVER
 12-03-18,02:14:24,Ch6,T. OVER
 12-03-18,02:15:24,Ch6,T. OVER
 12-03-18,02:16:24,Ch6,T. OVER
 12-03-18,02:17:24,Ch6,T. OVER
 12-03-18,02:18:24,Ch6,T. OVER
 12-03-18,02:19:24,Ch6,T. OVER
 12-03-18,02:20:24,Ch6,T. OVER
 12-03-18,02:21:24,Ch6,T. OVER
 12-03-18,02:22:24,Ch6,T. OVER
 12-03-18,02:23:24,Ch6,T. OVER
 12-03-18,02:24:24,Ch6,T. OVER
 12-03-18,02:25:24,Ch6,T. OVER
 12-03-18,02:26:24,Ch6,T. OVER
 12-03-18,02:27:24,Ch6,T. OVER
 12-03-18,02:28:24,Ch6,T. OVER
 12-03-18,02:29:24,Ch6,T. OVER
 12-03-18,02:30:24,Ch6,T. OVER
 12-03-18,02:31:24,Ch6,T. OVER
 12-03-18,02:32:24,Ch6,T. OVER
 12-03-18,02:33:24,Ch6,T. OVER
 12-03-18,02:34:25,Ch6,T. OVER
 12-03-18,02:35:25,Ch6,T. OVER
 12-03-18,02:36:25,Ch6,T. OVER
 12-03-18,02:37:25,Ch6,T. OVER
 12-03-18,02:38:25,Ch6,T. OVER
 12-03-18,02:39:25,Ch6,T. OVER
 12-03-18,02:40:25,Ch6,T. OVER
 12-03-18,02:41:25,Ch6,T. OVER
 12-03-18,02:42:25,Ch6,T. OVER
 12-03-18,02:43:25,Ch6,T. OVER
 12-03-18,02:44:25,Ch6,T. OVER
 12-03-18,02:45:25,Ch6,T. OVER
 12-03-18,02:46:25,Ch6,T. OVER
 12-03-18,02:47:25,Ch6,T. OVER
 12-03-18,02:48:25,Ch6,T. OVER
 12-03-18,02:49:25,Ch6,T. OVER
 12-03-18,02:50:25,Ch6,T. OVER
 12-03-18,02:51:25,Ch6,T. OVER
 12-03-18,02:52:25,Ch6,T. OVER
 12-03-18,02:53:25,Ch6,T. OVER
 12-03-18,02:54:25,Ch6,T. OVER
 12-03-18,02:55:25,Ch6,T. OVER
 12-03-18,02:56:25,Ch6,T. OVER
 12-03-18,02:57:26,Ch6,T. OVER
 12-03-18,02:58:26,Ch6,T. OVER
 12-03-18,02:59:26,Ch6,T. OVER
 12-03-18,03:00:26,Ch6,T. OVER
 12-03-18,03:01:26,Ch6,T. OVER
 12-03-18,03:02:26,Ch6,T. OVER
 12-03-18,03:03:26,Ch6,T. OVER
 12-03-18,03:04:26,Ch6,T. OVER
 12-03-18,03:05:27,Ch6,VMIX OVL,T. OVER
 12-03-18,03:06:27,Ch6,T. OVER
 12-03-18,03:07:27,Ch6,T. OVER
 12-03-18,03:08:28,Ch6,T. OVER
 12-03-18,03:09:28,Ch6,T. OVER
 12-03-18,03:10:28,Ch6,T. OVER
 12-03-18,03:11:28,Ch6,T. OVER
 12-03-18,03:12:28,Ch6,T. OVER
 12-03-18,03:13:28,Ch6,T. OVER
 12-03-18,03:14:28,Ch6,T. OVER
 12-03-18,03:15:28,Ch6,T. OVER
 12-03-18,03:16:28,Ch6,T. OVER
 12-03-18,03:17:28,Ch6,T. OVER
 12-03-18,03:18:28,Ch6,T. OVER
 12-03-18,03:19:28,Ch6,T. OVER
 12-03-18,03:20:28,Ch6,T. OVER
 12-03-18,03:21:29,Ch6,T. OVER
 12-03-18,03:22:29,Ch6,T. OVER
 12-03-18,03:23:29,Ch6,T. OVER
 12-03-18,03:24:29,Ch6,T. OVER
 12-03-18,03:25:29,Ch6,T. OVER
 12-03-18,03:26:29,Ch6,T. OVER
 12-03-18,03:27:29,Ch6,T. OVER
 12-03-18,03:28:29,Ch6,T. OVER
 12-03-18,03:29:29,Ch6,T. OVER
 12-03-18,03:30:29,Ch6,T. OVER
 12-03-18,03:31:29,Ch6,T. OVER
 12-03-18,03:32:29,Ch6,T. OVER
 12-03-18,03:33:29,Ch6,T. OVER
 12-03-18,03:34:29,Ch6,T. OVER
 12-03-18,03:35:29,Ch6,T. OVER
 12-03-18,03:36:29,Ch6,T. OVER
 12-03-18,03:37:29,Ch6,T. OVER
 12-03-18,03:38:29,Ch6,T. OVER
 12-03-18,03:39:29,Ch6,T. OVER
 12-03-18,03:40:29,Ch6,T. OVER
 12-03-18,03:41:30,Ch6,T. OVER
 12-03-18,03:42:30,Ch6,T. OVER
 12-03-18,03:43:30,Ch6,T. OVER
 12-03-18,03:44:30,Ch6,T. OVER
 12-03-18,03:45:30,Ch6,T. OVER
 12-03-18,03:46:30,Ch6,T. OVER
 12-03-18,03:47:30,Ch6,T. OVER
 12-03-18,03:48:30,Ch6,T. OVER
 12-03-18,03:49:30,Ch6,T. OVER
 12-03-18,03:50:30,Ch6,T. OVER
 12-03-18,03:51:30,Ch6,T. OVER
 12-03-18,03:52:30,Ch6,T. OVER
 12-03-18,03:53:30,Ch6,T. OVER
 12-03-18,03:54:30,Ch6,T. OVER
 12-03-18,03:55:30,Ch6,T. OVER
 12-03-18,03:56:30,Ch6,T. OVER
 12-03-18,03:57:30,Ch6,T. OVER
 12-03-18,03:58:30,Ch6,T. OVER
 12-03-18,03:59:30,Ch6,T. OVER
 12-03-18,04:00:30,Ch6,T. OVER
 12-03-18,04:01:30,Ch6,T. OVER
 12-03-18,04:02:30,Ch6,T. OVER
 12-03-18,04:03:30,Ch6,T. OVER
 12-03-18,04:04:31,Ch6,T. OVER
 12-03-18,04:05:31,Ch6,T. OVER
 12-03-18,04:06:31,Ch6,T. OVER
 12-03-18,04:07:31,Ch6,T. OVER
 12-03-18,04:08:31,Ch6,T. OVER
 12-03-18,04:09:31,Ch6,T. OVER
 12-03-18,04:10:31,Ch6,T. OVER
 12-03-18,04:11:31,Ch6,T. OVER
 12-03-18,04:12:31,Ch6,T. OVER
 12-03-18,04:13:31,Ch6,T. OVER
 12-03-18,04:14:31,Ch6,T. OVER
 12-03-18,04:15:31,Ch6,T. OVER
 12-03-18,04:16:31,Ch6,T. OVER
 12-03-18,04:17:31,Ch6,T. OVER
 12-03-18,04:18:32,Ch6,T. OVER
 12-03-18,04:19:32,Ch6,T. OVER
 12-03-18,04:20:32,Ch6,T. OVER
 12-03-18,04:21:32,Ch6,T. OVER
 12-03-18,04:22:32,Ch6,T. OVER
 12-03-18,04:23:32,Ch6,T. OVER
 12-03-18,04:24:32,Ch6,T. OVER
 12-03-18,04:25:32,Ch6,T. OVER
 12-03-18,04:26:32,Ch6,T. OVER
 12-03-18,04:27:32,Ch6,T. OVER
 12-03-18,04:28:33,Ch6,T. OVER
 12-03-18,04:29:33,Ch6,T. OVER
 12-03-18,04:30:33,Ch6,T. OVER
 12-03-18,04:31:33,Ch6,T. OVER
 12-03-18,04:32:33,Ch6,T. OVER
 12-03-18,04:33:33,Ch6,T. OVER
 12-03-18,04:34:33,Ch6,T. OVER
 12-03-18,04:35:33,Ch6,T. OVER
 12-03-18,04:36:33,Ch6,T. OVER
 12-03-18,04:37:33,Ch6,T. OVER
 12-03-18,04:38:33,Ch6,T. OVER
 12-03-18,04:39:33,Ch6,T. OVER
 12-03-18,04:40:33,Ch6,T. OVER
 12-03-18,04:41:33,Ch6,T. OVER
 12-03-18,04:42:33,Ch6,T. OVER
 12-03-18,04:43:33,Ch6,T. OVER
 12-03-18,04:44:33,Ch6,T. OVER
 12-03-18,04:45:33,Ch6,T. OVER
 12-03-18,04:46:34,Ch6,T. OVER
 12-03-18,04:47:34,Ch6,T. OVER
 12-03-18,04:48:34,Ch6,T. OVER
 12-03-18,04:49:34,Ch6,T. OVER
 12-03-18,04:50:34,Ch6,T. OVER
 12-03-18,04:51:34,Ch6,T. OVER
 12-03-18,04:52:34,Ch6,T. OVER
 12-03-18,04:53:34,Ch6,T. OVER
 12-03-18,04:54:34,Ch6,T. OVER
 12-03-18,04:55:34,Ch6,T. OVER
 12-03-18,04:56:34,Ch6,T. OVER
 12-03-18,04:57:34,Ch6,T. OVER
 12-03-18,04:58:34,Ch6,T. OVER
 12-03-18,04:59:34,Ch6,T. OVER
 12-03-18,05:00:34,Ch6,T. OVER
 12-03-18,05:01:35,Ch6,T. OVER
 12-03-18,05:02:35,Ch6,T. OVER
 12-03-18,05:03:35,Ch6,T. OVER
 12-03-18,05:04:35,Ch6,T. OVER
 12-03-18,05:05:35,Ch6,T. OVER
 12-03-18,05:06:35,Ch6,T. OVER
 12-03-18,05:07:35,Ch6,T. OVER
 12-03-18,05:08:35,Ch6,T. OVER
 12-03-18,05:09:35,Ch6,T. OVER
 12-03-18,05:10:35,Ch6,T. OVER
 12-03-18,05:11:35,Ch6,T. OVER
 12-03-18,05:12:35,Ch6,T. OVER
 12-03-18,05:13:35,Ch6,T. OVER
 12-03-18,05:14:36,Ch6,T. OVER
 12-03-18,05:15:36,Ch6,T. OVER
 12-03-18,05:16:36,Ch6,T. OVER
 12-03-18,05:17:36,Ch6,T. OVER
 12-03-18,05:18:36,Ch6,T. OVER
 12-03-18,05:19:36,Ch6,T. OVER
 12-03-18,05:20:36,Ch6,T. OVER
 12-03-18,05:21:36,Ch6,T. OVER
 12-03-18,05:22:37,Ch6,T. OVER
 12-03-18,05:23:37,Ch6,T. OVER
 12-03-18,05:24:37,Ch6,T. OVER
 12-03-18,05:25:37,Ch6,T. OVER
 12-03-18,05:26:37,Ch6,T. OVER
 12-03-18,05:27:37,Ch6,T. OVER
 12-03-18,05:28:37,Ch6,T. OVER
 12-03-18,05:29:37,Ch6,T. OVER
 12-03-18,05:30:37,Ch6,T. OVER
 12-03-18,05:31:37,Ch6,T. OVER
 12-03-18,05:32:37,Ch6,T. OVER
 12-03-18,05:33:37,Ch6,T. OVER
 12-03-18,05:34:37,Ch6,T. OVER
 12-03-18,05:35:37,Ch6,T. OVER
 12-03-18,05:36:37,Ch6,T. OVER
 12-03-18,05:37:37,Ch6,T. OVER
 12-03-18,05:38:37,Ch6,T. OVER
 12-03-18,05:39:37,Ch6,T. OVER
 12-03-18,05:40:37,Ch6,T. OVER
 12-03-18,05:41:37,Ch6,T. OVER
 12-03-18,05:42:37,Ch6,T. OVER
 12-03-18,05:43:37,Ch6,T. OVER
 12-03-18,05:44:37,Ch6,T. OVER
 12-03-18,05:45:37,Ch6,T. OVER
 12-03-18,05:46:38,Ch6,T. OVER
 12-03-18,05:47:38,Ch6,T. OVER
 12-03-18,05:48:38,Ch6,T. OVER
 12-03-18,05:49:38,Ch6,T. OVER
 12-03-18,05:50:38,Ch6,T. OVER
 12-03-18,05:51:38,Ch6,T. OVER
 12-03-18,05:52:38,Ch6,T. OVER
 12-03-18,05:53:38,Ch6,T. OVER
 12-03-18,05:54:38,Ch6,T. OVER
 12-03-18,05:55:38,Ch6,T. OVER
 12-03-18,05:56:38,Ch6,T. OVER
 12-03-18,05:57:38,Ch6,T. OVER
 12-03-18,05:58:39,Ch6,T. OVER
 12-03-18,05:59:39,Ch6,T. OVER
 12-03-18,06:00:39,Ch6,T. OVER
 12-03-18,06:01:39,Ch6,T. OVER
 12-03-18,06:02:39,Ch6,T. OVER
 12-03-18,06:03:39,Ch6,T. OVER
 12-03-18,06:04:39,Ch6,T. OVER
 12-03-18,06:05:39,Ch6,T. OVER
 12-03-18,06:06:39,Ch6,T. OVER
 12-03-18,06:07:39,Ch6,T. OVER
 12-03-18,06:08:39,Ch6,T. OVER
 12-03-18,06:09:39,Ch6,T. OVER
 12-03-18,06:10:39,Ch6,T. OVER
 12-03-18,06:11:39,Ch6,T. OVER
 12-03-18,06:12:39,Ch6,T. OVER
 12-03-18,06:13:39,Ch6,T. OVER
 12-03-18,06:14:39,Ch6,T. OVER
 12-03-18,06:15:39,Ch6,T. OVER
 12-03-18,06:16:39,Ch6,T. OVER
 12-03-18,06:17:39,Ch6,T. OVER
 12-03-18,06:18:40,Ch6,T. OVER
 12-03-18,06:19:40,Ch6,T. OVER
 12-03-18,06:20:40,Ch6,T. OVER
 12-03-18,06:21:40,Ch6,T. OVER
 12-03-18,06:22:40,Ch6,T. OVER
 12-03-18,06:23:40,Ch6,T. OVER
 12-03-18,06:24:41,Ch6,T. OVER
 12-03-18,06:25:41,Ch6,T. OVER
 12-03-18,06:26:41,Ch6,T. OVER
 12-03-18,06:27:41,Ch6,T. OVER
 12-03-18,06:28:41,Ch6,T. OVER
 12-03-18,06:29:41,Ch6,T. OVER
 12-03-18,06:30:41,Ch6,T. OVER
 12-03-18,06:31:41,Ch6,T. OVER
 12-03-18,06:32:41,Ch6,T. OVER
 12-03-18,06:33:41,Ch6,T. OVER
 12-03-18,06:34:41,Ch6,T. OVER
 12-03-18,06:35:41,Ch6,T. OVER
 12-03-18,06:36:41,Ch6,T. OVER
 12-03-18,06:37:42,Ch6,T. OVER
 12-03-18,06:38:42,Ch6,T. OVER
 12-03-18,06:39:42,Ch6,T. OVER
 12-03-18,06:40:42,Ch6,T. OVER
 12-03-18,06:41:42,Ch6,T. OVER
 12-03-18,06:42:42,Ch6,T. OVER
 12-03-18,06:43:42,Ch6,T. OVER
 12-03-18,06:44:42,Ch6,T. OVER
 12-03-18,06:45:42,Ch6,T. OVER
 12-03-18,06:46:42,Ch6,T. OVER
 12-03-18,06:47:42,Ch6,T. OVER
 12-03-18,06:48:42,Ch6,T. OVER
 12-03-18,06:49:42,Ch6,T. OVER
 12-03-18,06:50:42,Ch6,T. OVER
 12-03-18,06:51:42,Ch6,T. OVER
 12-03-18,06:52:42,Ch6,T. OVER
 12-03-18,06:53:42,Ch6,T. OVER
 12-03-18,06:54:42,Ch6,T. OVER
 12-03-18,06:55:42,Ch6,T. OVER
 12-03-18,06:56:42,Ch6,T. OVER
 12-03-18,06:57:43,Ch6,T. OVER
 12-03-18,06:58:43,Ch6,T. OVER
 12-03-18,06:59:43,Ch6,T. OVER
 12-03-18,07:00:43,Ch6,T. OVER
 12-03-18,07:01:43,Ch6,T. OVER
 12-03-18,07:02:43,Ch6,T. OVER
 12-03-18,07:03:43,Ch6,T. OVER
 12-03-18,07:04:43,Ch6,T. OVER
 12-03-18,07:05:43,Ch6,T. OVER
 12-03-18,07:06:43,Ch6,T. OVER
 12-03-18,07:07:43,Ch6,T. OVER
 12-03-18,07:08:43,Ch6,T. OVER
 12-03-18,07:09:43,Ch6,T. OVER
 12-03-18,07:10:44,Ch6,T. OVER
 12-03-18,07:11:44,Ch6,T. OVER
 12-03-18,07:12:44,Ch6,T. OVER
 12-03-18,07:13:44,Ch6,T. OVER
 12-03-18,07:14:44,Ch6,T. OVER
 12-03-18,07:15:44,Ch6,T. OVER
 12-03-18,07:16:44,Ch6,T. OVER
 12-03-18,07:17:44,Ch6,T. OVER
 12-03-18,07:18:44,Ch6,T. OVER
 12-03-18,07:19:44,Ch6,T. OVER
 12-03-18,07:20:44,Ch6,T. OVER
 12-03-18,07:21:44,Ch6,T. OVER
 12-03-18,07:22:44,Ch6,T. OVER
 12-03-18,07:23:44,Ch6,T. OVER
 12-03-18,07:24:44,Ch6,T. OVER
 12-03-18,07:25:44,Ch6,T. OVER
 12-03-18,07:26:44,Ch6,T. OVER
 12-03-18,07:27:44,Ch6,T. OVER
 12-03-18,07:28:44,Ch6,T. OVER
 12-03-18,07:29:44,Ch6,T. OVER
 12-03-18,07:30:44,Ch6,T. OVER
 12-03-18,07:31:45,Ch6,T. OVER
 12-03-18,07:32:45,Ch6,T. OVER
 12-03-18,07:33:45,Ch6,T. OVER
 12-03-18,07:34:45,Ch6,T. OVER
 12-03-18,07:35:45,Ch6,T. OVER
 12-03-18,07:36:45,Ch6,T. OVER
 12-03-18,07:37:45,Ch6,T. OVER
 12-03-18,07:38:45,Ch6,T. OVER
 12-03-18,07:39:45,Ch6,T. OVER
 12-03-18,07:40:45,Ch6,T. OVER
 12-03-18,07:41:46,Ch6,T. OVER
 12-03-18,07:42:46,Ch6,T. OVER
 12-03-18,07:43:46,Ch6,T. OVER
 12-03-18,07:44:46,Ch6,T. OVER
 12-03-18,07:45:46,Ch6,T. OVER
 12-03-18,07:46:46,Ch6,T. OVER
 12-03-18,07:47:46,Ch6,T. OVER
 12-03-18,07:48:46,Ch6,T. OVER
 12-03-18,07:49:46,Ch6,T. OVER
 12-03-18,07:50:46,Ch6,T. OVER
 12-03-18,07:51:46,Ch6,T. OVER
 12-03-18,07:52:46,Ch6,T. OVER
 12-03-18,07:53:46,Ch6,T. OVER
 12-03-18,07:54:46,Ch6,T. OVER
 12-03-18,07:55:46,Ch6,T. OVER
 12-03-18,07:56:46,Ch6,T. OVER
 12-03-18,07:57:46,Ch6,T. OVER
 12-03-18,07:58:46,Ch6,T. OVER
 12-03-18,07:59:46,Ch6,T. OVER
 12-03-18,08:00:47,Ch6,T. OVER
 12-03-18,08:01:47,Ch6,T. OVER
 12-03-18,08:02:47,Ch6,T. OVER
 12-03-18,08:03:47,Ch6,T. OVER
 12-03-18,08:04:47,Ch6,T. OVER
 12-03-18,08:05:47,Ch6,T. OVER
 12-03-18,08:06:47,Ch6,T. OVER
 12-03-18,08:07:47,Ch6,T. OVER
 12-03-18,08:08:48,Ch6,T. OVER
 12-03-18,08:09:48,Ch6,T. OVER
 12-03-18,08:10:48,Ch6,T. OVER
 12-03-18,08:11:48,Ch6,T. OVER
 12-03-18,08:12:48,Ch6,T. OVER
 12-03-18,08:13:48,Ch6,T. OVER
 12-03-18,08:14:48,Ch6,T. OVER
 12-03-18,08:15:48,Ch6,T. OVER
 12-03-18,08:16:48,Ch6,T. OVER
 12-03-18,08:17:48,Ch6,T. OVER
 12-03-18,08:18:48,Ch6,T. OVER
 12-03-18,08:19:49,Ch6,T. OVER
 12-03-18,08:20:49,Ch6,T. OVER
 12-03-18,08:21:49,Ch6,T. OVER
 12-03-18,08:22:49,Ch6,T. OVER
 12-03-18,08:23:49,Ch6,T. OVER
 12-03-18,08:24:49,Ch6,T. OVER
 12-03-18,08:25:49,Ch6,T. OVER
 12-03-18,08:26:49,Ch6,T. OVER
 12-03-18,08:27:49,Ch6,T. OVER
 12-03-18,08:28:49,Ch6,T. OVER
 12-03-18,08:29:49,Ch6,T. OVER
 12-03-18,08:30:49,Ch6,T. OVER
 12-03-18,08:31:49,Ch6,T. OVER
 12-03-18,08:32:49,Ch6,T. OVER
 12-03-18,08:33:49,Ch6,T. OVER
 12-03-18,08:34:49,Ch6,T. OVER
 12-03-18,08:35:50,Ch6,T. OVER
 12-03-18,08:36:50,Ch6,T. OVER
 12-03-18,08:37:50,Ch6,T. OVER
 12-03-18,08:38:50,Ch6,T. OVER
 12-03-18,08:39:50,Ch6,T. OVER
 12-03-18,08:40:50,Ch6,T. OVER
 12-03-18,08:41:50,Ch6,T. OVER
 12-03-18,08:42:50,Ch6,T. OVER
 12-03-18,08:43:50,Ch6,T. OVER
 12-03-18,08:44:50,Ch6,T. OVER
 12-03-18,08:45:50,Ch6,T. OVER
 12-03-18,08:46:50,Ch6,T. OVER
 12-03-18,08:47:50,Ch6,T. OVER
 12-03-18,08:48:50,Ch6,T. OVER
 12-03-18,08:49:50,Ch6,T. OVER
 12-03-18,08:50:50,Ch6,T. OVER
 12-03-18,08:51:50,Ch6,T. OVER
 12-03-18,08:52:50,Ch6,T. OVER
 12-03-18,08:53:50,Ch6,T. OVER
 12-03-18,08:54:51,Ch6,T. OVER
 12-03-18,08:55:51,Ch6,T. OVER
 12-03-18,08:56:51,Ch6,T. OVER
 12-03-18,08:57:51,Ch6,T. OVER
 12-03-18,08:58:51,Ch6,T. OVER
 12-03-18,08:59:51,Ch6,T. OVER
 12-03-18,09:00:51,Ch6,T. OVER
 12-03-18,09:01:51,Ch6,T. OVER
 12-03-18,09:02:51,Ch6,T. OVER
 12-03-18,09:03:52,Ch6,T. OVER
 12-03-18,09:04:52,Ch6,T. OVER
 12-03-18,09:05:52,Ch6,T. OVER
 12-03-18,09:06:52,Ch6,VMIX OVL,VDIF OVL,T. OVER
 12-03-18,09:07:52,Ch6,T. OVER
 12-03-18,09:08:52,Ch6,T. OVER
 12-03-18,09:09:53,Ch6,T. OVER
 12-03-18,09:10:53,Ch6,T. OVER
 12-03-18,09:11:53,Ch6,T. OVER
 12-03-18,09:12:53,Ch6,T. OVER
 12-03-18,09:13:53,Ch6,T. OVER
 12-03-18,09:14:53,Ch6,T. OVER
 12-03-18,09:15:53,Ch6,T. OVER
 12-03-18,09:16:54,Ch6,T. OVER
 12-03-18,09:17:54,Ch6,T. OVER
 12-03-18,09:18:54,Ch6,T. OVER
 12-03-18,09:19:54,Ch6,T. OVER
 12-03-18,09:20:54,Ch6,T. OVER
 12-03-18,09:21:54,Ch6,T. OVER
 12-03-18,09:22:54,Ch6,T. OVER
 12-03-18,09:23:54,Ch6,T. OVER
 12-03-18,09:24:54,Ch6,T. OVER
 12-03-18,09:25:54,Ch6,T. OVER
 12-03-18,09:26:54,Ch6,T. OVER
 12-03-18,09:27:54,Ch6,T. OVER
 12-03-18,09:28:55,Ch6,T. OVER
 12-03-18,09:29:55,Ch6,T. OVER
 12-03-18,09:30:55,Ch6,T. OVER
 12-03-18,09:31:55,Ch6,T. OVER
 12-03-18,09:32:55,Ch6,T. OVER
 12-03-18,09:33:55,Ch6,T. OVER
 12-03-18,09:34:55,Ch6,T. OVER
 12-03-18,09:35:55,Ch6,T. OVER
 12-03-18,09:36:55,Ch6,T. OVER
 12-03-18,09:37:55,Ch6,T. OVER
 12-03-18,09:38:55,Ch6,T. OVER
 12-03-18,09:39:55,Ch6,T. OVER
 12-03-18,09:40:55,Ch6,T. OVER
 12-03-18,09:41:55,Ch6,T. OVER
 12-03-18,09:42:55,Ch6,T. OVER
 12-03-18,09:43:55,Ch6,T. OVER
 12-03-18,09:44:56,Ch6,T. OVER
 12-03-18,09:45:56,Ch6,T. OVER
 12-03-18,09:46:56,Ch6,T. OVER
 12-03-18,09:47:56,Ch6,T. OVER
 12-03-18,09:48:56,Ch6,T. OVER
 12-03-18,09:49:56,Ch6,T. OVER
 12-03-18,09:50:56,Ch6,T. OVER
 12-03-18,09:51:56,Ch6,T. OVER
 12-03-18,09:52:56,Ch6,T. OVER
 12-03-18,09:53:56,Ch6,T. OVER
 12-03-18,09:54:56,Ch6,T. OVER
 12-03-18,09:55:57,Ch6,T. OVER
 12-03-18,09:56:57,Ch6,T. OVER
 12-03-18,09:57:57,Ch6,T. OVER
 12-03-18,09:58:57,Ch6,T. OVER
 12-03-18,09:59:57,Ch6,T. OVER
 12-03-18,10:00:57,Ch6,T. OVER
 12-03-18,10:01:57,Ch6,T. OVER
 12-03-18,10:02:57,Ch6,T. OVER
 12-03-18,10:03:57,Ch6,T. OVER
 12-03-18,10:04:57,Ch6,T. OVER
 12-03-18,10:05:57,Ch6,T. OVER
 12-03-18,10:06:57,Ch6,T. OVER
 12-03-18,10:07:57,Ch6,T. OVER
 12-03-18,10:08:57,Ch6,T. OVER
 12-03-18,10:09:58,Ch6,T. OVER
 12-03-18,10:10:58,Ch6,T. OVER
 12-03-18,10:11:58,Ch6,T. OVER
 12-03-18,10:12:58,Ch6,T. OVER
 12-03-18,10:13:58,Ch6,T. OVER
 12-03-18,10:14:58,Ch6,T. OVER
 12-03-18,10:15:58,Ch6,T. OVER
 12-03-18,10:16:58,Ch6,T. OVER
 12-03-18,10:17:58,Ch6,T. OVER
 12-03-18,10:18:58,Ch6,T. OVER
 12-03-18,10:19:58,Ch6,T. OVER
 12-03-18,10:20:58,Ch6,T. OVER
 12-03-18,10:21:58,Ch6,T. OVER
 12-03-18,10:22:58,Ch6,T. OVER
 12-03-18,10:23:58,Ch6,T. OVER
 12-03-18,10:24:58,Ch6,T. OVER
 12-03-18,10:25:58,Ch6,T. OVER
 12-03-18,10:26:59,Ch6,T. OVER
 12-03-18,10:27:59,Ch6,T. OVER
 12-03-18,10:28:59,Ch6,T. OVER
 12-03-18,10:29:59,Ch6,T. OVER
 12-03-18,10:30:59,Ch6,T. OVER
 12-03-18,10:31:59,Ch6,T. OVER
 12-03-18,10:32:59,Ch6,T. OVER
 12-03-18,10:33:59,Ch6,T. OVER
 12-03-18,10:35:00,Ch6,T. OVER
 12-03-18,10:36:00,Ch6,T. OVER
 12-03-18,10:37:00,Ch6,T. OVER
 12-03-18,10:38:00,Ch6,T. OVER
 12-03-18,10:39:00,Ch6,T. OVER
 12-03-18,10:40:00,Ch6,T. OVER
 12-03-18,10:41:00,Ch6,T. OVER
 12-03-18,10:42:00,Ch6,T. OVER
 12-03-18,10:43:00,Ch6,T. OVER
 12-03-18,10:44:01,Ch6,T. OVER
 12-03-18,10:45:01,Ch6,T. OVER
 12-03-18,10:46:01,Ch6,T. OVER
 12-03-18,10:47:01,Ch6,T. OVER
 12-03-18,10:48:01,Ch6,T. OVER
 12-03-18,10:49:01,Ch6,T. OVER
 12-03-18,10:50:01,Ch6,T. OVER
 12-03-18,10:51:01,Ch6,T. OVER
 12-03-18,10:52:01,Ch6,T. OVER
 12-03-18,10:53:01,Ch6,T. OVER
 12-03-18,10:54:01,Ch6,T. OVER
 12-03-18,10:55:01,Ch6,T. OVER
 12-03-18,10:56:01,Ch6,T. OVER
 12-03-18,10:57:01,Ch6,T. OVER
 12-03-18,10:58:01,Ch6,T. OVER
 12-03-18,10:59:02,Ch6,T. OVER
 12-03-18,11:00:02,Ch6,T. OVER
 12-03-18,11:01:02,Ch6,T. OVER
 12-03-18,11:02:02,Ch6,T. OVER
 12-03-18,11:03:02,Ch6,T. OVER
 12-03-18,11:04:02,Ch6,T. OVER
 12-03-18,11:05:02,Ch6,T. OVER
 12-03-18,11:06:02,Ch6,T. OVER
 12-03-18,11:07:02,Ch6,T. OVER
 12-03-18,11:08:02,Ch6,T. OVER
 12-03-18,11:09:03,Ch6,T. OVER
 12-03-18,11:10:03,Ch6,T. OVER
 12-03-18,11:11:03,Ch6,T. OVER
 12-03-18,11:12:03,Ch6,T. OVER
 12-03-18,11:13:03,Ch6,T. OVER
 12-03-18,11:14:03,Ch6,T. OVER
 12-03-18,11:15:03,Ch6,T. OVER
 12-03-18,11:16:03,Ch6,T. OVER
 12-03-18,11:17:03,Ch6,T. OVER
 12-03-18,11:18:04,Ch6,T. OVER
 12-03-18,11:19:04,Ch6,T. OVER
 12-03-18,11:20:04,Ch6,T. OVER
 12-03-18,11:21:04,Ch1,VDIF OVL 12-03-18,11:21:04,Ch6,T. OVER
 12-03-18,11:22:04,Ch6,T. OVER
 12-03-18,11:23:04,Ch6,T. OVER
 12-03-18,11:24:05,Ch6,T. OVER
 12-03-18,11:25:05,Ch6,T. OVER
 12-03-18,11:26:05,Ch6,T. OVER
 12-03-18,11:27:05,Ch6,T. OVER
 12-03-18,11:28:05,Ch6,T. OVER
 12-03-18,11:29:06,Ch6,T. OVER
 12-03-18,11:30:06,Ch6,T. OVER
 12-03-18,11:31:06,Ch6,T. OVER
 12-03-18,11:32:06,Ch6,T. OVER
 12-03-18,11:33:06,Ch6,T. OVER
 12-03-18,11:34:06,Ch6,T. OVER
 12-03-18,11:35:06,Ch6,T. OVER
 12-03-18,11:36:06,Ch6,T. OVER
 12-03-18,11:37:06,Ch6,T. OVER
 12-03-18,11:38:07,Ch6,T. OVER
 12-03-18,11:39:07,Ch6,T. OVER
 12-03-18,11:40:07,Ch6,T. OVER
 12-03-18,11:41:07,Ch6,T. OVER
 12-03-18,11:42:07,Ch6,T. OVER
 12-03-18,11:43:07,Ch6,T. OVER
 12-03-18,11:44:07,Ch6,T. OVER
 12-03-18,11:45:07,Ch6,T. OVER
 12-03-18,11:46:07,Ch6,T. OVER
 12-03-18,11:47:07,Ch6,T. OVER
 12-03-18,11:48:07,Ch6,T. OVER
 12-03-18,11:49:08,Ch6,T. OVER
 12-03-18,11:50:08,Ch6,T. OVER
 12-03-18,11:51:08,Ch6,T. OVER
 12-03-18,11:52:08,Ch6,T. OVER
 12-03-18,11:53:08,Ch6,T. OVER
 12-03-18,11:54:08,Ch6,T. OVER
 12-03-18,11:55:08,Ch6,T. OVER
 12-03-18,11:56:08,Ch6,T. OVER
 12-03-18,11:57:08,Ch6,T. OVER
 12-03-18,11:58:08,Ch6,T. OVER
 12-03-18,11:59:08,Ch6,T. OVER
 12-03-18,12:00:08,Ch6,T. OVER
 12-03-18,12:01:08,Ch6,T. OVER
 12-03-18,12:02:08,Ch6,T. OVER
 12-03-18,12:03:08,Ch6,T. OVER
 12-03-18,12:04:08,Ch6,T. OVER
 12-03-18,12:05:08,Ch6,T. OVER
 12-03-18,12:06:09,Ch6,T. OVER
 12-03-18,12:07:09,Ch6,T. OVER
 12-03-18,12:08:09,Ch6,T. OVER
 12-03-18,12:09:09,Ch6,T. OVER
 12-03-18,12:10:09,Ch6,T. OVER
 12-03-18,12:11:09,Ch6,T. OVER
 12-03-18,12:12:09,Ch6,T. OVER
 12-03-18,12:13:09,Ch6,T. OVER
 12-03-18,12:14:09,Ch6,T. OVER
 12-03-18,12:15:09,Ch6,T. OVER
 12-03-18,12:16:10,Ch6,T. OVER
 12-03-18,12:17:10,Ch6,T. OVER
 12-03-18,12:18:10,Ch6,T. OVER
 12-03-18,12:19:10,Ch6,T. OVER
 12-03-18,12:20:10,Ch6,T. OVER
 12-03-18,12:21:10,Ch6,T. OVER
 12-03-18,12:22:10,Ch6,T. OVER
 12-03-18,12:23:10,Ch6,T. OVER
 12-03-18,12:24:10,Ch6,T. OVER
 12-03-18,12:25:10,Ch6,T. OVER
 12-03-18,12:26:10,Ch6,T. OVER
 12-03-18,12:27:10,Ch6,T. OVER
 12-03-18,12:28:11,Ch6,T. OVER
 12-03-18,12:29:11,Ch6,T. OVER
 12-03-18,12:30:11,Ch6,T. OVER
 12-03-18,12:31:11,Ch6,T. OVER
 12-03-18,12:32:11,Ch6,T. OVER
 12-03-18,12:33:11,Ch6,T. OVER
 12-03-18,12:34:11,Ch6,T. OVER
 12-03-18,12:35:11,Ch6,T. OVER
 12-03-18,12:36:11,Ch6,T. OVER
 12-03-18,12:37:11,Ch6,T. OVER
 12-03-18,12:38:11,Ch6,T. OVER
 12-03-18,12:39:12,Ch6,T. OVER
 12-03-18,12:40:12,Ch6,T. OVER
 12-03-18,12:41:12,Ch6,T. OVER
 12-03-18,12:42:12,Ch6,T. OVER
 12-03-18,12:43:12,Ch6,T. OVER
 12-03-18,12:44:12,Ch6,T. OVER
 12-03-18,12:45:12,Ch6,T. OVER
 12-03-18,12:46:12,Ch6,T. OVER
 12-03-18,12:47:12,Ch6,T. OVER
 12-03-18,12:48:12,Ch6,T. OVER
 12-03-18,12:49:12,Ch6,T. OVER
 12-03-18,12:50:12,Ch6,T. OVER
 12-03-18,12:51:12,Ch6,T. OVER
 12-03-18,12:52:12,Ch6,T. OVER
 12-03-18,12:53:12,Ch6,T. OVER
 12-03-18,12:54:12,Ch6,T. OVER
 12-03-18,12:55:13,Ch6,T. OVER
 12-03-18,12:56:13,Ch6,T. OVER
 12-03-18,12:57:13,Ch6,T. OVER
 12-03-18,12:58:13,Ch6,T. OVER
 12-03-18,12:59:13,Ch6,T. OVER
 12-03-18,13:00:13,Ch6,T. OVER
 12-03-18,13:01:13,Ch6,T. OVER
 12-03-18,13:02:13,Ch6,T. OVER
 12-03-18,13:03:13,Ch6,T. OVER
 12-03-18,13:04:13,Ch6,T. OVER
 12-03-18,13:05:13,Ch6,T. OVER
 12-03-18,13:06:13,Ch6,T. OVER
 12-03-18,13:07:13,Ch6,T. OVER
 12-03-18,13:08:13,Ch6,T. OVER
 12-03-18,13:09:13,Ch6,T. OVER
 12-03-18,13:10:13,Ch6,T. OVER
 12-03-18,13:11:13,Ch6,T. OVER
 12-03-18,13:12:13,Ch6,T. OVER
 12-03-18,13:13:13,Ch6,T. OVER
 12-03-18,13:14:13,Ch6,T. OVER
 12-03-18,13:15:14,Ch6,T. OVER
 12-03-18,13:16:14,Ch6,T. OVER
 12-03-18,13:17:14,Ch6,T. OVER
 12-03-18,13:18:14,Ch6,T. OVER
 12-03-18,13:19:14,Ch6,T. OVER
 12-03-18,13:20:14,Ch6,T. OVER
 12-03-18,13:21:14,Ch6,T. OVER
 12-03-18,13:22:14,Ch6,T. OVER
 12-03-18,13:23:14,Ch6,T. OVER
 12-03-18,13:24:14,Ch6,T. OVER
 12-03-18,13:25:15,Ch6,T. OVER
 12-03-18,13:26:15,Ch6,T. OVER
 12-03-18,13:27:15,Ch6,T. OVER
 12-03-18,13:28:15,Ch6,T. OVER
 12-03-18,13:29:15,Ch6,T. OVER
 12-03-18,13:30:15,Ch6,T. OVER
 12-03-18,13:31:15,Ch6,T. OVER
 12-03-18,13:32:15,Ch6,T. OVER
 12-03-18,13:33:15,Ch6,T. OVER
 12-03-18,13:34:15,Ch6,T. OVER
 12-03-18,13:35:16,Ch6,T. OVER
 12-03-18,13:36:16,Ch6,T. OVER
 12-03-18,13:37:16,Ch6,T. OVER
 12-03-18,13:38:16,Ch6,T. OVER
 12-03-18,13:39:16,Ch6,T. OVER
 12-03-18,13:40:16,Ch6,T. OVER
 12-03-18,13:41:16,Ch6,T. OVER
 12-03-18,13:42:17,Ch6,T. OVER
 12-03-18,13:43:17,Ch6,T. OVER
 12-03-18,13:44:17,Ch6,T. OVER
 12-03-18,13:45:17,Ch6,T. OVER
 12-03-18,13:46:17,Ch6,T. OVER
 12-03-18,13:47:17,Ch6,T. OVER
 12-03-18,13:48:17,Ch6,T. OVER
 12-03-18,13:49:17,Ch6,T. OVER
 12-03-18,13:50:18,Ch6,T. OVER
 12-03-18,13:51:18,Ch6,T. OVER
 12-03-18,13:52:18,Ch6,T. OVER
 12-03-18,13:53:18,Ch6,T. OVER
 12-03-18,13:54:18,Ch6,T. OVER
 12-03-18,13:55:18,Ch6,T. OVER
 12-03-18,13:56:18,Ch6,T. OVER
 12-03-18,13:57:18,Ch6,T. OVER
 12-03-18,13:58:18,Ch6,T. OVER
 12-03-18,13:59:18,Ch6,T. OVER
 12-03-18,14:00:18,Ch6,T. OVER
 12-03-18,14:01:18,Ch6,T. OVER
 12-03-18,14:02:18,Ch6,T. OVER
 12-03-18,14:03:19,Ch6,T. OVER
 12-03-18,14:04:19,Ch6,T. OVER
 12-03-18,14:05:19,Ch6,T. OVER
 12-03-18,14:06:19,Ch6,T. OVER
 12-03-18,14:07:19,Ch6,T. OVER
 12-03-18,14:08:19,Ch6,T. OVER
 12-03-18,14:09:19,Ch6,T. OVER
 12-03-18,14:10:19,Ch6,T. OVER
 12-03-18,14:11:19,Ch6,T. OVER
 12-03-18,14:12:19,Ch6,T. OVER
 12-03-18,14:13:19,Ch6,T. OVER
 12-03-18,14:14:19,Ch6,T. OVER
 12-03-18,14:15:20,Ch6,T. OVER
 12-03-18,14:16:20,Ch6,T. OVER
 12-03-18,14:17:20,Ch6,T. OVER
 12-03-18,14:18:20,Ch6,T. OVER
 12-03-18,14:19:20,Ch6,T. OVER
 12-03-18,14:20:20,Ch6,T. OVER
 12-03-18,14:21:20,Ch6,T. OVER
 12-03-18,14:22:20,Ch6,T. OVER
 12-03-18,14:23:20,Ch6,T. OVER
 12-03-18,14:24:20,Ch6,T. OVER
 12-03-18,14:25:20,Ch6,T. OVER
 12-03-18,14:26:20,Ch6,T. OVER
 12-03-18,14:27:20,Ch6,T. OVER
 12-03-18,14:28:20,Ch6,T. OVER
 12-03-18,14:29:21,Ch6,T. OVER
 12-03-18,14:30:21,Ch6,T. OVER
 12-03-18,14:31:21,Ch6,T. OVER
 12-03-18,14:32:21,Ch6,T. OVER
 12-03-18,14:33:21,Ch6,T. OVER
 12-03-18,14:34:21,Ch6,T. OVER
 12-03-18,14:35:21,Ch6,T. OVER
 12-03-18,14:36:21,Ch6,T. OVER
 12-03-18,14:37:21,Ch6,T. OVER
 12-03-18,14:38:21,Ch6,T. OVER
 12-03-18,14:39:21,Ch6,T. OVER
 12-03-18,14:40:21,Ch6,T. OVER
 12-03-18,14:41:21,Ch6,T. OVER
 12-03-18,14:42:21,Ch6,T. OVER
 12-03-18,14:43:22,Ch6,T. OVER
 12-03-18,14:44:22,Ch6,T. OVER
 12-03-18,14:45:22,Ch6,T. OVER
 12-03-18,14:46:22,Ch6,T. OVER
 12-03-18,14:47:22,Ch6,T. OVER
 12-03-18,14:48:22,Ch6,T. OVER
 12-03-18,14:49:22,Ch6,T. OVER
 12-03-18,14:50:22,Ch6,T. OVER
 12-03-18,14:51:22,Ch6,T. OVER
 12-03-18,14:52:22,Ch6,T. OVER
 12-03-18,14:53:23,Ch6,T. OVER
 12-03-18,14:54:23,Ch6,T. OVER
 12-03-18,14:55:23,Ch6,T. OVER
 12-03-18,14:56:23,Ch6,T. OVER
 12-03-18,14:57:23,Ch6,T. OVER
 12-03-18,14:58:23,Ch6,T. OVER
 12-03-18,14:59:23,Ch6,T. OVER
 12-03-18,15:00:24,Ch6,T. OVER
 12-03-18,15:01:24,Ch6,T. OVER
 12-03-18,15:02:24,Ch6,T. OVER
 12-03-18,15:03:24,Ch6,T. OVER
 12-03-18,15:04:24,Ch6,T. OVER
 12-03-18,15:05:24,Ch6,T. OVER
 12-03-18,15:06:24,Ch6,T. OVER
 12-03-18,15:07:24,Ch6,T. OVER
 12-03-18,15:08:24,Ch6,T. OVER
 12-03-18,15:09:24,Ch6,T. OVER
 12-03-18,15:10:25,Ch6,T. OVER
 12-03-18,15:11:25,Ch6,T. OVER
 12-03-18,15:12:25,Ch6,T. OVER
 12-03-18,15:13:25,Ch6,T. OVER
 12-03-18,15:14:25,Ch6,T. OVER
 12-03-18,15:15:25,Ch6,T. OVER
 12-03-18,15:16:25,Ch6,T. OVER
 12-03-18,15:17:25,Ch6,T. OVER
 12-03-18,15:18:26,Ch6,T. OVER
 12-03-18,15:19:26,Ch6,T. OVER
 12-03-18,15:20:26,Ch6,T. OVER
 12-03-18,15:21:26,Ch6,T. OVER
 12-03-18,15:22:26,Ch6,T. OVER
 12-03-18,15:23:26,Ch6,T. OVER
 12-03-18,15:24:26,Ch6,T. OVER
 12-03-18,15:25:26,Ch6,T. OVER
 12-03-18,15:26:26,Ch6,T. OVER
 12-03-18,15:27:26,Ch6,T. OVER
 12-03-18,15:28:27,Ch6,T. OVER
 12-03-18,15:29:27,Ch6,T. OVER
 12-03-18,15:30:27,Ch6,T. OVER
 12-03-18,15:31:27,Ch6,T. OVER
 12-03-18,15:32:27,Ch6,T. OVER
 12-03-18,15:33:27,Ch6,T. OVER
 12-03-18,15:34:27,Ch6,T. OVER
 12-03-18,15:35:27,Ch6,T. OVER
 12-03-18,15:36:28,Ch6,T. OVER
 12-03-18,15:37:28,Ch6,T. OVER
 12-03-18,15:38:28,Ch6,T. OVER
 12-03-18,15:39:28,Ch6,T. OVER
 12-03-18,15:40:28,Ch6,T. OVER
 12-03-18,15:41:29,Ch6,T. OVER
 12-03-18,15:42:29,Ch6,T. OVER
 12-03-18,15:43:29,Ch6,T. OVER
 12-03-18,15:44:29,Ch6,T. OVER
 12-03-18,15:45:29,Ch6,T. OVER
 12-03-18,15:46:29,Ch6,T. OVER
 12-03-18,15:47:29,Ch6,T. OVER
 12-03-18,15:48:29,Ch6,T. OVER
 12-03-18,15:49:29,Ch6,T. OVER
 12-03-18,15:50:29,Ch6,T. OVER
 12-03-18,15:51:30,Ch6,T. OVER
 12-03-18,15:52:30,Ch6,T. OVER
 12-03-18,15:53:30,Ch6,T. OVER
 12-03-18,15:54:30,Ch6,T. OVER
 12-03-18,15:55:30,Ch6,T. OVER
 12-03-18,15:56:30,Ch6,T. OVER
 12-03-18,15:57:30,Ch6,T. OVER
 12-03-18,15:58:30,Ch6,T. OVER
 12-03-18,15:59:30,Ch6,T. OVER
 12-03-18,16:00:30,Ch6,T. OVER
 12-03-18,16:01:30,Ch6,T. OVER
 12-03-18,16:02:30,Ch6,T. OVER
 12-03-18,16:03:30,Ch6,T. OVER
 12-03-18,16:04:30,Ch6,T. OVER
 12-03-18,16:05:30,Ch6,T. OVER
 12-03-18,16:06:30,Ch6,T. OVER
 12-03-18,16:07:30,Ch6,T. OVER
 12-03-18,16:08:30,Ch6,T. OVER
 12-03-18,16:09:30,Ch6,T. OVER
 12-03-18,16:10:30,Ch6,T. OVER
 12-03-18,16:11:30,Ch6,T. OVER
 12-03-18,16:12:30,Ch6,T. OVER
 12-03-18,16:13:30,Ch6,T. OVER
 12-03-18,16:14:30,Ch6,T. OVER
 12-03-18,16:15:30,Ch6,T. OVER
 12-03-18,16:16:30,Ch6,T. OVER
 12-03-18,16:17:31,Ch6,T. OVER
 12-03-18,16:18:31,Ch6,T. OVER
 12-03-18,16:19:31,Ch6,T. OVER
 12-03-18,16:20:31,Ch6,T. OVER
 12-03-18,16:21:31,Ch6,T. OVER
 12-03-18,16:22:31,Ch6,T. OVER
 12-03-18,16:23:31,Ch6,T. OVER
 12-03-18,16:24:31,Ch6,T. OVER
 12-03-18,16:25:31,Ch6,T. OVER
 12-03-18,16:26:31,Ch6,T. OVER
 12-03-18,16:27:31,Ch6,T. OVER
 12-03-18,16:28:31,Ch6,T. OVER
 12-03-18,16:29:31,Ch6,T. OVER
 12-03-18,16:30:31,Ch6,T. OVER
 12-03-18,16:31:31,Ch6,T. OVER
 12-03-18,16:32:32,Ch6,T. OVER
 12-03-18,16:33:32,Ch6,T. OVER
 12-03-18,16:34:32,Ch6,T. OVER
 12-03-18,16:35:32,Ch6,T. OVER
 12-03-18,16:36:32,Ch6,T. OVER
 12-03-18,16:37:32,Ch6,T. OVER
 12-03-18,16:38:32,Ch6,T. OVER
 12-03-18,16:39:32,Ch6,T. OVER
 12-03-18,16:40:32,Ch6,T. OVER
 12-03-18,16:41:32,Ch6,T. OVER
 12-03-18,16:42:32,Ch6,T. OVER
 12-03-18,16:43:32,Ch6,T. OVER
 12-03-18,16:44:32,Ch6,T. OVER
 12-03-18,16:45:32,Ch6,T. OVER
 12-03-18,16:46:32,Ch6,T. OVER
 12-03-18,16:47:32,Ch6,T. OVER
 12-03-18,16:48:32,Ch6,T. OVER
 12-03-18,16:49:33,Ch6,T. OVER
 12-03-18,16:50:33,Ch6,T. OVER
 12-03-18,16:51:33,Ch6,T. OVER
 12-03-18,16:52:33,Ch6,T. OVER
 12-03-18,16:53:33,Ch6,T. OVER
 12-03-18,16:54:33,Ch6,T. OVER
 12-03-18,16:55:33,Ch6,T. OVER
 12-03-18,16:56:33,Ch6,T. OVER
 12-03-18,16:57:33,Ch6,T. OVER
 12-03-18,16:58:33,Ch6,T. OVER
 12-03-18,16:59:33,Ch6,T. OVER
 12-03-18,17:00:33,Ch6,T. OVER
 12-03-18,17:01:33,Ch6,T. OVER
 12-03-18,17:02:33,Ch6,T. OVER
 12-03-18,17:03:33,Ch6,T. OVER
 12-03-18,17:04:33,Ch6,T. OVER
 12-03-18,17:05:34,Ch6,T. OVER
 12-03-18,17:06:34,Ch6,T. OVER
 12-03-18,17:07:34,Ch6,T. OVER
 12-03-18,17:08:34,Ch6,T. OVER
 12-03-18,17:09:34,Ch6,T. OVER
 12-03-18,17:10:34,Ch6,T. OVER
 12-03-18,17:11:34,Ch6,T. OVER
 12-03-18,17:12:34,Ch6,T. OVER
 12-03-18,17:13:34,Ch6,T. OVER
 12-03-18,17:14:34,Ch6,T. OVER
 12-03-18,17:15:34,Ch6,T. OVER
 12-03-18,17:16:34,Ch6,T. OVER
 12-03-18,17:17:34,Ch6,T. OVER
 12-03-18,17:18:34,Ch6,T. OVER
 12-03-18,17:19:34,Ch6,T. OVER
 12-03-18,17:20:34,Ch6,T. OVER
 12-03-18,17:21:35,Ch6,T. OVER
 12-03-18,17:22:35,Ch6,T. OVER
 12-03-18,17:23:35,Ch6,T. OVER
 12-03-18,17:24:35,Ch6,T. OVER
 12-03-18,17:25:35,Ch6,T. OVER
 12-03-18,17:26:35,Ch6,T. OVER
 12-03-18,17:27:35,Ch6,T. OVER
 12-03-18,17:28:35,Ch6,T. OVER
 12-03-18,17:29:35,Ch6,T. OVER
 12-03-18,17:30:35,Ch6,T. OVER
 12-03-18,17:31:35,Ch6,T. OVER
 12-03-18,17:32:35,Ch6,T. OVER
 12-03-18,17:33:36,Ch6,T. OVER
 12-03-18,17:34:36,Ch6,T. OVER
 12-03-18,17:35:36,Ch6,T. OVER
 12-03-18,17:36:36,Ch6,T. OVER
 12-03-18,17:37:36,Ch6,T. OVER
 12-03-18,17:38:36,Ch6,T. OVER
 12-03-18,17:39:36,Ch6,T. OVER
 12-03-18,17:40:36,Ch6,T. OVER
 12-03-18,17:41:36,Ch6,T. OVER
 12-03-18,17:42:37,Ch6,T. OVER
 12-03-18,17:43:37,Ch6,T. OVER
 12-03-18,17:44:37,Ch6,T. OVER
 12-03-18,17:45:37,Ch6,T. OVER
 12-03-18,17:46:37,Ch6,T. OVER
 12-03-18,17:47:37,Ch6,T. OVER
 12-03-18,17:48:37,Ch6,T. OVER
 12-03-18,17:49:37,Ch6,T. OVER
 12-03-18,17:50:37,Ch6,T. OVER
 12-03-18,17:51:37,Ch6,T. OVER
 12-03-18,17:52:37,Ch6,T. OVER
 12-03-18,17:53:38,Ch6,T. OVER
 12-03-18,17:54:38,Ch6,T. OVER
 12-03-18,17:55:38,Ch6,T. OVER
 12-03-18,17:56:38,Ch6,T. OVER
 12-03-18,17:57:38,Ch6,T. OVER
 12-03-18,17:58:38,Ch6,T. OVER
 12-03-18,17:59:38,Ch6,T. OVER
 12-03-18,18:00:38,Ch6,T. OVER
 12-03-18,18:01:38,Ch6,T. OVER
 12-03-18,18:02:39,Ch6,T. OVER
 12-03-18,18:03:39,Ch6,T. OVER
 12-03-18,18:04:39,Ch6,T. OVER
 12-03-18,18:05:39,Ch6,T. OVER
 12-03-18,18:06:39,Ch6,T. OVER
 12-03-18,18:07:39,Ch6,T. OVER
 12-03-18,18:08:39,Ch6,T. OVER
 12-03-18,18:09:39,Ch6,T. OVER
 12-03-18,18:10:39,Ch6,T. OVER
 12-03-18,18:11:39,Ch6,T. OVER
 12-03-18,18:12:39,Ch6,T. OVER
 12-03-18,18:13:39,Ch6,T. OVER
 12-03-18,18:14:39,Ch6,T. OVER
 12-03-18,18:15:39,Ch6,T. OVER
 12-03-18,18:16:39,Ch6,T. OVER
 12-03-18,18:17:39,Ch6,T. OVER
 12-03-18,18:18:40,Ch6,T. OVER
 12-03-18,18:19:40,Ch6,T. OVER
 12-03-18,18:20:40,Ch6,T. OVER
 12-03-18,18:21:40,Ch6,T. OVER
 12-03-18,18:22:40,Ch6,T. OVER
 12-03-18,18:23:41,Ch6,T. OVER
 12-03-18,18:24:41,Ch6,T. OVER
 12-03-18,18:25:41,Ch6,T. OVER
 12-03-18,18:26:41,Ch6,T. OVER
 12-03-18,18:27:41,Ch6,T. OVER
 12-03-18,18:28:41,Ch6,T. OVER
 12-03-18,18:29:41,Ch6,T. OVER
 12-03-18,18:30:41,Ch6,T. OVER
 12-03-18,18:31:41,Ch6,T. OVER
 12-03-18,18:32:42,Ch6,T. OVER
 12-03-18,18:33:42,Ch6,T. OVER
 12-03-18,18:34:42,Ch6,T. OVER
 12-03-18,18:35:42,Ch6,T. OVER
 12-03-18,18:36:42,Ch6,T. OVER
 12-03-18,18:37:42,Ch6,T. OVER
 12-03-18,18:38:42,Ch6,T. OVER
 12-03-18,18:39:42,Ch6,T. OVER
 12-03-18,18:40:42,Ch6,T. OVER
 12-03-18,18:41:43,Ch6,T. OVER
 12-03-18,18:42:43,Ch6,T. OVER
 12-03-18,18:43:43,Ch6,T. OVER
 12-03-18,18:44:43,Ch6,T. OVER
 12-03-18,18:45:43,Ch6,T. OVER
 12-03-18,18:46:43,Ch6,T. OVER
 12-03-18,18:47:43,Ch6,T. OVER
 12-03-18,18:48:43,Ch6,T. OVER
 12-03-18,18:49:43,Ch6,T. OVER
 12-03-18,18:50:43,Ch6,T. OVER
 12-03-18,18:51:43,Ch6,T. OVER
 12-03-18,18:52:43,Ch6,T. OVER
 12-03-18,18:53:43,Ch6,T. OVER
 12-03-18,18:54:44,Ch6,T. OVER
 12-03-18,18:55:44,Ch6,T. OVER
 12-03-18,18:56:44,Ch6,T. OVER
 12-03-18,18:57:44,Ch6,T. OVER
 12-03-18,18:58:44,Ch6,T. OVER
 12-03-18,18:59:44,Ch6,T. OVER
 12-03-18,19:00:44,Ch6,T. OVER
 12-03-18,19:01:44,Ch6,T. OVER
 12-03-18,19:02:44,Ch6,T. OVER
 12-03-18,19:03:44,Ch6,T. OVER
 12-03-18,19:04:44,Ch6,T. OVER
 12-03-18,19:05:44,Ch6,T. OVER
 12-03-18,19:06:44,Ch6,T. OVER
 12-03-18,19:07:44,Ch6,T. OVER
 12-03-18,19:08:44,Ch6,T. OVER
 12-03-18,19:09:44,Ch6,T. OVER
 12-03-18,19:10:45,Ch6,T. OVER
 12-03-18,19:11:45,Ch6,T. OVER
 12-03-18,19:12:45,Ch6,T. OVER
 12-03-18,19:13:45,Ch6,T. OVER
 12-03-18,19:14:45,Ch6,T. OVER
 12-03-18,19:15:45,Ch6,T. OVER
 12-03-18,19:16:45,Ch6,T. OVER
 12-03-18,19:17:45,Ch6,T. OVER
 12-03-18,19:18:45,Ch6,T. OVER
 12-03-18,19:19:45,Ch6,T. OVER
 12-03-18,19:20:45,Ch6,T. OVER
 12-03-18,19:21:45,Ch6,T. OVER
 12-03-18,19:22:45,Ch6,T. OVER
 12-03-18,19:23:46,Ch6,T. OVER
 12-03-18,19:24:46,Ch6,T. OVER
 12-03-18,19:25:46,Ch6,T. OVER
 12-03-18,19:26:46,Ch6,T. OVER
 12-03-18,19:27:46,Ch6,T. OVER
 12-03-18,19:28:46,Ch6,T. OVER
 12-03-18,19:29:46,Ch6,T. OVER
 12-03-18,19:30:46,Ch6,T. OVER
 12-03-18,19:31:46,Ch6,T. OVER
 12-03-18,19:32:46,Ch6,T. OVER
 12-03-18,19:33:46,Ch6,T. OVER
 12-03-18,19:34:47,Ch6,T. OVER
 12-03-18,19:35:47,Ch6,T. OVER
 12-03-18,19:36:47,Ch6,T. OVER
 12-03-18,19:37:47,Ch6,T. OVER
 12-03-18,19:38:47,Ch6,T. OVER
 12-03-18,19:39:47,Ch6,T. OVER
 12-03-18,19:40:47,Ch6,T. OVER
 12-03-18,19:41:47,Ch6,T. OVER
 12-03-18,19:42:47,Ch6,T. OVER
 12-03-18,19:43:47,Ch6,T. OVER
 12-03-18,19:44:47,Ch6,T. OVER
 12-03-18,19:45:47,Ch6,T. OVER
 12-03-18,19:46:47,Ch6,T. OVER
 12-03-18,19:47:48,Ch6,T. OVER
 12-03-18,19:48:48,Ch6,T. OVER
 12-03-18,19:49:48,Ch6,T. OVER
 12-03-18,19:50:48,Ch6,T. OVER
 12-03-18,19:51:48,Ch6,T. OVER
 12-03-18,19:52:48,Ch6,T. OVER
 12-03-18,19:53:48,Ch6,T. OVER
 12-03-18,19:54:48,Ch6,T. OVER
 12-03-18,19:55:48,Ch6,T. OVER
 12-03-18,19:56:48,Ch6,T. OVER
 12-03-18,19:57:48,Ch6,T. OVER
 12-03-18,19:58:48,Ch6,T. OVER
 12-03-18,19:59:48,Ch6,T. OVER
 12-03-18,20:00:48,Ch6,T. OVER
 12-03-18,20:01:48,Ch6,T. OVER
 12-03-18,20:02:48,Ch6,T. OVER
 12-03-18,20:03:48,Ch6,T. OVER
 12-03-18,20:04:48,Ch6,T. OVER
 12-03-18,20:05:48,Ch6,T. OVER
 12-03-18,20:06:48,Ch6,T. OVER
 12-03-18,20:07:49,Ch6,T. OVER
 12-03-18,20:08:49,Ch6,T. OVER
 12-03-18,20:09:49,Ch6,T. OVER
 12-03-18,20:10:49,Ch6,T. OVER
 12-03-18,20:11:49,Ch6,T. OVER
 12-03-18,20:12:49,Ch6,T. OVER
 12-03-18,20:13:50,Ch6,T. OVER
 12-03-18,20:14:50,Ch6,T. OVER
 12-03-18,20:15:50,Ch6,T. OVER
 12-03-18,20:16:50,Ch6,T. OVER
 12-03-18,20:17:50,Ch6,T. OVER
 12-03-18,20:18:50,Ch6,T. OVER
 12-03-18,20:19:50,Ch6,T. OVER
 12-03-18,20:20:50,Ch6,T. OVER
 12-03-18,20:21:50,Ch6,T. OVER
 12-03-18,20:22:50,Ch6,T. OVER
 12-03-18,20:23:50,Ch6,T. OVER
 12-03-18,20:24:50,Ch6,T. OVER
 12-03-18,20:25:50,Ch6,T. OVER
 12-03-18,20:26:50,Ch6,T. OVER
 12-03-18,20:27:50,Ch6,T. OVER
 12-03-18,20:28:50,Ch6,T. OVER
 12-03-18,20:29:50,Ch6,T. OVER
 12-03-18,20:30:51,Ch6,T. OVER
 12-03-18,20:31:51,Ch6,T. OVER
 12-03-18,20:32:51,Ch6,T. OVER
 12-03-18,20:33:51,Ch6,T. OVER
 12-03-18,20:34:51,Ch6,T. OVER
 12-03-18,20:35:51,Ch6,T. OVER
 12-03-18,20:36:51,Ch6,T. OVER
 12-03-18,20:37:51,Ch6,T. OVER
 12-03-18,20:38:51,Ch6,T. OVER
 12-03-18,20:39:51,Ch6,T. OVER
 12-03-18,20:40:51,Ch6,T. OVER
 12-03-18,20:41:51,Ch6,T. OVER
 12-03-18,20:42:51,Ch6,T. OVER
 12-03-18,20:43:51,Ch6,T. OVER
 12-03-18,20:44:52,Ch6,T. OVER
 12-03-18,20:45:52,Ch6,T. OVER
 12-03-18,20:46:52,Ch6,T. OVER
 12-03-18,20:47:52,Ch6,T. OVER
 12-03-18,20:48:52,Ch6,T. OVER
 12-03-18,20:49:52,Ch6,T. OVER
 12-03-18,20:50:52,Ch6,T. OVER
 12-03-18,20:51:52,Ch6,T. OVER
 12-03-18,20:52:52,Ch6,T. OVER
 12-03-18,20:53:52,Ch6,T. OVER
 12-03-18,20:54:52,Ch6,T. OVER
 12-03-18,20:55:52,Ch6,T. OVER
 12-03-18,20:56:52,Ch6,T. OVER
 12-03-18,20:57:53,Ch6,T. OVER
 12-03-18,20:58:53,Ch6,T. OVER
 12-03-18,20:59:53,Ch6,T. OVER
 12-03-18,21:00:54,Ch6,T. OVER
 12-03-18,21:01:54,Ch6,T. OVER
 12-03-18,21:02:54,Ch6,T. OVER
 12-03-18,21:03:54,Ch6,T. OVER
 12-03-18,21:04:54,Ch6,T. OVER
 12-03-18,21:05:54,Ch6,T. OVER
 12-03-18,21:06:54,Ch6,T. OVER
 12-03-18,21:07:54,Ch6,T. OVER
 12-03-18,21:08:54,Ch6,T. OVER
 12-03-18,21:09:54,Ch6,T. OVER
 12-03-18,21:10:54,Ch6,T. OVER
 12-03-18,21:11:54,Ch6,T. OVER
 12-03-18,21:12:54,Ch6,T. OVER
 12-03-18,21:13:54,Ch6,T. OVER
 12-03-18,21:14:54,Ch6,T. OVER
 12-03-18,21:15:54,Ch6,T. OVER
 12-03-18,21:16:54,Ch6,T. OVER
 12-03-18,21:17:55,Ch6,T. OVER
 12-03-18,21:18:55,Ch6,T. OVER
 12-03-18,21:19:55,Ch6,T. OVER
 12-03-18,21:20:55,Ch6,T. OVER
 12-03-18,21:21:55,Ch6,T. OVER
 12-03-18,21:22:55,Ch6,T. OVER
 12-03-18,21:23:55,Ch6,T. OVER
 12-03-18,21:24:55,Ch6,T. OVER
 12-03-18,21:25:55,Ch6,T. OVER
 12-03-18,21:26:56,Ch6,T. OVER
 12-03-18,21:27:56,Ch6,T. OVER
 12-03-18,21:28:56,Ch6,T. OVER
 12-03-18,21:29:56,Ch6,T. OVER
 12-03-18,21:30:56,Ch6,T. OVER
 12-03-18,21:31:56,Ch6,T. OVER
 12-03-18,21:32:56,Ch6,T. OVER
 12-03-18,21:33:56,Ch6,T. OVER
 12-03-18,21:34:56,Ch6,T. OVER
 12-03-18,21:35:56,Ch6,T. OVER
 12-03-18,21:36:56,Ch6,T. OVER
 12-03-18,21:37:56,Ch6,T. OVER
 12-03-18,21:38:56,Ch6,T. OVER
 12-03-18,21:39:56,Ch6,T. OVER
 12-03-18,21:40:56,Ch6,T. OVER
 12-03-18,21:41:56,Ch6,T. OVER
 12-03-18,21:42:57,Ch6,T. OVER
 12-03-18,21:43:57,Ch6,T. OVER
 12-03-18,21:44:57,Ch6,T. OVER
 12-03-18,21:45:57,Ch6,T. OVER
 12-03-18,21:46:57,Ch6,T. OVER
 12-03-18,21:47:57,Ch6,T. OVER
 12-03-18,21:48:57,Ch6,T. OVER
 12-03-18,21:49:57,Ch6,T. OVER
 12-03-18,21:50:57,Ch6,T. OVER
 12-03-18,21:51:57,Ch6,T. OVER
 12-03-18,21:52:57,Ch6,T. OVER
 12-03-18,21:53:57,Ch6,T. OVER
 12-03-18,21:54:57,Ch6,T. OVER
 12-03-18,21:55:58,Ch6,T. OVER
 12-03-18,21:56:58,Ch6,T. OVER
 12-03-18,21:57:58,Ch6,T. OVER
 12-03-18,21:58:58,Ch6,T. OVER
 12-03-18,21:59:58,Ch6,T. OVER
 12-03-18,22:00:58,Ch6,T. OVER
 12-03-18,22:01:58,Ch6,T. OVER
 12-03-18,22:02:58,Ch6,T. OVER
 12-03-18,22:03:58,Ch6,T. OVER
 12-03-18,22:04:58,Ch6,T. OVER
 12-03-18,22:05:58,Ch6,T. OVER
 12-03-18,22:06:58,Ch6,T. OVER
 12-03-18,22:07:58,Ch6,T. OVER
 12-03-18,22:08:59,Ch6,T. OVER
 12-03-18,22:09:59,Ch6,T. OVER
 12-03-18,22:10:59,Ch6,T. OVER
 12-03-18,22:11:59,Ch6,T. OVER
 12-03-18,22:12:59,Ch6,T. OVER
 12-03-18,22:13:59,Ch6,T. OVER
 12-03-18,22:14:59,Ch6,T. OVER
 12-03-18,22:15:59,Ch6,T. OVER
 12-03-18,22:16:59,Ch6,T. OVER
 12-03-18,22:17:59,Ch6,T. OVER
 12-03-18,22:18:59,Ch6,T. OVER
 12-03-18,22:19:59,Ch6,T. OVER
 12-03-18,22:21:00,Ch6,T. OVER
 12-03-18,22:22:00,Ch6,T. OVER
 12-03-18,22:23:00,Ch6,T. OVER
 12-03-18,22:24:00,Ch6,T. OVER
 12-03-18,22:25:00,Ch6,T. OVER
 12-03-18,22:26:00,Ch6,T. OVER
 12-03-18,22:27:00,Ch6,T. OVER
 12-03-18,22:28:00,Ch6,T. OVER
 12-03-18,22:29:00,Ch6,T. OVER
 12-03-18,22:30:00,Ch6,T. OVER
 12-03-18,22:31:00,Ch6,T. OVER
 12-03-18,22:32:00,Ch6,T. OVER
 12-03-18,22:33:00,Ch6,T. OVER
 12-03-18,22:34:00,Ch6,T. OVER
 12-03-18,22:35:01,Ch6,T. OVER
 12-03-18,22:36:01,Ch6,T. OVER
 12-03-18,22:37:01,Ch6,T. OVER
 12-03-18,22:38:01,Ch6,T. OVER
 12-03-18,22:39:01,Ch6,T. OVER
 12-03-18,22:40:01,Ch6,T. OVER
 12-03-18,22:41:01,Ch6,T. OVER
 12-03-18,22:42:01,Ch6,T. OVER
 12-03-18,22:43:01,Ch6,T. OVER
 12-03-18,22:44:01,Ch6,T. OVER
 12-03-18,22:45:01,Ch6,T. OVER
 12-03-18,22:46:01,Ch6,T. OVER
 12-03-18,22:47:02,Ch6,T. OVER
 12-03-18,22:48:02,Ch6,T. OVER
 12-03-18,22:49:02,Ch6,T. OVER
 12-03-18,22:50:02,Ch6,T. OVER
 12-03-18,22:51:02,Ch6,T. OVER
 12-03-18,22:52:02,Ch6,T. OVER
 12-03-18,22:53:02,Ch6,T. OVER
 12-03-18,22:54:02,Ch6,T. OVER
 12-03-18,22:55:02,Ch6,T. OVER
 12-03-18,22:56:02,Ch6,T. OVER
 12-03-18,22:57:02,Ch6,T. OVER
 12-03-18,22:58:02,Ch6,T. OVER
 12-03-18,22:59:02,Ch6,T. OVER
 12-03-18,23:00:02,Ch6,T. OVER
 12-03-18,23:01:02,Ch6,T. OVER
 12-03-18,23:02:02,Ch6,T. OVER
 12-03-18,23:03:02,Ch6,T. OVER
 12-03-18,23:04:02,Ch6,T. OVER
 12-03-18,23:05:02,Ch6,T. OVER
 12-03-18,23:06:03,Ch6,T. OVER
 12-03-18,23:07:03,Ch6,T. OVER
 12-03-18,23:08:03,Ch6,T. OVER
 12-03-18,23:09:03,Ch6,T. OVER
 12-03-18,23:10:03,Ch6,T. OVER
 12-03-18,23:11:03,Ch6,T. OVER
 12-03-18,23:12:03,Ch6,T. OVER
 12-03-18,23:13:03,Ch6,T. OVER
 12-03-18,23:14:03,Ch6,T. OVER
 12-03-18,23:15:03,Ch6,T. OVER
 12-03-18,23:16:03,Ch6,T. OVER
 12-03-18,23:17:03,Ch6,T. OVER
 12-03-18,23:18:03,Ch6,T. OVER
 12-03-18,23:19:03,Ch6,T. OVER
 12-03-18,23:20:03,Ch6,T. OVER
 12-03-18,23:21:04,Ch6,T. OVER
 12-03-18,23:22:04,Ch6,T. OVER
 12-03-18,23:23:04,Ch6,T. OVER
 12-03-18,23:24:04,Ch6,T. OVER
 12-03-18,23:25:04,Ch6,T. OVER
 12-03-18,23:26:04,Ch6,T. OVER
 12-03-18,23:27:04,Ch6,T. OVER
 12-03-18,23:28:04,Ch6,T. OVER
 12-03-18,23:29:04,Ch6,T. OVER
 12-03-18,23:30:04,Ch6,T. OVER
 12-03-18,23:31:04,Ch6,T. OVER
 12-03-18,23:32:04,Ch6,T. OVER
 12-03-18,23:33:04,Ch6,T. OVER
 12-03-18,23:34:04,Ch6,T. OVER
 12-03-18,23:35:04,Ch6,T. OVER
 12-03-18,23:36:04,Ch6,T. OVER
 12-03-18,23:37:04,Ch6,T. OVER
 12-03-18,23:38:04,Ch6,T. OVER
 12-03-18,23:39:05,Ch6,VMIX OVL,T. OVER
 12-03-18,23:40:05,Ch6,T. OVER
 12-03-18,23:41:05,Ch6,T. OVER
 12-03-18,23:42:05,Ch6,T. OVER
 12-03-18,23:43:06,Ch6,T. OVER
 12-03-18,23:44:06,Ch6,T. OVER
 12-03-18,23:45:06,Ch6,T. OVER
 12-03-18,23:46:06,Ch6,T. OVER
 12-03-18,23:47:06,Ch6,T. OVER
 12-03-18,23:48:06,Ch6,T. OVER
 12-03-18,23:49:06,Ch6,T. OVER
 12-03-18,23:50:06,Ch6,T. OVER
 12-03-18,23:51:07,Ch6,T. OVER
 12-03-18,23:52:07,Ch6,T. OVER
 12-03-18,23:53:07,Ch6,T. OVER
 12-03-18,23:54:07,Ch6,T. OVER
 12-03-18,23:55:07,Ch6,T. OVER
 12-03-18,23:56:07,Ch6,T. OVER
 12-03-18,23:57:07,Ch6,T. OVER
 12-03-18,23:58:07,Ch6,T. OVER
 12-03-18,23:59:08,Ch6,T. OVER
