 18-10-18,00:00:30,Ch6,T. OVER
 18-10-18,00:01:31,Ch6,T. OVER
 18-10-18,00:02:31,Ch6,T. OVER
 18-10-18,00:03:31,Ch6,T. OVER
 18-10-18,00:04:31,Ch6,T. OVER
 18-10-18,00:05:31,Ch6,T. OVER
 18-10-18,00:06:31,Ch6,T. OVER
 18-10-18,00:07:32,Ch6,T. OVER
 18-10-18,00:08:32,Ch6,T. OVER
 18-10-18,00:09:32,Ch6,T. OVER
 18-10-18,00:10:32,Ch6,T. OVER
 18-10-18,00:11:32,Ch6,T. OVER
 18-10-18,00:12:32,Ch6,T. OVER
 18-10-18,00:13:32,Ch6,T. OVER
 18-10-18,00:14:32,Ch6,T. OVER
 18-10-18,00:15:33,Ch6,T. OVER
 18-10-18,00:16:33,Ch6,T. OVER
 18-10-18,00:17:33,Ch6,T. OVER
 18-10-18,00:18:33,Ch6,T. OVER
 18-10-18,00:19:33,Ch6,T. OVER
 18-10-18,00:20:33,Ch6,T. OVER
 18-10-18,00:21:33,Ch6,T. OVER
 18-10-18,00:22:33,Ch6,T. OVER
 18-10-18,00:23:33,Ch6,T. OVER
 18-10-18,00:24:33,Ch6,T. OVER
 18-10-18,00:25:34,Ch6,T. OVER
 18-10-18,00:26:34,Ch6,T. OVER
 18-10-18,00:27:34,Ch6,T. OVER
 18-10-18,00:28:34,Ch6,T. OVER
 18-10-18,00:29:34,Ch6,T. OVER
 18-10-18,00:30:34,Ch6,T. OVER
 18-10-18,00:31:34,Ch6,T. OVER
 18-10-18,00:32:34,Ch6,T. OVER
 18-10-18,00:33:34,Ch6,T. OVER
 18-10-18,00:34:34,Ch6,T. OVER
 18-10-18,00:35:34,Ch6,T. OVER
 18-10-18,00:36:34,Ch6,T. OVER
 18-10-18,00:37:34,Ch6,T. OVER
 18-10-18,00:38:34,Ch6,T. OVER
 18-10-18,00:39:34,Ch6,T. OVER
 18-10-18,00:40:34,Ch6,T. OVER
 18-10-18,00:41:34,Ch1,VDIF OVL
 18-10-18,00:41:34,Ch6,T. OVER
 18-10-18,00:42:35,Ch6,T. OVER
 18-10-18,00:43:35,Ch6,T. OVER
 18-10-18,00:44:35,Ch6,T. OVER
 18-10-18,00:45:35,Ch6,T. OVER
 18-10-18,00:46:35,Ch6,T. OVER
 18-10-18,00:47:35,Ch6,T. OVER
 18-10-18,00:48:35,Ch6,T. OVER
 18-10-18,00:49:35,Ch6,T. OVER
 18-10-18,00:50:35,Ch6,T. OVER
 18-10-18,00:51:36,Ch6,T. OVER
 18-10-18,00:52:36,Ch6,T. OVER
 18-10-18,00:53:36,Ch6,T. OVER
 18-10-18,00:54:36,Ch6,T. OVER
 18-10-18,00:55:36,Ch6,T. OVER
 18-10-18,00:56:36,Ch6,T. OVER
 18-10-18,00:57:36,Ch6,T. OVER
 18-10-18,00:58:36,Ch6,T. OVER
 18-10-18,00:59:37,Ch6,T. OVER
 18-10-18,01:00:37,Ch6,T. OVER
 18-10-18,01:01:37,Ch6,T. OVER
 18-10-18,01:02:37,Ch6,T. OVER
 18-10-18,01:03:37,Ch6,T. OVER
 18-10-18,01:04:37,Ch6,T. OVER
 18-10-18,01:05:37,Ch6,T. OVER
 18-10-18,01:06:37,Ch6,T. OVER
 18-10-18,01:07:37,Ch6,T. OVER
 18-10-18,01:08:37,Ch6,T. OVER
 18-10-18,01:09:37,Ch6,T. OVER
 18-10-18,01:10:37,Ch6,T. OVER
 18-10-18,01:11:37,Ch6,T. OVER
 18-10-18,01:12:37,Ch6,T. OVER
 18-10-18,01:13:37,Ch6,T. OVER
 18-10-18,01:14:37,Ch6,T. OVER
 18-10-18,01:15:38,Ch6,T. OVER
 18-10-18,01:16:38,Ch6,T. OVER
 18-10-18,01:17:38,Ch6,T. OVER
 18-10-18,01:18:38,Ch6,T. OVER
 18-10-18,01:19:38,Ch6,T. OVER
 18-10-18,01:20:38,Ch6,T. OVER
 18-10-18,01:21:38,Ch6,T. OVER
 18-10-18,01:22:38,Ch6,T. OVER
 18-10-18,01:23:38,Ch6,T. OVER
 18-10-18,01:24:38,Ch6,T. OVER
 18-10-18,01:25:38,Ch6,T. OVER
 18-10-18,01:26:38,Ch6,T. OVER
 18-10-18,01:27:38,Ch6,T. OVER
 18-10-18,01:28:38,Ch6,T. OVER
 18-10-18,01:29:38,Ch6,T. OVER
 18-10-18,01:30:38,Ch6,T. OVER
 18-10-18,01:31:39,Ch6,T. OVER
 18-10-18,01:32:39,Ch6,T. OVER
 18-10-18,01:33:39,Ch6,T. OVER
 18-10-18,01:34:39,Ch6,T. OVER
 18-10-18,01:35:39,Ch6,T. OVER
 18-10-18,01:36:39,Ch6,T. OVER
 18-10-18,01:37:39,Ch6,T. OVER
 18-10-18,01:38:39,Ch6,T. OVER
 18-10-18,01:39:39,Ch6,T. OVER
 18-10-18,01:40:39,Ch6,T. OVER
 18-10-18,01:41:39,Ch6,T. OVER
 18-10-18,01:42:39,Ch6,T. OVER
 18-10-18,01:43:39,Ch6,T. OVER
 18-10-18,01:44:39,Ch6,T. OVER
 18-10-18,01:45:39,Ch6,T. OVER
 18-10-18,01:46:39,Ch6,T. OVER
 18-10-18,01:47:39,Ch6,T. OVER
 18-10-18,01:48:40,Ch6,T. OVER
 18-10-18,01:49:40,Ch6,T. OVER
 18-10-18,01:50:40,Ch6,T. OVER
 18-10-18,01:51:40,Ch6,T. OVER
 18-10-18,01:52:40,Ch6,T. OVER
 18-10-18,01:53:40,Ch6,T. OVER
 18-10-18,01:54:40,Ch6,T. OVER
 18-10-18,01:55:40,Ch6,T. OVER
 18-10-18,01:56:40,Ch6,T. OVER
 18-10-18,01:57:41,Ch6,T. OVER
 18-10-18,01:58:41,Ch6,T. OVER
 18-10-18,01:59:41,Ch6,T. OVER
 18-10-18,02:00:41,Ch6,T. OVER
 18-10-18,02:01:41,Ch6,T. OVER
 18-10-18,02:02:41,Ch6,T. OVER
 18-10-18,02:03:41,Ch6,T. OVER
 18-10-18,02:04:41,Ch6,T. OVER
 18-10-18,02:05:41,Ch6,T. OVER
 18-10-18,02:06:42,Ch6,T. OVER
 18-10-18,02:07:42,Ch6,T. OVER
 18-10-18,02:08:42,Ch6,T. OVER
 18-10-18,02:09:42,Ch6,T. OVER
 18-10-18,02:10:42,Ch6,T. OVER
 18-10-18,02:11:42,Ch6,T. OVER
 18-10-18,02:12:43,Ch6,T. OVER
 18-10-18,02:13:43,Ch6,T. OVER
 18-10-18,02:14:43,Ch6,T. OVER
 18-10-18,02:15:43,Ch6,T. OVER
 18-10-18,02:16:43,Ch6,T. OVER
 18-10-18,02:17:43,Ch6,T. OVER
 18-10-18,02:18:43,Ch6,T. OVER
 18-10-18,02:19:43,Ch6,T. OVER
 18-10-18,02:20:43,Ch6,T. OVER
 18-10-18,02:21:43,Ch6,T. OVER
 18-10-18,02:22:43,Ch6,T. OVER
 18-10-18,02:23:43,Ch6,T. OVER
 18-10-18,02:24:44,Ch6,T. OVER
 18-10-18,02:25:44,Ch6,T. OVER
 18-10-18,02:26:44,Ch6,T. OVER
 18-10-18,02:27:44,Ch6,T. OVER
 18-10-18,02:28:44,Ch6,T. OVER
 18-10-18,02:29:44,Ch6,T. OVER
 18-10-18,02:30:44,Ch6,T. OVER
 18-10-18,02:31:44,Ch6,T. OVER
 18-10-18,02:32:44,Ch6,T. OVER
 18-10-18,02:33:44,Ch6,T. OVER
 18-10-18,02:34:44,Ch6,T. OVER
 18-10-18,02:35:44,Ch6,T. OVER
 18-10-18,02:36:44,Ch6,T. OVER
 18-10-18,02:37:44,Ch6,T. OVER
 18-10-18,02:38:45,Ch6,T. OVER
 18-10-18,02:39:45,Ch6,T. OVER
 18-10-18,02:40:45,Ch6,T. OVER
 18-10-18,02:41:45,Ch6,T. OVER
 18-10-18,02:42:45,Ch6,T. OVER
 18-10-18,02:43:45,Ch6,T. OVER
 18-10-18,02:44:45,Ch6,T. OVER
 18-10-18,02:45:45,Ch6,T. OVER
 18-10-18,02:46:46,Ch6,T. OVER
 18-10-18,02:47:46,Ch6,T. OVER
 18-10-18,02:48:46,Ch6,T. OVER
 18-10-18,02:49:46,Ch6,T. OVER
 18-10-18,02:50:46,Ch6,T. OVER
 18-10-18,02:51:46,Ch6,T. OVER
 18-10-18,02:52:46,Ch6,T. OVER
 18-10-18,02:53:46,Ch6,T. OVER
 18-10-18,02:54:46,Ch6,T. OVER
 18-10-18,02:55:46,Ch6,T. OVER
 18-10-18,02:56:46,Ch6,T. OVER
 18-10-18,02:57:46,Ch6,T. OVER
 18-10-18,02:58:46,Ch6,T. OVER
 18-10-18,02:59:46,Ch6,T. OVER
 18-10-18,03:00:46,Ch6,T. OVER
 18-10-18,03:01:46,Ch6,T. OVER
 18-10-18,03:02:46,Ch6,T. OVER
 18-10-18,03:03:47,Ch6,T. OVER
 18-10-18,03:04:47,Ch6,T. OVER
 18-10-18,03:05:47,Ch6,T. OVER
 18-10-18,03:06:47,Ch6,T. OVER
 18-10-18,03:07:47,Ch6,T. OVER
 18-10-18,03:08:47,Ch6,T. OVER
 18-10-18,03:09:48,Ch6,T. OVER
 18-10-18,03:10:48,Ch6,T. OVER
 18-10-18,03:11:48,Ch6,T. OVER
 18-10-18,03:12:48,Ch6,T. OVER
 18-10-18,03:13:48,Ch6,T. OVER
 18-10-18,03:14:48,Ch6,T. OVER
 18-10-18,03:15:48,Ch6,T. OVER
 18-10-18,03:16:48,Ch6,T. OVER
 18-10-18,03:17:49,Ch6,T. OVER
 18-10-18,03:18:49,Ch6,T. OVER
 18-10-18,03:19:49,Ch6,T. OVER
 18-10-18,03:20:49,Ch6,T. OVER
 18-10-18,03:21:49,Ch6,T. OVER
 18-10-18,03:22:49,Ch6,T. OVER
 18-10-18,03:23:49,Ch6,T. OVER
 18-10-18,03:24:49,Ch6,T. OVER
 18-10-18,03:25:49,Ch6,T. OVER
 18-10-18,03:26:49,Ch6,T. OVER
 18-10-18,03:27:49,Ch6,T. OVER
 18-10-18,03:28:49,Ch6,T. OVER
 18-10-18,03:29:50,Ch6,T. OVER
 18-10-18,03:30:50,Ch6,T. OVER
 18-10-18,03:31:50,Ch6,T. OVER
 18-10-18,03:32:50,Ch6,T. OVER
 18-10-18,03:33:50,Ch6,T. OVER
 18-10-18,03:34:50,Ch6,T. OVER
 18-10-18,03:35:50,Ch6,T. OVER
 18-10-18,03:36:51,Ch6,T. OVER
 18-10-18,03:37:51,Ch6,T. OVER
 18-10-18,03:38:51,Ch6,T. OVER
 18-10-18,03:39:51,Ch6,T. OVER
 18-10-18,03:40:51,Ch6,T. OVER
 18-10-18,03:41:51,Ch6,T. OVER
 18-10-18,03:42:51,Ch6,T. OVER
 18-10-18,03:43:51,Ch6,T. OVER
 18-10-18,03:44:51,Ch6,T. OVER
 18-10-18,03:45:51,Ch6,T. OVER
 18-10-18,03:46:51,Ch6,T. OVER
 18-10-18,03:47:52,Ch6,T. OVER
 18-10-18,03:48:52,Ch6,T. OVER
 18-10-18,03:49:52,Ch6,T. OVER
 18-10-18,03:50:52,Ch6,T. OVER
 18-10-18,03:51:52,Ch6,T. OVER
 18-10-18,03:52:52,Ch6,T. OVER
 18-10-18,03:53:52,Ch6,T. OVER
 18-10-18,03:54:52,Ch6,T. OVER
 18-10-18,03:55:52,Ch6,T. OVER
 18-10-18,03:56:52,Ch6,T. OVER
 18-10-18,03:57:52,Ch6,T. OVER
 18-10-18,03:58:52,Ch6,T. OVER
 18-10-18,03:59:52,Ch6,T. OVER
 18-10-18,04:00:52,Ch6,T. OVER
 18-10-18,04:01:52,Ch6,T. OVER
 18-10-18,04:02:53,Ch6,T. OVER
 18-10-18,04:03:53,Ch6,T. OVER
 18-10-18,04:04:53,Ch6,T. OVER
 18-10-18,04:05:53,Ch6,T. OVER
 18-10-18,04:06:53,Ch6,T. OVER
 18-10-18,04:07:53,Ch6,T. OVER
 18-10-18,04:08:53,Ch6,T. OVER
 18-10-18,04:09:53,Ch6,T. OVER
 18-10-18,04:10:53,Ch6,T. OVER
 18-10-18,04:11:53,Ch6,T. OVER
 18-10-18,04:12:53,Ch6,T. OVER
 18-10-18,04:13:53,Ch6,T. OVER
 18-10-18,04:14:53,Ch6,T. OVER
 18-10-18,04:15:53,Ch6,T. OVER
 18-10-18,04:16:53,Ch6,T. OVER
 18-10-18,04:17:53,Ch6,T. OVER
 18-10-18,04:18:53,Ch6,T. OVER
 18-10-18,04:19:53,Ch6,T. OVER
 18-10-18,04:20:53,Ch6,T. OVER
 18-10-18,04:21:53,Ch6,T. OVER
 18-10-18,04:22:53,Ch6,T. OVER
 18-10-18,04:23:53,Ch6,T. OVER
 18-10-18,04:24:53,Ch6,T. OVER
 18-10-18,04:25:53,Ch6,T. OVER
 18-10-18,04:26:53,Ch6,T. OVER
 18-10-18,04:27:54,Ch6,T. OVER
 18-10-18,04:28:54,Ch6,T. OVER
 18-10-18,04:29:54,Ch6,T. OVER
 18-10-18,04:30:54,Ch6,T. OVER
 18-10-18,04:31:54,Ch6,T. OVER
 18-10-18,04:32:54,Ch6,T. OVER
 18-10-18,04:33:54,Ch6,T. OVER
 18-10-18,04:34:54,Ch6,T. OVER
 18-10-18,04:35:54,Ch6,T. OVER
 18-10-18,04:36:54,Ch6,T. OVER
 18-10-18,04:37:54,Ch6,T. OVER
 18-10-18,04:38:54,Ch6,T. OVER
 18-10-18,04:39:54,Ch6,T. OVER
 18-10-18,04:40:54,Ch6,T. OVER
 18-10-18,04:41:54,Ch6,T. OVER
 18-10-18,04:42:54,Ch6,T. OVER
 18-10-18,04:43:54,Ch6,T. OVER
 18-10-18,04:44:55,Ch6,T. OVER
 18-10-18,04:45:55,Ch6,T. OVER
 18-10-18,04:46:55,Ch6,T. OVER
 18-10-18,04:47:55,Ch6,T. OVER
 18-10-18,04:48:55,Ch6,T. OVER
 18-10-18,04:49:55,Ch6,T. OVER
 18-10-18,04:50:55,Ch6,T. OVER
 18-10-18,04:51:55,Ch6,T. OVER
 18-10-18,04:52:55,Ch6,T. OVER
 18-10-18,04:53:55,Ch6,T. OVER
 18-10-18,04:54:56,Ch6,T. OVER
 18-10-18,04:55:56,Ch6,T. OVER
 18-10-18,04:56:56,Ch6,T. OVER
 18-10-18,04:57:56,Ch6,T. OVER
 18-10-18,04:58:56,Ch6,T. OVER
 18-10-18,04:59:56,Ch6,T. OVER
 18-10-18,05:00:56,Ch6,T. OVER
 18-10-18,05:01:56,Ch6,T. OVER
 18-10-18,05:02:56,Ch6,T. OVER
 18-10-18,05:03:56,Ch6,T. OVER
 18-10-18,05:04:56,Ch6,T. OVER
 18-10-18,05:05:57,Ch6,T. OVER
 18-10-18,05:06:57,Ch6,T. OVER
 18-10-18,05:07:57,Ch6,T. OVER
 18-10-18,05:08:57,Ch6,T. OVER
 18-10-18,05:09:57,Ch6,T. OVER
 18-10-18,05:10:57,Ch6,T. OVER
 18-10-18,05:11:57,Ch6,T. OVER
 18-10-18,05:12:57,Ch6,T. OVER
 18-10-18,05:13:57,Ch6,T. OVER
 18-10-18,05:14:58,Ch6,T. OVER
 18-10-18,05:15:58,Ch6,T. OVER
 18-10-18,05:16:58,Ch6,T. OVER
 18-10-18,05:17:58,Ch6,T. OVER
 18-10-18,05:18:58,Ch6,T. OVER
 18-10-18,05:19:58,Ch6,T. OVER
 18-10-18,05:20:58,Ch6,T. OVER
 18-10-18,05:21:58,Ch6,T. OVER
 18-10-18,05:22:58,Ch6,T. OVER
 18-10-18,05:23:58,Ch6,T. OVER
 18-10-18,05:24:58,Ch6,T. OVER
 18-10-18,05:25:58,Ch6,T. OVER
 18-10-18,05:26:58,Ch6,T. OVER
 18-10-18,05:27:58,Ch6,T. OVER
 18-10-18,05:28:58,Ch6,T. OVER
 18-10-18,05:29:58,Ch6,T. OVER
 18-10-18,05:30:58,Ch6,T. OVER
 18-10-18,05:31:58,Ch6,T. OVER
 18-10-18,05:32:58,Ch6,T. OVER
 18-10-18,05:33:58,Ch6,T. OVER
 18-10-18,05:34:58,Ch6,T. OVER
 18-10-18,05:35:58,Ch6,T. OVER
 18-10-18,05:36:59,Ch1,VDIF OVL
 18-10-18,05:36:59,Ch6,T. OVER
 18-10-18,05:37:59,Ch6,T. OVER
 18-10-18,05:38:59,Ch1,VDIF OVL
 18-10-18,05:38:59,Ch6,T. OVER
 18-10-18,05:39:59,Ch6,T. OVER
 18-10-18,05:40:59,Ch1,VDIF OVL
 18-10-18,05:40:59,Ch6,T. OVER
 18-10-18,05:41:59,Ch6,T. OVER
 18-10-18,05:42:59,Ch1,VDIF OVL
 18-10-18,05:42:59,Ch6,T. OVER
 18-10-18,05:43:59,Ch5,VDIF OVL
 18-10-18,05:43:59,Ch6,T. OVER
 18-10-18,05:44:59,Ch1,VDIF OVL
 18-10-18,05:44:59,Ch6,T. OVER
 18-10-18,05:45:59,Ch6,T. OVER
 18-10-18,05:46:59,Ch1,VDIF OVL
 18-10-18,05:46:59,Ch6,T. OVER
 18-10-18,05:47:59,Ch6,T. OVER
 18-10-18,05:48:59,Ch1,VDIF OVL
 18-10-18,05:48:59,Ch6,T. OVER
 18-10-18,05:49:59,Ch6,T. OVER
 18-10-18,05:50:59,Ch1,VDIF OVL
 18-10-18,05:50:59,Ch6,T. OVER
 18-10-18,05:51:59,Ch6,T. OVER
 18-10-18,05:53:00,Ch6,T. OVER
 18-10-18,05:54:00,Ch6,T. OVER
 18-10-18,05:55:00,Ch6,T. OVER
 18-10-18,05:56:00,Ch6,T. OVER
 18-10-18,05:57:00,Ch6,T. OVER
 18-10-18,05:58:00,Ch6,T. OVER
 18-10-18,05:59:00,Ch6,T. OVER
 18-10-18,06:00:00,Ch6,T. OVER
 18-10-18,06:01:00,Ch6,T. OVER
 18-10-18,06:02:00,Ch6,T. OVER
 18-10-18,06:03:00,Ch6,T. OVER
 18-10-18,06:04:01,Ch6,T. OVER
 18-10-18,06:05:01,Ch6,T. OVER
 18-10-18,06:06:01,Ch6,T. OVER
 18-10-18,06:07:01,Ch6,T. OVER
 18-10-18,06:08:01,Ch6,T. OVER
 18-10-18,06:09:01,Ch6,T. OVER
 18-10-18,06:10:01,Ch6,T. OVER
 18-10-18,06:11:01,Ch6,T. OVER
 18-10-18,06:12:01,Ch6,T. OVER
 18-10-18,06:13:01,Ch6,T. OVER
 18-10-18,06:14:01,Ch6,T. OVER
 18-10-18,06:15:01,Ch6,T. OVER
 18-10-18,06:16:01,Ch6,T. OVER
 18-10-18,06:17:01,Ch6,T. OVER
 18-10-18,06:18:02,Ch6,T. OVER
 18-10-18,06:19:02,Ch6,T. OVER
 18-10-18,06:20:02,Ch6,T. OVER
 18-10-18,06:21:02,Ch6,T. OVER
 18-10-18,06:22:02,Ch6,T. OVER
 18-10-18,06:23:02,Ch6,T. OVER
 18-10-18,06:24:02,Ch6,T. OVER
 18-10-18,06:25:02,Ch6,T. OVER
 18-10-18,06:26:02,Ch6,T. OVER
 18-10-18,06:27:02,Ch6,T. OVER
 18-10-18,06:28:02,Ch6,T. OVER
 18-10-18,06:29:03,Ch6,T. OVER
 18-10-18,06:30:03,Ch6,T. OVER
 18-10-18,06:31:03,Ch6,T. OVER
 18-10-18,06:32:03,Ch6,T. OVER
 18-10-18,06:33:03,Ch6,T. OVER
 18-10-18,06:34:03,Ch6,T. OVER
 18-10-18,06:35:03,Ch6,T. OVER
 18-10-18,06:36:03,Ch6,T. OVER
 18-10-18,06:37:03,Ch6,T. OVER
 18-10-18,06:38:03,Ch6,T. OVER
 18-10-18,06:39:03,Ch6,T. OVER
 18-10-18,06:40:03,Ch6,T. OVER
 18-10-18,06:41:03,Ch6,T. OVER
 18-10-18,06:42:03,Ch6,T. OVER
 18-10-18,06:43:03,Ch6,T. OVER
 18-10-18,06:44:03,Ch6,T. OVER
 18-10-18,06:45:03,Ch6,T. OVER
 18-10-18,06:46:04,Ch6,T. OVER
 18-10-18,06:47:04,Ch6,T. OVER
 18-10-18,06:48:04,Ch6,T. OVER
 18-10-18,06:49:04,Ch6,T. OVER
 18-10-18,06:50:04,Ch6,T. OVER
 18-10-18,06:51:04,Ch6,T. OVER
 18-10-18,06:52:04,Ch6,T. OVER
 18-10-18,06:53:04,Ch6,T. OVER
 18-10-18,06:54:04,Ch6,T. OVER
 18-10-18,06:55:04,Ch6,T. OVER
 18-10-18,06:56:04,Ch6,T. OVER
 18-10-18,06:57:04,Ch6,T. OVER
 18-10-18,06:58:04,Ch6,T. OVER
 18-10-18,06:59:04,Ch6,T. OVER
 18-10-18,07:00:04,Ch6,T. OVER
 18-10-18,07:01:04,Ch6,T. OVER
 18-10-18,07:02:04,Ch6,T. OVER
 18-10-18,07:03:05,Ch6,T. OVER
 18-10-18,07:04:05,Ch6,T. OVER
 18-10-18,07:05:05,Ch6,T. OVER
 18-10-18,07:06:05,Ch6,T. OVER
 18-10-18,07:07:05,Ch6,T. OVER
 18-10-18,07:08:05,Ch6,T. OVER
 18-10-18,07:09:05,Ch6,T. OVER
 18-10-18,07:10:05,Ch6,T. OVER
 18-10-18,07:11:05,Ch6,T. OVER
 18-10-18,07:12:05,Ch6,T. OVER
 18-10-18,07:13:05,Ch6,T. OVER
 18-10-18,07:14:05,Ch6,T. OVER
 18-10-18,07:15:05,Ch6,T. OVER
 18-10-18,07:16:05,Ch6,T. OVER
 18-10-18,07:17:05,Ch6,T. OVER
 18-10-18,07:18:05,Ch6,T. OVER
 18-10-18,07:19:05,Ch6,T. OVER
 18-10-18,07:20:05,Ch6,T. OVER
 18-10-18,07:21:06,Ch6,T. OVER
 18-10-18,07:22:06,Ch6,T. OVER
 18-10-18,07:23:06,Ch6,T. OVER
 18-10-18,07:24:06,Ch6,T. OVER
 18-10-18,07:25:06,Ch6,T. OVER
 18-10-18,07:26:06,Ch6,T. OVER
 18-10-18,07:27:06,Ch6,T. OVER
 18-10-18,07:28:06,Ch6,T. OVER
 18-10-18,07:29:06,Ch6,T. OVER
 18-10-18,07:30:06,Ch6,T. OVER
 18-10-18,07:31:06,Ch6,T. OVER
 18-10-18,07:32:06,Ch6,T. OVER
 18-10-18,07:33:06,Ch6,T. OVER
 18-10-18,07:34:07,Ch6,T. OVER
 18-10-18,07:35:07,Ch6,T. OVER
 18-10-18,07:36:07,Ch6,T. OVER
 18-10-18,07:37:07,Ch6,T. OVER
 18-10-18,07:38:07,Ch6,T. OVER
 18-10-18,07:39:07,Ch6,T. OVER
 18-10-18,07:40:07,Ch6,T. OVER
 18-10-18,07:41:07,Ch6,T. OVER
 18-10-18,07:42:07,Ch6,T. OVER
 18-10-18,07:43:07,Ch6,T. OVER
 18-10-18,07:44:07,Ch6,T. OVER
 18-10-18,07:45:07,Ch6,T. OVER
 18-10-18,07:46:07,Ch6,T. OVER
 18-10-18,07:47:07,Ch6,T. OVER
 18-10-18,07:48:07,Ch6,T. OVER
 18-10-18,07:49:07,Ch6,T. OVER
 18-10-18,07:50:08,Ch6,T. OVER
 18-10-18,07:51:08,Ch6,T. OVER
 18-10-18,07:52:08,Ch6,T. OVER
 18-10-18,07:53:08,Ch6,T. OVER
 18-10-18,07:54:08,Ch6,T. OVER
 18-10-18,07:55:08,Ch6,T. OVER
 18-10-18,07:56:08,Ch6,T. OVER
 18-10-18,07:57:08,Ch6,T. OVER
 18-10-18,07:58:08,Ch6,T. OVER
 18-10-18,07:59:08,Ch6,T. OVER
 18-10-18,08:00:08,Ch6,T. OVER
 18-10-18,08:01:08,Ch6,T. OVER
 18-10-18,08:02:08,Ch6,T. OVER
 18-10-18,08:03:08,Ch6,T. OVER
 18-10-18,08:04:08,Ch6,T. OVER
 18-10-18,08:05:08,Ch6,T. OVER
 18-10-18,08:06:08,Ch6,T. OVER
 18-10-18,08:07:09,Ch6,T. OVER
 18-10-18,08:08:09,Ch6,T. OVER
 18-10-18,08:09:09,Ch6,T. OVER
 18-10-18,08:10:09,Ch6,T. OVER
 18-10-18,08:11:09,Ch6,T. OVER
 18-10-18,08:12:09,Ch6,T. OVER
 18-10-18,08:13:10,Ch6,T. OVER
 18-10-18,08:14:10,Ch6,T. OVER
 18-10-18,08:15:10,Ch6,T. OVER
 18-10-18,08:16:10,Ch6,T. OVER
 18-10-18,08:17:10,Ch6,T. OVER
 18-10-18,08:18:10,Ch6,T. OVER
 18-10-18,08:19:10,Ch6,T. OVER
 18-10-18,08:20:10,Ch6,T. OVER
 18-10-18,08:21:11,Ch6,T. OVER
 18-10-18,08:22:11,Ch6,T. OVER
 18-10-18,08:23:11,Ch6,T. OVER
 18-10-18,08:24:11,Ch6,T. OVER
 18-10-18,08:25:11,Ch6,T. OVER
 18-10-18,08:26:11,Ch6,T. OVER
 18-10-18,08:27:11,Ch6,T. OVER
 18-10-18,08:28:11,Ch6,T. OVER
 18-10-18,08:29:11,Ch6,T. OVER
 18-10-18,08:30:11,Ch6,T. OVER
 18-10-18,08:31:11,Ch6,T. OVER
 18-10-18,08:32:11,Ch6,VMIX OVL,T. OVER
 18-10-18,08:33:11,Ch6,T. OVER
 18-10-18,08:34:11,Ch6,VMIX OVL,T. OVER
 18-10-18,08:35:11,Ch6,T. OVER
 18-10-18,08:36:11,Ch6,VMIX OVL,VDIF OVL,T. OVER
 18-10-18,08:37:11,Ch6,T. OVER
 18-10-18,08:38:11,Ch6,T. OVER
 18-10-18,08:39:11,Ch6,T. OVER
 18-10-18,08:40:12,Ch6,T. OVER
 18-10-18,08:41:12,Ch6,T. OVER
 18-10-18,08:42:12,Ch6,T. OVER
 18-10-18,08:43:12,Ch6,T. OVER
 18-10-18,08:44:13,Ch6,T. OVER
 18-10-18,08:45:13,Ch6,T. OVER
 18-10-18,08:46:13,Ch6,T. OVER
 18-10-18,08:47:13,Ch6,T. OVER
 18-10-18,08:48:13,Ch6,T. OVER
 18-10-18,08:49:13,Ch6,T. OVER
 18-10-18,08:50:13,Ch6,T. OVER
 18-10-18,08:51:13,Ch6,T. OVER
 18-10-18,08:52:13,Ch6,T. OVER
 18-10-18,08:53:13,Ch6,T. OVER
 18-10-18,08:54:13,Ch6,T. OVER
 18-10-18,08:55:13,Ch6,T. OVER
 18-10-18,08:56:13,Ch6,T. OVER
 18-10-18,08:57:13,Ch6,T. OVER
 18-10-18,08:58:13,Ch6,T. OVER
 18-10-18,08:59:13,Ch6,T. OVER
 18-10-18,09:00:13,Ch6,T. OVER
 18-10-18,09:01:13,Ch6,T. OVER
 18-10-18,09:02:13,Ch6,T. OVER
 18-10-18,09:03:14,Ch6,T. OVER
 18-10-18,09:04:14,Ch6,T. OVER
 18-10-18,09:05:14,Ch6,T. OVER
 18-10-18,09:06:14,Ch6,T. OVER
 18-10-18,09:07:14,Ch6,T. OVER
 18-10-18,09:08:14,Ch6,T. OVER
 18-10-18,09:09:14,Ch6,T. OVER
 18-10-18,09:10:14,Ch6,T. OVER
 18-10-18,09:11:14,Ch6,T. OVER
 18-10-18,09:12:14,Ch6,T. OVER
 18-10-18,09:13:14,Ch6,T. OVER
 18-10-18,09:14:14,Ch6,T. OVER
 18-10-18,09:15:14,Ch6,T. OVER
 18-10-18,09:16:14,Ch6,T. OVER
 18-10-18,09:17:14,Ch6,T. OVER
 18-10-18,09:18:14,Ch6,T. OVER
 18-10-18,09:19:14,Ch6,T. OVER
 18-10-18,09:20:15,Ch6,T. OVER
 18-10-18,09:21:15,Ch6,T. OVER
 18-10-18,09:22:15,Ch6,T. OVER
 18-10-18,09:23:15,Ch6,T. OVER
 18-10-18,09:24:15,Ch6,T. OVER
 18-10-18,09:25:15,Ch6,T. OVER
 18-10-18,09:26:15,Ch6,T. OVER
 18-10-18,09:27:15,Ch6,T. OVER
 18-10-18,09:28:15,Ch6,T. OVER
 18-10-18,09:29:15,Ch6,T. OVER
 18-10-18,09:30:15,Ch6,T. OVER
 18-10-18,09:31:16,Ch6,T. OVER
 18-10-18,09:32:16,Ch6,T. OVER
 18-10-18,09:33:16,Ch6,T. OVER
 18-10-18,09:34:16,Ch6,T. OVER
 18-10-18,09:35:16,Ch6,T. OVER
 18-10-18,09:36:16,Ch6,T. OVER
 18-10-18,09:37:16,Ch6,T. OVER
 18-10-18,09:38:17,Ch6,T. OVER
 18-10-18,09:39:17,Ch6,T. OVER
 18-10-18,09:40:17,Ch6,T. OVER
 18-10-18,09:41:17,Ch6,T. OVER
 18-10-18,09:42:17,Ch6,T. OVER
 18-10-18,09:43:17,Ch6,T. OVER
 18-10-18,09:44:17,Ch6,T. OVER
 18-10-18,09:45:17,Ch6,T. OVER
 18-10-18,09:46:17,Ch6,T. OVER
 18-10-18,09:47:17,Ch6,T. OVER
 18-10-18,09:48:17,Ch6,T. OVER
 18-10-18,09:49:17,Ch6,T. OVER
 18-10-18,09:50:17,Ch6,T. OVER
 18-10-18,09:51:17,Ch6,T. OVER
 18-10-18,09:52:17,Ch6,T. OVER
 18-10-18,09:53:17,Ch6,T. OVER
 18-10-18,09:54:18,Ch6,T. OVER
 18-10-18,09:55:18,Ch6,T. OVER
 18-10-18,09:56:18,Ch6,T. OVER
 18-10-18,09:57:18,Ch6,T. OVER
 18-10-18,09:58:18,Ch6,T. OVER
 18-10-18,09:59:18,Ch6,T. OVER
 18-10-18,10:00:18,Ch6,T. OVER
 18-10-18,10:01:18,Ch6,T. OVER
 18-10-18,10:02:18,Ch6,T. OVER
 18-10-18,10:03:18,Ch6,T. OVER
 18-10-18,10:04:18,Ch6,T. OVER
 18-10-18,10:05:18,Ch6,T. OVER
 18-10-18,10:06:18,Ch6,T. OVER
 18-10-18,10:07:18,Ch6,T. OVER
 18-10-18,10:08:18,Ch6,T. OVER
 18-10-18,10:09:18,Ch6,T. OVER
 18-10-18,10:10:18,Ch6,T. OVER
 18-10-18,10:11:18,Ch6,T. OVER
 18-10-18,10:12:19,Ch6,T. OVER
 18-10-18,10:13:19,Ch6,T. OVER
 18-10-18,10:14:19,Ch6,T. OVER
 18-10-18,10:15:19,Ch6,T. OVER
 18-10-18,10:16:19,Ch6,T. OVER
 18-10-18,10:17:19,Ch6,T. OVER
 18-10-18,10:18:20,Ch6,T. OVER
 18-10-18,10:19:20,Ch6,T. OVER
 18-10-18,10:20:20,Ch6,T. OVER
 18-10-18,10:21:20,Ch6,T. OVER
 18-10-18,10:22:20,Ch6,T. OVER
 18-10-18,10:23:20,Ch6,T. OVER
 18-10-18,10:24:20,Ch6,T. OVER
 18-10-18,10:25:20,Ch6,T. OVER
 18-10-18,10:26:20,Ch6,T. OVER
 18-10-18,10:27:20,Ch6,T. OVER
 18-10-18,10:28:20,Ch6,T. OVER
 18-10-18,10:29:20,Ch6,T. OVER
 18-10-18,10:30:20,Ch6,T. OVER
 18-10-18,10:31:21,Ch6,T. OVER
 18-10-18,10:32:21,Ch6,T. OVER
 18-10-18,10:33:21,Ch6,T. OVER
 18-10-18,10:34:21,Ch6,T. OVER
 18-10-18,10:35:21,Ch6,T. OVER
 18-10-18,10:36:21,Ch6,T. OVER
 18-10-18,10:37:21,Ch6,T. OVER
 18-10-18,10:38:21,Ch6,T. OVER
 18-10-18,10:39:21,Ch6,T. OVER
 18-10-18,10:40:21,Ch6,T. OVER
 18-10-18,10:41:21,Ch6,T. OVER
 18-10-18,10:42:21,Ch6,T. OVER
 18-10-18,10:43:21,Ch6,T. OVER
 18-10-18,10:44:22,Ch6,T. OVER
 18-10-18,10:45:22,Ch6,T. OVER
 18-10-18,10:46:22,Ch6,T. OVER
 18-10-18,10:47:22,Ch6,T. OVER
 18-10-18,10:48:22,Ch6,T. OVER
 18-10-18,10:49:22,Ch6,T. OVER
 18-10-18,10:50:22,Ch6,T. OVER
 18-10-18,10:51:22,Ch6,T. OVER
 18-10-18,10:52:23,Ch6,T. OVER
 18-10-18,10:53:23,Ch6,T. OVER
 18-10-18,10:54:23,Ch6,T. OVER
 18-10-18,10:55:23,Ch6,T. OVER
 18-10-18,10:56:23,Ch6,T. OVER
 18-10-18,10:57:23,Ch6,T. OVER
 18-10-18,10:58:23,Ch6,T. OVER
 18-10-18,10:59:23,Ch6,T. OVER
 18-10-18,11:00:23,Ch6,T. OVER
 18-10-18,11:01:23,Ch6,T. OVER
 18-10-18,11:02:23,Ch6,T. OVER
 18-10-18,11:03:23,Ch6,T. OVER
 18-10-18,11:04:23,Ch6,T. OVER
 18-10-18,11:05:23,Ch6,T. OVER
 18-10-18,11:06:24,Ch6,T. OVER
 18-10-18,11:07:24,Ch6,T. OVER
 18-10-18,11:08:24,Ch6,T. OVER
 18-10-18,11:09:24,Ch6,T. OVER
 18-10-18,11:10:25,Ch6,T. OVER
 18-10-18,11:11:25,Ch6,T. OVER
 18-10-18,11:12:25,Ch6,T. OVER
 18-10-18,11:13:25,Ch6,T. OVER
 18-10-18,11:14:25,Ch6,T. OVER
 18-10-18,11:15:25,Ch6,T. OVER
 18-10-18,11:16:25,Ch6,T. OVER
 18-10-18,11:17:25,Ch6,T. OVER
 18-10-18,11:18:25,Ch6,T. OVER
 18-10-18,11:19:25,Ch6,T. OVER
 18-10-18,11:20:25,Ch6,T. OVER
 18-10-18,11:21:25,Ch6,T. OVER
 18-10-18,11:22:25,Ch6,T. OVER
 18-10-18,11:23:25,Ch6,T. OVER
 18-10-18,11:24:25,Ch6,T. OVER
 18-10-18,11:25:25,Ch6,T. OVER
 18-10-18,11:26:25,Ch6,T. OVER
 18-10-18,11:27:25,Ch6,T. OVER
 18-10-18,11:28:26,Ch6,T. OVER
 18-10-18,11:29:26,Ch6,T. OVER
 18-10-18,11:30:26,Ch6,T. OVER
 18-10-18,11:31:26,Ch6,T. OVER
 18-10-18,11:32:26,Ch6,T. OVER
 18-10-18,11:33:26,Ch6,T. OVER
 18-10-18,11:34:26,Ch6,T. OVER
 18-10-18,11:35:26,Ch6,T. OVER
 18-10-18,11:36:26,Ch6,T. OVER
 18-10-18,11:37:26,Ch6,T. OVER
 18-10-18,11:38:26,Ch6,T. OVER
 18-10-18,11:39:26,Ch6,T. OVER
 18-10-18,11:40:27,Ch6,T. OVER
 18-10-18,11:41:27,Ch6,T. OVER
 18-10-18,11:42:27,Ch6,T. OVER
 18-10-18,11:43:27,Ch6,T. OVER
 18-10-18,11:44:27,Ch6,T. OVER
 18-10-18,11:45:27,Ch6,T. OVER
 18-10-18,11:46:27,Ch6,T. OVER
 18-10-18,11:47:27,Ch6,T. OVER
 18-10-18,11:48:27,Ch6,T. OVER
 18-10-18,11:49:27,Ch6,T. OVER
 18-10-18,11:50:27,Ch6,T. OVER
 18-10-18,11:51:27,Ch6,T. OVER
 18-10-18,11:52:27,Ch6,T. OVER
 18-10-18,11:53:27,Ch6,T. OVER
 18-10-18,11:54:27,Ch6,T. OVER
 18-10-18,11:55:27,Ch6,T. OVER
 18-10-18,11:56:28,Ch6,T. OVER
 18-10-18,11:57:28,Ch6,T. OVER
 18-10-18,11:58:28,Ch6,T. OVER
 18-10-18,11:59:28,Ch6,T. OVER
 18-10-18,12:00:28,Ch6,T. OVER
 18-10-18,12:01:28,Ch6,T. OVER
 18-10-18,12:02:28,Ch6,T. OVER
 18-10-18,12:03:28,Ch6,T. OVER
 18-10-18,12:04:28,Ch6,T. OVER
 18-10-18,12:05:28,Ch6,T. OVER
 18-10-18,12:06:28,Ch6,T. OVER
 18-10-18,12:07:29,Ch6,T. OVER
 18-10-18,12:08:29,Ch6,T. OVER
 18-10-18,12:09:29,Ch6,T. OVER
 18-10-18,12:10:29,Ch6,T. OVER
 18-10-18,12:11:29,Ch6,T. OVER
 18-10-18,12:12:29,Ch6,T. OVER
 18-10-18,12:13:29,Ch6,T. OVER
 18-10-18,12:14:29,Ch6,T. OVER
 18-10-18,12:15:29,Ch6,T. OVER
 18-10-18,12:16:29,Ch6,T. OVER
 18-10-18,12:17:29,Ch6,T. OVER
 18-10-18,12:18:29,Ch6,T. OVER
 18-10-18,12:19:29,Ch6,T. OVER
 18-10-18,12:20:29,Ch6,T. OVER
 18-10-18,12:21:29,Ch6,T. OVER
 18-10-18,12:22:29,Ch6,T. OVER
 18-10-18,12:23:29,Ch6,T. OVER
 18-10-18,12:24:29,Ch6,T. OVER
 18-10-18,12:25:29,Ch6,T. OVER
 18-10-18,12:26:30,Ch6,T. OVER
 18-10-18,12:27:30,Ch6,T. OVER
 18-10-18,12:28:30,Ch6,T. OVER
 18-10-18,12:29:30,Ch6,T. OVER
 18-10-18,12:30:30,Ch6,T. OVER
 18-10-18,12:31:30,Ch6,T. OVER
 18-10-18,12:32:30,Ch6,T. OVER
 18-10-18,12:33:30,Ch6,T. OVER
 18-10-18,12:34:30,Ch6,T. OVER
 18-10-18,12:35:30,Ch6,T. OVER
 18-10-18,12:36:30,Ch6,T. OVER
 18-10-18,12:37:30,Ch6,T. OVER
 18-10-18,12:38:30,Ch6,T. OVER
 18-10-18,12:39:30,Ch6,T. OVER
 18-10-18,12:40:31,Ch6,T. OVER
 18-10-18,12:41:31,Ch6,T. OVER
 18-10-18,12:42:31,Ch6,T. OVER
 18-10-18,12:43:31,Ch6,T. OVER
 18-10-18,12:44:31,Ch6,T. OVER
 18-10-18,12:45:31,Ch6,T. OVER
 18-10-18,12:46:31,Ch6,T. OVER
 18-10-18,12:47:31,Ch6,T. OVER
 18-10-18,12:48:31,Ch6,T. OVER
 18-10-18,12:49:31,Ch6,T. OVER
 18-10-18,12:50:31,Ch6,T. OVER
 18-10-18,12:51:32,Ch6,T. OVER
 18-10-18,12:52:32,Ch6,T. OVER
 18-10-18,12:53:32,Ch6,T. OVER
 18-10-18,12:54:32,Ch6,T. OVER
 18-10-18,12:55:32,Ch6,T. OVER
 18-10-18,12:56:32,Ch6,T. OVER
 18-10-18,12:57:32,Ch6,T. OVER
 18-10-18,12:58:33,Ch6,T. OVER
 18-10-18,12:59:33,Ch6,T. OVER
 18-10-18,13:00:33,Ch6,T. OVER
 18-10-18,13:01:33,Ch6,T. OVER
 18-10-18,13:02:33,Ch6,T. OVER
 18-10-18,13:03:33,Ch6,T. OVER
 18-10-18,13:04:33,Ch6,T. OVER
 18-10-18,13:05:33,Ch6,T. OVER
 18-10-18,13:06:33,Ch6,T. OVER
 18-10-18,13:07:33,Ch6,T. OVER
 18-10-18,13:08:33,Ch6,T. OVER
 18-10-18,13:09:34,Ch6,T. OVER
 18-10-18,13:10:34,Ch6,T. OVER
 18-10-18,13:11:34,Ch6,T. OVER
 18-10-18,13:12:34,Ch6,T. OVER
 18-10-18,13:13:34,Ch6,T. OVER
 18-10-18,13:14:34,Ch6,T. OVER
 18-10-18,13:15:35,Ch6,T. OVER
 18-10-18,13:16:35,Ch6,T. OVER
 18-10-18,13:17:35,Ch6,T. OVER
 18-10-18,13:18:35,Ch6,T. OVER
 18-10-18,13:19:35,Ch6,T. OVER
 18-10-18,13:20:35,Ch6,T. OVER
 18-10-18,13:21:35,Ch6,T. OVER
 18-10-18,13:22:35,Ch6,T. OVER
 18-10-18,13:23:35,Ch6,T. OVER
 18-10-18,13:24:35,Ch6,T. OVER
 18-10-18,13:25:35,Ch6,T. OVER
 18-10-18,13:26:35,Ch6,T. OVER
 18-10-18,13:27:35,Ch6,T. OVER
 18-10-18,13:28:35,Ch6,T. OVER
 18-10-18,13:29:35,Ch6,T. OVER
 18-10-18,13:30:35,Ch6,T. OVER
 18-10-18,13:31:35,Ch6,T. OVER
 18-10-18,13:32:35,Ch6,T. OVER
 18-10-18,13:33:35,Ch6,T. OVER
 18-10-18,13:34:35,Ch6,T. OVER
 18-10-18,13:35:35,Ch6,T. OVER
 18-10-18,13:36:35,Ch6,T. OVER
 18-10-18,13:37:35,Ch6,T. OVER
 18-10-18,13:38:35,Ch6,T. OVER
 18-10-18,13:39:35,Ch6,T. OVER
 18-10-18,13:40:35,Ch6,T. OVER
 18-10-18,13:41:35,Ch6,T. OVER
 18-10-18,13:42:35,Ch6,T. OVER
 18-10-18,13:43:35,Ch6,T. OVER
 18-10-18,13:44:35,Ch6,T. OVER
 18-10-18,13:45:35,Ch6,T. OVER
 18-10-18,13:46:36,Ch6,T. OVER
 18-10-18,13:47:36,Ch6,T. OVER
 18-10-18,13:48:36,Ch6,T. OVER
 18-10-18,13:49:36,Ch6,T. OVER
 18-10-18,13:50:36,Ch6,T. OVER
 18-10-18,13:51:36,Ch6,T. OVER
 18-10-18,13:52:36,Ch6,T. OVER
 18-10-18,13:53:36,Ch6,T. OVER
 18-10-18,13:54:36,Ch6,T. OVER
 18-10-18,13:55:36,Ch6,T. OVER
 18-10-18,13:56:36,Ch6,T. OVER
 18-10-18,13:57:36,Ch6,T. OVER
 18-10-18,13:58:36,Ch6,T. OVER
 18-10-18,13:59:36,Ch6,T. OVER
 18-10-18,14:00:36,Ch6,T. OVER
 18-10-18,14:01:36,Ch6,T. OVER
 18-10-18,14:02:36,Ch6,T. OVER
 18-10-18,14:03:37,Ch6,T. OVER
 18-10-18,14:04:37,Ch6,T. OVER
 18-10-18,14:05:37,Ch6,T. OVER
 18-10-18,14:06:37,Ch6,T. OVER
 18-10-18,14:07:37,Ch6,T. OVER
 18-10-18,14:08:37,Ch6,T. OVER
 18-10-18,14:09:37,Ch6,T. OVER
 18-10-18,14:10:37,Ch6,T. OVER
 18-10-18,14:11:37,Ch6,T. OVER
 18-10-18,14:12:37,Ch6,T. OVER
 18-10-18,14:13:38,Ch6,T. OVER
 18-10-18,14:14:38,Ch6,T. OVER
 18-10-18,14:15:38,Ch6,T. OVER
 18-10-18,14:16:38,Ch6,T. OVER
 18-10-18,14:17:38,Ch6,T. OVER
 18-10-18,14:18:38,Ch6,T. OVER
 18-10-18,14:19:38,Ch6,T. OVER
 18-10-18,14:20:38,Ch6,T. OVER
 18-10-18,14:21:38,Ch6,T. OVER
 18-10-18,14:22:38,Ch6,T. OVER
 18-10-18,14:23:39,Ch6,T. OVER
 18-10-18,14:24:39,Ch6,T. OVER
 18-10-18,14:25:39,Ch6,T. OVER
 18-10-18,14:26:39,Ch6,T. OVER
 18-10-18,14:27:39,Ch6,T. OVER
 18-10-18,14:28:39,Ch6,T. OVER
 18-10-18,14:29:39,Ch6,T. OVER
 18-10-18,14:30:39,Ch6,T. OVER
 18-10-18,14:31:39,Ch6,T. OVER
 18-10-18,14:32:39,Ch6,T. OVER
 18-10-18,14:33:39,Ch6,T. OVER
 18-10-18,14:34:39,Ch6,T. OVER
 18-10-18,14:35:39,Ch6,T. OVER
 18-10-18,14:36:39,Ch6,T. OVER
 18-10-18,14:37:40,Ch6,T. OVER
 18-10-18,14:38:40,Ch6,T. OVER
 18-10-18,14:39:40,Ch6,T. OVER
 18-10-18,14:40:40,Ch6,T. OVER
 18-10-18,14:41:40,Ch6,T. OVER
 18-10-18,14:42:40,Ch6,T. OVER
 18-10-18,14:43:40,Ch6,T. OVER
 18-10-18,14:44:40,Ch6,T. OVER
 18-10-18,14:45:40,Ch6,T. OVER
 18-10-18,14:46:40,Ch6,T. OVER
 18-10-18,14:47:40,Ch6,T. OVER
 18-10-18,14:48:40,Ch6,T. OVER
 18-10-18,14:49:40,Ch6,T. OVER
 18-10-18,14:50:40,Ch6,T. OVER
 18-10-18,14:51:40,Ch6,T. OVER
 18-10-18,14:52:40,Ch6,T. OVER
 18-10-18,14:53:40,Ch6,T. OVER
 18-10-18,14:54:40,Ch6,T. OVER
 18-10-18,14:55:40,Ch6,T. OVER
 18-10-18,14:56:41,Ch6,T. OVER
 18-10-18,14:57:41,Ch6,T. OVER
 18-10-18,14:58:41,Ch6,T. OVER
 18-10-18,14:59:41,Ch6,T. OVER
 18-10-18,15:00:41,Ch6,T. OVER
 18-10-18,15:01:41,Ch6,T. OVER
 18-10-18,15:02:41,Ch6,T. OVER
 18-10-18,15:03:41,Ch6,T. OVER
 18-10-18,15:04:41,Ch6,T. OVER
 18-10-18,15:05:41,Ch6,T. OVER
 18-10-18,15:06:41,Ch6,T. OVER
 18-10-18,15:07:41,Ch6,T. OVER
 18-10-18,15:08:41,Ch6,T. OVER
 18-10-18,15:09:42,Ch6,T. OVER
 18-10-18,15:10:42,Ch6,T. OVER
 18-10-18,15:11:42,Ch6,T. OVER
 18-10-18,15:12:42,Ch6,T. OVER
 18-10-18,15:13:42,Ch6,T. OVER
 18-10-18,15:14:42,Ch6,T. OVER
 18-10-18,15:15:42,Ch6,T. OVER
 18-10-18,15:16:42,Ch6,T. OVER
 18-10-18,15:17:42,Ch6,T. OVER
 18-10-18,15:18:42,Ch6,T. OVER
 18-10-18,15:19:42,Ch6,T. OVER
 18-10-18,15:20:42,Ch6,T. OVER
 18-10-18,15:21:42,Ch6,T. OVER
 18-10-18,15:22:42,Ch6,T. OVER
 18-10-18,15:23:42,Ch6,T. OVER
 18-10-18,15:24:42,Ch6,T. OVER
 18-10-18,15:25:42,Ch6,T. OVER
 18-10-18,15:26:42,Ch6,T. OVER
 18-10-18,15:27:42,Ch6,T. OVER
 18-10-18,15:28:42,Ch6,T. OVER
 18-10-18,15:29:42,Ch6,T. OVER
 18-10-18,15:30:42,Ch6,T. OVER
 18-10-18,15:31:42,Ch6,T. OVER
 18-10-18,15:32:42,Ch6,T. OVER
 18-10-18,15:33:42,Ch6,T. OVER
 18-10-18,15:34:42,Ch6,T. OVER
 18-10-18,15:35:42,Ch6,T. OVER
 18-10-18,15:36:42,Ch6,T. OVER
 18-10-18,15:37:42,Ch6,T. OVER
 18-10-18,15:38:42,Ch6,T. OVER
 18-10-18,15:39:42,Ch6,T. OVER
 18-10-18,15:40:42,Ch6,T. OVER
 18-10-18,15:41:42,Ch6,T. OVER
 18-10-18,15:42:42,Ch6,T. OVER
 18-10-18,15:43:42,Ch6,T. OVER
 18-10-18,15:44:42,Ch6,T. OVER
 18-10-18,15:45:42,Ch6,T. OVER
 18-10-18,15:46:42,Ch6,T. OVER
 18-10-18,15:47:42,Ch6,T. OVER
 18-10-18,15:48:42,Ch6,T. OVER
 18-10-18,15:49:42,Ch6,T. OVER
 18-10-18,15:50:42,Ch6,T. OVER
 18-10-18,15:51:42,Ch6,T. OVER
 18-10-18,15:52:42,Ch6,T. OVER
 18-10-18,15:53:43,Ch6,T. OVER
 18-10-18,15:54:43,Ch6,T. OVER
 18-10-18,15:55:43,Ch6,T. OVER
 18-10-18,15:56:43,Ch6,T. OVER
 18-10-18,15:57:43,Ch6,T. OVER
 18-10-18,15:58:43,Ch6,T. OVER
 18-10-18,15:59:43,Ch6,T. OVER
 18-10-18,16:00:43,Ch6,T. OVER
 18-10-18,16:01:43,Ch6,T. OVER
 18-10-18,16:02:43,Ch6,T. OVER
 18-10-18,16:03:43,Ch6,T. OVER
 18-10-18,16:04:43,Ch6,T. OVER
 18-10-18,16:05:43,Ch6,T. OVER
 18-10-18,16:06:43,Ch6,T. OVER
 18-10-18,16:07:43,Ch6,T. OVER
 18-10-18,16:08:43,Ch6,T. OVER
 18-10-18,16:09:43,Ch6,T. OVER
 18-10-18,16:10:43,Ch6,T. OVER
 18-10-18,16:11:44,Ch6,T. OVER
 18-10-18,16:12:44,Ch6,T. OVER
 18-10-18,16:13:44,Ch6,T. OVER
 18-10-18,16:14:44,Ch6,T. OVER
 18-10-18,16:15:44,Ch6,T. OVER
 18-10-18,16:16:44,Ch6,T. OVER
 18-10-18,16:17:44,Ch6,T. OVER
 18-10-18,16:18:44,Ch6,T. OVER
 18-10-18,16:19:44,Ch6,T. OVER
 18-10-18,16:20:44,Ch6,T. OVER
 18-10-18,16:21:44,Ch6,T. OVER
 18-10-18,16:22:44,Ch6,T. OVER
 18-10-18,16:23:44,Ch6,T. OVER
 18-10-18,16:24:44,Ch6,T. OVER
 18-10-18,16:25:44,Ch6,T. OVER
 18-10-18,16:26:44,Ch6,T. OVER
 18-10-18,16:27:45,Ch6,T. OVER
 18-10-18,16:28:45,Ch6,T. OVER
 18-10-18,16:29:45,Ch6,T. OVER
 18-10-18,16:30:45,Ch6,T. OVER
 18-10-18,16:31:45,Ch6,T. OVER
 18-10-18,16:32:45,Ch6,T. OVER
 18-10-18,16:33:45,Ch6,T. OVER
 18-10-18,16:34:45,Ch6,T. OVER
 18-10-18,16:35:45,Ch6,T. OVER
 18-10-18,16:36:45,Ch6,T. OVER
 18-10-18,16:37:45,Ch6,T. OVER
 18-10-18,16:38:46,Ch6,T. OVER
 18-10-18,16:39:46,Ch6,T. OVER
 18-10-18,16:40:46,Ch6,T. OVER
 18-10-18,16:41:46,Ch6,T. OVER
 18-10-18,16:42:46,Ch6,T. OVER
 18-10-18,16:43:46,Ch6,T. OVER
 18-10-18,16:44:46,Ch6,T. OVER
 18-10-18,16:45:46,Ch6,T. OVER
 18-10-18,16:46:47,Ch6,T. OVER
 18-10-18,16:47:47,Ch6,T. OVER
 18-10-18,16:48:47,Ch6,T. OVER
 18-10-18,16:49:47,Ch6,T. OVER
 18-10-18,16:50:47,Ch6,T. OVER
 18-10-18,16:51:47,Ch6,T. OVER
 18-10-18,16:52:47,Ch6,T. OVER
 18-10-18,16:53:47,Ch6,T. OVER
 18-10-18,16:54:47,Ch6,T. OVER
 18-10-18,16:55:47,Ch6,T. OVER
 18-10-18,16:56:47,Ch6,T. OVER
 18-10-18,16:57:48,Ch6,T. OVER
 18-10-18,16:58:48,Ch6,T. OVER
 18-10-18,16:59:48,Ch6,T. OVER
 18-10-18,17:00:48,Ch6,T. OVER
 18-10-18,17:01:48,Ch6,T. OVER
 18-10-18,17:02:48,Ch6,T. OVER
 18-10-18,17:03:48,Ch6,T. OVER
 18-10-18,17:04:48,Ch6,T. OVER
 18-10-18,17:05:48,Ch6,T. OVER
 18-10-18,17:06:48,Ch6,T. OVER
 18-10-18,17:07:48,Ch6,T. OVER
 18-10-18,17:08:48,Ch6,T. OVER
 18-10-18,17:09:48,Ch6,T. OVER
 18-10-18,17:10:48,Ch6,T. OVER
 18-10-18,17:11:48,Ch6,T. OVER
 18-10-18,17:12:48,Ch6,T. OVER
 18-10-18,17:13:49,Ch6,T. OVER
 18-10-18,17:14:49,Ch6,T. OVER
 18-10-18,17:15:49,Ch6,T. OVER
 18-10-18,17:16:49,Ch6,T. OVER
 18-10-18,17:17:49,Ch6,T. OVER
 18-10-18,17:18:49,Ch6,T. OVER
 18-10-18,17:19:49,Ch6,T. OVER
 18-10-18,17:20:49,Ch6,T. OVER
 18-10-18,17:21:49,Ch1,VDIF OVL
 18-10-18,17:21:49,Ch6,T. OVER
 18-10-18,17:22:49,Ch6,T. OVER
 18-10-18,17:23:50,Ch6,T. OVER
 18-10-18,17:24:50,Ch6,T. OVER
 18-10-18,17:25:50,Ch6,T. OVER
 18-10-18,17:26:50,Ch6,T. OVER
 18-10-18,17:27:50,Ch6,T. OVER
 18-10-18,17:28:50,Ch6,T. OVER
 18-10-18,17:29:50,Ch6,T. OVER
 18-10-18,17:30:50,Ch6,T. OVER
 18-10-18,17:31:50,Ch6,T. OVER
 18-10-18,17:32:50,Ch6,T. OVER
 18-10-18,17:33:50,Ch6,T. OVER
 18-10-18,17:34:50,Ch6,T. OVER
 18-10-18,17:35:50,Ch6,T. OVER
 18-10-18,17:36:50,Ch6,T. OVER
 18-10-18,17:37:50,Ch6,T. OVER
 18-10-18,17:38:50,Ch6,T. OVER
 18-10-18,17:39:50,Ch6,T. OVER
 18-10-18,17:40:50,Ch6,T. OVER
 18-10-18,17:41:50,Ch6,T. OVER
 18-10-18,17:42:50,Ch6,T. OVER
 18-10-18,17:43:50,Ch6,T. OVER
 18-10-18,17:44:51,Ch6,T. OVER
 18-10-18,17:45:51,Ch6,T. OVER
 18-10-18,17:46:51,Ch6,T. OVER
 18-10-18,17:47:51,Ch6,T. OVER
 18-10-18,17:48:51,Ch6,T. OVER
 18-10-18,17:49:51,Ch6,T. OVER
 18-10-18,17:50:51,Ch6,T. OVER
 18-10-18,17:51:51,Ch6,T. OVER
 18-10-18,17:52:51,Ch6,T. OVER
 18-10-18,17:53:51,Ch6,T. OVER
 18-10-18,17:54:52,Ch6,T. OVER
 18-10-18,17:55:52,Ch6,T. OVER
 18-10-18,17:56:52,Ch6,T. OVER
 18-10-18,17:57:52,Ch6,T. OVER
 18-10-18,17:58:52,Ch6,T. OVER
 18-10-18,17:59:52,Ch6,T. OVER
 18-10-18,18:00:52,Ch6,T. OVER
 18-10-18,18:01:52,Ch6,T. OVER
 18-10-18,18:02:52,Ch6,T. OVER
 18-10-18,18:03:52,Ch6,T. OVER
 18-10-18,18:04:52,Ch6,T. OVER
 18-10-18,18:05:52,Ch6,T. OVER
 18-10-18,18:06:52,Ch6,T. OVER
 18-10-18,18:07:52,Ch6,T. OVER
 18-10-18,18:08:52,Ch6,T. OVER
 18-10-18,18:09:52,Ch6,T. OVER
 18-10-18,18:10:52,Ch6,T. OVER
 18-10-18,18:11:53,Ch6,T. OVER
 18-10-18,18:12:53,Ch6,T. OVER
 18-10-18,18:13:53,Ch6,T. OVER
 18-10-18,18:14:53,Ch6,T. OVER
 18-10-18,18:15:53,Ch6,T. OVER
 18-10-18,18:16:53,Ch6,T. OVER
 18-10-18,18:17:53,Ch6,T. OVER
 18-10-18,18:18:53,Ch6,T. OVER
 18-10-18,18:19:53,Ch6,T. OVER
 18-10-18,18:20:53,Ch6,T. OVER
 18-10-18,18:21:53,Ch6,T. OVER
 18-10-18,18:22:53,Ch6,T. OVER
 18-10-18,18:23:53,Ch6,T. OVER
 18-10-18,18:24:53,Ch6,T. OVER
 18-10-18,18:25:53,Ch6,T. OVER
 18-10-18,18:26:53,Ch6,T. OVER
 18-10-18,18:27:53,Ch6,T. OVER
 18-10-18,18:28:54,Ch6,T. OVER
 18-10-18,18:29:54,Ch6,T. OVER
 18-10-18,18:30:54,Ch6,T. OVER
 18-10-18,18:31:54,Ch6,T. OVER
 18-10-18,18:32:54,Ch6,T. OVER
 18-10-18,18:33:54,Ch6,T. OVER
 18-10-18,18:34:54,Ch6,T. OVER
 18-10-18,18:35:54,Ch6,T. OVER
 18-10-18,18:36:54,Ch6,T. OVER
 18-10-18,18:37:54,Ch6,T. OVER
 18-10-18,18:38:54,Ch6,T. OVER
 18-10-18,18:39:54,Ch6,T. OVER
 18-10-18,18:40:54,Ch6,T. OVER
 18-10-18,18:41:54,Ch6,T. OVER
 18-10-18,18:42:54,Ch6,T. OVER
 18-10-18,18:43:54,Ch6,T. OVER
 18-10-18,18:44:54,Ch6,T. OVER
 18-10-18,18:45:55,Ch6,T. OVER
 18-10-18,18:46:55,Ch6,T. OVER
 18-10-18,18:47:55,Ch6,T. OVER
 18-10-18,18:48:55,Ch6,T. OVER
 18-10-18,18:49:55,Ch6,T. OVER
 18-10-18,18:50:55,Ch6,T. OVER
 18-10-18,18:51:55,Ch6,T. OVER
 18-10-18,18:52:55,Ch6,T. OVER
 18-10-18,18:53:55,Ch6,T. OVER
 18-10-18,18:54:55,Ch6,T. OVER
 18-10-18,18:55:55,Ch6,T. OVER
 18-10-18,18:56:55,Ch6,T. OVER
 18-10-18,18:57:56,Ch6,T. OVER
 18-10-18,18:58:56,Ch6,T. OVER
 18-10-18,18:59:56,Ch6,T. OVER
 18-10-18,19:00:56,Ch6,T. OVER
 18-10-18,19:01:56,Ch6,T. OVER
 18-10-18,19:02:56,Ch6,T. OVER
 18-10-18,19:03:56,Ch6,T. OVER
 18-10-18,19:04:56,Ch6,T. OVER
 18-10-18,19:05:57,Ch6,T. OVER
 18-10-18,19:06:57,Ch6,T. OVER
 18-10-18,19:07:57,Ch6,T. OVER
 18-10-18,19:08:57,Ch6,T. OVER
 18-10-18,19:09:57,Ch6,T. OVER
 18-10-18,19:10:57,Ch6,T. OVER
 18-10-18,19:11:57,Ch6,T. OVER
 18-10-18,19:12:57,Ch6,T. OVER
 18-10-18,19:13:57,Ch6,T. OVER
 18-10-18,19:14:57,Ch6,T. OVER
 18-10-18,19:15:57,Ch6,T. OVER
 18-10-18,19:16:57,Ch6,T. OVER
 18-10-18,19:17:57,Ch6,T. OVER
 18-10-18,19:18:57,Ch6,T. OVER
 18-10-18,19:19:57,Ch6,T. OVER
 18-10-18,19:20:57,Ch6,T. OVER
 18-10-18,19:21:57,Ch6,T. OVER
 18-10-18,19:22:57,Ch6,T. OVER
 18-10-18,19:23:58,Ch6,T. OVER
 18-10-18,19:24:58,Ch6,T. OVER
 18-10-18,19:25:58,Ch6,T. OVER
 18-10-18,19:26:58,Ch6,T. OVER
 18-10-18,19:27:58,Ch6,T. OVER
 18-10-18,19:28:58,Ch6,T. OVER
 18-10-18,19:29:58,Ch6,T. OVER
 18-10-18,19:30:58,Ch6,T. OVER
 18-10-18,19:31:58,Ch6,T. OVER
 18-10-18,19:32:58,Ch6,T. OVER
 18-10-18,19:33:58,Ch6,T. OVER
 18-10-18,19:34:58,Ch6,T. OVER
 18-10-18,19:35:59,Ch6,T. OVER
 18-10-18,19:36:59,Ch6,T. OVER
 18-10-18,19:37:59,Ch6,T. OVER
 18-10-18,19:38:59,Ch6,T. OVER
 18-10-18,19:39:59,Ch6,T. OVER
 18-10-18,19:40:59,Ch6,T. OVER
 18-10-18,19:41:59,Ch6,T. OVER
 18-10-18,19:42:59,Ch6,T. OVER
 18-10-18,19:43:59,Ch6,T. OVER
 18-10-18,19:44:59,Ch6,T. OVER
 18-10-18,19:45:59,Ch6,T. OVER
 18-10-18,19:46:59,Ch6,T. OVER
 18-10-18,19:47:59,Ch6,T. OVER
 18-10-18,19:48:59,Ch6,T. OVER
 18-10-18,19:49:59,Ch6,T. OVER
 18-10-18,19:51:00,Ch6,T. OVER
 18-10-18,19:52:00,Ch6,T. OVER
 18-10-18,19:53:00,Ch6,T. OVER
 18-10-18,19:54:00,Ch6,T. OVER
 18-10-18,19:55:00,Ch6,T. OVER
 18-10-18,19:56:00,Ch6,T. OVER
 18-10-18,19:57:01,Ch6,T. OVER
 18-10-18,19:58:01,Ch6,T. OVER
 18-10-18,19:59:01,Ch6,T. OVER
 18-10-18,20:00:01,Ch6,T. OVER
 18-10-18,20:01:01,Ch6,T. OVER
 18-10-18,20:02:01,Ch6,T. OVER
 18-10-18,20:03:01,Ch6,T. OVER
 18-10-18,20:04:01,Ch6,T. OVER
 18-10-18,20:05:01,Ch6,T. OVER
 18-10-18,20:06:01,Ch6,T. OVER
 18-10-18,20:07:01,Ch6,T. OVER
 18-10-18,20:08:01,Ch6,T. OVER
 18-10-18,20:09:01,Ch6,T. OVER
 18-10-18,20:10:01,Ch6,T. OVER
 18-10-18,20:11:01,Ch6,T. OVER
 18-10-18,20:12:01,Ch6,T. OVER
 18-10-18,20:13:01,Ch6,T. OVER
 18-10-18,20:14:01,Ch6,T. OVER
 18-10-18,20:15:01,Ch6,T. OVER
 18-10-18,20:16:02,Ch6,T. OVER
 18-10-18,20:17:02,Ch6,T. OVER
 18-10-18,20:18:02,Ch6,T. OVER
 18-10-18,20:19:02,Ch6,T. OVER
 18-10-18,20:20:02,Ch6,T. OVER
 18-10-18,20:21:02,Ch6,T. OVER
 18-10-18,20:22:03,Ch6,T. OVER
 18-10-18,20:23:03,Ch6,T. OVER
 18-10-18,20:24:03,Ch6,T. OVER
 18-10-18,20:25:03,Ch6,T. OVER
 18-10-18,20:26:03,Ch6,T. OVER
 18-10-18,20:27:03,Ch6,T. OVER
 18-10-18,20:28:03,Ch6,T. OVER
 18-10-18,20:29:03,Ch6,T. OVER
 18-10-18,20:30:03,Ch6,T. OVER
 18-10-18,20:31:03,Ch6,T. OVER
 18-10-18,20:32:03,Ch6,T. OVER
 18-10-18,20:33:03,Ch6,T. OVER
 18-10-18,20:34:03,Ch6,T. OVER
 18-10-18,20:35:03,Ch6,T. OVER
 18-10-18,20:36:03,Ch6,T. OVER
 18-10-18,20:37:03,Ch6,T. OVER
 18-10-18,20:38:03,Ch6,T. OVER
 18-10-18,20:39:03,Ch6,T. OVER
 18-10-18,20:40:03,Ch6,T. OVER
 18-10-18,20:41:03,Ch6,T. OVER
 18-10-18,20:42:03,Ch6,T. OVER
 18-10-18,20:43:03,Ch6,T. OVER
 18-10-18,20:44:03,Ch6,T. OVER
 18-10-18,20:45:03,Ch6,T. OVER
 18-10-18,20:46:03,Ch6,T. OVER
 18-10-18,20:47:04,Ch6,T. OVER
 18-10-18,20:48:04,Ch6,T. OVER
 18-10-18,20:49:04,Ch6,T. OVER
 18-10-18,20:50:04,Ch6,T. OVER
 18-10-18,20:51:04,Ch6,T. OVER
 18-10-18,20:52:04,Ch6,T. OVER
 18-10-18,20:53:04,Ch6,T. OVER
 18-10-18,20:54:04,Ch6,T. OVER
 18-10-18,20:55:04,Ch6,T. OVER
 18-10-18,20:56:04,Ch6,T. OVER
 18-10-18,20:57:04,Ch6,T. OVER
 18-10-18,20:58:05,Ch6,T. OVER
 18-10-18,20:59:05,Ch6,T. OVER
 18-10-18,21:00:05,Ch6,T. OVER
 18-10-18,21:01:05,Ch6,T. OVER
 18-10-18,21:02:05,Ch6,T. OVER
 18-10-18,21:03:05,Ch6,T. OVER
 18-10-18,21:04:05,Ch6,T. OVER
 18-10-18,21:05:05,Ch6,T. OVER
 18-10-18,21:06:05,Ch6,T. OVER
 18-10-18,21:07:05,Ch6,T. OVER
 18-10-18,21:08:05,Ch6,T. OVER
 18-10-18,21:09:05,Ch6,T. OVER
 18-10-18,21:10:05,Ch6,T. OVER
 18-10-18,21:11:05,Ch6,T. OVER
 18-10-18,21:12:05,Ch6,T. OVER
 18-10-18,21:13:05,Ch6,T. OVER
 18-10-18,21:14:06,Ch6,T. OVER
 18-10-18,21:15:06,Ch6,T. OVER
 18-10-18,21:16:06,Ch6,T. OVER
 18-10-18,21:17:06,Ch6,T. OVER
 18-10-18,21:18:06,Ch6,T. OVER
 18-10-18,21:19:06,Ch6,T. OVER
 18-10-18,21:20:06,Ch6,T. OVER
 18-10-18,21:21:06,Ch6,T. OVER
 18-10-18,21:22:07,Ch6,T. OVER
 18-10-18,21:23:07,Ch6,T. OVER
 18-10-18,21:24:07,Ch6,T. OVER
 18-10-18,21:25:07,Ch6,T. OVER
 18-10-18,21:26:07,Ch6,T. OVER
 18-10-18,21:27:07,Ch6,T. OVER
 18-10-18,21:28:07,Ch6,T. OVER
 18-10-18,21:29:07,Ch6,T. OVER
 18-10-18,21:30:07,Ch6,T. OVER
 18-10-18,21:31:07,Ch6,T. OVER
 18-10-18,21:32:07,Ch6,T. OVER
 18-10-18,21:33:07,Ch6,T. OVER
 18-10-18,21:34:07,Ch6,T. OVER
 18-10-18,21:35:07,Ch6,T. OVER
 18-10-18,21:36:07,Ch6,T. OVER
 18-10-18,21:37:07,Ch6,T. OVER
 18-10-18,21:38:07,Ch6,T. OVER
 18-10-18,21:39:07,Ch6,T. OVER
 18-10-18,21:40:07,Ch6,T. OVER
 18-10-18,21:41:07,Ch6,T. OVER
 18-10-18,21:42:07,Ch6,T. OVER
 18-10-18,21:43:07,Ch6,T. OVER
 18-10-18,21:44:07,Ch6,T. OVER
 18-10-18,21:45:07,Ch6,T. OVER
 18-10-18,21:46:08,Ch6,T. OVER
 18-10-18,21:47:08,Ch6,T. OVER
 18-10-18,21:48:08,Ch6,T. OVER
 18-10-18,21:49:08,Ch6,T. OVER
 18-10-18,21:50:08,Ch6,T. OVER
 18-10-18,21:51:08,Ch6,T. OVER
 18-10-18,21:52:08,Ch6,T. OVER
 18-10-18,21:53:08,Ch6,T. OVER
 18-10-18,21:54:08,Ch6,T. OVER
 18-10-18,21:55:08,Ch6,T. OVER
 18-10-18,21:56:08,Ch6,T. OVER
 18-10-18,21:57:09,Ch6,T. OVER
 18-10-18,21:58:09,Ch6,T. OVER
 18-10-18,21:59:09,Ch6,T. OVER
 18-10-18,22:00:09,Ch6,T. OVER
 18-10-18,22:01:09,Ch6,T. OVER
 18-10-18,22:02:09,Ch6,T. OVER
 18-10-18,22:03:09,Ch6,T. OVER
 18-10-18,22:04:09,Ch6,T. OVER
 18-10-18,22:05:09,Ch6,T. OVER
 18-10-18,22:06:09,Ch6,T. OVER
 18-10-18,22:07:09,Ch6,T. OVER
 18-10-18,22:08:09,Ch6,T. OVER
 18-10-18,22:09:09,Ch6,T. OVER
 18-10-18,22:10:09,Ch6,T. OVER
 18-10-18,22:11:10,Ch6,T. OVER
 18-10-18,22:12:10,Ch6,T. OVER
 18-10-18,22:13:10,Ch6,T. OVER
 18-10-18,22:14:10,Ch6,T. OVER
 18-10-18,22:15:10,Ch6,T. OVER
 18-10-18,22:16:10,Ch6,T. OVER
 18-10-18,22:17:10,Ch6,T. OVER
 18-10-18,22:18:10,Ch6,T. OVER
 18-10-18,22:19:10,Ch6,T. OVER
 18-10-18,22:20:10,Ch6,T. OVER
 18-10-18,22:21:10,Ch6,T. OVER
 18-10-18,22:22:10,Ch6,T. OVER
 18-10-18,22:23:10,Ch6,T. OVER
 18-10-18,22:24:10,Ch6,T. OVER
 18-10-18,22:25:10,Ch6,T. OVER
 18-10-18,22:26:10,Ch6,T. OVER
 18-10-18,22:27:10,Ch6,T. OVER
 18-10-18,22:28:10,Ch6,T. OVER
 18-10-18,22:29:10,Ch6,T. OVER
 18-10-18,22:30:10,Ch6,T. OVER
 18-10-18,22:31:11,Ch6,T. OVER
 18-10-18,22:32:11,Ch6,T. OVER
 18-10-18,22:33:11,Ch6,T. OVER
 18-10-18,22:34:11,Ch6,T. OVER
 18-10-18,22:35:11,Ch6,T. OVER
 18-10-18,22:36:11,Ch6,T. OVER
 18-10-18,22:37:11,Ch6,T. OVER
 18-10-18,22:38:11,Ch6,T. OVER
 18-10-18,22:39:11,Ch6,T. OVER
 18-10-18,22:40:12,Ch6,T. OVER
 18-10-18,22:41:12,Ch6,T. OVER
 18-10-18,22:42:12,Ch6,T. OVER
 18-10-18,22:43:12,Ch6,T. OVER
 18-10-18,22:44:12,Ch6,T. OVER
 18-10-18,22:45:12,Ch6,T. OVER
 18-10-18,22:46:12,Ch6,T. OVER
 18-10-18,22:47:12,Ch6,T. OVER
 18-10-18,22:48:12,Ch6,T. OVER
 18-10-18,22:49:12,Ch6,T. OVER
 18-10-18,22:50:12,Ch6,T. OVER
 18-10-18,22:51:12,Ch6,T. OVER
 18-10-18,22:52:12,Ch6,T. OVER
 18-10-18,22:53:12,Ch6,T. OVER
 18-10-18,22:54:12,Ch6,T. OVER
 18-10-18,22:55:13,Ch6,T. OVER
 18-10-18,22:56:13,Ch6,T. OVER
 18-10-18,22:57:13,Ch6,T. OVER
 18-10-18,22:58:13,Ch6,T. OVER
 18-10-18,22:59:13,Ch6,T. OVER
 18-10-18,23:00:13,Ch6,T. OVER
 18-10-18,23:01:13,Ch6,T. OVER
 18-10-18,23:02:13,Ch6,T. OVER
 18-10-18,23:03:14,Ch6,T. OVER
 18-10-18,23:04:14,Ch6,T. OVER
 18-10-18,23:05:14,Ch6,T. OVER
 18-10-18,23:06:14,Ch6,T. OVER
 18-10-18,23:07:14,Ch6,T. OVER
 18-10-18,23:08:14,Ch6,T. OVER
 18-10-18,23:09:14,Ch6,T. OVER
 18-10-18,23:10:15,Ch6,T. OVER
 18-10-18,23:11:15,Ch6,T. OVER
 18-10-18,23:12:15,Ch6,T. OVER
 18-10-18,23:13:15,Ch6,T. OVER
 18-10-18,23:14:15,Ch6,T. OVER
 18-10-18,23:15:15,Ch6,T. OVER
 18-10-18,23:16:15,Ch6,T. OVER
 18-10-18,23:17:15,Ch6,T. OVER
 18-10-18,23:18:15,Ch6,T. OVER
 18-10-18,23:19:15,Ch6,T. OVER
 18-10-18,23:20:15,Ch6,T. OVER
 18-10-18,23:21:15,Ch6,T. OVER
 18-10-18,23:22:16,Ch6,T. OVER
 18-10-18,23:23:16,Ch6,T. OVER
 18-10-18,23:24:16,Ch6,T. OVER
 18-10-18,23:25:16,Ch6,T. OVER
 18-10-18,23:26:16,Ch6,T. OVER
 18-10-18,23:27:16,Ch6,T. OVER
 18-10-18,23:28:16,Ch6,T. OVER
 18-10-18,23:29:16,Ch6,T. OVER
 18-10-18,23:30:16,Ch6,T. OVER
 18-10-18,23:31:16,Ch6,T. OVER
 18-10-18,23:32:16,Ch6,T. OVER
 18-10-18,23:33:16,Ch6,T. OVER
 18-10-18,23:34:17,Ch6,T. OVER
 18-10-18,23:35:17,Ch6,T. OVER
 18-10-18,23:36:17,Ch6,T. OVER
 18-10-18,23:37:17,Ch6,T. OVER
 18-10-18,23:38:17,Ch6,T. OVER
 18-10-18,23:39:17,Ch6,T. OVER
 18-10-18,23:40:17,Ch6,T. OVER
 18-10-18,23:41:17,Ch6,T. OVER
 18-10-18,23:42:17,Ch6,T. OVER
 18-10-18,23:43:17,Ch6,T. OVER
 18-10-18,23:44:17,Ch6,T. OVER
 18-10-18,23:45:17,Ch6,T. OVER
 18-10-18,23:46:17,Ch6,T. OVER
 18-10-18,23:47:17,Ch6,T. OVER
 18-10-18,23:48:17,Ch6,T. OVER
 18-10-18,23:49:17,Ch6,T. OVER
 18-10-18,23:50:17,Ch6,T. OVER
 18-10-18,23:51:18,Ch6,T. OVER
 18-10-18,23:52:18,Ch6,T. OVER
 18-10-18,23:53:18,Ch6,T. OVER
 18-10-18,23:54:18,Ch6,T. OVER
 18-10-18,23:55:18,Ch6,T. OVER
 18-10-18,23:56:18,Ch6,T. OVER
 18-10-18,23:57:18,Ch6,T. OVER
 18-10-18,23:58:18,Ch6,T. OVER
 18-10-18,23:59:18,Ch6,T. OVER
