 07-12-16,00:00:08,Ch6,T. OVER
 07-12-16,00:01:08,Ch6,T. OVER
 07-12-16,00:02:08,Ch6,T. OVER
 07-12-16,00:03:09,Ch6,T. OVER
 07-12-16,00:04:09,Ch6,T. OVER
 07-12-16,00:05:09,Ch6,T. OVER
 07-12-16,00:06:09,Ch6,T. OVER
 07-12-16,00:07:09,Ch6,T. OVER
 07-12-16,00:08:10,Ch6,T. OVER
 07-12-16,00:09:10,Ch6,T. OVER
 07-12-16,00:10:10,Ch6,T. OVER
 07-12-16,00:11:10,Ch6,T. OVER
 07-12-16,00:12:10,Ch6,T. OVER
 07-12-16,00:13:10,Ch6,T. OVER
 07-12-16,00:14:10,Ch6,T. OVER
 07-12-16,00:15:11,Ch6,T. OVER
 07-12-16,00:16:11,Ch6,T. OVER
 07-12-16,00:17:11,Ch6,T. OVER
 07-12-16,00:18:11,Ch6,T. OVER
 07-12-16,00:19:11,Ch6,T. OVER
 07-12-16,00:20:11,Ch6,T. OVER
 07-12-16,00:21:12,Ch6,T. OVER
 07-12-16,00:22:12,Ch6,T. OVER
 07-12-16,00:23:12,Ch6,T. OVER
 07-12-16,00:24:12,Ch6,T. OVER
 07-12-16,00:25:12,Ch6,T. OVER
 07-12-16,00:26:12,Ch6,T. OVER
 07-12-16,00:27:13,Ch6,T. OVER
 07-12-16,00:28:13,Ch6,T. OVER
 07-12-16,00:29:13,Ch6,T. OVER
 07-12-16,00:30:13,Ch6,T. OVER
 07-12-16,00:31:14,Ch6,T. OVER
 07-12-16,00:32:14,Ch6,T. OVER
 07-12-16,00:33:14,Ch6,T. OVER
 07-12-16,00:34:14,Ch6,T. OVER
 07-12-16,00:35:14,Ch6,T. OVER
 07-12-16,00:36:14,Ch6,T. OVER
 07-12-16,00:37:14,Ch6,T. OVER
 07-12-16,00:38:15,Ch6,T. OVER
 07-12-16,00:39:15,Ch6,T. OVER
 07-12-16,00:40:15,Ch6,T. OVER
 07-12-16,00:41:15,Ch6,T. OVER
 07-12-16,00:42:16,Ch6,T. OVER
 07-12-16,00:43:16,Ch6,T. OVER
 07-12-16,00:44:16,Ch6,T. OVER
 07-12-16,00:45:16,Ch6,T. OVER
 07-12-16,00:46:16,Ch6,T. OVER
 07-12-16,00:47:16,Ch6,T. OVER
 07-12-16,00:48:16,Ch6,T. OVER
 07-12-16,00:49:16,Ch6,T. OVER
 07-12-16,00:50:17,Ch6,T. OVER
 07-12-16,00:51:17,Ch6,T. OVER
 07-12-16,00:52:17,Ch6,T. OVER
 07-12-16,00:53:17,Ch6,T. OVER
 07-12-16,00:54:18,Ch6,T. OVER
 07-12-16,00:55:18,Ch6,T. OVER
 07-12-16,00:56:18,Ch6,T. OVER
 07-12-16,00:57:18,Ch6,T. OVER
 07-12-16,00:58:18,Ch6,T. OVER
 07-12-16,00:59:18,Ch6,T. OVER
 07-12-16,01:00:18,Ch6,T. OVER
 07-12-16,01:01:18,Ch6,T. OVER
 07-12-16,01:02:19,Ch6,T. OVER
 07-12-16,01:03:19,Ch6,T. OVER
 07-12-16,01:04:19,Ch6,T. OVER
 07-12-16,01:05:19,Ch6,T. OVER
 07-12-16,01:06:19,Ch6,T. OVER
 07-12-16,01:07:20,Ch6,T. OVER
 07-12-16,01:08:20,Ch6,T. OVER
 07-12-16,01:09:20,Ch6,T. OVER
 07-12-16,01:10:20,Ch6,T. OVER
 07-12-16,01:11:20,Ch6,T. OVER
 07-12-16,01:12:20,Ch6,T. OVER
 07-12-16,01:13:20,Ch6,T. OVER
 07-12-16,01:14:21,Ch6,T. OVER
 07-12-16,01:15:21,Ch6,T. OVER
 07-12-16,01:16:21,Ch6,T. OVER
 07-12-16,01:17:21,Ch6,T. OVER
 07-12-16,01:18:21,Ch6,T. OVER
 07-12-16,01:19:21,Ch6,T. OVER
 07-12-16,01:20:21,Ch6,T. OVER
 07-12-16,01:21:22,Ch6,T. OVER
 07-12-16,01:22:22,Ch6,T. OVER
 07-12-16,01:23:22,Ch6,T. OVER
 07-12-16,01:24:22,Ch6,T. OVER
 07-12-16,01:25:22,Ch6,T. OVER
 07-12-16,01:26:22,Ch6,T. OVER
 07-12-16,01:27:22,Ch6,T. OVER
 07-12-16,01:28:23,Ch6,T. OVER
 07-12-16,01:29:23,Ch6,T. OVER
 07-12-16,01:30:23,Ch6,T. OVER
 07-12-16,01:31:23,Ch6,T. OVER
 07-12-16,01:32:23,Ch6,T. OVER
 07-12-16,01:33:23,Ch6,T. OVER
 07-12-16,01:34:24,Ch6,T. OVER
 07-12-16,01:35:24,Ch6,T. OVER
 07-12-16,01:36:24,Ch6,T. OVER
 07-12-16,01:37:24,Ch6,T. OVER
 07-12-16,01:38:24,Ch6,T. OVER
 07-12-16,01:39:24,Ch6,T. OVER
 07-12-16,01:40:25,Ch6,T. OVER
 07-12-16,01:41:25,Ch6,T. OVER
 07-12-16,01:42:25,Ch6,T. OVER
 07-12-16,01:43:25,Ch6,T. OVER
 07-12-16,01:44:25,Ch6,T. OVER
 07-12-16,01:45:25,Ch6,T. OVER
 07-12-16,01:46:25,Ch6,T. OVER
 07-12-16,01:47:26,Ch6,T. OVER
 07-12-16,01:48:26,Ch6,T. OVER
 07-12-16,01:49:26,Ch6,T. OVER
 07-12-16,01:50:26,Ch6,T. OVER
 07-12-16,01:51:26,Ch6,T. OVER
 07-12-16,01:52:26,Ch6,T. OVER
 07-12-16,01:53:27,Ch6,T. OVER
 07-12-16,01:54:27,Ch6,T. OVER
 07-12-16,01:55:27,Ch6,T. OVER
 07-12-16,01:56:27,Ch6,T. OVER
 07-12-16,01:57:27,Ch6,T. OVER
 07-12-16,01:58:28,Ch6,T. OVER
 07-12-16,01:59:28,Ch6,T. OVER
 07-12-16,02:00:28,Ch6,T. OVER
 07-12-16,02:01:28,Ch6,T. OVER
 07-12-16,02:02:28,Ch6,T. OVER
 07-12-16,02:03:29,Ch6,T. OVER
 07-12-16,02:04:29,Ch6,T. OVER
 07-12-16,02:05:29,Ch6,T. OVER
 07-12-16,02:06:29,Ch6,T. OVER
 07-12-16,02:07:29,Ch6,T. OVER
 07-12-16,02:08:29,Ch6,T. OVER
 07-12-16,02:09:29,Ch6,T. OVER
 07-12-16,02:10:30,Ch6,T. OVER
 07-12-16,02:11:30,Ch6,T. OVER
 07-12-16,02:12:30,Ch6,T. OVER
 07-12-16,02:13:30,Ch6,T. OVER
 07-12-16,02:14:31,Ch6,T. OVER
 07-12-16,02:15:31,Ch6,T. OVER
 07-12-16,02:16:31,Ch6,T. OVER
 07-12-16,02:17:31,Ch6,T. OVER
 07-12-16,02:18:31,Ch6,T. OVER
 07-12-16,02:19:31,Ch6,T. OVER
 07-12-16,02:20:32,Ch6,T. OVER
 07-12-16,02:21:32,Ch6,T. OVER
 07-12-16,02:22:32,Ch6,T. OVER
 07-12-16,02:23:32,Ch6,T. OVER
 07-12-16,02:24:32,Ch6,T. OVER
 07-12-16,02:25:33,Ch6,T. OVER
 07-12-16,02:26:33,Ch6,T. OVER
 07-12-16,02:27:33,Ch6,T. OVER
 07-12-16,02:28:33,Ch6,T. OVER
 07-12-16,02:29:33,Ch6,T. OVER
 07-12-16,02:30:34,Ch6,T. OVER
 07-12-16,02:31:34,Ch6,T. OVER
 07-12-16,02:32:34,Ch6,T. OVER
 07-12-16,02:33:34,Ch6,T. OVER
 07-12-16,02:34:34,Ch6,T. OVER
 07-12-16,02:35:34,Ch6,T. OVER
 07-12-16,02:36:34,Ch6,T. OVER
 07-12-16,02:37:35,Ch6,T. OVER
 07-12-16,02:38:35,Ch6,T. OVER
 07-12-16,02:39:35,Ch6,T. OVER
 07-12-16,02:40:35,Ch6,T. OVER
 07-12-16,02:41:35,Ch6,T. OVER
 07-12-16,02:42:35,Ch6,T. OVER
 07-12-16,02:43:36,Ch6,T. OVER
 07-12-16,02:44:36,Ch6,T. OVER
 07-12-16,02:45:36,Ch6,T. OVER
 07-12-16,02:46:36,Ch6,T. OVER
 07-12-16,02:47:36,Ch6,T. OVER
 07-12-16,02:48:36,Ch6,T. OVER
 07-12-16,02:49:36,Ch6,T. OVER
 07-12-16,02:50:36,Ch6,T. OVER
 07-12-16,02:51:36,Ch6,T. OVER
 07-12-16,02:52:36,Ch6,T. OVER
 07-12-16,02:53:37,Ch6,T. OVER
 07-12-16,02:54:37,Ch6,T. OVER
 07-12-16,02:55:37,Ch6,T. OVER
 07-12-16,02:56:37,Ch6,T. OVER
 07-12-16,02:57:38,Ch6,T. OVER
 07-12-16,02:58:38,Ch6,T. OVER
 07-12-16,02:59:38,Ch6,T. OVER
 07-12-16,03:00:38,Ch6,T. OVER
 07-12-16,03:01:38,Ch6,T. OVER
 07-12-16,03:02:38,Ch6,T. OVER
 07-12-16,03:03:38,Ch6,T. OVER
 07-12-16,03:04:39,Ch6,T. OVER
 07-12-16,03:05:39,Ch6,T. OVER
 07-12-16,03:06:39,Ch6,T. OVER
 07-12-16,03:07:39,Ch6,T. OVER
 07-12-16,03:08:39,Ch6,T. OVER
 07-12-16,03:09:39,Ch6,T. OVER
 07-12-16,03:10:40,Ch6,T. OVER
 07-12-16,03:11:40,Ch6,T. OVER
 07-12-16,03:12:40,Ch6,T. OVER
 07-12-16,03:13:40,Ch6,T. OVER
 07-12-16,03:14:40,Ch6,T. OVER
 07-12-16,03:15:40,Ch6,T. OVER
 07-12-16,03:16:40,Ch6,T. OVER
 07-12-16,03:17:41,Ch6,T. OVER
 07-12-16,03:18:41,Ch6,T. OVER
 07-12-16,03:19:41,Ch6,T. OVER
 07-12-16,03:20:41,Ch6,T. OVER
 07-12-16,03:21:42,Ch6,T. OVER
 07-12-16,03:22:42,Ch6,T. OVER
 07-12-16,03:23:42,Ch6,T. OVER
 07-12-16,03:24:42,Ch6,T. OVER
 07-12-16,03:25:42,Ch6,T. OVER
 07-12-16,03:26:43,Ch6,T. OVER
 07-12-16,03:27:43,Ch6,T. OVER
 07-12-16,03:28:43,Ch6,T. OVER
 07-12-16,03:29:43,Ch6,T. OVER
 07-12-16,03:30:44,Ch6,T. OVER
 07-12-16,03:31:44,Ch6,T. OVER
 07-12-16,03:32:44,Ch6,T. OVER
 07-12-16,03:33:44,Ch6,T. OVER
 07-12-16,03:34:44,Ch6,T. OVER
 07-12-16,03:35:44,Ch6,T. OVER
 07-12-16,03:36:45,Ch6,T. OVER
 07-12-16,03:37:45,Ch6,T. OVER
 07-12-16,03:38:45,Ch6,T. OVER
 07-12-16,03:39:45,Ch6,T. OVER
 07-12-16,03:40:46,Ch6,T. OVER
 07-12-16,03:41:46,Ch6,T. OVER
 07-12-16,03:42:46,Ch6,T. OVER
 07-12-16,03:43:46,Ch6,T. OVER
 07-12-16,03:44:46,Ch6,T. OVER
 07-12-16,03:45:46,Ch6,T. OVER
 07-12-16,03:46:47,Ch6,T. OVER
 07-12-16,03:47:47,Ch6,T. OVER
 07-12-16,03:48:47,Ch6,T. OVER
 07-12-16,03:49:47,Ch6,T. OVER
 07-12-16,03:50:47,Ch6,T. OVER
 07-12-16,03:51:48,Ch6,T. OVER
 07-12-16,03:52:48,Ch6,T. OVER
 07-12-16,03:53:48,Ch6,VMIX OVL,T. OVER
 07-12-16,03:54:48,Ch6,T. OVER
 07-12-16,03:55:48,Ch6,T. OVER
 07-12-16,03:56:49,Ch6,T. OVER
 07-12-16,03:57:49,Ch6,T. OVER
 07-12-16,03:58:49,Ch6,T. OVER
 07-12-16,03:59:49,Ch6,T. OVER
 07-12-16,04:00:49,Ch6,T. OVER
 07-12-16,04:01:49,Ch6,T. OVER
 07-12-16,04:02:50,Ch6,T. OVER
 07-12-16,04:03:50,Ch6,T. OVER
 07-12-16,04:04:50,Ch6,T. OVER
 07-12-16,04:05:50,Ch6,T. OVER
 07-12-16,04:06:50,Ch6,T. OVER
 07-12-16,04:07:50,Ch6,T. OVER
 07-12-16,04:08:50,Ch6,T. OVER
 07-12-16,04:09:51,Ch6,T. OVER
 07-12-16,04:10:51,Ch6,T. OVER
 07-12-16,04:11:51,Ch6,T. OVER
 07-12-16,04:12:51,Ch6,T. OVER
 07-12-16,04:13:51,Ch6,T. OVER
 07-12-16,04:14:51,Ch6,T. OVER
 07-12-16,04:15:51,Ch6,T. OVER
 07-12-16,04:16:52,Ch6,T. OVER
 07-12-16,04:17:52,Ch6,T. OVER
 07-12-16,04:18:52,Ch6,T. OVER
 07-12-16,04:19:52,Ch6,T. OVER
 07-12-16,04:20:52,Ch6,T. OVER
 07-12-16,04:21:52,Ch6,T. OVER
 07-12-16,04:22:52,Ch6,T. OVER
 07-12-16,04:23:53,Ch6,T. OVER
 07-12-16,04:24:53,Ch6,T. OVER
 07-12-16,04:25:53,Ch6,T. OVER
 07-12-16,04:26:53,Ch6,T. OVER
 07-12-16,04:27:54,Ch6,T. OVER
 07-12-16,04:28:54,Ch6,T. OVER
 07-12-16,04:29:54,Ch6,T. OVER
 07-12-16,04:30:54,Ch6,T. OVER
 07-12-16,04:31:54,Ch6,T. OVER
 07-12-16,04:32:54,Ch6,T. OVER
 07-12-16,04:33:55,Ch6,T. OVER
 07-12-16,04:34:55,Ch6,T. OVER
 07-12-16,04:35:55,Ch6,T. OVER
 07-12-16,04:36:55,Ch6,T. OVER
 07-12-16,04:37:55,Ch6,T. OVER
 07-12-16,04:38:55,Ch6,T. OVER
 07-12-16,04:39:55,Ch6,T. OVER
 07-12-16,04:40:56,Ch6,T. OVER
 07-12-16,04:41:56,Ch6,T. OVER
 07-12-16,04:42:56,Ch6,T. OVER
 07-12-16,04:43:56,Ch6,T. OVER
 07-12-16,04:44:57,Ch6,T. OVER
 07-12-16,04:45:57,Ch6,T. OVER
 07-12-16,04:46:57,Ch6,T. OVER
 07-12-16,04:47:57,Ch6,T. OVER
 07-12-16,04:48:57,Ch6,T. OVER
 07-12-16,04:49:58,Ch6,T. OVER
 07-12-16,04:50:58,Ch6,T. OVER
 07-12-16,04:51:58,Ch6,T. OVER
 07-12-16,04:52:58,Ch6,T. OVER
 07-12-16,04:53:58,Ch6,T. OVER
 07-12-16,04:54:58,Ch6,T. OVER
 07-12-16,04:55:58,Ch6,T. OVER
 07-12-16,04:56:59,Ch6,T. OVER
 07-12-16,04:57:59,Ch6,T. OVER
 07-12-16,04:58:59,Ch6,T. OVER
 07-12-16,05:00:00,Ch6,T. OVER
 07-12-16,05:01:00,Ch6,T. OVER
 07-12-16,05:02:00,Ch6,T. OVER
 07-12-16,05:03:00,Ch6,T. OVER
 07-12-16,05:04:00,Ch6,T. OVER
 07-12-16,05:05:00,Ch6,T. OVER
 07-12-16,05:06:01,Ch6,T. OVER
 07-12-16,05:07:01,Ch6,T. OVER
 07-12-16,05:08:01,Ch6,T. OVER
 07-12-16,05:09:01,Ch6,T. OVER
 07-12-16,05:10:01,Ch6,T. OVER
 07-12-16,05:11:01,Ch6,T. OVER
 07-12-16,05:12:01,Ch6,T. OVER
 07-12-16,05:13:01,Ch6,T. OVER
 07-12-16,05:14:02,Ch6,T. OVER
 07-12-16,05:15:02,Ch6,T. OVER
 07-12-16,05:16:02,Ch6,T. OVER
 07-12-16,05:17:02,Ch6,T. OVER
 07-12-16,05:18:02,Ch6,T. OVER
 07-12-16,05:19:02,Ch6,T. OVER
 07-12-16,05:20:02,Ch6,T. OVER
 07-12-16,05:21:02,Ch6,T. OVER
 07-12-16,05:22:03,Ch6,T. OVER
 07-12-16,05:23:03,Ch6,T. OVER
 07-12-16,05:24:03,Ch6,T. OVER
 07-12-16,05:25:03,Ch6,T. OVER
 07-12-16,05:26:03,Ch6,T. OVER
 07-12-16,05:27:03,Ch6,T. OVER
 07-12-16,05:28:03,Ch6,T. OVER
 07-12-16,05:29:03,Ch6,T. OVER
 07-12-16,05:30:03,Ch6,T. OVER
 07-12-16,05:31:04,Ch6,T. OVER
 07-12-16,05:32:04,Ch6,T. OVER
 07-12-16,05:33:04,Ch6,T. OVER
 07-12-16,05:34:04,Ch6,T. OVER
 07-12-16,05:35:04,Ch6,T. OVER
 07-12-16,05:36:04,Ch6,T. OVER
 07-12-16,05:37:05,Ch6,T. OVER
 07-12-16,05:38:05,Ch6,T. OVER
 07-12-16,05:39:05,Ch6,T. OVER
 07-12-16,05:40:05,Ch6,T. OVER
 07-12-16,05:41:05,Ch6,T. OVER
 07-12-16,05:42:06,Ch6,T. OVER
 07-12-16,05:43:06,Ch6,T. OVER
 07-12-16,05:44:06,Ch6,T. OVER
 07-12-16,05:45:06,Ch6,T. OVER
 07-12-16,05:46:06,Ch6,T. OVER
 07-12-16,05:47:06,Ch6,T. OVER
 07-12-16,05:48:07,Ch6,T. OVER
 07-12-16,05:49:07,Ch6,T. OVER
 07-12-16,05:50:07,Ch6,T. OVER
 07-12-16,05:51:07,Ch6,T. OVER
 07-12-16,05:52:07,Ch6,T. OVER
 07-12-16,05:53:08,Ch6,T. OVER
 07-12-16,05:54:08,Ch6,T. OVER
 07-12-16,05:55:08,Ch6,T. OVER
 07-12-16,05:56:08,Ch6,T. OVER
 07-12-16,05:57:08,Ch6,T. OVER
 07-12-16,05:58:08,Ch6,T. OVER
 07-12-16,05:59:08,Ch6,T. OVER
 07-12-16,06:00:09,Ch6,T. OVER
 07-12-16,06:01:09,Ch6,T. OVER
 07-12-16,06:02:09,Ch6,T. OVER
 07-12-16,06:03:09,Ch6,T. OVER
 07-12-16,06:04:10,Ch6,T. OVER
 07-12-16,06:05:10,Ch6,T. OVER
 07-12-16,06:06:10,Ch6,T. OVER
 07-12-16,06:07:10,Ch6,T. OVER
 07-12-16,06:08:10,Ch6,T. OVER
 07-12-16,06:09:10,Ch6,T. OVER
 07-12-16,06:10:11,Ch6,T. OVER
 07-12-16,06:11:11,Ch6,T. OVER
 07-12-16,06:12:11,Ch6,T. OVER
 07-12-16,06:13:11,Ch6,T. OVER
 07-12-16,06:14:11,Ch6,T. OVER
 07-12-16,06:15:12,Ch6,T. OVER
 07-12-16,06:16:12,Ch6,T. OVER
 07-12-16,06:17:12,Ch6,T. OVER
 07-12-16,06:18:12,Ch6,T. OVER
 07-12-16,06:19:12,Ch6,T. OVER
 07-12-16,06:20:13,Ch6,T. OVER
 07-12-16,06:21:13,Ch6,T. OVER
 07-12-16,06:22:13,Ch6,T. OVER
 07-12-16,06:23:13,Ch6,T. OVER
 07-12-16,06:24:13,Ch6,T. OVER
 07-12-16,06:25:13,Ch6,T. OVER
 07-12-16,06:26:14,Ch6,T. OVER
 07-12-16,06:27:14,Ch6,T. OVER
 07-12-16,06:28:14,Ch6,T. OVER
 07-12-16,06:29:14,Ch6,T. OVER
 07-12-16,06:30:14,Ch6,T. OVER
 07-12-16,06:31:14,Ch6,T. OVER
 07-12-16,06:32:15,Ch6,T. OVER
 07-12-16,06:33:15,Ch6,T. OVER
 07-12-16,06:34:15,Ch6,T. OVER
 07-12-16,06:35:15,Ch6,T. OVER
 07-12-16,06:36:15,Ch6,T. OVER
 07-12-16,06:37:15,Ch6,T. OVER
 07-12-16,06:38:16,Ch6,T. OVER
 07-12-16,06:39:16,Ch6,T. OVER
 07-12-16,06:40:16,Ch6,T. OVER
 07-12-16,06:41:16,Ch6,T. OVER
 07-12-16,06:42:16,Ch6,T. OVER
 07-12-16,06:43:16,Ch6,T. OVER
 07-12-16,06:44:17,Ch6,T. OVER
 07-12-16,06:45:17,Ch6,T. OVER
 07-12-16,06:46:17,Ch6,T. OVER
 07-12-16,06:47:17,Ch6,T. OVER
 07-12-16,06:48:17,Ch6,T. OVER
 07-12-16,06:49:18,Ch6,T. OVER
 07-12-16,06:50:18,Ch6,T. OVER
 07-12-16,06:51:18,Ch6,T. OVER
 07-12-16,06:52:18,Ch6,T. OVER
 07-12-16,06:53:18,Ch6,T. OVER
 07-12-16,06:54:18,Ch6,T. OVER
 07-12-16,06:55:18,Ch6,T. OVER
 07-12-16,06:56:19,Ch6,T. OVER
 07-12-16,06:57:19,Ch6,T. OVER
 07-12-16,06:58:19,Ch6,T. OVER
 07-12-16,06:59:19,Ch6,T. OVER
 07-12-16,07:00:20,Ch6,T. OVER
 07-12-16,07:01:20,Ch6,T. OVER
 07-12-16,07:02:20,Ch6,T. OVER
 07-12-16,07:03:20,Ch6,T. OVER
 07-12-16,07:04:20,Ch6,T. OVER
 07-12-16,07:05:20,Ch6,T. OVER
 07-12-16,07:06:20,Ch6,T. OVER
 07-12-16,07:07:20,Ch6,T. OVER
 07-12-16,07:08:21,Ch6,T. OVER
 07-12-16,07:09:21,Ch6,T. OVER
 07-12-16,07:10:21,Ch6,T. OVER
 07-12-16,07:11:21,Ch6,T. OVER
 07-12-16,07:12:22,Ch6,T. OVER
 07-12-16,07:13:22,Ch6,T. OVER
 07-12-16,07:14:22,Ch6,T. OVER
 07-12-16,07:15:22,Ch6,T. OVER
 07-12-16,07:16:22,Ch6,T. OVER
 07-12-16,07:17:22,Ch6,T. OVER
 07-12-16,07:18:22,Ch6,T. OVER
 07-12-16,07:19:22,Ch6,T. OVER
 07-12-16,07:20:23,Ch6,T. OVER
 07-12-16,07:21:23,Ch6,T. OVER
 07-12-16,07:22:23,Ch6,T. OVER
 07-12-16,07:23:23,Ch6,T. OVER
 07-12-16,07:24:23,Ch6,T. OVER
 07-12-16,07:25:23,Ch6,T. OVER
 07-12-16,07:26:24,Ch6,T. OVER
 07-12-16,07:27:24,Ch6,T. OVER
 07-12-16,07:28:24,Ch6,T. OVER
 07-12-16,07:29:24,Ch6,T. OVER
 07-12-16,07:30:24,Ch6,T. OVER
 07-12-16,07:31:24,Ch6,T. OVER
 07-12-16,07:32:25,Ch6,T. OVER
 07-12-16,07:33:25,Ch6,T. OVER
 07-12-16,07:34:25,Ch6,T. OVER
 07-12-16,07:35:25,Ch6,T. OVER
 07-12-16,07:36:25,Ch6,T. OVER
 07-12-16,07:37:25,Ch6,T. OVER
 07-12-16,07:38:26,Ch6,T. OVER
 07-12-16,07:39:26,Ch6,T. OVER
 07-12-16,07:40:26,Ch6,T. OVER
 07-12-16,07:41:26,Ch6,T. OVER
 07-12-16,07:42:27,Ch6,T. OVER
 07-12-16,07:43:27,Ch6,T. OVER
 07-12-16,07:44:27,Ch6,T. OVER
 07-12-16,07:45:27,Ch6,T. OVER
 07-12-16,07:46:27,Ch6,T. OVER
 07-12-16,07:47:27,Ch6,T. OVER
 07-12-16,07:48:27,Ch6,T. OVER
 07-12-16,07:49:27,Ch6,T. OVER
 07-12-16,07:50:27,Ch6,T. OVER
 07-12-16,07:51:28,Ch6,T. OVER
 07-12-16,07:52:28,Ch6,T. OVER
 07-12-16,07:53:28,Ch6,T. OVER
 07-12-16,07:54:28,Ch6,T. OVER
 07-12-16,07:55:29,Ch6,T. OVER
 07-12-16,07:56:29,Ch6,T. OVER
 07-12-16,07:57:29,Ch6,T. OVER
 07-12-16,07:58:29,Ch6,T. OVER
 07-12-16,07:59:29,Ch6,T. OVER
 07-12-16,08:00:29,Ch6,T. OVER
 07-12-16,08:01:29,Ch6,T. OVER
 07-12-16,08:02:30,Ch6,T. OVER
 07-12-16,08:03:30,Ch6,T. OVER
 07-12-16,08:04:30,Ch6,T. OVER
 07-12-16,08:05:30,Ch6,T. OVER
 07-12-16,08:06:30,Ch6,T. OVER
 07-12-16,08:07:30,Ch6,T. OVER
 07-12-16,08:08:31,Ch6,T. OVER
 07-12-16,08:09:31,Ch6,T. OVER
 07-12-16,08:10:31,Ch6,T. OVER
 07-12-16,08:11:31,Ch6,T. OVER
 07-12-16,08:12:31,Ch6,T. OVER
 07-12-16,08:13:31,Ch6,T. OVER
 07-12-16,08:14:32,Ch6,T. OVER
 07-12-16,08:15:32,Ch6,T. OVER
 07-12-16,08:16:32,Ch6,T. OVER
 07-12-16,08:17:32,Ch6,T. OVER
 07-12-16,08:18:32,Ch6,T. OVER
 07-12-16,08:19:32,Ch6,T. OVER
 07-12-16,08:20:32,Ch6,T. OVER
 07-12-16,08:21:33,Ch6,T. OVER
 07-12-16,08:22:33,Ch6,T. OVER
 07-12-16,08:23:33,Ch6,T. OVER
 07-12-16,08:24:33,Ch6,T. OVER
 07-12-16,08:25:33,Ch6,T. OVER
 07-12-16,08:26:33,Ch6,T. OVER
 07-12-16,08:27:34,Ch6,T. OVER
 07-12-16,08:28:34,Ch6,T. OVER
 07-12-16,08:29:34,Ch6,T. OVER
 07-12-16,08:30:34,Ch6,T. OVER
 07-12-16,08:31:34,Ch6,T. OVER
 07-12-16,08:32:35,Ch6,T. OVER
 07-12-16,08:33:35,Ch6,T. OVER
 07-12-16,08:34:35,Ch6,T. OVER
 07-12-16,08:35:35,Ch6,T. OVER
 07-12-16,08:36:35,Ch6,T. OVER
 07-12-16,08:37:35,Ch6,T. OVER
 07-12-16,08:38:36,Ch6,T. OVER
 07-12-16,08:39:36,Ch6,T. OVER
 07-12-16,08:40:36,Ch6,T. OVER
 07-12-16,08:41:36,Ch6,T. OVER
 07-12-16,08:42:36,Ch6,T. OVER
 07-12-16,08:43:36,Ch6,T. OVER
 07-12-16,08:44:37,Ch6,T. OVER
 07-12-16,08:45:37,Ch6,T. OVER
 07-12-16,08:46:37,Ch6,T. OVER
 07-12-16,08:47:37,Ch6,T. OVER
 07-12-16,08:48:37,Ch6,T. OVER
 07-12-16,08:49:38,Ch6,T. OVER
 07-12-16,08:50:38,Ch6,T. OVER
 07-12-16,08:51:38,Ch6,T. OVER
 07-12-16,08:52:38,Ch6,T. OVER
 07-12-16,08:53:39,Ch6,T. OVER
 07-12-16,08:54:39,Ch6,T. OVER
 07-12-16,08:55:39,Ch6,T. OVER
 07-12-16,08:56:39,Ch6,T. OVER
 07-12-16,08:57:39,Ch6,T. OVER
 07-12-16,08:58:40,Ch6,T. OVER
 07-12-16,08:59:40,Ch6,T. OVER
 07-12-16,09:00:40,Ch6,T. OVER
 07-12-16,09:01:40,Ch6,T. OVER
 07-12-16,09:02:40,Ch6,T. OVER
 07-12-16,09:03:41,Ch6,T. OVER
 07-12-16,09:04:41,Ch6,T. OVER
 07-12-16,09:05:41,Ch6,T. OVER
 07-12-16,09:06:41,Ch6,T. OVER
 07-12-16,09:07:41,Ch6,T. OVER
 07-12-16,09:08:42,Ch6,T. OVER
 07-12-16,09:09:42,Ch6,T. OVER
 07-12-16,09:10:42,Ch6,T. OVER
 07-12-16,09:11:42,Ch6,T. OVER
 07-12-16,09:12:43,Ch6,T. OVER
 07-12-16,09:13:43,Ch6,T. OVER
 07-12-16,09:14:43,Ch6,T. OVER
 07-12-16,09:15:43,Ch6,T. OVER
 07-12-16,09:16:43,Ch6,T. OVER
 07-12-16,09:17:43,Ch6,T. OVER
 07-12-16,09:18:44,Ch6,T. OVER
 07-12-16,09:19:44,Ch6,T. OVER
 07-12-16,09:20:44,Ch6,T. OVER
 07-12-16,09:21:44,Ch6,T. OVER
 07-12-16,09:22:44,Ch6,T. OVER
 07-12-16,09:23:45,Ch6,T. OVER
 07-12-16,09:24:45,Ch6,T. OVER
 07-12-16,09:25:45,Ch6,T. OVER
 07-12-16,09:26:45,Ch6,T. OVER
 07-12-16,09:27:45,Ch6,T. OVER
 07-12-16,09:28:45,Ch6,T. OVER
 07-12-16,09:29:46,Ch6,T. OVER
 07-12-16,09:30:46,Ch6,T. OVER
 07-12-16,09:31:46,Ch6,T. OVER
 07-12-16,09:32:46,Ch6,T. OVER
 07-12-16,09:33:46,Ch6,T. OVER
 07-12-16,09:34:46,Ch6,T. OVER
 07-12-16,09:35:47,Ch6,T. OVER
 07-12-16,09:36:47,Ch6,T. OVER
 07-12-16,09:37:47,Ch6,T. OVER
 07-12-16,09:38:47,Ch6,T. OVER
 07-12-16,09:39:47,Ch6,T. OVER
 07-12-16,09:40:48,Ch6,T. OVER
 07-12-16,09:41:48,Ch6,T. OVER
 07-12-16,09:42:48,Ch6,T. OVER
 07-12-16,09:43:48,Ch6,T. OVER
 07-12-16,09:44:48,Ch6,T. OVER
 07-12-16,09:45:49,Ch6,T. OVER
 07-12-16,09:46:49,Ch6,T. OVER
 07-12-16,09:47:49,Ch6,T. OVER
 07-12-16,09:48:49,Ch6,T. OVER
 07-12-16,09:49:49,Ch6,T. OVER
 07-12-16,09:50:49,Ch6,T. OVER
 07-12-16,09:51:49,Ch6,T. OVER
 07-12-16,09:52:50,Ch6,T. OVER
 07-12-16,09:53:50,Ch6,T. OVER
 07-12-16,09:54:50,Ch6,T. OVER
 07-12-16,09:55:50,Ch6,T. OVER
 07-12-16,09:56:50,Ch6,T. OVER
 07-12-16,09:57:51,Ch6,T. OVER
 07-12-16,09:58:51,Ch6,T. OVER
 07-12-16,09:59:51,Ch6,T. OVER
 07-12-16,10:00:51,Ch6,T. OVER
 07-12-16,10:01:51,Ch6,T. OVER
 07-12-16,10:02:51,Ch6,T. OVER
 07-12-16,10:03:52,Ch6,T. OVER
 07-12-16,10:04:52,Ch6,T. OVER
 07-12-16,10:05:52,Ch6,T. OVER
 07-12-16,10:06:52,Ch6,T. OVER
 07-12-16,10:07:52,Ch6,T. OVER
 07-12-16,10:08:52,Ch6,T. OVER
 07-12-16,10:09:53,Ch6,T. OVER
 07-12-16,10:10:53,Ch6,T. OVER
 07-12-16,10:11:53,Ch6,T. OVER
 07-12-16,10:12:53,Ch6,T. OVER
 07-12-16,10:13:54,Ch6,T. OVER
 07-12-16,10:14:54,Ch6,T. OVER
 07-12-16,10:15:54,Ch6,T. OVER
 07-12-16,10:16:54,Ch6,T. OVER
 07-12-16,10:17:55,Ch6,T. OVER
 07-12-16,10:18:55,Ch6,T. OVER
 07-12-16,10:19:55,Ch6,T. OVER
 07-12-16,10:20:55,Ch6,T. OVER
 07-12-16,10:21:55,Ch6,T. OVER
 07-12-16,10:22:55,Ch6,T. OVER
 07-12-16,10:23:56,Ch6,T. OVER
 07-12-16,10:24:56,Ch6,T. OVER
 07-12-16,10:25:56,Ch6,T. OVER
 07-12-16,10:26:56,Ch6,T. OVER
 07-12-16,10:27:56,Ch6,T. OVER
 07-12-16,10:28:57,Ch6,T. OVER
 07-12-16,10:29:57,Ch6,T. OVER
 07-12-16,10:30:57,Ch6,T. OVER
 07-12-16,10:31:57,Ch6,T. OVER
 07-12-16,10:32:57,Ch6,T. OVER
 07-12-16,10:33:58,Ch6,T. OVER
 07-12-16,10:34:58,Ch6,T. OVER
 07-12-16,10:35:58,Ch6,T. OVER
 07-12-16,10:36:58,Ch6,T. OVER
 07-12-16,10:37:58,Ch6,T. OVER
 07-12-16,10:38:58,Ch6,T. OVER
 07-12-16,10:39:58,Ch6,T. OVER
 07-12-16,10:40:59,Ch6,T. OVER
 07-12-16,10:41:59,Ch6,T. OVER
 07-12-16,10:42:59,Ch6,T. OVER
 07-12-16,10:43:59,Ch6,T. OVER
 07-12-16,10:45:00,Ch6,T. OVER
 07-12-16,10:46:00,Ch6,T. OVER
 07-12-16,10:47:00,Ch6,T. OVER
 07-12-16,10:48:00,Ch6,T. OVER
 07-12-16,10:49:00,Ch6,T. OVER
 07-12-16,10:50:00,Ch6,T. OVER
 07-12-16,10:51:00,Ch6,T. OVER
 07-12-16,10:52:00,Ch6,T. OVER
 07-12-16,10:53:01,Ch6,T. OVER
 07-12-16,10:54:01,Ch6,T. OVER
 07-12-16,10:55:01,Ch6,T. OVER
 07-12-16,10:56:01,Ch6,T. OVER
 07-12-16,10:57:01,Ch6,T. OVER
 07-12-16,10:58:02,Ch6,T. OVER
 07-12-16,10:59:02,Ch6,T. OVER
 07-12-16,11:00:02,Ch6,T. OVER
 07-12-16,11:01:02,Ch6,T. OVER
 07-12-16,11:02:03,Ch6,T. OVER
 07-12-16,11:03:03,Ch6,T. OVER
 07-12-16,11:04:03,Ch6,T. OVER
 07-12-16,11:05:03,Ch6,T. OVER
 07-12-16,11:06:04,Ch6,T. OVER
 07-12-16,11:07:04,Ch6,T. OVER
 07-12-16,11:08:04,Ch6,T. OVER
 07-12-16,11:09:04,Ch6,T. OVER
 07-12-16,11:10:04,Ch6,T. OVER
 07-12-16,11:11:05,Ch6,T. OVER
 07-12-16,11:12:05,Ch6,T. OVER
 07-12-16,11:13:05,Ch6,T. OVER
 07-12-16,11:14:05,Ch6,T. OVER
 07-12-16,11:15:05,Ch6,T. OVER
 07-12-16,11:16:05,Ch6,T. OVER
 07-12-16,11:17:06,Ch6,T. OVER
 07-12-16,11:18:06,Ch6,T. OVER
 07-12-16,11:19:06,Ch6,T. OVER
 07-12-16,11:20:06,Ch6,T. OVER
 07-12-16,11:21:06,Ch6,T. OVER
 07-12-16,11:22:06,Ch6,T. OVER
 07-12-16,11:23:06,Ch6,T. OVER
 07-12-16,11:24:06,Ch6,T. OVER
 07-12-16,11:25:06,Ch6,T. OVER
 07-12-16,11:26:06,Ch6,T. OVER
 07-12-16,11:27:07,Ch6,T. OVER
 07-12-16,11:28:07,Ch6,T. OVER
 07-12-16,11:29:07,Ch6,T. OVER
 07-12-16,11:30:07,Ch6,T. OVER
 07-12-16,11:31:07,Ch6,T. OVER
 07-12-16,11:32:08,Ch6,T. OVER
 07-12-16,11:33:08,Ch6,T. OVER
 07-12-16,11:34:08,Ch6,T. OVER
 07-12-16,11:35:08,Ch6,T. OVER
 07-12-16,11:36:08,Ch6,T. OVER
 07-12-16,11:37:09,Ch6,T. OVER
 07-12-16,11:38:09,Ch6,T. OVER
 07-12-16,11:39:09,Ch6,T. OVER
 07-12-16,11:40:09,Ch6,T. OVER
 07-12-16,11:41:09,Ch6,T. OVER
 07-12-16,11:42:10,Ch6,T. OVER
 07-12-16,11:43:10,Ch6,T. OVER
 07-12-16,11:44:10,Ch6,T. OVER
 07-12-16,11:45:10,Ch6,T. OVER
 07-12-16,11:46:10,Ch6,T. OVER
 07-12-16,11:47:11,Ch6,T. OVER
 07-12-16,11:48:11,Ch6,T. OVER
 07-12-16,11:49:11,Ch6,T. OVER
 07-12-16,11:50:11,Ch6,T. OVER
 07-12-16,11:51:11,Ch6,T. OVER
 07-12-16,11:52:11,Ch6,T. OVER
 07-12-16,11:53:11,Ch6,T. OVER
 07-12-16,11:54:12,Ch6,T. OVER
 07-12-16,11:55:12,Ch6,T. OVER
 07-12-16,11:56:12,Ch6,T. OVER
 07-12-16,11:57:12,Ch6,T. OVER
 07-12-16,11:58:12,Ch6,T. OVER
 07-12-16,11:59:12,Ch6,T. OVER
 07-12-16,12:00:13,Ch6,T. OVER
 07-12-16,12:01:13,Ch6,T. OVER
 07-12-16,12:02:13,Ch6,T. OVER
 07-12-16,12:03:13,Ch6,T. OVER
 07-12-16,12:04:13,Ch6,T. OVER
 07-12-16,12:05:13,Ch6,T. OVER
 07-12-16,12:06:13,Ch6,T. OVER
 07-12-16,12:07:13,Ch6,T. OVER
 07-12-16,12:08:14,Ch6,T. OVER
 07-12-16,12:09:14,Ch6,T. OVER
 07-12-16,12:10:14,Ch6,T. OVER
 07-12-16,12:11:14,Ch6,T. OVER
 07-12-16,12:12:14,Ch6,T. OVER
 07-12-16,12:13:14,Ch6,T. OVER
 07-12-16,12:14:15,Ch6,T. OVER
 07-12-16,12:15:15,Ch6,T. OVER
 07-12-16,12:16:15,Ch6,T. OVER
 07-12-16,12:17:15,Ch6,T. OVER
 07-12-16,12:18:16,Ch6,T. OVER
 07-12-16,12:19:16,Ch6,T. OVER
 07-12-16,12:20:16,Ch6,T. OVER
 07-12-16,12:21:16,Ch6,T. OVER
 07-12-16,12:22:16,Ch6,T. OVER
 07-12-16,12:23:16,Ch6,T. OVER
 07-12-16,12:24:17,Ch6,T. OVER
 07-12-16,12:25:17,Ch6,T. OVER
 07-12-16,12:26:17,Ch6,T. OVER
 07-12-16,12:27:17,Ch6,T. OVER
 07-12-16,12:28:17,Ch6,T. OVER
 07-12-16,12:29:17,Ch6,T. OVER
 07-12-16,12:30:18,Ch6,T. OVER
 07-12-16,12:31:18,Ch6,T. OVER
 07-12-16,12:32:18,Ch6,T. OVER
 07-12-16,12:33:18,Ch6,T. OVER
 07-12-16,12:34:18,Ch6,T. OVER
 07-12-16,12:35:18,Ch6,T. OVER
 07-12-16,12:36:18,Ch6,T. OVER
 07-12-16,12:37:18,Ch6,T. OVER
 07-12-16,12:38:19,Ch6,T. OVER
 07-12-16,12:39:19,Ch6,T. OVER
 07-12-16,12:40:19,Ch6,T. OVER
 07-12-16,12:41:19,Ch6,T. OVER
 07-12-16,12:42:19,Ch6,T. OVER
 07-12-16,12:43:20,Ch6,T. OVER
 07-12-16,12:44:20,Ch6,T. OVER
 07-12-16,12:45:20,Ch6,T. OVER
 07-12-16,12:46:20,Ch6,T. OVER
 07-12-16,12:47:20,Ch6,T. OVER
 07-12-16,12:48:20,Ch6,T. OVER
 07-12-16,12:49:20,Ch6,T. OVER
 07-12-16,12:50:21,Ch6,T. OVER
 07-12-16,12:51:21,Ch6,T. OVER
 07-12-16,12:52:21,Ch6,T. OVER
 07-12-16,12:53:21,Ch6,T. OVER
 07-12-16,12:54:21,Ch6,T. OVER
 07-12-16,12:55:22,Ch6,T. OVER
 07-12-16,12:56:22,Ch6,T. OVER
 07-12-16,12:57:22,Ch6,T. OVER
 07-12-16,12:58:22,Ch6,T. OVER
 07-12-16,12:59:22,Ch6,T. OVER
 07-12-16,13:00:22,Ch6,T. OVER
 07-12-16,13:01:23,Ch6,T. OVER
 07-12-16,13:02:23,Ch6,T. OVER
 07-12-16,13:03:23,Ch6,T. OVER
 07-12-16,13:04:23,Ch6,T. OVER
 07-12-16,13:05:23,Ch6,T. OVER
 07-12-16,13:06:23,Ch6,T. OVER
 07-12-16,13:07:24,Ch6,T. OVER
 07-12-16,13:08:24,Ch6,T. OVER
 07-12-16,13:09:24,Ch6,T. OVER
 07-12-16,13:10:24,Ch6,T. OVER
 07-12-16,13:11:25,Ch6,T. OVER
 07-12-16,13:12:25,Ch6,T. OVER
 07-12-16,13:13:25,Ch6,T. OVER
 07-12-16,13:14:25,Ch6,T. OVER
 07-12-16,13:15:25,Ch6,T. OVER
 07-12-16,13:16:26,Ch6,T. OVER
 07-12-16,13:17:26,Ch6,T. OVER
 07-12-16,13:18:26,Ch6,T. OVER
 07-12-16,13:19:26,Ch6,T. OVER
 07-12-16,13:20:27,Ch6,T. OVER
 07-12-16,13:21:27,Ch6,T. OVER
 07-12-16,13:22:27,Ch6,T. OVER
 07-12-16,13:23:27,Ch6,T. OVER
 07-12-16,13:24:27,Ch6,T. OVER
 07-12-16,13:25:27,Ch6,T. OVER
 07-12-16,13:26:28,Ch6,T. OVER
 07-12-16,13:27:28,Ch6,T. OVER
 07-12-16,13:28:28,Ch6,T. OVER
 07-12-16,13:29:28,Ch6,T. OVER
 07-12-16,13:30:28,Ch6,T. OVER
 07-12-16,13:31:28,Ch6,T. OVER
 07-12-16,13:32:29,Ch6,T. OVER
 07-12-16,13:33:29,Ch6,T. OVER
 07-12-16,13:34:29,Ch6,T. OVER
 07-12-16,13:35:29,Ch6,T. OVER
 07-12-16,13:36:29,Ch6,T. OVER
 07-12-16,13:37:29,Ch6,T. OVER
 07-12-16,13:38:30,Ch6,T. OVER
 07-12-16,13:39:30,Ch6,T. OVER
 07-12-16,13:40:30,Ch6,T. OVER
 07-12-16,13:41:30,Ch6,T. OVER
 07-12-16,13:42:30,Ch6,T. OVER
 07-12-16,13:43:31,Ch6,T. OVER
 07-12-16,13:44:31,Ch6,T. OVER
 07-12-16,13:45:31,Ch6,T. OVER
 07-12-16,13:46:31,Ch6,T. OVER
 07-12-16,13:47:31,Ch6,T. OVER
 07-12-16,13:48:31,Ch6,T. OVER
 07-12-16,13:49:31,Ch6,T. OVER
 07-12-16,13:50:32,Ch6,T. OVER
 07-12-16,13:51:32,Ch6,T. OVER
 07-12-16,13:52:32,Ch6,T. OVER
 07-12-16,13:53:32,Ch6,T. OVER
 07-12-16,13:54:32,Ch6,T. OVER
 07-12-16,13:55:32,Ch6,T. OVER
 07-12-16,13:56:32,Ch6,T. OVER
 07-12-16,13:57:33,Ch6,T. OVER
 07-12-16,13:58:33,Ch6,T. OVER
 07-12-16,13:59:33,Ch6,T. OVER
 07-12-16,14:00:33,Ch6,T. OVER
 07-12-16,14:01:33,Ch6,T. OVER
 07-12-16,14:02:33,Ch6,T. OVER
 07-12-16,14:03:33,Ch6,T. OVER
 07-12-16,14:04:34,Ch6,T. OVER
 07-12-16,14:05:34,Ch6,T. OVER
 07-12-16,14:06:34,Ch6,T. OVER
 07-12-16,14:07:34,Ch6,T. OVER
 07-12-16,14:08:34,Ch6,T. OVER
 07-12-16,14:09:34,Ch6,T. OVER
 07-12-16,14:10:35,Ch6,T. OVER
 07-12-16,14:11:35,Ch6,T. OVER
 07-12-16,14:12:35,Ch6,T. OVER
 07-12-16,14:13:35,Ch6,T. OVER
 07-12-16,14:14:35,Ch6,T. OVER
 07-12-16,14:15:35,Ch6,T. OVER
 07-12-16,14:16:36,Ch6,T. OVER
 07-12-16,14:17:36,Ch6,T. OVER
 07-12-16,14:18:36,Ch6,T. OVER
 07-12-16,14:19:36,Ch6,T. OVER
 07-12-16,14:20:36,Ch6,T. OVER
 07-12-16,14:21:37,Ch6,T. OVER
 07-12-16,14:22:37,Ch6,T. OVER
 07-12-16,14:23:37,Ch6,T. OVER
 07-12-16,14:24:37,Ch6,VMIX OVL,VDIF OVL,T. OVER
 07-12-16,14:25:38,Ch6,T. OVER
 07-12-16,14:26:38,Ch6,T. OVER
 07-12-16,14:27:38,Ch6,T. OVER
 07-12-16,14:28:38,Ch6,T. OVER
 07-12-16,14:29:38,Ch6,T. OVER
 07-12-16,14:30:39,Ch6,T. OVER
 07-12-16,14:31:39,Ch6,T. OVER
 07-12-16,14:32:39,Ch6,T. OVER
 07-12-16,14:33:39,Ch6,T. OVER
 07-12-16,14:34:39,Ch6,T. OVER
 07-12-16,14:35:39,Ch6,T. OVER
 07-12-16,14:36:39,Ch6,T. OVER
 07-12-16,14:37:40,Ch6,T. OVER
 07-12-16,14:38:40,Ch6,T. OVER
 07-12-16,14:39:40,Ch6,T. OVER
 07-12-16,14:40:40,Ch6,T. OVER
 07-12-16,14:41:40,Ch6,T. OVER
 07-12-16,14:42:41,Ch6,T. OVER
 07-12-16,14:43:41,Ch6,T. OVER
 07-12-16,14:44:41,Ch6,T. OVER
 07-12-16,14:45:41,Ch6,T. OVER
 07-12-16,14:46:41,Ch6,T. OVER
 07-12-16,14:47:42,Ch6,T. OVER
 07-12-16,14:48:42,Ch6,T. OVER
 07-12-16,14:49:42,Ch6,T. OVER
 07-12-16,14:50:42,Ch6,T. OVER
 07-12-16,14:51:42,Ch6,T. OVER
 07-12-16,14:52:42,Ch6,T. OVER
 07-12-16,14:53:43,Ch6,T. OVER
 07-12-16,14:54:43,Ch6,T. OVER
 07-12-16,14:55:43,Ch6,T. OVER
 07-12-16,14:56:43,Ch6,T. OVER
 07-12-16,14:57:44,Ch6,T. OVER
 07-12-16,14:58:44,Ch6,T. OVER
 07-12-16,14:59:44,Ch6,T. OVER
 07-12-16,15:00:44,Ch6,T. OVER
 07-12-16,15:01:44,Ch6,T. OVER
 07-12-16,15:02:44,Ch6,T. OVER
 07-12-16,15:03:44,Ch6,T. OVER
 07-12-16,15:04:45,Ch6,T. OVER
 07-12-16,15:05:45,Ch6,T. OVER
 07-12-16,15:06:45,Ch6,T. OVER
 07-12-16,15:07:45,Ch6,T. OVER
 07-12-16,15:08:45,Ch6,T. OVER
 07-12-16,15:09:46,Ch6,T. OVER
 07-12-16,15:10:46,Ch6,T. OVER
 07-12-16,15:11:46,Ch6,T. OVER
 07-12-16,15:12:46,Ch6,T. OVER
 07-12-16,15:13:47,Ch6,T. OVER
 07-12-16,15:14:47,Ch6,T. OVER
 07-12-16,15:15:47,Ch6,T. OVER
 07-12-16,15:16:47,Ch6,T. OVER
 07-12-16,15:17:47,Ch6,T. OVER
 07-12-16,15:18:48,Ch6,T. OVER
 07-12-16,15:19:48,Ch6,T. OVER
 07-12-16,15:20:48,Ch6,T. OVER
 07-12-16,15:21:48,Ch6,T. OVER
 07-12-16,15:22:48,Ch6,T. OVER
 07-12-16,15:23:49,Ch6,T. OVER
 07-12-16,15:24:49,Ch6,T. OVER
 07-12-16,15:25:49,Ch6,T. OVER
 07-12-16,15:26:49,Ch6,T. OVER
 07-12-16,15:27:49,Ch6,T. OVER
 07-12-16,15:28:50,Ch6,T. OVER
 07-12-16,15:29:50,Ch6,T. OVER
 07-12-16,15:30:50,Ch6,T. OVER
 07-12-16,15:31:50,Ch6,T. OVER
 07-12-16,15:32:50,Ch6,T. OVER
 07-12-16,15:33:50,Ch6,T. OVER
 07-12-16,15:34:50,Ch6,T. OVER
 07-12-16,15:35:51,Ch6,T. OVER
 07-12-16,15:36:51,Ch6,T. OVER
 07-12-16,15:37:51,Ch6,T. OVER
 07-12-16,15:38:51,Ch6,T. OVER
 07-12-16,15:39:51,Ch6,T. OVER
 07-12-16,15:40:52,Ch6,T. OVER
 07-12-16,15:41:52,Ch6,T. OVER
 07-12-16,15:42:52,Ch6,T. OVER
 07-12-16,15:43:52,Ch6,T. OVER
 07-12-16,15:44:52,Ch6,T. OVER
 07-12-16,15:45:52,Ch6,T. OVER
 07-12-16,15:46:53,Ch6,T. OVER
 07-12-16,15:47:53,Ch6,T. OVER
 07-12-16,15:48:53,Ch6,T. OVER
 07-12-16,15:49:53,Ch6,T. OVER
 07-12-16,15:50:54,Ch6,T. OVER
 07-12-16,15:51:54,Ch6,T. OVER
 07-12-16,15:52:54,Ch6,T. OVER
 07-12-16,15:53:54,Ch6,T. OVER
 07-12-16,15:54:54,Ch6,T. OVER
 07-12-16,15:55:55,Ch6,T. OVER
 07-12-16,15:56:55,Ch6,T. OVER
 07-12-16,15:57:55,Ch6,T. OVER
 07-12-16,15:58:55,Ch6,T. OVER
 07-12-16,15:59:55,Ch6,T. OVER
 07-12-16,16:00:55,Ch6,T. OVER
 07-12-16,16:01:56,Ch6,T. OVER
 07-12-16,16:02:56,Ch6,T. OVER
 07-12-16,16:03:56,Ch6,T. OVER
 07-12-16,16:04:57,Ch6,T. OVER
 07-12-16,16:05:57,Ch6,T. OVER
 07-12-16,16:06:57,Ch6,T. OVER
 07-12-16,16:07:57,Ch6,T. OVER
 07-12-16,16:08:57,Ch6,T. OVER
 07-12-16,16:09:58,Ch6,T. OVER
 07-12-16,16:10:58,Ch6,T. OVER
 07-12-16,16:11:58,Ch6,T. OVER
 07-12-16,16:12:58,Ch6,T. OVER
 07-12-16,16:13:58,Ch6,T. OVER
 07-12-16,16:14:58,Ch6,T. OVER
 07-12-16,16:15:58,Ch6,T. OVER
 07-12-16,16:16:59,Ch6,T. OVER
 07-12-16,16:17:59,Ch6,T. OVER
 07-12-16,16:18:59,Ch6,T. OVER
 07-12-16,16:19:59,Ch6,T. OVER
 07-12-16,16:20:59,Ch6,T. OVER
 07-12-16,16:22:00,Ch6,T. OVER
 07-12-16,16:23:00,Ch6,T. OVER
 07-12-16,16:24:00,Ch6,T. OVER
 07-12-16,16:25:00,Ch6,T. OVER
 07-12-16,16:26:00,Ch6,T. OVER
 07-12-16,16:27:00,Ch6,T. OVER
 07-12-16,16:28:00,Ch6,T. OVER
 07-12-16,16:29:01,Ch6,T. OVER
 07-12-16,16:30:01,Ch6,T. OVER
 07-12-16,16:31:01,Ch6,T. OVER
 07-12-16,16:32:01,Ch6,T. OVER
 07-12-16,16:33:01,Ch6,T. OVER
 07-12-16,16:34:01,Ch6,T. OVER
 07-12-16,16:35:02,Ch6,T. OVER
 07-12-16,16:36:02,Ch6,T. OVER
 07-12-16,16:37:02,Ch6,T. OVER
 07-12-16,16:38:02,Ch6,T. OVER
 07-12-16,16:39:02,Ch6,T. OVER
 07-12-16,16:40:03,Ch6,T. OVER
 07-12-16,16:41:03,Ch6,T. OVER
 07-12-16,16:42:03,Ch6,T. OVER
 07-12-16,16:43:03,Ch6,T. OVER
 07-12-16,16:44:03,Ch6,T. OVER
 07-12-16,16:45:04,Ch6,T. OVER
 07-12-16,16:46:04,Ch6,T. OVER
 07-12-16,16:47:04,Ch6,T. OVER
 07-12-16,16:48:04,Ch6,T. OVER
 07-12-16,16:49:04,Ch6,T. OVER
 07-12-16,16:50:04,Ch6,T. OVER
 07-12-16,16:51:04,Ch6,T. OVER
 07-12-16,16:52:04,Ch6,T. OVER
 07-12-16,16:53:05,Ch6,T. OVER
 07-12-16,16:54:05,Ch6,T. OVER
 07-12-16,16:55:05,Ch6,T. OVER
 07-12-16,16:56:05,Ch6,T. OVER
 07-12-16,16:57:05,Ch6,T. OVER
 07-12-16,16:58:06,Ch6,T. OVER
 07-12-16,16:59:06,Ch6,T. OVER
 07-12-16,17:00:06,Ch6,T. OVER
 07-12-16,17:01:06,Ch6,T. OVER
 07-12-16,17:02:06,Ch6,T. OVER
 07-12-16,17:03:07,Ch6,T. OVER
 07-12-16,17:04:07,Ch6,T. OVER
 07-12-16,17:05:07,Ch6,T. OVER
 07-12-16,17:06:07,Ch6,T. OVER
 07-12-16,17:07:07,Ch6,T. OVER
 07-12-16,17:08:08,Ch6,T. OVER
 07-12-16,17:09:08,Ch6,T. OVER
 07-12-16,17:10:08,Ch6,T. OVER
 07-12-16,17:11:08,Ch6,T. OVER
 07-12-16,17:12:08,Ch6,T. OVER
 07-12-16,17:13:08,Ch6,T. OVER
 07-12-16,17:14:08,Ch6,T. OVER
 07-12-16,17:15:09,Ch6,T. OVER
 07-12-16,17:16:09,Ch6,T. OVER
 07-12-16,17:17:09,Ch6,T. OVER
 07-12-16,17:18:09,Ch6,T. OVER
 07-12-16,17:19:09,Ch6,T. OVER
 07-12-16,17:20:09,Ch6,T. OVER
 07-12-16,17:21:10,Ch6,T. OVER
 07-12-16,17:22:10,Ch6,T. OVER
 07-12-16,17:23:10,Ch6,T. OVER
 07-12-16,17:24:10,Ch6,T. OVER
 07-12-16,17:25:10,Ch6,T. OVER
 07-12-16,17:26:11,Ch6,T. OVER
 07-12-16,17:27:11,Ch6,T. OVER
 07-12-16,17:28:11,Ch6,T. OVER
 07-12-16,17:29:11,Ch6,T. OVER
 07-12-16,17:30:11,Ch6,T. OVER
 07-12-16,17:31:12,Ch6,T. OVER
 07-12-16,17:32:12,Ch6,T. OVER
 07-12-16,17:33:12,Ch6,T. OVER
 07-12-16,17:34:12,Ch6,T. OVER
 07-12-16,17:35:12,Ch6,T. OVER
 07-12-16,17:36:13,Ch6,T. OVER
 07-12-16,17:37:13,Ch6,T. OVER
 07-12-16,17:38:13,Ch6,T. OVER
 07-12-16,17:39:13,Ch6,T. OVER
 07-12-16,17:40:13,Ch6,T. OVER
 07-12-16,17:41:13,Ch6,T. OVER
 07-12-16,17:42:13,Ch6,T. OVER
 07-12-16,17:43:14,Ch6,T. OVER
 07-12-16,17:44:14,Ch6,T. OVER
 07-12-16,17:45:14,Ch6,T. OVER
 07-12-16,17:46:14,Ch6,T. OVER
 07-12-16,17:47:14,Ch6,T. OVER
 07-12-16,17:48:14,Ch6,T. OVER
 07-12-16,17:49:15,Ch6,T. OVER
 07-12-16,17:50:15,Ch6,T. OVER
 07-12-16,17:51:15,Ch6,T. OVER
 07-12-16,17:52:15,Ch6,T. OVER
 07-12-16,17:53:15,Ch6,T. OVER
 07-12-16,17:54:16,Ch6,T. OVER
 07-12-16,17:55:16,Ch6,T. OVER
 07-12-16,17:56:16,Ch6,T. OVER
 07-12-16,17:57:16,Ch6,T. OVER
 07-12-16,17:58:16,Ch6,T. OVER
 07-12-16,17:59:17,Ch6,T. OVER
 07-12-16,18:00:17,Ch6,T. OVER
 07-12-16,18:01:17,Ch6,T. OVER
 07-12-16,18:02:17,Ch6,T. OVER
 07-12-16,18:03:17,Ch6,T. OVER
 07-12-16,18:04:18,Ch6,T. OVER
 07-12-16,18:05:18,Ch6,T. OVER
 07-12-16,18:06:18,Ch6,T. OVER
 07-12-16,18:07:18,Ch6,T. OVER
 07-12-16,18:08:18,Ch6,T. OVER
 07-12-16,18:09:18,Ch6,T. OVER
 07-12-16,18:10:19,Ch6,T. OVER
 07-12-16,18:11:19,Ch6,T. OVER
 07-12-16,18:12:19,Ch6,T. OVER
 07-12-16,18:13:19,Ch6,T. OVER
 07-12-16,18:14:20,Ch6,T. OVER
 07-12-16,18:15:20,Ch6,T. OVER
 07-12-16,18:16:20,Ch6,T. OVER
 07-12-16,18:17:20,Ch6,T. OVER
 07-12-16,18:18:21,Ch6,T. OVER
 07-12-16,18:19:21,Ch6,T. OVER
 07-12-16,18:20:21,Ch6,T. OVER
 07-12-16,18:21:21,Ch6,T. OVER
 07-12-16,18:22:22,Ch6,T. OVER
 07-12-16,18:23:22,Ch6,T. OVER
 07-12-16,18:24:22,Ch6,T. OVER
 07-12-16,18:25:22,Ch6,T. OVER
 07-12-16,18:26:22,Ch6,T. OVER
 07-12-16,18:27:22,Ch6,T. OVER
 07-12-16,18:28:23,Ch6,T. OVER
 07-12-16,18:29:23,Ch6,T. OVER
 07-12-16,18:30:23,Ch6,T. OVER
 07-12-16,18:31:23,Ch6,T. OVER
 07-12-16,18:32:23,Ch6,T. OVER
 07-12-16,18:33:24,Ch6,T. OVER
 07-12-16,18:34:24,Ch6,T. OVER
 07-12-16,18:35:24,Ch6,T. OVER
 07-12-16,18:36:24,Ch6,T. OVER
 07-12-16,18:37:24,Ch6,T. OVER
 07-12-16,18:38:24,Ch6,T. OVER
 07-12-16,18:39:24,Ch6,T. OVER
 07-12-16,18:40:25,Ch6,T. OVER
 07-12-16,18:41:25,Ch6,T. OVER
 07-12-16,18:42:25,Ch6,T. OVER
 07-12-16,18:43:25,Ch6,T. OVER
 07-12-16,18:44:25,Ch6,T. OVER
 07-12-16,18:45:25,Ch6,T. OVER
 07-12-16,18:46:25,Ch6,T. OVER
 07-12-16,18:47:26,Ch6,T. OVER
 07-12-16,18:48:26,Ch6,T. OVER
 07-12-16,18:49:26,Ch6,T. OVER
 07-12-16,18:50:26,Ch6,T. OVER
 07-12-16,18:51:26,Ch6,T. OVER
 07-12-16,18:52:26,Ch6,T. OVER
 07-12-16,18:53:27,Ch6,T. OVER
 07-12-16,18:54:27,Ch6,T. OVER
 07-12-16,18:55:27,Ch6,T. OVER
 07-12-16,18:56:27,Ch6,T. OVER
 07-12-16,18:57:27,Ch6,T. OVER
 07-12-16,18:58:27,Ch6,T. OVER
 07-12-16,18:59:28,Ch6,T. OVER
 07-12-16,19:00:28,Ch6,T. OVER
 07-12-16,19:01:28,Ch6,T. OVER
 07-12-16,19:02:28,Ch6,T. OVER
 07-12-16,19:03:28,Ch6,T. OVER
 07-12-16,19:04:29,Ch6,T. OVER
 07-12-16,19:05:29,Ch6,T. OVER
 07-12-16,19:06:29,Ch6,T. OVER
 07-12-16,19:07:29,Ch6,T. OVER
 07-12-16,19:08:29,Ch6,T. OVER
 07-12-16,19:09:30,Ch6,T. OVER
 07-12-16,19:10:30,Ch6,T. OVER
 07-12-16,19:11:30,Ch6,T. OVER
 07-12-16,19:12:30,Ch6,T. OVER
 07-12-16,19:13:31,Ch6,T. OVER
 07-12-16,19:14:31,Ch6,T. OVER
 07-12-16,19:15:31,Ch6,T. OVER
 07-12-16,19:16:31,Ch6,T. OVER
 07-12-16,19:17:31,Ch6,T. OVER
 07-12-16,19:18:31,Ch6,T. OVER
 07-12-16,19:19:32,Ch1,VDIF OVL 07-12-16,19:19:32,Ch6,T. OVER
 07-12-16,19:20:32,Ch6,T. OVER
 07-12-16,19:21:32,Ch6,T. OVER
 07-12-16,19:22:32,Ch6,T. OVER
 07-12-16,19:23:32,Ch6,T. OVER
 07-12-16,19:24:33,Ch6,T. OVER
 07-12-16,19:25:33,Ch6,T. OVER
 07-12-16,19:26:33,Ch6,T. OVER
 07-12-16,19:27:33,Ch6,T. OVER
 07-12-16,19:28:33,Ch6,T. OVER
 07-12-16,19:29:34,Ch6,T. OVER
 07-12-16,19:30:34,Ch6,T. OVER
 07-12-16,19:31:34,Ch6,T. OVER
 07-12-16,19:32:34,Ch6,T. OVER
 07-12-16,19:33:34,Ch6,T. OVER
 07-12-16,19:34:34,Ch6,T. OVER
 07-12-16,19:35:35,Ch6,T. OVER
 07-12-16,19:36:35,Ch6,T. OVER
 07-12-16,19:37:35,Ch6,T. OVER
 07-12-16,19:38:35,Ch6,T. OVER
 07-12-16,19:39:35,Ch6,T. OVER
 07-12-16,19:40:36,Ch6,T. OVER
 07-12-16,19:41:36,Ch6,T. OVER
 07-12-16,19:42:36,Ch6,T. OVER
 07-12-16,19:43:36,Ch6,T. OVER
 07-12-16,19:44:36,Ch6,T. OVER
 07-12-16,19:45:36,Ch6,T. OVER
 07-12-16,19:46:37,Ch6,T. OVER
 07-12-16,19:47:37,Ch6,T. OVER
 07-12-16,19:48:37,Ch6,T. OVER
 07-12-16,19:49:37,Ch6,T. OVER
 07-12-16,19:50:37,Ch6,T. OVER
 07-12-16,19:51:38,Ch6,T. OVER
 07-12-16,19:52:38,Ch6,T. OVER
 07-12-16,19:53:38,Ch6,T. OVER
 07-12-16,19:54:38,Ch6,T. OVER
 07-12-16,19:55:38,Ch6,T. OVER
 07-12-16,19:56:38,Ch6,T. OVER
 07-12-16,19:57:39,Ch6,T. OVER
 07-12-16,19:58:39,Ch6,T. OVER
 07-12-16,19:59:39,Ch6,T. OVER
 07-12-16,20:00:39,Ch6,T. OVER
 07-12-16,20:01:39,Ch6,T. OVER
 07-12-16,20:02:39,Ch6,T. OVER
 07-12-16,20:03:39,Ch6,T. OVER
 07-12-16,20:04:39,Ch6,T. OVER
 07-12-16,20:05:40,Ch6,T. OVER
 07-12-16,20:06:40,Ch6,T. OVER
 07-12-16,20:07:40,Ch6,T. OVER
 07-12-16,20:08:40,Ch6,T. OVER
 07-12-16,20:09:40,Ch6,T. OVER
 07-12-16,20:10:41,Ch6,T. OVER
 07-12-16,20:11:41,Ch6,T. OVER
 07-12-16,20:12:41,Ch6,T. OVER
 07-12-16,20:13:41,Ch6,T. OVER
 07-12-16,20:14:41,Ch6,T. OVER
 07-12-16,20:15:41,Ch6,T. OVER
 07-12-16,20:16:41,Ch6,T. OVER
 07-12-16,20:17:42,Ch6,T. OVER
 07-12-16,20:18:42,Ch6,T. OVER
 07-12-16,20:19:42,Ch6,T. OVER
 07-12-16,20:20:42,Ch6,T. OVER
 07-12-16,20:21:42,Ch6,T. OVER
 07-12-16,20:22:43,Ch6,T. OVER
 07-12-16,20:23:43,Ch6,T. OVER
 07-12-16,20:24:43,Ch6,T. OVER
 07-12-16,20:25:43,Ch6,T. OVER
 07-12-16,20:26:43,Ch6,T. OVER
 07-12-16,20:27:44,Ch6,T. OVER
 07-12-16,20:28:44,Ch6,T. OVER
 07-12-16,20:29:44,Ch6,T. OVER
 07-12-16,20:30:44,Ch6,T. OVER
 07-12-16,20:31:44,Ch6,T. OVER
 07-12-16,20:32:45,Ch6,T. OVER
 07-12-16,20:33:45,Ch6,T. OVER
 07-12-16,20:34:45,Ch6,T. OVER
 07-12-16,20:35:45,Ch6,T. OVER
 07-12-16,20:36:46,Ch6,T. OVER
 07-12-16,20:37:46,Ch6,T. OVER
 07-12-16,20:38:46,Ch6,T. OVER
 07-12-16,20:39:46,Ch6,T. OVER
 07-12-16,20:40:46,Ch6,T. OVER
 07-12-16,20:41:46,Ch6,T. OVER
 07-12-16,20:42:47,Ch6,T. OVER
 07-12-16,20:43:47,Ch6,T. OVER
 07-12-16,20:44:47,Ch6,T. OVER
 07-12-16,20:45:47,Ch6,T. OVER
 07-12-16,20:46:47,Ch6,T. OVER
 07-12-16,20:47:48,Ch6,T. OVER
 07-12-16,20:48:48,Ch6,T. OVER
 07-12-16,20:49:48,Ch6,T. OVER
 07-12-16,20:50:48,Ch6,T. OVER
 07-12-16,20:51:48,Ch6,T. OVER
 07-12-16,20:52:48,Ch6,T. OVER
 07-12-16,20:53:48,Ch6,T. OVER
 07-12-16,20:54:49,Ch6,T. OVER
 07-12-16,20:55:49,Ch6,T. OVER
 07-12-16,20:56:49,Ch6,T. OVER
 07-12-16,20:57:49,Ch6,T. OVER
 07-12-16,20:58:49,Ch6,T. OVER
 07-12-16,20:59:49,Ch6,T. OVER
 07-12-16,21:00:50,Ch6,T. OVER
 07-12-16,21:01:50,Ch6,T. OVER
 07-12-16,21:02:50,Ch6,T. OVER
 07-12-16,21:03:50,Ch6,T. OVER
 07-12-16,21:04:50,Ch6,T. OVER
 07-12-16,21:05:50,Ch6,T. OVER
 07-12-16,21:06:51,Ch6,T. OVER
 07-12-16,21:07:51,Ch6,T. OVER
 07-12-16,21:08:51,Ch6,T. OVER
 07-12-16,21:09:51,Ch6,T. OVER
 07-12-16,21:10:51,Ch6,T. OVER
 07-12-16,21:11:51,Ch6,T. OVER
 07-12-16,21:12:51,Ch6,T. OVER
 07-12-16,21:13:51,Ch6,T. OVER
 07-12-16,21:14:51,Ch6,T. OVER
 07-12-16,21:15:51,Ch6,T. OVER
 07-12-16,21:16:52,Ch6,T. OVER
 07-12-16,21:17:52,Ch6,T. OVER
 07-12-16,21:18:52,Ch6,T. OVER
 07-12-16,21:19:52,Ch6,T. OVER
 07-12-16,21:20:53,Ch6,T. OVER
 07-12-16,21:21:53,Ch6,T. OVER
 07-12-16,21:22:53,Ch6,T. OVER
 07-12-16,21:23:53,Ch6,T. OVER
 07-12-16,21:24:54,Ch6,T. OVER
 07-12-16,21:25:54,Ch6,T. OVER
 07-12-16,21:26:54,Ch6,T. OVER
 07-12-16,21:27:54,Ch6,T. OVER
 07-12-16,21:28:54,Ch6,T. OVER
 07-12-16,21:29:55,Ch6,T. OVER
 07-12-16,21:30:55,Ch6,T. OVER
 07-12-16,21:31:55,Ch6,T. OVER
 07-12-16,21:32:55,Ch6,T. OVER
 07-12-16,21:33:55,Ch6,T. OVER
 07-12-16,21:34:56,Ch6,T. OVER
 07-12-16,21:35:56,Ch6,T. OVER
 07-12-16,21:36:56,Ch6,T. OVER
 07-12-16,21:37:56,Ch6,T. OVER
 07-12-16,21:38:56,Ch6,T. OVER
 07-12-16,21:39:57,Ch6,T. OVER
 07-12-16,21:40:57,Ch6,T. OVER
 07-12-16,21:41:57,Ch6,T. OVER
 07-12-16,21:42:57,Ch6,T. OVER
 07-12-16,21:43:57,Ch6,T. OVER
 07-12-16,21:44:57,Ch6,T. OVER
 07-12-16,21:45:58,Ch6,T. OVER
 07-12-16,21:46:58,Ch6,T. OVER
 07-12-16,21:47:58,Ch6,T. OVER
 07-12-16,21:48:58,Ch6,T. OVER
 07-12-16,21:49:58,Ch6,T. OVER
 07-12-16,21:50:58,Ch6,T. OVER
 07-12-16,21:51:58,Ch6,T. OVER
 07-12-16,21:52:58,Ch6,T. OVER
 07-12-16,21:53:59,Ch6,T. OVER
 07-12-16,21:54:59,Ch6,T. OVER
 07-12-16,21:55:59,Ch6,T. OVER
 07-12-16,21:56:59,Ch6,T. OVER
 07-12-16,21:57:59,Ch6,T. OVER
 07-12-16,21:59:00,Ch6,T. OVER
 07-12-16,22:00:00,Ch6,T. OVER
 07-12-16,22:01:00,Ch6,T. OVER
 07-12-16,22:02:00,Ch6,T. OVER
 07-12-16,22:03:00,Ch6,T. OVER
 07-12-16,22:04:00,Ch6,T. OVER
 07-12-16,22:05:01,Ch6,T. OVER
 07-12-16,22:06:01,Ch6,T. OVER
 07-12-16,22:07:01,Ch6,T. OVER
 07-12-16,22:08:01,Ch6,T. OVER
 07-12-16,22:09:01,Ch6,T. OVER
 07-12-16,22:10:02,Ch6,T. OVER
 07-12-16,22:11:02,Ch6,T. OVER
 07-12-16,22:12:02,Ch6,T. OVER
 07-12-16,22:13:02,Ch6,T. OVER
 07-12-16,22:14:02,Ch6,T. OVER
 07-12-16,22:15:03,Ch6,T. OVER
 07-12-16,22:16:03,Ch6,T. OVER
 07-12-16,22:17:03,Ch6,T. OVER
 07-12-16,22:18:03,Ch6,T. OVER
 07-12-16,22:19:03,Ch6,T. OVER
 07-12-16,22:20:04,Ch6,T. OVER
 07-12-16,22:21:04,Ch6,T. OVER
 07-12-16,22:22:04,Ch6,T. OVER
 07-12-16,22:23:04,Ch6,T. OVER
 07-12-16,22:24:05,Ch6,T. OVER
 07-12-16,22:25:05,Ch6,T. OVER
 07-12-16,22:26:05,Ch6,T. OVER
 07-12-16,22:27:05,Ch6,T. OVER
 07-12-16,22:28:05,Ch6,T. OVER
 07-12-16,22:29:06,Ch6,T. OVER
 07-12-16,22:30:06,Ch6,T. OVER
 07-12-16,22:31:06,Ch6,T. OVER
 07-12-16,22:32:06,Ch6,T. OVER
 07-12-16,22:33:06,Ch6,T. OVER
 07-12-16,22:34:07,Ch6,T. OVER
 07-12-16,22:35:07,Ch6,T. OVER
 07-12-16,22:36:07,Ch6,T. OVER
 07-12-16,22:37:07,Ch6,T. OVER
 07-12-16,22:38:07,Ch6,T. OVER
 07-12-16,22:39:08,Ch6,T. OVER
 07-12-16,22:40:08,Ch6,T. OVER
 07-12-16,22:41:08,Ch6,T. OVER
 07-12-16,22:42:08,Ch6,T. OVER
 07-12-16,22:43:08,Ch6,T. OVER
 07-12-16,22:44:09,Ch6,T. OVER
 07-12-16,22:45:09,Ch6,T. OVER
 07-12-16,22:46:09,Ch6,T. OVER
 07-12-16,22:47:09,Ch6,T. OVER
 07-12-16,22:48:09,Ch6,T. OVER
 07-12-16,22:49:10,Ch6,T. OVER
 07-12-16,22:50:10,Ch6,T. OVER
 07-12-16,22:51:10,Ch6,T. OVER
 07-12-16,22:52:10,Ch6,T. OVER
 07-12-16,22:53:10,Ch6,T. OVER
 07-12-16,22:54:10,Ch6,T. OVER
 07-12-16,22:55:11,Ch6,T. OVER
 07-12-16,22:56:11,Ch6,T. OVER
 07-12-16,22:57:11,Ch6,T. OVER
 07-12-16,22:58:11,Ch6,T. OVER
 07-12-16,22:59:11,Ch6,T. OVER
 07-12-16,23:00:11,Ch6,T. OVER
 07-12-16,23:01:12,Ch6,T. OVER
 07-12-16,23:02:12,Ch6,T. OVER
 07-12-16,23:03:12,Ch6,T. OVER
 07-12-16,23:04:12,Ch6,T. OVER
 07-12-16,23:05:12,Ch6,T. OVER
 07-12-16,23:06:13,Ch6,T. OVER
 07-12-16,23:07:13,Ch6,T. OVER
 07-12-16,23:08:13,Ch6,T. OVER
 07-12-16,23:09:13,Ch6,T. OVER
 07-12-16,23:10:13,Ch6,T. OVER
 07-12-16,23:11:13,Ch6,T. OVER
 07-12-16,23:12:13,Ch6,T. OVER
 07-12-16,23:13:13,Ch6,T. OVER
 07-12-16,23:14:14,Ch6,T. OVER
 07-12-16,23:15:14,Ch6,T. OVER
 07-12-16,23:16:14,Ch6,T. OVER
 07-12-16,23:17:14,Ch6,T. OVER
 07-12-16,23:18:14,Ch6,T. OVER
 07-12-16,23:19:14,Ch6,T. OVER
 07-12-16,23:20:15,Ch6,T. OVER
 07-12-16,23:21:15,Ch6,T. OVER
 07-12-16,23:22:15,Ch6,T. OVER
 07-12-16,23:23:15,Ch6,T. OVER
 07-12-16,23:24:15,Ch6,T. OVER
 07-12-16,23:25:15,Ch6,T. OVER
 07-12-16,23:26:16,Ch6,T. OVER
 07-12-16,23:27:16,Ch6,T. OVER
 07-12-16,23:28:16,Ch6,T. OVER
 07-12-16,23:29:16,Ch6,T. OVER
 07-12-16,23:30:16,Ch6,T. OVER
 07-12-16,23:31:17,Ch6,T. OVER
 07-12-16,23:32:17,Ch6,T. OVER
 07-12-16,23:33:17,Ch6,T. OVER
 07-12-16,23:34:17,Ch6,T. OVER
 07-12-16,23:35:17,Ch6,T. OVER
 07-12-16,23:36:17,Ch6,T. OVER
 07-12-16,23:37:17,Ch6,T. OVER
 07-12-16,23:38:17,Ch6,T. OVER
 07-12-16,23:39:18,Ch6,T. OVER
 07-12-16,23:40:18,Ch6,T. OVER
 07-12-16,23:41:18,Ch6,T. OVER
 07-12-16,23:42:18,Ch6,T. OVER
 07-12-16,23:43:18,Ch6,T. OVER
 07-12-16,23:44:18,Ch6,T. OVER
 07-12-16,23:45:18,Ch6,T. OVER
 07-12-16,23:46:19,Ch6,T. OVER
 07-12-16,23:47:19,Ch6,T. OVER
 07-12-16,23:48:19,Ch6,T. OVER
 07-12-16,23:49:19,Ch6,T. OVER
 07-12-16,23:50:19,Ch6,T. OVER
 07-12-16,23:51:19,Ch6,T. OVER
 07-12-16,23:52:19,Ch6,T. OVER
 07-12-16,23:53:20,Ch6,T. OVER
 07-12-16,23:54:20,Ch6,T. OVER
 07-12-16,23:55:20,Ch6,T. OVER
 07-12-16,23:56:20,Ch6,T. OVER
 07-12-16,23:57:20,Ch6,T. OVER
 07-12-16,23:58:21,Ch6,T. OVER
 07-12-16,23:59:21,Ch6,T. OVER
