 28-10-17,00:11:41,Ch2,VDIF OVL
 28-10-17,00:12:41,Ch6,VMIX OVL
 28-10-17,01:36:52,Ch1,VDIF OVL
 28-10-17,03:11:04,Ch2,VDIF OVL
 28-10-17,03:54:10,Ch6,VMIX OVL,VDIF OVL
 28-10-17,05:20:23,Ch6,VMIX OVL,VDIF OVL
 28-10-17,08:46:58,Ch6,T. OVER
 28-10-17,08:48:58,Ch6,T. OVER
 28-10-17,08:49:58,Ch6,T. OVER
 28-10-17,08:51:59,Ch6,T. OVER
 28-10-17,08:52:59,Ch6,T. OVER
 28-10-17,08:53:59,Ch6,T. OVER
 28-10-17,08:54:59,Ch6,T. OVER
 28-10-17,08:55:59,Ch1,VDIF OVL
 28-10-17,08:57:00,Ch6,T. OVER
 28-10-17,08:58:00,Ch6,T. OVER
 28-10-17,08:59:00,Ch6,T. OVER
 28-10-17,09:00:00,Ch6,T. OVER
 28-10-17,09:01:00,Ch6,T. OVER
 28-10-17,09:02:00,Ch6,T. OVER
 28-10-17,09:03:00,Ch6,T. OVER
 28-10-17,09:04:01,Ch6,T. OVER
 28-10-17,09:05:01,Ch6,T. OVER
 28-10-17,09:06:01,Ch6,T. OVER
 28-10-17,09:07:01,Ch6,T. OVER
 28-10-17,09:08:01,Ch6,T. OVER
 28-10-17,09:09:01,Ch6,T. OVER
 28-10-17,09:10:02,Ch6,T. OVER
 28-10-17,09:11:02,Ch6,T. OVER
 28-10-17,09:12:02,Ch6,T. OVER
 28-10-17,09:13:02,Ch6,T. OVER
 28-10-17,09:14:02,Ch6,T. OVER
 28-10-17,09:15:02,Ch6,T. OVER
 28-10-17,09:16:03,Ch6,T. OVER
 28-10-17,09:17:03,Ch6,T. OVER
 28-10-17,09:18:03,Ch6,T. OVER
 28-10-17,09:19:03,Ch6,T. OVER
 28-10-17,09:20:03,Ch6,T. OVER
 28-10-17,09:21:03,Ch6,T. OVER
 28-10-17,09:22:04,Ch6,T. OVER
 28-10-17,09:23:04,Ch6,T. OVER
 28-10-17,09:24:04,Ch6,T. OVER
 28-10-17,09:25:04,Ch6,T. OVER
 28-10-17,09:26:04,Ch6,T. OVER
 28-10-17,09:27:04,Ch6,T. OVER
 28-10-17,09:28:05,Ch6,T. OVER
 28-10-17,09:29:05,Ch6,T. OVER
 28-10-17,09:30:05,Ch6,T. OVER
 28-10-17,09:31:05,Ch6,T. OVER
 28-10-17,09:32:05,Ch6,T. OVER
 28-10-17,09:33:05,Ch6,T. OVER
 28-10-17,09:34:06,Ch6,T. OVER
 28-10-17,09:35:06,Ch6,T. OVER
 28-10-17,09:36:06,Ch6,T. OVER
 28-10-17,09:37:06,Ch6,T. OVER
 28-10-17,09:38:06,Ch6,T. OVER
 28-10-17,09:39:06,Ch6,T. OVER
 28-10-17,09:40:07,Ch6,T. OVER
 28-10-17,09:41:07,Ch6,T. OVER
 28-10-17,09:42:07,Ch6,T. OVER
 28-10-17,09:43:07,Ch6,T. OVER
 28-10-17,09:44:07,Ch6,T. OVER
 28-10-17,09:45:07,Ch6,T. OVER
 28-10-17,09:46:07,Ch6,T. OVER
 28-10-17,09:47:08,Ch6,T. OVER
 28-10-17,09:48:08,Ch6,T. OVER
 28-10-17,09:49:08,Ch6,T. OVER
 28-10-17,09:50:08,Ch6,T. OVER
 28-10-17,09:51:08,Ch6,T. OVER
 28-10-17,09:52:08,Ch6,T. OVER
 28-10-17,09:53:09,Ch6,T. OVER
 28-10-17,09:54:09,Ch6,T. OVER
 28-10-17,09:55:09,Ch6,T. OVER
 28-10-17,09:56:09,Ch6,T. OVER
 28-10-17,09:57:09,Ch6,T. OVER
 28-10-17,09:58:09,Ch6,T. OVER
 28-10-17,09:59:10,Ch6,T. OVER
 28-10-17,10:00:10,Ch6,T. OVER
 28-10-17,10:01:10,Ch6,T. OVER
 28-10-17,10:02:10,Ch6,T. OVER
 28-10-17,10:03:10,Ch6,T. OVER
 28-10-17,10:04:10,Ch6,T. OVER
 28-10-17,10:05:11,Ch6,T. OVER
 28-10-17,10:06:11,Ch6,T. OVER
 28-10-17,10:07:11,Ch6,T. OVER
 28-10-17,10:08:11,Ch6,T. OVER
 28-10-17,10:09:12,Ch6,T. OVER
 28-10-17,10:10:12,Ch6,T. OVER
 28-10-17,10:11:12,Ch6,T. OVER
 28-10-17,10:12:12,Ch6,T. OVER
 28-10-17,10:13:12,Ch6,T. OVER
 28-10-17,10:14:12,Ch6,T. OVER
 28-10-17,10:15:12,Ch6,T. OVER
 28-10-17,10:16:13,Ch6,T. OVER
 28-10-17,10:17:13,Ch6,T. OVER
 28-10-17,10:18:13,Ch6,T. OVER
 28-10-17,10:19:13,Ch6,T. OVER
 28-10-17,10:20:13,Ch6,T. OVER
 28-10-17,10:21:13,Ch6,T. OVER
 28-10-17,10:22:14,Ch6,T. OVER
 28-10-17,10:23:14,Ch6,T. OVER
 28-10-17,10:24:14,Ch6,T. OVER
 28-10-17,10:25:14,Ch6,T. OVER
 28-10-17,10:26:14,Ch6,T. OVER
 28-10-17,10:27:14,Ch6,T. OVER
 28-10-17,10:28:15,Ch6,T. OVER
 28-10-17,10:29:15,Ch6,T. OVER
 28-10-17,10:30:15,Ch6,T. OVER
 28-10-17,10:31:15,Ch6,T. OVER
 28-10-17,10:32:15,Ch6,T. OVER
 28-10-17,10:33:15,Ch6,T. OVER
 28-10-17,10:34:16,Ch6,T. OVER
 28-10-17,10:35:16,Ch6,T. OVER
 28-10-17,10:36:16,Ch6,T. OVER
 28-10-17,10:37:16,Ch6,T. OVER
 28-10-17,10:38:16,Ch6,T. OVER
 28-10-17,10:39:16,Ch6,T. OVER
 28-10-17,10:40:16,Ch6,T. OVER
 28-10-17,10:41:17,Ch6,T. OVER
 28-10-17,10:42:17,Ch6,T. OVER
 28-10-17,10:43:17,Ch6,T. OVER
 28-10-17,10:44:17,Ch6,T. OVER
 28-10-17,10:45:17,Ch6,T. OVER
 28-10-17,10:46:17,Ch6,T. OVER
 28-10-17,10:47:17,Ch6,T. OVER
 28-10-17,10:48:18,Ch6,T. OVER
 28-10-17,10:49:18,Ch6,T. OVER
 28-10-17,10:50:18,Ch6,T. OVER
 28-10-17,10:51:18,Ch6,T. OVER
 28-10-17,10:52:18,Ch6,T. OVER
 28-10-17,10:53:19,Ch6,T. OVER
 28-10-17,10:54:19,Ch6,T. OVER
 28-10-17,10:55:19,Ch6,T. OVER
 28-10-17,10:56:19,Ch6,T. OVER
 28-10-17,10:57:19,Ch6,T. OVER
 28-10-17,10:58:20,Ch6,T. OVER
 28-10-17,10:59:20,Ch6,T. OVER
 28-10-17,11:00:20,Ch6,T. OVER
 28-10-17,11:01:20,Ch6,T. OVER
 28-10-17,11:02:20,Ch6,T. OVER
 28-10-17,11:03:20,Ch6,T. OVER
 28-10-17,11:04:21,Ch6,T. OVER
 28-10-17,11:05:21,Ch6,T. OVER
 28-10-17,11:06:21,Ch6,T. OVER
 28-10-17,11:07:21,Ch6,T. OVER
 28-10-17,11:08:21,Ch6,T. OVER
 28-10-17,11:09:22,Ch6,T. OVER
 28-10-17,11:10:22,Ch6,T. OVER
 28-10-17,11:11:22,Ch6,T. OVER
 28-10-17,11:12:22,Ch6,T. OVER
 28-10-17,11:13:22,Ch6,T. OVER
 28-10-17,11:14:22,Ch6,T. OVER
 28-10-17,11:15:22,Ch6,T. OVER
 28-10-17,11:16:23,Ch6,T. OVER
 28-10-17,11:17:23,Ch6,T. OVER
 28-10-17,11:18:23,Ch6,T. OVER
 28-10-17,11:19:23,Ch6,T. OVER
 28-10-17,11:20:23,Ch6,T. OVER
 28-10-17,11:21:23,Ch6,T. OVER
 28-10-17,11:22:24,Ch6,T. OVER
 28-10-17,11:23:24,Ch6,T. OVER
 28-10-17,11:24:24,Ch6,T. OVER
 28-10-17,11:25:24,Ch6,T. OVER
 28-10-17,11:26:24,Ch6,T. OVER
 28-10-17,11:27:25,Ch6,T. OVER
 28-10-17,11:28:25,Ch6,T. OVER
 28-10-17,11:29:25,Ch6,T. OVER
 28-10-17,11:30:25,Ch6,T. OVER
 28-10-17,11:31:25,Ch6,T. OVER
 28-10-17,11:32:25,Ch6,T. OVER
 28-10-17,11:33:26,Ch6,T. OVER
 28-10-17,11:34:26,Ch6,T. OVER
 28-10-17,11:35:26,Ch6,T. OVER
 28-10-17,11:36:26,Ch6,T. OVER
 28-10-17,11:37:26,Ch6,T. OVER
 28-10-17,11:38:27,Ch6,T. OVER
 28-10-17,11:39:27,Ch6,T. OVER
 28-10-17,11:40:27,Ch6,T. OVER
 28-10-17,11:41:27,Ch6,T. OVER
 28-10-17,11:42:27,Ch6,T. OVER
 28-10-17,11:43:27,Ch6,T. OVER
 28-10-17,11:44:27,Ch6,T. OVER
 28-10-17,11:45:27,Ch6,T. OVER
 28-10-17,11:46:28,Ch6,T. OVER
 28-10-17,11:47:28,Ch6,T. OVER
 28-10-17,11:48:28,Ch6,T. OVER
 28-10-17,11:49:28,Ch6,T. OVER
 28-10-17,11:50:28,Ch6,T. OVER
 28-10-17,11:51:28,Ch6,T. OVER
 28-10-17,11:52:29,Ch6,T. OVER
 28-10-17,11:53:29,Ch6,T. OVER
 28-10-17,11:54:29,Ch6,T. OVER
 28-10-17,11:55:29,Ch6,T. OVER
 28-10-17,11:56:29,Ch6,T. OVER
 28-10-17,11:57:30,Ch6,T. OVER
 28-10-17,11:58:30,Ch6,T. OVER
 28-10-17,11:59:30,Ch6,T. OVER
 28-10-17,12:00:30,Ch6,T. OVER
 28-10-17,12:01:30,Ch6,T. OVER
 28-10-17,12:02:30,Ch6,T. OVER
 28-10-17,12:03:31,Ch6,T. OVER
 28-10-17,12:04:31,Ch6,T. OVER
 28-10-17,12:05:31,Ch6,T. OVER
 28-10-17,12:06:31,Ch6,T. OVER
 28-10-17,12:07:31,Ch6,T. OVER
 28-10-17,12:08:31,Ch6,T. OVER
 28-10-17,12:09:31,Ch6,T. OVER
 28-10-17,12:10:32,Ch6,T. OVER
 28-10-17,12:11:32,Ch6,T. OVER
 28-10-17,12:12:32,Ch6,T. OVER
 28-10-17,12:13:32,Ch6,T. OVER
 28-10-17,12:14:32,Ch6,T. OVER
 28-10-17,12:15:32,Ch6,T. OVER
 28-10-17,12:16:33,Ch6,T. OVER
 28-10-17,12:17:33,Ch6,T. OVER
 28-10-17,12:18:33,Ch6,T. OVER
 28-10-17,12:19:33,Ch6,T. OVER
 28-10-17,12:20:33,Ch6,T. OVER
 28-10-17,12:21:34,Ch6,T. OVER
 28-10-17,12:22:34,Ch6,T. OVER
 28-10-17,12:23:34,Ch6,T. OVER
 28-10-17,12:24:34,Ch6,T. OVER
 28-10-17,12:25:34,Ch6,T. OVER
 28-10-17,12:26:34,Ch6,T. OVER
 28-10-17,12:27:34,Ch6,T. OVER
 28-10-17,12:28:35,Ch6,T. OVER
 28-10-17,12:29:35,Ch6,T. OVER
 28-10-17,12:30:35,Ch6,T. OVER
 28-10-17,12:31:35,Ch6,T. OVER
 28-10-17,12:32:35,Ch6,T. OVER
 28-10-17,12:33:35,Ch6,T. OVER
 28-10-17,12:34:36,Ch6,T. OVER
 28-10-17,12:35:36,Ch6,T. OVER
 28-10-17,12:36:36,Ch6,T. OVER
 28-10-17,12:37:36,Ch6,T. OVER
 28-10-17,12:38:36,Ch6,T. OVER
 28-10-17,12:39:36,Ch6,T. OVER
 28-10-17,12:40:37,Ch6,T. OVER
 28-10-17,12:41:37,Ch6,T. OVER
 28-10-17,12:42:37,Ch6,T. OVER
 28-10-17,12:43:37,Ch6,T. OVER
 28-10-17,12:44:37,Ch6,T. OVER
 28-10-17,12:45:38,Ch6,T. OVER
 28-10-17,12:46:38,Ch6,T. OVER
 28-10-17,12:47:38,Ch6,T. OVER
 28-10-17,12:48:38,Ch6,T. OVER
 28-10-17,12:49:38,Ch6,T. OVER
 28-10-17,12:50:39,Ch6,T. OVER
 28-10-17,12:51:39,Ch6,T. OVER
 28-10-17,12:52:39,Ch6,VMIX OVL,T. OVER
 28-10-17,12:53:39,Ch6,T. OVER
 28-10-17,12:54:39,Ch6,T. OVER
 28-10-17,12:55:39,Ch6,T. OVER
 28-10-17,12:56:39,Ch6,T. OVER
 28-10-17,12:57:40,Ch6,T. OVER
 28-10-17,12:58:40,Ch6,T. OVER
 28-10-17,12:59:40,Ch6,T. OVER
 28-10-17,13:00:40,Ch6,T. OVER
 28-10-17,13:01:41,Ch6,T. OVER
 28-10-17,13:02:41,Ch6,T. OVER
 28-10-17,13:03:41,Ch6,T. OVER
 28-10-17,13:04:41,Ch6,T. OVER
 28-10-17,13:05:41,Ch6,T. OVER
 28-10-17,13:06:41,Ch6,T. OVER
 28-10-17,13:07:41,Ch6,T. OVER
 28-10-17,13:08:41,Ch6,T. OVER
 28-10-17,13:09:42,Ch6,T. OVER
 28-10-17,13:10:42,Ch6,T. OVER
 28-10-17,13:11:42,Ch6,T. OVER
 28-10-17,13:12:42,Ch6,T. OVER
 28-10-17,13:13:42,Ch6,T. OVER
 28-10-17,13:14:42,Ch6,T. OVER
 28-10-17,13:15:42,Ch6,T. OVER
 28-10-17,13:16:43,Ch6,T. OVER
 28-10-17,13:17:43,Ch6,T. OVER
 28-10-17,13:18:43,Ch6,T. OVER
 28-10-17,13:19:43,Ch6,T. OVER
 28-10-17,13:20:43,Ch6,T. OVER
 28-10-17,13:21:44,Ch6,T. OVER
 28-10-17,13:22:44,Ch6,T. OVER
 28-10-17,13:23:44,Ch6,T. OVER
 28-10-17,13:24:44,Ch6,T. OVER
 28-10-17,13:25:44,Ch6,T. OVER
 28-10-17,13:26:44,Ch6,T. OVER
 28-10-17,13:27:45,Ch6,T. OVER
 28-10-17,13:28:45,Ch6,T. OVER
 28-10-17,13:29:45,Ch6,T. OVER
 28-10-17,13:30:45,Ch6,T. OVER
 28-10-17,13:31:46,Ch6,T. OVER
 28-10-17,13:32:46,Ch6,T. OVER
 28-10-17,13:33:46,Ch6,T. OVER
 28-10-17,13:34:46,Ch6,T. OVER
 28-10-17,13:35:46,Ch6,T. OVER
 28-10-17,13:36:46,Ch6,T. OVER
 28-10-17,13:37:47,Ch6,T. OVER
 28-10-17,13:38:47,Ch6,T. OVER
 28-10-17,13:39:47,Ch6,T. OVER
 28-10-17,13:40:47,Ch6,T. OVER
 28-10-17,13:41:47,Ch6,T. OVER
 28-10-17,13:42:47,Ch6,T. OVER
 28-10-17,13:43:48,Ch6,T. OVER
 28-10-17,13:44:48,Ch6,T. OVER
 28-10-17,13:45:48,Ch6,T. OVER
 28-10-17,13:46:48,Ch6,T. OVER
 28-10-17,13:47:48,Ch6,T. OVER
 28-10-17,13:48:49,Ch6,T. OVER
 28-10-17,13:49:49,Ch6,T. OVER
 28-10-17,13:50:49,Ch6,T. OVER
 28-10-17,13:51:49,Ch6,T. OVER
 28-10-17,13:52:49,Ch6,T. OVER
 28-10-17,13:53:49,Ch6,T. OVER
 28-10-17,13:54:50,Ch6,T. OVER
 28-10-17,13:55:50,Ch6,T. OVER
 28-10-17,13:56:50,Ch6,T. OVER
 28-10-17,13:57:50,Ch6,T. OVER
 28-10-17,13:58:50,Ch6,T. OVER
 28-10-17,13:59:51,Ch6,T. OVER
 28-10-17,14:00:51,Ch6,T. OVER
 28-10-17,14:01:51,Ch6,T. OVER
 28-10-17,14:02:51,Ch6,T. OVER
 28-10-17,14:03:51,Ch6,T. OVER
 28-10-17,14:04:51,Ch6,T. OVER
 28-10-17,14:05:51,Ch6,T. OVER
 28-10-17,14:06:52,Ch6,T. OVER
 28-10-17,14:07:52,Ch6,T. OVER
 28-10-17,14:08:52,Ch6,T. OVER
 28-10-17,14:09:52,Ch6,T. OVER
 28-10-17,14:10:52,Ch6,T. OVER
 28-10-17,14:11:52,Ch6,T. OVER
 28-10-17,14:12:52,Ch6,T. OVER
 28-10-17,14:13:53,Ch6,T. OVER
 28-10-17,14:14:53,Ch6,T. OVER
 28-10-17,14:15:53,Ch6,T. OVER
 28-10-17,14:16:53,Ch6,T. OVER
 28-10-17,14:17:53,Ch6,T. OVER
 28-10-17,14:18:53,Ch6,T. OVER
 28-10-17,14:19:53,Ch6,T. OVER
 28-10-17,14:20:54,Ch6,T. OVER
 28-10-17,14:21:54,Ch6,T. OVER
 28-10-17,14:22:54,Ch6,T. OVER
 28-10-17,14:23:54,Ch6,T. OVER
 28-10-17,14:24:54,Ch6,T. OVER
 28-10-17,14:25:54,Ch6,T. OVER
 28-10-17,14:26:54,Ch6,T. OVER
 28-10-17,14:27:55,Ch6,T. OVER
 28-10-17,14:28:55,Ch6,T. OVER
 28-10-17,14:29:55,Ch6,T. OVER
 28-10-17,14:30:55,Ch6,T. OVER
 28-10-17,14:31:55,Ch6,T. OVER
 28-10-17,14:32:55,Ch6,T. OVER
 28-10-17,14:33:56,Ch6,T. OVER
 28-10-17,14:34:56,Ch6,T. OVER
 28-10-17,14:35:56,Ch6,T. OVER
 28-10-17,14:36:56,Ch6,T. OVER
 28-10-17,14:37:56,Ch6,T. OVER
 28-10-17,14:38:56,Ch6,T. OVER
 28-10-17,14:39:57,Ch6,T. OVER
 28-10-17,14:40:57,Ch6,T. OVER
 28-10-17,14:41:57,Ch6,T. OVER
 28-10-17,14:42:57,Ch6,T. OVER
 28-10-17,14:43:57,Ch6,T. OVER
 28-10-17,14:44:58,Ch6,T. OVER
 28-10-17,14:45:58,Ch6,T. OVER
 28-10-17,14:46:58,Ch6,T. OVER
 28-10-17,14:47:58,Ch6,T. OVER
 28-10-17,14:48:58,Ch6,T. OVER
 28-10-17,14:49:59,Ch6,T. OVER
 28-10-17,14:50:59,Ch6,T. OVER
 28-10-17,14:51:59,Ch6,T. OVER
 28-10-17,14:52:59,Ch6,T. OVER
 28-10-17,14:53:59,Ch6,T. OVER
 28-10-17,14:54:59,Ch6,T. OVER
 28-10-17,14:55:59,Ch6,T. OVER
 28-10-17,14:57:00,Ch6,T. OVER
 28-10-17,14:58:00,Ch6,T. OVER
 28-10-17,14:59:00,Ch6,T. OVER
 28-10-17,15:00:00,Ch6,T. OVER
 28-10-17,15:01:00,Ch6,T. OVER
 28-10-17,15:02:00,Ch6,T. OVER
 28-10-17,15:03:01,Ch6,T. OVER
 28-10-17,15:04:01,Ch6,T. OVER
 28-10-17,15:05:01,Ch6,T. OVER
 28-10-17,15:06:01,Ch6,T. OVER
 28-10-17,15:07:01,Ch6,T. OVER
 28-10-17,15:08:02,Ch6,T. OVER
 28-10-17,15:09:02,Ch6,T. OVER
 28-10-17,15:10:02,Ch6,T. OVER
 28-10-17,15:11:02,Ch6,T. OVER
 28-10-17,15:12:02,Ch6,T. OVER
 28-10-17,15:13:02,Ch6,T. OVER
 28-10-17,15:14:03,Ch6,T. OVER
 28-10-17,15:15:03,Ch6,T. OVER
 28-10-17,15:16:03,Ch6,T. OVER
 28-10-17,15:17:03,Ch6,T. OVER
 28-10-17,15:18:03,Ch6,T. OVER
 28-10-17,15:19:03,Ch6,T. OVER
 28-10-17,15:20:03,Ch6,T. OVER
 28-10-17,15:21:04,Ch6,T. OVER
 28-10-17,15:22:04,Ch6,T. OVER
 28-10-17,15:23:04,Ch6,T. OVER
 28-10-17,15:24:04,Ch6,T. OVER
 28-10-17,15:25:04,Ch6,T. OVER
 28-10-17,15:26:05,Ch6,T. OVER
 28-10-17,15:27:05,Ch6,T. OVER
 28-10-17,15:28:05,Ch6,T. OVER
 28-10-17,15:29:05,Ch6,T. OVER
 28-10-17,15:30:05,Ch6,T. OVER
 28-10-17,15:31:05,Ch6,T. OVER
 28-10-17,15:32:06,Ch6,T. OVER
 28-10-17,15:33:06,Ch6,T. OVER
 28-10-17,15:34:06,Ch6,T. OVER
 28-10-17,15:35:06,Ch6,T. OVER
 28-10-17,15:36:06,Ch6,T. OVER
 28-10-17,15:37:07,Ch6,T. OVER
 28-10-17,15:38:07,Ch6,T. OVER
 28-10-17,15:39:07,Ch6,T. OVER
 28-10-17,15:40:07,Ch6,T. OVER
 28-10-17,15:41:07,Ch6,T. OVER
 28-10-17,15:42:07,Ch6,T. OVER
 28-10-17,15:43:07,Ch6,T. OVER
 28-10-17,15:44:08,Ch6,T. OVER
 28-10-17,15:45:08,Ch6,T. OVER
 28-10-17,15:46:08,Ch6,T. OVER
 28-10-17,15:47:08,Ch6,T. OVER
 28-10-17,15:48:08,Ch6,T. OVER
 28-10-17,15:49:08,Ch6,T. OVER
 28-10-17,15:50:09,Ch6,T. OVER
 28-10-17,15:51:09,Ch6,T. OVER
 28-10-17,15:52:09,Ch6,T. OVER
 28-10-17,15:53:09,Ch6,T. OVER
 28-10-17,15:54:09,Ch6,T. OVER
 28-10-17,15:55:09,Ch6,T. OVER
 28-10-17,15:56:09,Ch6,T. OVER
 28-10-17,15:57:09,Ch6,T. OVER
 28-10-17,15:58:09,Ch6,T. OVER
 28-10-17,15:59:10,Ch6,T. OVER
 28-10-17,16:00:10,Ch6,T. OVER
 28-10-17,16:01:10,Ch6,T. OVER
 28-10-17,16:02:10,Ch6,T. OVER
 28-10-17,16:03:10,Ch6,T. OVER
 28-10-17,16:04:10,Ch6,T. OVER
 28-10-17,16:05:11,Ch6,T. OVER
 28-10-17,16:06:11,Ch6,T. OVER
 28-10-17,16:07:11,Ch6,T. OVER
 28-10-17,16:08:11,Ch6,T. OVER
 28-10-17,16:09:11,Ch6,T. OVER
 28-10-17,16:10:11,Ch6,T. OVER
 28-10-17,16:11:11,Ch6,T. OVER
 28-10-17,16:12:12,Ch6,T. OVER
 28-10-17,16:13:12,Ch6,T. OVER
 28-10-17,16:14:12,Ch6,T. OVER
 28-10-17,16:15:12,Ch6,T. OVER
 28-10-17,16:16:12,Ch6,T. OVER
 28-10-17,16:17:13,Ch6,T. OVER
 28-10-17,16:18:13,Ch6,T. OVER
 28-10-17,16:19:13,Ch6,T. OVER
 28-10-17,16:20:13,Ch6,T. OVER
 28-10-17,16:21:13,Ch6,T. OVER
 28-10-17,16:22:13,Ch6,T. OVER
 28-10-17,16:23:13,Ch6,T. OVER
 28-10-17,16:24:14,Ch6,T. OVER
 28-10-17,16:25:14,Ch6,T. OVER
 28-10-17,16:26:14,Ch6,T. OVER
 28-10-17,16:27:14,Ch6,T. OVER
 28-10-17,16:28:14,Ch6,T. OVER
 28-10-17,16:29:14,Ch6,T. OVER
 28-10-17,16:30:15,Ch6,T. OVER
 28-10-17,16:31:15,Ch6,T. OVER
 28-10-17,16:32:15,Ch6,T. OVER
 28-10-17,16:33:15,Ch6,T. OVER
 28-10-17,16:34:15,Ch6,T. OVER
 28-10-17,16:35:16,Ch6,T. OVER
 28-10-17,16:36:16,Ch6,T. OVER
 28-10-17,16:37:16,Ch6,T. OVER
 28-10-17,16:38:16,Ch6,T. OVER
 28-10-17,16:39:16,Ch6,T. OVER
 28-10-17,16:40:16,Ch6,T. OVER
 28-10-17,16:41:16,Ch6,T. OVER
 28-10-17,16:42:17,Ch6,T. OVER
 28-10-17,16:43:17,Ch6,T. OVER
 28-10-17,16:44:17,Ch6,T. OVER
 28-10-17,16:45:17,Ch6,T. OVER
 28-10-17,16:46:17,Ch6,T. OVER
 28-10-17,16:47:18,Ch6,T. OVER
 28-10-17,16:48:18,Ch6,T. OVER
 28-10-17,16:49:18,Ch6,T. OVER
 28-10-17,16:50:18,Ch6,T. OVER
 28-10-17,16:51:18,Ch6,T. OVER
 28-10-17,16:52:18,Ch6,T. OVER
 28-10-17,16:53:18,Ch6,T. OVER
 28-10-17,16:54:19,Ch6,T. OVER
 28-10-17,16:55:19,Ch6,T. OVER
 28-10-17,16:56:19,Ch6,T. OVER
 28-10-17,16:57:19,Ch6,T. OVER
 28-10-17,16:58:19,Ch6,T. OVER
 28-10-17,16:59:19,Ch6,T. OVER
 28-10-17,17:00:20,Ch6,T. OVER
 28-10-17,17:01:20,Ch6,T. OVER
 28-10-17,17:02:20,Ch6,T. OVER
 28-10-17,17:03:20,Ch6,T. OVER
 28-10-17,17:04:20,Ch6,T. OVER
 28-10-17,17:05:20,Ch6,T. OVER
 28-10-17,17:06:21,Ch6,T. OVER
 28-10-17,17:07:21,Ch6,T. OVER
 28-10-17,17:08:21,Ch6,T. OVER
 28-10-17,17:09:21,Ch6,T. OVER
 28-10-17,17:10:21,Ch6,T. OVER
 28-10-17,17:11:22,Ch6,T. OVER
 28-10-17,17:12:22,Ch6,T. OVER
 28-10-17,17:13:22,Ch6,T. OVER
 28-10-17,17:14:22,Ch6,T. OVER
 28-10-17,17:15:22,Ch6,T. OVER
 28-10-17,17:16:22,Ch6,T. OVER
 28-10-17,17:17:22,Ch6,T. OVER
 28-10-17,17:18:22,Ch6,T. OVER
 28-10-17,17:19:23,Ch6,VMIX OVL,VDIF OVL,T. OVER
 28-10-17,17:20:23,Ch6,T. OVER
 28-10-17,17:21:23,Ch6,T. OVER
 28-10-17,17:22:23,Ch6,T. OVER
 28-10-17,17:23:23,Ch6,T. OVER
 28-10-17,17:24:23,Ch6,T. OVER
 28-10-17,17:25:23,Ch6,T. OVER
 28-10-17,17:26:24,Ch6,T. OVER
 28-10-17,17:27:24,Ch6,T. OVER
 28-10-17,17:28:24,Ch6,T. OVER
 28-10-17,17:29:24,Ch6,T. OVER
 28-10-17,17:30:24,Ch6,T. OVER
 28-10-17,17:31:25,Ch6,T. OVER
 28-10-17,17:32:25,Ch6,T. OVER
 28-10-17,17:33:25,Ch6,T. OVER
 28-10-17,17:34:25,Ch6,T. OVER
 28-10-17,17:35:25,Ch6,T. OVER
 28-10-17,17:36:25,Ch6,T. OVER
 28-10-17,17:37:25,Ch6,T. OVER
 28-10-17,17:38:26,Ch6,T. OVER
 28-10-17,17:39:26,Ch6,T. OVER
 28-10-17,17:40:26,Ch6,T. OVER
 28-10-17,17:41:26,Ch6,T. OVER
 28-10-17,17:42:26,Ch6,T. OVER
 28-10-17,17:43:26,Ch6,T. OVER
 28-10-17,17:44:27,Ch6,T. OVER
 28-10-17,17:45:27,Ch6,T. OVER
 28-10-17,17:46:27,Ch6,T. OVER
 28-10-17,17:47:27,Ch6,T. OVER
 28-10-17,17:48:27,Ch6,T. OVER
 28-10-17,17:49:28,Ch6,T. OVER
 28-10-17,17:50:28,Ch6,T. OVER
 28-10-17,17:51:28,Ch6,T. OVER
 28-10-17,17:52:28,Ch6,T. OVER
 28-10-17,17:53:28,Ch6,T. OVER
 28-10-17,17:54:28,Ch6,T. OVER
 28-10-17,17:55:29,Ch6,T. OVER
 28-10-17,17:56:29,Ch6,T. OVER
 28-10-17,17:57:29,Ch6,T. OVER
 28-10-17,17:58:29,Ch6,T. OVER
 28-10-17,17:59:29,Ch6,T. OVER
 28-10-17,18:00:29,Ch6,T. OVER
 28-10-17,18:01:30,Ch6,T. OVER
 28-10-17,18:02:30,Ch6,T. OVER
 28-10-17,18:03:30,Ch6,T. OVER
 28-10-17,18:04:30,Ch6,T. OVER
 28-10-17,18:05:30,Ch6,T. OVER
 28-10-17,18:06:30,Ch6,T. OVER
 28-10-17,18:07:31,Ch6,T. OVER
 28-10-17,18:08:31,Ch6,T. OVER
 28-10-17,18:09:31,Ch6,T. OVER
 28-10-17,18:10:31,Ch6,T. OVER
 28-10-17,18:11:31,Ch6,T. OVER
 28-10-17,18:12:31,Ch6,T. OVER
 28-10-17,18:13:32,Ch6,T. OVER
 28-10-17,18:14:32,Ch6,T. OVER
 28-10-17,18:15:32,Ch6,T. OVER
 28-10-17,18:16:32,Ch6,T. OVER
 28-10-17,18:17:32,Ch6,T. OVER
 28-10-17,18:18:32,Ch6,T. OVER
 28-10-17,18:19:33,Ch6,T. OVER
 28-10-17,18:20:33,Ch6,T. OVER
 28-10-17,18:21:33,Ch6,T. OVER
 28-10-17,18:22:33,Ch6,T. OVER
 28-10-17,18:23:33,Ch6,T. OVER
 28-10-17,18:24:33,Ch6,T. OVER
 28-10-17,18:25:34,Ch6,T. OVER
 28-10-17,18:26:34,Ch6,T. OVER
 28-10-17,18:27:34,Ch6,T. OVER
 28-10-17,18:28:34,Ch6,T. OVER
 28-10-17,18:29:34,Ch6,T. OVER
 28-10-17,18:30:34,Ch6,T. OVER
 28-10-17,18:31:34,Ch6,T. OVER
 28-10-17,18:32:34,Ch6,T. OVER
 28-10-17,18:33:35,Ch6,T. OVER
 28-10-17,18:34:35,Ch6,T. OVER
 28-10-17,18:35:35,Ch6,T. OVER
 28-10-17,18:36:35,Ch6,T. OVER
 28-10-17,18:37:35,Ch6,T. OVER
 28-10-17,18:38:35,Ch6,T. OVER
 28-10-17,18:39:35,Ch6,T. OVER
 28-10-17,18:40:36,Ch6,T. OVER
 28-10-17,18:41:36,Ch6,T. OVER
 28-10-17,18:42:36,Ch6,T. OVER
 28-10-17,18:43:36,Ch6,T. OVER
 28-10-17,18:44:36,Ch6,T. OVER
 28-10-17,18:45:36,Ch6,T. OVER
 28-10-17,18:46:36,Ch6,T. OVER
 28-10-17,18:47:37,Ch6,T. OVER
 28-10-17,18:48:37,Ch6,T. OVER
 28-10-17,18:49:37,Ch6,T. OVER
 28-10-17,18:50:37,Ch6,T. OVER
 28-10-17,18:51:37,Ch6,T. OVER
 28-10-17,18:52:37,Ch6,T. OVER
 28-10-17,18:53:38,Ch6,T. OVER
 28-10-17,18:54:38,Ch6,T. OVER
 28-10-17,18:55:38,Ch6,T. OVER
 28-10-17,18:56:38,Ch6,T. OVER
 28-10-17,18:57:38,Ch6,T. OVER
 28-10-17,18:58:39,Ch6,T. OVER
 28-10-17,18:59:39,Ch6,T. OVER
 28-10-17,19:00:39,Ch6,T. OVER
 28-10-17,19:01:39,Ch6,T. OVER
 28-10-17,19:02:39,Ch6,T. OVER
 28-10-17,19:03:39,Ch6,T. OVER
 28-10-17,19:04:40,Ch6,T. OVER
 28-10-17,19:05:40,Ch6,T. OVER
 28-10-17,19:06:40,Ch6,T. OVER
 28-10-17,19:07:40,Ch6,T. OVER
 28-10-17,19:08:40,Ch6,T. OVER
 28-10-17,19:09:40,Ch6,T. OVER
 28-10-17,19:10:41,Ch6,T. OVER
 28-10-17,19:11:41,Ch6,T. OVER
 28-10-17,19:12:41,Ch6,T. OVER
 28-10-17,19:13:41,Ch6,T. OVER
 28-10-17,19:14:41,Ch6,T. OVER
 28-10-17,19:15:41,Ch6,T. OVER
 28-10-17,19:16:42,Ch6,T. OVER
 28-10-17,19:17:42,Ch6,T. OVER
 28-10-17,19:18:42,Ch6,T. OVER
 28-10-17,19:19:42,Ch6,T. OVER
 28-10-17,19:20:42,Ch6,T. OVER
 28-10-17,19:21:42,Ch6,T. OVER
 28-10-17,19:22:42,Ch6,T. OVER
 28-10-17,19:23:42,Ch6,T. OVER
 28-10-17,19:24:43,Ch6,T. OVER
 28-10-17,19:25:43,Ch6,T. OVER
 28-10-17,19:26:43,Ch6,T. OVER
 28-10-17,19:27:43,Ch6,T. OVER
 28-10-17,19:28:43,Ch6,T. OVER
 28-10-17,19:29:43,Ch6,T. OVER
 28-10-17,19:30:44,Ch6,T. OVER
 28-10-17,19:31:44,Ch6,T. OVER
 28-10-17,19:32:44,Ch6,T. OVER
 28-10-17,19:33:44,Ch6,T. OVER
 28-10-17,19:34:44,Ch6,T. OVER
 28-10-17,19:35:44,Ch6,T. OVER
 28-10-17,19:36:45,Ch6,T. OVER
 28-10-17,19:37:45,Ch6,T. OVER
 28-10-17,19:38:45,Ch6,T. OVER
 28-10-17,19:39:45,Ch6,T. OVER
 28-10-17,19:40:45,Ch6,T. OVER
 28-10-17,19:41:45,Ch6,T. OVER
 28-10-17,19:42:45,Ch6,T. OVER
 28-10-17,19:43:45,Ch6,T. OVER
 28-10-17,19:44:45,Ch6,T. OVER
 28-10-17,19:45:46,Ch6,T. OVER
 28-10-17,19:46:46,Ch6,T. OVER
 28-10-17,19:47:46,Ch6,T. OVER
 28-10-17,19:48:46,Ch6,T. OVER
 28-10-17,19:49:46,Ch6,T. OVER
 28-10-17,19:50:46,Ch6,T. OVER
 28-10-17,19:51:47,Ch6,T. OVER
 28-10-17,19:52:47,Ch6,T. OVER
 28-10-17,19:53:47,Ch6,T. OVER
 28-10-17,19:54:47,Ch6,T. OVER
 28-10-17,19:55:47,Ch6,T. OVER
 28-10-17,19:56:47,Ch6,T. OVER
 28-10-17,19:57:48,Ch6,T. OVER
 28-10-17,19:58:48,Ch6,T. OVER
 28-10-17,19:59:48,Ch6,T. OVER
 28-10-17,20:00:48,Ch6,T. OVER
 28-10-17,20:01:48,Ch6,T. OVER
 28-10-17,20:02:48,Ch6,T. OVER
 28-10-17,20:03:49,Ch6,T. OVER
 28-10-17,20:04:49,Ch6,T. OVER
 28-10-17,20:05:49,Ch6,T. OVER
 28-10-17,20:06:49,Ch6,T. OVER
 28-10-17,20:07:49,Ch6,T. OVER
 28-10-17,20:08:49,Ch6,T. OVER
 28-10-17,20:09:50,Ch6,T. OVER
 28-10-17,20:10:50,Ch6,T. OVER
 28-10-17,20:11:50,Ch6,T. OVER
 28-10-17,20:12:50,Ch6,T. OVER
 28-10-17,20:13:50,Ch6,T. OVER
 28-10-17,20:14:50,Ch6,T. OVER
 28-10-17,20:15:50,Ch6,T. OVER
 28-10-17,20:16:51,Ch6,T. OVER
 28-10-17,20:17:51,Ch6,T. OVER
 28-10-17,20:18:51,Ch6,T. OVER
 28-10-17,20:19:51,Ch6,T. OVER
 28-10-17,20:20:51,Ch6,T. OVER
 28-10-17,20:21:51,Ch6,T. OVER
 28-10-17,20:22:51,Ch6,T. OVER
 28-10-17,20:23:51,Ch6,T. OVER
 28-10-17,20:24:52,Ch6,T. OVER
 28-10-17,20:25:52,Ch6,T. OVER
 28-10-17,20:26:52,Ch6,T. OVER
 28-10-17,20:27:52,Ch6,T. OVER
 28-10-17,20:28:52,Ch6,T. OVER
 28-10-17,20:29:52,Ch6,T. OVER
 28-10-17,20:30:53,Ch6,T. OVER
 28-10-17,20:31:53,Ch6,T. OVER
 28-10-17,20:32:53,Ch6,T. OVER
 28-10-17,20:33:53,Ch6,T. OVER
 28-10-17,20:34:53,Ch6,T. OVER
 28-10-17,20:35:53,Ch6,T. OVER
 28-10-17,20:36:54,Ch6,T. OVER
 28-10-17,20:37:54,Ch6,T. OVER
 28-10-17,20:38:54,Ch6,T. OVER
 28-10-17,20:39:54,Ch6,T. OVER
 28-10-17,20:40:54,Ch6,T. OVER
 28-10-17,20:41:54,Ch6,T. OVER
 28-10-17,20:42:54,Ch6,T. OVER
 28-10-17,20:43:55,Ch6,T. OVER
 28-10-17,20:44:55,Ch6,T. OVER
 28-10-17,20:45:55,Ch6,T. OVER
 28-10-17,20:46:55,Ch6,T. OVER
 28-10-17,20:47:55,Ch6,T. OVER
 28-10-17,20:48:56,Ch6,T. OVER
 28-10-17,20:49:56,Ch6,T. OVER
 28-10-17,20:50:56,Ch6,T. OVER
 28-10-17,20:51:56,Ch6,T. OVER
 28-10-17,20:52:56,Ch6,T. OVER
 28-10-17,20:53:56,Ch6,T. OVER
 28-10-17,20:54:57,Ch6,T. OVER
 28-10-17,20:55:57,Ch6,T. OVER
 28-10-17,20:56:57,Ch6,T. OVER
 28-10-17,20:57:57,Ch6,T. OVER
 28-10-17,20:58:57,Ch6,T. OVER
 28-10-17,20:59:58,Ch6,T. OVER
 28-10-17,21:00:58,Ch6,T. OVER
 28-10-17,21:01:58,Ch6,T. OVER
 28-10-17,21:02:58,Ch6,T. OVER
 28-10-17,21:03:58,Ch6,T. OVER
 28-10-17,21:04:59,Ch6,T. OVER
 28-10-17,21:05:59,Ch6,T. OVER
 28-10-17,21:06:59,Ch6,T. OVER
 28-10-17,21:07:59,Ch6,T. OVER
 28-10-17,21:08:59,Ch6,T. OVER
 28-10-17,21:09:59,Ch6,T. OVER
 28-10-17,21:10:59,Ch6,T. OVER
 28-10-17,21:12:00,Ch6,T. OVER
 28-10-17,21:13:00,Ch6,T. OVER
 28-10-17,21:14:00,Ch6,T. OVER
 28-10-17,21:15:00,Ch6,T. OVER
 28-10-17,21:16:00,Ch6,T. OVER
 28-10-17,21:17:00,Ch6,T. OVER
 28-10-17,21:18:00,Ch6,T. OVER
 28-10-17,21:19:01,Ch6,T. OVER
 28-10-17,21:20:01,Ch6,T. OVER
 28-10-17,21:21:01,Ch6,T. OVER
 28-10-17,21:22:01,Ch6,T. OVER
 28-10-17,21:23:01,Ch6,T. OVER
 28-10-17,21:24:01,Ch6,T. OVER
 28-10-17,21:25:02,Ch6,T. OVER
 28-10-17,21:26:02,Ch6,T. OVER
 28-10-17,21:27:02,Ch6,T. OVER
 28-10-17,21:28:02,Ch6,T. OVER
 28-10-17,21:29:02,Ch6,T. OVER
 28-10-17,21:30:02,Ch6,T. OVER
 28-10-17,21:31:03,Ch6,T. OVER
 28-10-17,21:32:03,Ch6,T. OVER
 28-10-17,21:33:03,Ch6,T. OVER
 28-10-17,21:34:03,Ch6,T. OVER
 28-10-17,21:35:03,Ch6,T. OVER
 28-10-17,21:36:04,Ch6,T. OVER
 28-10-17,21:37:04,Ch6,T. OVER
 28-10-17,21:38:04,Ch6,T. OVER
 28-10-17,21:39:04,Ch6,T. OVER
 28-10-17,21:40:04,Ch6,T. OVER
 28-10-17,21:41:05,Ch6,T. OVER
 28-10-17,21:42:05,Ch6,T. OVER
 28-10-17,21:43:05,Ch6,T. OVER
 28-10-17,21:44:05,Ch6,T. OVER
 28-10-17,21:45:05,Ch6,T. OVER
 28-10-17,21:46:05,Ch6,T. OVER
 28-10-17,21:47:06,Ch6,T. OVER
 28-10-17,21:48:06,Ch6,T. OVER
 28-10-17,21:49:06,Ch6,T. OVER
 28-10-17,21:50:06,Ch6,T. OVER
 28-10-17,21:51:06,Ch6,T. OVER
 28-10-17,21:52:06,Ch6,T. OVER
 28-10-17,21:53:06,Ch6,T. OVER
 28-10-17,21:54:07,Ch6,T. OVER
 28-10-17,21:55:07,Ch6,T. OVER
 28-10-17,21:56:07,Ch6,T. OVER
 28-10-17,21:57:07,Ch6,T. OVER
 28-10-17,21:58:07,Ch6,T. OVER
 28-10-17,21:59:07,Ch6,T. OVER
 28-10-17,22:00:08,Ch6,T. OVER
 28-10-17,22:01:08,Ch6,T. OVER
 28-10-17,22:02:08,Ch6,T. OVER
 28-10-17,22:03:08,Ch6,T. OVER
 28-10-17,22:04:08,Ch6,T. OVER
 28-10-17,22:05:09,Ch6,T. OVER
 28-10-17,22:06:09,Ch6,T. OVER
 28-10-17,22:07:09,Ch6,T. OVER
 28-10-17,22:08:09,Ch6,T. OVER
 28-10-17,22:09:09,Ch6,T. OVER
 28-10-17,22:10:09,Ch6,T. OVER
 28-10-17,22:11:09,Ch6,T. OVER
 28-10-17,22:12:10,Ch6,T. OVER
 28-10-17,22:13:10,Ch6,T. OVER
 28-10-17,22:14:10,Ch6,T. OVER
 28-10-17,22:15:10,Ch6,T. OVER
 28-10-17,22:16:10,Ch6,T. OVER
 28-10-17,22:17:11,Ch6,T. OVER
 28-10-17,22:18:11,Ch6,T. OVER
 28-10-17,22:19:11,Ch6,T. OVER
 28-10-17,22:20:11,Ch6,T. OVER
 28-10-17,22:21:11,Ch6,T. OVER
 28-10-17,22:22:11,Ch6,T. OVER
 28-10-17,22:23:11,Ch6,T. OVER
 28-10-17,22:24:12,Ch6,T. OVER
 28-10-17,22:25:12,Ch6,T. OVER
 28-10-17,22:26:12,Ch6,T. OVER
 28-10-17,22:27:12,Ch6,T. OVER
 28-10-17,22:28:12,Ch6,T. OVER
 28-10-17,22:29:12,Ch6,T. OVER
 28-10-17,22:30:13,Ch6,T. OVER
 28-10-17,22:31:13,Ch6,T. OVER
 28-10-17,22:32:13,Ch6,T. OVER
 28-10-17,22:33:13,Ch6,T. OVER
 28-10-17,22:34:13,Ch6,T. OVER
 28-10-17,22:35:13,Ch6,T. OVER
 28-10-17,22:36:14,Ch6,T. OVER
 28-10-17,22:37:14,Ch6,T. OVER
 28-10-17,22:38:14,Ch6,T. OVER
 28-10-17,22:39:14,Ch6,T. OVER
 28-10-17,22:40:14,Ch6,T. OVER
 28-10-17,22:41:14,Ch6,T. OVER
 28-10-17,22:42:15,Ch6,T. OVER
 28-10-17,22:43:15,Ch6,T. OVER
 28-10-17,22:44:15,Ch6,T. OVER
 28-10-17,22:45:15,Ch6,T. OVER
 28-10-17,22:46:15,Ch6,T. OVER
 28-10-17,22:47:15,Ch6,T. OVER
 28-10-17,22:48:15,Ch6,T. OVER
 28-10-17,22:49:16,Ch6,T. OVER
 28-10-17,22:50:16,Ch6,T. OVER
 28-10-17,22:51:16,Ch6,T. OVER
 28-10-17,22:52:16,Ch6,T. OVER
 28-10-17,22:53:16,Ch6,T. OVER
 28-10-17,22:54:16,Ch6,T. OVER
 28-10-17,22:55:17,Ch6,T. OVER
 28-10-17,22:56:17,Ch6,T. OVER
 28-10-17,22:57:17,Ch6,T. OVER
 28-10-17,22:58:17,Ch6,T. OVER
 28-10-17,22:59:17,Ch6,T. OVER
 28-10-17,23:00:18,Ch6,T. OVER
 28-10-17,23:01:18,Ch6,T. OVER
 28-10-17,23:02:18,Ch6,T. OVER
 28-10-17,23:03:18,Ch6,T. OVER
 28-10-17,23:04:18,Ch6,T. OVER
 28-10-17,23:05:18,Ch6,T. OVER
 28-10-17,23:06:18,Ch6,T. OVER
 28-10-17,23:07:18,Ch6,T. OVER
 28-10-17,23:08:19,Ch6,T. OVER
 28-10-17,23:09:19,Ch6,T. OVER
 28-10-17,23:10:19,Ch6,T. OVER
 28-10-17,23:11:19,Ch6,T. OVER
 28-10-17,23:12:19,Ch6,T. OVER
 28-10-17,23:13:20,Ch6,T. OVER
 28-10-17,23:14:20,Ch6,T. OVER
 28-10-17,23:15:20,Ch6,T. OVER
 28-10-17,23:16:20,Ch6,T. OVER
 28-10-17,23:17:20,Ch6,T. OVER
 28-10-17,23:18:20,Ch6,T. OVER
 28-10-17,23:19:21,Ch6,T. OVER
 28-10-17,23:20:21,Ch6,T. OVER
 28-10-17,23:21:21,Ch6,T. OVER
 28-10-17,23:22:21,Ch6,T. OVER
 28-10-17,23:23:21,Ch6,T. OVER
 28-10-17,23:24:21,Ch6,T. OVER
 28-10-17,23:25:22,Ch6,T. OVER
 28-10-17,23:26:22,Ch6,T. OVER
 28-10-17,23:27:22,Ch6,T. OVER
 28-10-17,23:28:22,Ch6,T. OVER
 28-10-17,23:29:22,Ch6,T. OVER
 28-10-17,23:30:23,Ch6,T. OVER
 28-10-17,23:31:23,Ch6,T. OVER
 28-10-17,23:32:23,Ch6,T. OVER
 28-10-17,23:33:23,Ch6,T. OVER
 28-10-17,23:34:23,Ch6,T. OVER
 28-10-17,23:35:23,Ch6,T. OVER
 28-10-17,23:36:24,Ch6,T. OVER
 28-10-17,23:37:24,Ch6,T. OVER
 28-10-17,23:38:24,Ch6,T. OVER
 28-10-17,23:39:24,Ch6,T. OVER
 28-10-17,23:40:24,Ch6,T. OVER
 28-10-17,23:41:25,Ch6,T. OVER
 28-10-17,23:42:25,Ch6,T. OVER
 28-10-17,23:43:25,Ch6,T. OVER
 28-10-17,23:44:25,Ch6,T. OVER
 28-10-17,23:45:25,Ch6,T. OVER
 28-10-17,23:46:25,Ch6,T. OVER
 28-10-17,23:47:26,Ch6,T. OVER
 28-10-17,23:48:26,Ch6,T. OVER
 28-10-17,23:49:26,Ch6,T. OVER
 28-10-17,23:50:26,Ch6,T. OVER
 28-10-17,23:51:27,Ch6,T. OVER
 28-10-17,23:52:27,Ch6,T. OVER
 28-10-17,23:53:27,Ch6,T. OVER
 28-10-17,23:54:27,Ch6,T. OVER
 28-10-17,23:55:27,Ch6,T. OVER
 28-10-17,23:56:27,Ch6,T. OVER
 28-10-17,23:57:28,Ch6,T. OVER
 28-10-17,23:58:28,Ch6,T. OVER
 28-10-17,23:59:28,Ch6,T. OVER
