 07-03-18,00:00:40,Ch6,T. OVER
 07-03-18,00:01:40,Ch6,T. OVER
 07-03-18,00:02:40,Ch6,T. OVER
 07-03-18,00:03:40,Ch6,T. OVER
 07-03-18,00:04:41,Ch6,T. OVER
 07-03-18,00:05:41,Ch6,T. OVER
 07-03-18,00:06:41,Ch6,T. OVER
 07-03-18,00:07:41,Ch6,T. OVER
 07-03-18,00:08:42,Ch6,T. OVER
 07-03-18,00:09:42,Ch6,T. OVER
 07-03-18,00:10:42,Ch6,T. OVER
 07-03-18,00:11:42,Ch6,T. OVER
 07-03-18,00:12:42,Ch6,T. OVER
 07-03-18,00:13:42,Ch6,T. OVER
 07-03-18,00:14:42,Ch6,T. OVER
 07-03-18,00:15:42,Ch6,T. OVER
 07-03-18,00:16:42,Ch6,T. OVER
 07-03-18,00:17:42,Ch6,T. OVER
 07-03-18,00:18:43,Ch6,T. OVER
 07-03-18,00:19:43,Ch6,T. OVER
 07-03-18,00:20:43,Ch6,T. OVER
 07-03-18,00:21:43,Ch6,T. OVER
 07-03-18,00:22:43,Ch6,T. OVER
 07-03-18,00:23:43,Ch6,T. OVER
 07-03-18,00:24:43,Ch6,T. OVER
 07-03-18,00:25:43,Ch6,T. OVER
 07-03-18,00:26:43,Ch6,T. OVER
 07-03-18,00:27:43,Ch6,T. OVER
 07-03-18,00:28:43,Ch6,T. OVER
 07-03-18,00:29:43,Ch6,T. OVER
 07-03-18,00:30:43,Ch6,T. OVER
 07-03-18,00:31:44,Ch6,T. OVER
 07-03-18,00:32:44,Ch6,T. OVER
 07-03-18,00:33:44,Ch6,T. OVER
 07-03-18,00:34:44,Ch6,T. OVER
 07-03-18,00:35:44,Ch6,T. OVER
 07-03-18,00:36:44,Ch6,T. OVER
 07-03-18,00:37:44,Ch6,T. OVER
 07-03-18,00:38:44,Ch6,T. OVER
 07-03-18,00:39:44,Ch6,T. OVER
 07-03-18,00:40:44,Ch6,T. OVER
 07-03-18,00:41:44,Ch6,T. OVER
 07-03-18,00:42:44,Ch6,T. OVER
 07-03-18,00:43:45,Ch6,T. OVER
 07-03-18,00:44:45,Ch6,T. OVER
 07-03-18,00:45:45,Ch6,T. OVER
 07-03-18,00:46:45,Ch6,T. OVER
 07-03-18,00:47:45,Ch6,T. OVER
 07-03-18,00:48:45,Ch6,T. OVER
 07-03-18,00:49:45,Ch6,T. OVER
 07-03-18,00:50:45,Ch6,T. OVER
 07-03-18,00:51:45,Ch6,T. OVER
 07-03-18,00:52:46,Ch6,T. OVER
 07-03-18,00:53:46,Ch6,T. OVER
 07-03-18,00:54:46,Ch6,T. OVER
 07-03-18,00:55:46,Ch6,T. OVER
 07-03-18,00:56:46,Ch6,T. OVER
 07-03-18,00:57:46,Ch6,T. OVER
 07-03-18,00:58:46,Ch6,T. OVER
 07-03-18,00:59:46,Ch6,T. OVER
 07-03-18,01:00:46,Ch6,T. OVER
 07-03-18,01:01:47,Ch6,T. OVER
 07-03-18,01:02:47,Ch6,T. OVER
 07-03-18,01:03:47,Ch6,T. OVER
 07-03-18,01:04:47,Ch6,T. OVER
 07-03-18,01:05:47,Ch6,T. OVER
 07-03-18,01:06:47,Ch6,T. OVER
 07-03-18,01:07:47,Ch6,T. OVER
 07-03-18,01:08:47,Ch6,T. OVER
 07-03-18,01:09:47,Ch6,T. OVER
 07-03-18,01:10:47,Ch6,T. OVER
 07-03-18,01:11:47,Ch6,T. OVER
 07-03-18,01:12:47,Ch6,T. OVER
 07-03-18,01:13:47,Ch6,T. OVER
 07-03-18,01:14:48,Ch6,T. OVER
 07-03-18,01:15:48,Ch6,T. OVER
 07-03-18,01:16:48,Ch6,T. OVER
 07-03-18,01:17:48,Ch6,T. OVER
 07-03-18,01:18:48,Ch6,T. OVER
 07-03-18,01:19:48,Ch6,T. OVER
 07-03-18,01:20:48,Ch6,T. OVER
 07-03-18,01:21:48,Ch6,T. OVER
 07-03-18,01:22:48,Ch6,T. OVER
 07-03-18,01:23:48,Ch6,T. OVER
 07-03-18,01:24:49,Ch6,T. OVER
 07-03-18,01:25:49,Ch6,T. OVER
 07-03-18,01:26:49,Ch6,T. OVER
 07-03-18,01:27:49,Ch6,T. OVER
 07-03-18,01:28:49,Ch6,T. OVER
 07-03-18,01:29:49,Ch6,T. OVER
 07-03-18,01:30:49,Ch6,T. OVER
 07-03-18,01:31:49,Ch6,T. OVER
 07-03-18,01:32:49,Ch6,T. OVER
 07-03-18,01:33:49,Ch6,T. OVER
 07-03-18,01:34:49,Ch6,T. OVER
 07-03-18,01:35:49,Ch6,T. OVER
 07-03-18,01:36:49,Ch6,T. OVER
 07-03-18,01:37:49,Ch6,T. OVER
 07-03-18,01:38:49,Ch6,T. OVER
 07-03-18,01:39:49,Ch6,T. OVER
 07-03-18,01:40:49,Ch6,T. OVER
 07-03-18,01:41:50,Ch6,T. OVER
 07-03-18,01:42:50,Ch6,T. OVER
 07-03-18,01:43:50,Ch6,T. OVER
 07-03-18,01:44:50,Ch6,T. OVER
 07-03-18,01:45:50,Ch6,T. OVER
 07-03-18,01:46:50,Ch6,T. OVER
 07-03-18,01:47:50,Ch6,T. OVER
 07-03-18,01:48:50,Ch6,T. OVER
 07-03-18,01:49:50,Ch6,T. OVER
 07-03-18,01:50:50,Ch6,T. OVER
 07-03-18,01:51:50,Ch6,T. OVER
 07-03-18,01:52:50,Ch6,T. OVER
 07-03-18,01:53:50,Ch6,T. OVER
 07-03-18,01:54:50,Ch6,T. OVER
 07-03-18,01:55:50,Ch6,T. OVER
 07-03-18,01:56:50,Ch6,T. OVER
 07-03-18,01:57:50,Ch6,T. OVER
 07-03-18,01:58:50,Ch6,T. OVER
 07-03-18,01:59:51,Ch6,T. OVER
 07-03-18,02:00:51,Ch6,T. OVER
 07-03-18,02:01:51,Ch6,T. OVER
 07-03-18,02:02:51,Ch6,T. OVER
 07-03-18,02:03:51,Ch6,T. OVER
 07-03-18,02:04:51,Ch6,T. OVER
 07-03-18,02:05:51,Ch6,T. OVER
 07-03-18,02:06:51,Ch6,T. OVER
 07-03-18,02:07:51,Ch6,T. OVER
 07-03-18,02:08:51,Ch6,T. OVER
 07-03-18,02:09:52,Ch6,T. OVER
 07-03-18,02:10:52,Ch6,T. OVER
 07-03-18,02:11:52,Ch6,T. OVER
 07-03-18,02:12:52,Ch6,T. OVER
 07-03-18,02:13:52,Ch6,T. OVER
 07-03-18,02:14:52,Ch6,T. OVER
 07-03-18,02:15:52,Ch6,T. OVER
 07-03-18,02:16:52,Ch6,T. OVER
 07-03-18,02:17:52,Ch6,T. OVER
 07-03-18,02:18:52,Ch6,T. OVER
 07-03-18,02:19:52,Ch6,T. OVER
 07-03-18,02:20:53,Ch6,T. OVER
 07-03-18,02:21:53,Ch6,T. OVER
 07-03-18,02:22:53,Ch6,T. OVER
 07-03-18,02:23:53,Ch6,T. OVER
 07-03-18,02:24:53,Ch6,T. OVER
 07-03-18,02:25:53,Ch6,T. OVER
 07-03-18,02:26:53,Ch6,T. OVER
 07-03-18,02:27:53,Ch6,T. OVER
 07-03-18,02:28:54,Ch6,T. OVER
 07-03-18,02:29:54,Ch6,T. OVER
 07-03-18,02:30:54,Ch6,T. OVER
 07-03-18,02:31:54,Ch6,T. OVER
 07-03-18,02:32:54,Ch6,T. OVER
 07-03-18,02:33:54,Ch6,T. OVER
 07-03-18,02:34:54,Ch6,T. OVER
 07-03-18,02:35:54,Ch6,T. OVER
 07-03-18,02:36:54,Ch6,T. OVER
 07-03-18,02:37:54,Ch6,T. OVER
 07-03-18,02:38:54,Ch6,T. OVER
 07-03-18,02:39:54,Ch6,T. OVER
 07-03-18,02:40:55,Ch6,T. OVER
 07-03-18,02:41:55,Ch6,T. OVER
 07-03-18,02:42:55,Ch6,T. OVER
 07-03-18,02:43:55,Ch6,T. OVER
 07-03-18,02:44:55,Ch6,T. OVER
 07-03-18,02:45:55,Ch6,T. OVER
 07-03-18,02:46:55,Ch6,T. OVER
 07-03-18,02:47:56,Ch6,T. OVER
 07-03-18,02:48:56,Ch6,T. OVER
 07-03-18,02:49:56,Ch6,T. OVER
 07-03-18,02:50:56,Ch6,T. OVER
 07-03-18,02:51:56,Ch6,T. OVER
 07-03-18,02:52:56,Ch6,T. OVER
 07-03-18,02:53:56,Ch6,T. OVER
 07-03-18,02:54:56,Ch6,T. OVER
 07-03-18,02:55:56,Ch6,T. OVER
 07-03-18,02:56:56,Ch6,T. OVER
 07-03-18,02:57:56,Ch6,T. OVER
 07-03-18,02:58:56,Ch6,T. OVER
 07-03-18,02:59:56,Ch6,T. OVER
 07-03-18,03:00:56,Ch6,T. OVER
 07-03-18,03:01:56,Ch6,T. OVER
 07-03-18,03:02:57,Ch6,T. OVER
 07-03-18,03:03:57,Ch6,T. OVER
 07-03-18,03:04:57,Ch6,T. OVER
 07-03-18,03:05:57,Ch6,T. OVER
 07-03-18,03:06:57,Ch6,T. OVER
 07-03-18,03:07:57,Ch6,T. OVER
 07-03-18,03:08:57,Ch6,T. OVER
 07-03-18,03:09:57,Ch6,T. OVER
 07-03-18,03:10:57,Ch6,T. OVER
 07-03-18,03:11:57,Ch6,T. OVER
 07-03-18,03:12:57,Ch6,T. OVER
 07-03-18,03:13:57,Ch6,T. OVER
 07-03-18,03:14:58,Ch6,T. OVER
 07-03-18,03:15:58,Ch6,T. OVER
 07-03-18,03:16:58,Ch6,T. OVER
 07-03-18,03:17:58,Ch6,T. OVER
 07-03-18,03:18:58,Ch6,T. OVER
 07-03-18,03:19:58,Ch6,T. OVER
 07-03-18,03:20:58,Ch6,T. OVER
 07-03-18,03:21:58,Ch6,T. OVER
 07-03-18,03:22:58,Ch6,T. OVER
 07-03-18,03:23:58,Ch6,T. OVER
 07-03-18,03:24:58,Ch6,T. OVER
 07-03-18,03:25:58,Ch6,T. OVER
 07-03-18,03:26:58,Ch6,T. OVER
 07-03-18,03:27:58,Ch6,T. OVER
 07-03-18,03:28:59,Ch6,T. OVER
 07-03-18,03:29:59,Ch6,T. OVER
 07-03-18,03:30:59,Ch6,T. OVER
 07-03-18,03:31:59,Ch6,T. OVER
 07-03-18,03:32:59,Ch6,T. OVER
 07-03-18,03:33:59,Ch6,T. OVER
 07-03-18,03:34:59,Ch6,T. OVER
 07-03-18,03:35:59,Ch6,T. OVER
 07-03-18,03:36:59,Ch6,T. OVER
 07-03-18,03:37:59,Ch6,T. OVER
 07-03-18,03:39:00,Ch6,T. OVER
 07-03-18,03:40:00,Ch6,T. OVER
 07-03-18,03:41:00,Ch6,T. OVER
 07-03-18,03:42:00,Ch6,T. OVER
 07-03-18,03:43:00,Ch6,T. OVER
 07-03-18,03:44:00,Ch6,T. OVER
 07-03-18,03:45:00,Ch6,T. OVER
 07-03-18,03:46:00,Ch6,T. OVER
 07-03-18,03:47:00,Ch6,T. OVER
 07-03-18,03:48:00,Ch6,T. OVER
 07-03-18,03:49:00,Ch6,T. OVER
 07-03-18,03:50:00,Ch6,T. OVER
 07-03-18,03:51:00,Ch6,T. OVER
 07-03-18,03:52:01,Ch6,T. OVER
 07-03-18,03:53:01,Ch6,T. OVER
 07-03-18,03:54:01,Ch6,T. OVER
 07-03-18,03:55:01,Ch6,T. OVER
 07-03-18,03:56:01,Ch6,T. OVER
 07-03-18,03:57:01,Ch6,T. OVER
 07-03-18,03:58:01,Ch6,T. OVER
 07-03-18,03:59:02,Ch6,T. OVER
 07-03-18,04:00:02,Ch6,T. OVER
 07-03-18,04:01:02,Ch6,T. OVER
 07-03-18,04:02:02,Ch6,T. OVER
 07-03-18,04:03:02,Ch6,T. OVER
 07-03-18,04:04:02,Ch6,T. OVER
 07-03-18,04:05:02,Ch6,T. OVER
 07-03-18,04:06:02,Ch6,T. OVER
 07-03-18,04:07:02,Ch6,T. OVER
 07-03-18,04:08:02,Ch6,T. OVER
 07-03-18,04:09:02,Ch6,T. OVER
 07-03-18,04:10:03,Ch6,T. OVER
 07-03-18,04:11:03,Ch6,T. OVER
 07-03-18,04:12:03,Ch6,T. OVER
 07-03-18,04:13:03,Ch6,T. OVER
 07-03-18,04:14:03,Ch6,T. OVER
 07-03-18,04:15:03,Ch6,T. OVER
 07-03-18,04:16:03,Ch6,T. OVER
 07-03-18,04:17:03,Ch6,T. OVER
 07-03-18,04:18:03,Ch6,T. OVER
 07-03-18,04:19:03,Ch6,T. OVER
 07-03-18,04:20:03,Ch6,T. OVER
 07-03-18,04:21:03,Ch6,T. OVER
 07-03-18,04:22:03,Ch6,T. OVER
 07-03-18,04:23:03,Ch6,T. OVER
 07-03-18,04:24:03,Ch6,T. OVER
 07-03-18,04:25:03,Ch6,T. OVER
 07-03-18,04:26:04,Ch6,T. OVER
 07-03-18,04:27:04,Ch6,VMIX OVL,VDIF OVL,T. OVER
 07-03-18,04:28:04,Ch6,T. OVER
 07-03-18,04:29:04,Ch6,VMIX OVL,T. OVER
 07-03-18,04:30:04,Ch6,T. OVER
 07-03-18,04:31:04,Ch6,T. OVER
 07-03-18,04:32:04,Ch6,T. OVER
 07-03-18,04:33:04,Ch6,T. OVER
 07-03-18,04:34:05,Ch6,T. OVER
 07-03-18,04:35:05,Ch6,T. OVER
 07-03-18,04:36:05,Ch6,T. OVER
 07-03-18,04:37:05,Ch6,T. OVER
 07-03-18,04:38:05,Ch6,T. OVER
 07-03-18,04:39:05,Ch6,T. OVER
 07-03-18,04:40:05,Ch6,T. OVER
 07-03-18,04:41:05,Ch6,T. OVER
 07-03-18,04:42:06,Ch6,T. OVER
 07-03-18,04:43:06,Ch6,T. OVER
 07-03-18,04:44:06,Ch6,T. OVER
 07-03-18,04:45:06,Ch6,T. OVER
 07-03-18,04:46:06,Ch6,T. OVER
 07-03-18,04:47:06,Ch6,T. OVER
 07-03-18,04:48:06,Ch6,T. OVER
 07-03-18,04:49:06,Ch6,T. OVER
 07-03-18,04:50:06,Ch6,T. OVER
 07-03-18,04:51:06,Ch6,T. OVER
 07-03-18,04:52:06,Ch6,T. OVER
 07-03-18,04:53:06,Ch6,T. OVER
 07-03-18,04:54:07,Ch6,T. OVER
 07-03-18,04:55:07,Ch6,T. OVER
 07-03-18,04:56:07,Ch6,T. OVER
 07-03-18,04:57:07,Ch6,T. OVER
 07-03-18,04:58:07,Ch6,T. OVER
 07-03-18,04:59:07,Ch6,T. OVER
 07-03-18,05:00:07,Ch6,T. OVER
 07-03-18,05:01:07,Ch6,T. OVER
 07-03-18,05:02:07,Ch6,T. OVER
 07-03-18,05:03:07,Ch6,T. OVER
 07-03-18,05:04:07,Ch6,T. OVER
 07-03-18,05:05:07,Ch6,T. OVER
 07-03-18,05:06:08,Ch6,T. OVER
 07-03-18,05:07:08,Ch6,T. OVER
 07-03-18,05:08:08,Ch6,T. OVER
 07-03-18,05:09:08,Ch6,T. OVER
 07-03-18,05:10:08,Ch6,T. OVER
 07-03-18,05:11:08,Ch6,T. OVER
 07-03-18,05:12:08,Ch6,T. OVER
 07-03-18,05:13:08,Ch6,T. OVER
 07-03-18,05:14:08,Ch6,T. OVER
 07-03-18,05:15:08,Ch6,T. OVER
 07-03-18,05:16:08,Ch6,T. OVER
 07-03-18,05:17:08,Ch6,T. OVER
 07-03-18,05:18:09,Ch6,T. OVER
 07-03-18,05:19:09,Ch6,T. OVER
 07-03-18,05:20:09,Ch6,T. OVER
 07-03-18,05:21:09,Ch6,T. OVER
 07-03-18,05:22:09,Ch6,T. OVER
 07-03-18,05:23:09,Ch6,T. OVER
 07-03-18,05:24:09,Ch6,T. OVER
 07-03-18,05:25:09,Ch6,T. OVER
 07-03-18,05:26:09,Ch6,T. OVER
 07-03-18,05:27:09,Ch6,T. OVER
 07-03-18,05:28:09,Ch6,T. OVER
 07-03-18,05:29:09,Ch6,T. OVER
 07-03-18,05:30:09,Ch6,T. OVER
 07-03-18,05:31:09,Ch6,T. OVER
 07-03-18,05:32:10,Ch6,T. OVER
 07-03-18,05:33:10,Ch6,T. OVER
 07-03-18,05:34:10,Ch6,T. OVER
 07-03-18,05:35:10,Ch6,T. OVER
 07-03-18,05:36:10,Ch6,T. OVER
 07-03-18,05:37:10,Ch6,T. OVER
 07-03-18,05:38:10,Ch6,T. OVER
 07-03-18,05:39:10,Ch6,T. OVER
 07-03-18,05:40:10,Ch6,T. OVER
 07-03-18,05:41:10,Ch6,T. OVER
 07-03-18,05:42:10,Ch6,T. OVER
 07-03-18,05:43:10,Ch6,T. OVER
 07-03-18,05:44:10,Ch6,T. OVER
 07-03-18,05:45:11,Ch6,T. OVER
 07-03-18,05:46:11,Ch6,T. OVER
 07-03-18,05:47:11,Ch6,T. OVER
 07-03-18,05:48:11,Ch6,T. OVER
 07-03-18,05:49:11,Ch6,T. OVER
 07-03-18,05:50:11,Ch6,T. OVER
 07-03-18,05:51:11,Ch6,T. OVER
 07-03-18,05:52:11,Ch6,T. OVER
 07-03-18,05:53:11,Ch6,T. OVER
 07-03-18,05:54:11,Ch6,T. OVER
 07-03-18,05:55:11,Ch6,T. OVER
 07-03-18,05:56:11,Ch6,T. OVER
 07-03-18,05:57:12,Ch6,T. OVER
 07-03-18,05:58:12,Ch6,T. OVER
 07-03-18,05:59:12,Ch6,T. OVER
 07-03-18,06:00:12,Ch6,T. OVER
 07-03-18,06:01:12,Ch6,T. OVER
 07-03-18,06:02:12,Ch6,T. OVER
 07-03-18,06:03:12,Ch6,T. OVER
 07-03-18,06:04:12,Ch6,T. OVER
 07-03-18,06:05:12,Ch6,T. OVER
 07-03-18,06:06:12,Ch6,T. OVER
 07-03-18,06:07:12,Ch6,T. OVER
 07-03-18,06:08:13,Ch6,T. OVER
 07-03-18,06:09:13,Ch6,T. OVER
 07-03-18,06:10:13,Ch6,T. OVER
 07-03-18,06:11:13,Ch6,T. OVER
 07-03-18,06:12:13,Ch6,T. OVER
 07-03-18,06:13:13,Ch6,T. OVER
 07-03-18,06:14:13,Ch6,T. OVER
 07-03-18,06:15:13,Ch6,T. OVER
 07-03-18,06:16:13,Ch6,T. OVER
 07-03-18,06:17:13,Ch6,T. OVER
 07-03-18,06:18:13,Ch6,T. OVER
 07-03-18,06:19:13,Ch6,T. OVER
 07-03-18,06:20:13,Ch6,T. OVER
 07-03-18,06:21:14,Ch6,T. OVER
 07-03-18,06:22:14,Ch6,T. OVER
 07-03-18,06:23:14,Ch6,T. OVER
 07-03-18,06:24:14,Ch6,T. OVER
 07-03-18,06:25:14,Ch6,T. OVER
 07-03-18,06:26:14,Ch6,T. OVER
 07-03-18,06:27:14,Ch6,T. OVER
 07-03-18,06:28:14,Ch6,T. OVER
 07-03-18,06:29:14,Ch6,T. OVER
 07-03-18,06:30:14,Ch6,T. OVER
 07-03-18,06:31:15,Ch6,T. OVER
 07-03-18,06:32:15,Ch6,T. OVER
 07-03-18,06:33:15,Ch6,T. OVER
 07-03-18,06:34:15,Ch6,T. OVER
 07-03-18,06:35:15,Ch6,T. OVER
 07-03-18,06:36:15,Ch6,T. OVER
 07-03-18,06:37:15,Ch6,T. OVER
 07-03-18,06:38:15,Ch6,T. OVER
 07-03-18,06:39:16,Ch6,T. OVER
 07-03-18,06:40:16,Ch6,T. OVER
 07-03-18,06:41:16,Ch6,T. OVER
 07-03-18,06:42:16,Ch6,T. OVER
 07-03-18,06:43:16,Ch6,T. OVER
 07-03-18,06:44:16,Ch6,T. OVER
 07-03-18,06:45:16,Ch6,T. OVER
 07-03-18,06:46:16,Ch6,T. OVER
 07-03-18,06:47:16,Ch6,T. OVER
 07-03-18,06:48:17,Ch6,T. OVER
 07-03-18,06:49:17,Ch6,T. OVER
 07-03-18,06:50:17,Ch6,T. OVER
 07-03-18,06:51:17,Ch6,T. OVER
 07-03-18,06:52:17,Ch6,T. OVER
 07-03-18,06:53:17,Ch6,T. OVER
 07-03-18,06:54:17,Ch6,T. OVER
 07-03-18,06:55:17,Ch6,T. OVER
 07-03-18,06:56:17,Ch6,T. OVER
 07-03-18,06:57:17,Ch6,T. OVER
 07-03-18,06:58:17,Ch6,T. OVER
 07-03-18,06:59:18,Ch6,T. OVER
 07-03-18,07:00:18,Ch6,T. OVER
 07-03-18,07:01:18,Ch6,T. OVER
 07-03-18,07:02:18,Ch6,T. OVER
 07-03-18,07:03:18,Ch6,T. OVER
 07-03-18,07:04:18,Ch6,T. OVER
 07-03-18,07:05:18,Ch6,T. OVER
 07-03-18,07:06:18,Ch6,T. OVER
 07-03-18,07:07:18,Ch6,T. OVER
 07-03-18,07:08:18,Ch6,T. OVER
 07-03-18,07:09:18,Ch6,T. OVER
 07-03-18,07:10:19,Ch6,T. OVER
 07-03-18,07:11:19,Ch6,T. OVER
 07-03-18,07:12:19,Ch6,T. OVER
 07-03-18,07:13:19,Ch6,T. OVER
 07-03-18,07:14:19,Ch6,T. OVER
 07-03-18,07:15:19,Ch6,T. OVER
 07-03-18,07:16:19,Ch6,T. OVER
 07-03-18,07:17:19,Ch6,T. OVER
 07-03-18,07:18:19,Ch6,T. OVER
 07-03-18,07:19:19,Ch6,T. OVER
 07-03-18,07:20:19,Ch6,T. OVER
 07-03-18,07:21:19,Ch6,T. OVER
 07-03-18,07:22:19,Ch6,T. OVER
 07-03-18,07:23:19,Ch6,T. OVER
 07-03-18,07:24:19,Ch6,T. OVER
 07-03-18,07:25:19,Ch6,T. OVER
 07-03-18,07:26:19,Ch6,T. OVER
 07-03-18,07:27:19,Ch6,T. OVER
 07-03-18,07:28:19,Ch6,T. OVER
 07-03-18,07:29:19,Ch6,T. OVER
 07-03-18,07:30:20,Ch6,T. OVER
 07-03-18,07:31:20,Ch6,T. OVER
 07-03-18,07:32:20,Ch6,T. OVER
 07-03-18,07:33:20,Ch6,T. OVER
 07-03-18,07:34:20,Ch6,T. OVER
 07-03-18,07:35:20,Ch6,T. OVER
 07-03-18,07:36:20,Ch6,T. OVER
 07-03-18,07:37:21,Ch6,T. OVER
 07-03-18,07:38:21,Ch6,T. OVER
 07-03-18,07:39:21,Ch6,T. OVER
 07-03-18,07:40:21,Ch6,T. OVER
 07-03-18,07:41:21,Ch6,T. OVER
 07-03-18,07:42:21,Ch6,T. OVER
 07-03-18,07:43:22,Ch6,T. OVER
 07-03-18,07:44:22,Ch6,T. OVER
 07-03-18,07:45:22,Ch6,T. OVER
 07-03-18,07:46:22,Ch6,T. OVER
 07-03-18,07:47:22,Ch6,T. OVER
 07-03-18,07:48:22,Ch6,T. OVER
 07-03-18,07:49:22,Ch6,T. OVER
 07-03-18,07:50:22,Ch6,T. OVER
 07-03-18,07:51:22,Ch6,T. OVER
 07-03-18,07:52:22,Ch6,T. OVER
 07-03-18,07:53:22,Ch6,T. OVER
 07-03-18,07:54:22,Ch6,T. OVER
 07-03-18,07:55:22,Ch6,T. OVER
 07-03-18,07:56:23,Ch6,T. OVER
 07-03-18,07:57:23,Ch6,T. OVER
 07-03-18,07:58:23,Ch6,T. OVER
 07-03-18,07:59:23,Ch6,T. OVER
 07-03-18,08:00:23,Ch6,T. OVER
 07-03-18,08:01:23,Ch6,T. OVER
 07-03-18,08:02:23,Ch6,T. OVER
 07-03-18,08:03:23,Ch6,T. OVER
 07-03-18,08:04:23,Ch6,T. OVER
 07-03-18,08:05:23,Ch6,T. OVER
 07-03-18,08:06:23,Ch6,T. OVER
 07-03-18,08:07:23,Ch6,T. OVER
 07-03-18,08:08:23,Ch6,T. OVER
 07-03-18,08:09:23,Ch6,T. OVER
 07-03-18,08:10:23,Ch6,T. OVER
 07-03-18,08:11:23,Ch6,T. OVER
 07-03-18,08:12:23,Ch6,T. OVER
 07-03-18,08:13:23,Ch6,T. OVER
 07-03-18,08:14:23,Ch6,T. OVER
 07-03-18,08:15:24,Ch6,T. OVER
 07-03-18,08:16:24,Ch6,T. OVER
 07-03-18,08:17:24,Ch6,T. OVER
 07-03-18,08:18:24,Ch6,T. OVER
 07-03-18,08:19:24,Ch6,T. OVER
 07-03-18,08:20:24,Ch6,T. OVER
 07-03-18,08:21:24,Ch6,T. OVER
 07-03-18,08:22:24,Ch6,T. OVER
 07-03-18,08:23:24,Ch6,T. OVER
 07-03-18,08:24:24,Ch6,T. OVER
 07-03-18,08:25:24,Ch6,T. OVER
 07-03-18,08:26:24,Ch6,T. OVER
 07-03-18,08:27:24,Ch6,T. OVER
 07-03-18,08:28:24,Ch6,T. OVER
 07-03-18,08:29:24,Ch6,T. OVER
 07-03-18,08:30:24,Ch6,T. OVER
 07-03-18,08:31:24,Ch6,T. OVER
 07-03-18,08:32:25,Ch6,T. OVER
 07-03-18,08:33:25,Ch6,T. OVER
 07-03-18,08:34:25,Ch6,T. OVER
 07-03-18,08:35:25,Ch6,T. OVER
 07-03-18,08:36:25,Ch6,T. OVER
 07-03-18,08:37:25,Ch6,T. OVER
 07-03-18,08:38:25,Ch6,T. OVER
 07-03-18,08:39:25,Ch6,T. OVER
 07-03-18,08:40:25,Ch6,T. OVER
 07-03-18,08:41:25,Ch6,T. OVER
 07-03-18,08:42:25,Ch6,T. OVER
 07-03-18,08:43:25,Ch6,T. OVER
 07-03-18,08:44:26,Ch6,T. OVER
 07-03-18,08:45:26,Ch6,T. OVER
 07-03-18,08:46:26,Ch6,T. OVER
 07-03-18,08:47:26,Ch6,T. OVER
 07-03-18,08:48:26,Ch6,T. OVER
 07-03-18,08:49:26,Ch6,T. OVER
 07-03-18,08:50:26,Ch6,T. OVER
 07-03-18,08:51:26,Ch6,T. OVER
 07-03-18,08:52:26,Ch6,T. OVER
 07-03-18,08:53:26,Ch6,T. OVER
 07-03-18,08:54:26,Ch6,T. OVER
 07-03-18,08:55:27,Ch6,T. OVER
 07-03-18,08:56:27,Ch6,T. OVER
 07-03-18,08:57:27,Ch6,T. OVER
 07-03-18,08:58:27,Ch6,T. OVER
 07-03-18,08:59:27,Ch6,T. OVER
 07-03-18,09:00:27,Ch6,T. OVER
 07-03-18,09:01:27,Ch6,T. OVER
 07-03-18,09:02:27,Ch6,T. OVER
 07-03-18,09:03:27,Ch6,T. OVER
 07-03-18,09:04:27,Ch6,T. OVER
 07-03-18,09:05:27,Ch6,T. OVER
 07-03-18,09:06:28,Ch6,T. OVER
 07-03-18,09:07:28,Ch6,T. OVER
 07-03-18,09:08:28,Ch6,T. OVER
 07-03-18,09:09:28,Ch6,T. OVER
 07-03-18,09:10:28,Ch6,T. OVER
 07-03-18,09:11:28,Ch6,T. OVER
 07-03-18,09:12:28,Ch6,T. OVER
 07-03-18,09:13:28,Ch6,T. OVER
 07-03-18,09:14:28,Ch6,T. OVER
 07-03-18,09:15:29,Ch6,T. OVER
 07-03-18,09:16:29,Ch6,T. OVER
 07-03-18,09:17:29,Ch6,T. OVER
 07-03-18,09:18:29,Ch6,T. OVER
 07-03-18,09:19:29,Ch6,T. OVER
 07-03-18,09:20:29,Ch6,T. OVER
 07-03-18,09:21:29,Ch6,T. OVER
 07-03-18,09:22:29,Ch6,T. OVER
 07-03-18,09:23:29,Ch6,T. OVER
 07-03-18,09:24:30,Ch6,T. OVER
 07-03-18,09:25:30,Ch6,T. OVER
 07-03-18,09:26:30,Ch6,T. OVER
 07-03-18,09:27:30,Ch6,T. OVER
 07-03-18,09:28:30,Ch6,T. OVER
 07-03-18,09:29:30,Ch6,T. OVER
 07-03-18,09:30:30,Ch6,T. OVER
 07-03-18,09:31:30,Ch6,T. OVER
 07-03-18,09:32:31,Ch6,T. OVER
 07-03-18,09:33:31,Ch6,T. OVER
 07-03-18,09:34:31,Ch6,T. OVER
 07-03-18,09:35:31,Ch6,T. OVER
 07-03-18,09:36:31,Ch6,T. OVER
 07-03-18,09:37:31,Ch6,T. OVER
 07-03-18,09:38:31,Ch6,T. OVER
 07-03-18,09:39:31,Ch6,T. OVER
 07-03-18,09:40:31,Ch6,T. OVER
 07-03-18,09:41:31,Ch6,T. OVER
 07-03-18,09:42:31,Ch6,T. OVER
 07-03-18,09:43:31,Ch6,T. OVER
 07-03-18,09:44:31,Ch6,T. OVER
 07-03-18,09:45:31,Ch6,T. OVER
 07-03-18,09:46:31,Ch6,T. OVER
 07-03-18,09:47:31,Ch6,T. OVER
 07-03-18,09:48:31,Ch6,T. OVER
 07-03-18,09:49:31,Ch6,T. OVER
 07-03-18,09:50:32,Ch6,T. OVER
 07-03-18,09:51:32,Ch6,T. OVER
 07-03-18,09:52:32,Ch6,T. OVER
 07-03-18,09:53:32,Ch6,T. OVER
 07-03-18,09:54:32,Ch6,T. OVER
 07-03-18,09:55:32,Ch6,T. OVER
 07-03-18,09:56:32,Ch6,T. OVER
 07-03-18,09:57:32,Ch6,T. OVER
 07-03-18,09:58:32,Ch6,T. OVER
 07-03-18,09:59:32,Ch6,T. OVER
 07-03-18,10:00:32,Ch6,T. OVER
 07-03-18,10:01:33,Ch6,T. OVER
 07-03-18,10:02:33,Ch6,T. OVER
 07-03-18,10:03:33,Ch6,T. OVER
 07-03-18,10:04:33,Ch6,T. OVER
 07-03-18,10:05:33,Ch6,T. OVER
 07-03-18,10:06:33,Ch6,T. OVER
 07-03-18,10:07:33,Ch6,T. OVER
 07-03-18,10:08:33,Ch6,T. OVER
 07-03-18,10:09:33,Ch6,T. OVER
 07-03-18,10:10:33,Ch6,T. OVER
 07-03-18,10:11:33,Ch6,T. OVER
 07-03-18,10:12:34,Ch6,T. OVER
 07-03-18,10:13:34,Ch6,T. OVER
 07-03-18,10:14:34,Ch6,T. OVER
 07-03-18,10:15:34,Ch6,T. OVER
 07-03-18,10:16:34,Ch6,T. OVER
 07-03-18,10:17:34,Ch6,T. OVER
 07-03-18,10:18:34,Ch6,T. OVER
 07-03-18,10:19:34,Ch6,T. OVER
 07-03-18,10:20:34,Ch6,T. OVER
 07-03-18,10:21:34,Ch6,T. OVER
 07-03-18,10:22:34,Ch6,T. OVER
 07-03-18,10:23:34,Ch6,T. OVER
 07-03-18,10:24:35,Ch6,T. OVER
 07-03-18,10:25:35,Ch6,T. OVER
 07-03-18,10:26:35,Ch6,T. OVER
 07-03-18,10:27:35,Ch6,T. OVER
 07-03-18,10:28:35,Ch6,T. OVER
 07-03-18,10:29:35,Ch6,T. OVER
 07-03-18,10:30:35,Ch6,T. OVER
 07-03-18,10:31:35,Ch6,T. OVER
 07-03-18,10:32:35,Ch6,T. OVER
 07-03-18,10:33:35,Ch6,T. OVER
 07-03-18,10:34:35,Ch6,T. OVER
 07-03-18,10:35:35,Ch6,T. OVER
 07-03-18,10:36:35,Ch6,T. OVER
 07-03-18,10:37:35,Ch6,T. OVER
 07-03-18,10:38:35,Ch6,T. OVER
 07-03-18,10:39:36,Ch6,T. OVER
 07-03-18,10:40:36,Ch6,T. OVER
 07-03-18,10:41:36,Ch6,T. OVER
 07-03-18,10:42:36,Ch6,T. OVER
 07-03-18,10:43:36,Ch6,T. OVER
 07-03-18,10:44:36,Ch6,T. OVER
 07-03-18,10:45:36,Ch6,T. OVER
 07-03-18,10:46:36,Ch6,T. OVER
 07-03-18,10:47:36,Ch6,T. OVER
 07-03-18,10:48:36,Ch6,T. OVER
 07-03-18,10:49:36,Ch6,T. OVER
 07-03-18,10:50:36,Ch6,T. OVER
 07-03-18,10:51:36,Ch6,T. OVER
 07-03-18,10:52:37,Ch6,T. OVER
 07-03-18,10:53:37,Ch6,T. OVER
 07-03-18,10:54:37,Ch6,T. OVER
 07-03-18,10:55:37,Ch6,T. OVER
 07-03-18,10:56:37,Ch6,T. OVER
 07-03-18,10:57:37,Ch6,T. OVER
 07-03-18,10:58:37,Ch6,T. OVER
 07-03-18,10:59:37,Ch6,T. OVER
 07-03-18,11:00:37,Ch6,T. OVER
 07-03-18,11:01:37,Ch6,T. OVER
 07-03-18,11:02:38,Ch6,T. OVER
 07-03-18,11:03:38,Ch6,T. OVER
 07-03-18,11:04:38,Ch6,T. OVER
 07-03-18,11:05:38,Ch6,T. OVER
 07-03-18,11:06:38,Ch6,T. OVER
 07-03-18,11:07:38,Ch6,T. OVER
 07-03-18,11:08:38,Ch6,T. OVER
 07-03-18,11:09:38,Ch6,T. OVER
 07-03-18,11:10:38,Ch6,T. OVER
 07-03-18,11:11:38,Ch6,T. OVER
 07-03-18,11:12:38,Ch6,T. OVER
 07-03-18,11:13:38,Ch6,T. OVER
 07-03-18,11:14:38,Ch6,T. OVER
 07-03-18,11:15:38,Ch6,T. OVER
 07-03-18,11:16:38,Ch6,T. OVER
 07-03-18,11:17:38,Ch6,T. OVER
 07-03-18,11:18:38,Ch6,T. OVER
 07-03-18,11:19:39,Ch6,T. OVER
 07-03-18,11:20:39,Ch6,T. OVER
 07-03-18,11:21:39,Ch6,T. OVER
 07-03-18,11:22:39,Ch6,T. OVER
 07-03-18,11:23:39,Ch6,T. OVER
 07-03-18,11:24:39,Ch6,T. OVER
 07-03-18,11:25:39,Ch6,T. OVER
 07-03-18,11:26:39,Ch6,T. OVER
 07-03-18,11:27:39,Ch6,T. OVER
 07-03-18,11:28:39,Ch6,T. OVER
 07-03-18,11:29:39,Ch6,T. OVER
 07-03-18,11:30:39,Ch6,T. OVER
 07-03-18,11:31:39,Ch6,T. OVER
 07-03-18,11:32:39,Ch6,T. OVER
 07-03-18,11:33:40,Ch6,T. OVER
 07-03-18,11:34:40,Ch6,T. OVER
 07-03-18,11:35:40,Ch6,T. OVER
 07-03-18,11:36:40,Ch6,T. OVER
 07-03-18,11:37:40,Ch6,T. OVER
 07-03-18,11:38:40,Ch6,T. OVER
 07-03-18,11:39:40,Ch6,T. OVER
 07-03-18,11:40:40,Ch6,T. OVER
 07-03-18,11:41:40,Ch6,T. OVER
 07-03-18,11:42:40,Ch6,T. OVER
 07-03-18,11:43:40,Ch5,VDIF OVL 07-03-18,11:43:40,Ch6,T. OVER
 07-03-18,11:44:40,Ch1,VDIF OVL 07-03-18,11:44:40,Ch6,T. OVER
 07-03-18,11:45:40,Ch6,T. OVER
 07-03-18,11:46:40,Ch1,VDIF OVL 07-03-18,11:46:40,Ch6,T. OVER
 07-03-18,11:47:40,Ch6,T. OVER
 07-03-18,11:48:41,Ch6,T. OVER
 07-03-18,11:49:41,Ch6,T. OVER
 07-03-18,11:50:41,Ch6,T. OVER
 07-03-18,11:51:41,Ch6,T. OVER
 07-03-18,11:52:41,Ch6,T. OVER
 07-03-18,11:53:41,Ch6,T. OVER
 07-03-18,11:54:41,Ch6,T. OVER
 07-03-18,11:55:41,Ch6,T. OVER
 07-03-18,11:56:41,Ch6,T. OVER
 07-03-18,11:57:41,Ch6,T. OVER
 07-03-18,11:58:42,Ch6,T. OVER
 07-03-18,11:59:42,Ch6,T. OVER
 07-03-18,12:00:42,Ch6,T. OVER
 07-03-18,12:01:42,Ch6,T. OVER
 07-03-18,12:02:42,Ch6,T. OVER
 07-03-18,12:03:42,Ch6,T. OVER
 07-03-18,12:04:42,Ch6,T. OVER
 07-03-18,12:05:42,Ch6,T. OVER
 07-03-18,12:06:42,Ch6,T. OVER
 07-03-18,12:07:42,Ch6,T. OVER
 07-03-18,12:08:42,Ch6,T. OVER
 07-03-18,12:09:42,Ch6,T. OVER
 07-03-18,12:10:42,Ch6,T. OVER
 07-03-18,12:11:42,Ch6,T. OVER
 07-03-18,12:12:42,Ch6,T. OVER
 07-03-18,12:13:43,Ch6,T. OVER
 07-03-18,12:14:43,Ch6,T. OVER
 07-03-18,12:15:43,Ch6,T. OVER
 07-03-18,12:16:43,Ch6,T. OVER
 07-03-18,12:17:43,Ch6,T. OVER
 07-03-18,12:18:43,Ch6,T. OVER
 07-03-18,12:19:43,Ch6,T. OVER
 07-03-18,12:20:43,Ch6,T. OVER
 07-03-18,12:21:43,Ch6,T. OVER
 07-03-18,12:22:43,Ch6,T. OVER
 07-03-18,12:23:43,Ch6,T. OVER
 07-03-18,12:24:43,Ch6,T. OVER
 07-03-18,12:25:44,Ch6,T. OVER
 07-03-18,12:26:44,Ch6,T. OVER
 07-03-18,12:27:44,Ch6,T. OVER
 07-03-18,12:28:44,Ch6,T. OVER
 07-03-18,12:29:44,Ch6,T. OVER
 07-03-18,12:30:44,Ch6,T. OVER
 07-03-18,12:31:44,Ch6,T. OVER
 07-03-18,12:32:44,Ch6,T. OVER
 07-03-18,12:33:44,Ch6,T. OVER
 07-03-18,12:34:44,Ch6,T. OVER
 07-03-18,12:35:44,Ch6,T. OVER
 07-03-18,12:36:45,Ch6,T. OVER
 07-03-18,12:37:45,Ch6,T. OVER
 07-03-18,12:38:45,Ch6,T. OVER
 07-03-18,12:39:45,Ch6,T. OVER
 07-03-18,12:40:45,Ch6,T. OVER
 07-03-18,12:41:45,Ch6,T. OVER
 07-03-18,12:42:45,Ch6,T. OVER
 07-03-18,12:43:45,Ch6,T. OVER
 07-03-18,12:44:45,Ch6,T. OVER
 07-03-18,12:45:45,Ch6,T. OVER
 07-03-18,12:46:45,Ch6,T. OVER
 07-03-18,12:47:45,Ch6,T. OVER
 07-03-18,12:48:45,Ch6,T. OVER
 07-03-18,12:49:46,Ch6,T. OVER
 07-03-18,12:50:46,Ch6,T. OVER
 07-03-18,12:51:46,Ch6,T. OVER
 07-03-18,12:52:46,Ch6,T. OVER
 07-03-18,12:53:46,Ch6,T. OVER
 07-03-18,12:54:46,Ch6,T. OVER
 07-03-18,12:55:46,Ch6,T. OVER
 07-03-18,12:56:46,Ch6,T. OVER
 07-03-18,12:57:46,Ch6,T. OVER
 07-03-18,12:58:46,Ch6,T. OVER
 07-03-18,12:59:46,Ch6,T. OVER
 07-03-18,13:00:46,Ch6,T. OVER
 07-03-18,13:01:46,Ch6,T. OVER
 07-03-18,13:02:47,Ch6,T. OVER
 07-03-18,13:03:47,Ch6,T. OVER
 07-03-18,13:04:47,Ch6,T. OVER
 07-03-18,13:05:47,Ch6,T. OVER
 07-03-18,13:06:47,Ch6,T. OVER
 07-03-18,13:07:47,Ch6,T. OVER
 07-03-18,13:08:47,Ch6,T. OVER
 07-03-18,13:09:47,Ch6,T. OVER
 07-03-18,13:10:47,Ch6,T. OVER
 07-03-18,13:11:47,Ch6,T. OVER
 07-03-18,13:12:47,Ch6,T. OVER
 07-03-18,13:13:47,Ch6,T. OVER
 07-03-18,13:14:47,Ch6,T. OVER
 07-03-18,13:15:47,Ch6,T. OVER
 07-03-18,13:16:47,Ch6,T. OVER
 07-03-18,13:17:47,Ch6,T. OVER
 07-03-18,13:18:47,Ch6,T. OVER
 07-03-18,13:19:47,Ch6,T. OVER
 07-03-18,13:20:47,Ch6,T. OVER
 07-03-18,13:21:47,Ch6,T. OVER
 07-03-18,13:22:47,Ch6,T. OVER
 07-03-18,13:23:47,Ch6,T. OVER
 07-03-18,13:24:47,Ch6,T. OVER
 07-03-18,13:25:47,Ch6,T. OVER
 07-03-18,13:26:47,Ch6,T. OVER
 07-03-18,13:27:47,Ch6,T. OVER
 07-03-18,13:28:48,Ch6,T. OVER
 07-03-18,13:29:48,Ch6,T. OVER
 07-03-18,13:30:48,Ch6,T. OVER
 07-03-18,13:31:48,Ch6,T. OVER
 07-03-18,13:32:48,Ch6,T. OVER
 07-03-18,13:33:48,Ch6,T. OVER
 07-03-18,13:34:48,Ch6,T. OVER
 07-03-18,13:35:48,Ch6,T. OVER
 07-03-18,13:36:48,Ch6,T. OVER
 07-03-18,13:37:48,Ch6,T. OVER
 07-03-18,13:38:48,Ch6,T. OVER
 07-03-18,13:39:48,Ch6,T. OVER
 07-03-18,13:40:49,Ch6,T. OVER
 07-03-18,13:41:49,Ch6,T. OVER
 07-03-18,13:42:49,Ch6,T. OVER
 07-03-18,13:43:49,Ch6,T. OVER
 07-03-18,13:44:49,Ch6,T. OVER
 07-03-18,13:45:49,Ch6,T. OVER
 07-03-18,13:46:49,Ch6,T. OVER
 07-03-18,13:47:49,Ch6,T. OVER
 07-03-18,13:48:50,Ch6,T. OVER
 07-03-18,13:49:50,Ch6,T. OVER
 07-03-18,13:50:50,Ch6,T. OVER
 07-03-18,13:51:50,Ch6,T. OVER
 07-03-18,13:52:50,Ch6,T. OVER
 07-03-18,13:53:50,Ch6,T. OVER
 07-03-18,13:54:50,Ch6,T. OVER
 07-03-18,13:55:50,Ch6,T. OVER
 07-03-18,13:56:50,Ch6,T. OVER
 07-03-18,13:57:50,Ch6,T. OVER
 07-03-18,13:58:50,Ch6,T. OVER
 07-03-18,13:59:50,Ch6,T. OVER
 07-03-18,14:00:50,Ch6,T. OVER
 07-03-18,14:01:51,Ch6,T. OVER
 07-03-18,14:02:51,Ch6,T. OVER
 07-03-18,14:03:51,Ch6,T. OVER
 07-03-18,14:04:51,Ch6,T. OVER
 07-03-18,14:05:51,Ch6,T. OVER
 07-03-18,14:06:51,Ch6,T. OVER
 07-03-18,14:07:51,Ch6,T. OVER
 07-03-18,14:08:51,Ch6,T. OVER
 07-03-18,14:09:51,Ch6,T. OVER
 07-03-18,14:10:51,Ch6,T. OVER
 07-03-18,14:11:51,Ch6,T. OVER
 07-03-18,14:12:52,Ch6,T. OVER
 07-03-18,14:13:52,Ch6,T. OVER
 07-03-18,14:14:52,Ch6,T. OVER
 07-03-18,14:15:52,Ch6,T. OVER
 07-03-18,14:16:52,Ch6,T. OVER
 07-03-18,14:17:52,Ch6,T. OVER
 07-03-18,14:18:52,Ch6,T. OVER
 07-03-18,14:19:52,Ch6,T. OVER
 07-03-18,14:20:52,Ch6,T. OVER
 07-03-18,14:21:52,Ch6,T. OVER
 07-03-18,14:22:53,Ch6,T. OVER
 07-03-18,14:23:53,Ch6,T. OVER
 07-03-18,14:24:53,Ch6,T. OVER
 07-03-18,14:25:53,Ch6,T. OVER
 07-03-18,14:26:53,Ch6,T. OVER
 07-03-18,14:27:53,Ch6,T. OVER
 07-03-18,14:28:53,Ch6,T. OVER
 07-03-18,14:29:53,Ch6,T. OVER
 07-03-18,14:30:54,Ch6,T. OVER
 07-03-18,14:31:54,Ch6,T. OVER
 07-03-18,14:32:54,Ch6,T. OVER
 07-03-18,14:33:54,Ch6,T. OVER
 07-03-18,14:34:54,Ch6,T. OVER
 07-03-18,14:35:54,Ch6,T. OVER
 07-03-18,14:36:54,Ch6,T. OVER
 07-03-18,14:37:54,Ch6,T. OVER
 07-03-18,14:38:54,Ch6,T. OVER
 07-03-18,14:39:54,Ch6,T. OVER
 07-03-18,14:40:55,Ch6,T. OVER
 07-03-18,14:41:55,Ch6,T. OVER
 07-03-18,14:42:55,Ch6,T. OVER
 07-03-18,14:43:55,Ch6,T. OVER
 07-03-18,14:44:55,Ch6,T. OVER
 07-03-18,14:45:55,Ch6,T. OVER
 07-03-18,14:46:55,Ch6,T. OVER
 07-03-18,14:47:55,Ch6,T. OVER
 07-03-18,14:48:55,Ch6,T. OVER
 07-03-18,14:49:55,Ch6,T. OVER
 07-03-18,14:50:55,Ch6,T. OVER
 07-03-18,14:51:55,Ch6,T. OVER
 07-03-18,14:52:55,Ch6,T. OVER
 07-03-18,14:53:55,Ch6,T. OVER
 07-03-18,14:54:56,Ch6,T. OVER
 07-03-18,14:55:56,Ch6,T. OVER
 07-03-18,14:56:56,Ch6,T. OVER
 07-03-18,14:57:56,Ch6,T. OVER
 07-03-18,14:58:56,Ch6,T. OVER
 07-03-18,14:59:56,Ch6,T. OVER
 07-03-18,15:00:56,Ch6,T. OVER
 07-03-18,15:01:56,Ch6,T. OVER
 07-03-18,15:02:56,Ch6,T. OVER
 07-03-18,15:03:56,Ch6,T. OVER
 07-03-18,15:04:56,Ch6,T. OVER
 07-03-18,15:05:56,Ch6,T. OVER
 07-03-18,15:06:56,Ch6,T. OVER
 07-03-18,15:07:56,Ch6,T. OVER
 07-03-18,15:08:56,Ch6,T. OVER
 07-03-18,15:09:57,Ch6,T. OVER
 07-03-18,15:10:57,Ch6,T. OVER
 07-03-18,15:11:57,Ch6,T. OVER
 07-03-18,15:12:57,Ch6,T. OVER
 07-03-18,15:13:57,Ch6,T. OVER
 07-03-18,15:14:57,Ch6,T. OVER
 07-03-18,15:15:57,Ch6,T. OVER
 07-03-18,15:16:57,Ch6,T. OVER
 07-03-18,15:17:57,Ch6,T. OVER
 07-03-18,15:18:57,Ch6,T. OVER
 07-03-18,15:19:57,Ch6,T. OVER
 07-03-18,15:20:57,Ch6,T. OVER
 07-03-18,15:21:57,Ch6,T. OVER
 07-03-18,15:22:57,Ch6,T. OVER
 07-03-18,15:23:58,Ch6,T. OVER
 07-03-18,15:24:58,Ch6,T. OVER
 07-03-18,15:25:58,Ch6,T. OVER
 07-03-18,15:26:58,Ch6,T. OVER
 07-03-18,15:27:58,Ch6,T. OVER
 07-03-18,15:28:58,Ch6,T. OVER
 07-03-18,15:29:58,Ch6,T. OVER
 07-03-18,15:30:58,Ch6,T. OVER
 07-03-18,15:31:58,Ch6,T. OVER
 07-03-18,15:32:58,Ch6,T. OVER
 07-03-18,15:33:58,Ch6,T. OVER
 07-03-18,15:34:58,Ch6,T. OVER
 07-03-18,15:35:58,Ch6,T. OVER
 07-03-18,15:36:58,Ch6,T. OVER
 07-03-18,15:37:58,Ch6,T. OVER
 07-03-18,15:38:58,Ch6,T. OVER
 07-03-18,15:39:58,Ch6,T. OVER
 07-03-18,15:40:58,Ch6,T. OVER
 07-03-18,15:41:59,Ch6,T. OVER
 07-03-18,15:42:59,Ch6,T. OVER
 07-03-18,15:43:59,Ch6,T. OVER
 07-03-18,15:44:59,Ch6,T. OVER
 07-03-18,15:45:59,Ch6,T. OVER
 07-03-18,15:46:59,Ch6,T. OVER
 07-03-18,15:47:59,Ch6,T. OVER
 07-03-18,15:48:59,Ch6,T. OVER
 07-03-18,15:49:59,Ch6,T. OVER
 07-03-18,15:50:59,Ch6,T. OVER
 07-03-18,15:51:59,Ch6,T. OVER
 07-03-18,15:52:59,Ch6,T. OVER
 07-03-18,15:53:59,Ch6,T. OVER
 07-03-18,15:54:59,Ch6,T. OVER
 07-03-18,15:56:00,Ch6,T. OVER
 07-03-18,15:57:00,Ch6,T. OVER
 07-03-18,15:58:00,Ch6,T. OVER
 07-03-18,15:59:00,Ch6,T. OVER
 07-03-18,16:00:00,Ch6,T. OVER
 07-03-18,16:01:00,Ch6,T. OVER
 07-03-18,16:02:00,Ch6,T. OVER
 07-03-18,16:03:00,Ch6,T. OVER
 07-03-18,16:04:00,Ch6,T. OVER
 07-03-18,16:05:00,Ch6,T. OVER
 07-03-18,16:06:00,Ch6,T. OVER
 07-03-18,16:07:01,Ch6,T. OVER
 07-03-18,16:08:01,Ch6,T. OVER
 07-03-18,16:09:01,Ch6,T. OVER
 07-03-18,16:10:01,Ch6,T. OVER
 07-03-18,16:11:01,Ch6,T. OVER
 07-03-18,16:12:01,Ch6,T. OVER
 07-03-18,16:13:01,Ch6,T. OVER
 07-03-18,16:14:01,Ch6,T. OVER
 07-03-18,16:15:01,Ch6,T. OVER
 07-03-18,16:16:01,Ch6,T. OVER
 07-03-18,16:17:01,Ch6,T. OVER
 07-03-18,16:18:01,Ch6,T. OVER
 07-03-18,16:19:01,Ch6,T. OVER
 07-03-18,16:20:02,Ch6,T. OVER
 07-03-18,16:21:02,Ch6,T. OVER
 07-03-18,16:22:02,Ch6,T. OVER
 07-03-18,16:23:02,Ch6,T. OVER
 07-03-18,16:24:02,Ch6,T. OVER
 07-03-18,16:25:02,Ch6,T. OVER
 07-03-18,16:26:02,Ch6,T. OVER
 07-03-18,16:27:02,Ch6,T. OVER
 07-03-18,16:28:02,Ch6,T. OVER
 07-03-18,16:29:02,Ch6,T. OVER
 07-03-18,16:30:02,Ch6,T. OVER
 07-03-18,16:31:02,Ch6,T. OVER
 07-03-18,16:32:02,Ch6,T. OVER
 07-03-18,16:33:02,Ch6,T. OVER
 07-03-18,16:34:02,Ch6,T. OVER
 07-03-18,16:35:03,Ch6,T. OVER
 07-03-18,16:36:03,Ch6,T. OVER
 07-03-18,16:37:03,Ch6,T. OVER
 07-03-18,16:38:03,Ch6,T. OVER
 07-03-18,16:39:03,Ch6,T. OVER
 07-03-18,16:40:03,Ch6,T. OVER
 07-03-18,16:41:03,Ch6,T. OVER
 07-03-18,16:42:03,Ch6,T. OVER
 07-03-18,16:43:03,Ch6,T. OVER
 07-03-18,16:44:03,Ch6,T. OVER
 07-03-18,16:45:03,Ch6,T. OVER
 07-03-18,16:46:03,Ch6,T. OVER
 07-03-18,16:47:03,Ch6,T. OVER
 07-03-18,16:48:03,Ch6,T. OVER
 07-03-18,16:49:03,Ch6,T. OVER
 07-03-18,16:50:03,Ch6,T. OVER
 07-03-18,16:51:03,Ch6,T. OVER
 07-03-18,16:52:03,Ch6,T. OVER
 07-03-18,16:53:04,Ch6,T. OVER
 07-03-18,16:54:03,Ch6,T. OVER
 07-03-18,16:55:04,Ch6,T. OVER
 07-03-18,16:56:04,Ch6,T. OVER
 07-03-18,16:57:04,Ch6,T. OVER
 07-03-18,16:58:04,Ch6,T. OVER
 07-03-18,16:59:04,Ch6,T. OVER
 07-03-18,17:00:04,Ch6,T. OVER
 07-03-18,17:01:04,Ch6,T. OVER
 07-03-18,17:02:04,Ch6,T. OVER
 07-03-18,17:03:05,Ch6,T. OVER
 07-03-18,17:04:05,Ch6,T. OVER
 07-03-18,17:05:05,Ch6,T. OVER
 07-03-18,17:06:05,Ch6,T. OVER
 07-03-18,17:07:05,Ch6,T. OVER
 07-03-18,17:08:05,Ch6,T. OVER
 07-03-18,17:09:06,Ch6,T. OVER
 07-03-18,17:10:06,Ch6,T. OVER
 07-03-18,17:11:06,Ch6,T. OVER
 07-03-18,17:12:06,Ch6,T. OVER
 07-03-18,17:13:06,Ch6,T. OVER
 07-03-18,17:14:06,Ch6,T. OVER
 07-03-18,17:15:06,Ch6,T. OVER
 07-03-18,17:16:07,Ch6,T. OVER
 07-03-18,17:17:07,Ch6,T. OVER
 07-03-18,17:18:07,Ch6,T. OVER
 07-03-18,17:19:07,Ch6,T. OVER
 07-03-18,17:20:07,Ch6,T. OVER
 07-03-18,17:21:07,Ch6,T. OVER
 07-03-18,17:22:07,Ch6,T. OVER
 07-03-18,17:23:07,Ch6,T. OVER
 07-03-18,17:24:08,Ch6,T. OVER
 07-03-18,17:25:08,Ch6,T. OVER
 07-03-18,17:26:08,Ch6,T. OVER
 07-03-18,17:27:08,Ch6,T. OVER
 07-03-18,17:28:08,Ch6,T. OVER
 07-03-18,17:29:08,Ch6,T. OVER
 07-03-18,17:30:08,Ch6,T. OVER
 07-03-18,17:31:08,Ch6,T. OVER
 07-03-18,17:32:08,Ch6,T. OVER
 07-03-18,17:33:08,Ch6,T. OVER
 07-03-18,17:34:08,Ch6,T. OVER
 07-03-18,17:35:08,Ch6,T. OVER
 07-03-18,17:36:08,Ch6,T. OVER
 07-03-18,17:37:08,Ch6,T. OVER
 07-03-18,17:38:09,Ch6,T. OVER
 07-03-18,17:39:09,Ch6,T. OVER
 07-03-18,17:40:09,Ch6,T. OVER
 07-03-18,17:41:09,Ch6,T. OVER
 07-03-18,17:42:09,Ch6,T. OVER
 07-03-18,17:43:09,Ch6,T. OVER
 07-03-18,17:44:09,Ch6,T. OVER
 07-03-18,17:45:09,Ch6,T. OVER
 07-03-18,17:46:09,Ch6,T. OVER
 07-03-18,17:47:09,Ch6,T. OVER
 07-03-18,17:48:09,Ch6,T. OVER
 07-03-18,17:49:09,Ch6,T. OVER
 07-03-18,17:50:10,Ch6,T. OVER
 07-03-18,17:51:10,Ch6,T. OVER
 07-03-18,17:52:10,Ch6,T. OVER
 07-03-18,17:53:10,Ch6,T. OVER
 07-03-18,17:54:10,Ch6,T. OVER
 07-03-18,17:55:10,Ch6,T. OVER
 07-03-18,17:56:10,Ch6,T. OVER
 07-03-18,17:57:10,Ch6,T. OVER
 07-03-18,17:58:10,Ch6,T. OVER
 07-03-18,17:59:10,Ch6,T. OVER
 07-03-18,18:00:10,Ch6,T. OVER
 07-03-18,18:01:10,Ch6,T. OVER
 07-03-18,18:02:11,Ch6,T. OVER
 07-03-18,18:03:11,Ch6,T. OVER
 07-03-18,18:04:11,Ch6,T. OVER
 07-03-18,18:05:11,Ch6,T. OVER
 07-03-18,18:06:11,Ch6,T. OVER
 07-03-18,18:07:11,Ch6,T. OVER
 07-03-18,18:08:11,Ch6,T. OVER
 07-03-18,18:09:11,Ch6,T. OVER
 07-03-18,18:10:12,Ch6,T. OVER
 07-03-18,18:11:12,Ch6,T. OVER
 07-03-18,18:12:12,Ch6,T. OVER
 07-03-18,18:13:12,Ch6,T. OVER
 07-03-18,18:14:12,Ch6,T. OVER
 07-03-18,18:15:12,Ch6,T. OVER
 07-03-18,18:16:12,Ch6,T. OVER
 07-03-18,18:17:12,Ch6,T. OVER
 07-03-18,18:18:12,Ch6,T. OVER
 07-03-18,18:19:12,Ch6,T. OVER
 07-03-18,18:20:12,Ch6,T. OVER
 07-03-18,18:21:12,Ch6,T. OVER
 07-03-18,18:22:12,Ch6,T. OVER
 07-03-18,18:23:12,Ch6,T. OVER
 07-03-18,18:24:12,Ch6,T. OVER
 07-03-18,18:25:12,Ch6,T. OVER
 07-03-18,18:26:12,Ch6,T. OVER
 07-03-18,18:27:12,Ch6,T. OVER
 07-03-18,18:28:12,Ch6,T. OVER
 07-03-18,18:29:12,Ch6,T. OVER
 07-03-18,18:30:12,Ch6,T. OVER
 07-03-18,18:31:12,Ch6,T. OVER
 07-03-18,18:32:13,Ch6,T. OVER
 07-03-18,18:33:13,Ch6,T. OVER
 07-03-18,18:34:13,Ch6,T. OVER
 07-03-18,18:35:13,Ch6,T. OVER
 07-03-18,18:36:13,Ch6,T. OVER
 07-03-18,18:37:13,Ch6,T. OVER
 07-03-18,18:38:13,Ch6,T. OVER
 07-03-18,18:39:13,Ch6,T. OVER
 07-03-18,18:40:13,Ch6,T. OVER
 07-03-18,18:41:13,Ch6,T. OVER
 07-03-18,18:42:13,Ch6,T. OVER
 07-03-18,18:43:14,Ch6,T. OVER
 07-03-18,18:44:14,Ch6,T. OVER
 07-03-18,18:45:14,Ch6,T. OVER
 07-03-18,18:46:14,Ch6,T. OVER
 07-03-18,18:47:14,Ch6,T. OVER
 07-03-18,18:48:14,Ch6,T. OVER
 07-03-18,18:49:14,Ch6,T. OVER
 07-03-18,18:50:14,Ch6,T. OVER
 07-03-18,18:51:14,Ch6,T. OVER
 07-03-18,18:52:14,Ch6,T. OVER
 07-03-18,18:53:14,Ch6,T. OVER
 07-03-18,18:54:14,Ch6,T. OVER
 07-03-18,18:55:14,Ch6,T. OVER
 07-03-18,18:56:14,Ch6,T. OVER
 07-03-18,18:57:14,Ch6,T. OVER
 07-03-18,18:58:15,Ch6,T. OVER
 07-03-18,18:59:15,Ch6,T. OVER
 07-03-18,19:00:15,Ch6,T. OVER
 07-03-18,19:01:15,Ch6,T. OVER
 07-03-18,19:02:15,Ch6,T. OVER
 07-03-18,19:03:15,Ch6,T. OVER
 07-03-18,19:04:15,Ch6,T. OVER
 07-03-18,19:05:15,Ch6,T. OVER
 07-03-18,19:06:15,Ch6,T. OVER
 07-03-18,19:07:15,Ch6,T. OVER
 07-03-18,19:08:15,Ch6,T. OVER
 07-03-18,19:09:15,Ch6,T. OVER
 07-03-18,19:10:15,Ch6,T. OVER
 07-03-18,19:11:15,Ch6,T. OVER
 07-03-18,19:12:15,Ch6,T. OVER
 07-03-18,19:13:15,Ch6,T. OVER
 07-03-18,19:14:15,Ch6,T. OVER
 07-03-18,19:15:15,Ch6,T. OVER
 07-03-18,19:16:15,Ch6,T. OVER
 07-03-18,19:17:15,Ch6,T. OVER
 07-03-18,19:18:16,Ch6,T. OVER
 07-03-18,19:19:16,Ch6,T. OVER
 07-03-18,19:20:16,Ch6,T. OVER
 07-03-18,19:21:16,Ch6,T. OVER
 07-03-18,19:22:16,Ch6,T. OVER
 07-03-18,19:23:16,Ch6,T. OVER
 07-03-18,19:24:16,Ch6,T. OVER
 07-03-18,19:25:16,Ch6,T. OVER
 07-03-18,19:26:16,Ch6,T. OVER
 07-03-18,19:27:16,Ch6,T. OVER
 07-03-18,19:28:16,Ch6,T. OVER
 07-03-18,19:29:16,Ch6,T. OVER
 07-03-18,19:30:16,Ch6,T. OVER
 07-03-18,19:31:16,Ch6,T. OVER
 07-03-18,19:32:16,Ch6,T. OVER
 07-03-18,19:33:16,Ch6,T. OVER
 07-03-18,19:34:16,Ch6,T. OVER
 07-03-18,19:35:16,Ch6,T. OVER
 07-03-18,19:36:17,Ch6,T. OVER
 07-03-18,19:37:17,Ch6,T. OVER
 07-03-18,19:38:17,Ch6,T. OVER
 07-03-18,19:39:17,Ch6,T. OVER
 07-03-18,19:40:17,Ch6,T. OVER
 07-03-18,19:41:17,Ch6,T. OVER
 07-03-18,19:42:17,Ch6,T. OVER
 07-03-18,19:43:17,Ch6,T. OVER
 07-03-18,19:44:17,Ch6,T. OVER
 07-03-18,19:45:17,Ch6,T. OVER
 07-03-18,19:46:17,Ch6,T. OVER
 07-03-18,19:47:17,Ch6,T. OVER
 07-03-18,19:48:18,Ch6,T. OVER
 07-03-18,19:49:18,Ch6,T. OVER
 07-03-18,19:50:18,Ch6,T. OVER
 07-03-18,19:51:18,Ch6,T. OVER
 07-03-18,19:52:18,Ch6,T. OVER
 07-03-18,19:53:18,Ch6,T. OVER
 07-03-18,19:54:18,Ch6,T. OVER
 07-03-18,19:55:18,Ch6,T. OVER
 07-03-18,19:56:18,Ch6,T. OVER
 07-03-18,19:57:19,Ch6,T. OVER
 07-03-18,19:58:19,Ch6,T. OVER
 07-03-18,19:59:19,Ch6,T. OVER
 07-03-18,20:00:19,Ch6,T. OVER
 07-03-18,20:01:19,Ch6,T. OVER
 07-03-18,20:02:19,Ch6,T. OVER
 07-03-18,20:03:19,Ch6,T. OVER
 07-03-18,20:04:19,Ch6,T. OVER
 07-03-18,20:05:19,Ch6,T. OVER
 07-03-18,20:06:19,Ch6,T. OVER
 07-03-18,20:07:19,Ch6,T. OVER
 07-03-18,20:08:19,Ch6,T. OVER
 07-03-18,20:09:19,Ch6,T. OVER
 07-03-18,20:10:19,Ch6,T. OVER
 07-03-18,20:11:20,Ch6,T. OVER
 07-03-18,20:12:20,Ch6,T. OVER
 07-03-18,20:13:20,Ch6,T. OVER
 07-03-18,20:14:20,Ch6,T. OVER
 07-03-18,20:15:20,Ch6,T. OVER
 07-03-18,20:16:20,Ch6,T. OVER
 07-03-18,20:17:20,Ch6,T. OVER
 07-03-18,20:18:20,Ch6,T. OVER
 07-03-18,20:19:20,Ch6,T. OVER
 07-03-18,20:20:20,Ch6,T. OVER
 07-03-18,20:21:21,Ch6,T. OVER
 07-03-18,20:22:21,Ch6,T. OVER
 07-03-18,20:23:21,Ch6,T. OVER
 07-03-18,20:24:21,Ch6,T. OVER
 07-03-18,20:25:21,Ch6,T. OVER
 07-03-18,20:26:21,Ch6,T. OVER
 07-03-18,20:27:21,Ch6,T. OVER
 07-03-18,20:28:21,Ch6,T. OVER
 07-03-18,20:29:21,Ch6,T. OVER
 07-03-18,20:30:22,Ch6,T. OVER
 07-03-18,20:31:22,Ch6,T. OVER
 07-03-18,20:32:22,Ch6,T. OVER
 07-03-18,20:33:22,Ch6,T. OVER
 07-03-18,20:34:22,Ch6,T. OVER
 07-03-18,20:35:22,Ch6,T. OVER
 07-03-18,20:36:22,Ch6,T. OVER
 07-03-18,20:37:22,Ch6,T. OVER
 07-03-18,20:38:22,Ch6,T. OVER
 07-03-18,20:39:22,Ch6,T. OVER
 07-03-18,20:40:22,Ch6,T. OVER
 07-03-18,20:41:22,Ch6,T. OVER
 07-03-18,20:42:22,Ch6,T. OVER
 07-03-18,20:43:22,Ch6,T. OVER
 07-03-18,20:44:22,Ch6,T. OVER
 07-03-18,20:45:22,Ch6,T. OVER
 07-03-18,20:46:22,Ch6,T. OVER
 07-03-18,20:47:22,Ch6,T. OVER
 07-03-18,20:48:22,Ch6,T. OVER
 07-03-18,20:49:22,Ch6,T. OVER
 07-03-18,20:50:22,Ch6,T. OVER
 07-03-18,20:51:22,Ch6,T. OVER
 07-03-18,20:52:22,Ch6,T. OVER
 07-03-18,20:53:23,Ch6,T. OVER
 07-03-18,20:54:23,Ch6,T. OVER
 07-03-18,20:55:23,Ch6,T. OVER
 07-03-18,20:56:23,Ch6,T. OVER
 07-03-18,20:57:23,Ch6,T. OVER
 07-03-18,20:58:23,Ch6,T. OVER
 07-03-18,20:59:23,Ch6,T. OVER
 07-03-18,21:00:23,Ch6,T. OVER
 07-03-18,21:01:23,Ch6,T. OVER
 07-03-18,21:02:23,Ch6,T. OVER
 07-03-18,21:03:23,Ch6,T. OVER
 07-03-18,21:04:23,Ch6,T. OVER
 07-03-18,21:05:23,Ch6,T. OVER
 07-03-18,21:06:23,Ch6,T. OVER
 07-03-18,21:07:23,Ch6,T. OVER
 07-03-18,21:08:23,Ch6,T. OVER
 07-03-18,21:09:23,Ch6,T. OVER
 07-03-18,21:10:24,Ch6,T. OVER
 07-03-18,21:11:24,Ch6,T. OVER
 07-03-18,21:12:24,Ch6,T. OVER
 07-03-18,21:13:24,Ch6,T. OVER
 07-03-18,21:14:24,Ch6,T. OVER
 07-03-18,21:15:24,Ch6,T. OVER
 07-03-18,21:16:24,Ch6,T. OVER
 07-03-18,21:17:24,Ch6,T. OVER
 07-03-18,21:18:24,Ch6,T. OVER
 07-03-18,21:19:24,Ch6,T. OVER
 07-03-18,21:20:24,Ch6,T. OVER
 07-03-18,21:21:25,Ch6,T. OVER
 07-03-18,21:22:25,Ch6,T. OVER
 07-03-18,21:23:25,Ch6,T. OVER
 07-03-18,21:24:25,Ch6,T. OVER
 07-03-18,21:25:25,Ch6,T. OVER
 07-03-18,21:26:25,Ch6,T. OVER
 07-03-18,21:27:25,Ch6,T. OVER
 07-03-18,21:28:25,Ch6,T. OVER
 07-03-18,21:29:25,Ch6,T. OVER
 07-03-18,21:30:25,Ch6,T. OVER
 07-03-18,21:31:26,Ch6,T. OVER
 07-03-18,21:32:26,Ch6,T. OVER
 07-03-18,21:33:26,Ch6,T. OVER
 07-03-18,21:34:26,Ch6,T. OVER
 07-03-18,21:35:26,Ch6,T. OVER
 07-03-18,21:36:26,Ch6,T. OVER
 07-03-18,21:37:26,Ch6,T. OVER
 07-03-18,21:38:26,Ch6,T. OVER
 07-03-18,21:39:26,Ch6,T. OVER
 07-03-18,21:40:26,Ch6,T. OVER
 07-03-18,21:41:26,Ch6,T. OVER
 07-03-18,21:42:27,Ch6,T. OVER
 07-03-18,21:43:27,Ch6,T. OVER
 07-03-18,21:44:27,Ch6,T. OVER
 07-03-18,21:45:27,Ch6,T. OVER
 07-03-18,21:46:27,Ch6,T. OVER
 07-03-18,21:47:27,Ch6,T. OVER
 07-03-18,21:48:27,Ch6,T. OVER
 07-03-18,21:49:27,Ch6,T. OVER
 07-03-18,21:50:27,Ch6,T. OVER
 07-03-18,21:51:28,Ch6,T. OVER
 07-03-18,21:52:28,Ch6,T. OVER
 07-03-18,21:53:28,Ch6,T. OVER
 07-03-18,21:54:28,Ch6,T. OVER
 07-03-18,21:55:28,Ch6,T. OVER
 07-03-18,21:56:28,Ch6,T. OVER
 07-03-18,21:57:28,Ch6,T. OVER
 07-03-18,21:58:28,Ch6,T. OVER
 07-03-18,21:59:29,Ch6,T. OVER
 07-03-18,22:00:29,Ch6,T. OVER
 07-03-18,22:01:29,Ch6,T. OVER
 07-03-18,22:02:29,Ch6,T. OVER
 07-03-18,22:03:29,Ch6,T. OVER
 07-03-18,22:04:29,Ch6,T. OVER
 07-03-18,22:05:29,Ch6,T. OVER
 07-03-18,22:06:29,Ch5,VDIF OVL 07-03-18,22:06:29,Ch6,T. OVER
 07-03-18,22:07:29,Ch6,T. OVER
 07-03-18,22:08:29,Ch6,T. OVER
 07-03-18,22:09:29,Ch6,T. OVER
 07-03-18,22:10:30,Ch6,T. OVER
 07-03-18,22:11:30,Ch6,T. OVER
 07-03-18,22:12:30,Ch6,T. OVER
 07-03-18,22:13:30,Ch6,T. OVER
 07-03-18,22:14:30,Ch6,T. OVER
 07-03-18,22:15:30,Ch6,T. OVER
 07-03-18,22:16:30,Ch6,T. OVER
 07-03-18,22:17:31,Ch6,T. OVER
 07-03-18,22:18:31,Ch6,T. OVER
 07-03-18,22:19:31,Ch6,T. OVER
 07-03-18,22:20:31,Ch6,T. OVER
 07-03-18,22:21:31,Ch6,T. OVER
 07-03-18,22:22:31,Ch6,T. OVER
 07-03-18,22:23:31,Ch6,T. OVER
 07-03-18,22:24:31,Ch6,T. OVER
 07-03-18,22:25:31,Ch6,T. OVER
 07-03-18,22:26:31,Ch6,T. OVER
 07-03-18,22:27:31,Ch6,T. OVER
 07-03-18,22:28:31,Ch6,T. OVER
 07-03-18,22:29:31,Ch6,T. OVER
 07-03-18,22:30:31,Ch6,T. OVER
 07-03-18,22:31:31,Ch6,T. OVER
 07-03-18,22:32:31,Ch6,T. OVER
 07-03-18,22:33:32,Ch6,T. OVER
 07-03-18,22:34:32,Ch6,T. OVER
 07-03-18,22:35:32,Ch6,T. OVER
 07-03-18,22:36:32,Ch6,T. OVER
 07-03-18,22:37:32,Ch6,T. OVER
 07-03-18,22:38:32,Ch6,T. OVER
 07-03-18,22:39:32,Ch6,T. OVER
 07-03-18,22:40:32,Ch6,T. OVER
 07-03-18,22:41:32,Ch6,T. OVER
 07-03-18,22:42:33,Ch6,T. OVER
 07-03-18,22:43:33,Ch6,T. OVER
 07-03-18,22:44:33,Ch6,T. OVER
 07-03-18,22:45:33,Ch6,T. OVER
 07-03-18,22:46:33,Ch6,T. OVER
 07-03-18,22:47:33,Ch6,T. OVER
 07-03-18,22:48:33,Ch6,T. OVER
 07-03-18,22:49:33,Ch6,T. OVER
 07-03-18,22:50:33,Ch6,T. OVER
 07-03-18,22:51:33,Ch6,T. OVER
 07-03-18,22:52:33,Ch6,T. OVER
 07-03-18,22:53:33,Ch6,T. OVER
 07-03-18,22:54:33,Ch6,T. OVER
 07-03-18,22:55:33,Ch6,T. OVER
 07-03-18,22:56:33,Ch6,T. OVER
 07-03-18,22:57:33,Ch6,T. OVER
 07-03-18,22:58:34,Ch6,T. OVER
 07-03-18,22:59:34,Ch6,T. OVER
 07-03-18,23:00:34,Ch6,T. OVER
 07-03-18,23:01:34,Ch6,T. OVER
 07-03-18,23:02:34,Ch6,T. OVER
 07-03-18,23:03:34,Ch6,T. OVER
 07-03-18,23:04:34,Ch6,T. OVER
 07-03-18,23:05:34,Ch6,T. OVER
 07-03-18,23:06:34,Ch6,T. OVER
 07-03-18,23:07:34,Ch6,T. OVER
 07-03-18,23:08:34,Ch6,T. OVER
 07-03-18,23:09:34,Ch6,T. OVER
 07-03-18,23:10:34,Ch6,T. OVER
 07-03-18,23:11:34,Ch6,T. OVER
 07-03-18,23:12:34,Ch6,T. OVER
 07-03-18,23:13:34,Ch6,T. OVER
 07-03-18,23:14:35,Ch6,T. OVER
 07-03-18,23:15:35,Ch6,T. OVER
 07-03-18,23:16:35,Ch6,T. OVER
 07-03-18,23:17:35,Ch6,T. OVER
 07-03-18,23:18:35,Ch6,T. OVER
 07-03-18,23:19:35,Ch6,T. OVER
 07-03-18,23:20:35,Ch6,T. OVER
 07-03-18,23:21:35,Ch6,T. OVER
 07-03-18,23:22:35,Ch6,T. OVER
 07-03-18,23:23:35,Ch6,T. OVER
 07-03-18,23:24:35,Ch6,T. OVER
 07-03-18,23:25:36,Ch6,T. OVER
 07-03-18,23:26:36,Ch6,T. OVER
 07-03-18,23:27:36,Ch6,T. OVER
 07-03-18,23:28:36,Ch6,T. OVER
 07-03-18,23:29:36,Ch6,T. OVER
 07-03-18,23:30:36,Ch6,T. OVER
 07-03-18,23:31:36,Ch6,T. OVER
 07-03-18,23:32:36,Ch6,T. OVER
 07-03-18,23:33:36,Ch6,T. OVER
 07-03-18,23:34:36,Ch6,T. OVER
 07-03-18,23:35:36,Ch6,T. OVER
 07-03-18,23:36:36,Ch6,T. OVER
 07-03-18,23:37:36,Ch6,T. OVER
 07-03-18,23:38:36,Ch6,T. OVER
 07-03-18,23:39:36,Ch6,T. OVER
 07-03-18,23:40:36,Ch6,T. OVER
 07-03-18,23:41:37,Ch6,T. OVER
 07-03-18,23:42:37,Ch6,T. OVER
 07-03-18,23:43:37,Ch6,T. OVER
 07-03-18,23:44:37,Ch6,T. OVER
 07-03-18,23:45:37,Ch6,T. OVER
 07-03-18,23:46:37,Ch6,T. OVER
 07-03-18,23:47:37,Ch6,T. OVER
 07-03-18,23:48:37,Ch6,T. OVER
 07-03-18,23:49:37,Ch6,T. OVER
 07-03-18,23:50:37,Ch6,T. OVER
 07-03-18,23:51:37,Ch6,T. OVER
 07-03-18,23:52:37,Ch6,T. OVER
 07-03-18,23:53:37,Ch6,T. OVER
 07-03-18,23:54:37,Ch6,T. OVER
 07-03-18,23:55:37,Ch6,T. OVER
 07-03-18,23:56:37,Ch6,T. OVER
 07-03-18,23:57:37,Ch6,T. OVER
 07-03-18,23:58:37,Ch6,T. OVER
 07-03-18,23:59:37,Ch6,T. OVER
