 30-11-18,00:27:19,Ch6,VMIX OVL,VDIF OVL
 30-11-18,03:30:38,Ch6,T. OVER
 30-11-18,03:32:39,Ch6,T. OVER
 30-11-18,03:34:39,Ch6,T. OVER
 30-11-18,03:35:39,Ch6,T. OVER
 30-11-18,03:36:39,Ch6,T. OVER
 30-11-18,03:37:39,Ch6,T. OVER
 30-11-18,03:38:39,Ch6,T. OVER
 30-11-18,03:39:39,Ch6,T. OVER
 30-11-18,03:40:39,Ch6,T. OVER
 30-11-18,03:41:39,Ch6,T. OVER
 30-11-18,03:42:39,Ch6,T. OVER
 30-11-18,03:43:39,Ch6,T. OVER
 30-11-18,03:44:40,Ch6,T. OVER
 30-11-18,03:45:40,Ch6,T. OVER
 30-11-18,03:46:40,Ch6,T. OVER
 30-11-18,03:47:40,Ch6,T. OVER
 30-11-18,03:48:40,Ch6,T. OVER
 30-11-18,03:49:40,Ch6,T. OVER
 30-11-18,03:50:40,Ch6,T. OVER
 30-11-18,03:51:40,Ch6,T. OVER
 30-11-18,03:52:40,Ch6,T. OVER
 30-11-18,03:53:41,Ch6,T. OVER
 30-11-18,03:54:41,Ch6,T. OVER
 30-11-18,03:55:41,Ch6,T. OVER
 30-11-18,03:56:41,Ch6,T. OVER
 30-11-18,03:57:41,Ch6,T. OVER
 30-11-18,03:58:42,Ch6,T. OVER
 30-11-18,03:59:42,Ch6,T. OVER
 30-11-18,04:00:42,Ch6,T. OVER
 30-11-18,04:01:42,Ch6,T. OVER
 30-11-18,04:02:42,Ch6,T. OVER
 30-11-18,04:03:42,Ch6,T. OVER
 30-11-18,04:04:42,Ch6,T. OVER
 30-11-18,04:05:42,Ch6,T. OVER
 30-11-18,04:06:42,Ch6,T. OVER
 30-11-18,04:07:42,Ch6,T. OVER
 30-11-18,04:08:42,Ch6,T. OVER
 30-11-18,04:09:42,Ch6,T. OVER
 30-11-18,04:10:42,Ch6,T. OVER
 30-11-18,04:11:42,Ch6,T. OVER
 30-11-18,04:12:42,Ch6,T. OVER
 30-11-18,04:13:43,Ch6,T. OVER
 30-11-18,04:14:43,Ch6,T. OVER
 30-11-18,04:15:43,Ch6,T. OVER
 30-11-18,04:16:43,Ch6,T. OVER
 30-11-18,04:17:43,Ch6,T. OVER
 30-11-18,04:18:44,Ch6,T. OVER
 30-11-18,04:19:44,Ch6,T. OVER
 30-11-18,04:20:44,Ch6,T. OVER
 30-11-18,04:21:44,Ch6,T. OVER
 30-11-18,04:22:44,Ch6,T. OVER
 30-11-18,04:23:44,Ch6,T. OVER
 30-11-18,04:24:45,Ch6,T. OVER
 30-11-18,04:25:45,Ch6,T. OVER
 30-11-18,04:26:45,Ch6,T. OVER
 30-11-18,04:27:45,Ch6,T. OVER
 30-11-18,04:28:45,Ch6,T. OVER
 30-11-18,04:29:45,Ch6,T. OVER
 30-11-18,04:30:45,Ch6,T. OVER
 30-11-18,04:31:46,Ch6,T. OVER
 30-11-18,04:32:46,Ch6,T. OVER
 30-11-18,04:33:46,Ch6,T. OVER
 30-11-18,04:34:46,Ch6,T. OVER
 30-11-18,04:35:46,Ch6,T. OVER
 30-11-18,04:36:46,Ch6,T. OVER
 30-11-18,04:37:46,Ch6,T. OVER
 30-11-18,04:38:46,Ch6,T. OVER
 30-11-18,04:39:47,Ch6,T. OVER
 30-11-18,04:40:47,Ch6,T. OVER
 30-11-18,04:41:47,Ch6,T. OVER
 30-11-18,04:42:47,Ch6,T. OVER
 30-11-18,04:43:47,Ch6,T. OVER
 30-11-18,04:44:47,Ch6,T. OVER
 30-11-18,04:45:47,Ch6,T. OVER
 30-11-18,04:46:47,Ch6,T. OVER
 30-11-18,04:47:47,Ch6,T. OVER
 30-11-18,04:48:47,Ch6,T. OVER
 30-11-18,04:49:48,Ch6,T. OVER
 30-11-18,04:50:48,Ch6,T. OVER
 30-11-18,04:51:48,Ch6,T. OVER
 30-11-18,04:52:48,Ch6,T. OVER
 30-11-18,04:53:48,Ch6,T. OVER
 30-11-18,04:54:48,Ch6,T. OVER
 30-11-18,04:55:48,Ch6,T. OVER
 30-11-18,04:56:48,Ch6,T. OVER
 30-11-18,04:57:48,Ch6,T. OVER
 30-11-18,04:58:49,Ch6,T. OVER
 30-11-18,04:59:49,Ch6,T. OVER
 30-11-18,05:00:49,Ch6,T. OVER
 30-11-18,05:01:49,Ch6,T. OVER
 30-11-18,05:02:49,Ch6,T. OVER
 30-11-18,05:03:50,Ch6,T. OVER
 30-11-18,05:04:50,Ch6,T. OVER
 30-11-18,05:05:50,Ch6,T. OVER
 30-11-18,05:06:50,Ch6,T. OVER
 30-11-18,05:07:50,Ch6,T. OVER
 30-11-18,05:08:50,Ch6,T. OVER
 30-11-18,05:09:50,Ch6,T. OVER
 30-11-18,05:10:50,Ch6,T. OVER
 30-11-18,05:11:51,Ch6,T. OVER
 30-11-18,05:12:51,Ch6,T. OVER
 30-11-18,05:13:51,Ch6,T. OVER
 30-11-18,05:14:51,Ch6,T. OVER
 30-11-18,05:15:51,Ch6,T. OVER
 30-11-18,05:16:51,Ch6,T. OVER
 30-11-18,05:17:52,Ch6,T. OVER
 30-11-18,05:18:52,Ch6,T. OVER
 30-11-18,05:19:52,Ch6,T. OVER
 30-11-18,05:20:52,Ch6,T. OVER
 30-11-18,05:21:52,Ch6,T. OVER
 30-11-18,05:22:52,Ch6,T. OVER
 30-11-18,05:23:52,Ch6,T. OVER
 30-11-18,05:24:52,Ch6,T. OVER
 30-11-18,05:25:53,Ch6,T. OVER
 30-11-18,05:26:53,Ch6,T. OVER
 30-11-18,05:27:53,Ch6,T. OVER
 30-11-18,05:28:53,Ch6,T. OVER
 30-11-18,05:29:53,Ch6,T. OVER
 30-11-18,05:30:53,Ch6,T. OVER
 30-11-18,05:31:53,Ch6,T. OVER
 30-11-18,05:32:53,Ch6,T. OVER
 30-11-18,05:33:54,Ch6,T. OVER
 30-11-18,05:34:54,Ch6,T. OVER
 30-11-18,05:35:54,Ch6,T. OVER
 30-11-18,05:36:54,Ch6,T. OVER
 30-11-18,05:37:54,Ch6,T. OVER
 30-11-18,05:38:54,Ch6,T. OVER
 30-11-18,05:39:54,Ch6,T. OVER
 30-11-18,05:40:54,Ch6,T. OVER
 30-11-18,05:41:54,Ch6,T. OVER
 30-11-18,05:42:55,Ch6,T. OVER
 30-11-18,05:43:55,Ch6,T. OVER
 30-11-18,05:44:55,Ch6,T. OVER
 30-11-18,05:45:55,Ch6,T. OVER
 30-11-18,05:46:55,Ch6,T. OVER
 30-11-18,05:47:55,Ch6,T. OVER
 30-11-18,05:48:55,Ch6,T. OVER
 30-11-18,05:49:55,Ch6,T. OVER
 30-11-18,05:50:55,Ch6,T. OVER
 30-11-18,05:51:55,Ch6,T. OVER
 30-11-18,05:52:56,Ch6,T. OVER
 30-11-18,05:53:56,Ch6,T. OVER
 30-11-18,05:54:56,Ch6,T. OVER
 30-11-18,05:55:56,Ch6,T. OVER
 30-11-18,05:56:56,Ch6,T. OVER
 30-11-18,05:57:56,Ch6,T. OVER
 30-11-18,05:58:56,Ch6,T. OVER
 30-11-18,05:59:56,Ch6,T. OVER
 30-11-18,06:00:56,Ch6,T. OVER
 30-11-18,06:01:57,Ch6,T. OVER
 30-11-18,06:02:57,Ch6,T. OVER
 30-11-18,06:03:57,Ch6,T. OVER
 30-11-18,06:04:57,Ch6,T. OVER
 30-11-18,06:05:57,Ch6,T. OVER
 30-11-18,06:06:57,Ch6,T. OVER
 30-11-18,06:07:57,Ch6,T. OVER
 30-11-18,06:08:57,Ch6,T. OVER
 30-11-18,06:09:57,Ch6,T. OVER
 30-11-18,06:10:58,Ch6,T. OVER
 30-11-18,06:11:58,Ch6,T. OVER
 30-11-18,06:12:58,Ch6,T. OVER
 30-11-18,06:13:58,Ch6,T. OVER
 30-11-18,06:14:58,Ch6,T. OVER
 30-11-18,06:15:58,Ch6,T. OVER
 30-11-18,06:16:59,Ch6,T. OVER
 30-11-18,06:17:59,Ch6,T. OVER
 30-11-18,06:18:59,Ch6,T. OVER
 30-11-18,06:19:59,Ch6,T. OVER
 30-11-18,06:20:59,Ch6,T. OVER
 30-11-18,06:21:59,Ch6,T. OVER
 30-11-18,06:22:59,Ch6,T. OVER
 30-11-18,06:23:59,Ch6,T. OVER
 30-11-18,06:24:59,Ch6,T. OVER
 30-11-18,06:25:59,Ch6,T. OVER
 30-11-18,06:27:00,Ch6,T. OVER
 30-11-18,06:28:00,Ch6,T. OVER
 30-11-18,06:29:00,Ch6,T. OVER
 30-11-18,06:30:00,Ch6,T. OVER
 30-11-18,06:31:00,Ch6,T. OVER
 30-11-18,06:32:00,Ch6,T. OVER
 30-11-18,06:33:00,Ch6,T. OVER
 30-11-18,06:34:01,Ch6,T. OVER
 30-11-18,06:35:01,Ch6,T. OVER
 30-11-18,06:36:01,Ch6,T. OVER
 30-11-18,06:37:01,Ch6,T. OVER
 30-11-18,06:38:01,Ch6,T. OVER
 30-11-18,06:39:01,Ch6,T. OVER
 30-11-18,06:40:01,Ch6,T. OVER
 30-11-18,06:41:01,Ch6,T. OVER
 30-11-18,06:42:02,Ch6,T. OVER
 30-11-18,06:43:02,Ch6,T. OVER
 30-11-18,06:44:02,Ch6,T. OVER
 30-11-18,06:45:02,Ch6,T. OVER
 30-11-18,06:46:02,Ch6,T. OVER
 30-11-18,06:47:02,Ch6,T. OVER
 30-11-18,06:48:02,Ch6,T. OVER
 30-11-18,06:49:02,Ch6,T. OVER
 30-11-18,06:50:02,Ch6,T. OVER
 30-11-18,06:51:03,Ch6,T. OVER
 30-11-18,06:52:03,Ch6,T. OVER
 30-11-18,06:53:03,Ch6,T. OVER
 30-11-18,06:54:03,Ch6,T. OVER
 30-11-18,06:55:03,Ch6,T. OVER
 30-11-18,06:56:03,Ch6,T. OVER
 30-11-18,06:57:03,Ch6,T. OVER
 30-11-18,06:58:04,Ch6,T. OVER
 30-11-18,06:59:04,Ch6,T. OVER
 30-11-18,07:00:04,Ch6,T. OVER
 30-11-18,07:01:04,Ch6,T. OVER
 30-11-18,07:02:04,Ch6,T. OVER
 30-11-18,07:03:04,Ch6,T. OVER
 30-11-18,07:04:04,Ch6,T. OVER
 30-11-18,07:05:04,Ch6,T. OVER
 30-11-18,07:06:04,Ch6,T. OVER
 30-11-18,07:07:04,Ch6,T. OVER
 30-11-18,07:08:04,Ch6,T. OVER
 30-11-18,07:09:05,Ch6,T. OVER
 30-11-18,07:10:05,Ch6,T. OVER
 30-11-18,07:11:05,Ch6,T. OVER
 30-11-18,07:12:05,Ch6,T. OVER
 30-11-18,07:13:05,Ch6,T. OVER
 30-11-18,07:14:05,Ch6,T. OVER
 30-11-18,07:15:05,Ch6,T. OVER
 30-11-18,07:16:05,Ch6,T. OVER
 30-11-18,07:17:05,Ch6,T. OVER
 30-11-18,07:18:05,Ch6,T. OVER
 30-11-18,07:19:05,Ch6,T. OVER
 30-11-18,07:20:05,Ch6,T. OVER
 30-11-18,07:21:05,Ch6,T. OVER
 30-11-18,07:22:05,Ch6,T. OVER
 30-11-18,07:23:05,Ch6,T. OVER
 30-11-18,07:24:05,Ch6,T. OVER
 30-11-18,07:25:05,Ch6,T. OVER
 30-11-18,07:26:05,Ch6,T. OVER
 30-11-18,07:27:05,Ch6,T. OVER
 30-11-18,07:28:05,Ch6,T. OVER
 30-11-18,07:29:06,Ch6,T. OVER
 30-11-18,07:30:06,Ch6,T. OVER
 30-11-18,07:31:06,Ch6,T. OVER
 30-11-18,07:32:06,Ch6,T. OVER
 30-11-18,07:33:06,Ch6,T. OVER
 30-11-18,07:34:06,Ch6,T. OVER
 30-11-18,07:35:06,Ch6,T. OVER
 30-11-18,07:36:06,Ch6,T. OVER
 30-11-18,07:37:06,Ch6,T. OVER
 30-11-18,07:38:06,Ch6,T. OVER
 30-11-18,07:39:07,Ch6,T. OVER
 30-11-18,07:40:07,Ch6,T. OVER
 30-11-18,07:41:07,Ch6,T. OVER
 30-11-18,07:42:07,Ch6,T. OVER
 30-11-18,07:43:07,Ch6,T. OVER
 30-11-18,07:44:07,Ch6,T. OVER
 30-11-18,07:45:07,Ch6,T. OVER
 30-11-18,07:46:07,Ch6,T. OVER
 30-11-18,07:47:07,Ch6,T. OVER
 30-11-18,07:48:07,Ch6,T. OVER
 30-11-18,07:49:07,Ch6,T. OVER
 30-11-18,07:50:07,Ch6,T. OVER
 30-11-18,07:51:07,Ch6,T. OVER
 30-11-18,07:52:07,Ch6,T. OVER
 30-11-18,07:53:07,Ch6,T. OVER
 30-11-18,07:54:07,Ch6,T. OVER
 30-11-18,07:55:07,Ch6,T. OVER
 30-11-18,07:56:07,Ch6,T. OVER
 30-11-18,07:57:08,Ch6,T. OVER
 30-11-18,07:58:08,Ch6,T. OVER
 30-11-18,07:59:08,Ch6,T. OVER
 30-11-18,08:00:08,Ch6,T. OVER
 30-11-18,08:01:08,Ch6,T. OVER
 30-11-18,08:02:08,Ch6,T. OVER
 30-11-18,08:03:09,Ch6,T. OVER
 30-11-18,08:04:09,Ch6,T. OVER
 30-11-18,08:05:09,Ch6,T. OVER
 30-11-18,08:06:09,Ch6,T. OVER
 30-11-18,08:07:09,Ch6,T. OVER
 30-11-18,08:08:09,Ch6,T. OVER
 30-11-18,08:09:10,Ch6,T. OVER
 30-11-18,08:10:10,Ch6,T. OVER
 30-11-18,08:11:10,Ch6,T. OVER
 30-11-18,08:12:10,Ch6,T. OVER
 30-11-18,08:13:10,Ch6,T. OVER
 30-11-18,08:14:10,Ch6,T. OVER
 30-11-18,08:15:10,Ch6,T. OVER
 30-11-18,08:16:11,Ch6,T. OVER
 30-11-18,08:17:11,Ch6,T. OVER
 30-11-18,08:18:11,Ch6,T. OVER
 30-11-18,08:19:11,Ch6,T. OVER
 30-11-18,08:20:11,Ch6,T. OVER
 30-11-18,08:21:11,Ch6,T. OVER
 30-11-18,08:22:11,Ch6,T. OVER
 30-11-18,08:23:12,Ch6,T. OVER
 30-11-18,08:24:12,Ch6,T. OVER
 30-11-18,08:25:12,Ch6,T. OVER
 30-11-18,08:26:12,Ch6,T. OVER
 30-11-18,08:27:12,Ch6,T. OVER
 30-11-18,08:28:12,Ch6,T. OVER
 30-11-18,08:29:13,Ch6,T. OVER
 30-11-18,08:30:13,Ch6,T. OVER
 30-11-18,08:31:13,Ch6,T. OVER
 30-11-18,08:32:13,Ch6,T. OVER
 30-11-18,08:33:13,Ch6,T. OVER
 30-11-18,08:34:13,Ch6,T. OVER
 30-11-18,08:35:13,Ch6,T. OVER
 30-11-18,08:36:13,Ch6,T. OVER
 30-11-18,08:37:13,Ch6,T. OVER
 30-11-18,08:38:13,Ch6,T. OVER
 30-11-18,08:39:13,Ch6,T. OVER
 30-11-18,08:40:13,Ch6,T. OVER
 30-11-18,08:41:14,Ch6,T. OVER
 30-11-18,08:42:14,Ch6,T. OVER
 30-11-18,08:43:14,Ch6,T. OVER
 30-11-18,08:44:14,Ch6,T. OVER
 30-11-18,08:45:14,Ch6,T. OVER
 30-11-18,08:46:14,Ch6,T. OVER
 30-11-18,08:47:14,Ch6,T. OVER
 30-11-18,08:48:14,Ch6,T. OVER
 30-11-18,08:49:14,Ch6,T. OVER
 30-11-18,08:50:14,Ch6,T. OVER
 30-11-18,08:51:14,Ch6,T. OVER
 30-11-18,08:52:14,Ch6,T. OVER
 30-11-18,08:53:15,Ch6,T. OVER
 30-11-18,08:54:15,Ch6,T. OVER
 30-11-18,08:55:15,Ch6,T. OVER
 30-11-18,08:56:15,Ch6,T. OVER
 30-11-18,08:57:16,Ch6,T. OVER
 30-11-18,08:58:16,Ch6,T. OVER
 30-11-18,08:59:16,Ch6,T. OVER
 30-11-18,09:00:16,Ch6,T. OVER
 30-11-18,09:01:16,Ch6,T. OVER
 30-11-18,09:02:16,Ch6,T. OVER
 30-11-18,09:03:16,Ch6,T. OVER
 30-11-18,09:04:16,Ch6,T. OVER
 30-11-18,09:05:17,Ch6,T. OVER
 30-11-18,09:06:17,Ch6,T. OVER
 30-11-18,09:07:17,Ch6,T. OVER
 30-11-18,09:08:17,Ch6,T. OVER
 30-11-18,09:09:17,Ch6,T. OVER
 30-11-18,09:10:18,Ch6,T. OVER
 30-11-18,09:11:18,Ch6,T. OVER
 30-11-18,09:12:18,Ch6,T. OVER
 30-11-18,09:13:18,Ch6,T. OVER
 30-11-18,09:14:18,Ch6,T. OVER
 30-11-18,09:15:18,Ch6,T. OVER
 30-11-18,09:16:18,Ch6,T. OVER
 30-11-18,09:17:18,Ch6,T. OVER
 30-11-18,09:18:18,Ch6,T. OVER
 30-11-18,09:19:18,Ch6,T. OVER
 30-11-18,09:20:18,Ch6,T. OVER
 30-11-18,09:21:19,Ch6,T. OVER
 30-11-18,09:22:19,Ch6,T. OVER
 30-11-18,09:23:19,Ch6,T. OVER
 30-11-18,09:24:19,Ch6,T. OVER
 30-11-18,09:25:19,Ch6,T. OVER
 30-11-18,09:26:19,Ch6,T. OVER
 30-11-18,09:27:19,Ch6,T. OVER
 30-11-18,09:28:20,Ch6,T. OVER
 30-11-18,09:29:20,Ch6,T. OVER
 30-11-18,09:30:20,Ch6,T. OVER
 30-11-18,09:31:20,Ch6,T. OVER
 30-11-18,09:32:20,Ch6,T. OVER
 30-11-18,09:33:20,Ch6,T. OVER
 30-11-18,09:34:20,Ch6,T. OVER
 30-11-18,09:35:20,Ch6,T. OVER
 30-11-18,09:36:20,Ch6,T. OVER
 30-11-18,09:37:20,Ch6,T. OVER
 30-11-18,09:38:20,Ch6,T. OVER
 30-11-18,09:39:20,Ch6,T. OVER
 30-11-18,09:40:20,Ch6,T. OVER
 30-11-18,09:41:21,Ch6,T. OVER
 30-11-18,09:42:21,Ch6,T. OVER
 30-11-18,09:43:21,Ch6,T. OVER
 30-11-18,09:44:21,Ch6,T. OVER
 30-11-18,09:45:21,Ch6,T. OVER
 30-11-18,09:46:21,Ch6,T. OVER
 30-11-18,09:47:21,Ch6,T. OVER
 30-11-18,09:48:21,Ch6,T. OVER
 30-11-18,09:49:21,Ch6,T. OVER
 30-11-18,09:50:21,Ch6,T. OVER
 30-11-18,09:51:21,Ch6,T. OVER
 30-11-18,09:52:21,Ch6,T. OVER
 30-11-18,09:53:22,Ch6,T. OVER
 30-11-18,09:54:22,Ch6,T. OVER
 30-11-18,09:55:22,Ch6,T. OVER
 30-11-18,09:56:22,Ch6,T. OVER
 30-11-18,09:57:22,Ch6,T. OVER
 30-11-18,09:58:22,Ch6,T. OVER
 30-11-18,09:59:22,Ch6,T. OVER
 30-11-18,10:00:22,Ch6,T. OVER
 30-11-18,10:01:22,Ch6,T. OVER
 30-11-18,10:02:22,Ch6,T. OVER
 30-11-18,10:03:22,Ch6,T. OVER
 30-11-18,10:04:23,Ch6,T. OVER
 30-11-18,10:05:23,Ch6,T. OVER
 30-11-18,10:06:23,Ch6,T. OVER
 30-11-18,10:07:23,Ch6,T. OVER
 30-11-18,10:08:23,Ch6,T. OVER
 30-11-18,10:09:23,Ch6,T. OVER
 30-11-18,10:10:23,Ch6,T. OVER
 30-11-18,10:11:23,Ch6,T. OVER
 30-11-18,10:12:23,Ch6,T. OVER
 30-11-18,10:13:24,Ch6,T. OVER
 30-11-18,10:14:24,Ch6,T. OVER
 30-11-18,10:15:24,Ch6,T. OVER
 30-11-18,10:16:24,Ch6,T. OVER
 30-11-18,10:17:24,Ch6,T. OVER
 30-11-18,10:18:24,Ch6,T. OVER
 30-11-18,10:19:24,Ch6,T. OVER
 30-11-18,10:20:24,Ch6,T. OVER
 30-11-18,10:21:25,Ch6,T. OVER
 30-11-18,10:22:25,Ch6,T. OVER
 30-11-18,10:23:25,Ch6,T. OVER
 30-11-18,10:24:25,Ch6,T. OVER
 30-11-18,10:25:25,Ch6,T. OVER
 30-11-18,10:26:25,Ch6,T. OVER
 30-11-18,10:27:25,Ch6,T. OVER
 30-11-18,10:28:25,Ch6,T. OVER
 30-11-18,10:29:26,Ch6,T. OVER
 30-11-18,10:30:26,Ch6,T. OVER
 30-11-18,10:31:26,Ch6,T. OVER
 30-11-18,10:32:26,Ch6,T. OVER
 30-11-18,10:33:26,Ch6,T. OVER
 30-11-18,10:34:26,Ch6,T. OVER
 30-11-18,10:35:26,Ch6,T. OVER
 30-11-18,10:36:26,Ch6,T. OVER
 30-11-18,10:37:27,Ch6,T. OVER
 30-11-18,10:38:27,Ch6,T. OVER
 30-11-18,10:39:27,Ch6,T. OVER
 30-11-18,10:40:27,Ch6,T. OVER
 30-11-18,10:41:27,Ch6,T. OVER
 30-11-18,10:42:27,Ch6,T. OVER
 30-11-18,10:43:27,Ch6,T. OVER
 30-11-18,10:44:27,Ch6,T. OVER
 30-11-18,10:45:28,Ch6,T. OVER
 30-11-18,10:46:28,Ch6,T. OVER
 30-11-18,10:47:28,Ch6,T. OVER
 30-11-18,10:48:28,Ch6,T. OVER
 30-11-18,10:49:28,Ch6,T. OVER
 30-11-18,10:50:29,Ch6,T. OVER
 30-11-18,10:51:29,Ch6,T. OVER
 30-11-18,10:52:29,Ch6,T. OVER
 30-11-18,10:53:29,Ch6,T. OVER
 30-11-18,10:54:29,Ch6,T. OVER
 30-11-18,10:55:29,Ch6,T. OVER
 30-11-18,10:56:29,Ch6,T. OVER
 30-11-18,10:57:29,Ch6,T. OVER
 30-11-18,10:58:29,Ch6,T. OVER
 30-11-18,10:59:29,Ch6,T. OVER
 30-11-18,11:00:29,Ch6,T. OVER
 30-11-18,11:01:29,Ch6,T. OVER
 30-11-18,11:02:29,Ch6,T. OVER
 30-11-18,11:03:29,Ch6,T. OVER
 30-11-18,11:04:30,Ch6,T. OVER
 30-11-18,11:05:30,Ch6,T. OVER
 30-11-18,11:06:30,Ch6,T. OVER
 30-11-18,11:07:30,Ch6,T. OVER
 30-11-18,11:08:30,Ch6,T. OVER
 30-11-18,11:09:30,Ch6,T. OVER
 30-11-18,11:10:30,Ch6,T. OVER
 30-11-18,11:11:31,Ch6,T. OVER
 30-11-18,11:12:31,Ch6,T. OVER
 30-11-18,11:13:31,Ch6,T. OVER
 30-11-18,11:14:31,Ch6,T. OVER
 30-11-18,11:15:31,Ch6,T. OVER
 30-11-18,11:16:31,Ch6,T. OVER
 30-11-18,11:17:31,Ch6,T. OVER
 30-11-18,11:18:32,Ch6,T. OVER
 30-11-18,11:19:32,Ch6,T. OVER
 30-11-18,11:20:32,Ch6,T. OVER
 30-11-18,11:21:32,Ch6,T. OVER
 30-11-18,11:22:32,Ch6,T. OVER
 30-11-18,11:23:33,Ch6,T. OVER
 30-11-18,11:24:33,Ch6,T. OVER
 30-11-18,11:25:33,Ch6,T. OVER
 30-11-18,11:26:33,Ch6,T. OVER
 30-11-18,11:27:33,Ch6,T. OVER
 30-11-18,11:28:33,Ch6,T. OVER
 30-11-18,11:29:33,Ch6,T. OVER
 30-11-18,11:30:33,Ch6,T. OVER
 30-11-18,11:31:33,Ch6,T. OVER
 30-11-18,11:32:33,Ch6,T. OVER
 30-11-18,11:33:34,Ch6,T. OVER
 30-11-18,11:34:34,Ch6,T. OVER
 30-11-18,11:35:34,Ch6,T. OVER
 30-11-18,11:36:34,Ch6,T. OVER
 30-11-18,11:37:34,Ch6,T. OVER
 30-11-18,11:38:34,Ch6,T. OVER
 30-11-18,11:39:34,Ch6,T. OVER
 30-11-18,11:40:34,Ch6,T. OVER
 30-11-18,11:41:34,Ch6,T. OVER
 30-11-18,11:42:34,Ch6,T. OVER
 30-11-18,11:43:35,Ch6,T. OVER
 30-11-18,11:44:35,Ch6,T. OVER
 30-11-18,11:45:35,Ch6,T. OVER
 30-11-18,11:46:35,Ch6,T. OVER
 30-11-18,11:47:35,Ch6,T. OVER
 30-11-18,11:48:35,Ch6,T. OVER
 30-11-18,11:49:35,Ch6,T. OVER
 30-11-18,11:50:36,Ch6,T. OVER
 30-11-18,11:51:36,Ch6,T. OVER
 30-11-18,11:52:36,Ch6,T. OVER
 30-11-18,11:53:36,Ch6,T. OVER
 30-11-18,11:54:36,Ch6,T. OVER
 30-11-18,11:55:37,Ch6,T. OVER
 30-11-18,11:56:37,Ch6,T. OVER
 30-11-18,11:57:37,Ch6,T. OVER
 30-11-18,11:58:37,Ch6,T. OVER
 30-11-18,11:59:38,Ch6,T. OVER
 30-11-18,12:00:38,Ch6,T. OVER
 30-11-18,12:01:38,Ch6,T. OVER
 30-11-18,12:02:38,Ch6,T. OVER
 30-11-18,12:03:39,Ch6,T. OVER
 30-11-18,12:04:39,Ch6,T. OVER
 30-11-18,12:05:39,Ch6,T. OVER
 30-11-18,12:06:39,Ch6,T. OVER
 30-11-18,12:07:39,Ch6,T. OVER
 30-11-18,12:08:40,Ch6,T. OVER
 30-11-18,12:09:40,Ch6,T. OVER
 30-11-18,12:10:40,Ch6,T. OVER
 30-11-18,12:11:40,Ch6,T. OVER
 30-11-18,12:12:40,Ch6,T. OVER
 30-11-18,12:13:40,Ch6,T. OVER
 30-11-18,12:14:40,Ch6,T. OVER
 30-11-18,12:15:40,Ch6,T. OVER
 30-11-18,12:16:40,Ch6,T. OVER
 30-11-18,12:17:40,Ch6,T. OVER
 30-11-18,12:18:41,Ch6,T. OVER
 30-11-18,12:19:41,Ch6,T. OVER
 30-11-18,12:20:41,Ch6,T. OVER
 30-11-18,12:21:41,Ch6,T. OVER
 30-11-18,12:22:41,Ch6,T. OVER
 30-11-18,12:23:42,Ch6,T. OVER
 30-11-18,12:24:42,Ch6,T. OVER
 30-11-18,12:25:42,Ch6,T. OVER
 30-11-18,12:26:42,Ch6,T. OVER
 30-11-18,12:27:42,Ch6,T. OVER
 30-11-18,12:28:42,Ch6,T. OVER
 30-11-18,12:29:42,Ch6,T. OVER
 30-11-18,12:30:42,Ch6,T. OVER
 30-11-18,12:31:42,Ch6,T. OVER
 30-11-18,12:32:42,Ch6,T. OVER
 30-11-18,12:33:42,Ch6,T. OVER
 30-11-18,12:34:42,Ch6,T. OVER
 30-11-18,12:35:42,Ch6,T. OVER
 30-11-18,12:36:43,Ch6,T. OVER
 30-11-18,12:37:43,Ch6,T. OVER
 30-11-18,12:38:43,Ch6,T. OVER
 30-11-18,12:39:43,Ch6,T. OVER
 30-11-18,12:40:43,Ch6,T. OVER
 30-11-18,12:41:43,Ch6,T. OVER
 30-11-18,12:42:43,Ch6,T. OVER
 30-11-18,12:43:43,Ch6,T. OVER
 30-11-18,12:44:43,Ch6,T. OVER
 30-11-18,12:45:44,Ch6,T. OVER
 30-11-18,12:46:44,Ch6,T. OVER
 30-11-18,12:47:44,Ch6,T. OVER
 30-11-18,12:48:44,Ch6,T. OVER
 30-11-18,12:49:44,Ch6,T. OVER
 30-11-18,12:50:44,Ch6,T. OVER
 30-11-18,12:51:44,Ch6,T. OVER
 30-11-18,12:52:44,Ch6,T. OVER
 30-11-18,12:53:45,Ch6,T. OVER
 30-11-18,12:54:45,Ch6,T. OVER
 30-11-18,12:55:45,Ch6,T. OVER
 30-11-18,12:56:45,Ch6,T. OVER
 30-11-18,12:57:45,Ch6,T. OVER
 30-11-18,12:58:45,Ch6,T. OVER
 30-11-18,12:59:45,Ch6,T. OVER
 30-11-18,13:00:46,Ch6,T. OVER
 30-11-18,13:01:46,Ch6,T. OVER
 30-11-18,13:02:46,Ch6,T. OVER
 30-11-18,13:03:46,Ch6,T. OVER
 30-11-18,13:04:46,Ch6,T. OVER
 30-11-18,13:05:47,Ch6,T. OVER
 30-11-18,13:06:47,Ch6,T. OVER
 30-11-18,13:07:47,Ch6,T. OVER
 30-11-18,13:08:47,Ch6,T. OVER
 30-11-18,13:09:47,Ch6,T. OVER
 30-11-18,13:10:47,Ch6,T. OVER
 30-11-18,13:11:47,Ch6,T. OVER
 30-11-18,13:12:47,Ch6,T. OVER
 30-11-18,13:13:47,Ch6,T. OVER
 30-11-18,13:14:47,Ch6,T. OVER
 30-11-18,13:15:48,Ch6,T. OVER
 30-11-18,13:16:48,Ch6,T. OVER
 30-11-18,13:17:48,Ch6,T. OVER
 30-11-18,13:18:48,Ch6,T. OVER
 30-11-18,13:19:48,Ch6,T. OVER
 30-11-18,13:20:48,Ch6,T. OVER
 30-11-18,13:21:48,Ch6,T. OVER
 30-11-18,13:22:48,Ch6,T. OVER
 30-11-18,13:23:48,Ch6,T. OVER
 30-11-18,13:24:49,Ch6,T. OVER
 30-11-18,13:25:49,Ch6,T. OVER
 30-11-18,13:26:49,Ch6,T. OVER
 30-11-18,13:27:49,Ch6,T. OVER
 30-11-18,13:28:49,Ch6,T. OVER
 30-11-18,13:29:49,Ch6,T. OVER
 30-11-18,13:30:49,Ch6,T. OVER
 30-11-18,13:31:49,Ch1,VDIF OVL
 30-11-18,13:31:49,Ch6,T. OVER
 30-11-18,13:32:49,Ch6,T. OVER
 30-11-18,13:33:50,Ch6,T. OVER
 30-11-18,13:34:50,Ch6,T. OVER
 30-11-18,13:35:50,Ch6,T. OVER
 30-11-18,13:36:50,Ch6,T. OVER
 30-11-18,13:37:50,Ch6,T. OVER
 30-11-18,13:38:51,Ch6,T. OVER
 30-11-18,13:39:51,Ch6,T. OVER
 30-11-18,13:40:51,Ch6,T. OVER
 30-11-18,13:41:51,Ch6,T. OVER
 30-11-18,13:42:51,Ch6,T. OVER
 30-11-18,13:43:51,Ch6,T. OVER
 30-11-18,13:44:51,Ch6,T. OVER
 30-11-18,13:45:51,Ch6,T. OVER
 30-11-18,13:46:51,Ch6,T. OVER
 30-11-18,13:47:51,Ch6,T. OVER
 30-11-18,13:48:51,Ch6,T. OVER
 30-11-18,13:49:52,Ch6,T. OVER
 30-11-18,13:50:52,Ch6,T. OVER
 30-11-18,13:51:52,Ch6,T. OVER
 30-11-18,13:52:52,Ch6,T. OVER
 30-11-18,13:53:52,Ch6,T. OVER
 30-11-18,13:54:52,Ch6,T. OVER
 30-11-18,13:55:52,Ch6,T. OVER
 30-11-18,13:56:52,Ch6,T. OVER
 30-11-18,13:57:52,Ch6,T. OVER
 30-11-18,13:58:52,Ch6,T. OVER
 30-11-18,13:59:53,Ch6,T. OVER
 30-11-18,14:00:53,Ch6,T. OVER
 30-11-18,14:01:53,Ch6,T. OVER
 30-11-18,14:02:53,Ch6,T. OVER
 30-11-18,14:03:54,Ch6,T. OVER
 30-11-18,14:04:54,Ch6,T. OVER
 30-11-18,14:05:54,Ch6,T. OVER
 30-11-18,14:06:54,Ch6,T. OVER
 30-11-18,14:07:54,Ch6,T. OVER
 30-11-18,14:08:54,Ch6,T. OVER
 30-11-18,14:09:54,Ch6,T. OVER
 30-11-18,14:10:54,Ch6,T. OVER
 30-11-18,14:11:54,Ch6,T. OVER
 30-11-18,14:12:54,Ch6,T. OVER
 30-11-18,14:13:54,Ch6,T. OVER
 30-11-18,14:14:54,Ch6,T. OVER
 30-11-18,14:15:55,Ch6,T. OVER
 30-11-18,14:16:55,Ch6,T. OVER
 30-11-18,14:17:55,Ch6,T. OVER
 30-11-18,14:18:55,Ch6,T. OVER
 30-11-18,14:19:55,Ch6,T. OVER
 30-11-18,14:20:55,Ch6,T. OVER
 30-11-18,14:21:55,Ch6,T. OVER
 30-11-18,14:22:55,Ch6,T. OVER
 30-11-18,14:23:55,Ch6,T. OVER
 30-11-18,14:24:55,Ch6,T. OVER
 30-11-18,14:25:55,Ch6,T. OVER
 30-11-18,14:26:55,Ch6,T. OVER
 30-11-18,14:27:56,Ch6,T. OVER
 30-11-18,14:28:56,Ch6,T. OVER
 30-11-18,14:29:56,Ch6,T. OVER
 30-11-18,14:30:56,Ch6,T. OVER
 30-11-18,14:31:56,Ch6,T. OVER
 30-11-18,14:32:56,Ch6,T. OVER
 30-11-18,14:33:56,Ch6,T. OVER
 30-11-18,14:34:56,Ch6,T. OVER
 30-11-18,14:35:56,Ch6,T. OVER
 30-11-18,14:36:56,Ch6,T. OVER
 30-11-18,14:37:57,Ch6,T. OVER
 30-11-18,14:38:57,Ch6,T. OVER
 30-11-18,14:39:57,Ch6,T. OVER
 30-11-18,14:40:57,Ch6,T. OVER
 30-11-18,14:41:57,Ch6,T. OVER
 30-11-18,14:42:57,Ch6,T. OVER
 30-11-18,14:43:57,Ch6,T. OVER
 30-11-18,14:44:58,Ch6,T. OVER
 30-11-18,14:45:58,Ch6,T. OVER
 30-11-18,14:46:58,Ch6,T. OVER
 30-11-18,14:47:58,Ch6,T. OVER
 30-11-18,14:48:58,Ch6,T. OVER
 30-11-18,14:49:58,Ch6,T. OVER
 30-11-18,14:50:58,Ch6,T. OVER
 30-11-18,14:51:58,Ch6,T. OVER
 30-11-18,14:52:58,Ch6,T. OVER
 30-11-18,14:53:58,Ch6,T. OVER
 30-11-18,14:54:58,Ch6,T. OVER
 30-11-18,14:55:58,Ch6,T. OVER
 30-11-18,14:56:59,Ch6,T. OVER
 30-11-18,14:57:59,Ch6,T. OVER
 30-11-18,14:58:59,Ch6,T. OVER
 30-11-18,14:59:59,Ch6,T. OVER
 30-11-18,15:01:00,Ch6,T. OVER
 30-11-18,15:02:00,Ch6,T. OVER
 30-11-18,15:03:00,Ch6,T. OVER
 30-11-18,15:04:00,Ch6,T. OVER
 30-11-18,15:05:00,Ch6,T. OVER
 30-11-18,15:06:00,Ch6,T. OVER
 30-11-18,15:07:00,Ch6,T. OVER
 30-11-18,15:08:00,Ch6,T. OVER
 30-11-18,15:09:01,Ch6,VMIX OVL,VDIF OVL,T. OVER
 30-11-18,15:10:01,Ch6,T. OVER
 30-11-18,15:11:01,Ch6,T. OVER
 30-11-18,15:12:01,Ch6,T. OVER
 30-11-18,15:13:01,Ch6,T. OVER
 30-11-18,15:14:01,Ch6,T. OVER
 30-11-18,15:15:02,Ch6,T. OVER
 30-11-18,15:16:02,Ch6,T. OVER
 30-11-18,15:17:02,Ch6,T. OVER
 30-11-18,15:18:02,Ch6,T. OVER
 30-11-18,15:19:02,Ch6,T. OVER
 30-11-18,15:20:02,Ch6,T. OVER
 30-11-18,15:21:03,Ch6,T. OVER
 30-11-18,15:22:03,Ch6,T. OVER
 30-11-18,15:23:03,Ch6,T. OVER
 30-11-18,15:24:03,Ch6,T. OVER
 30-11-18,15:25:03,Ch6,T. OVER
 30-11-18,15:26:03,Ch6,T. OVER
 30-11-18,15:27:04,Ch6,T. OVER
 30-11-18,15:28:04,Ch6,T. OVER
 30-11-18,15:29:04,Ch6,T. OVER
 30-11-18,15:30:04,Ch6,T. OVER
 30-11-18,15:31:05,Ch6,T. OVER
 30-11-18,15:32:05,Ch6,T. OVER
 30-11-18,15:33:05,Ch6,T. OVER
 30-11-18,15:34:05,Ch6,T. OVER
 30-11-18,15:35:05,Ch6,T. OVER
 30-11-18,15:36:05,Ch6,T. OVER
 30-11-18,15:37:05,Ch6,T. OVER
 30-11-18,15:38:05,Ch6,T. OVER
 30-11-18,15:39:05,Ch6,T. OVER
 30-11-18,15:40:05,Ch6,T. OVER
 30-11-18,15:41:05,Ch6,T. OVER
 30-11-18,15:42:06,Ch6,T. OVER
 30-11-18,15:43:06,Ch6,T. OVER
 30-11-18,15:44:06,Ch6,T. OVER
 30-11-18,15:45:06,Ch6,T. OVER
 30-11-18,15:46:06,Ch6,T. OVER
 30-11-18,15:47:06,Ch6,T. OVER
 30-11-18,15:48:06,Ch6,T. OVER
 30-11-18,15:49:06,Ch6,T. OVER
 30-11-18,15:50:07,Ch6,T. OVER
 30-11-18,15:51:07,Ch6,T. OVER
 30-11-18,15:52:07,Ch6,T. OVER
 30-11-18,15:53:07,Ch6,T. OVER
 30-11-18,15:54:07,Ch6,T. OVER
 30-11-18,15:55:08,Ch6,T. OVER
 30-11-18,15:56:08,Ch6,T. OVER
 30-11-18,15:57:08,Ch6,T. OVER
 30-11-18,15:58:08,Ch6,T. OVER
 30-11-18,15:59:08,Ch6,T. OVER
 30-11-18,16:00:09,Ch6,T. OVER
 30-11-18,16:01:09,Ch6,T. OVER
 30-11-18,16:02:09,Ch6,T. OVER
 30-11-18,16:03:09,Ch6,T. OVER
 30-11-18,16:04:09,Ch6,T. OVER
 30-11-18,16:05:10,Ch6,T. OVER
 30-11-18,16:06:10,Ch6,T. OVER
 30-11-18,16:07:10,Ch6,T. OVER
 30-11-18,16:08:10,Ch6,T. OVER
 30-11-18,16:09:10,Ch6,T. OVER
 30-11-18,16:10:10,Ch6,T. OVER
 30-11-18,16:11:10,Ch6,T. OVER
 30-11-18,16:12:10,Ch6,T. OVER
 30-11-18,16:13:10,Ch6,T. OVER
 30-11-18,16:14:10,Ch6,T. OVER
 30-11-18,16:15:11,Ch6,T. OVER
 30-11-18,16:16:11,Ch6,T. OVER
 30-11-18,16:17:11,Ch6,T. OVER
 30-11-18,16:18:11,Ch6,T. OVER
 30-11-18,16:19:11,Ch6,T. OVER
 30-11-18,16:20:11,Ch6,T. OVER
 30-11-18,16:21:11,Ch6,T. OVER
 30-11-18,16:22:11,Ch6,T. OVER
 30-11-18,16:23:11,Ch6,T. OVER
 30-11-18,16:24:11,Ch6,T. OVER
 30-11-18,16:25:11,Ch6,T. OVER
 30-11-18,16:26:11,Ch6,T. OVER
 30-11-18,16:27:11,Ch6,T. OVER
 30-11-18,16:28:11,Ch6,T. OVER
 30-11-18,16:29:12,Ch6,T. OVER
 30-11-18,16:30:12,Ch6,T. OVER
 30-11-18,16:31:12,Ch6,T. OVER
 30-11-18,16:32:12,Ch6,T. OVER
 30-11-18,16:33:12,Ch6,T. OVER
 30-11-18,16:34:12,Ch6,T. OVER
 30-11-18,16:35:12,Ch6,T. OVER
 30-11-18,16:36:13,Ch6,T. OVER
 30-11-18,16:37:13,Ch6,T. OVER
 30-11-18,16:38:13,Ch6,T. OVER
 30-11-18,16:39:13,Ch6,T. OVER
 30-11-18,16:40:13,Ch6,T. OVER
 30-11-18,16:41:13,Ch6,T. OVER
 30-11-18,16:42:13,Ch6,T. OVER
 30-11-18,16:43:13,Ch6,T. OVER
 30-11-18,16:44:13,Ch6,T. OVER
 30-11-18,16:45:13,Ch6,T. OVER
 30-11-18,16:46:13,Ch6,T. OVER
 30-11-18,16:47:13,Ch6,T. OVER
 30-11-18,16:48:13,Ch6,T. OVER
 30-11-18,16:49:13,Ch6,T. OVER
 30-11-18,16:50:13,Ch6,T. OVER
 30-11-18,16:51:14,Ch6,T. OVER
 30-11-18,16:52:14,Ch6,T. OVER
 30-11-18,16:53:14,Ch6,T. OVER
 30-11-18,16:54:14,Ch6,T. OVER
 30-11-18,16:55:14,Ch6,T. OVER
 30-11-18,16:56:14,Ch6,T. OVER
 30-11-18,16:57:14,Ch6,T. OVER
 30-11-18,16:58:14,Ch6,T. OVER
 30-11-18,16:59:14,Ch6,T. OVER
 30-11-18,17:00:15,Ch6,T. OVER
 30-11-18,17:01:15,Ch6,T. OVER
 30-11-18,17:02:15,Ch6,T. OVER
 30-11-18,17:03:15,Ch6,T. OVER
 30-11-18,17:04:16,Ch6,T. OVER
 30-11-18,17:05:16,Ch6,T. OVER
 30-11-18,17:06:16,Ch6,T. OVER
 30-11-18,17:07:16,Ch6,T. OVER
 30-11-18,17:08:16,Ch6,T. OVER
 30-11-18,17:09:17,Ch6,T. OVER
 30-11-18,17:10:17,Ch6,T. OVER
 30-11-18,17:11:17,Ch6,T. OVER
 30-11-18,17:12:17,Ch6,T. OVER
 30-11-18,17:13:17,Ch6,T. OVER
 30-11-18,17:14:17,Ch6,T. OVER
 30-11-18,17:15:17,Ch6,T. OVER
 30-11-18,17:16:17,Ch6,T. OVER
 30-11-18,17:17:18,Ch6,T. OVER
 30-11-18,17:18:18,Ch6,T. OVER
 30-11-18,17:19:18,Ch6,T. OVER
 30-11-18,17:20:18,Ch6,T. OVER
 30-11-18,17:21:18,Ch6,T. OVER
 30-11-18,17:22:18,Ch6,T. OVER
 30-11-18,17:23:18,Ch6,T. OVER
 30-11-18,17:24:18,Ch6,T. OVER
 30-11-18,17:25:19,Ch6,T. OVER
 30-11-18,17:26:19,Ch6,T. OVER
 30-11-18,17:27:19,Ch6,T. OVER
 30-11-18,17:28:19,Ch6,T. OVER
 30-11-18,17:29:19,Ch6,T. OVER
 30-11-18,17:30:19,Ch6,T. OVER
 30-11-18,17:31:20,Ch6,T. OVER
 30-11-18,17:32:20,Ch6,T. OVER
 30-11-18,17:33:20,Ch6,T. OVER
 30-11-18,17:34:20,Ch6,T. OVER
 30-11-18,17:35:20,Ch6,T. OVER
 30-11-18,17:36:20,Ch6,T. OVER
 30-11-18,17:37:21,Ch6,T. OVER
 30-11-18,17:38:21,Ch6,T. OVER
 30-11-18,17:39:21,Ch6,T. OVER
 30-11-18,17:40:21,Ch6,T. OVER
 30-11-18,17:41:21,Ch6,T. OVER
 30-11-18,17:42:21,Ch6,T. OVER
 30-11-18,17:43:21,Ch6,T. OVER
 30-11-18,17:44:21,Ch6,T. OVER
 30-11-18,17:45:22,Ch6,T. OVER
 30-11-18,17:46:22,Ch6,T. OVER
 30-11-18,17:47:22,Ch2,T. OVER
 30-11-18,17:47:22,Ch6,T. OVER
 30-11-18,17:48:22,Ch2,T. OVER
 30-11-18,17:48:22,Ch6,T. OVER
 30-11-18,17:49:22,Ch2,T. OVER
 30-11-18,17:49:22,Ch6,T. OVER
 30-11-18,17:50:22,Ch2,T. OVER
 30-11-18,17:50:22,Ch6,T. OVER
 30-11-18,17:51:22,Ch2,T. OVER
 30-11-18,17:51:22,Ch6,T. OVER
 30-11-18,17:52:23,Ch2,T. OVER
 30-11-18,17:52:23,Ch6,T. OVER
 30-11-18,17:53:23,Ch2,T. OVER
 30-11-18,17:53:23,Ch6,T. OVER
 30-11-18,17:54:23,Ch2,T. OVER
 30-11-18,17:54:23,Ch6,T. OVER
 30-11-18,17:55:23,Ch2,T. OVER
 30-11-18,17:55:23,Ch6,T. OVER
 30-11-18,17:56:23,Ch2,T. OVER
 30-11-18,17:56:23,Ch6,T. OVER
 30-11-18,17:57:23,Ch2,T. OVER
 30-11-18,17:57:23,Ch6,T. OVER
 30-11-18,17:58:23,Ch2,T. OVER
 30-11-18,17:58:23,Ch6,T. OVER
 30-11-18,17:59:24,Ch2,T. OVER
 30-11-18,17:59:24,Ch6,T. OVER
 30-11-18,18:00:24,Ch2,T. OVER
 30-11-18,18:00:24,Ch6,T. OVER
 30-11-18,18:01:24,Ch2,T. OVER
 30-11-18,18:01:24,Ch6,T. OVER
 30-11-18,18:02:24,Ch2,T. OVER
 30-11-18,18:02:24,Ch6,T. OVER
 30-11-18,18:03:24,Ch2,T. OVER
 30-11-18,18:03:24,Ch6,T. OVER
 30-11-18,18:04:24,Ch2,T. OVER
 30-11-18,18:04:24,Ch6,T. OVER
 30-11-18,18:05:24,Ch2,T. OVER
 30-11-18,18:05:24,Ch6,T. OVER
 30-11-18,18:06:25,Ch2,T. OVER
 30-11-18,18:06:25,Ch6,T. OVER
 30-11-18,18:07:25,Ch2,T. OVER
 30-11-18,18:07:25,Ch6,T. OVER
 30-11-18,18:08:25,Ch2,T. OVER
 30-11-18,18:08:25,Ch6,T. OVER
 30-11-18,18:09:25,Ch2,T. OVER
 30-11-18,18:09:25,Ch6,T. OVER
 30-11-18,18:10:25,Ch2,T. OVER
 30-11-18,18:10:25,Ch6,T. OVER
 30-11-18,18:11:25,Ch2,T. OVER
 30-11-18,18:11:25,Ch6,T. OVER
 30-11-18,18:12:25,Ch2,T. OVER
 30-11-18,18:12:25,Ch6,T. OVER
 30-11-18,18:13:26,Ch2,T. OVER
 30-11-18,18:13:26,Ch6,T. OVER
 30-11-18,18:14:26,Ch2,T. OVER
 30-11-18,18:14:26,Ch6,T. OVER
 30-11-18,18:15:26,Ch2,T. OVER
 30-11-18,18:15:26,Ch6,T. OVER
 30-11-18,18:16:26,Ch2,T. OVER
 30-11-18,18:16:26,Ch6,T. OVER
 30-11-18,18:17:26,Ch2,T. OVER
 30-11-18,18:17:26,Ch6,T. OVER
 30-11-18,18:18:27,Ch2,T. OVER
 30-11-18,18:18:27,Ch6,T. OVER
 30-11-18,18:19:27,Ch2,T. OVER
 30-11-18,18:19:27,Ch6,T. OVER
 30-11-18,18:20:27,Ch2,T. OVER
 30-11-18,18:20:27,Ch6,T. OVER
 30-11-18,18:21:27,Ch2,T. OVER
 30-11-18,18:21:27,Ch6,T. OVER
 30-11-18,18:22:27,Ch2,T. OVER
 30-11-18,18:22:27,Ch6,T. OVER
 30-11-18,18:23:28,Ch2,T. OVER
 30-11-18,18:23:28,Ch6,T. OVER
 30-11-18,18:24:28,Ch2,T. OVER
 30-11-18,18:24:28,Ch6,T. OVER
 30-11-18,18:25:28,Ch2,T. OVER
 30-11-18,18:25:28,Ch6,T. OVER
 30-11-18,18:26:28,Ch2,T. OVER
 30-11-18,18:26:28,Ch6,T. OVER
 30-11-18,18:27:29,Ch2,T. OVER
 30-11-18,18:27:29,Ch6,T. OVER
 30-11-18,18:28:29,Ch2,T. OVER
 30-11-18,18:28:29,Ch6,T. OVER
 30-11-18,18:29:29,Ch2,T. OVER
 30-11-18,18:29:29,Ch6,T. OVER
 30-11-18,18:30:29,Ch2,T. OVER
 30-11-18,18:30:29,Ch6,T. OVER
 30-11-18,18:31:29,Ch2,T. OVER
 30-11-18,18:31:29,Ch6,T. OVER
 30-11-18,18:32:29,Ch2,T. OVER
 30-11-18,18:32:29,Ch6,T. OVER
 30-11-18,18:33:30,Ch2,T. OVER
 30-11-18,18:33:30,Ch6,T. OVER
 30-11-18,18:34:30,Ch2,T. OVER
 30-11-18,18:34:30,Ch6,T. OVER
 30-11-18,18:35:30,Ch2,T. OVER
 30-11-18,18:35:30,Ch6,T. OVER
 30-11-18,18:36:30,Ch2,T. OVER
 30-11-18,18:36:30,Ch6,T. OVER
 30-11-18,18:37:30,Ch2,T. OVER
 30-11-18,18:37:30,Ch6,T. OVER
 30-11-18,18:38:30,Ch2,T. OVER
 30-11-18,18:38:30,Ch6,T. OVER
 30-11-18,18:39:30,Ch2,T. OVER
 30-11-18,18:39:30,Ch6,T. OVER
 30-11-18,18:40:30,Ch2,T. OVER
 30-11-18,18:40:30,Ch6,T. OVER
 30-11-18,18:41:30,Ch2,T. OVER
 30-11-18,18:41:30,Ch6,T. OVER
 30-11-18,18:42:30,Ch2,T. OVER
 30-11-18,18:42:30,Ch6,T. OVER
 30-11-18,18:43:30,Ch2,T. OVER
 30-11-18,18:43:30,Ch6,T. OVER
 30-11-18,18:44:30,Ch2,T. OVER
 30-11-18,18:44:30,Ch6,T. OVER
 30-11-18,18:45:31,Ch2,T. OVER
 30-11-18,18:45:31,Ch6,T. OVER
 30-11-18,18:46:31,Ch2,T. OVER
 30-11-18,18:46:31,Ch6,T. OVER
 30-11-18,18:47:31,Ch2,T. OVER
 30-11-18,18:47:31,Ch6,T. OVER
 30-11-18,18:48:31,Ch2,T. OVER
 30-11-18,18:48:31,Ch6,T. OVER
 30-11-18,18:49:31,Ch2,T. OVER
 30-11-18,18:49:31,Ch6,T. OVER
 30-11-18,18:50:32,Ch2,T. OVER
 30-11-18,18:50:32,Ch6,T. OVER
 30-11-18,18:51:32,Ch2,T. OVER
 30-11-18,18:51:32,Ch6,T. OVER
 30-11-18,18:52:32,Ch2,T. OVER
 30-11-18,18:52:32,Ch6,T. OVER
 30-11-18,18:53:32,Ch2,T. OVER
 30-11-18,18:53:32,Ch6,T. OVER
 30-11-18,18:54:32,Ch2,T. OVER
 30-11-18,18:54:32,Ch6,T. OVER
 30-11-18,18:55:32,Ch2,T. OVER
 30-11-18,18:55:32,Ch6,T. OVER
 30-11-18,18:56:33,Ch2,T. OVER
 30-11-18,18:56:33,Ch6,T. OVER
 30-11-18,18:57:33,Ch2,T. OVER
 30-11-18,18:57:33,Ch6,T. OVER
 30-11-18,18:58:33,Ch2,T. OVER
 30-11-18,18:58:33,Ch6,T. OVER
 30-11-18,18:59:33,Ch2,T. OVER
 30-11-18,18:59:33,Ch6,T. OVER
 30-11-18,19:00:33,Ch2,T. OVER
 30-11-18,19:00:33,Ch6,T. OVER
 30-11-18,19:01:34,Ch2,T. OVER
 30-11-18,19:01:34,Ch6,T. OVER
 30-11-18,19:02:34,Ch2,T. OVER
 30-11-18,19:02:34,Ch6,T. OVER
 30-11-18,19:03:34,Ch2,T. OVER
 30-11-18,19:03:34,Ch6,T. OVER
 30-11-18,19:04:34,Ch2,T. OVER
 30-11-18,19:04:34,Ch6,T. OVER
 30-11-18,19:05:34,Ch6,T. OVER
 30-11-18,19:06:35,Ch6,T. OVER
 30-11-18,19:07:35,Ch6,T. OVER
 30-11-18,19:08:35,Ch6,T. OVER
 30-11-18,19:09:35,Ch6,T. OVER
 30-11-18,19:10:35,Ch6,T. OVER
 30-11-18,19:11:35,Ch6,T. OVER
 30-11-18,19:12:35,Ch6,T. OVER
 30-11-18,19:13:35,Ch6,T. OVER
 30-11-18,19:14:35,Ch6,T. OVER
 30-11-18,19:15:35,Ch6,T. OVER
 30-11-18,19:16:36,Ch6,T. OVER
 30-11-18,19:17:36,Ch6,T. OVER
 30-11-18,19:18:36,Ch6,T. OVER
 30-11-18,19:19:36,Ch6,T. OVER
 30-11-18,19:20:36,Ch6,T. OVER
 30-11-18,19:21:37,Ch6,T. OVER
 30-11-18,19:22:37,Ch6,T. OVER
 30-11-18,19:23:37,Ch6,T. OVER
 30-11-18,19:24:37,Ch6,T. OVER
 30-11-18,19:25:37,Ch6,T. OVER
 30-11-18,19:26:37,Ch6,T. OVER
 30-11-18,19:27:37,Ch6,T. OVER
 30-11-18,19:28:38,Ch6,T. OVER
 30-11-18,19:29:38,Ch6,T. OVER
 30-11-18,19:30:38,Ch6,T. OVER
 30-11-18,19:31:38,Ch6,T. OVER
 30-11-18,19:32:38,Ch6,T. OVER
 30-11-18,19:33:38,Ch6,T. OVER
 30-11-18,19:34:38,Ch6,T. OVER
 30-11-18,19:35:38,Ch6,T. OVER
 30-11-18,19:36:39,Ch6,T. OVER
 30-11-18,19:37:39,Ch6,T. OVER
 30-11-18,19:38:39,Ch6,T. OVER
 30-11-18,19:39:39,Ch6,T. OVER
 30-11-18,19:40:39,Ch6,T. OVER
 30-11-18,19:41:39,Ch6,T. OVER
 30-11-18,19:42:39,Ch6,T. OVER
 30-11-18,19:43:39,Ch6,T. OVER
 30-11-18,19:44:40,Ch6,T. OVER
 30-11-18,19:45:40,Ch6,T. OVER
 30-11-18,19:46:40,Ch6,T. OVER
 30-11-18,19:47:40,Ch6,T. OVER
 30-11-18,19:48:40,Ch6,T. OVER
 30-11-18,19:49:41,Ch6,T. OVER
 30-11-18,19:50:41,Ch6,T. OVER
 30-11-18,19:51:41,Ch6,T. OVER
 30-11-18,19:52:41,Ch6,T. OVER
 30-11-18,19:53:41,Ch6,T. OVER
 30-11-18,19:54:42,Ch6,T. OVER
 30-11-18,19:55:42,Ch6,T. OVER
 30-11-18,19:56:42,Ch6,T. OVER
 30-11-18,19:57:42,Ch6,T. OVER
 30-11-18,19:58:42,Ch6,T. OVER
 30-11-18,19:59:42,Ch6,T. OVER
 30-11-18,20:00:42,Ch6,T. OVER
 30-11-18,20:01:42,Ch6,T. OVER
 30-11-18,20:02:43,Ch6,T. OVER
 30-11-18,20:03:43,Ch6,T. OVER
 30-11-18,20:04:43,Ch6,T. OVER
 30-11-18,20:05:43,Ch6,T. OVER
 30-11-18,20:06:43,Ch6,T. OVER
 30-11-18,20:07:43,Ch6,T. OVER
 30-11-18,20:08:43,Ch6,T. OVER
 30-11-18,20:09:43,Ch6,T. OVER
 30-11-18,20:10:44,Ch6,T. OVER
 30-11-18,20:11:44,Ch6,T. OVER
 30-11-18,20:12:44,Ch6,T. OVER
 30-11-18,20:13:44,Ch6,T. OVER
 30-11-18,20:14:44,Ch6,T. OVER
 30-11-18,20:15:44,Ch6,T. OVER
 30-11-18,20:16:44,Ch6,T. OVER
 30-11-18,20:17:44,Ch6,T. OVER
 30-11-18,20:18:44,Ch6,T. OVER
 30-11-18,20:19:44,Ch6,T. OVER
 30-11-18,20:20:45,Ch6,T. OVER
 30-11-18,20:21:45,Ch6,T. OVER
 30-11-18,20:22:45,Ch6,T. OVER
 30-11-18,20:23:45,Ch6,T. OVER
 30-11-18,20:24:45,Ch6,T. OVER
 30-11-18,20:25:45,Ch6,T. OVER
 30-11-18,20:26:46,Ch6,T. OVER
 30-11-18,20:27:46,Ch6,T. OVER
 30-11-18,20:28:46,Ch6,T. OVER
 30-11-18,20:29:46,Ch6,T. OVER
 30-11-18,20:30:46,Ch6,T. OVER
 30-11-18,20:31:46,Ch6,T. OVER
 30-11-18,20:32:46,Ch6,T. OVER
 30-11-18,20:33:46,Ch6,T. OVER
 30-11-18,20:34:46,Ch6,T. OVER
 30-11-18,20:35:46,Ch6,T. OVER
 30-11-18,20:36:47,Ch6,T. OVER
 30-11-18,20:37:47,Ch6,T. OVER
 30-11-18,20:38:47,Ch6,T. OVER
 30-11-18,20:39:47,Ch6,T. OVER
 30-11-18,20:40:47,Ch6,T. OVER
 30-11-18,20:41:47,Ch6,T. OVER
 30-11-18,20:42:47,Ch6,T. OVER
 30-11-18,20:43:47,Ch6,T. OVER
 30-11-18,20:44:48,Ch6,T. OVER
 30-11-18,20:45:48,Ch6,T. OVER
 30-11-18,20:46:48,Ch6,T. OVER
 30-11-18,20:47:48,Ch6,T. OVER
 30-11-18,20:48:48,Ch6,T. OVER
 30-11-18,20:49:49,Ch6,T. OVER
 30-11-18,20:50:49,Ch6,T. OVER
 30-11-18,20:51:49,Ch6,T. OVER
 30-11-18,20:52:49,Ch6,T. OVER
 30-11-18,20:53:49,Ch6,T. OVER
 30-11-18,20:54:49,Ch6,T. OVER
 30-11-18,20:55:49,Ch6,T. OVER
 30-11-18,20:56:49,Ch6,T. OVER
 30-11-18,20:57:49,Ch6,T. OVER
 30-11-18,20:58:49,Ch6,T. OVER
 30-11-18,20:59:49,Ch6,T. OVER
 30-11-18,21:00:49,Ch6,T. OVER
 30-11-18,21:01:49,Ch6,T. OVER
 30-11-18,21:02:50,Ch6,T. OVER
 30-11-18,21:03:50,Ch6,T. OVER
 30-11-18,21:04:50,Ch6,T. OVER
 30-11-18,21:05:50,Ch6,T. OVER
 30-11-18,21:06:50,Ch6,T. OVER
 30-11-18,21:07:50,Ch6,T. OVER
 30-11-18,21:08:50,Ch6,T. OVER
 30-11-18,21:09:51,Ch6,T. OVER
 30-11-18,21:10:51,Ch6,T. OVER
 30-11-18,21:11:51,Ch6,T. OVER
 30-11-18,21:12:51,Ch6,T. OVER
 30-11-18,21:13:52,Ch6,T. OVER
 30-11-18,21:14:52,Ch6,T. OVER
 30-11-18,21:15:52,Ch6,T. OVER
 30-11-18,21:16:52,Ch6,T. OVER
 30-11-18,21:17:53,Ch6,T. OVER
 30-11-18,21:18:53,Ch6,T. OVER
 30-11-18,21:19:53,Ch6,T. OVER
 30-11-18,21:20:53,Ch6,T. OVER
 30-11-18,21:21:53,Ch6,T. OVER
 30-11-18,21:22:54,Ch6,T. OVER
 30-11-18,21:23:54,Ch6,T. OVER
 30-11-18,21:24:54,Ch6,T. OVER
 30-11-18,21:25:54,Ch6,T. OVER
 30-11-18,21:26:55,Ch6,T. OVER
 30-11-18,21:27:55,Ch6,T. OVER
 30-11-18,21:28:55,Ch6,T. OVER
 30-11-18,21:29:55,Ch6,T. OVER
 30-11-18,21:30:55,Ch6,T. OVER
 30-11-18,21:31:56,Ch6,T. OVER
 30-11-18,21:32:56,Ch6,T. OVER
 30-11-18,21:33:56,Ch6,T. OVER
 30-11-18,21:34:56,Ch6,T. OVER
 30-11-18,21:35:56,Ch6,T. OVER
 30-11-18,21:36:56,Ch6,T. OVER
 30-11-18,21:37:56,Ch1,VDIF OVL
 30-11-18,21:37:56,Ch6,T. OVER
 30-11-18,21:38:56,Ch6,T. OVER
 30-11-18,21:39:57,Ch6,T. OVER
 30-11-18,21:40:57,Ch6,T. OVER
 30-11-18,21:41:57,Ch6,T. OVER
 30-11-18,21:42:57,Ch6,T. OVER
 30-11-18,21:43:57,Ch6,T. OVER
 30-11-18,21:44:57,Ch6,T. OVER
 30-11-18,21:45:57,Ch6,T. OVER
 30-11-18,21:46:57,Ch6,T. OVER
 30-11-18,21:47:58,Ch6,T. OVER
 30-11-18,21:48:58,Ch6,T. OVER
 30-11-18,21:49:58,Ch6,T. OVER
 30-11-18,21:50:58,Ch6,T. OVER
 30-11-18,21:51:58,Ch6,T. OVER
 30-11-18,21:52:58,Ch6,T. OVER
 30-11-18,21:53:58,Ch6,T. OVER
 30-11-18,21:54:58,Ch6,T. OVER
 30-11-18,21:55:59,Ch6,T. OVER
 30-11-18,21:56:59,Ch6,T. OVER
 30-11-18,21:57:59,Ch6,T. OVER
 30-11-18,21:58:59,Ch6,T. OVER
 30-11-18,21:59:59,Ch6,T. OVER
 30-11-18,22:00:59,Ch6,T. OVER
 30-11-18,22:01:59,Ch6,T. OVER
 30-11-18,22:02:59,Ch6,T. OVER
 30-11-18,22:03:59,Ch6,T. OVER
 30-11-18,22:05:00,Ch6,T. OVER
 30-11-18,22:06:00,Ch6,T. OVER
 30-11-18,22:07:00,Ch6,T. OVER
 30-11-18,22:08:00,Ch6,T. OVER
 30-11-18,22:09:00,Ch6,T. OVER
 30-11-18,22:10:00,Ch6,T. OVER
 30-11-18,22:11:00,Ch6,T. OVER
 30-11-18,22:12:00,Ch6,T. OVER
 30-11-18,22:13:00,Ch6,T. OVER
 30-11-18,22:14:00,Ch6,T. OVER
 30-11-18,22:15:00,Ch6,T. OVER
 30-11-18,22:16:00,Ch6,T. OVER
 30-11-18,22:17:01,Ch6,T. OVER
 30-11-18,22:18:01,Ch6,T. OVER
 30-11-18,22:19:01,Ch6,T. OVER
 30-11-18,22:20:01,Ch6,T. OVER
 30-11-18,22:21:01,Ch6,T. OVER
 30-11-18,22:22:01,Ch6,T. OVER
 30-11-18,22:23:01,Ch6,T. OVER
 30-11-18,22:24:01,Ch6,T. OVER
 30-11-18,22:25:01,Ch6,T. OVER
 30-11-18,22:26:01,Ch6,T. OVER
 30-11-18,22:27:02,Ch6,T. OVER
 30-11-18,22:28:02,Ch6,T. OVER
 30-11-18,22:29:02,Ch6,T. OVER
 30-11-18,22:30:02,Ch6,T. OVER
 30-11-18,22:31:02,Ch6,T. OVER
 30-11-18,22:32:02,Ch6,T. OVER
 30-11-18,22:33:02,Ch6,T. OVER
 30-11-18,22:34:02,Ch6,T. OVER
 30-11-18,22:35:02,Ch6,T. OVER
 30-11-18,22:36:02,Ch6,T. OVER
 30-11-18,22:37:02,Ch6,T. OVER
 30-11-18,22:38:02,Ch6,T. OVER
 30-11-18,22:39:02,Ch6,T. OVER
 30-11-18,22:40:02,Ch6,T. OVER
 30-11-18,22:41:02,Ch6,T. OVER
 30-11-18,22:42:02,Ch6,T. OVER
 30-11-18,22:43:03,Ch6,T. OVER
 30-11-18,22:44:03,Ch6,T. OVER
 30-11-18,22:45:03,Ch6,T. OVER
 30-11-18,22:46:03,Ch6,T. OVER
 30-11-18,22:47:03,Ch6,T. OVER
 30-11-18,22:48:03,Ch6,T. OVER
 30-11-18,22:49:03,Ch6,T. OVER
 30-11-18,22:50:03,Ch6,T. OVER
 30-11-18,22:51:03,Ch6,T. OVER
 30-11-18,22:52:03,Ch6,T. OVER
 30-11-18,22:53:03,Ch6,T. OVER
 30-11-18,22:54:04,Ch6,T. OVER
 30-11-18,22:55:04,Ch6,T. OVER
 30-11-18,22:56:04,Ch6,T. OVER
 30-11-18,22:57:04,Ch6,T. OVER
 30-11-18,22:58:04,Ch6,T. OVER
 30-11-18,22:59:04,Ch6,T. OVER
 30-11-18,23:00:04,Ch6,T. OVER
 30-11-18,23:01:04,Ch6,T. OVER
 30-11-18,23:02:04,Ch6,T. OVER
 30-11-18,23:03:04,Ch6,T. OVER
 30-11-18,23:04:04,Ch6,T. OVER
 30-11-18,23:05:04,Ch6,T. OVER
 30-11-18,23:06:04,Ch6,T. OVER
 30-11-18,23:07:04,Ch6,T. OVER
 30-11-18,23:08:04,Ch6,T. OVER
 30-11-18,23:09:04,Ch6,T. OVER
 30-11-18,23:10:04,Ch6,T. OVER
 30-11-18,23:11:05,Ch6,T. OVER
 30-11-18,23:12:05,Ch6,T. OVER
 30-11-18,23:13:05,Ch6,T. OVER
 30-11-18,23:14:05,Ch6,T. OVER
 30-11-18,23:15:05,Ch6,T. OVER
 30-11-18,23:16:05,Ch6,T. OVER
 30-11-18,23:17:05,Ch6,T. OVER
 30-11-18,23:18:05,Ch6,T. OVER
 30-11-18,23:19:05,Ch6,T. OVER
 30-11-18,23:20:05,Ch6,T. OVER
 30-11-18,23:21:05,Ch6,T. OVER
 30-11-18,23:22:05,Ch6,T. OVER
 30-11-18,23:23:06,Ch6,T. OVER
 30-11-18,23:24:06,Ch6,T. OVER
 30-11-18,23:25:06,Ch6,T. OVER
 30-11-18,23:26:06,Ch6,T. OVER
 30-11-18,23:27:06,Ch6,T. OVER
 30-11-18,23:28:06,Ch6,T. OVER
 30-11-18,23:29:06,Ch6,T. OVER
 30-11-18,23:30:06,Ch6,T. OVER
 30-11-18,23:31:07,Ch6,T. OVER
 30-11-18,23:32:07,Ch6,T. OVER
 30-11-18,23:33:07,Ch6,T. OVER
 30-11-18,23:34:07,Ch6,T. OVER
 30-11-18,23:35:07,Ch6,T. OVER
 30-11-18,23:36:07,Ch6,T. OVER
 30-11-18,23:37:07,Ch6,T. OVER
 30-11-18,23:38:07,Ch6,T. OVER
 30-11-18,23:39:07,Ch6,T. OVER
 30-11-18,23:40:07,Ch6,T. OVER
 30-11-18,23:41:07,Ch6,T. OVER
 30-11-18,23:42:07,Ch6,T. OVER
 30-11-18,23:43:07,Ch6,T. OVER
 30-11-18,23:44:07,Ch6,T. OVER
 30-11-18,23:45:08,Ch6,T. OVER
 30-11-18,23:46:08,Ch6,T. OVER
 30-11-18,23:47:08,Ch6,T. OVER
 30-11-18,23:48:08,Ch6,T. OVER
 30-11-18,23:49:08,Ch6,T. OVER
 30-11-18,23:50:08,Ch6,T. OVER
 30-11-18,23:51:08,Ch6,T. OVER
 30-11-18,23:52:08,Ch6,T. OVER
 30-11-18,23:53:08,Ch6,T. OVER
 30-11-18,23:54:09,Ch6,T. OVER
 30-11-18,23:55:09,Ch6,T. OVER
 30-11-18,23:56:09,Ch6,T. OVER
 30-11-18,23:57:09,Ch6,T. OVER
 30-11-18,23:58:09,Ch6,T. OVER
 30-11-18,23:59:09,Ch6,T. OVER
