 19-06-18,02:38:26,Ch6,T. OVER
 19-06-18,02:42:26,Ch6,T. OVER
 19-06-18,02:43:27,Ch6,T. OVER
 19-06-18,02:45:27,Ch6,T. OVER
 19-06-18,02:46:27,Ch6,T. OVER
 19-06-18,02:47:27,Ch6,T. OVER
 19-06-18,02:48:27,Ch6,T. OVER
 19-06-18,02:49:27,Ch6,T. OVER
 19-06-18,02:50:28,Ch6,T. OVER
 19-06-18,02:51:28,Ch6,T. OVER
 19-06-18,02:52:28,Ch6,T. OVER
 19-06-18,02:53:28,Ch6,T. OVER
 19-06-18,02:54:28,Ch6,T. OVER
 19-06-18,02:55:29,Ch6,T. OVER
 19-06-18,02:56:29,Ch6,T. OVER
 19-06-18,02:57:29,Ch6,T. OVER
 19-06-18,02:58:29,Ch6,T. OVER
 19-06-18,02:59:29,Ch6,T. OVER
 19-06-18,03:00:29,Ch6,T. OVER
 19-06-18,03:01:30,Ch6,T. OVER
 19-06-18,03:02:30,Ch6,T. OVER
 19-06-18,03:03:30,Ch6,T. OVER
 19-06-18,03:04:30,Ch6,T. OVER
 19-06-18,03:05:31,Ch6,VMIX OVL,T. OVER
 19-06-18,03:06:31,Ch6,T. OVER
 19-06-18,03:07:31,Ch6,T. OVER
 19-06-18,03:08:31,Ch6,T. OVER
 19-06-18,03:09:31,Ch6,T. OVER
 19-06-18,03:10:31,Ch6,T. OVER
 19-06-18,03:11:32,Ch6,T. OVER
 19-06-18,03:12:32,Ch6,T. OVER
 19-06-18,03:13:32,Ch6,T. OVER
 19-06-18,03:14:32,Ch6,T. OVER
 19-06-18,03:15:32,Ch6,T. OVER
 19-06-18,03:16:32,Ch6,T. OVER
 19-06-18,03:17:32,Ch6,T. OVER
 19-06-18,03:18:33,Ch6,T. OVER
 19-06-18,03:19:33,Ch6,T. OVER
 19-06-18,03:20:33,Ch6,T. OVER
 19-06-18,03:21:33,Ch6,T. OVER
 19-06-18,03:22:33,Ch6,T. OVER
 19-06-18,03:23:33,Ch6,T. OVER
 19-06-18,03:24:34,Ch6,T. OVER
 19-06-18,03:25:34,Ch6,T. OVER
 19-06-18,03:26:34,Ch6,T. OVER
 19-06-18,03:27:34,Ch6,T. OVER
 19-06-18,03:28:34,Ch6,T. OVER
 19-06-18,03:29:34,Ch6,T. OVER
 19-06-18,03:30:34,Ch6,T. OVER
 19-06-18,03:31:35,Ch6,T. OVER
 19-06-18,03:32:35,Ch6,T. OVER
 19-06-18,03:33:35,Ch6,T. OVER
 19-06-18,03:34:35,Ch6,T. OVER
 19-06-18,03:35:35,Ch6,T. OVER
 19-06-18,03:36:35,Ch6,T. OVER
 19-06-18,03:37:36,Ch6,T. OVER
 19-06-18,03:38:36,Ch6,T. OVER
 19-06-18,03:39:36,Ch6,T. OVER
 19-06-18,03:40:36,Ch6,T. OVER
 19-06-18,03:41:36,Ch6,T. OVER
 19-06-18,03:42:36,Ch6,T. OVER
 19-06-18,03:43:36,Ch6,T. OVER
 19-06-18,03:44:36,Ch6,T. OVER
 19-06-18,03:45:36,Ch6,T. OVER
 19-06-18,03:46:37,Ch6,T. OVER
 19-06-18,03:47:37,Ch6,T. OVER
 19-06-18,03:48:37,Ch6,T. OVER
 19-06-18,03:49:37,Ch6,T. OVER
 19-06-18,03:50:37,Ch6,T. OVER
 19-06-18,03:51:37,Ch6,T. OVER
 19-06-18,03:52:37,Ch6,T. OVER
 19-06-18,03:53:37,Ch6,T. OVER
 19-06-18,03:54:37,Ch6,T. OVER
 19-06-18,03:55:38,Ch6,T. OVER
 19-06-18,03:56:38,Ch6,T. OVER
 19-06-18,03:57:38,Ch6,T. OVER
 19-06-18,03:58:38,Ch6,T. OVER
 19-06-18,03:59:38,Ch6,T. OVER
 19-06-18,04:00:38,Ch6,T. OVER
 19-06-18,04:01:39,Ch6,T. OVER
 19-06-18,04:02:39,Ch6,T. OVER
 19-06-18,04:03:39,Ch6,T. OVER
 19-06-18,04:04:39,Ch6,T. OVER
 19-06-18,04:05:39,Ch6,T. OVER
 19-06-18,04:06:39,Ch6,T. OVER
 19-06-18,04:07:39,Ch6,T. OVER
 19-06-18,04:08:39,Ch6,T. OVER
 19-06-18,04:09:39,Ch6,T. OVER
 19-06-18,04:10:40,Ch6,T. OVER
 19-06-18,04:11:40,Ch6,T. OVER
 19-06-18,04:12:40,Ch6,T. OVER
 19-06-18,04:13:40,Ch6,T. OVER
 19-06-18,04:14:40,Ch6,T. OVER
 19-06-18,04:15:41,Ch6,T. OVER
 19-06-18,04:16:41,Ch6,T. OVER
 19-06-18,04:17:41,Ch6,T. OVER
 19-06-18,04:18:41,Ch6,T. OVER
 19-06-18,04:19:41,Ch6,T. OVER
 19-06-18,04:20:41,Ch6,T. OVER
 19-06-18,04:21:41,Ch6,T. OVER
 19-06-18,04:22:42,Ch6,T. OVER
 19-06-18,04:23:42,Ch6,T. OVER
 19-06-18,04:24:42,Ch6,T. OVER
 19-06-18,04:25:42,Ch6,T. OVER
 19-06-18,04:26:42,Ch6,T. OVER
 19-06-18,04:27:42,Ch6,T. OVER
 19-06-18,04:28:42,Ch6,T. OVER
 19-06-18,04:29:42,Ch6,T. OVER
 19-06-18,04:30:43,Ch6,T. OVER
 19-06-18,04:31:43,Ch6,T. OVER
 19-06-18,04:32:43,Ch6,T. OVER
 19-06-18,04:33:43,Ch6,T. OVER
 19-06-18,04:34:43,Ch6,T. OVER
 19-06-18,04:35:43,Ch6,T. OVER
 19-06-18,04:36:44,Ch6,T. OVER
 19-06-18,04:37:44,Ch6,T. OVER
 19-06-18,04:38:44,Ch6,T. OVER
 19-06-18,04:39:44,Ch6,T. OVER
 19-06-18,04:40:44,Ch6,T. OVER
 19-06-18,04:41:45,Ch6,T. OVER
 19-06-18,04:42:45,Ch6,T. OVER
 19-06-18,04:43:45,Ch1,VDIF OVL
 19-06-18,04:43:45,Ch6,T. OVER
 19-06-18,04:44:45,Ch6,T. OVER
 19-06-18,04:45:45,Ch6,T. OVER
 19-06-18,04:46:45,Ch6,T. OVER
 19-06-18,04:47:45,Ch6,T. OVER
 19-06-18,04:48:45,Ch6,T. OVER
 19-06-18,04:49:45,Ch6,T. OVER
 19-06-18,04:50:45,Ch6,T. OVER
 19-06-18,04:51:46,Ch6,T. OVER
 19-06-18,04:52:46,Ch6,T. OVER
 19-06-18,04:53:46,Ch6,T. OVER
 19-06-18,04:54:46,Ch6,T. OVER
 19-06-18,04:55:46,Ch6,T. OVER
 19-06-18,04:56:46,Ch6,T. OVER
 19-06-18,04:57:46,Ch6,T. OVER
 19-06-18,04:58:47,Ch6,T. OVER
 19-06-18,04:59:47,Ch6,T. OVER
 19-06-18,05:00:47,Ch6,T. OVER
 19-06-18,05:01:47,Ch6,T. OVER
 19-06-18,05:02:47,Ch6,T. OVER
 19-06-18,05:03:48,Ch6,T. OVER
 19-06-18,05:04:48,Ch6,T. OVER
 19-06-18,05:05:48,Ch6,T. OVER
 19-06-18,05:06:48,Ch6,T. OVER
 19-06-18,05:07:48,Ch6,T. OVER
 19-06-18,05:08:48,Ch6,T. OVER
 19-06-18,05:09:49,Ch6,T. OVER
 19-06-18,05:10:49,Ch6,T. OVER
 19-06-18,05:11:49,Ch6,T. OVER
 19-06-18,05:12:49,Ch6,T. OVER
 19-06-18,05:13:49,Ch6,T. OVER
 19-06-18,05:14:49,Ch6,T. OVER
 19-06-18,05:15:50,Ch6,T. OVER
 19-06-18,05:16:50,Ch6,T. OVER
 19-06-18,05:17:50,Ch6,T. OVER
 19-06-18,05:18:50,Ch6,T. OVER
 19-06-18,05:19:50,Ch6,T. OVER
 19-06-18,05:20:50,Ch6,T. OVER
 19-06-18,05:21:50,Ch6,T. OVER
 19-06-18,05:22:51,Ch6,T. OVER
 19-06-18,05:23:51,Ch6,T. OVER
 19-06-18,05:24:51,Ch6,T. OVER
 19-06-18,05:25:51,Ch6,T. OVER
 19-06-18,05:26:51,Ch6,T. OVER
 19-06-18,05:27:51,Ch6,T. OVER
 19-06-18,05:28:51,Ch6,T. OVER
 19-06-18,05:29:51,Ch6,T. OVER
 19-06-18,05:30:52,Ch6,T. OVER
 19-06-18,05:31:52,Ch6,T. OVER
 19-06-18,05:32:52,Ch6,T. OVER
 19-06-18,05:33:52,Ch6,T. OVER
 19-06-18,05:34:52,Ch6,T. OVER
 19-06-18,05:35:53,Ch6,T. OVER
 19-06-18,05:36:53,Ch6,T. OVER
 19-06-18,05:37:53,Ch6,T. OVER
 19-06-18,05:38:53,Ch6,T. OVER
 19-06-18,05:39:53,Ch6,T. OVER
 19-06-18,05:40:53,Ch6,T. OVER
 19-06-18,05:41:53,Ch6,T. OVER
 19-06-18,05:42:54,Ch6,T. OVER
 19-06-18,05:43:54,Ch6,T. OVER
 19-06-18,05:44:54,Ch6,T. OVER
 19-06-18,05:45:54,Ch6,T. OVER
 19-06-18,05:46:54,Ch6,T. OVER
 19-06-18,05:47:55,Ch6,T. OVER
 19-06-18,05:48:55,Ch6,T. OVER
 19-06-18,05:49:55,Ch6,T. OVER
 19-06-18,05:50:55,Ch6,T. OVER
 19-06-18,05:51:55,Ch6,T. OVER
 19-06-18,05:52:56,Ch6,T. OVER
 19-06-18,05:53:56,Ch6,T. OVER
 19-06-18,05:54:56,Ch6,T. OVER
 19-06-18,05:55:56,Ch6,T. OVER
 19-06-18,05:56:56,Ch6,T. OVER
 19-06-18,05:57:56,Ch6,T. OVER
 19-06-18,05:58:57,Ch6,T. OVER
 19-06-18,05:59:57,Ch6,T. OVER
 19-06-18,06:00:57,Ch6,T. OVER
 19-06-18,06:01:57,Ch6,T. OVER
 19-06-18,06:02:57,Ch6,T. OVER
 19-06-18,06:03:58,Ch6,T. OVER
 19-06-18,06:04:58,Ch6,T. OVER
 19-06-18,06:05:58,Ch6,T. OVER
 19-06-18,06:06:58,Ch6,T. OVER
 19-06-18,06:07:58,Ch6,T. OVER
 19-06-18,06:08:58,Ch6,T. OVER
 19-06-18,06:09:58,Ch6,T. OVER
 19-06-18,06:10:58,Ch6,T. OVER
 19-06-18,06:11:58,Ch6,T. OVER
 19-06-18,06:12:59,Ch6,T. OVER
 19-06-18,06:13:59,Ch6,T. OVER
 19-06-18,06:14:59,Ch6,T. OVER
 19-06-18,06:15:59,Ch6,T. OVER
 19-06-18,06:16:59,Ch6,T. OVER
 19-06-18,06:18:00,Ch6,T. OVER
 19-06-18,06:19:00,Ch6,T. OVER
 19-06-18,06:20:00,Ch6,T. OVER
 19-06-18,06:21:00,Ch6,T. OVER
 19-06-18,06:22:00,Ch6,T. OVER
 19-06-18,06:23:00,Ch6,T. OVER
 19-06-18,06:24:00,Ch6,T. OVER
 19-06-18,06:25:01,Ch6,T. OVER
 19-06-18,06:26:01,Ch6,T. OVER
 19-06-18,06:27:01,Ch6,T. OVER
 19-06-18,06:28:01,Ch6,T. OVER
 19-06-18,06:29:01,Ch6,T. OVER
 19-06-18,06:30:01,Ch6,T. OVER
 19-06-18,06:31:02,Ch6,T. OVER
 19-06-18,06:32:02,Ch6,T. OVER
 19-06-18,06:33:02,Ch6,T. OVER
 19-06-18,06:34:02,Ch6,T. OVER
 19-06-18,06:35:02,Ch6,T. OVER
 19-06-18,06:36:03,Ch6,T. OVER
 19-06-18,06:37:03,Ch6,T. OVER
 19-06-18,06:38:03,Ch6,T. OVER
 19-06-18,06:39:03,Ch6,T. OVER
 19-06-18,06:40:03,Ch6,T. OVER
 19-06-18,06:41:03,Ch6,T. OVER
 19-06-18,06:42:03,Ch6,T. OVER
 19-06-18,06:43:03,Ch6,T. OVER
 19-06-18,06:44:04,Ch6,T. OVER
 19-06-18,06:45:04,Ch6,T. OVER
 19-06-18,06:46:04,Ch6,T. OVER
 19-06-18,06:47:04,Ch6,T. OVER
 19-06-18,06:48:04,Ch6,T. OVER
 19-06-18,06:49:05,Ch6,T. OVER
 19-06-18,06:50:05,Ch6,T. OVER
 19-06-18,06:51:05,Ch6,T. OVER
 19-06-18,06:52:05,Ch6,T. OVER
 19-06-18,06:53:05,Ch6,T. OVER
 19-06-18,06:54:05,Ch6,T. OVER
 19-06-18,06:55:06,Ch6,T. OVER
 19-06-18,06:56:06,Ch6,T. OVER
 19-06-18,06:57:06,Ch6,T. OVER
 19-06-18,06:58:06,Ch6,T. OVER
 19-06-18,06:59:06,Ch6,T. OVER
 19-06-18,07:00:07,Ch6,T. OVER
 19-06-18,07:01:07,Ch6,T. OVER
 19-06-18,07:02:07,Ch6,T. OVER
 19-06-18,07:03:07,Ch6,T. OVER
 19-06-18,07:04:07,Ch6,T. OVER
 19-06-18,07:05:08,Ch6,T. OVER
 19-06-18,07:06:08,Ch6,T. OVER
 19-06-18,07:07:08,Ch6,T. OVER
 19-06-18,07:08:08,Ch6,T. OVER
 19-06-18,07:09:09,Ch6,T. OVER
 19-06-18,07:10:09,Ch6,T. OVER
 19-06-18,07:11:09,Ch6,T. OVER
 19-06-18,07:12:09,Ch6,T. OVER
 19-06-18,07:13:09,Ch6,T. OVER
 19-06-18,07:14:09,Ch6,T. OVER
 19-06-18,07:15:09,Ch6,T. OVER
 19-06-18,07:16:10,Ch6,T. OVER
 19-06-18,07:17:10,Ch6,T. OVER
 19-06-18,07:18:10,Ch6,T. OVER
 19-06-18,07:19:10,Ch6,T. OVER
 19-06-18,07:20:10,Ch6,T. OVER
 19-06-18,07:21:10,Ch6,T. OVER
 19-06-18,07:22:10,Ch6,T. OVER
 19-06-18,07:23:11,Ch6,T. OVER
 19-06-18,07:24:11,Ch6,T. OVER
 19-06-18,07:25:11,Ch6,T. OVER
 19-06-18,07:26:11,Ch6,T. OVER
 19-06-18,07:27:11,Ch6,T. OVER
 19-06-18,07:28:11,Ch6,T. OVER
 19-06-18,07:29:11,Ch6,T. OVER
 19-06-18,07:30:11,Ch6,T. OVER
 19-06-18,07:31:12,Ch6,T. OVER
 19-06-18,07:32:12,Ch6,T. OVER
 19-06-18,07:33:12,Ch6,T. OVER
 19-06-18,07:34:12,Ch6,T. OVER
 19-06-18,07:35:12,Ch6,T. OVER
 19-06-18,07:36:13,Ch6,T. OVER
 19-06-18,07:37:13,Ch6,T. OVER
 19-06-18,07:38:13,Ch6,T. OVER
 19-06-18,07:39:13,Ch6,T. OVER
 19-06-18,07:40:13,Ch6,T. OVER
 19-06-18,07:41:13,Ch6,T. OVER
 19-06-18,07:42:14,Ch6,T. OVER
 19-06-18,07:43:14,Ch6,T. OVER
 19-06-18,07:44:14,Ch6,T. OVER
 19-06-18,07:45:14,Ch6,T. OVER
 19-06-18,07:46:14,Ch6,T. OVER
 19-06-18,07:47:15,Ch6,T. OVER
 19-06-18,07:48:15,Ch6,T. OVER
 19-06-18,07:49:15,Ch6,T. OVER
 19-06-18,07:50:15,Ch6,T. OVER
 19-06-18,07:51:15,Ch6,T. OVER
 19-06-18,07:52:15,Ch6,T. OVER
 19-06-18,07:53:15,Ch6,T. OVER
 19-06-18,07:54:16,Ch6,T. OVER
 19-06-18,07:55:16,Ch6,T. OVER
 19-06-18,07:56:16,Ch6,T. OVER
 19-06-18,07:57:16,Ch6,T. OVER
 19-06-18,07:58:16,Ch6,T. OVER
 19-06-18,07:59:17,Ch6,T. OVER
 19-06-18,08:00:17,Ch6,T. OVER
 19-06-18,08:01:17,Ch6,T. OVER
 19-06-18,08:02:17,Ch6,T. OVER
 19-06-18,08:03:17,Ch6,T. OVER
 19-06-18,08:04:17,Ch6,T. OVER
 19-06-18,08:05:17,Ch6,T. OVER
 19-06-18,08:06:18,Ch6,T. OVER
 19-06-18,08:07:18,Ch6,T. OVER
 19-06-18,08:08:18,Ch6,T. OVER
 19-06-18,08:09:18,Ch6,T. OVER
 19-06-18,08:10:18,Ch6,T. OVER
 19-06-18,08:11:18,Ch6,T. OVER
 19-06-18,08:12:19,Ch6,T. OVER
 19-06-18,08:13:19,Ch6,T. OVER
 19-06-18,08:14:19,Ch6,T. OVER
 19-06-18,08:15:19,Ch6,T. OVER
 19-06-18,08:16:19,Ch6,T. OVER
 19-06-18,08:17:20,Ch6,T. OVER
 19-06-18,08:18:20,Ch6,T. OVER
 19-06-18,08:19:20,Ch6,T. OVER
 19-06-18,08:20:20,Ch6,T. OVER
 19-06-18,08:21:20,Ch6,T. OVER
 19-06-18,08:22:20,Ch6,T. OVER
 19-06-18,08:23:21,Ch6,T. OVER
 19-06-18,08:24:21,Ch6,T. OVER
 19-06-18,08:25:21,Ch6,T. OVER
 19-06-18,08:26:21,Ch6,T. OVER
 19-06-18,08:27:21,Ch6,T. OVER
 19-06-18,08:28:22,Ch6,T. OVER
 19-06-18,08:29:22,Ch6,T. OVER
 19-06-18,08:30:22,Ch6,T. OVER
 19-06-18,08:31:22,Ch6,T. OVER
 19-06-18,08:32:22,Ch6,T. OVER
 19-06-18,08:33:22,Ch6,T. OVER
 19-06-18,08:34:23,Ch6,T. OVER
 19-06-18,08:35:23,Ch6,T. OVER
 19-06-18,08:36:23,Ch6,T. OVER
 19-06-18,08:37:23,Ch6,T. OVER
 19-06-18,08:38:23,Ch6,T. OVER
 19-06-18,08:39:24,Ch6,T. OVER
 19-06-18,08:40:24,Ch6,T. OVER
 19-06-18,08:41:24,Ch6,T. OVER
 19-06-18,08:42:24,Ch6,T. OVER
 19-06-18,08:43:24,Ch6,T. OVER
 19-06-18,08:44:24,Ch6,T. OVER
 19-06-18,08:45:24,Ch6,T. OVER
 19-06-18,08:46:24,Ch6,T. OVER
 19-06-18,08:47:24,Ch6,T. OVER
 19-06-18,08:48:24,Ch6,T. OVER
 19-06-18,08:49:25,Ch6,T. OVER
 19-06-18,08:50:25,Ch6,T. OVER
 19-06-18,08:51:25,Ch6,T. OVER
 19-06-18,08:52:25,Ch6,T. OVER
 19-06-18,08:53:26,Ch6,T. OVER
 19-06-18,08:54:26,Ch6,T. OVER
 19-06-18,08:55:26,Ch6,T. OVER
 19-06-18,08:56:26,Ch6,T. OVER
 19-06-18,08:57:26,Ch6,T. OVER
 19-06-18,08:58:27,Ch6,T. OVER
 19-06-18,08:59:27,Ch6,T. OVER
 19-06-18,09:00:27,Ch6,T. OVER
 19-06-18,09:01:27,Ch6,T. OVER
 19-06-18,09:02:27,Ch6,T. OVER
 19-06-18,09:03:28,Ch6,T. OVER
 19-06-18,09:04:28,Ch6,T. OVER
 19-06-18,09:05:28,Ch6,T. OVER
 19-06-18,09:06:28,Ch6,T. OVER
 19-06-18,09:07:28,Ch6,T. OVER
 19-06-18,09:08:28,Ch6,T. OVER
 19-06-18,09:09:28,Ch6,T. OVER
 19-06-18,09:10:29,Ch6,T. OVER
 19-06-18,09:11:29,Ch6,T. OVER
 19-06-18,09:12:29,Ch6,T. OVER
 19-06-18,09:13:29,Ch6,T. OVER
 19-06-18,09:14:29,Ch6,T. OVER
 19-06-18,09:15:29,Ch6,T. OVER
 19-06-18,09:16:29,Ch6,T. OVER
 19-06-18,09:17:29,Ch6,T. OVER
 19-06-18,09:18:30,Ch6,T. OVER
 19-06-18,09:19:30,Ch6,T. OVER
 19-06-18,09:20:30,Ch6,T. OVER
 19-06-18,09:21:30,Ch6,T. OVER
 19-06-18,09:22:30,Ch6,T. OVER
 19-06-18,09:23:31,Ch6,T. OVER
 19-06-18,09:24:31,Ch6,T. OVER
 19-06-18,09:25:31,Ch6,T. OVER
 19-06-18,09:26:31,Ch6,T. OVER
 19-06-18,09:27:31,Ch6,T. OVER
 19-06-18,09:28:31,Ch6,T. OVER
 19-06-18,09:29:31,Ch6,T. OVER
 19-06-18,09:30:32,Ch6,T. OVER
 19-06-18,09:31:32,Ch6,T. OVER
 19-06-18,09:32:32,Ch6,T. OVER
 19-06-18,09:33:32,Ch6,T. OVER
 19-06-18,09:34:32,Ch6,T. OVER
 19-06-18,09:35:32,Ch6,T. OVER
 19-06-18,09:36:32,Ch6,T. OVER
 19-06-18,09:37:33,Ch6,T. OVER
 19-06-18,09:38:33,Ch6,T. OVER
 19-06-18,09:39:33,Ch6,T. OVER
 19-06-18,09:40:33,Ch6,T. OVER
 19-06-18,09:41:34,Ch6,T. OVER
 19-06-18,09:42:34,Ch6,T. OVER
 19-06-18,09:43:34,Ch6,T. OVER
 19-06-18,09:44:34,Ch6,T. OVER
 19-06-18,09:45:35,Ch6,T. OVER
 19-06-18,09:46:35,Ch6,T. OVER
 19-06-18,09:47:35,Ch6,T. OVER
 19-06-18,09:48:35,Ch6,T. OVER
 19-06-18,09:49:35,Ch6,T. OVER
 19-06-18,09:50:36,Ch6,T. OVER
 19-06-18,09:51:36,Ch6,T. OVER
 19-06-18,09:52:36,Ch6,T. OVER
 19-06-18,09:53:36,Ch6,T. OVER
 19-06-18,09:54:36,Ch6,T. OVER
 19-06-18,09:55:36,Ch6,T. OVER
 19-06-18,09:56:36,Ch6,T. OVER
 19-06-18,09:57:36,Ch6,T. OVER
 19-06-18,09:58:36,Ch6,T. OVER
 19-06-18,09:59:36,Ch6,T. OVER
 19-06-18,10:00:36,Ch6,T. OVER
 19-06-18,10:01:37,Ch6,T. OVER
 19-06-18,10:02:37,Ch6,T. OVER
 19-06-18,10:03:37,Ch6,T. OVER
 19-06-18,10:04:37,Ch6,T. OVER
 19-06-18,10:05:37,Ch6,T. OVER
 19-06-18,10:06:37,Ch6,T. OVER
 19-06-18,10:07:37,Ch6,T. OVER
 19-06-18,10:08:38,Ch6,T. OVER
 19-06-18,10:09:38,Ch6,T. OVER
 19-06-18,10:10:38,Ch6,T. OVER
 19-06-18,10:11:38,Ch6,T. OVER
 19-06-18,10:12:38,Ch6,T. OVER
 19-06-18,10:13:38,Ch6,T. OVER
 19-06-18,10:14:38,Ch6,T. OVER
 19-06-18,10:15:39,Ch6,T. OVER
 19-06-18,10:16:39,Ch6,T. OVER
 19-06-18,10:17:39,Ch6,T. OVER
 19-06-18,10:18:39,Ch6,T. OVER
 19-06-18,10:19:39,Ch6,T. OVER
 19-06-18,10:20:39,Ch6,T. OVER
 19-06-18,10:21:40,Ch6,T. OVER
 19-06-18,10:22:40,Ch6,T. OVER
 19-06-18,10:23:40,Ch6,VMIX OVL,VDIF OVL,T. OVER
 19-06-18,10:24:40,Ch6,T. OVER
 19-06-18,10:25:40,Ch6,T. OVER
 19-06-18,10:26:40,Ch6,T. OVER
 19-06-18,10:27:40,Ch6,T. OVER
 19-06-18,10:28:41,Ch6,T. OVER
 19-06-18,10:29:41,Ch6,T. OVER
 19-06-18,10:30:41,Ch6,T. OVER
 19-06-18,10:31:41,Ch6,T. OVER
 19-06-18,10:32:41,Ch6,T. OVER
 19-06-18,10:33:42,Ch6,T. OVER
 19-06-18,10:34:42,Ch6,T. OVER
 19-06-18,10:35:42,Ch6,T. OVER
 19-06-18,10:36:42,Ch6,T. OVER
 19-06-18,10:37:42,Ch6,T. OVER
 19-06-18,10:38:43,Ch6,T. OVER
 19-06-18,10:39:43,Ch6,T. OVER
 19-06-18,10:40:43,Ch6,T. OVER
 19-06-18,10:41:43,Ch6,T. OVER
 19-06-18,10:42:43,Ch6,T. OVER
 19-06-18,10:43:43,Ch6,T. OVER
 19-06-18,10:44:44,Ch6,T. OVER
 19-06-18,10:45:44,Ch6,T. OVER
 19-06-18,10:46:44,Ch6,T. OVER
 19-06-18,10:47:44,Ch6,T. OVER
 19-06-18,10:48:44,Ch6,T. OVER
 19-06-18,10:49:45,Ch6,T. OVER
 19-06-18,10:50:45,Ch6,T. OVER
 19-06-18,10:51:45,Ch6,T. OVER
 19-06-18,10:52:45,Ch6,T. OVER
 19-06-18,10:53:45,Ch6,T. OVER
 19-06-18,10:54:45,Ch6,T. OVER
 19-06-18,10:55:46,Ch6,T. OVER
 19-06-18,10:56:46,Ch6,T. OVER
 19-06-18,10:57:46,Ch6,T. OVER
 19-06-18,10:58:46,Ch6,T. OVER
 19-06-18,10:59:47,Ch6,T. OVER
 19-06-18,11:00:47,Ch6,T. OVER
 19-06-18,11:01:47,Ch6,T. OVER
 19-06-18,11:02:47,Ch6,T. OVER
 19-06-18,11:03:47,Ch6,T. OVER
 19-06-18,11:04:47,Ch6,T. OVER
 19-06-18,11:05:48,Ch6,T. OVER
 19-06-18,11:06:48,Ch6,T. OVER
 19-06-18,11:07:48,Ch6,T. OVER
 19-06-18,11:08:48,Ch6,T. OVER
 19-06-18,11:09:48,Ch6,T. OVER
 19-06-18,11:10:48,Ch6,T. OVER
 19-06-18,11:11:48,Ch6,T. OVER
 19-06-18,11:12:49,Ch6,T. OVER
 19-06-18,11:13:49,Ch6,T. OVER
 19-06-18,11:14:49,Ch6,T. OVER
 19-06-18,11:15:49,Ch6,T. OVER
 19-06-18,11:16:49,Ch6,T. OVER
 19-06-18,11:17:50,Ch6,T. OVER
 19-06-18,11:18:50,Ch6,T. OVER
 19-06-18,11:19:50,Ch6,T. OVER
 19-06-18,11:20:50,Ch6,T. OVER
 19-06-18,11:21:50,Ch6,T. OVER
 19-06-18,11:22:50,Ch6,T. OVER
 19-06-18,11:23:50,Ch6,T. OVER
 19-06-18,11:24:51,Ch6,T. OVER
 19-06-18,11:25:51,Ch6,T. OVER
 19-06-18,11:26:51,Ch6,T. OVER
 19-06-18,11:27:51,Ch6,T. OVER
 19-06-18,11:28:51,Ch6,T. OVER
 19-06-18,11:29:51,Ch6,T. OVER
 19-06-18,11:30:52,Ch6,T. OVER
 19-06-18,11:31:52,Ch6,T. OVER
 19-06-18,11:32:52,Ch6,T. OVER
 19-06-18,11:33:52,Ch6,T. OVER
 19-06-18,11:34:52,Ch6,T. OVER
 19-06-18,11:35:53,Ch6,T. OVER
 19-06-18,11:36:53,Ch6,T. OVER
 19-06-18,11:37:53,Ch6,T. OVER
 19-06-18,11:38:53,Ch6,T. OVER
 19-06-18,11:39:53,Ch6,T. OVER
 19-06-18,11:40:53,Ch6,T. OVER
 19-06-18,11:41:54,Ch6,T. OVER
 19-06-18,11:42:54,Ch6,T. OVER
 19-06-18,11:43:54,Ch6,T. OVER
 19-06-18,11:44:54,Ch6,T. OVER
 19-06-18,11:45:54,Ch6,T. OVER
 19-06-18,11:46:54,Ch6,T. OVER
 19-06-18,11:47:55,Ch6,T. OVER
 19-06-18,11:48:55,Ch6,T. OVER
 19-06-18,11:49:55,Ch6,T. OVER
 19-06-18,11:50:55,Ch6,T. OVER
 19-06-18,11:51:55,Ch6,T. OVER
 19-06-18,11:52:55,Ch6,T. OVER
 19-06-18,11:53:55,Ch6,T. OVER
 19-06-18,11:54:56,Ch6,T. OVER
 19-06-18,11:55:56,Ch6,T. OVER
 19-06-18,11:56:56,Ch6,T. OVER
 19-06-18,11:57:56,Ch6,T. OVER
 19-06-18,11:58:57,Ch6,T. OVER
 19-06-18,11:59:57,Ch6,T. OVER
 19-06-18,12:00:57,Ch6,T. OVER
 19-06-18,12:01:57,Ch6,T. OVER
 19-06-18,12:02:57,Ch6,T. OVER
 19-06-18,12:03:58,Ch6,T. OVER
 19-06-18,12:04:58,Ch6,T. OVER
 19-06-18,12:05:58,Ch6,T. OVER
 19-06-18,12:06:58,Ch6,T. OVER
 19-06-18,12:07:58,Ch6,T. OVER
 19-06-18,12:08:59,Ch6,T. OVER
 19-06-18,12:09:59,Ch6,T. OVER
 19-06-18,12:10:59,Ch6,T. OVER
 19-06-18,12:11:59,Ch6,T. OVER
 19-06-18,12:12:59,Ch6,T. OVER
 19-06-18,12:13:59,Ch6,T. OVER
 19-06-18,12:15:00,Ch6,T. OVER
 19-06-18,12:16:00,Ch6,T. OVER
 19-06-18,12:17:00,Ch6,T. OVER
 19-06-18,12:18:00,Ch6,T. OVER
 19-06-18,12:19:00,Ch6,T. OVER
 19-06-18,12:20:01,Ch6,T. OVER
 19-06-18,12:21:01,Ch6,T. OVER
 19-06-18,12:22:01,Ch6,T. OVER
 19-06-18,12:23:01,Ch6,T. OVER
 19-06-18,12:24:02,Ch6,T. OVER
 19-06-18,12:25:02,Ch6,T. OVER
 19-06-18,12:26:02,Ch6,T. OVER
 19-06-18,12:27:02,Ch6,T. OVER
 19-06-18,12:28:03,Ch6,T. OVER
 19-06-18,12:29:03,Ch6,T. OVER
 19-06-18,12:30:03,Ch6,T. OVER
 19-06-18,12:31:03,Ch6,T. OVER
 19-06-18,12:32:03,Ch6,T. OVER
 19-06-18,12:33:03,Ch6,T. OVER
 19-06-18,12:34:04,Ch6,T. OVER
 19-06-18,12:35:04,Ch6,T. OVER
 19-06-18,12:36:04,Ch6,T. OVER
 19-06-18,12:37:04,Ch6,T. OVER
 19-06-18,12:38:04,Ch6,T. OVER
 19-06-18,12:39:04,Ch6,T. OVER
 19-06-18,12:40:05,Ch6,T. OVER
 19-06-18,12:41:05,Ch6,T. OVER
 19-06-18,12:42:05,Ch6,T. OVER
 19-06-18,12:43:05,Ch6,T. OVER
 19-06-18,12:44:05,Ch6,T. OVER
 19-06-18,12:45:05,Ch6,T. OVER
 19-06-18,12:46:06,Ch6,T. OVER
 19-06-18,12:47:06,Ch6,T. OVER
 19-06-18,12:48:06,Ch6,T. OVER
 19-06-18,12:49:06,Ch6,T. OVER
 19-06-18,12:50:06,Ch6,T. OVER
 19-06-18,12:51:07,Ch6,T. OVER
 19-06-18,12:52:07,Ch6,T. OVER
 19-06-18,12:53:07,Ch6,T. OVER
 19-06-18,12:54:07,Ch6,T. OVER
 19-06-18,12:55:07,Ch6,T. OVER
 19-06-18,12:56:07,Ch6,T. OVER
 19-06-18,12:57:07,Ch6,T. OVER
 19-06-18,12:58:08,Ch6,T. OVER
 19-06-18,12:59:08,Ch6,T. OVER
 19-06-18,13:00:08,Ch6,T. OVER
 19-06-18,13:01:08,Ch6,T. OVER
 19-06-18,13:02:08,Ch6,T. OVER
 19-06-18,13:03:08,Ch6,T. OVER
 19-06-18,13:04:08,Ch6,T. OVER
 19-06-18,13:05:08,Ch6,T. OVER
 19-06-18,13:06:09,Ch6,T. OVER
 19-06-18,13:07:09,Ch6,T. OVER
 19-06-18,13:08:09,Ch6,T. OVER
 19-06-18,13:09:09,Ch6,T. OVER
 19-06-18,13:10:09,Ch6,T. OVER
 19-06-18,13:11:09,Ch6,T. OVER
 19-06-18,13:12:09,Ch6,T. OVER
 19-06-18,13:13:10,Ch6,T. OVER
 19-06-18,13:14:10,Ch6,T. OVER
 19-06-18,13:15:10,Ch6,T. OVER
 19-06-18,13:16:10,Ch6,T. OVER
 19-06-18,13:17:10,Ch6,T. OVER
 19-06-18,13:18:10,Ch6,T. OVER
 19-06-18,13:19:11,Ch6,T. OVER
 19-06-18,13:20:11,Ch6,T. OVER
 19-06-18,13:21:11,Ch6,T. OVER
 19-06-18,13:22:11,Ch6,T. OVER
 19-06-18,13:23:11,Ch6,T. OVER
 19-06-18,13:24:11,Ch6,T. OVER
 19-06-18,13:25:11,Ch6,T. OVER
 19-06-18,13:26:11,Ch6,T. OVER
 19-06-18,13:27:12,Ch6,T. OVER
 19-06-18,13:28:12,Ch6,T. OVER
 19-06-18,13:29:12,Ch6,T. OVER
 19-06-18,13:30:12,Ch6,T. OVER
 19-06-18,13:31:12,Ch6,T. OVER
 19-06-18,13:32:12,Ch6,T. OVER
 19-06-18,13:33:13,Ch6,T. OVER
 19-06-18,13:34:13,Ch6,T. OVER
 19-06-18,13:35:13,Ch6,T. OVER
 19-06-18,13:36:14,Ch6,T. OVER
 19-06-18,13:37:14,Ch6,T. OVER
 19-06-18,13:38:14,Ch6,T. OVER
 19-06-18,13:39:14,Ch6,T. OVER
 19-06-18,13:40:14,Ch6,T. OVER
 19-06-18,13:41:15,Ch6,T. OVER
 19-06-18,13:42:15,Ch6,T. OVER
 19-06-18,13:43:15,Ch6,T. OVER
 19-06-18,13:44:15,Ch6,T. OVER
 19-06-18,13:45:15,Ch6,T. OVER
 19-06-18,13:46:16,Ch6,T. OVER
 19-06-18,13:47:16,Ch6,T. OVER
 19-06-18,13:48:16,Ch6,T. OVER
 19-06-18,13:49:16,Ch6,T. OVER
 19-06-18,13:50:17,Ch6,T. OVER
 19-06-18,13:51:17,Ch6,T. OVER
 19-06-18,13:52:17,Ch6,T. OVER
 19-06-18,13:53:17,Ch6,T. OVER
 19-06-18,13:54:17,Ch6,T. OVER
 19-06-18,13:55:17,Ch6,T. OVER
 19-06-18,13:56:18,Ch6,T. OVER
 19-06-18,13:57:18,Ch6,T. OVER
 19-06-18,13:58:18,Ch6,T. OVER
 19-06-18,13:59:18,Ch6,T. OVER
 19-06-18,14:00:18,Ch6,T. OVER
 19-06-18,14:01:18,Ch6,T. OVER
 19-06-18,14:02:19,Ch6,T. OVER
 19-06-18,14:03:19,Ch6,T. OVER
 19-06-18,14:04:19,Ch6,T. OVER
 19-06-18,14:05:19,Ch6,T. OVER
 19-06-18,14:06:19,Ch6,T. OVER
 19-06-18,14:07:20,Ch6,T. OVER
 19-06-18,14:08:20,Ch6,T. OVER
 19-06-18,14:09:20,Ch6,T. OVER
 19-06-18,14:10:20,Ch6,T. OVER
 19-06-18,14:11:20,Ch6,T. OVER
 19-06-18,14:12:20,Ch6,T. OVER
 19-06-18,14:13:20,Ch6,T. OVER
 19-06-18,14:14:20,Ch6,T. OVER
 19-06-18,14:15:21,Ch6,T. OVER
 19-06-18,14:16:21,Ch6,T. OVER
 19-06-18,14:17:21,Ch6,T. OVER
 19-06-18,14:18:21,Ch6,T. OVER
 19-06-18,14:19:21,Ch6,T. OVER
 19-06-18,14:20:21,Ch6,T. OVER
 19-06-18,14:21:21,Ch6,T. OVER
 19-06-18,14:22:21,Ch6,T. OVER
 19-06-18,14:23:22,Ch6,T. OVER
 19-06-18,14:24:22,Ch6,T. OVER
 19-06-18,14:25:22,Ch6,T. OVER
 19-06-18,14:26:22,Ch6,T. OVER
 19-06-18,14:27:22,Ch6,T. OVER
 19-06-18,14:28:22,Ch6,T. OVER
 19-06-18,14:29:22,Ch6,T. OVER
 19-06-18,14:30:23,Ch6,T. OVER
 19-06-18,14:31:23,Ch6,T. OVER
 19-06-18,14:32:23,Ch6,T. OVER
 19-06-18,14:33:23,Ch6,T. OVER
 19-06-18,14:34:23,Ch6,T. OVER
 19-06-18,14:35:23,Ch6,T. OVER
 19-06-18,14:36:23,Ch6,VMIX OVL,VDIF OVL,T. OVER
 19-06-18,14:37:24,Ch6,T. OVER
 19-06-18,14:38:24,Ch6,T. OVER
 19-06-18,14:39:24,Ch6,T. OVER
 19-06-18,14:40:24,Ch6,T. OVER
 19-06-18,14:41:24,Ch6,T. OVER
 19-06-18,14:42:24,Ch6,T. OVER
 19-06-18,14:43:25,Ch6,T. OVER
 19-06-18,14:44:25,Ch6,T. OVER
 19-06-18,14:45:25,Ch6,T. OVER
 19-06-18,14:46:25,Ch6,T. OVER
 19-06-18,14:47:25,Ch6,T. OVER
 19-06-18,14:48:25,Ch6,T. OVER
 19-06-18,14:49:25,Ch6,T. OVER
 19-06-18,14:50:25,Ch6,T. OVER
 19-06-18,14:51:25,Ch6,T. OVER
 19-06-18,14:52:25,Ch6,T. OVER
 19-06-18,14:53:26,Ch6,T. OVER
 19-06-18,14:54:26,Ch6,T. OVER
 19-06-18,14:55:26,Ch6,T. OVER
 19-06-18,14:56:26,Ch6,T. OVER
 19-06-18,14:57:26,Ch6,T. OVER
 19-06-18,14:58:27,Ch6,T. OVER
 19-06-18,14:59:27,Ch6,T. OVER
 19-06-18,15:00:27,Ch6,T. OVER
 19-06-18,15:01:27,Ch6,T. OVER
 19-06-18,15:02:27,Ch6,T. OVER
 19-06-18,15:03:27,Ch6,T. OVER
 19-06-18,15:04:27,Ch6,T. OVER
 19-06-18,15:05:27,Ch6,T. OVER
 19-06-18,15:06:27,Ch6,T. OVER
 19-06-18,15:07:28,Ch6,T. OVER
 19-06-18,15:08:28,Ch6,T. OVER
 19-06-18,15:09:28,Ch6,T. OVER
 19-06-18,15:10:28,Ch6,T. OVER
 19-06-18,15:11:28,Ch2,T. OVER
 19-06-18,15:11:28,Ch6,T. OVER
 19-06-18,15:12:28,Ch2,T. OVER
 19-06-18,15:12:28,Ch6,T. OVER
 19-06-18,15:13:28,Ch2,T. OVER
 19-06-18,15:13:28,Ch6,T. OVER
 19-06-18,15:14:29,Ch2,T. OVER
 19-06-18,15:14:29,Ch6,T. OVER
 19-06-18,15:15:29,Ch2,T. OVER
 19-06-18,15:15:29,Ch6,T. OVER
 19-06-18,15:16:29,Ch2,T. OVER
 19-06-18,15:16:29,Ch6,T. OVER
 19-06-18,15:17:29,Ch2,T. OVER
 19-06-18,15:17:29,Ch6,T. OVER
 19-06-18,15:18:29,Ch2,T. OVER
 19-06-18,15:18:29,Ch6,T. OVER
 19-06-18,15:19:29,Ch2,T. OVER
 19-06-18,15:19:29,Ch6,T. OVER
 19-06-18,15:20:30,Ch2,T. OVER
 19-06-18,15:20:30,Ch6,T. OVER
 19-06-18,15:21:30,Ch2,T. OVER
 19-06-18,15:21:30,Ch6,T. OVER
 19-06-18,15:22:30,Ch2,T. OVER
 19-06-18,15:22:30,Ch6,T. OVER
 19-06-18,15:23:30,Ch2,T. OVER
 19-06-18,15:23:30,Ch6,T. OVER
 19-06-18,15:24:30,Ch2,T. OVER
 19-06-18,15:24:30,Ch6,T. OVER
 19-06-18,15:25:31,Ch2,T. OVER
 19-06-18,15:25:31,Ch6,T. OVER
 19-06-18,15:26:31,Ch2,T. OVER
 19-06-18,15:26:31,Ch6,T. OVER
 19-06-18,15:27:31,Ch2,T. OVER
 19-06-18,15:27:31,Ch6,T. OVER
 19-06-18,15:28:31,Ch2,T. OVER
 19-06-18,15:28:31,Ch6,T. OVER
 19-06-18,15:29:31,Ch2,T. OVER
 19-06-18,15:29:31,Ch6,T. OVER
 19-06-18,15:30:32,Ch2,T. OVER
 19-06-18,15:30:32,Ch6,T. OVER
 19-06-18,15:31:32,Ch2,T. OVER
 19-06-18,15:31:32,Ch6,T. OVER
 19-06-18,15:32:32,Ch2,T. OVER
 19-06-18,15:32:32,Ch6,T. OVER
 19-06-18,15:33:32,Ch2,T. OVER
 19-06-18,15:33:32,Ch6,T. OVER
 19-06-18,15:34:32,Ch2,T. OVER
 19-06-18,15:34:32,Ch6,T. OVER
 19-06-18,15:35:32,Ch2,T. OVER
 19-06-18,15:35:32,Ch6,T. OVER
 19-06-18,15:36:33,Ch2,T. OVER
 19-06-18,15:36:33,Ch6,T. OVER
 19-06-18,15:37:33,Ch2,T. OVER
 19-06-18,15:37:33,Ch6,T. OVER
 19-06-18,15:38:33,Ch2,T. OVER
 19-06-18,15:38:33,Ch6,T. OVER
 19-06-18,15:39:33,Ch2,T. OVER
 19-06-18,15:39:33,Ch6,T. OVER
 19-06-18,15:40:33,Ch2,T. OVER
 19-06-18,15:40:33,Ch6,T. OVER
 19-06-18,15:41:34,Ch2,T. OVER
 19-06-18,15:41:34,Ch6,T. OVER
 19-06-18,15:42:34,Ch2,T. OVER
 19-06-18,15:42:34,Ch6,T. OVER
 19-06-18,15:43:34,Ch2,T. OVER
 19-06-18,15:43:34,Ch6,T. OVER
 19-06-18,15:44:34,Ch2,T. OVER
 19-06-18,15:44:34,Ch6,T. OVER
 19-06-18,15:45:34,Ch2,T. OVER
 19-06-18,15:45:34,Ch6,T. OVER
 19-06-18,15:46:35,Ch1,VDIF OVL
 19-06-18,15:46:35,Ch2,T. OVER
 19-06-18,15:46:35,Ch6,T. OVER
 19-06-18,15:47:35,Ch2,T. OVER
 19-06-18,15:47:35,Ch6,T. OVER
 19-06-18,15:48:35,Ch2,T. OVER
 19-06-18,15:48:35,Ch6,T. OVER
 19-06-18,15:49:35,Ch2,T. OVER
 19-06-18,15:49:35,Ch6,T. OVER
 19-06-18,15:50:35,Ch2,T. OVER
 19-06-18,15:50:35,Ch6,T. OVER
 19-06-18,15:51:35,Ch2,T. OVER
 19-06-18,15:51:35,Ch6,T. OVER
 19-06-18,15:52:35,Ch2,T. OVER
 19-06-18,15:52:35,Ch6,T. OVER
 19-06-18,15:53:35,Ch2,T. OVER
 19-06-18,15:53:35,Ch6,T. OVER
 19-06-18,15:54:35,Ch2,T. OVER
 19-06-18,15:54:35,Ch6,T. OVER
 19-06-18,15:55:36,Ch2,T. OVER
 19-06-18,15:55:36,Ch6,T. OVER
 19-06-18,15:56:36,Ch2,T. OVER
 19-06-18,15:56:36,Ch6,T. OVER
 19-06-18,15:57:36,Ch2,T. OVER
 19-06-18,15:57:36,Ch6,T. OVER
 19-06-18,15:58:36,Ch2,T. OVER
 19-06-18,15:58:36,Ch6,T. OVER
 19-06-18,15:59:36,Ch2,T. OVER
 19-06-18,15:59:36,Ch6,T. OVER
 19-06-18,16:00:36,Ch2,T. OVER
 19-06-18,16:00:36,Ch6,T. OVER
 19-06-18,16:01:36,Ch2,T. OVER
 19-06-18,16:01:36,Ch6,T. OVER
 19-06-18,16:02:36,Ch2,T. OVER
 19-06-18,16:02:36,Ch6,T. OVER
 19-06-18,16:03:36,Ch2,T. OVER
 19-06-18,16:03:36,Ch6,T. OVER
 19-06-18,16:04:37,Ch2,T. OVER
 19-06-18,16:04:37,Ch6,T. OVER
 19-06-18,16:05:37,Ch2,T. OVER
 19-06-18,16:05:37,Ch6,T. OVER
 19-06-18,16:06:37,Ch2,T. OVER
 19-06-18,16:06:37,Ch6,T. OVER
 19-06-18,16:07:37,Ch2,T. OVER
 19-06-18,16:07:37,Ch6,T. OVER
 19-06-18,16:08:37,Ch2,T. OVER
 19-06-18,16:08:37,Ch6,T. OVER
 19-06-18,16:09:37,Ch2,T. OVER
 19-06-18,16:09:37,Ch6,T. OVER
 19-06-18,16:10:37,Ch2,T. OVER
 19-06-18,16:10:37,Ch6,T. OVER
 19-06-18,16:11:37,Ch2,T. OVER
 19-06-18,16:11:37,Ch6,T. OVER
 19-06-18,16:12:38,Ch2,T. OVER
 19-06-18,16:12:38,Ch6,T. OVER
 19-06-18,16:13:38,Ch2,T. OVER
 19-06-18,16:13:38,Ch6,T. OVER
 19-06-18,16:14:38,Ch2,T. OVER
 19-06-18,16:14:38,Ch6,T. OVER
 19-06-18,16:15:38,Ch2,T. OVER
 19-06-18,16:15:38,Ch6,T. OVER
 19-06-18,16:16:38,Ch2,T. OVER
 19-06-18,16:16:38,Ch6,T. OVER
 19-06-18,16:17:38,Ch2,T. OVER
 19-06-18,16:17:38,Ch6,T. OVER
 19-06-18,16:18:39,Ch2,T. OVER
 19-06-18,16:18:39,Ch6,T. OVER
 19-06-18,16:19:39,Ch2,T. OVER
 19-06-18,16:19:39,Ch6,T. OVER
 19-06-18,16:20:39,Ch2,T. OVER
 19-06-18,16:20:39,Ch6,T. OVER
 19-06-18,16:21:39,Ch2,T. OVER
 19-06-18,16:21:39,Ch6,T. OVER
 19-06-18,16:22:39,Ch2,T. OVER
 19-06-18,16:22:39,Ch6,T. OVER
 19-06-18,16:23:39,Ch2,T. OVER
 19-06-18,16:23:39,Ch6,T. OVER
 19-06-18,16:24:40,Ch2,T. OVER
 19-06-18,16:24:40,Ch6,T. OVER
 19-06-18,16:25:40,Ch2,T. OVER
 19-06-18,16:25:40,Ch6,T. OVER
 19-06-18,16:26:40,Ch2,T. OVER
 19-06-18,16:26:40,Ch6,T. OVER
 19-06-18,16:27:40,Ch2,T. OVER
 19-06-18,16:27:40,Ch6,T. OVER
 19-06-18,16:28:40,Ch2,T. OVER
 19-06-18,16:28:40,Ch6,T. OVER
 19-06-18,16:29:40,Ch2,T. OVER
 19-06-18,16:29:40,Ch6,T. OVER
 19-06-18,16:30:41,Ch2,T. OVER
 19-06-18,16:30:41,Ch6,T. OVER
 19-06-18,16:31:41,Ch2,T. OVER
 19-06-18,16:31:41,Ch6,T. OVER
 19-06-18,16:32:41,Ch2,T. OVER
 19-06-18,16:32:41,Ch6,T. OVER
 19-06-18,16:33:41,Ch2,T. OVER
 19-06-18,16:33:41,Ch6,T. OVER
 19-06-18,16:34:41,Ch2,T. OVER
 19-06-18,16:34:41,Ch6,T. OVER
 19-06-18,16:35:41,Ch2,T. OVER
 19-06-18,16:35:41,Ch6,T. OVER
 19-06-18,16:36:42,Ch2,T. OVER
 19-06-18,16:36:42,Ch6,T. OVER
 19-06-18,16:37:42,Ch2,T. OVER
 19-06-18,16:37:42,Ch6,T. OVER
 19-06-18,16:38:42,Ch2,T. OVER
 19-06-18,16:38:42,Ch6,T. OVER
 19-06-18,16:39:42,Ch2,T. OVER
 19-06-18,16:39:42,Ch6,T. OVER
 19-06-18,16:40:42,Ch2,T. OVER
 19-06-18,16:40:42,Ch6,T. OVER
 19-06-18,16:41:43,Ch2,T. OVER
 19-06-18,16:41:43,Ch6,T. OVER
 19-06-18,16:42:43,Ch2,T. OVER
 19-06-18,16:42:43,Ch6,T. OVER
 19-06-18,16:43:43,Ch2,T. OVER
 19-06-18,16:43:43,Ch6,T. OVER
 19-06-18,16:44:43,Ch2,T. OVER
 19-06-18,16:44:43,Ch6,T. OVER
 19-06-18,16:45:43,Ch2,T. OVER
 19-06-18,16:45:43,Ch6,T. OVER
 19-06-18,16:46:43,Ch2,T. OVER
 19-06-18,16:46:43,Ch6,T. OVER
 19-06-18,16:47:43,Ch2,T. OVER
 19-06-18,16:47:43,Ch6,T. OVER
 19-06-18,16:48:43,Ch2,T. OVER
 19-06-18,16:48:43,Ch6,T. OVER
 19-06-18,16:49:43,Ch2,T. OVER
 19-06-18,16:49:43,Ch6,T. OVER
 19-06-18,16:50:44,Ch2,T. OVER
 19-06-18,16:50:44,Ch6,T. OVER
 19-06-18,16:51:44,Ch2,T. OVER
 19-06-18,16:51:44,Ch6,T. OVER
 19-06-18,16:52:44,Ch2,T. OVER
 19-06-18,16:52:44,Ch6,T. OVER
 19-06-18,16:53:44,Ch2,T. OVER
 19-06-18,16:53:44,Ch6,T. OVER
 19-06-18,16:54:44,Ch2,T. OVER
 19-06-18,16:54:44,Ch6,T. OVER
 19-06-18,16:55:45,Ch2,T. OVER
 19-06-18,16:55:45,Ch6,T. OVER
 19-06-18,16:56:45,Ch2,T. OVER
 19-06-18,16:56:45,Ch6,T. OVER
 19-06-18,16:57:45,Ch2,T. OVER
 19-06-18,16:57:45,Ch6,T. OVER
 19-06-18,16:58:45,Ch2,T. OVER
 19-06-18,16:58:45,Ch6,T. OVER
 19-06-18,16:59:45,Ch2,T. OVER
 19-06-18,16:59:45,Ch6,T. OVER
 19-06-18,17:00:46,Ch2,T. OVER
 19-06-18,17:00:46,Ch6,T. OVER
 19-06-18,17:01:46,Ch2,T. OVER
 19-06-18,17:01:46,Ch6,T. OVER
 19-06-18,17:02:47,Ch2,T. OVER
 19-06-18,17:02:47,Ch6,T. OVER
 19-06-18,17:03:47,Ch2,T. OVER
 19-06-18,17:03:47,Ch6,T. OVER
 19-06-18,17:04:47,Ch2,T. OVER
 19-06-18,17:04:47,Ch6,T. OVER
 19-06-18,17:05:47,Ch2,T. OVER
 19-06-18,17:05:47,Ch6,T. OVER
 19-06-18,17:06:47,Ch2,T. OVER
 19-06-18,17:06:47,Ch6,T. OVER
 19-06-18,17:07:47,Ch2,T. OVER
 19-06-18,17:07:47,Ch6,T. OVER
 19-06-18,17:08:47,Ch2,T. OVER
 19-06-18,17:08:47,Ch6,T. OVER
 19-06-18,17:09:47,Ch2,T. OVER
 19-06-18,17:09:47,Ch6,T. OVER
 19-06-18,17:10:48,Ch2,T. OVER
 19-06-18,17:10:48,Ch6,T. OVER
 19-06-18,17:11:48,Ch2,T. OVER
 19-06-18,17:11:48,Ch6,T. OVER
 19-06-18,17:12:48,Ch2,T. OVER
 19-06-18,17:12:48,Ch6,T. OVER
 19-06-18,17:13:48,Ch2,T. OVER
 19-06-18,17:13:48,Ch6,T. OVER
 19-06-18,17:14:48,Ch2,T. OVER
 19-06-18,17:14:48,Ch6,T. OVER
 19-06-18,17:15:48,Ch2,T. OVER
 19-06-18,17:15:48,Ch6,T. OVER
 19-06-18,17:16:48,Ch2,T. OVER
 19-06-18,17:16:48,Ch6,T. OVER
 19-06-18,17:17:49,Ch2,T. OVER
 19-06-18,17:17:49,Ch6,T. OVER
 19-06-18,17:18:49,Ch2,T. OVER
 19-06-18,17:18:49,Ch6,T. OVER
 19-06-18,17:19:49,Ch2,T. OVER
 19-06-18,17:19:49,Ch6,T. OVER
 19-06-18,17:20:49,Ch2,T. OVER
 19-06-18,17:20:49,Ch6,T. OVER
 19-06-18,17:21:49,Ch2,T. OVER
 19-06-18,17:21:49,Ch6,T. OVER
 19-06-18,17:22:50,Ch2,T. OVER
 19-06-18,17:22:50,Ch6,T. OVER
 19-06-18,17:23:50,Ch2,T. OVER
 19-06-18,17:23:50,Ch6,T. OVER
 19-06-18,17:24:50,Ch2,T. OVER
 19-06-18,17:24:50,Ch6,T. OVER
 19-06-18,17:25:50,Ch2,T. OVER
 19-06-18,17:25:50,Ch6,T. OVER
 19-06-18,17:26:50,Ch2,T. OVER
 19-06-18,17:26:50,Ch6,T. OVER
 19-06-18,17:27:50,Ch2,T. OVER
 19-06-18,17:27:50,Ch6,T. OVER
 19-06-18,17:28:50,Ch2,T. OVER
 19-06-18,17:28:50,Ch6,T. OVER
 19-06-18,17:29:51,Ch2,T. OVER
 19-06-18,17:29:51,Ch6,T. OVER
 19-06-18,17:30:51,Ch2,T. OVER
 19-06-18,17:30:51,Ch6,T. OVER
 19-06-18,17:31:51,Ch2,T. OVER
 19-06-18,17:31:51,Ch6,T. OVER
 19-06-18,17:32:51,Ch2,T. OVER
 19-06-18,17:32:51,Ch6,T. OVER
 19-06-18,17:33:51,Ch2,T. OVER
 19-06-18,17:33:51,Ch6,T. OVER
 19-06-18,17:34:51,Ch2,T. OVER
 19-06-18,17:34:51,Ch6,T. OVER
 19-06-18,17:35:52,Ch2,T. OVER
 19-06-18,17:35:52,Ch6,T. OVER
 19-06-18,17:36:52,Ch2,T. OVER
 19-06-18,17:36:52,Ch6,T. OVER
 19-06-18,17:37:52,Ch2,T. OVER
 19-06-18,17:37:52,Ch6,T. OVER
 19-06-18,17:38:52,Ch2,T. OVER
 19-06-18,17:38:52,Ch6,T. OVER
 19-06-18,17:39:52,Ch2,T. OVER
 19-06-18,17:39:52,Ch6,T. OVER
 19-06-18,17:40:52,Ch2,T. OVER
 19-06-18,17:40:52,Ch6,T. OVER
 19-06-18,17:41:52,Ch2,T. OVER
 19-06-18,17:41:52,Ch6,T. OVER
 19-06-18,17:42:52,Ch2,T. OVER
 19-06-18,17:42:52,Ch6,T. OVER
 19-06-18,17:43:52,Ch2,T. OVER
 19-06-18,17:43:52,Ch6,T. OVER
 19-06-18,17:44:53,Ch2,T. OVER
 19-06-18,17:44:53,Ch6,T. OVER
 19-06-18,17:45:53,Ch2,T. OVER
 19-06-18,17:45:53,Ch6,T. OVER
 19-06-18,17:46:53,Ch2,T. OVER
 19-06-18,17:46:53,Ch6,T. OVER
 19-06-18,17:47:53,Ch2,T. OVER
 19-06-18,17:47:53,Ch6,T. OVER
 19-06-18,17:48:53,Ch2,T. OVER
 19-06-18,17:48:53,Ch6,T. OVER
 19-06-18,17:49:53,Ch2,T. OVER
 19-06-18,17:49:53,Ch6,T. OVER
 19-06-18,17:50:53,Ch2,T. OVER
 19-06-18,17:50:53,Ch6,T. OVER
 19-06-18,17:51:54,Ch2,T. OVER
 19-06-18,17:51:54,Ch5,T. OVER
 19-06-18,17:51:54,Ch6,T. OVER
 19-06-18,17:52:54,Ch2,T. OVER
 19-06-18,17:52:54,Ch5,T. OVER
 19-06-18,17:52:54,Ch6,T. OVER
 19-06-18,17:53:54,Ch2,T. OVER
 19-06-18,17:53:54,Ch5,T. OVER
 19-06-18,17:53:54,Ch6,T. OVER
 19-06-18,17:54:54,Ch2,T. OVER
 19-06-18,17:54:54,Ch5,T. OVER
 19-06-18,17:54:54,Ch6,T. OVER
 19-06-18,17:55:54,Ch2,T. OVER
 19-06-18,17:55:54,Ch5,T. OVER
 19-06-18,17:55:54,Ch6,T. OVER
 19-06-18,17:56:54,Ch2,T. OVER
 19-06-18,17:56:54,Ch5,T. OVER
 19-06-18,17:56:54,Ch6,T. OVER
 19-06-18,17:57:55,Ch2,T. OVER
 19-06-18,17:57:55,Ch5,T. OVER
 19-06-18,17:57:55,Ch6,T. OVER
 19-06-18,17:58:55,Ch2,T. OVER
 19-06-18,17:58:55,Ch5,T. OVER
 19-06-18,17:58:55,Ch6,T. OVER
 19-06-18,17:59:55,Ch2,T. OVER
 19-06-18,17:59:55,Ch5,T. OVER
 19-06-18,17:59:55,Ch6,T. OVER
 19-06-18,18:00:55,Ch2,T. OVER
 19-06-18,18:00:55,Ch5,T. OVER
 19-06-18,18:00:55,Ch6,T. OVER
 19-06-18,18:01:55,Ch2,T. OVER
 19-06-18,18:01:55,Ch5,T. OVER
 19-06-18,18:01:55,Ch6,T. OVER
 19-06-18,18:02:55,Ch2,T. OVER
 19-06-18,18:02:55,Ch5,T. OVER
 19-06-18,18:02:55,Ch6,T. OVER
 19-06-18,18:03:55,Ch2,T. OVER
 19-06-18,18:03:55,Ch5,T. OVER
 19-06-18,18:03:55,Ch6,T. OVER
 19-06-18,18:04:56,Ch2,T. OVER
 19-06-18,18:04:56,Ch5,T. OVER
 19-06-18,18:04:56,Ch6,T. OVER
 19-06-18,18:05:56,Ch2,T. OVER
 19-06-18,18:05:56,Ch5,T. OVER
 19-06-18,18:05:56,Ch6,T. OVER
 19-06-18,18:06:56,Ch2,T. OVER
 19-06-18,18:06:56,Ch5,T. OVER
 19-06-18,18:06:56,Ch6,T. OVER
 19-06-18,18:07:56,Ch2,T. OVER
 19-06-18,18:07:56,Ch5,T. OVER
 19-06-18,18:07:56,Ch6,T. OVER
 19-06-18,18:08:56,Ch2,T. OVER
 19-06-18,18:08:56,Ch5,T. OVER
 19-06-18,18:08:56,Ch6,T. OVER
 19-06-18,18:09:56,Ch2,T. OVER
 19-06-18,18:09:56,Ch5,T. OVER
 19-06-18,18:09:56,Ch6,T. OVER
 19-06-18,18:10:56,Ch2,T. OVER
 19-06-18,18:10:56,Ch5,T. OVER
 19-06-18,18:10:56,Ch6,T. OVER
 19-06-18,18:11:57,Ch2,T. OVER
 19-06-18,18:11:57,Ch5,T. OVER
 19-06-18,18:11:57,Ch6,T. OVER
 19-06-18,18:12:57,Ch2,T. OVER
 19-06-18,18:12:57,Ch5,T. OVER
 19-06-18,18:12:57,Ch6,T. OVER
 19-06-18,18:13:57,Ch2,T. OVER
 19-06-18,18:13:57,Ch5,T. OVER
 19-06-18,18:13:57,Ch6,T. OVER
 19-06-18,18:14:57,Ch2,T. OVER
 19-06-18,18:14:57,Ch5,T. OVER
 19-06-18,18:14:57,Ch6,T. OVER
 19-06-18,18:15:57,Ch2,T. OVER
 19-06-18,18:15:57,Ch5,T. OVER
 19-06-18,18:15:57,Ch6,T. OVER
 19-06-18,18:16:57,Ch2,T. OVER
 19-06-18,18:16:57,Ch5,T. OVER
 19-06-18,18:16:57,Ch6,T. OVER
 19-06-18,18:17:58,Ch2,T. OVER
 19-06-18,18:17:58,Ch5,T. OVER
 19-06-18,18:17:58,Ch6,T. OVER
 19-06-18,18:18:58,Ch2,T. OVER
 19-06-18,18:18:58,Ch5,T. OVER
 19-06-18,18:18:58,Ch6,T. OVER
 19-06-18,18:19:58,Ch2,T. OVER
 19-06-18,18:19:58,Ch5,T. OVER
 19-06-18,18:19:58,Ch6,T. OVER
 19-06-18,18:20:58,Ch2,T. OVER
 19-06-18,18:20:58,Ch5,T. OVER
 19-06-18,18:20:58,Ch6,T. OVER
 19-06-18,18:21:58,Ch2,T. OVER
 19-06-18,18:21:58,Ch5,T. OVER
 19-06-18,18:21:58,Ch6,T. OVER
 19-06-18,18:22:58,Ch2,T. OVER
 19-06-18,18:22:58,Ch5,T. OVER
 19-06-18,18:22:58,Ch6,T. OVER
 19-06-18,18:23:59,Ch2,T. OVER
 19-06-18,18:23:59,Ch5,T. OVER
 19-06-18,18:23:59,Ch6,T. OVER
 19-06-18,18:24:59,Ch2,T. OVER
 19-06-18,18:24:59,Ch5,T. OVER
 19-06-18,18:24:59,Ch6,T. OVER
 19-06-18,18:25:59,Ch2,T. OVER
 19-06-18,18:25:59,Ch5,T. OVER
 19-06-18,18:25:59,Ch6,T. OVER
 19-06-18,18:26:59,Ch2,T. OVER
 19-06-18,18:26:59,Ch5,T. OVER
 19-06-18,18:26:59,Ch6,T. OVER
 19-06-18,18:27:59,Ch2,T. OVER
 19-06-18,18:27:59,Ch5,T. OVER
 19-06-18,18:27:59,Ch6,T. OVER
 19-06-18,18:29:00,Ch2,T. OVER
 19-06-18,18:29:00,Ch5,T. OVER
 19-06-18,18:29:00,Ch6,T. OVER
 19-06-18,18:30:00,Ch2,T. OVER
 19-06-18,18:30:00,Ch5,T. OVER
 19-06-18,18:30:00,Ch6,T. OVER
 19-06-18,18:31:00,Ch2,T. OVER
 19-06-18,18:31:00,Ch5,T. OVER
 19-06-18,18:31:00,Ch6,T. OVER
 19-06-18,18:32:00,Ch2,T. OVER
 19-06-18,18:32:00,Ch5,T. OVER
 19-06-18,18:32:00,Ch6,T. OVER
 19-06-18,18:33:00,Ch2,T. OVER
 19-06-18,18:33:00,Ch5,T. OVER
 19-06-18,18:33:00,Ch6,T. OVER
 19-06-18,18:34:00,Ch2,T. OVER
 19-06-18,18:34:00,Ch5,T. OVER
 19-06-18,18:34:00,Ch6,T. OVER
 19-06-18,18:35:00,Ch2,T. OVER
 19-06-18,18:35:00,Ch5,T. OVER
 19-06-18,18:35:00,Ch6,T. OVER
 19-06-18,18:36:01,Ch2,T. OVER
 19-06-18,18:36:01,Ch5,T. OVER
 19-06-18,18:36:01,Ch6,T. OVER
 19-06-18,18:37:01,Ch2,T. OVER
 19-06-18,18:37:01,Ch5,T. OVER
 19-06-18,18:37:01,Ch6,T. OVER
 19-06-18,18:38:01,Ch2,T. OVER
 19-06-18,18:38:01,Ch5,T. OVER
 19-06-18,18:38:01,Ch6,T. OVER
 19-06-18,18:39:01,Ch2,T. OVER
 19-06-18,18:39:01,Ch5,T. OVER
 19-06-18,18:39:01,Ch6,T. OVER
 19-06-18,18:40:01,Ch2,T. OVER
 19-06-18,18:40:01,Ch5,T. OVER
 19-06-18,18:40:01,Ch6,T. OVER
 19-06-18,18:41:01,Ch2,T. OVER
 19-06-18,18:41:01,Ch5,T. OVER
 19-06-18,18:41:01,Ch6,T. OVER
 19-06-18,18:42:01,Ch2,T. OVER
 19-06-18,18:42:01,Ch5,T. OVER
 19-06-18,18:42:01,Ch6,T. OVER
 19-06-18,18:43:02,Ch2,T. OVER
 19-06-18,18:43:02,Ch5,T. OVER
 19-06-18,18:43:02,Ch6,T. OVER
 19-06-18,18:44:02,Ch2,T. OVER
 19-06-18,18:44:02,Ch5,T. OVER
 19-06-18,18:44:02,Ch6,T. OVER
 19-06-18,18:45:02,Ch2,T. OVER
 19-06-18,18:45:02,Ch5,T. OVER
 19-06-18,18:45:02,Ch6,T. OVER
 19-06-18,18:46:02,Ch2,T. OVER
 19-06-18,18:46:02,Ch5,T. OVER
 19-06-18,18:46:02,Ch6,T. OVER
 19-06-18,18:47:02,Ch2,T. OVER
 19-06-18,18:47:02,Ch5,T. OVER
 19-06-18,18:47:02,Ch6,T. OVER
 19-06-18,18:48:02,Ch2,T. OVER
 19-06-18,18:48:02,Ch5,T. OVER
 19-06-18,18:48:02,Ch6,T. OVER
 19-06-18,18:49:03,Ch1,T. OVER
 19-06-18,18:49:03,Ch2,T. OVER
 19-06-18,18:49:03,Ch5,T. OVER
 19-06-18,18:49:03,Ch6,T. OVER
 19-06-18,18:50:03,Ch1,T. OVER
 19-06-18,18:50:03,Ch2,T. OVER
 19-06-18,18:50:03,Ch5,T. OVER
 19-06-18,18:50:03,Ch6,T. OVER
 19-06-18,18:51:03,Ch1,T. OVER
 19-06-18,18:51:03,Ch2,T. OVER
 19-06-18,18:51:03,Ch5,T. OVER
 19-06-18,18:51:03,Ch6,T. OVER
 19-06-18,18:52:03,Ch1,T. OVER
 19-06-18,18:52:03,Ch2,T. OVER
 19-06-18,18:52:03,Ch5,T. OVER
 19-06-18,18:52:03,Ch6,T. OVER
 19-06-18,18:53:03,Ch1,T. OVER
 19-06-18,18:53:03,Ch2,T. OVER
 19-06-18,18:53:03,Ch5,T. OVER
 19-06-18,18:53:03,Ch6,T. OVER
 19-06-18,18:54:03,Ch1,T. OVER
 19-06-18,18:54:03,Ch2,T. OVER
 19-06-18,18:54:03,Ch5,T. OVER
 19-06-18,18:54:03,Ch6,T. OVER
 19-06-18,18:55:03,Ch1,T. OVER
 19-06-18,18:55:03,Ch2,T. OVER
 19-06-18,18:55:03,Ch5,T. OVER
 19-06-18,18:55:03,Ch6,T. OVER
 19-06-18,18:56:04,Ch1,T. OVER
 19-06-18,18:56:04,Ch2,T. OVER
 19-06-18,18:56:04,Ch5,T. OVER
 19-06-18,18:56:04,Ch6,T. OVER
 19-06-18,18:57:04,Ch1,T. OVER
 19-06-18,18:57:04,Ch2,T. OVER
 19-06-18,18:57:04,Ch5,T. OVER
 19-06-18,18:57:04,Ch6,T. OVER
 19-06-18,18:58:04,Ch1,T. OVER
 19-06-18,18:58:04,Ch2,T. OVER
 19-06-18,18:58:04,Ch5,T. OVER
 19-06-18,18:58:04,Ch6,T. OVER
 19-06-18,18:59:04,Ch1,T. OVER
 19-06-18,18:59:04,Ch2,T. OVER
 19-06-18,18:59:04,Ch5,T. OVER
 19-06-18,18:59:04,Ch6,T. OVER
 19-06-18,19:00:04,Ch1,T. OVER
 19-06-18,19:00:04,Ch2,T. OVER
 19-06-18,19:00:04,Ch5,T. OVER
 19-06-18,19:00:04,Ch6,T. OVER
 19-06-18,19:01:04,Ch1,T. OVER
 19-06-18,19:01:04,Ch2,T. OVER
 19-06-18,19:01:04,Ch5,T. OVER
 19-06-18,19:01:04,Ch6,T. OVER
 19-06-18,19:02:04,Ch1,T. OVER
 19-06-18,19:02:04,Ch2,T. OVER
 19-06-18,19:02:04,Ch5,T. OVER
 19-06-18,19:02:04,Ch6,T. OVER
 19-06-18,19:03:05,Ch1,T. OVER
 19-06-18,19:03:05,Ch2,T. OVER
 19-06-18,19:03:05,Ch5,T. OVER
 19-06-18,19:03:05,Ch6,T. OVER
 19-06-18,19:04:05,Ch1,T. OVER
 19-06-18,19:04:05,Ch2,T. OVER
 19-06-18,19:04:05,Ch5,T. OVER
 19-06-18,19:04:05,Ch6,T. OVER
 19-06-18,19:05:05,Ch1,T. OVER
 19-06-18,19:05:05,Ch2,T. OVER
 19-06-18,19:05:05,Ch5,T. OVER
 19-06-18,19:05:05,Ch6,T. OVER
 19-06-18,19:06:05,Ch1,T. OVER
 19-06-18,19:06:05,Ch2,T. OVER
 19-06-18,19:06:05,Ch5,T. OVER
 19-06-18,19:06:05,Ch6,T. OVER
 19-06-18,19:07:05,Ch1,T. OVER
 19-06-18,19:07:05,Ch2,T. OVER
 19-06-18,19:07:05,Ch5,T. OVER
 19-06-18,19:07:05,Ch6,T. OVER
 19-06-18,19:08:05,Ch1,T. OVER
 19-06-18,19:08:05,Ch2,T. OVER
 19-06-18,19:08:05,Ch5,T. OVER
 19-06-18,19:08:05,Ch6,T. OVER
 19-06-18,19:09:05,Ch1,T. OVER
 19-06-18,19:09:05,Ch2,T. OVER
 19-06-18,19:09:05,Ch5,T. OVER
 19-06-18,19:09:05,Ch6,T. OVER
 19-06-18,19:10:06,Ch1,T. OVER
 19-06-18,19:10:06,Ch2,T. OVER
 19-06-18,19:10:06,Ch5,T. OVER
 19-06-18,19:10:06,Ch6,T. OVER
 19-06-18,19:11:06,Ch1,T. OVER
 19-06-18,19:11:06,Ch2,T. OVER
 19-06-18,19:11:06,Ch5,T. OVER
 19-06-18,19:11:06,Ch6,T. OVER
 19-06-18,19:12:06,Ch1,T. OVER
 19-06-18,19:12:06,Ch2,T. OVER
 19-06-18,19:12:06,Ch5,T. OVER
 19-06-18,19:12:06,Ch6,T. OVER
 19-06-18,19:13:06,Ch1,T. OVER
 19-06-18,19:13:06,Ch2,T. OVER
 19-06-18,19:13:06,Ch5,T. OVER
 19-06-18,19:13:06,Ch6,T. OVER
 19-06-18,19:14:06,Ch1,T. OVER
 19-06-18,19:14:06,Ch2,T. OVER
 19-06-18,19:14:06,Ch5,T. OVER
 19-06-18,19:14:06,Ch6,T. OVER
 19-06-18,19:15:06,Ch1,T. OVER
 19-06-18,19:15:06,Ch2,T. OVER
 19-06-18,19:15:06,Ch5,T. OVER
 19-06-18,19:15:06,Ch6,T. OVER
 19-06-18,19:16:07,Ch1,T. OVER
 19-06-18,19:16:07,Ch2,T. OVER
 19-06-18,19:16:07,Ch5,T. OVER
 19-06-18,19:16:07,Ch6,T. OVER
 19-06-18,19:17:07,Ch1,T. OVER
 19-06-18,19:17:07,Ch2,T. OVER
 19-06-18,19:17:07,Ch5,T. OVER
 19-06-18,19:17:07,Ch6,T. OVER
 19-06-18,19:18:07,Ch1,T. OVER
 19-06-18,19:18:07,Ch2,T. OVER
 19-06-18,19:18:07,Ch5,T. OVER
 19-06-18,19:18:07,Ch6,T. OVER
 19-06-18,19:19:07,Ch1,T. OVER
 19-06-18,19:19:07,Ch2,T. OVER
 19-06-18,19:19:07,Ch5,T. OVER
 19-06-18,19:19:07,Ch6,T. OVER
 19-06-18,19:20:07,Ch1,T. OVER
 19-06-18,19:20:07,Ch2,T. OVER
 19-06-18,19:20:07,Ch5,T. OVER
 19-06-18,19:20:07,Ch6,T. OVER
 19-06-18,19:21:07,Ch1,T. OVER
 19-06-18,19:21:07,Ch2,T. OVER
 19-06-18,19:21:07,Ch5,T. OVER
 19-06-18,19:21:07,Ch6,T. OVER
 19-06-18,19:22:07,Ch1,T. OVER
 19-06-18,19:22:07,Ch2,T. OVER
 19-06-18,19:22:07,Ch5,T. OVER
 19-06-18,19:22:07,Ch6,T. OVER
 19-06-18,19:23:07,Ch1,T. OVER
 19-06-18,19:23:07,Ch2,T. OVER
 19-06-18,19:23:07,Ch5,T. OVER
 19-06-18,19:23:07,Ch6,T. OVER
 19-06-18,19:24:08,Ch1,T. OVER
 19-06-18,19:24:08,Ch2,T. OVER
 19-06-18,19:24:08,Ch5,T. OVER
 19-06-18,19:24:08,Ch6,T. OVER
 19-06-18,19:25:08,Ch1,T. OVER
 19-06-18,19:25:08,Ch2,T. OVER
 19-06-18,19:25:08,Ch5,T. OVER
 19-06-18,19:25:08,Ch6,VMIX OVL,VDIF OVL,T. OVER
 19-06-18,19:26:08,Ch1,T. OVER
 19-06-18,19:26:08,Ch2,T. OVER
 19-06-18,19:26:08,Ch5,T. OVER
 19-06-18,19:26:08,Ch6,T. OVER
 19-06-18,19:27:08,Ch1,T. OVER
 19-06-18,19:27:08,Ch2,T. OVER
 19-06-18,19:27:08,Ch5,T. OVER
 19-06-18,19:27:08,Ch6,T. OVER
 19-06-18,19:28:08,Ch1,T. OVER
 19-06-18,19:28:08,Ch2,T. OVER
 19-06-18,19:28:08,Ch5,T. OVER
 19-06-18,19:28:08,Ch6,T. OVER
 19-06-18,19:29:08,Ch1,T. OVER
 19-06-18,19:29:08,Ch2,T. OVER
 19-06-18,19:29:08,Ch5,T. OVER
 19-06-18,19:29:08,Ch6,T. OVER
 19-06-18,19:30:08,Ch1,T. OVER
 19-06-18,19:30:08,Ch2,T. OVER
 19-06-18,19:30:08,Ch5,T. OVER
 19-06-18,19:30:08,Ch6,T. OVER
 19-06-18,19:31:09,Ch1,T. OVER
 19-06-18,19:31:09,Ch2,T. OVER
 19-06-18,19:31:09,Ch5,T. OVER
 19-06-18,19:31:09,Ch6,T. OVER
 19-06-18,19:32:09,Ch1,T. OVER
 19-06-18,19:32:09,Ch2,T. OVER
 19-06-18,19:32:09,Ch5,T. OVER
 19-06-18,19:32:09,Ch6,T. OVER
 19-06-18,19:33:09,Ch1,T. OVER
 19-06-18,19:33:09,Ch2,T. OVER
 19-06-18,19:33:09,Ch5,T. OVER
 19-06-18,19:33:09,Ch6,T. OVER
 19-06-18,19:34:09,Ch1,T. OVER
 19-06-18,19:34:09,Ch2,T. OVER
 19-06-18,19:34:09,Ch5,T. OVER
 19-06-18,19:34:09,Ch6,T. OVER
 19-06-18,19:35:09,Ch1,T. OVER
 19-06-18,19:35:09,Ch2,T. OVER
 19-06-18,19:35:09,Ch5,T. OVER
 19-06-18,19:35:09,Ch6,T. OVER
 19-06-18,19:36:09,Ch1,T. OVER
 19-06-18,19:36:09,Ch2,T. OVER
 19-06-18,19:36:09,Ch5,T. OVER
 19-06-18,19:36:09,Ch6,T. OVER
 19-06-18,19:37:09,Ch1,T. OVER
 19-06-18,19:37:09,Ch2,T. OVER
 19-06-18,19:37:09,Ch5,T. OVER
 19-06-18,19:37:09,Ch6,T. OVER
 19-06-18,19:38:09,Ch1,T. OVER
 19-06-18,19:38:09,Ch2,T. OVER
 19-06-18,19:38:09,Ch5,T. OVER
 19-06-18,19:38:09,Ch6,T. OVER
 19-06-18,19:39:10,Ch1,T. OVER
 19-06-18,19:39:10,Ch2,T. OVER
 19-06-18,19:39:10,Ch5,T. OVER
 19-06-18,19:39:10,Ch6,T. OVER
 19-06-18,19:40:10,Ch1,T. OVER
 19-06-18,19:40:10,Ch2,T. OVER
 19-06-18,19:40:10,Ch5,T. OVER
 19-06-18,19:40:10,Ch6,T. OVER
 19-06-18,19:41:10,Ch1,T. OVER
 19-06-18,19:41:10,Ch2,T. OVER
 19-06-18,19:41:10,Ch5,T. OVER
 19-06-18,19:41:10,Ch6,T. OVER
 19-06-18,19:42:10,Ch1,T. OVER
 19-06-18,19:42:10,Ch2,T. OVER
 19-06-18,19:42:10,Ch5,T. OVER
 19-06-18,19:42:10,Ch6,T. OVER
 19-06-18,19:43:10,Ch1,T. OVER
 19-06-18,19:43:10,Ch2,T. OVER
 19-06-18,19:43:10,Ch5,T. OVER
 19-06-18,19:43:10,Ch6,T. OVER
 19-06-18,19:44:10,Ch1,T. OVER
 19-06-18,19:44:10,Ch2,T. OVER
 19-06-18,19:44:10,Ch5,T. OVER
 19-06-18,19:44:10,Ch6,T. OVER
 19-06-18,19:45:11,Ch1,T. OVER
 19-06-18,19:45:11,Ch2,T. OVER
 19-06-18,19:45:11,Ch5,T. OVER
 19-06-18,19:45:11,Ch6,T. OVER
 19-06-18,19:46:11,Ch1,T. OVER
 19-06-18,19:46:11,Ch2,T. OVER
 19-06-18,19:46:11,Ch5,T. OVER
 19-06-18,19:46:11,Ch6,T. OVER
 19-06-18,19:47:11,Ch1,T. OVER
 19-06-18,19:47:11,Ch2,T. OVER
 19-06-18,19:47:11,Ch5,T. OVER
 19-06-18,19:47:11,Ch6,T. OVER
 19-06-18,19:48:11,Ch1,T. OVER
 19-06-18,19:48:11,Ch2,T. OVER
 19-06-18,19:48:11,Ch5,T. OVER
 19-06-18,19:48:11,Ch6,T. OVER
 19-06-18,19:49:11,Ch1,T. OVER
 19-06-18,19:49:11,Ch2,T. OVER
 19-06-18,19:49:11,Ch5,T. OVER
 19-06-18,19:49:11,Ch6,T. OVER
 19-06-18,19:50:11,Ch1,T. OVER
 19-06-18,19:50:11,Ch2,T. OVER
 19-06-18,19:50:11,Ch5,T. OVER
 19-06-18,19:50:11,Ch6,T. OVER
 19-06-18,19:51:11,Ch1,T. OVER
 19-06-18,19:51:11,Ch2,T. OVER
 19-06-18,19:51:11,Ch5,T. OVER
 19-06-18,19:51:11,Ch6,T. OVER
 19-06-18,19:52:12,Ch1,T. OVER
 19-06-18,19:52:12,Ch2,T. OVER
 19-06-18,19:52:12,Ch5,T. OVER
 19-06-18,19:52:12,Ch6,T. OVER
 19-06-18,19:53:12,Ch1,T. OVER
 19-06-18,19:53:12,Ch2,T. OVER
 19-06-18,19:53:12,Ch5,T. OVER
 19-06-18,19:53:12,Ch6,T. OVER
 19-06-18,19:54:12,Ch1,T. OVER
 19-06-18,19:54:12,Ch2,T. OVER
 19-06-18,19:54:12,Ch5,T. OVER
 19-06-18,19:54:12,Ch6,T. OVER
 19-06-18,19:55:12,Ch1,T. OVER
 19-06-18,19:55:12,Ch2,T. OVER
 19-06-18,19:55:12,Ch5,T. OVER
 19-06-18,19:55:12,Ch6,T. OVER
 19-06-18,19:56:12,Ch1,T. OVER
 19-06-18,19:56:12,Ch2,T. OVER
 19-06-18,19:56:12,Ch5,T. OVER
 19-06-18,19:56:12,Ch6,T. OVER
 19-06-18,19:57:12,Ch1,T. OVER
 19-06-18,19:57:12,Ch2,T. OVER
 19-06-18,19:57:12,Ch5,T. OVER
 19-06-18,19:57:12,Ch6,T. OVER
 19-06-18,19:58:13,Ch1,T. OVER
 19-06-18,19:58:13,Ch2,T. OVER
 19-06-18,19:58:13,Ch5,T. OVER
 19-06-18,19:58:13,Ch6,T. OVER
 19-06-18,19:59:13,Ch1,T. OVER
 19-06-18,19:59:13,Ch2,T. OVER
 19-06-18,19:59:13,Ch5,T. OVER
 19-06-18,19:59:13,Ch6,T. OVER
 19-06-18,20:00:13,Ch1,T. OVER
 19-06-18,20:00:13,Ch2,T. OVER
 19-06-18,20:00:13,Ch5,T. OVER
 19-06-18,20:00:13,Ch6,T. OVER
 19-06-18,20:01:13,Ch1,T. OVER
 19-06-18,20:01:13,Ch2,T. OVER
 19-06-18,20:01:13,Ch5,T. OVER
 19-06-18,20:01:13,Ch6,T. OVER
 19-06-18,20:02:13,Ch1,T. OVER
 19-06-18,20:02:13,Ch2,T. OVER
 19-06-18,20:02:13,Ch5,T. OVER
 19-06-18,20:02:13,Ch6,T. OVER
 19-06-18,20:03:13,Ch1,T. OVER
 19-06-18,20:03:13,Ch2,T. OVER
 19-06-18,20:03:13,Ch5,T. OVER
 19-06-18,20:03:13,Ch6,T. OVER
 19-06-18,20:04:14,Ch1,T. OVER
 19-06-18,20:04:14,Ch2,T. OVER
 19-06-18,20:04:14,Ch5,T. OVER
 19-06-18,20:04:14,Ch6,T. OVER
 19-06-18,20:05:14,Ch1,T. OVER
 19-06-18,20:05:14,Ch2,T. OVER
 19-06-18,20:05:14,Ch5,T. OVER
 19-06-18,20:05:14,Ch6,T. OVER
 19-06-18,20:06:14,Ch1,T. OVER
 19-06-18,20:06:14,Ch2,T. OVER
 19-06-18,20:06:14,Ch5,T. OVER
 19-06-18,20:06:14,Ch6,T. OVER
 19-06-18,20:07:14,Ch1,T. OVER
 19-06-18,20:07:14,Ch2,T. OVER
 19-06-18,20:07:14,Ch5,T. OVER
 19-06-18,20:07:14,Ch6,T. OVER
 19-06-18,20:08:14,Ch1,T. OVER
 19-06-18,20:08:14,Ch2,T. OVER
 19-06-18,20:08:14,Ch5,T. OVER
 19-06-18,20:08:14,Ch6,T. OVER
 19-06-18,20:09:14,Ch1,T. OVER
 19-06-18,20:09:14,Ch2,T. OVER
 19-06-18,20:09:14,Ch5,T. OVER
 19-06-18,20:09:14,Ch6,T. OVER
 19-06-18,20:10:14,Ch1,T. OVER
 19-06-18,20:10:14,Ch2,T. OVER
 19-06-18,20:10:14,Ch5,T. OVER
 19-06-18,20:10:14,Ch6,T. OVER
 19-06-18,20:11:15,Ch1,T. OVER
 19-06-18,20:11:15,Ch2,T. OVER
 19-06-18,20:11:15,Ch5,T. OVER
 19-06-18,20:11:15,Ch6,T. OVER
 19-06-18,20:12:15,Ch1,T. OVER
 19-06-18,20:12:15,Ch2,T. OVER
 19-06-18,20:12:15,Ch5,T. OVER
 19-06-18,20:12:15,Ch6,T. OVER
 19-06-18,20:13:15,Ch1,T. OVER
 19-06-18,20:13:15,Ch2,T. OVER
 19-06-18,20:13:15,Ch5,T. OVER
 19-06-18,20:13:15,Ch6,T. OVER
 19-06-18,20:14:15,Ch1,T. OVER
 19-06-18,20:14:15,Ch2,T. OVER
 19-06-18,20:14:15,Ch5,T. OVER
 19-06-18,20:14:15,Ch6,T. OVER
 19-06-18,20:15:15,Ch1,T. OVER
 19-06-18,20:15:15,Ch2,T. OVER
 19-06-18,20:15:15,Ch5,T. OVER
 19-06-18,20:15:15,Ch6,T. OVER
 19-06-18,20:16:15,Ch1,T. OVER
 19-06-18,20:16:15,Ch2,T. OVER
 19-06-18,20:16:15,Ch5,T. OVER
 19-06-18,20:16:15,Ch6,T. OVER
 19-06-18,20:17:15,Ch1,T. OVER
 19-06-18,20:17:15,Ch2,T. OVER
 19-06-18,20:17:15,Ch5,T. OVER
 19-06-18,20:17:15,Ch6,T. OVER
 19-06-18,20:18:16,Ch1,T. OVER
 19-06-18,20:18:16,Ch2,T. OVER
 19-06-18,20:18:16,Ch5,T. OVER
 19-06-18,20:18:16,Ch6,T. OVER
 19-06-18,20:19:16,Ch1,T. OVER
 19-06-18,20:19:16,Ch2,T. OVER
 19-06-18,20:19:16,Ch5,T. OVER
 19-06-18,20:19:16,Ch6,T. OVER
 19-06-18,20:20:16,Ch1,T. OVER
 19-06-18,20:20:16,Ch2,T. OVER
 19-06-18,20:20:16,Ch5,T. OVER
 19-06-18,20:20:16,Ch6,T. OVER
 19-06-18,20:21:16,Ch1,T. OVER
 19-06-18,20:21:16,Ch2,T. OVER
 19-06-18,20:21:16,Ch5,T. OVER
 19-06-18,20:21:16,Ch6,T. OVER
 19-06-18,20:22:16,Ch1,T. OVER
 19-06-18,20:22:16,Ch2,T. OVER
 19-06-18,20:22:16,Ch5,T. OVER
 19-06-18,20:22:16,Ch6,T. OVER
 19-06-18,20:23:16,Ch1,T. OVER
 19-06-18,20:23:16,Ch2,T. OVER
 19-06-18,20:23:16,Ch5,T. OVER
 19-06-18,20:23:16,Ch6,T. OVER
 19-06-18,20:24:16,Ch1,T. OVER
 19-06-18,20:24:16,Ch2,T. OVER
 19-06-18,20:24:16,Ch5,T. OVER
 19-06-18,20:24:16,Ch6,T. OVER
 19-06-18,20:25:16,Ch1,T. OVER
 19-06-18,20:25:16,Ch2,T. OVER
 19-06-18,20:25:16,Ch5,T. OVER
 19-06-18,20:25:16,Ch6,T. OVER
 19-06-18,20:26:17,Ch1,T. OVER
 19-06-18,20:26:17,Ch2,T. OVER
 19-06-18,20:26:17,Ch5,T. OVER
 19-06-18,20:26:17,Ch6,T. OVER
 19-06-18,20:27:17,Ch1,T. OVER
 19-06-18,20:27:17,Ch2,T. OVER
 19-06-18,20:27:17,Ch5,T. OVER
 19-06-18,20:27:17,Ch6,T. OVER
 19-06-18,20:28:17,Ch1,T. OVER
 19-06-18,20:28:17,Ch2,T. OVER
 19-06-18,20:28:17,Ch5,T. OVER
 19-06-18,20:28:17,Ch6,T. OVER
 19-06-18,20:29:17,Ch1,T. OVER
 19-06-18,20:29:17,Ch2,T. OVER
 19-06-18,20:29:17,Ch5,T. OVER
 19-06-18,20:29:17,Ch6,T. OVER
 19-06-18,20:30:17,Ch1,T. OVER
 19-06-18,20:30:17,Ch2,T. OVER
 19-06-18,20:30:17,Ch5,T. OVER
 19-06-18,20:30:17,Ch6,T. OVER
 19-06-18,20:31:17,Ch1,T. OVER
 19-06-18,20:31:17,Ch2,T. OVER
 19-06-18,20:31:17,Ch5,T. OVER
 19-06-18,20:31:17,Ch6,T. OVER
 19-06-18,20:32:18,Ch1,T. OVER
 19-06-18,20:32:18,Ch2,T. OVER
 19-06-18,20:32:18,Ch5,T. OVER
 19-06-18,20:32:18,Ch6,T. OVER
 19-06-18,20:33:18,Ch1,T. OVER
 19-06-18,20:33:18,Ch2,T. OVER
 19-06-18,20:33:18,Ch5,T. OVER
 19-06-18,20:33:18,Ch6,T. OVER
 19-06-18,20:34:18,Ch1,T. OVER
 19-06-18,20:34:18,Ch2,T. OVER
 19-06-18,20:34:18,Ch5,T. OVER
 19-06-18,20:34:18,Ch6,T. OVER
 19-06-18,20:35:18,Ch1,T. OVER
 19-06-18,20:35:18,Ch2,T. OVER
 19-06-18,20:35:18,Ch5,T. OVER
 19-06-18,20:35:18,Ch6,T. OVER
 19-06-18,20:36:18,Ch1,T. OVER
 19-06-18,20:36:18,Ch2,T. OVER
 19-06-18,20:36:18,Ch5,T. OVER
 19-06-18,20:36:18,Ch6,T. OVER
 19-06-18,20:37:18,Ch1,T. OVER
 19-06-18,20:37:18,Ch2,T. OVER
 19-06-18,20:37:18,Ch5,T. OVER
 19-06-18,20:37:18,Ch6,T. OVER
 19-06-18,20:38:19,Ch1,T. OVER
 19-06-18,20:38:19,Ch2,T. OVER
 19-06-18,20:38:19,Ch5,T. OVER
 19-06-18,20:38:19,Ch6,T. OVER
 19-06-18,20:39:19,Ch1,VDIF OVL,T. OVER
 19-06-18,20:39:19,Ch2,T. OVER
 19-06-18,20:39:19,Ch5,T. OVER
 19-06-18,20:39:19,Ch6,T. OVER
 19-06-18,20:40:19,Ch1,T. OVER
 19-06-18,20:40:19,Ch2,T. OVER
 19-06-18,20:40:19,Ch5,T. OVER
 19-06-18,20:40:19,Ch6,T. OVER
 19-06-18,20:41:19,Ch1,T. OVER
 19-06-18,20:41:19,Ch2,T. OVER
 19-06-18,20:41:19,Ch5,T. OVER
 19-06-18,20:41:19,Ch6,T. OVER
 19-06-18,20:42:19,Ch1,T. OVER
 19-06-18,20:42:19,Ch2,T. OVER
 19-06-18,20:42:19,Ch5,T. OVER
 19-06-18,20:42:19,Ch6,T. OVER
 19-06-18,20:43:19,Ch1,T. OVER
 19-06-18,20:43:19,Ch2,T. OVER
 19-06-18,20:43:19,Ch5,T. OVER
 19-06-18,20:43:19,Ch6,T. OVER
 19-06-18,20:44:19,Ch1,T. OVER
 19-06-18,20:44:19,Ch2,T. OVER
 19-06-18,20:44:19,Ch5,T. OVER
 19-06-18,20:44:19,Ch6,T. OVER
 19-06-18,20:45:20,Ch1,T. OVER
 19-06-18,20:45:20,Ch2,T. OVER
 19-06-18,20:45:20,Ch5,T. OVER
 19-06-18,20:45:20,Ch6,T. OVER
 19-06-18,20:46:20,Ch1,T. OVER
 19-06-18,20:46:20,Ch2,T. OVER
 19-06-18,20:46:20,Ch5,T. OVER
 19-06-18,20:46:20,Ch6,T. OVER
 19-06-18,20:47:20,Ch1,T. OVER
 19-06-18,20:47:20,Ch2,T. OVER
 19-06-18,20:47:20,Ch5,T. OVER
 19-06-18,20:47:20,Ch6,T. OVER
 19-06-18,20:48:20,Ch1,T. OVER
 19-06-18,20:48:20,Ch2,T. OVER
 19-06-18,20:48:20,Ch5,T. OVER
 19-06-18,20:48:20,Ch6,T. OVER
 19-06-18,20:49:20,Ch1,T. OVER
 19-06-18,20:49:20,Ch2,T. OVER
 19-06-18,20:49:20,Ch5,T. OVER
 19-06-18,20:49:20,Ch6,T. OVER
 19-06-18,20:50:20,Ch1,T. OVER
 19-06-18,20:50:20,Ch2,T. OVER
 19-06-18,20:50:20,Ch5,T. OVER
 19-06-18,20:50:20,Ch6,T. OVER
 19-06-18,20:51:21,Ch1,T. OVER
 19-06-18,20:51:21,Ch2,T. OVER
 19-06-18,20:51:21,Ch5,T. OVER
 19-06-18,20:51:21,Ch6,T. OVER
 19-06-18,20:52:21,Ch1,T. OVER
 19-06-18,20:52:21,Ch2,T. OVER
 19-06-18,20:52:21,Ch5,T. OVER
 19-06-18,20:52:21,Ch6,T. OVER
 19-06-18,20:53:21,Ch1,T. OVER
 19-06-18,20:53:21,Ch2,T. OVER
 19-06-18,20:53:21,Ch5,T. OVER
 19-06-18,20:53:21,Ch6,T. OVER
 19-06-18,20:54:21,Ch1,T. OVER
 19-06-18,20:54:21,Ch2,T. OVER
 19-06-18,20:54:21,Ch5,T. OVER
 19-06-18,20:54:21,Ch6,T. OVER
 19-06-18,20:55:21,Ch1,T. OVER
 19-06-18,20:55:21,Ch2,T. OVER
 19-06-18,20:55:21,Ch5,T. OVER
 19-06-18,20:55:21,Ch6,T. OVER
 19-06-18,20:56:21,Ch1,T. OVER
 19-06-18,20:56:21,Ch2,T. OVER
 19-06-18,20:56:21,Ch5,T. OVER
 19-06-18,20:56:21,Ch6,T. OVER
 19-06-18,20:57:22,Ch1,T. OVER
 19-06-18,20:57:22,Ch2,T. OVER
 19-06-18,20:57:22,Ch5,T. OVER
 19-06-18,20:57:22,Ch6,T. OVER
 19-06-18,20:58:22,Ch1,T. OVER
 19-06-18,20:58:22,Ch2,T. OVER
 19-06-18,20:58:22,Ch5,T. OVER
 19-06-18,20:58:22,Ch6,T. OVER
 19-06-18,20:59:22,Ch1,T. OVER
 19-06-18,20:59:22,Ch2,T. OVER
 19-06-18,20:59:22,Ch5,T. OVER
 19-06-18,20:59:22,Ch6,T. OVER
 19-06-18,21:00:22,Ch1,T. OVER
 19-06-18,21:00:22,Ch2,T. OVER
 19-06-18,21:00:22,Ch5,T. OVER
 19-06-18,21:00:22,Ch6,T. OVER
 19-06-18,21:01:22,Ch1,T. OVER
 19-06-18,21:01:22,Ch2,T. OVER
 19-06-18,21:01:22,Ch5,T. OVER
 19-06-18,21:01:22,Ch6,T. OVER
 19-06-18,21:02:23,Ch1,T. OVER
 19-06-18,21:02:23,Ch2,T. OVER
 19-06-18,21:02:23,Ch5,T. OVER
 19-06-18,21:02:23,Ch6,T. OVER
 19-06-18,21:03:23,Ch1,T. OVER
 19-06-18,21:03:23,Ch2,T. OVER
 19-06-18,21:03:23,Ch5,T. OVER
 19-06-18,21:03:23,Ch6,T. OVER
 19-06-18,21:04:23,Ch1,T. OVER
 19-06-18,21:04:23,Ch2,T. OVER
 19-06-18,21:04:23,Ch5,T. OVER
 19-06-18,21:04:23,Ch6,T. OVER
 19-06-18,21:05:23,Ch1,T. OVER
 19-06-18,21:05:23,Ch2,T. OVER
 19-06-18,21:05:23,Ch5,T. OVER
 19-06-18,21:05:23,Ch6,T. OVER
 19-06-18,21:06:23,Ch1,T. OVER
 19-06-18,21:06:23,Ch2,T. OVER
 19-06-18,21:06:23,Ch5,T. OVER
 19-06-18,21:06:23,Ch6,T. OVER
 19-06-18,21:07:23,Ch1,T. OVER
 19-06-18,21:07:23,Ch2,T. OVER
 19-06-18,21:07:23,Ch5,T. OVER
 19-06-18,21:07:23,Ch6,T. OVER
 19-06-18,21:08:23,Ch1,T. OVER
 19-06-18,21:08:23,Ch2,T. OVER
 19-06-18,21:08:23,Ch5,T. OVER
 19-06-18,21:08:23,Ch6,T. OVER
 19-06-18,21:09:23,Ch1,T. OVER
 19-06-18,21:09:23,Ch2,T. OVER
 19-06-18,21:09:23,Ch5,T. OVER
 19-06-18,21:09:23,Ch6,T. OVER
 19-06-18,21:10:24,Ch1,T. OVER
 19-06-18,21:10:24,Ch2,T. OVER
 19-06-18,21:10:24,Ch5,T. OVER
 19-06-18,21:10:24,Ch6,T. OVER
 19-06-18,21:11:24,Ch1,T. OVER
 19-06-18,21:11:24,Ch2,T. OVER
 19-06-18,21:11:24,Ch5,T. OVER
 19-06-18,21:11:24,Ch6,T. OVER
 19-06-18,21:12:24,Ch1,T. OVER
 19-06-18,21:12:24,Ch2,T. OVER
 19-06-18,21:12:24,Ch5,T. OVER
 19-06-18,21:12:24,Ch6,T. OVER
 19-06-18,21:13:24,Ch1,T. OVER
 19-06-18,21:13:24,Ch2,T. OVER
 19-06-18,21:13:24,Ch5,T. OVER
 19-06-18,21:13:24,Ch6,T. OVER
 19-06-18,21:14:24,Ch1,T. OVER
 19-06-18,21:14:24,Ch2,T. OVER
 19-06-18,21:14:24,Ch5,T. OVER
 19-06-18,21:14:24,Ch6,T. OVER
 19-06-18,21:15:24,Ch1,T. OVER
 19-06-18,21:15:24,Ch2,T. OVER
 19-06-18,21:15:24,Ch5,T. OVER
 19-06-18,21:15:24,Ch6,T. OVER
 19-06-18,21:16:25,Ch1,T. OVER
 19-06-18,21:16:25,Ch2,T. OVER
 19-06-18,21:16:25,Ch5,T. OVER
 19-06-18,21:16:25,Ch6,T. OVER
 19-06-18,21:17:25,Ch1,T. OVER
 19-06-18,21:17:25,Ch2,T. OVER
 19-06-18,21:17:25,Ch5,T. OVER
 19-06-18,21:17:25,Ch6,T. OVER
 19-06-18,21:18:25,Ch1,T. OVER
 19-06-18,21:18:25,Ch2,T. OVER
 19-06-18,21:18:25,Ch5,T. OVER
 19-06-18,21:18:25,Ch6,T. OVER
 19-06-18,21:19:25,Ch1,T. OVER
 19-06-18,21:19:25,Ch2,T. OVER
 19-06-18,21:19:25,Ch5,T. OVER
 19-06-18,21:19:25,Ch6,T. OVER
 19-06-18,21:20:25,Ch1,T. OVER
 19-06-18,21:20:25,Ch2,T. OVER
 19-06-18,21:20:25,Ch5,T. OVER
 19-06-18,21:20:25,Ch6,T. OVER
 19-06-18,21:21:25,Ch1,T. OVER
 19-06-18,21:21:25,Ch2,T. OVER
 19-06-18,21:21:25,Ch5,T. OVER
 19-06-18,21:21:25,Ch6,T. OVER
 19-06-18,21:22:25,Ch1,T. OVER
 19-06-18,21:22:25,Ch2,T. OVER
 19-06-18,21:22:25,Ch5,T. OVER
 19-06-18,21:22:25,Ch6,T. OVER
 19-06-18,21:23:25,Ch1,T. OVER
 19-06-18,21:23:25,Ch2,T. OVER
 19-06-18,21:23:25,Ch5,T. OVER
 19-06-18,21:23:25,Ch6,T. OVER
 19-06-18,21:24:26,Ch1,T. OVER
 19-06-18,21:24:26,Ch2,T. OVER
 19-06-18,21:24:26,Ch5,T. OVER
 19-06-18,21:24:26,Ch6,T. OVER
 19-06-18,21:25:26,Ch1,T. OVER
 19-06-18,21:25:26,Ch2,T. OVER
 19-06-18,21:25:26,Ch5,T. OVER
 19-06-18,21:25:26,Ch6,T. OVER
 19-06-18,21:26:26,Ch1,T. OVER
 19-06-18,21:26:26,Ch2,T. OVER
 19-06-18,21:26:26,Ch5,T. OVER
 19-06-18,21:26:26,Ch6,T. OVER
 19-06-18,21:27:26,Ch1,T. OVER
 19-06-18,21:27:26,Ch2,T. OVER
 19-06-18,21:27:26,Ch5,T. OVER
 19-06-18,21:27:26,Ch6,T. OVER
 19-06-18,21:28:26,Ch1,T. OVER
 19-06-18,21:28:26,Ch2,T. OVER
 19-06-18,21:28:26,Ch5,T. OVER
 19-06-18,21:28:26,Ch6,T. OVER
 19-06-18,21:29:26,Ch1,T. OVER
 19-06-18,21:29:26,Ch2,T. OVER
 19-06-18,21:29:26,Ch5,T. OVER
 19-06-18,21:29:26,Ch6,T. OVER
 19-06-18,21:30:27,Ch1,T. OVER
 19-06-18,21:30:27,Ch2,T. OVER
 19-06-18,21:30:27,Ch5,T. OVER
 19-06-18,21:30:27,Ch6,T. OVER
 19-06-18,21:31:27,Ch1,T. OVER
 19-06-18,21:31:27,Ch2,T. OVER
 19-06-18,21:31:27,Ch5,T. OVER
 19-06-18,21:31:27,Ch6,T. OVER
 19-06-18,21:32:27,Ch1,T. OVER
 19-06-18,21:32:27,Ch2,T. OVER
 19-06-18,21:32:27,Ch5,T. OVER
 19-06-18,21:32:27,Ch6,T. OVER
 19-06-18,21:33:27,Ch1,T. OVER
 19-06-18,21:33:27,Ch2,T. OVER
 19-06-18,21:33:27,Ch5,T. OVER
 19-06-18,21:33:27,Ch6,T. OVER
 19-06-18,21:34:27,Ch1,T. OVER
 19-06-18,21:34:27,Ch2,T. OVER
 19-06-18,21:34:27,Ch5,T. OVER
 19-06-18,21:34:27,Ch6,T. OVER
 19-06-18,21:35:27,Ch1,T. OVER
 19-06-18,21:35:27,Ch2,T. OVER
 19-06-18,21:35:27,Ch5,T. OVER
 19-06-18,21:35:27,Ch6,T. OVER
 19-06-18,21:36:28,Ch1,T. OVER
 19-06-18,21:36:28,Ch2,T. OVER
 19-06-18,21:36:28,Ch5,T. OVER
 19-06-18,21:36:28,Ch6,T. OVER
 19-06-18,21:37:28,Ch1,T. OVER
 19-06-18,21:37:28,Ch2,T. OVER
 19-06-18,21:37:28,Ch5,T. OVER
 19-06-18,21:37:28,Ch6,T. OVER
 19-06-18,21:38:28,Ch1,T. OVER
 19-06-18,21:38:28,Ch2,T. OVER
 19-06-18,21:38:28,Ch5,T. OVER
 19-06-18,21:38:28,Ch6,T. OVER
 19-06-18,21:39:28,Ch1,T. OVER
 19-06-18,21:39:28,Ch2,T. OVER
 19-06-18,21:39:28,Ch5,T. OVER
 19-06-18,21:39:28,Ch6,T. OVER
 19-06-18,21:40:28,Ch1,T. OVER
 19-06-18,21:40:28,Ch2,T. OVER
 19-06-18,21:40:28,Ch5,T. OVER
 19-06-18,21:40:28,Ch6,T. OVER
 19-06-18,21:41:28,Ch1,T. OVER
 19-06-18,21:41:28,Ch2,T. OVER
 19-06-18,21:41:28,Ch5,T. OVER
 19-06-18,21:41:28,Ch6,T. OVER
 19-06-18,21:42:28,Ch1,T. OVER
 19-06-18,21:42:28,Ch2,T. OVER
 19-06-18,21:42:28,Ch5,T. OVER
 19-06-18,21:42:28,Ch6,T. OVER
 19-06-18,21:43:29,Ch1,T. OVER
 19-06-18,21:43:29,Ch2,T. OVER
 19-06-18,21:43:29,Ch5,T. OVER
 19-06-18,21:43:29,Ch6,T. OVER
 19-06-18,21:44:29,Ch1,T. OVER
 19-06-18,21:44:29,Ch2,T. OVER
 19-06-18,21:44:29,Ch5,T. OVER
 19-06-18,21:44:29,Ch6,T. OVER
 19-06-18,21:45:29,Ch1,T. OVER
 19-06-18,21:45:29,Ch2,T. OVER
 19-06-18,21:45:29,Ch5,T. OVER
 19-06-18,21:45:29,Ch6,T. OVER
 19-06-18,21:46:29,Ch1,T. OVER
 19-06-18,21:46:29,Ch2,T. OVER
 19-06-18,21:46:29,Ch5,T. OVER
 19-06-18,21:46:29,Ch6,T. OVER
 19-06-18,21:47:30,Ch1,T. OVER
 19-06-18,21:47:30,Ch2,T. OVER
 19-06-18,21:47:30,Ch5,T. OVER
 19-06-18,21:47:30,Ch6,T. OVER
 19-06-18,21:48:30,Ch1,T. OVER
 19-06-18,21:48:30,Ch2,T. OVER
 19-06-18,21:48:30,Ch5,T. OVER
 19-06-18,21:48:30,Ch6,VMIX OVL,T. OVER
 19-06-18,21:49:30,Ch1,T. OVER
 19-06-18,21:49:30,Ch2,T. OVER
 19-06-18,21:49:30,Ch5,T. OVER
 19-06-18,21:49:30,Ch6,T. OVER
 19-06-18,21:50:30,Ch1,T. OVER
 19-06-18,21:50:30,Ch2,T. OVER
 19-06-18,21:50:30,Ch5,T. OVER
 19-06-18,21:50:30,Ch6,T. OVER
 19-06-18,21:51:31,Ch1,T. OVER
 19-06-18,21:51:31,Ch2,T. OVER
 19-06-18,21:51:31,Ch5,T. OVER
 19-06-18,21:51:31,Ch6,T. OVER
 19-06-18,21:52:31,Ch1,T. OVER
 19-06-18,21:52:31,Ch2,T. OVER
 19-06-18,21:52:31,Ch5,T. OVER
 19-06-18,21:52:31,Ch6,T. OVER
 19-06-18,21:53:31,Ch1,T. OVER
 19-06-18,21:53:31,Ch2,T. OVER
 19-06-18,21:53:31,Ch5,T. OVER
 19-06-18,21:53:31,Ch6,T. OVER
 19-06-18,21:54:31,Ch1,T. OVER
 19-06-18,21:54:31,Ch2,T. OVER
 19-06-18,21:54:31,Ch5,T. OVER
 19-06-18,21:54:31,Ch6,T. OVER
 19-06-18,21:55:31,Ch1,T. OVER
 19-06-18,21:55:31,Ch2,T. OVER
 19-06-18,21:55:31,Ch5,T. OVER
 19-06-18,21:55:31,Ch6,T. OVER
 19-06-18,21:56:31,Ch1,T. OVER
 19-06-18,21:56:31,Ch2,T. OVER
 19-06-18,21:56:31,Ch5,T. OVER
 19-06-18,21:56:31,Ch6,T. OVER
 19-06-18,21:57:32,Ch1,T. OVER
 19-06-18,21:57:32,Ch2,T. OVER
 19-06-18,21:57:32,Ch5,T. OVER
 19-06-18,21:57:32,Ch6,T. OVER
 19-06-18,21:58:32,Ch1,T. OVER
 19-06-18,21:58:32,Ch2,T. OVER
 19-06-18,21:58:32,Ch5,T. OVER
 19-06-18,21:58:32,Ch6,T. OVER
 19-06-18,21:59:32,Ch1,T. OVER
 19-06-18,21:59:32,Ch2,T. OVER
 19-06-18,21:59:32,Ch5,T. OVER
 19-06-18,21:59:32,Ch6,T. OVER
 19-06-18,22:00:32,Ch1,T. OVER
 19-06-18,22:00:32,Ch2,T. OVER
 19-06-18,22:00:32,Ch5,T. OVER
 19-06-18,22:00:32,Ch6,T. OVER
 19-06-18,22:01:32,Ch1,T. OVER
 19-06-18,22:01:32,Ch2,T. OVER
 19-06-18,22:01:32,Ch5,T. OVER
 19-06-18,22:01:32,Ch6,T. OVER
 19-06-18,22:02:32,Ch1,T. OVER
 19-06-18,22:02:32,Ch2,T. OVER
 19-06-18,22:02:32,Ch5,T. OVER
 19-06-18,22:02:32,Ch6,T. OVER
 19-06-18,22:03:32,Ch1,T. OVER
 19-06-18,22:03:32,Ch2,T. OVER
 19-06-18,22:03:32,Ch5,T. OVER
 19-06-18,22:03:32,Ch6,T. OVER
 19-06-18,22:04:33,Ch1,T. OVER
 19-06-18,22:04:33,Ch2,T. OVER
 19-06-18,22:04:33,Ch5,T. OVER
 19-06-18,22:04:33,Ch6,T. OVER
 19-06-18,22:05:33,Ch1,T. OVER
 19-06-18,22:05:33,Ch2,T. OVER
 19-06-18,22:05:33,Ch5,T. OVER
 19-06-18,22:05:33,Ch6,T. OVER
 19-06-18,22:06:33,Ch1,T. OVER
 19-06-18,22:06:33,Ch2,T. OVER
 19-06-18,22:06:33,Ch5,T. OVER
 19-06-18,22:06:33,Ch6,T. OVER
 19-06-18,22:07:33,Ch1,T. OVER
 19-06-18,22:07:33,Ch2,T. OVER
 19-06-18,22:07:33,Ch5,T. OVER
 19-06-18,22:07:33,Ch6,T. OVER
 19-06-18,22:08:33,Ch1,T. OVER
 19-06-18,22:08:33,Ch2,T. OVER
 19-06-18,22:08:33,Ch5,T. OVER
 19-06-18,22:08:33,Ch6,T. OVER
 19-06-18,22:09:33,Ch1,T. OVER
 19-06-18,22:09:33,Ch2,T. OVER
 19-06-18,22:09:33,Ch5,T. OVER
 19-06-18,22:09:33,Ch6,T. OVER
 19-06-18,22:10:33,Ch1,T. OVER
 19-06-18,22:10:33,Ch2,T. OVER
 19-06-18,22:10:33,Ch5,T. OVER
 19-06-18,22:10:33,Ch6,T. OVER
 19-06-18,22:11:34,Ch1,T. OVER
 19-06-18,22:11:34,Ch2,T. OVER
 19-06-18,22:11:34,Ch5,T. OVER
 19-06-18,22:11:34,Ch6,T. OVER
 19-06-18,22:12:34,Ch1,T. OVER
 19-06-18,22:12:34,Ch2,T. OVER
 19-06-18,22:12:34,Ch5,T. OVER
 19-06-18,22:12:34,Ch6,T. OVER
 19-06-18,22:13:34,Ch1,T. OVER
 19-06-18,22:13:34,Ch2,T. OVER
 19-06-18,22:13:34,Ch5,T. OVER
 19-06-18,22:13:34,Ch6,T. OVER
 19-06-18,22:14:34,Ch1,T. OVER
 19-06-18,22:14:34,Ch2,T. OVER
 19-06-18,22:14:34,Ch5,T. OVER
 19-06-18,22:14:34,Ch6,T. OVER
 19-06-18,22:15:34,Ch1,T. OVER
 19-06-18,22:15:34,Ch2,T. OVER
 19-06-18,22:15:34,Ch5,T. OVER
 19-06-18,22:15:34,Ch6,T. OVER
 19-06-18,22:16:34,Ch1,T. OVER
 19-06-18,22:16:34,Ch2,T. OVER
 19-06-18,22:16:34,Ch5,T. OVER
 19-06-18,22:16:34,Ch6,T. OVER
 19-06-18,22:17:34,Ch1,T. OVER
 19-06-18,22:17:34,Ch2,T. OVER
 19-06-18,22:17:34,Ch5,T. OVER
 19-06-18,22:17:34,Ch6,T. OVER
 19-06-18,22:18:34,Ch1,T. OVER
 19-06-18,22:18:34,Ch2,T. OVER
 19-06-18,22:18:34,Ch5,T. OVER
 19-06-18,22:18:34,Ch6,T. OVER
 19-06-18,22:19:34,Ch1,T. OVER
 19-06-18,22:19:34,Ch2,T. OVER
 19-06-18,22:19:34,Ch5,T. OVER
 19-06-18,22:19:34,Ch6,T. OVER
 19-06-18,22:20:34,Ch1,T. OVER
 19-06-18,22:20:34,Ch2,T. OVER
 19-06-18,22:20:34,Ch5,T. OVER
 19-06-18,22:20:34,Ch6,T. OVER
 19-06-18,22:21:35,Ch1,T. OVER
 19-06-18,22:21:35,Ch2,T. OVER
 19-06-18,22:21:35,Ch5,T. OVER
 19-06-18,22:21:35,Ch6,T. OVER
 19-06-18,22:22:35,Ch1,T. OVER
 19-06-18,22:22:35,Ch2,T. OVER
 19-06-18,22:22:35,Ch5,T. OVER
 19-06-18,22:22:35,Ch6,T. OVER
 19-06-18,22:23:35,Ch1,T. OVER
 19-06-18,22:23:35,Ch2,T. OVER
 19-06-18,22:23:35,Ch5,T. OVER
 19-06-18,22:23:35,Ch6,T. OVER
 19-06-18,22:24:35,Ch1,T. OVER
 19-06-18,22:24:35,Ch2,T. OVER
 19-06-18,22:24:35,Ch5,T. OVER
 19-06-18,22:24:35,Ch6,T. OVER
 19-06-18,22:25:35,Ch1,T. OVER
 19-06-18,22:25:35,Ch2,T. OVER
 19-06-18,22:25:35,Ch5,T. OVER
 19-06-18,22:25:35,Ch6,T. OVER
 19-06-18,22:26:35,Ch1,T. OVER
 19-06-18,22:26:35,Ch2,T. OVER
 19-06-18,22:26:35,Ch5,T. OVER
 19-06-18,22:26:35,Ch6,T. OVER
 19-06-18,22:27:35,Ch1,T. OVER
 19-06-18,22:27:35,Ch2,T. OVER
 19-06-18,22:27:35,Ch5,T. OVER
 19-06-18,22:27:35,Ch6,T. OVER
 19-06-18,22:28:35,Ch1,T. OVER
 19-06-18,22:28:35,Ch2,T. OVER
 19-06-18,22:28:35,Ch5,T. OVER
 19-06-18,22:28:35,Ch6,T. OVER
 19-06-18,22:29:36,Ch1,T. OVER
 19-06-18,22:29:36,Ch2,T. OVER
 19-06-18,22:29:36,Ch5,T. OVER
 19-06-18,22:29:36,Ch6,T. OVER
 19-06-18,22:30:36,Ch1,T. OVER
 19-06-18,22:30:36,Ch2,T. OVER
 19-06-18,22:30:36,Ch5,T. OVER
 19-06-18,22:30:36,Ch6,T. OVER
 19-06-18,22:31:36,Ch1,T. OVER
 19-06-18,22:31:36,Ch2,T. OVER
 19-06-18,22:31:36,Ch5,T. OVER
 19-06-18,22:31:36,Ch6,T. OVER
 19-06-18,22:32:36,Ch2,T. OVER
 19-06-18,22:32:36,Ch5,T. OVER
 19-06-18,22:32:36,Ch6,T. OVER
 19-06-18,22:33:36,Ch2,T. OVER
 19-06-18,22:33:36,Ch5,T. OVER
 19-06-18,22:33:36,Ch6,T. OVER
 19-06-18,22:34:37,Ch2,T. OVER
 19-06-18,22:34:37,Ch5,T. OVER
 19-06-18,22:34:37,Ch6,T. OVER
 19-06-18,22:35:37,Ch2,T. OVER
 19-06-18,22:35:37,Ch6,T. OVER
 19-06-18,22:36:37,Ch2,T. OVER
 19-06-18,22:36:37,Ch6,T. OVER
 19-06-18,22:37:37,Ch2,T. OVER
 19-06-18,22:37:37,Ch6,T. OVER
 19-06-18,22:38:37,Ch6,T. OVER
 19-06-18,22:39:38,Ch6,T. OVER
 19-06-18,22:40:38,Ch6,T. OVER
 19-06-18,22:41:38,Ch6,T. OVER
 19-06-18,22:42:38,Ch6,T. OVER
 19-06-18,22:43:38,Ch6,T. OVER
 19-06-18,22:44:39,Ch6,T. OVER
 19-06-18,22:45:39,Ch6,T. OVER
 19-06-18,22:46:39,Ch6,T. OVER
 19-06-18,22:47:39,Ch6,T. OVER
 19-06-18,22:48:39,Ch6,T. OVER
 19-06-18,22:49:39,Ch6,T. OVER
 19-06-18,22:50:40,Ch6,T. OVER
 19-06-18,22:51:40,Ch6,T. OVER
 19-06-18,22:52:40,Ch6,T. OVER
 19-06-18,22:53:40,Ch6,T. OVER
 19-06-18,22:54:40,Ch6,T. OVER
 19-06-18,22:55:41,Ch5,VDIF OVL
 19-06-18,22:55:41,Ch6,T. OVER
 19-06-18,22:56:41,Ch6,T. OVER
 19-06-18,22:57:41,Ch6,T. OVER
 19-06-18,22:58:41,Ch6,T. OVER
 19-06-18,22:59:42,Ch6,T. OVER
 19-06-18,23:00:42,Ch6,T. OVER
 19-06-18,23:01:42,Ch6,T. OVER
 19-06-18,23:02:42,Ch6,T. OVER
 19-06-18,23:03:42,Ch6,T. OVER
 19-06-18,23:04:43,Ch6,T. OVER
 19-06-18,23:05:43,Ch6,T. OVER
 19-06-18,23:06:43,Ch6,T. OVER
 19-06-18,23:07:43,Ch6,T. OVER
 19-06-18,23:08:43,Ch6,T. OVER
 19-06-18,23:09:43,Ch6,T. OVER
 19-06-18,23:10:44,Ch6,T. OVER
 19-06-18,23:11:44,Ch6,T. OVER
 19-06-18,23:12:44,Ch6,T. OVER
 19-06-18,23:13:44,Ch6,T. OVER
 19-06-18,23:14:44,Ch6,T. OVER
 19-06-18,23:15:44,Ch6,T. OVER
 19-06-18,23:16:45,Ch6,T. OVER
 19-06-18,23:17:45,Ch6,T. OVER
 19-06-18,23:18:45,Ch6,T. OVER
 19-06-18,23:19:45,Ch6,T. OVER
 19-06-18,23:20:45,Ch6,T. OVER
 19-06-18,23:21:46,Ch6,T. OVER
 19-06-18,23:22:46,Ch6,T. OVER
 19-06-18,23:23:46,Ch6,T. OVER
 19-06-18,23:24:46,Ch6,T. OVER
 19-06-18,23:25:46,Ch6,T. OVER
 19-06-18,23:26:47,Ch6,T. OVER
 19-06-18,23:27:47,Ch6,T. OVER
 19-06-18,23:28:47,Ch6,T. OVER
 19-06-18,23:29:47,Ch6,T. OVER
 19-06-18,23:30:47,Ch6,T. OVER
 19-06-18,23:31:47,Ch6,T. OVER
 19-06-18,23:32:48,Ch6,T. OVER
 19-06-18,23:33:48,Ch6,T. OVER
 19-06-18,23:34:48,Ch6,T. OVER
 19-06-18,23:35:48,Ch6,T. OVER
 19-06-18,23:36:48,Ch6,T. OVER
 19-06-18,23:37:48,Ch6,T. OVER
 19-06-18,23:38:49,Ch6,T. OVER
 19-06-18,23:39:49,Ch6,T. OVER
 19-06-18,23:40:49,Ch6,T. OVER
 19-06-18,23:41:49,Ch6,T. OVER
 19-06-18,23:42:50,Ch6,T. OVER
 19-06-18,23:43:50,Ch6,T. OVER
 19-06-18,23:44:50,Ch6,T. OVER
 19-06-18,23:45:50,Ch6,T. OVER
 19-06-18,23:46:50,Ch6,T. OVER
 19-06-18,23:47:50,Ch6,T. OVER
 19-06-18,23:48:50,Ch6,T. OVER
 19-06-18,23:49:50,Ch6,T. OVER
 19-06-18,23:50:51,Ch6,T. OVER
 19-06-18,23:51:51,Ch6,T. OVER
 19-06-18,23:52:51,Ch6,T. OVER
 19-06-18,23:53:51,Ch6,T. OVER
 19-06-18,23:54:51,Ch6,T. OVER
 19-06-18,23:55:52,Ch6,T. OVER
 19-06-18,23:56:52,Ch6,T. OVER
 19-06-18,23:57:52,Ch6,T. OVER
 19-06-18,23:58:52,Ch6,T. OVER
 19-06-18,23:59:52,Ch6,T. OVER
