 01-12-16,00:00:12,Ch6,T. OVER
 01-12-16,00:01:12,Ch6,T. OVER
 01-12-16,00:02:12,Ch6,T. OVER
 01-12-16,00:03:13,Ch6,T. OVER
 01-12-16,00:04:13,Ch6,T. OVER
 01-12-16,00:05:13,Ch6,T. OVER
 01-12-16,00:06:13,Ch6,T. OVER
 01-12-16,00:07:13,Ch6,T. OVER
 01-12-16,00:08:14,Ch6,T. OVER
 01-12-16,00:09:14,Ch6,T. OVER
 01-12-16,00:10:14,Ch6,T. OVER
 01-12-16,00:11:14,Ch6,T. OVER
 01-12-16,00:12:14,Ch6,T. OVER
 01-12-16,00:13:14,Ch6,T. OVER
 01-12-16,00:14:15,Ch6,T. OVER
 01-12-16,00:15:15,Ch6,T. OVER
 01-12-16,00:16:15,Ch6,T. OVER
 01-12-16,00:17:15,Ch6,T. OVER
 01-12-16,00:18:16,Ch6,T. OVER
 01-12-16,00:19:16,Ch6,T. OVER
 01-12-16,00:20:16,Ch6,T. OVER
 01-12-16,00:21:16,Ch6,T. OVER
 01-12-16,00:22:17,Ch6,T. OVER
 01-12-16,00:23:17,Ch6,T. OVER
 01-12-16,00:24:17,Ch6,T. OVER
 01-12-16,00:25:17,Ch6,T. OVER
 01-12-16,00:26:17,Ch6,T. OVER
 01-12-16,00:27:18,Ch6,T. OVER
 01-12-16,00:28:18,Ch6,T. OVER
 01-12-16,00:29:18,Ch6,T. OVER
 01-12-16,00:30:18,Ch6,T. OVER
 01-12-16,00:31:18,Ch6,T. OVER
 01-12-16,00:32:19,Ch6,T. OVER
 01-12-16,00:33:19,Ch6,T. OVER
 01-12-16,00:34:19,Ch6,T. OVER
 01-12-16,00:35:19,Ch6,T. OVER
 01-12-16,00:36:19,Ch6,T. OVER
 01-12-16,00:37:20,Ch6,T. OVER
 01-12-16,00:38:20,Ch6,T. OVER
 01-12-16,00:39:20,Ch6,T. OVER
 01-12-16,00:40:20,Ch6,T. OVER
 01-12-16,00:41:20,Ch6,T. OVER
 01-12-16,00:42:20,Ch6,T. OVER
 01-12-16,00:43:21,Ch6,T. OVER
 01-12-16,00:44:21,Ch6,T. OVER
 01-12-16,00:45:21,Ch6,T. OVER
 01-12-16,00:46:21,Ch6,T. OVER
 01-12-16,00:47:21,Ch6,T. OVER
 01-12-16,00:48:21,Ch6,T. OVER
 01-12-16,00:49:21,Ch6,T. OVER
 01-12-16,00:50:22,Ch6,T. OVER
 01-12-16,00:51:22,Ch6,T. OVER
 01-12-16,00:52:22,Ch6,T. OVER
 01-12-16,00:53:22,Ch6,T. OVER
 01-12-16,00:54:23,Ch6,T. OVER
 01-12-16,00:55:23,Ch6,T. OVER
 01-12-16,00:56:23,Ch6,T. OVER
 01-12-16,00:57:23,Ch6,T. OVER
 01-12-16,00:58:23,Ch6,T. OVER
 01-12-16,00:59:23,Ch6,T. OVER
 01-12-16,01:00:23,Ch6,VMIX OVL,T. OVER
 01-12-16,01:01:23,Ch6,T. OVER
 01-12-16,01:02:23,Ch6,T. OVER
 01-12-16,01:03:24,Ch6,T. OVER
 01-12-16,01:04:24,Ch6,T. OVER
 01-12-16,01:05:24,Ch6,T. OVER
 01-12-16,01:06:24,Ch6,T. OVER
 01-12-16,01:07:24,Ch6,T. OVER
 01-12-16,01:08:25,Ch6,T. OVER
 01-12-16,01:09:25,Ch6,T. OVER
 01-12-16,01:10:25,Ch6,T. OVER
 01-12-16,01:11:25,Ch6,T. OVER
 01-12-16,01:12:25,Ch6,T. OVER
 01-12-16,01:13:25,Ch6,T. OVER
 01-12-16,01:14:25,Ch6,T. OVER
 01-12-16,01:15:25,Ch6,T. OVER
 01-12-16,01:16:26,Ch6,T. OVER
 01-12-16,01:17:26,Ch6,T. OVER
 01-12-16,01:18:26,Ch6,T. OVER
 01-12-16,01:19:26,Ch6,T. OVER
 01-12-16,01:20:26,Ch6,T. OVER
 01-12-16,01:21:26,Ch6,T. OVER
 01-12-16,01:22:26,Ch6,T. OVER
 01-12-16,01:23:27,Ch6,T. OVER
 01-12-16,01:24:27,Ch6,T. OVER
 01-12-16,01:25:27,Ch6,T. OVER
 01-12-16,01:26:27,Ch6,T. OVER
 01-12-16,01:27:27,Ch6,T. OVER
 01-12-16,01:28:27,Ch6,T. OVER
 01-12-16,01:29:28,Ch6,T. OVER
 01-12-16,01:30:28,Ch6,T. OVER
 01-12-16,01:31:28,Ch6,T. OVER
 01-12-16,01:32:28,Ch6,T. OVER
 01-12-16,01:33:28,Ch6,T. OVER
 01-12-16,01:34:29,Ch6,T. OVER
 01-12-16,01:35:29,Ch6,T. OVER
 01-12-16,01:36:29,Ch6,T. OVER
 01-12-16,01:37:29,Ch6,T. OVER
 01-12-16,01:38:30,Ch6,T. OVER
 01-12-16,01:39:30,Ch6,T. OVER
 01-12-16,01:40:30,Ch6,T. OVER
 01-12-16,01:41:30,Ch6,T. OVER
 01-12-16,01:42:30,Ch6,T. OVER
 01-12-16,01:43:30,Ch6,T. OVER
 01-12-16,01:44:30,Ch6,T. OVER
 01-12-16,01:45:31,Ch6,T. OVER
 01-12-16,01:46:31,Ch6,T. OVER
 01-12-16,01:47:31,Ch6,T. OVER
 01-12-16,01:48:31,Ch6,T. OVER
 01-12-16,01:49:32,Ch6,T. OVER
 01-12-16,01:50:32,Ch6,T. OVER
 01-12-16,01:51:32,Ch6,T. OVER
 01-12-16,01:52:32,Ch6,T. OVER
 01-12-16,01:53:32,Ch6,T. OVER
 01-12-16,01:54:32,Ch6,T. OVER
 01-12-16,01:55:33,Ch6,T. OVER
 01-12-16,01:56:33,Ch6,T. OVER
 01-12-16,01:57:33,Ch6,T. OVER
 01-12-16,01:58:33,Ch6,T. OVER
 01-12-16,01:59:33,Ch6,T. OVER
 01-12-16,02:00:34,Ch6,T. OVER
 01-12-16,02:01:34,Ch6,T. OVER
 01-12-16,02:02:34,Ch6,T. OVER
 01-12-16,02:03:34,Ch6,T. OVER
 01-12-16,02:04:35,Ch6,T. OVER
 01-12-16,02:05:35,Ch6,T. OVER
 01-12-16,02:06:35,Ch6,T. OVER
 01-12-16,02:07:35,Ch6,T. OVER
 01-12-16,02:08:36,Ch6,T. OVER
 01-12-16,02:09:36,Ch6,T. OVER
 01-12-16,02:10:36,Ch6,T. OVER
 01-12-16,02:11:36,Ch6,T. OVER
 01-12-16,02:12:36,Ch6,T. OVER
 01-12-16,02:13:37,Ch6,T. OVER
 01-12-16,02:14:37,Ch6,T. OVER
 01-12-16,02:15:37,Ch6,T. OVER
 01-12-16,02:16:37,Ch6,T. OVER
 01-12-16,02:17:38,Ch6,T. OVER
 01-12-16,02:18:38,Ch6,T. OVER
 01-12-16,02:19:38,Ch6,T. OVER
 01-12-16,02:20:38,Ch6,T. OVER
 01-12-16,02:21:38,Ch6,T. OVER
 01-12-16,02:22:38,Ch6,T. OVER
 01-12-16,02:23:39,Ch6,T. OVER
 01-12-16,02:24:39,Ch6,T. OVER
 01-12-16,02:25:39,Ch6,T. OVER
 01-12-16,02:26:39,Ch6,T. OVER
 01-12-16,02:27:39,Ch6,T. OVER
 01-12-16,02:28:39,Ch6,T. OVER
 01-12-16,02:29:39,Ch6,T. OVER
 01-12-16,02:30:40,Ch6,T. OVER
 01-12-16,02:31:40,Ch6,T. OVER
 01-12-16,02:32:40,Ch6,T. OVER
 01-12-16,02:33:40,Ch6,T. OVER
 01-12-16,02:34:40,Ch6,T. OVER
 01-12-16,02:35:40,Ch6,T. OVER
 01-12-16,02:36:40,Ch6,T. OVER
 01-12-16,02:37:41,Ch6,T. OVER
 01-12-16,02:38:41,Ch6,T. OVER
 01-12-16,02:39:41,Ch6,T. OVER
 01-12-16,02:40:41,Ch6,T. OVER
 01-12-16,02:41:41,Ch6,T. OVER
 01-12-16,02:42:41,Ch6,T. OVER
 01-12-16,02:43:42,Ch6,T. OVER
 01-12-16,02:44:42,Ch6,T. OVER
 01-12-16,02:45:42,Ch6,T. OVER
 01-12-16,02:46:42,Ch6,T. OVER
 01-12-16,02:47:42,Ch6,T. OVER
 01-12-16,02:48:42,Ch6,T. OVER
 01-12-16,02:49:43,Ch6,T. OVER
 01-12-16,02:50:43,Ch6,T. OVER
 01-12-16,02:51:43,Ch6,T. OVER
 01-12-16,02:52:43,Ch6,T. OVER
 01-12-16,02:53:44,Ch6,T. OVER
 01-12-16,02:54:44,Ch6,T. OVER
 01-12-16,02:55:44,Ch6,T. OVER
 01-12-16,02:56:44,Ch6,T. OVER
 01-12-16,02:57:44,Ch6,T. OVER
 01-12-16,02:58:44,Ch6,T. OVER
 01-12-16,02:59:44,Ch6,T. OVER
 01-12-16,03:00:44,Ch6,T. OVER
 01-12-16,03:01:45,Ch6,T. OVER
 01-12-16,03:02:45,Ch6,T. OVER
 01-12-16,03:03:45,Ch6,T. OVER
 01-12-16,03:04:45,Ch6,T. OVER
 01-12-16,03:05:45,Ch6,T. OVER
 01-12-16,03:06:45,Ch6,T. OVER
 01-12-16,03:07:45,Ch6,T. OVER
 01-12-16,03:08:45,Ch6,T. OVER
 01-12-16,03:09:46,Ch6,T. OVER
 01-12-16,03:10:46,Ch6,T. OVER
 01-12-16,03:11:46,Ch6,T. OVER
 01-12-16,03:12:46,Ch6,T. OVER
 01-12-16,03:13:46,Ch6,T. OVER
 01-12-16,03:14:47,Ch6,T. OVER
 01-12-16,03:15:47,Ch6,T. OVER
 01-12-16,03:16:47,Ch6,T. OVER
 01-12-16,03:17:47,Ch6,T. OVER
 01-12-16,03:18:47,Ch6,T. OVER
 01-12-16,03:19:48,Ch6,T. OVER
 01-12-16,03:20:48,Ch6,T. OVER
 01-12-16,03:21:48,Ch6,T. OVER
 01-12-16,03:22:48,Ch6,T. OVER
 01-12-16,03:23:48,Ch6,T. OVER
 01-12-16,03:24:49,Ch6,T. OVER
 01-12-16,03:25:49,Ch6,T. OVER
 01-12-16,03:26:49,Ch6,T. OVER
 01-12-16,03:27:49,Ch6,T. OVER
 01-12-16,03:28:49,Ch6,T. OVER
 01-12-16,03:29:50,Ch6,T. OVER
 01-12-16,03:30:50,Ch6,T. OVER
 01-12-16,03:31:50,Ch6,T. OVER
 01-12-16,03:32:50,Ch6,T. OVER
 01-12-16,03:33:50,Ch6,T. OVER
 01-12-16,03:34:50,Ch6,T. OVER
 01-12-16,03:35:50,Ch6,T. OVER
 01-12-16,03:36:50,Ch6,T. OVER
 01-12-16,03:37:50,Ch6,T. OVER
 01-12-16,03:38:51,Ch6,T. OVER
 01-12-16,03:39:51,Ch6,T. OVER
 01-12-16,03:40:51,Ch6,T. OVER
 01-12-16,03:41:51,Ch6,T. OVER
 01-12-16,03:42:51,Ch6,T. OVER
 01-12-16,03:43:51,Ch6,T. OVER
 01-12-16,03:44:51,Ch6,T. OVER
 01-12-16,03:45:52,Ch6,T. OVER
 01-12-16,03:46:52,Ch6,T. OVER
 01-12-16,03:47:52,Ch6,T. OVER
 01-12-16,03:48:52,Ch6,T. OVER
 01-12-16,03:49:52,Ch6,T. OVER
 01-12-16,03:50:52,Ch6,T. OVER
 01-12-16,03:51:52,Ch6,T. OVER
 01-12-16,03:52:52,Ch6,T. OVER
 01-12-16,03:53:53,Ch6,T. OVER
 01-12-16,03:54:53,Ch6,T. OVER
 01-12-16,03:55:53,Ch6,T. OVER
 01-12-16,03:56:53,Ch6,T. OVER
 01-12-16,03:57:53,Ch6,T. OVER
 01-12-16,03:58:54,Ch6,T. OVER
 01-12-16,03:59:54,Ch6,T. OVER
 01-12-16,04:00:54,Ch6,T. OVER
 01-12-16,04:01:54,Ch6,T. OVER
 01-12-16,04:02:54,Ch6,T. OVER
 01-12-16,04:03:54,Ch6,T. OVER
 01-12-16,04:04:54,Ch6,T. OVER
 01-12-16,04:05:54,Ch6,T. OVER
 01-12-16,04:06:54,Ch6,T. OVER
 01-12-16,04:07:55,Ch6,T. OVER
 01-12-16,04:08:55,Ch6,T. OVER
 01-12-16,04:09:55,Ch6,T. OVER
 01-12-16,04:10:55,Ch6,T. OVER
 01-12-16,04:11:56,Ch6,T. OVER
 01-12-16,04:12:56,Ch6,T. OVER
 01-12-16,04:13:56,Ch6,T. OVER
 01-12-16,04:14:57,Ch6,T. OVER
 01-12-16,04:15:57,Ch6,T. OVER
 01-12-16,04:16:57,Ch6,T. OVER
 01-12-16,04:17:57,Ch6,T. OVER
 01-12-16,04:18:57,Ch6,T. OVER
 01-12-16,04:19:57,Ch6,T. OVER
 01-12-16,04:20:57,Ch6,T. OVER
 01-12-16,04:21:57,Ch6,T. OVER
 01-12-16,04:22:58,Ch6,T. OVER
 01-12-16,04:23:58,Ch6,T. OVER
 01-12-16,04:24:58,Ch6,T. OVER
 01-12-16,04:25:58,Ch6,T. OVER
 01-12-16,04:26:58,Ch6,T. OVER
 01-12-16,04:27:59,Ch6,T. OVER
 01-12-16,04:28:59,Ch6,T. OVER
 01-12-16,04:29:59,Ch6,T. OVER
 01-12-16,04:30:59,Ch6,T. OVER
 01-12-16,04:31:59,Ch6,T. OVER
 01-12-16,04:33:00,Ch6,T. OVER
 01-12-16,04:34:00,Ch6,T. OVER
 01-12-16,04:35:00,Ch6,T. OVER
 01-12-16,04:36:00,Ch6,T. OVER
 01-12-16,04:37:01,Ch6,T. OVER
 01-12-16,04:38:01,Ch6,T. OVER
 01-12-16,04:39:01,Ch6,T. OVER
 01-12-16,04:40:01,Ch6,T. OVER
 01-12-16,04:41:01,Ch6,T. OVER
 01-12-16,04:42:01,Ch6,T. OVER
 01-12-16,04:43:02,Ch6,T. OVER
 01-12-16,04:44:02,Ch6,T. OVER
 01-12-16,04:45:02,Ch6,T. OVER
 01-12-16,04:46:02,Ch6,T. OVER
 01-12-16,04:47:02,Ch6,T. OVER
 01-12-16,04:48:02,Ch6,T. OVER
 01-12-16,04:49:02,Ch6,T. OVER
 01-12-16,04:50:03,Ch6,T. OVER
 01-12-16,04:51:03,Ch6,T. OVER
 01-12-16,04:52:03,Ch6,T. OVER
 01-12-16,04:53:03,Ch6,T. OVER
 01-12-16,04:54:03,Ch6,T. OVER
 01-12-16,04:55:03,Ch6,T. OVER
 01-12-16,04:56:03,Ch6,T. OVER
 01-12-16,04:57:04,Ch6,T. OVER
 01-12-16,04:58:04,Ch6,T. OVER
 01-12-16,04:59:04,Ch6,T. OVER
 01-12-16,05:00:04,Ch6,T. OVER
 01-12-16,05:01:05,Ch6,T. OVER
 01-12-16,05:02:05,Ch6,T. OVER
 01-12-16,05:03:05,Ch6,T. OVER
 01-12-16,05:04:05,Ch6,T. OVER
 01-12-16,05:05:05,Ch6,T. OVER
 01-12-16,05:06:05,Ch6,T. OVER
 01-12-16,05:07:06,Ch6,T. OVER
 01-12-16,05:08:06,Ch6,T. OVER
 01-12-16,05:09:06,Ch6,T. OVER
 01-12-16,05:10:07,Ch6,T. OVER
 01-12-16,05:11:07,Ch6,T. OVER
 01-12-16,05:12:07,Ch6,T. OVER
 01-12-16,05:13:07,Ch6,T. OVER
 01-12-16,05:14:07,Ch6,T. OVER
 01-12-16,05:15:08,Ch6,T. OVER
 01-12-16,05:16:08,Ch6,T. OVER
 01-12-16,05:17:08,Ch6,T. OVER
 01-12-16,05:18:08,Ch6,T. OVER
 01-12-16,05:19:08,Ch6,T. OVER
 01-12-16,05:20:08,Ch6,T. OVER
 01-12-16,05:21:08,Ch6,T. OVER
 01-12-16,05:22:08,Ch6,T. OVER
 01-12-16,05:23:09,Ch6,T. OVER
 01-12-16,05:24:09,Ch6,T. OVER
 01-12-16,05:25:09,Ch6,T. OVER
 01-12-16,05:26:09,Ch6,T. OVER
 01-12-16,05:27:09,Ch6,T. OVER
 01-12-16,05:28:09,Ch6,T. OVER
 01-12-16,05:29:10,Ch6,T. OVER
 01-12-16,05:30:10,Ch6,T. OVER
 01-12-16,05:31:10,Ch6,T. OVER
 01-12-16,05:32:10,Ch6,T. OVER
 01-12-16,05:33:11,Ch6,T. OVER
 01-12-16,05:34:11,Ch6,T. OVER
 01-12-16,05:35:11,Ch6,T. OVER
 01-12-16,05:36:11,Ch6,T. OVER
 01-12-16,05:37:11,Ch6,T. OVER
 01-12-16,05:38:11,Ch6,T. OVER
 01-12-16,05:39:11,Ch6,T. OVER
 01-12-16,05:40:11,Ch6,T. OVER
 01-12-16,05:41:12,Ch6,T. OVER
 01-12-16,05:42:12,Ch6,T. OVER
 01-12-16,05:43:12,Ch6,T. OVER
 01-12-16,05:44:12,Ch6,T. OVER
 01-12-16,05:45:12,Ch6,T. OVER
 01-12-16,05:46:12,Ch6,T. OVER
 01-12-16,05:47:12,Ch6,T. OVER
 01-12-16,05:48:12,Ch6,T. OVER
 01-12-16,05:49:13,Ch6,T. OVER
 01-12-16,05:50:13,Ch6,T. OVER
 01-12-16,05:51:13,Ch6,T. OVER
 01-12-16,05:52:13,Ch6,T. OVER
 01-12-16,05:53:13,Ch6,T. OVER
 01-12-16,05:54:13,Ch6,T. OVER
 01-12-16,05:55:13,Ch6,T. OVER
 01-12-16,05:56:13,Ch6,T. OVER
 01-12-16,05:57:13,Ch6,T. OVER
 01-12-16,05:58:14,Ch6,T. OVER
 01-12-16,05:59:14,Ch6,T. OVER
 01-12-16,06:00:14,Ch6,T. OVER
 01-12-16,06:01:14,Ch6,T. OVER
 01-12-16,06:02:14,Ch6,T. OVER
 01-12-16,06:03:14,Ch6,T. OVER
 01-12-16,06:04:15,Ch6,T. OVER
 01-12-16,06:05:15,Ch6,T. OVER
 01-12-16,06:06:15,Ch6,T. OVER
 01-12-16,06:07:15,Ch6,T. OVER
 01-12-16,06:08:15,Ch6,T. OVER
 01-12-16,06:09:15,Ch6,T. OVER
 01-12-16,06:10:16,Ch6,T. OVER
 01-12-16,06:11:16,Ch6,T. OVER
 01-12-16,06:12:16,Ch6,T. OVER
 01-12-16,06:13:16,Ch6,T. OVER
 01-12-16,06:14:16,Ch6,T. OVER
 01-12-16,06:15:17,Ch6,T. OVER
 01-12-16,06:16:17,Ch6,T. OVER
 01-12-16,06:17:17,Ch6,T. OVER
 01-12-16,06:18:17,Ch6,T. OVER
 01-12-16,06:19:17,Ch6,T. OVER
 01-12-16,06:20:17,Ch6,T. OVER
 01-12-16,06:21:17,Ch6,T. OVER
 01-12-16,06:22:18,Ch6,T. OVER
 01-12-16,06:23:18,Ch6,T. OVER
 01-12-16,06:24:18,Ch6,T. OVER
 01-12-16,06:25:18,Ch6,T. OVER
 01-12-16,06:26:18,Ch6,T. OVER
 01-12-16,06:27:18,Ch6,T. OVER
 01-12-16,06:28:19,Ch6,T. OVER
 01-12-16,06:29:19,Ch6,T. OVER
 01-12-16,06:30:19,Ch6,T. OVER
 01-12-16,06:31:19,Ch6,T. OVER
 01-12-16,06:32:19,Ch6,T. OVER
 01-12-16,06:33:19,Ch6,T. OVER
 01-12-16,06:34:19,Ch6,T. OVER
 01-12-16,06:35:19,Ch6,T. OVER
 01-12-16,06:36:20,Ch6,T. OVER
 01-12-16,06:37:20,Ch6,T. OVER
 01-12-16,06:38:20,Ch6,T. OVER
 01-12-16,06:39:20,Ch6,T. OVER
 01-12-16,06:40:20,Ch6,T. OVER
 01-12-16,06:41:20,Ch6,T. OVER
 01-12-16,06:42:20,Ch6,T. OVER
 01-12-16,06:43:20,Ch6,T. OVER
 01-12-16,06:44:20,Ch6,T. OVER
 01-12-16,06:45:20,Ch6,T. OVER
 01-12-16,06:46:21,Ch6,T. OVER
 01-12-16,06:47:21,Ch6,T. OVER
 01-12-16,06:48:21,Ch6,T. OVER
 01-12-16,06:49:21,Ch6,T. OVER
 01-12-16,06:50:21,Ch6,T. OVER
 01-12-16,06:51:22,Ch6,T. OVER
 01-12-16,06:52:22,Ch6,T. OVER
 01-12-16,06:53:22,Ch6,T. OVER
 01-12-16,06:54:22,Ch6,T. OVER
 01-12-16,06:55:22,Ch6,T. OVER
 01-12-16,06:56:22,Ch6,T. OVER
 01-12-16,06:57:22,Ch6,T. OVER
 01-12-16,06:58:22,Ch6,T. OVER
 01-12-16,06:59:23,Ch6,T. OVER
 01-12-16,07:00:23,Ch6,T. OVER
 01-12-16,07:01:23,Ch6,T. OVER
 01-12-16,07:02:23,Ch6,T. OVER
 01-12-16,07:03:24,Ch6,T. OVER
 01-12-16,07:04:24,Ch6,T. OVER
 01-12-16,07:05:24,Ch6,T. OVER
 01-12-16,07:06:25,Ch6,T. OVER
 01-12-16,07:07:25,Ch6,T. OVER
 01-12-16,07:08:25,Ch6,T. OVER
 01-12-16,07:09:25,Ch6,T. OVER
 01-12-16,07:10:25,Ch6,T. OVER
 01-12-16,07:11:26,Ch6,T. OVER
 01-12-16,07:12:26,Ch6,T. OVER
 01-12-16,07:13:26,Ch6,T. OVER
 01-12-16,07:14:26,Ch6,T. OVER
 01-12-16,07:15:27,Ch6,T. OVER
 01-12-16,07:16:27,Ch6,T. OVER
 01-12-16,07:17:27,Ch6,T. OVER
 01-12-16,07:18:27,Ch6,T. OVER
 01-12-16,07:19:27,Ch6,T. OVER
 01-12-16,07:20:28,Ch6,T. OVER
 01-12-16,07:21:28,Ch6,T. OVER
 01-12-16,07:22:28,Ch6,T. OVER
 01-12-16,07:23:28,Ch6,T. OVER
 01-12-16,07:24:28,Ch6,T. OVER
 01-12-16,07:25:28,Ch6,T. OVER
 01-12-16,07:26:28,Ch6,T. OVER
 01-12-16,07:27:28,Ch6,T. OVER
 01-12-16,07:28:29,Ch6,VMIX OVL,VDIF OVL,T. OVER
 01-12-16,07:29:29,Ch6,T. OVER
 01-12-16,07:30:29,Ch6,T. OVER
 01-12-16,07:31:29,Ch6,T. OVER
 01-12-16,07:32:29,Ch6,T. OVER
 01-12-16,07:33:29,Ch6,T. OVER
 01-12-16,07:34:30,Ch6,T. OVER
 01-12-16,07:35:30,Ch6,T. OVER
 01-12-16,07:36:30,Ch6,T. OVER
 01-12-16,07:37:30,Ch6,T. OVER
 01-12-16,07:38:30,Ch6,T. OVER
 01-12-16,07:39:31,Ch6,T. OVER
 01-12-16,07:40:31,Ch6,T. OVER
 01-12-16,07:41:31,Ch6,T. OVER
 01-12-16,07:42:31,Ch6,T. OVER
 01-12-16,07:43:32,Ch6,T. OVER
 01-12-16,07:44:32,Ch6,T. OVER
 01-12-16,07:45:32,Ch6,T. OVER
 01-12-16,07:46:32,Ch6,T. OVER
 01-12-16,07:47:32,Ch6,T. OVER
 01-12-16,07:48:32,Ch6,T. OVER
 01-12-16,07:49:33,Ch6,T. OVER
 01-12-16,07:50:33,Ch6,T. OVER
 01-12-16,07:51:33,Ch6,T. OVER
 01-12-16,07:52:33,Ch6,T. OVER
 01-12-16,07:53:33,Ch6,T. OVER
 01-12-16,07:54:33,Ch6,T. OVER
 01-12-16,07:55:33,Ch6,T. OVER
 01-12-16,07:56:33,Ch6,T. OVER
 01-12-16,07:57:34,Ch6,T. OVER
 01-12-16,07:58:34,Ch6,T. OVER
 01-12-16,07:59:34,Ch6,T. OVER
 01-12-16,08:00:34,Ch6,T. OVER
 01-12-16,08:01:34,Ch6,T. OVER
 01-12-16,08:02:34,Ch6,T. OVER
 01-12-16,08:03:34,Ch6,T. OVER
 01-12-16,08:04:35,Ch6,T. OVER
 01-12-16,08:05:35,Ch6,T. OVER
 01-12-16,08:06:35,Ch6,T. OVER
 01-12-16,08:07:35,Ch6,T. OVER
 01-12-16,08:08:35,Ch6,T. OVER
 01-12-16,08:09:36,Ch6,T. OVER
 01-12-16,08:10:36,Ch6,T. OVER
 01-12-16,08:11:36,Ch6,T. OVER
 01-12-16,08:12:36,Ch6,T. OVER
 01-12-16,08:13:36,Ch6,T. OVER
 01-12-16,08:14:36,Ch6,T. OVER
 01-12-16,08:15:36,Ch6,T. OVER
 01-12-16,08:16:37,Ch6,T. OVER
 01-12-16,08:17:37,Ch6,T. OVER
 01-12-16,08:18:37,Ch6,T. OVER
 01-12-16,08:19:37,Ch6,T. OVER
 01-12-16,08:20:37,Ch6,T. OVER
 01-12-16,08:21:38,Ch6,T. OVER
 01-12-16,08:22:38,Ch6,T. OVER
 01-12-16,08:23:38,Ch6,T. OVER
 01-12-16,08:24:38,Ch6,T. OVER
 01-12-16,08:25:39,Ch6,T. OVER
 01-12-16,08:26:39,Ch6,T. OVER
 01-12-16,08:27:39,Ch6,T. OVER
 01-12-16,08:28:39,Ch6,T. OVER
 01-12-16,08:29:40,Ch6,T. OVER
 01-12-16,08:30:40,Ch6,T. OVER
 01-12-16,08:31:40,Ch6,T. OVER
 01-12-16,08:32:40,Ch6,T. OVER
 01-12-16,08:33:41,Ch6,T. OVER
 01-12-16,08:34:41,Ch6,T. OVER
 01-12-16,08:35:41,Ch6,T. OVER
 01-12-16,08:36:41,Ch6,T. OVER
 01-12-16,08:37:41,Ch6,T. OVER
 01-12-16,08:38:41,Ch6,T. OVER
 01-12-16,08:39:41,Ch6,T. OVER
 01-12-16,08:40:41,Ch6,T. OVER
 01-12-16,08:41:41,Ch6,T. OVER
 01-12-16,08:42:41,Ch6,T. OVER
 01-12-16,08:43:41,Ch6,T. OVER
 01-12-16,08:44:42,Ch6,T. OVER
 01-12-16,08:45:42,Ch6,T. OVER
 01-12-16,08:46:42,Ch6,T. OVER
 01-12-16,08:47:42,Ch6,T. OVER
 01-12-16,08:48:43,Ch6,T. OVER
 01-12-16,08:49:43,Ch6,T. OVER
 01-12-16,08:50:43,Ch6,T. OVER
 01-12-16,08:51:43,Ch6,T. OVER
 01-12-16,08:52:43,Ch6,T. OVER
 01-12-16,08:53:43,Ch6,T. OVER
 01-12-16,08:54:43,Ch6,T. OVER
 01-12-16,08:55:44,Ch6,T. OVER
 01-12-16,08:56:44,Ch6,T. OVER
 01-12-16,08:57:44,Ch6,T. OVER
 01-12-16,08:58:44,Ch6,T. OVER
 01-12-16,08:59:44,Ch6,T. OVER
 01-12-16,09:00:45,Ch6,T. OVER
 01-12-16,09:01:45,Ch6,T. OVER
 01-12-16,09:02:45,Ch6,T. OVER
 01-12-16,09:03:45,Ch6,T. OVER
 01-12-16,09:04:46,Ch6,T. OVER
 01-12-16,09:05:46,Ch6,T. OVER
 01-12-16,09:06:46,Ch6,T. OVER
 01-12-16,09:07:46,Ch6,T. OVER
 01-12-16,09:08:46,Ch6,T. OVER
 01-12-16,09:09:46,Ch6,T. OVER
 01-12-16,09:10:47,Ch6,T. OVER
 01-12-16,09:11:47,Ch6,T. OVER
 01-12-16,09:12:47,Ch6,T. OVER
 01-12-16,09:13:47,Ch6,T. OVER
 01-12-16,09:14:47,Ch6,T. OVER
 01-12-16,09:15:48,Ch6,T. OVER
 01-12-16,09:16:48,Ch6,T. OVER
 01-12-16,09:17:48,Ch6,T. OVER
 01-12-16,09:18:48,Ch6,T. OVER
 01-12-16,09:19:49,Ch6,T. OVER
 01-12-16,09:20:49,Ch6,T. OVER
 01-12-16,09:21:49,Ch6,T. OVER
 01-12-16,09:22:49,Ch6,T. OVER
 01-12-16,09:23:49,Ch6,T. OVER
 01-12-16,09:24:49,Ch6,T. OVER
 01-12-16,09:25:50,Ch6,T. OVER
 01-12-16,09:26:50,Ch6,T. OVER
 01-12-16,09:27:50,Ch6,T. OVER
 01-12-16,09:28:51,Ch6,T. OVER
 01-12-16,09:29:51,Ch6,T. OVER
 01-12-16,09:30:51,Ch6,T. OVER
 01-12-16,09:31:51,Ch6,T. OVER
 01-12-16,09:32:51,Ch6,T. OVER
 01-12-16,09:33:51,Ch6,T. OVER
 01-12-16,09:34:51,Ch6,T. OVER
 01-12-16,09:35:51,Ch6,T. OVER
 01-12-16,09:36:52,Ch6,T. OVER
 01-12-16,09:37:52,Ch6,T. OVER
 01-12-16,09:38:52,Ch6,T. OVER
 01-12-16,09:39:52,Ch6,T. OVER
 01-12-16,09:40:52,Ch6,T. OVER
 01-12-16,09:41:53,Ch6,T. OVER
 01-12-16,09:42:53,Ch6,T. OVER
 01-12-16,09:43:53,Ch6,T. OVER
 01-12-16,09:44:53,Ch6,T. OVER
 01-12-16,09:45:54,Ch6,T. OVER
 01-12-16,09:46:54,Ch6,T. OVER
 01-12-16,09:47:54,Ch6,T. OVER
 01-12-16,09:48:54,Ch6,T. OVER
 01-12-16,09:49:54,Ch6,T. OVER
 01-12-16,09:50:54,Ch6,T. OVER
 01-12-16,09:51:55,Ch6,T. OVER
 01-12-16,09:52:55,Ch6,T. OVER
 01-12-16,09:53:55,Ch6,T. OVER
 01-12-16,09:54:55,Ch6,T. OVER
 01-12-16,09:55:55,Ch6,T. OVER
 01-12-16,09:56:55,Ch6,T. OVER
 01-12-16,09:57:56,Ch6,T. OVER
 01-12-16,09:58:56,Ch6,T. OVER
 01-12-16,09:59:56,Ch6,T. OVER
 01-12-16,10:00:56,Ch6,T. OVER
 01-12-16,10:01:57,Ch6,T. OVER
 01-12-16,10:02:57,Ch6,T. OVER
 01-12-16,10:03:57,Ch6,T. OVER
 01-12-16,10:04:57,Ch6,T. OVER
 01-12-16,10:05:57,Ch6,T. OVER
 01-12-16,10:06:57,Ch6,T. OVER
 01-12-16,10:07:58,Ch6,T. OVER
 01-12-16,10:08:58,Ch6,T. OVER
 01-12-16,10:09:58,Ch6,T. OVER
 01-12-16,10:10:58,Ch6,T. OVER
 01-12-16,10:11:58,Ch6,T. OVER
 01-12-16,10:12:58,Ch6,T. OVER
 01-12-16,10:13:59,Ch6,T. OVER
 01-12-16,10:14:59,Ch6,T. OVER
 01-12-16,10:15:59,Ch6,T. OVER
 01-12-16,10:16:59,Ch6,T. OVER
 01-12-16,10:18:00,Ch6,T. OVER
 01-12-16,10:19:00,Ch6,T. OVER
 01-12-16,10:20:00,Ch6,T. OVER
 01-12-16,10:21:00,Ch6,T. OVER
 01-12-16,10:22:01,Ch6,T. OVER
 01-12-16,10:23:01,Ch6,T. OVER
 01-12-16,10:24:01,Ch6,T. OVER
 01-12-16,10:25:01,Ch5,VDIF OVL 01-12-16,10:25:01,Ch6,T. OVER
 01-12-16,10:26:02,Ch6,T. OVER
 01-12-16,10:27:02,Ch6,T. OVER
 01-12-16,10:28:02,Ch6,T. OVER
 01-12-16,10:29:02,Ch6,T. OVER
 01-12-16,10:30:02,Ch6,T. OVER
 01-12-16,10:31:02,Ch6,T. OVER
 01-12-16,10:32:02,Ch6,T. OVER
 01-12-16,10:33:03,Ch6,T. OVER
 01-12-16,10:34:03,Ch6,T. OVER
 01-12-16,10:35:03,Ch6,T. OVER
 01-12-16,10:36:03,Ch6,T. OVER
 01-12-16,10:37:03,Ch6,T. OVER
 01-12-16,10:38:03,Ch6,T. OVER
 01-12-16,10:39:04,Ch6,T. OVER
 01-12-16,10:40:04,Ch6,T. OVER
 01-12-16,10:41:04,Ch6,T. OVER
 01-12-16,10:42:04,Ch6,T. OVER
 01-12-16,10:43:04,Ch6,T. OVER
 01-12-16,10:44:04,Ch6,T. OVER
 01-12-16,10:45:05,Ch6,T. OVER
 01-12-16,10:46:05,Ch6,T. OVER
 01-12-16,10:47:05,Ch6,T. OVER
 01-12-16,10:48:05,Ch6,T. OVER
 01-12-16,10:49:05,Ch6,T. OVER
 01-12-16,10:50:05,Ch6,T. OVER
 01-12-16,10:51:06,Ch6,T. OVER
 01-12-16,10:52:06,Ch6,T. OVER
 01-12-16,10:53:06,Ch6,T. OVER
 01-12-16,10:54:06,Ch6,T. OVER
 01-12-16,10:55:06,Ch6,T. OVER
 01-12-16,10:56:07,Ch6,T. OVER
 01-12-16,10:57:07,Ch6,T. OVER
 01-12-16,10:58:07,Ch6,T. OVER
 01-12-16,10:59:07,Ch6,T. OVER
 01-12-16,11:00:07,Ch6,T. OVER
 01-12-16,11:01:08,Ch6,T. OVER
 01-12-16,11:02:08,Ch6,T. OVER
 01-12-16,11:03:08,Ch6,T. OVER
 01-12-16,11:04:08,Ch6,T. OVER
 01-12-16,11:05:08,Ch6,T. OVER
 01-12-16,11:06:08,Ch6,T. OVER
 01-12-16,11:07:09,Ch6,T. OVER
 01-12-16,11:08:09,Ch6,T. OVER
 01-12-16,11:09:09,Ch6,T. OVER
 01-12-16,11:10:09,Ch6,T. OVER
 01-12-16,11:11:10,Ch6,T. OVER
 01-12-16,11:12:10,Ch6,T. OVER
 01-12-16,11:13:10,Ch6,T. OVER
 01-12-16,11:14:10,Ch6,T. OVER
 01-12-16,11:15:11,Ch6,T. OVER
 01-12-16,11:16:11,Ch6,T. OVER
 01-12-16,11:17:11,Ch6,T. OVER
 01-12-16,11:18:11,Ch6,T. OVER
 01-12-16,11:19:11,Ch6,T. OVER
 01-12-16,11:20:11,Ch6,T. OVER
 01-12-16,11:21:12,Ch6,T. OVER
 01-12-16,11:22:12,Ch6,T. OVER
 01-12-16,11:23:12,Ch6,T. OVER
 01-12-16,11:24:12,Ch6,T. OVER
 01-12-16,11:25:12,Ch6,T. OVER
 01-12-16,11:26:12,Ch6,T. OVER
 01-12-16,11:27:12,Ch6,T. OVER
 01-12-16,11:28:13,Ch6,T. OVER
 01-12-16,11:29:13,Ch6,T. OVER
 01-12-16,11:30:13,Ch6,T. OVER
 01-12-16,11:31:13,Ch6,T. OVER
 01-12-16,11:32:13,Ch6,T. OVER
 01-12-16,11:33:14,Ch6,T. OVER
 01-12-16,11:34:14,Ch6,T. OVER
 01-12-16,11:35:14,Ch6,T. OVER
 01-12-16,11:36:14,Ch6,T. OVER
 01-12-16,11:37:14,Ch6,T. OVER
 01-12-16,11:38:14,Ch6,T. OVER
 01-12-16,11:39:15,Ch6,T. OVER
 01-12-16,11:40:15,Ch6,T. OVER
 01-12-16,11:41:15,Ch6,T. OVER
 01-12-16,11:42:15,Ch6,T. OVER
 01-12-16,11:43:15,Ch6,T. OVER
 01-12-16,11:44:15,Ch6,T. OVER
 01-12-16,11:45:16,Ch6,T. OVER
 01-12-16,11:46:16,Ch6,T. OVER
 01-12-16,11:47:16,Ch6,T. OVER
 01-12-16,11:48:16,Ch6,T. OVER
 01-12-16,11:49:17,Ch6,T. OVER
 01-12-16,11:50:17,Ch6,T. OVER
 01-12-16,11:51:17,Ch6,T. OVER
 01-12-16,11:52:17,Ch6,T. OVER
 01-12-16,11:53:17,Ch6,T. OVER
 01-12-16,11:54:17,Ch6,T. OVER
 01-12-16,11:55:18,Ch6,T. OVER
 01-12-16,11:56:18,Ch6,T. OVER
 01-12-16,11:57:18,Ch6,T. OVER
 01-12-16,11:58:18,Ch6,T. OVER
 01-12-16,11:59:19,Ch6,T. OVER
 01-12-16,12:00:19,Ch6,T. OVER
 01-12-16,12:01:19,Ch6,T. OVER
 01-12-16,12:02:19,Ch6,T. OVER
 01-12-16,12:03:20,Ch6,T. OVER
 01-12-16,12:04:20,Ch6,T. OVER
 01-12-16,12:05:20,Ch6,T. OVER
 01-12-16,12:06:20,Ch6,T. OVER
 01-12-16,12:07:20,Ch6,T. OVER
 01-12-16,12:08:21,Ch6,T. OVER
 01-12-16,12:09:21,Ch6,T. OVER
 01-12-16,12:10:21,Ch6,T. OVER
 01-12-16,12:11:21,Ch6,T. OVER
 01-12-16,12:12:21,Ch6,T. OVER
 01-12-16,12:13:21,Ch6,T. OVER
 01-12-16,12:14:22,Ch6,T. OVER
 01-12-16,12:15:22,Ch6,T. OVER
 01-12-16,12:16:22,Ch6,T. OVER
 01-12-16,12:17:22,Ch6,T. OVER
 01-12-16,12:18:22,Ch6,T. OVER
 01-12-16,12:19:22,Ch6,T. OVER
 01-12-16,12:20:23,Ch6,T. OVER
 01-12-16,12:21:23,Ch6,T. OVER
 01-12-16,12:22:23,Ch6,T. OVER
 01-12-16,12:23:23,Ch6,T. OVER
 01-12-16,12:24:23,Ch6,T. OVER
 01-12-16,12:25:23,Ch6,T. OVER
 01-12-16,12:26:23,Ch6,T. OVER
 01-12-16,12:27:24,Ch6,T. OVER
 01-12-16,12:28:24,Ch6,T. OVER
 01-12-16,12:29:24,Ch6,T. OVER
 01-12-16,12:30:24,Ch6,T. OVER
 01-12-16,12:31:24,Ch6,T. OVER
 01-12-16,12:32:25,Ch6,T. OVER
 01-12-16,12:33:25,Ch6,T. OVER
 01-12-16,12:34:25,Ch6,T. OVER
 01-12-16,12:35:25,Ch6,T. OVER
 01-12-16,12:36:25,Ch6,T. OVER
 01-12-16,12:37:25,Ch6,T. OVER
 01-12-16,12:38:25,Ch6,T. OVER
 01-12-16,12:39:25,Ch6,T. OVER
 01-12-16,12:40:26,Ch6,T. OVER
 01-12-16,12:41:26,Ch6,T. OVER
 01-12-16,12:42:26,Ch6,T. OVER
 01-12-16,12:43:26,Ch6,T. OVER
 01-12-16,12:44:27,Ch6,T. OVER
 01-12-16,12:45:27,Ch6,T. OVER
 01-12-16,12:46:27,Ch6,T. OVER
 01-12-16,12:47:27,Ch6,T. OVER
 01-12-16,12:48:27,Ch6,T. OVER
 01-12-16,12:49:27,Ch6,T. OVER
 01-12-16,12:50:27,Ch6,T. OVER
 01-12-16,12:51:27,Ch6,T. OVER
 01-12-16,12:52:28,Ch6,T. OVER
 01-12-16,12:53:28,Ch6,T. OVER
 01-12-16,12:54:28,Ch6,T. OVER
 01-12-16,12:55:28,Ch6,T. OVER
 01-12-16,12:56:29,Ch6,T. OVER
 01-12-16,12:57:29,Ch6,T. OVER
 01-12-16,12:58:29,Ch6,T. OVER
 01-12-16,12:59:29,Ch6,T. OVER
 01-12-16,13:00:30,Ch6,T. OVER
 01-12-16,13:01:30,Ch6,T. OVER
 01-12-16,13:02:30,Ch6,T. OVER
 01-12-16,13:03:30,Ch6,T. OVER
 01-12-16,13:04:30,Ch6,T. OVER
 01-12-16,13:05:30,Ch6,T. OVER
 01-12-16,13:06:31,Ch6,T. OVER
 01-12-16,13:07:31,Ch6,T. OVER
 01-12-16,13:08:31,Ch6,T. OVER
 01-12-16,13:09:31,Ch6,T. OVER
 01-12-16,13:10:31,Ch6,T. OVER
 01-12-16,13:11:31,Ch6,T. OVER
 01-12-16,13:12:32,Ch6,T. OVER
 01-12-16,13:13:32,Ch6,T. OVER
 01-12-16,13:14:32,Ch6,T. OVER
 01-12-16,13:15:32,Ch6,T. OVER
 01-12-16,13:16:32,Ch6,T. OVER
 01-12-16,13:17:32,Ch6,T. OVER
 01-12-16,13:18:32,Ch6,T. OVER
 01-12-16,13:19:33,Ch6,T. OVER
 01-12-16,13:20:33,Ch6,T. OVER
 01-12-16,13:21:33,Ch6,T. OVER
 01-12-16,13:22:33,Ch6,T. OVER
 01-12-16,13:23:33,Ch6,T. OVER
 01-12-16,13:24:33,Ch6,T. OVER
 01-12-16,13:25:34,Ch6,T. OVER
 01-12-16,13:26:34,Ch6,T. OVER
 01-12-16,13:27:34,Ch6,T. OVER
 01-12-16,13:28:34,Ch6,T. OVER
 01-12-16,13:29:34,Ch6,T. OVER
 01-12-16,13:30:35,Ch6,T. OVER
 01-12-16,13:31:35,Ch6,T. OVER
 01-12-16,13:32:35,Ch6,T. OVER
 01-12-16,13:33:35,Ch6,T. OVER
 01-12-16,13:34:35,Ch6,T. OVER
 01-12-16,13:35:35,Ch6,T. OVER
 01-12-16,13:36:35,Ch6,T. OVER
 01-12-16,13:37:36,Ch6,T. OVER
 01-12-16,13:38:36,Ch6,T. OVER
 01-12-16,13:39:36,Ch6,T. OVER
 01-12-16,13:40:36,Ch6,T. OVER
 01-12-16,13:41:36,Ch6,T. OVER
 01-12-16,13:42:36,Ch6,T. OVER
 01-12-16,13:43:37,Ch6,T. OVER
 01-12-16,13:44:37,Ch6,T. OVER
 01-12-16,13:45:37,Ch6,T. OVER
 01-12-16,13:46:37,Ch6,T. OVER
 01-12-16,13:47:37,Ch6,T. OVER
 01-12-16,13:48:37,Ch6,T. OVER
 01-12-16,13:49:37,Ch6,T. OVER
 01-12-16,13:50:38,Ch6,T. OVER
 01-12-16,13:51:38,Ch6,T. OVER
 01-12-16,13:52:38,Ch6,T. OVER
 01-12-16,13:53:38,Ch6,T. OVER
 01-12-16,13:54:38,Ch6,T. OVER
 01-12-16,13:55:39,Ch6,T. OVER
 01-12-16,13:56:39,Ch6,T. OVER
 01-12-16,13:57:39,Ch6,T. OVER
 01-12-16,13:58:39,Ch6,T. OVER
 01-12-16,13:59:39,Ch6,T. OVER
 01-12-16,14:00:39,Ch6,T. OVER
 01-12-16,14:01:39,Ch6,T. OVER
 01-12-16,14:02:40,Ch6,T. OVER
 01-12-16,14:03:40,Ch6,T. OVER
 01-12-16,14:04:40,Ch6,T. OVER
 01-12-16,14:05:40,Ch6,T. OVER
 01-12-16,14:06:40,Ch6,T. OVER
 01-12-16,14:07:41,Ch6,T. OVER
 01-12-16,14:08:41,Ch6,T. OVER
 01-12-16,14:09:41,Ch6,T. OVER
 01-12-16,14:10:41,Ch6,T. OVER
 01-12-16,14:11:41,Ch6,T. OVER
 01-12-16,14:12:41,Ch6,T. OVER
 01-12-16,14:13:42,Ch6,T. OVER
 01-12-16,14:14:42,Ch6,T. OVER
 01-12-16,14:15:42,Ch6,T. OVER
 01-12-16,14:16:42,Ch6,T. OVER
 01-12-16,14:17:42,Ch6,T. OVER
 01-12-16,14:18:43,Ch6,T. OVER
 01-12-16,14:19:43,Ch6,T. OVER
 01-12-16,14:20:43,Ch6,T. OVER
 01-12-16,14:21:43,Ch6,T. OVER
 01-12-16,14:22:44,Ch6,T. OVER
 01-12-16,14:23:44,Ch6,T. OVER
 01-12-16,14:24:44,Ch6,T. OVER
 01-12-16,14:25:44,Ch6,T. OVER
 01-12-16,14:26:45,Ch6,T. OVER
 01-12-16,14:27:45,Ch6,T. OVER
 01-12-16,14:28:45,Ch6,T. OVER
 01-12-16,14:29:45,Ch6,T. OVER
 01-12-16,14:30:45,Ch1,VDIF OVL 01-12-16,14:30:45,Ch6,T. OVER
 01-12-16,14:31:45,Ch6,T. OVER
 01-12-16,14:32:45,Ch6,T. OVER
 01-12-16,14:33:45,Ch6,T. OVER
 01-12-16,14:34:45,Ch6,T. OVER
 01-12-16,14:35:45,Ch6,T. OVER
 01-12-16,14:36:46,Ch6,T. OVER
 01-12-16,14:37:46,Ch6,T. OVER
 01-12-16,14:38:46,Ch6,T. OVER
 01-12-16,14:39:46,Ch6,T. OVER
 01-12-16,14:40:46,Ch6,T. OVER
 01-12-16,14:41:47,Ch6,T. OVER
 01-12-16,14:42:47,Ch6,T. OVER
 01-12-16,14:43:47,Ch6,T. OVER
 01-12-16,14:44:47,Ch6,T. OVER
 01-12-16,14:45:47,Ch6,T. OVER
 01-12-16,14:46:48,Ch6,T. OVER
 01-12-16,14:47:48,Ch6,T. OVER
 01-12-16,14:48:48,Ch6,T. OVER
 01-12-16,14:49:48,Ch6,T. OVER
 01-12-16,14:50:48,Ch6,T. OVER
 01-12-16,14:51:49,Ch6,T. OVER
 01-12-16,14:52:49,Ch6,T. OVER
 01-12-16,14:53:49,Ch6,T. OVER
 01-12-16,14:54:50,Ch6,T. OVER
 01-12-16,14:55:50,Ch6,T. OVER
 01-12-16,14:56:50,Ch6,T. OVER
 01-12-16,14:57:50,Ch6,T. OVER
 01-12-16,14:58:50,Ch6,T. OVER
 01-12-16,14:59:50,Ch6,T. OVER
 01-12-16,15:00:50,Ch6,T. OVER
 01-12-16,15:01:51,Ch6,T. OVER
 01-12-16,15:02:51,Ch6,T. OVER
 01-12-16,15:03:51,Ch6,T. OVER
 01-12-16,15:04:51,Ch6,T. OVER
 01-12-16,15:05:52,Ch6,T. OVER
 01-12-16,15:06:52,Ch6,T. OVER
 01-12-16,15:07:52,Ch6,T. OVER
 01-12-16,15:08:52,Ch6,T. OVER
 01-12-16,15:09:53,Ch6,T. OVER
 01-12-16,15:10:53,Ch6,T. OVER
 01-12-16,15:11:53,Ch6,T. OVER
 01-12-16,15:12:53,Ch6,T. OVER
 01-12-16,15:13:53,Ch6,T. OVER
 01-12-16,15:14:53,Ch6,T. OVER
 01-12-16,15:15:53,Ch6,T. OVER
 01-12-16,15:16:54,Ch6,T. OVER
 01-12-16,15:17:54,Ch6,T. OVER
 01-12-16,15:18:54,Ch6,T. OVER
 01-12-16,15:19:54,Ch6,T. OVER
 01-12-16,15:20:55,Ch6,T. OVER
 01-12-16,15:21:55,Ch6,T. OVER
 01-12-16,15:22:55,Ch6,T. OVER
 01-12-16,15:23:55,Ch6,T. OVER
 01-12-16,15:24:55,Ch6,T. OVER
 01-12-16,15:25:55,Ch6,T. OVER
 01-12-16,15:26:55,Ch6,T. OVER
 01-12-16,15:27:56,Ch6,T. OVER
 01-12-16,15:28:56,Ch6,T. OVER
 01-12-16,15:29:56,Ch6,T. OVER
 01-12-16,15:30:56,Ch6,T. OVER
 01-12-16,15:31:57,Ch6,T. OVER
 01-12-16,15:32:57,Ch6,T. OVER
 01-12-16,15:33:57,Ch6,T. OVER
 01-12-16,15:34:57,Ch6,T. OVER
 01-12-16,15:35:58,Ch6,T. OVER
 01-12-16,15:36:58,Ch6,T. OVER
 01-12-16,15:37:58,Ch6,T. OVER
 01-12-16,15:38:58,Ch6,T. OVER
 01-12-16,15:39:58,Ch6,T. OVER
 01-12-16,15:40:58,Ch6,T. OVER
 01-12-16,15:41:58,Ch6,T. OVER
 01-12-16,15:42:59,Ch6,T. OVER
 01-12-16,15:43:59,Ch6,T. OVER
 01-12-16,15:44:59,Ch6,T. OVER
 01-12-16,15:45:59,Ch6,T. OVER
 01-12-16,15:47:00,Ch6,T. OVER
 01-12-16,15:48:00,Ch6,T. OVER
 01-12-16,15:49:00,Ch6,T. OVER
 01-12-16,15:50:00,Ch6,T. OVER
 01-12-16,15:51:00,Ch6,T. OVER
 01-12-16,15:52:01,Ch6,T. OVER
 01-12-16,15:53:01,Ch6,T. OVER
 01-12-16,15:54:01,Ch6,T. OVER
 01-12-16,15:55:01,Ch6,T. OVER
 01-12-16,15:56:01,Ch6,T. OVER
 01-12-16,15:57:02,Ch6,T. OVER
 01-12-16,15:58:02,Ch6,T. OVER
 01-12-16,15:59:02,Ch6,T. OVER
 01-12-16,16:00:02,Ch6,T. OVER
 01-12-16,16:01:03,Ch6,T. OVER
 01-12-16,16:02:03,Ch6,T. OVER
 01-12-16,16:03:03,Ch6,T. OVER
 01-12-16,16:04:03,Ch6,T. OVER
 01-12-16,16:05:03,Ch6,T. OVER
 01-12-16,16:06:03,Ch6,T. OVER
 01-12-16,16:07:04,Ch6,T. OVER
 01-12-16,16:08:04,Ch6,T. OVER
 01-12-16,16:09:04,Ch6,T. OVER
 01-12-16,16:10:04,Ch6,T. OVER
 01-12-16,16:11:04,Ch6,T. OVER
 01-12-16,16:12:05,Ch6,T. OVER
 01-12-16,16:13:05,Ch6,T. OVER
 01-12-16,16:14:05,Ch6,T. OVER
 01-12-16,16:15:05,Ch6,T. OVER
 01-12-16,16:16:05,Ch6,T. OVER
 01-12-16,16:17:05,Ch6,T. OVER
 01-12-16,16:18:06,Ch6,T. OVER
 01-12-16,16:19:06,Ch6,T. OVER
 01-12-16,16:20:06,Ch6,T. OVER
 01-12-16,16:21:06,Ch6,T. OVER
 01-12-16,16:22:07,Ch6,T. OVER
 01-12-16,16:23:07,Ch6,T. OVER
 01-12-16,16:24:07,Ch6,T. OVER
 01-12-16,16:25:07,Ch6,T. OVER
 01-12-16,16:26:08,Ch6,T. OVER
 01-12-16,16:27:08,Ch6,T. OVER
 01-12-16,16:28:08,Ch6,T. OVER
 01-12-16,16:29:08,Ch6,T. OVER
 01-12-16,16:30:09,Ch6,T. OVER
 01-12-16,16:31:09,Ch6,T. OVER
 01-12-16,16:32:09,Ch6,T. OVER
 01-12-16,16:33:09,Ch6,T. OVER
 01-12-16,16:34:10,Ch6,T. OVER
 01-12-16,16:35:10,Ch6,T. OVER
 01-12-16,16:36:10,Ch6,T. OVER
 01-12-16,16:37:10,Ch6,T. OVER
 01-12-16,16:38:11,Ch6,T. OVER
 01-12-16,16:39:11,Ch6,T. OVER
 01-12-16,16:40:11,Ch6,T. OVER
 01-12-16,16:41:11,Ch6,T. OVER
 01-12-16,16:42:11,Ch6,T. OVER
 01-12-16,16:43:11,Ch6,T. OVER
 01-12-16,16:44:11,Ch6,T. OVER
 01-12-16,16:45:12,Ch6,T. OVER
 01-12-16,16:46:12,Ch6,T. OVER
 01-12-16,16:47:12,Ch6,T. OVER
 01-12-16,16:48:12,Ch6,T. OVER
 01-12-16,16:49:12,Ch6,T. OVER
 01-12-16,16:50:12,Ch6,T. OVER
 01-12-16,16:51:12,Ch6,T. OVER
 01-12-16,16:52:13,Ch6,T. OVER
 01-12-16,16:53:13,Ch6,T. OVER
 01-12-16,16:54:13,Ch6,T. OVER
 01-12-16,16:55:13,Ch6,T. OVER
 01-12-16,16:56:13,Ch6,T. OVER
 01-12-16,16:57:13,Ch6,T. OVER
 01-12-16,16:58:14,Ch6,T. OVER
 01-12-16,16:59:14,Ch6,T. OVER
 01-12-16,17:00:14,Ch6,T. OVER
 01-12-16,17:01:14,Ch6,T. OVER
 01-12-16,17:02:15,Ch6,T. OVER
 01-12-16,17:03:15,Ch6,T. OVER
 01-12-16,17:04:15,Ch6,T. OVER
 01-12-16,17:05:16,Ch6,T. OVER
 01-12-16,17:06:16,Ch6,T. OVER
 01-12-16,17:07:16,Ch6,T. OVER
 01-12-16,17:08:16,Ch6,T. OVER
 01-12-16,17:09:16,Ch6,T. OVER
 01-12-16,17:10:17,Ch6,T. OVER
 01-12-16,17:11:17,Ch6,T. OVER
 01-12-16,17:12:17,Ch6,T. OVER
 01-12-16,17:13:18,Ch6,T. OVER
 01-12-16,17:14:18,Ch6,T. OVER
 01-12-16,17:15:18,Ch6,T. OVER
 01-12-16,17:16:18,Ch6,T. OVER
 01-12-16,17:17:19,Ch6,T. OVER
 01-12-16,17:18:19,Ch6,T. OVER
 01-12-16,17:19:19,Ch6,T. OVER
 01-12-16,17:20:19,Ch6,T. OVER
 01-12-16,17:21:20,Ch6,T. OVER
 01-12-16,17:22:20,Ch6,T. OVER
 01-12-16,17:23:20,Ch6,T. OVER
 01-12-16,17:24:20,Ch6,T. OVER
 01-12-16,17:25:21,Ch6,T. OVER
 01-12-16,17:26:21,Ch6,T. OVER
 01-12-16,17:27:21,Ch6,T. OVER
 01-12-16,17:28:21,Ch6,T. OVER
 01-12-16,17:29:21,Ch6,T. OVER
 01-12-16,17:30:22,Ch6,T. OVER
 01-12-16,17:31:22,Ch6,T. OVER
 01-12-16,17:32:22,Ch6,T. OVER
 01-12-16,17:33:22,Ch6,T. OVER
 01-12-16,17:34:22,Ch6,T. OVER
 01-12-16,17:35:22,Ch6,T. OVER
 01-12-16,17:36:22,Ch6,T. OVER
 01-12-16,17:37:22,Ch6,T. OVER
 01-12-16,17:38:23,Ch6,T. OVER
 01-12-16,17:39:23,Ch6,T. OVER
 01-12-16,17:40:23,Ch6,T. OVER
 01-12-16,17:41:23,Ch6,T. OVER
 01-12-16,17:42:23,Ch6,T. OVER
 01-12-16,17:43:23,Ch6,T. OVER
 01-12-16,17:44:23,Ch6,T. OVER
 01-12-16,17:45:23,Ch6,T. OVER
 01-12-16,17:46:24,Ch6,T. OVER
 01-12-16,17:47:24,Ch6,T. OVER
 01-12-16,17:48:24,Ch6,T. OVER
 01-12-16,17:49:24,Ch6,T. OVER
 01-12-16,17:50:25,Ch6,T. OVER
 01-12-16,17:51:25,Ch6,T. OVER
 01-12-16,17:52:25,Ch6,T. OVER
 01-12-16,17:53:25,Ch6,T. OVER
 01-12-16,17:54:25,Ch6,T. OVER
 01-12-16,17:55:25,Ch6,T. OVER
 01-12-16,17:56:26,Ch6,T. OVER
 01-12-16,17:57:26,Ch6,T. OVER
 01-12-16,17:58:26,Ch6,T. OVER
 01-12-16,17:59:26,Ch6,T. OVER
 01-12-16,18:00:26,Ch6,T. OVER
 01-12-16,18:01:27,Ch6,T. OVER
 01-12-16,18:02:27,Ch6,T. OVER
 01-12-16,18:03:27,Ch6,T. OVER
 01-12-16,18:04:27,Ch6,T. OVER
 01-12-16,18:05:27,Ch6,T. OVER
 01-12-16,18:06:28,Ch6,T. OVER
 01-12-16,18:07:28,Ch6,T. OVER
 01-12-16,18:08:28,Ch6,T. OVER
 01-12-16,18:09:28,Ch1,VDIF OVL 01-12-16,18:09:28,Ch6,T. OVER
 01-12-16,18:10:28,Ch6,T. OVER
 01-12-16,18:11:28,Ch6,T. OVER
 01-12-16,18:12:29,Ch6,T. OVER
 01-12-16,18:13:29,Ch6,T. OVER
 01-12-16,18:14:29,Ch6,T. OVER
 01-12-16,18:15:29,Ch6,T. OVER
 01-12-16,18:16:29,Ch6,T. OVER
 01-12-16,18:17:29,Ch6,T. OVER
 01-12-16,18:18:29,Ch6,T. OVER
 01-12-16,18:19:30,Ch6,T. OVER
 01-12-16,18:20:30,Ch6,T. OVER
 01-12-16,18:21:30,Ch6,T. OVER
 01-12-16,18:22:30,Ch6,T. OVER
 01-12-16,18:23:30,Ch6,T. OVER
 01-12-16,18:24:31,Ch6,T. OVER
 01-12-16,18:25:31,Ch6,T. OVER
 01-12-16,18:26:31,Ch6,T. OVER
 01-12-16,18:27:31,Ch6,T. OVER
 01-12-16,18:28:31,Ch6,T. OVER
 01-12-16,18:29:31,Ch6,T. OVER
 01-12-16,18:30:32,Ch6,T. OVER
 01-12-16,18:31:32,Ch6,T. OVER
 01-12-16,18:32:32,Ch6,T. OVER
 01-12-16,18:33:32,Ch6,T. OVER
 01-12-16,18:34:32,Ch6,T. OVER
 01-12-16,18:35:32,Ch6,T. OVER
 01-12-16,18:36:33,Ch6,T. OVER
 01-12-16,18:37:33,Ch6,T. OVER
 01-12-16,18:38:33,Ch6,T. OVER
 01-12-16,18:39:33,Ch6,T. OVER
 01-12-16,18:40:34,Ch6,T. OVER
 01-12-16,18:41:34,Ch6,T. OVER
 01-12-16,18:42:34,Ch6,T. OVER
 01-12-16,18:43:34,Ch6,T. OVER
 01-12-16,18:44:34,Ch6,T. OVER
 01-12-16,18:45:34,Ch6,T. OVER
 01-12-16,18:46:35,Ch6,T. OVER
 01-12-16,18:47:35,Ch6,T. OVER
 01-12-16,18:48:35,Ch6,T. OVER
 01-12-16,18:49:35,Ch6,T. OVER
 01-12-16,18:50:35,Ch6,T. OVER
 01-12-16,18:51:36,Ch6,T. OVER
 01-12-16,18:52:36,Ch6,T. OVER
 01-12-16,18:53:36,Ch6,T. OVER
 01-12-16,18:54:36,Ch6,T. OVER
 01-12-16,18:55:36,Ch6,T. OVER
 01-12-16,18:56:36,Ch6,T. OVER
 01-12-16,18:57:36,Ch6,T. OVER
 01-12-16,18:58:37,Ch6,T. OVER
 01-12-16,18:59:37,Ch6,T. OVER
 01-12-16,19:00:37,Ch6,T. OVER
 01-12-16,19:01:37,Ch6,T. OVER
 01-12-16,19:02:37,Ch6,T. OVER
 01-12-16,19:03:38,Ch6,T. OVER
 01-12-16,19:04:38,Ch6,T. OVER
 01-12-16,19:05:38,Ch6,T. OVER
 01-12-16,19:06:38,Ch6,T. OVER
 01-12-16,19:07:38,Ch6,T. OVER
 01-12-16,19:08:38,Ch6,T. OVER
 01-12-16,19:09:39,Ch6,T. OVER
 01-12-16,19:10:39,Ch6,VMIX OVL,VDIF OVL,T. OVER
 01-12-16,19:11:39,Ch6,T. OVER
 01-12-16,19:12:39,Ch6,T. OVER
 01-12-16,19:13:40,Ch6,T. OVER
 01-12-16,19:14:40,Ch6,T. OVER
 01-12-16,19:15:40,Ch6,T. OVER
 01-12-16,19:16:40,Ch6,T. OVER
 01-12-16,19:17:40,Ch6,T. OVER
 01-12-16,19:18:40,Ch6,T. OVER
 01-12-16,19:19:41,Ch6,T. OVER
 01-12-16,19:20:41,Ch6,T. OVER
 01-12-16,19:21:41,Ch6,T. OVER
 01-12-16,19:22:41,Ch6,T. OVER
 01-12-16,19:23:41,Ch6,T. OVER
 01-12-16,19:24:41,Ch6,T. OVER
 01-12-16,19:25:42,Ch6,T. OVER
 01-12-16,19:26:42,Ch6,T. OVER
 01-12-16,19:27:42,Ch6,T. OVER
 01-12-16,19:28:42,Ch6,T. OVER
 01-12-16,19:29:42,Ch6,T. OVER
 01-12-16,19:30:42,Ch6,T. OVER
 01-12-16,19:31:42,Ch6,T. OVER
 01-12-16,19:32:43,Ch6,T. OVER
 01-12-16,19:33:43,Ch6,T. OVER
 01-12-16,19:34:43,Ch6,T. OVER
 01-12-16,19:35:43,Ch6,T. OVER
 01-12-16,19:36:43,Ch6,T. OVER
 01-12-16,19:37:44,Ch6,T. OVER
 01-12-16,19:38:44,Ch6,T. OVER
 01-12-16,19:39:44,Ch6,T. OVER
 01-12-16,19:40:44,Ch6,T. OVER
 01-12-16,19:41:44,Ch6,T. OVER
 01-12-16,19:42:45,Ch6,T. OVER
 01-12-16,19:43:45,Ch6,T. OVER
 01-12-16,19:44:45,Ch6,T. OVER
 01-12-16,19:45:45,Ch6,T. OVER
 01-12-16,19:46:45,Ch6,T. OVER
 01-12-16,19:47:45,Ch6,T. OVER
 01-12-16,19:48:45,Ch6,T. OVER
 01-12-16,19:49:45,Ch6,T. OVER
 01-12-16,19:50:45,Ch6,T. OVER
 01-12-16,19:51:45,Ch6,T. OVER
 01-12-16,19:52:46,Ch6,T. OVER
 01-12-16,19:53:46,Ch6,T. OVER
 01-12-16,19:54:46,Ch6,T. OVER
 01-12-16,19:55:46,Ch6,T. OVER
 01-12-16,19:56:47,Ch6,T. OVER
 01-12-16,19:57:47,Ch6,T. OVER
 01-12-16,19:58:47,Ch6,T. OVER
 01-12-16,19:59:47,Ch6,T. OVER
 01-12-16,20:00:47,Ch6,T. OVER
 01-12-16,20:01:48,Ch6,T. OVER
 01-12-16,20:02:48,Ch6,T. OVER
 01-12-16,20:03:48,Ch6,T. OVER
 01-12-16,20:04:48,Ch6,T. OVER
 01-12-16,20:05:48,Ch6,T. OVER
 01-12-16,20:06:49,Ch6,T. OVER
 01-12-16,20:07:49,Ch6,T. OVER
 01-12-16,20:08:49,Ch6,T. OVER
 01-12-16,20:09:49,Ch6,T. OVER
 01-12-16,20:10:49,Ch6,T. OVER
 01-12-16,20:11:49,Ch6,T. OVER
 01-12-16,20:12:50,Ch6,T. OVER
 01-12-16,20:13:50,Ch6,T. OVER
 01-12-16,20:14:50,Ch6,T. OVER
 01-12-16,20:15:50,Ch6,T. OVER
 01-12-16,20:16:50,Ch6,T. OVER
 01-12-16,20:17:51,Ch6,T. OVER
 01-12-16,20:18:51,Ch6,T. OVER
 01-12-16,20:19:51,Ch6,T. OVER
 01-12-16,20:20:51,Ch6,T. OVER
 01-12-16,20:21:51,Ch6,T. OVER
 01-12-16,20:22:51,Ch6,T. OVER
 01-12-16,20:23:52,Ch6,T. OVER
 01-12-16,20:24:52,Ch6,T. OVER
 01-12-16,20:25:52,Ch6,T. OVER
 01-12-16,20:26:52,Ch6,T. OVER
 01-12-16,20:27:52,Ch6,T. OVER
 01-12-16,20:28:52,Ch6,T. OVER
 01-12-16,20:29:52,Ch6,T. OVER
 01-12-16,20:30:52,Ch6,T. OVER
 01-12-16,20:31:53,Ch6,T. OVER
 01-12-16,20:32:53,Ch6,T. OVER
 01-12-16,20:33:53,Ch6,T. OVER
 01-12-16,20:34:53,Ch6,T. OVER
 01-12-16,20:35:53,Ch6,T. OVER
 01-12-16,20:36:53,Ch6,T. OVER
 01-12-16,20:37:53,Ch6,T. OVER
 01-12-16,20:38:54,Ch6,T. OVER
 01-12-16,20:39:54,Ch6,T. OVER
 01-12-16,20:40:54,Ch6,T. OVER
 01-12-16,20:41:54,Ch6,T. OVER
 01-12-16,20:42:54,Ch6,T. OVER
 01-12-16,20:43:55,Ch6,T. OVER
 01-12-16,20:44:55,Ch6,T. OVER
 01-12-16,20:45:55,Ch6,T. OVER
 01-12-16,20:46:55,Ch6,T. OVER
 01-12-16,20:47:55,Ch6,T. OVER
 01-12-16,20:48:55,Ch6,T. OVER
 01-12-16,20:49:56,Ch6,T. OVER
 01-12-16,20:50:56,Ch6,T. OVER
 01-12-16,20:51:56,Ch6,T. OVER
 01-12-16,20:52:56,Ch6,T. OVER
 01-12-16,20:53:56,Ch6,T. OVER
 01-12-16,20:54:56,Ch6,T. OVER
 01-12-16,20:55:57,Ch6,T. OVER
 01-12-16,20:56:57,Ch6,T. OVER
 01-12-16,20:57:57,Ch6,T. OVER
 01-12-16,20:58:57,Ch6,T. OVER
 01-12-16,20:59:58,Ch6,T. OVER
 01-12-16,21:00:58,Ch6,T. OVER
 01-12-16,21:01:58,Ch6,T. OVER
 01-12-16,21:02:58,Ch6,T. OVER
 01-12-16,21:03:59,Ch6,T. OVER
 01-12-16,21:04:59,Ch6,T. OVER
 01-12-16,21:05:59,Ch6,T. OVER
 01-12-16,21:06:59,Ch6,T. OVER
 01-12-16,21:07:59,Ch6,T. OVER
 01-12-16,21:08:59,Ch6,T. OVER
 01-12-16,21:09:59,Ch6,T. OVER
 01-12-16,21:10:59,Ch6,T. OVER
 01-12-16,21:11:59,Ch6,T. OVER
 01-12-16,21:13:00,Ch6,T. OVER
 01-12-16,21:14:00,Ch6,T. OVER
 01-12-16,21:15:00,Ch6,T. OVER
 01-12-16,21:16:00,Ch6,T. OVER
 01-12-16,21:17:01,Ch6,T. OVER
 01-12-16,21:18:01,Ch6,T. OVER
 01-12-16,21:19:01,Ch6,T. OVER
 01-12-16,21:20:01,Ch6,T. OVER
 01-12-16,21:21:02,Ch6,T. OVER
 01-12-16,21:22:02,Ch6,T. OVER
 01-12-16,21:23:02,Ch6,T. OVER
 01-12-16,21:24:02,Ch6,T. OVER
 01-12-16,21:25:02,Ch6,T. OVER
 01-12-16,21:26:02,Ch6,T. OVER
 01-12-16,21:27:02,Ch6,T. OVER
 01-12-16,21:28:02,Ch6,T. OVER
 01-12-16,21:29:03,Ch6,T. OVER
 01-12-16,21:30:03,Ch6,T. OVER
 01-12-16,21:31:03,Ch6,T. OVER
 01-12-16,21:32:03,Ch6,T. OVER
 01-12-16,21:33:03,Ch6,T. OVER
 01-12-16,21:34:03,Ch6,T. OVER
 01-12-16,21:35:03,Ch6,T. OVER
 01-12-16,21:36:03,Ch6,T. OVER
 01-12-16,21:37:04,Ch6,T. OVER
 01-12-16,21:38:04,Ch6,T. OVER
 01-12-16,21:39:04,Ch6,T. OVER
 01-12-16,21:40:04,Ch6,T. OVER
 01-12-16,21:41:04,Ch6,T. OVER
 01-12-16,21:42:04,Ch6,T. OVER
 01-12-16,21:43:05,Ch6,T. OVER
 01-12-16,21:44:05,Ch6,T. OVER
 01-12-16,21:45:05,Ch6,T. OVER
 01-12-16,21:46:05,Ch6,T. OVER
 01-12-16,21:47:06,Ch6,T. OVER
 01-12-16,21:48:06,Ch6,T. OVER
 01-12-16,21:49:06,Ch6,T. OVER
 01-12-16,21:50:06,Ch6,T. OVER
 01-12-16,21:51:07,Ch6,T. OVER
 01-12-16,21:52:07,Ch6,T. OVER
 01-12-16,21:53:07,Ch6,T. OVER
 01-12-16,21:54:07,Ch6,T. OVER
 01-12-16,21:55:07,Ch6,T. OVER
 01-12-16,21:56:07,Ch6,T. OVER
 01-12-16,21:57:07,Ch6,T. OVER
 01-12-16,21:58:07,Ch6,T. OVER
 01-12-16,21:59:08,Ch6,T. OVER
 01-12-16,22:00:08,Ch6,T. OVER
 01-12-16,22:01:08,Ch6,T. OVER
 01-12-16,22:02:08,Ch6,T. OVER
 01-12-16,22:03:08,Ch6,T. OVER
 01-12-16,22:04:09,Ch6,T. OVER
 01-12-16,22:05:09,Ch6,T. OVER
 01-12-16,22:06:09,Ch6,T. OVER
 01-12-16,22:07:09,Ch6,T. OVER
 01-12-16,22:08:09,Ch6,T. OVER
 01-12-16,22:09:09,Ch6,T. OVER
 01-12-16,22:10:09,Ch6,T. OVER
 01-12-16,22:11:09,Ch6,T. OVER
 01-12-16,22:12:09,Ch6,T. OVER
 01-12-16,22:13:10,Ch6,T. OVER
 01-12-16,22:14:10,Ch6,T. OVER
 01-12-16,22:15:10,Ch6,T. OVER
 01-12-16,22:16:10,Ch6,T. OVER
 01-12-16,22:17:10,Ch6,T. OVER
 01-12-16,22:18:11,Ch6,T. OVER
 01-12-16,22:19:11,Ch6,T. OVER
 01-12-16,22:20:11,Ch6,T. OVER
 01-12-16,22:21:11,Ch6,T. OVER
 01-12-16,22:22:11,Ch6,T. OVER
 01-12-16,22:23:11,Ch6,T. OVER
 01-12-16,22:24:12,Ch6,T. OVER
 01-12-16,22:25:12,Ch6,T. OVER
 01-12-16,22:26:12,Ch6,T. OVER
 01-12-16,22:27:12,Ch6,T. OVER
 01-12-16,22:28:12,Ch6,T. OVER
 01-12-16,22:29:12,Ch6,T. OVER
 01-12-16,22:30:13,Ch6,T. OVER
 01-12-16,22:31:13,Ch6,T. OVER
 01-12-16,22:32:13,Ch6,T. OVER
 01-12-16,22:33:13,Ch6,T. OVER
 01-12-16,22:34:13,Ch6,T. OVER
 01-12-16,22:35:14,Ch6,T. OVER
 01-12-16,22:36:14,Ch6,T. OVER
 01-12-16,22:37:14,Ch6,T. OVER
 01-12-16,22:38:14,Ch6,T. OVER
 01-12-16,22:39:14,Ch6,T. OVER
 01-12-16,22:40:14,Ch6,T. OVER
 01-12-16,22:41:15,Ch6,T. OVER
 01-12-16,22:42:15,Ch6,T. OVER
 01-12-16,22:43:15,Ch6,T. OVER
 01-12-16,22:44:15,Ch6,T. OVER
 01-12-16,22:45:15,Ch6,T. OVER
 01-12-16,22:46:16,Ch6,T. OVER
 01-12-16,22:47:16,Ch6,T. OVER
 01-12-16,22:48:16,Ch6,T. OVER
 01-12-16,22:49:16,Ch6,T. OVER
 01-12-16,22:50:16,Ch6,T. OVER
 01-12-16,22:51:16,Ch6,T. OVER
 01-12-16,22:52:17,Ch6,T. OVER
 01-12-16,22:53:17,Ch6,T. OVER
 01-12-16,22:54:17,Ch6,T. OVER
 01-12-16,22:55:17,Ch6,T. OVER
 01-12-16,22:56:17,Ch6,T. OVER
 01-12-16,22:57:18,Ch6,T. OVER
 01-12-16,22:58:18,Ch6,T. OVER
 01-12-16,22:59:18,Ch6,T. OVER
 01-12-16,23:00:18,Ch6,T. OVER
 01-12-16,23:01:19,Ch6,T. OVER
 01-12-16,23:02:19,Ch6,T. OVER
 01-12-16,23:03:19,Ch6,T. OVER
 01-12-16,23:04:19,Ch6,T. OVER
 01-12-16,23:05:19,Ch6,T. OVER
 01-12-16,23:06:20,Ch6,T. OVER
 01-12-16,23:07:20,Ch6,T. OVER
 01-12-16,23:08:20,Ch6,T. OVER
 01-12-16,23:09:20,Ch6,T. OVER
 01-12-16,23:10:20,Ch6,T. OVER
 01-12-16,23:11:20,Ch6,T. OVER
 01-12-16,23:12:20,Ch6,T. OVER
 01-12-16,23:13:21,Ch6,T. OVER
 01-12-16,23:14:21,Ch6,T. OVER
 01-12-16,23:15:21,Ch6,T. OVER
 01-12-16,23:16:21,Ch6,T. OVER
 01-12-16,23:17:21,Ch6,T. OVER
 01-12-16,23:18:21,Ch6,T. OVER
 01-12-16,23:19:22,Ch6,T. OVER
 01-12-16,23:20:22,Ch6,T. OVER
 01-12-16,23:21:22,Ch6,T. OVER
 01-12-16,23:22:23,Ch6,T. OVER
 01-12-16,23:23:23,Ch6,T. OVER
 01-12-16,23:24:23,Ch6,T. OVER
 01-12-16,23:25:23,Ch6,T. OVER
 01-12-16,23:26:24,Ch6,T. OVER
 01-12-16,23:27:24,Ch6,T. OVER
 01-12-16,23:28:24,Ch6,T. OVER
 01-12-16,23:29:24,Ch6,T. OVER
 01-12-16,23:30:24,Ch6,T. OVER
 01-12-16,23:31:24,Ch6,T. OVER
 01-12-16,23:32:24,Ch6,T. OVER
 01-12-16,23:33:25,Ch6,T. OVER
 01-12-16,23:34:25,Ch6,T. OVER
 01-12-16,23:35:25,Ch6,T. OVER
 01-12-16,23:36:25,Ch6,T. OVER
 01-12-16,23:37:26,Ch6,T. OVER
 01-12-16,23:38:26,Ch6,T. OVER
 01-12-16,23:39:26,Ch6,T. OVER
 01-12-16,23:40:26,Ch6,T. OVER
 01-12-16,23:41:27,Ch6,T. OVER
 01-12-16,23:42:27,Ch6,T. OVER
 01-12-16,23:43:27,Ch6,T. OVER
 01-12-16,23:44:27,Ch6,T. OVER
 01-12-16,23:45:27,Ch6,T. OVER
 01-12-16,23:46:28,Ch6,T. OVER
 01-12-16,23:47:28,Ch6,T. OVER
 01-12-16,23:48:28,Ch6,T. OVER
 01-12-16,23:49:28,Ch6,T. OVER
 01-12-16,23:50:28,Ch6,T. OVER
 01-12-16,23:51:29,Ch6,T. OVER
 01-12-16,23:52:29,Ch6,T. OVER
 01-12-16,23:53:29,Ch6,T. OVER
 01-12-16,23:54:29,Ch6,T. OVER
 01-12-16,23:55:29,Ch6,T. OVER
 01-12-16,23:56:29,Ch6,T. OVER
 01-12-16,23:57:29,Ch6,T. OVER
 01-12-16,23:58:29,Ch6,T. OVER
 01-12-16,23:59:29,Ch6,T. OVER
