 15-10-16,00:00:10,Ch6,T. OVER
 15-10-16,00:01:11,Ch6,T. OVER
 15-10-16,00:02:11,Ch6,T. OVER
 15-10-16,00:03:11,Ch6,T. OVER
 15-10-16,00:04:11,Ch6,T. OVER
 15-10-16,00:05:11,Ch6,T. OVER
 15-10-16,00:06:12,Ch6,T. OVER
 15-10-16,00:07:12,Ch6,T. OVER
 15-10-16,00:08:12,Ch6,T. OVER
 15-10-16,00:09:12,Ch6,VMIX OVL,T. OVER
 15-10-16,00:10:12,Ch6,T. OVER
 15-10-16,00:11:12,Ch6,T. OVER
 15-10-16,00:12:12,Ch6,T. OVER
 15-10-16,00:13:12,Ch6,VMIX OVL,T. OVER
 15-10-16,00:14:12,Ch6,T. OVER
 15-10-16,00:15:12,Ch6,T. OVER
 15-10-16,00:16:12,Ch6,T. OVER
 15-10-16,00:17:13,Ch6,T. OVER
 15-10-16,00:18:13,Ch6,T. OVER
 15-10-16,00:19:13,Ch6,T. OVER
 15-10-16,00:20:13,Ch6,T. OVER
 15-10-16,00:21:13,Ch6,T. OVER
 15-10-16,00:22:13,Ch6,T. OVER
 15-10-16,00:23:13,Ch6,T. OVER
 15-10-16,00:24:14,Ch6,T. OVER
 15-10-16,00:25:14,Ch6,T. OVER
 15-10-16,00:26:14,Ch6,T. OVER
 15-10-16,00:27:14,Ch6,T. OVER
 15-10-16,00:28:14,Ch6,T. OVER
 15-10-16,00:29:14,Ch6,T. OVER
 15-10-16,00:30:14,Ch6,T. OVER
 15-10-16,00:31:14,Ch6,T. OVER
 15-10-16,00:32:15,Ch6,T. OVER
 15-10-16,00:33:15,Ch6,T. OVER
 15-10-16,00:34:15,Ch6,T. OVER
 15-10-16,00:35:15,Ch6,T. OVER
 15-10-16,00:36:16,Ch6,T. OVER
 15-10-16,00:37:16,Ch6,T. OVER
 15-10-16,00:38:16,Ch6,T. OVER
 15-10-16,00:39:16,Ch6,T. OVER
 15-10-16,00:40:16,Ch6,T. OVER
 15-10-16,00:41:16,Ch6,T. OVER
 15-10-16,00:42:17,Ch6,T. OVER
 15-10-16,00:43:17,Ch6,T. OVER
 15-10-16,00:44:17,Ch6,T. OVER
 15-10-16,00:45:18,Ch6,T. OVER
 15-10-16,00:46:18,Ch6,T. OVER
 15-10-16,00:47:18,Ch6,T. OVER
 15-10-16,00:48:18,Ch6,T. OVER
 15-10-16,00:49:18,Ch6,T. OVER
 15-10-16,00:50:19,Ch6,T. OVER
 15-10-16,00:51:19,Ch6,T. OVER
 15-10-16,00:52:19,Ch6,T. OVER
 15-10-16,00:53:19,Ch6,T. OVER
 15-10-16,00:54:19,Ch6,T. OVER
 15-10-16,00:55:19,Ch6,T. OVER
 15-10-16,00:56:19,Ch6,T. OVER
 15-10-16,00:57:20,Ch6,T. OVER
 15-10-16,00:58:20,Ch6,T. OVER
 15-10-16,00:59:20,Ch6,T. OVER
 15-10-16,01:00:21,Ch6,T. OVER
 15-10-16,01:01:21,Ch6,T. OVER
 15-10-16,01:02:21,Ch6,T. OVER
 15-10-16,01:03:21,Ch6,T. OVER
 15-10-16,01:04:22,Ch6,T. OVER
 15-10-16,01:05:22,Ch6,T. OVER
 15-10-16,01:06:22,Ch6,T. OVER
 15-10-16,01:07:22,Ch1,VDIF OVL 15-10-16,01:07:22,Ch6,T. OVER
 15-10-16,01:08:22,Ch6,T. OVER
 15-10-16,01:09:23,Ch6,T. OVER
 15-10-16,01:10:23,Ch6,T. OVER
 15-10-16,01:11:23,Ch6,T. OVER
 15-10-16,01:12:23,Ch6,T. OVER
 15-10-16,01:13:23,Ch6,T. OVER
 15-10-16,01:14:23,Ch6,T. OVER
 15-10-16,01:15:23,Ch6,T. OVER
 15-10-16,01:16:23,Ch6,T. OVER
 15-10-16,01:17:24,Ch6,T. OVER
 15-10-16,01:18:24,Ch6,T. OVER
 15-10-16,01:19:24,Ch6,T. OVER
 15-10-16,01:20:24,Ch6,T. OVER
 15-10-16,01:21:24,Ch6,T. OVER
 15-10-16,01:22:24,Ch6,T. OVER
 15-10-16,01:23:25,Ch6,T. OVER
 15-10-16,01:24:25,Ch6,T. OVER
 15-10-16,01:25:25,Ch6,T. OVER
 15-10-16,01:26:25,Ch6,T. OVER
 15-10-16,01:27:25,Ch6,T. OVER
 15-10-16,01:28:25,Ch6,T. OVER
 15-10-16,01:29:25,Ch6,T. OVER
 15-10-16,01:30:25,Ch6,T. OVER
 15-10-16,01:31:25,Ch6,T. OVER
 15-10-16,01:32:26,Ch6,T. OVER
 15-10-16,01:33:26,Ch6,T. OVER
 15-10-16,01:34:26,Ch6,T. OVER
 15-10-16,01:35:26,Ch6,T. OVER
 15-10-16,01:36:26,Ch6,T. OVER
 15-10-16,01:37:26,Ch6,T. OVER
 15-10-16,01:38:27,Ch6,T. OVER
 15-10-16,01:39:27,Ch6,T. OVER
 15-10-16,01:40:27,Ch6,T. OVER
 15-10-16,01:41:27,Ch6,T. OVER
 15-10-16,01:42:27,Ch6,T. OVER
 15-10-16,01:43:27,Ch6,T. OVER
 15-10-16,01:44:28,Ch6,T. OVER
 15-10-16,01:45:28,Ch6,T. OVER
 15-10-16,01:46:28,Ch6,T. OVER
 15-10-16,01:47:28,Ch6,T. OVER
 15-10-16,01:48:28,Ch6,T. OVER
 15-10-16,01:49:29,Ch6,T. OVER
 15-10-16,01:50:29,Ch6,T. OVER
 15-10-16,01:51:29,Ch6,T. OVER
 15-10-16,01:52:29,Ch6,T. OVER
 15-10-16,01:53:29,Ch6,T. OVER
 15-10-16,01:54:29,Ch6,T. OVER
 15-10-16,01:55:30,Ch6,T. OVER
 15-10-16,01:56:30,Ch6,T. OVER
 15-10-16,01:57:30,Ch6,T. OVER
 15-10-16,01:58:30,Ch6,T. OVER
 15-10-16,01:59:31,Ch6,T. OVER
 15-10-16,02:00:31,Ch6,T. OVER
 15-10-16,02:01:31,Ch6,T. OVER
 15-10-16,02:02:31,Ch6,T. OVER
 15-10-16,02:03:31,Ch6,T. OVER
 15-10-16,02:04:31,Ch6,T. OVER
 15-10-16,02:05:32,Ch6,T. OVER
 15-10-16,02:06:32,Ch6,T. OVER
 15-10-16,02:07:32,Ch6,T. OVER
 15-10-16,02:08:32,Ch6,T. OVER
 15-10-16,02:09:32,Ch6,T. OVER
 15-10-16,02:10:32,Ch6,T. OVER
 15-10-16,02:11:32,Ch6,T. OVER
 15-10-16,02:12:32,Ch6,T. OVER
 15-10-16,02:13:33,Ch6,T. OVER
 15-10-16,02:14:33,Ch6,T. OVER
 15-10-16,02:15:33,Ch6,T. OVER
 15-10-16,02:16:34,Ch6,T. OVER
 15-10-16,02:17:34,Ch6,T. OVER
 15-10-16,02:18:34,Ch6,T. OVER
 15-10-16,02:19:34,Ch6,T. OVER
 15-10-16,02:20:34,Ch6,T. OVER
 15-10-16,02:21:34,Ch6,T. OVER
 15-10-16,02:22:35,Ch6,T. OVER
 15-10-16,02:23:35,Ch6,T. OVER
 15-10-16,02:24:35,Ch6,T. OVER
 15-10-16,02:25:35,Ch6,T. OVER
 15-10-16,02:26:35,Ch6,T. OVER
 15-10-16,02:27:36,Ch6,T. OVER
 15-10-16,02:28:36,Ch6,T. OVER
 15-10-16,02:29:36,Ch6,T. OVER
 15-10-16,02:30:36,Ch6,T. OVER
 15-10-16,02:31:36,Ch6,T. OVER
 15-10-16,02:32:36,Ch6,T. OVER
 15-10-16,02:33:36,Ch6,T. OVER
 15-10-16,02:34:36,Ch6,T. OVER
 15-10-16,02:35:36,Ch6,T. OVER
 15-10-16,02:36:36,Ch6,T. OVER
 15-10-16,02:37:36,Ch6,T. OVER
 15-10-16,02:38:36,Ch6,T. OVER
 15-10-16,02:39:36,Ch6,T. OVER
 15-10-16,02:40:36,Ch6,T. OVER
 15-10-16,02:41:37,Ch6,T. OVER
 15-10-16,02:42:37,Ch6,T. OVER
 15-10-16,02:43:37,Ch6,T. OVER
 15-10-16,02:44:37,Ch6,T. OVER
 15-10-16,02:45:37,Ch6,T. OVER
 15-10-16,02:46:37,Ch6,T. OVER
 15-10-16,02:47:38,Ch6,T. OVER
 15-10-16,02:48:38,Ch6,T. OVER
 15-10-16,02:49:38,Ch6,T. OVER
 15-10-16,02:50:38,Ch6,T. OVER
 15-10-16,02:51:38,Ch6,T. OVER
 15-10-16,02:52:39,Ch6,T. OVER
 15-10-16,02:53:39,Ch6,T. OVER
 15-10-16,02:54:39,Ch6,T. OVER
 15-10-16,02:55:39,Ch6,T. OVER
 15-10-16,02:56:39,Ch6,T. OVER
 15-10-16,02:57:39,Ch6,T. OVER
 15-10-16,02:58:39,Ch6,T. OVER
 15-10-16,02:59:39,Ch6,T. OVER
 15-10-16,03:00:40,Ch6,T. OVER
 15-10-16,03:01:40,Ch6,T. OVER
 15-10-16,03:02:40,Ch6,T. OVER
 15-10-16,03:03:40,Ch6,T. OVER
 15-10-16,03:04:40,Ch6,T. OVER
 15-10-16,03:05:40,Ch6,T. OVER
 15-10-16,03:06:40,Ch6,VDIF OVL,T. OVER
 15-10-16,03:07:41,Ch6,T. OVER
 15-10-16,03:08:41,Ch6,T. OVER
 15-10-16,03:09:41,Ch6,T. OVER
 15-10-16,03:10:41,Ch6,T. OVER
 15-10-16,03:11:41,Ch6,T. OVER
 15-10-16,03:12:41,Ch6,T. OVER
 15-10-16,03:13:41,Ch6,T. OVER
 15-10-16,03:14:41,Ch6,T. OVER
 15-10-16,03:15:42,Ch6,T. OVER
 15-10-16,03:16:42,Ch6,T. OVER
 15-10-16,03:17:42,Ch6,T. OVER
 15-10-16,03:18:42,Ch6,T. OVER
 15-10-16,03:19:43,Ch6,T. OVER
 15-10-16,03:20:43,Ch6,T. OVER
 15-10-16,03:21:43,Ch6,T. OVER
 15-10-16,03:22:43,Ch6,T. OVER
 15-10-16,03:23:43,Ch6,T. OVER
 15-10-16,03:24:43,Ch6,T. OVER
 15-10-16,03:25:43,Ch6,T. OVER
 15-10-16,03:26:44,Ch6,T. OVER
 15-10-16,03:27:44,Ch6,T. OVER
 15-10-16,03:28:44,Ch6,T. OVER
 15-10-16,03:29:44,Ch6,T. OVER
 15-10-16,03:30:45,Ch6,T. OVER
 15-10-16,03:31:45,Ch6,T. OVER
 15-10-16,03:32:45,Ch6,T. OVER
 15-10-16,03:33:45,Ch6,T. OVER
 15-10-16,03:34:46,Ch6,T. OVER
 15-10-16,03:35:46,Ch6,T. OVER
 15-10-16,03:36:46,Ch6,T. OVER
 15-10-16,03:37:46,Ch6,T. OVER
 15-10-16,03:38:46,Ch6,T. OVER
 15-10-16,03:39:47,Ch6,T. OVER
 15-10-16,03:40:47,Ch6,T. OVER
 15-10-16,03:41:47,Ch6,T. OVER
 15-10-16,03:42:47,Ch6,T. OVER
 15-10-16,03:43:47,Ch6,T. OVER
 15-10-16,03:44:47,Ch6,T. OVER
 15-10-16,03:45:47,Ch6,T. OVER
 15-10-16,03:46:47,Ch6,T. OVER
 15-10-16,03:47:48,Ch6,T. OVER
 15-10-16,03:48:48,Ch6,T. OVER
 15-10-16,03:49:48,Ch6,T. OVER
 15-10-16,03:50:48,Ch6,T. OVER
 15-10-16,03:51:48,Ch6,T. OVER
 15-10-16,03:52:48,Ch6,T. OVER
 15-10-16,03:53:48,Ch6,T. OVER
 15-10-16,03:54:48,Ch6,T. OVER
 15-10-16,03:55:48,Ch6,T. OVER
 15-10-16,03:56:48,Ch6,T. OVER
 15-10-16,03:57:48,Ch6,T. OVER
 15-10-16,03:58:48,Ch6,T. OVER
 15-10-16,03:59:49,Ch6,T. OVER
 15-10-16,04:00:49,Ch6,T. OVER
 15-10-16,04:01:49,Ch6,T. OVER
 15-10-16,04:02:49,Ch6,T. OVER
 15-10-16,04:03:49,Ch6,T. OVER
 15-10-16,04:04:49,Ch6,T. OVER
 15-10-16,04:05:49,Ch6,T. OVER
 15-10-16,04:06:50,Ch6,T. OVER
 15-10-16,04:07:50,Ch6,T. OVER
 15-10-16,04:08:50,Ch6,T. OVER
 15-10-16,04:09:50,Ch6,T. OVER
 15-10-16,04:10:50,Ch6,T. OVER
 15-10-16,04:11:50,Ch6,T. OVER
 15-10-16,04:12:50,Ch6,T. OVER
 15-10-16,04:13:50,Ch6,T. OVER
 15-10-16,04:14:50,Ch6,T. OVER
 15-10-16,04:15:50,Ch6,T. OVER
 15-10-16,04:16:51,Ch6,T. OVER
 15-10-16,04:17:51,Ch6,T. OVER
 15-10-16,04:18:51,Ch6,T. OVER
 15-10-16,04:19:51,Ch6,T. OVER
 15-10-16,04:20:52,Ch6,T. OVER
 15-10-16,04:21:52,Ch6,T. OVER
 15-10-16,04:22:52,Ch6,T. OVER
 15-10-16,04:23:53,Ch6,T. OVER
 15-10-16,04:24:53,Ch6,T. OVER
 15-10-16,04:25:53,Ch6,T. OVER
 15-10-16,04:26:53,Ch6,T. OVER
 15-10-16,04:27:53,Ch6,T. OVER
 15-10-16,04:28:53,Ch6,T. OVER
 15-10-16,04:29:54,Ch6,T. OVER
 15-10-16,04:30:54,Ch6,T. OVER
 15-10-16,04:31:54,Ch6,T. OVER
 15-10-16,04:32:54,Ch6,T. OVER
 15-10-16,04:33:54,Ch6,T. OVER
 15-10-16,04:34:54,Ch6,T. OVER
 15-10-16,04:35:54,Ch6,T. OVER
 15-10-16,04:36:54,Ch6,T. OVER
 15-10-16,04:37:55,Ch6,T. OVER
 15-10-16,04:38:55,Ch6,T. OVER
 15-10-16,04:39:55,Ch6,T. OVER
 15-10-16,04:40:55,Ch6,T. OVER
 15-10-16,04:41:55,Ch6,T. OVER
 15-10-16,04:42:55,Ch6,T. OVER
 15-10-16,04:43:56,Ch6,T. OVER
 15-10-16,04:44:56,Ch6,T. OVER
 15-10-16,04:45:56,Ch6,T. OVER
 15-10-16,04:46:56,Ch6,T. OVER
 15-10-16,04:47:56,Ch6,T. OVER
 15-10-16,04:48:57,Ch6,T. OVER
 15-10-16,04:49:57,Ch6,T. OVER
 15-10-16,04:50:57,Ch6,T. OVER
 15-10-16,04:51:57,Ch6,T. OVER
 15-10-16,04:52:57,Ch6,T. OVER
 15-10-16,04:53:57,Ch6,T. OVER
 15-10-16,04:54:57,Ch6,T. OVER
 15-10-16,04:55:57,Ch6,T. OVER
 15-10-16,04:56:57,Ch6,T. OVER
 15-10-16,04:57:57,Ch6,T. OVER
 15-10-16,04:58:58,Ch6,T. OVER
 15-10-16,04:59:58,Ch6,T. OVER
 15-10-16,05:00:58,Ch6,T. OVER
 15-10-16,05:01:58,Ch6,T. OVER
 15-10-16,05:02:58,Ch6,T. OVER
 15-10-16,05:03:58,Ch6,T. OVER
 15-10-16,05:04:58,Ch6,T. OVER
 15-10-16,05:05:59,Ch6,T. OVER
 15-10-16,05:06:59,Ch6,T. OVER
 15-10-16,05:07:59,Ch6,T. OVER
 15-10-16,05:08:59,Ch6,T. OVER
 15-10-16,05:09:59,Ch6,T. OVER
 15-10-16,05:11:00,Ch6,T. OVER
 15-10-16,05:12:00,Ch6,T. OVER
 15-10-16,05:13:00,Ch6,T. OVER
 15-10-16,05:14:00,Ch6,T. OVER
 15-10-16,05:15:00,Ch6,T. OVER
 15-10-16,05:16:00,Ch6,T. OVER
 15-10-16,05:17:00,Ch6,T. OVER
 15-10-16,05:18:00,Ch6,T. OVER
 15-10-16,05:19:00,Ch6,T. OVER
 15-10-16,05:20:01,Ch6,T. OVER
 15-10-16,05:21:01,Ch6,T. OVER
 15-10-16,05:22:01,Ch6,T. OVER
 15-10-16,05:23:01,Ch6,T. OVER
 15-10-16,05:24:01,Ch6,T. OVER
 15-10-16,05:25:01,Ch6,T. OVER
 15-10-16,05:26:01,Ch6,T. OVER
 15-10-16,05:27:02,Ch6,T. OVER
 15-10-16,05:28:02,Ch6,T. OVER
 15-10-16,05:29:02,Ch6,T. OVER
 15-10-16,05:30:02,Ch6,T. OVER
 15-10-16,05:31:02,Ch6,T. OVER
 15-10-16,05:32:02,Ch6,T. OVER
 15-10-16,05:33:02,Ch6,T. OVER
 15-10-16,05:34:02,Ch6,T. OVER
 15-10-16,05:35:02,Ch6,T. OVER
 15-10-16,05:36:02,Ch6,T. OVER
 15-10-16,05:37:02,Ch6,T. OVER
 15-10-16,05:38:03,Ch6,T. OVER
 15-10-16,05:39:03,Ch6,T. OVER
 15-10-16,05:40:03,Ch6,T. OVER
 15-10-16,05:41:03,Ch6,T. OVER
 15-10-16,05:42:03,Ch6,T. OVER
 15-10-16,05:43:04,Ch6,T. OVER
 15-10-16,05:44:04,Ch6,T. OVER
 15-10-16,05:45:04,Ch6,T. OVER
 15-10-16,05:46:04,Ch6,T. OVER
 15-10-16,05:47:04,Ch6,T. OVER
 15-10-16,05:48:05,Ch6,T. OVER
 15-10-16,05:49:05,Ch6,T. OVER
 15-10-16,05:50:05,Ch6,T. OVER
 15-10-16,05:51:05,Ch6,T. OVER
 15-10-16,05:52:05,Ch6,T. OVER
 15-10-16,05:53:05,Ch6,T. OVER
 15-10-16,05:54:06,Ch6,T. OVER
 15-10-16,05:55:06,Ch6,T. OVER
 15-10-16,05:56:06,Ch6,T. OVER
 15-10-16,05:57:06,Ch6,T. OVER
 15-10-16,05:58:06,Ch6,T. OVER
 15-10-16,05:59:07,Ch6,T. OVER
 15-10-16,06:00:07,Ch6,T. OVER
 15-10-16,06:01:07,Ch6,T. OVER
 15-10-16,06:02:07,Ch6,T. OVER
 15-10-16,06:03:07,Ch6,T. OVER
 15-10-16,06:04:08,Ch6,T. OVER
 15-10-16,06:05:08,Ch6,T. OVER
 15-10-16,06:06:08,Ch6,T. OVER
 15-10-16,06:07:08,Ch6,T. OVER
 15-10-16,06:08:08,Ch6,T. OVER
 15-10-16,06:09:08,Ch6,T. OVER
 15-10-16,06:10:08,Ch6,T. OVER
 15-10-16,06:11:09,Ch6,T. OVER
 15-10-16,06:12:09,Ch6,T. OVER
 15-10-16,06:13:09,Ch6,T. OVER
 15-10-16,06:14:09,Ch6,T. OVER
 15-10-16,06:15:10,Ch6,T. OVER
 15-10-16,06:16:10,Ch6,T. OVER
 15-10-16,06:17:10,Ch6,T. OVER
 15-10-16,06:18:10,Ch6,T. OVER
 15-10-16,06:19:10,Ch6,T. OVER
 15-10-16,06:20:11,Ch6,T. OVER
 15-10-16,06:21:11,Ch6,T. OVER
 15-10-16,06:22:11,Ch6,T. OVER
 15-10-16,06:23:12,Ch6,T. OVER
 15-10-16,06:24:12,Ch6,T. OVER
 15-10-16,06:25:12,Ch6,T. OVER
 15-10-16,06:26:12,Ch6,T. OVER
 15-10-16,06:27:13,Ch6,T. OVER
 15-10-16,06:28:13,Ch6,T. OVER
 15-10-16,06:29:13,Ch6,T. OVER
 15-10-16,06:30:13,Ch6,T. OVER
 15-10-16,06:31:13,Ch6,T. OVER
 15-10-16,06:32:13,Ch6,T. OVER
 15-10-16,06:33:14,Ch6,T. OVER
 15-10-16,06:34:14,Ch6,T. OVER
 15-10-16,06:35:14,Ch6,T. OVER
 15-10-16,06:36:14,Ch6,T. OVER
 15-10-16,06:37:14,Ch6,T. OVER
 15-10-16,06:38:14,Ch6,T. OVER
 15-10-16,06:39:14,Ch6,T. OVER
 15-10-16,06:40:14,Ch6,T. OVER
 15-10-16,06:41:14,Ch6,T. OVER
 15-10-16,06:42:14,Ch6,T. OVER
 15-10-16,06:43:15,Ch6,T. OVER
 15-10-16,06:44:15,Ch6,T. OVER
 15-10-16,06:45:15,Ch6,T. OVER
 15-10-16,06:46:16,Ch6,T. OVER
 15-10-16,06:47:16,Ch6,T. OVER
 15-10-16,06:48:16,Ch6,T. OVER
 15-10-16,06:49:16,Ch6,T. OVER
 15-10-16,06:50:16,Ch6,T. OVER
 15-10-16,06:51:16,Ch6,T. OVER
 15-10-16,06:52:16,Ch6,T. OVER
 15-10-16,06:53:16,Ch6,T. OVER
 15-10-16,06:54:16,Ch6,T. OVER
 15-10-16,06:55:17,Ch6,T. OVER
 15-10-16,06:56:17,Ch6,T. OVER
 15-10-16,06:57:17,Ch6,T. OVER
 15-10-16,06:58:17,Ch6,T. OVER
 15-10-16,06:59:17,Ch6,T. OVER
 15-10-16,07:00:17,Ch6,T. OVER
 15-10-16,07:01:17,Ch6,T. OVER
 15-10-16,07:02:18,Ch6,T. OVER
 15-10-16,07:03:18,Ch6,T. OVER
 15-10-16,07:04:18,Ch6,T. OVER
 15-10-16,07:05:18,Ch6,T. OVER
 15-10-16,07:06:18,Ch6,T. OVER
 15-10-16,07:07:18,Ch6,T. OVER
 15-10-16,07:08:18,Ch6,T. OVER
 15-10-16,07:09:19,Ch6,T. OVER
 15-10-16,07:10:19,Ch6,T. OVER
 15-10-16,07:11:19,Ch6,T. OVER
 15-10-16,07:12:19,Ch6,T. OVER
 15-10-16,07:13:19,Ch6,T. OVER
 15-10-16,07:14:19,Ch6,T. OVER
 15-10-16,07:15:19,Ch6,T. OVER
 15-10-16,07:16:20,Ch6,T. OVER
 15-10-16,07:17:20,Ch6,T. OVER
 15-10-16,07:18:20,Ch6,T. OVER
 15-10-16,07:19:20,Ch6,T. OVER
 15-10-16,07:20:20,Ch6,T. OVER
 15-10-16,07:21:20,Ch6,T. OVER
 15-10-16,07:22:21,Ch6,T. OVER
 15-10-16,07:23:21,Ch6,T. OVER
 15-10-16,07:24:21,Ch6,T. OVER
 15-10-16,07:25:21,Ch6,T. OVER
 15-10-16,07:26:21,Ch6,T. OVER
 15-10-16,07:27:22,Ch6,T. OVER
 15-10-16,07:28:22,Ch6,T. OVER
 15-10-16,07:29:22,Ch6,T. OVER
 15-10-16,07:30:22,Ch6,T. OVER
 15-10-16,07:31:22,Ch6,T. OVER
 15-10-16,07:32:22,Ch6,T. OVER
 15-10-16,07:33:22,Ch6,T. OVER
 15-10-16,07:34:22,Ch6,T. OVER
 15-10-16,07:35:23,Ch6,T. OVER
 15-10-16,07:36:23,Ch6,T. OVER
 15-10-16,07:37:23,Ch6,T. OVER
 15-10-16,07:38:23,Ch6,T. OVER
 15-10-16,07:39:24,Ch6,T. OVER
 15-10-16,07:40:24,Ch6,T. OVER
 15-10-16,07:41:24,Ch6,T. OVER
 15-10-16,07:42:24,Ch6,T. OVER
 15-10-16,07:43:24,Ch6,T. OVER
 15-10-16,07:44:25,Ch6,T. OVER
 15-10-16,07:45:25,Ch6,T. OVER
 15-10-16,07:46:25,Ch6,T. OVER
 15-10-16,07:47:25,Ch6,T. OVER
 15-10-16,07:48:25,Ch6,T. OVER
 15-10-16,07:49:25,Ch6,T. OVER
 15-10-16,07:50:26,Ch6,T. OVER
 15-10-16,07:51:26,Ch6,T. OVER
 15-10-16,07:52:26,Ch6,T. OVER
 15-10-16,07:53:26,Ch6,T. OVER
 15-10-16,07:54:27,Ch6,T. OVER
 15-10-16,07:55:27,Ch6,T. OVER
 15-10-16,07:56:27,Ch6,T. OVER
 15-10-16,07:57:27,Ch6,T. OVER
 15-10-16,07:58:27,Ch6,T. OVER
 15-10-16,07:59:27,Ch6,T. OVER
 15-10-16,08:00:27,Ch6,T. OVER
 15-10-16,08:01:27,Ch6,T. OVER
 15-10-16,08:02:27,Ch6,T. OVER
 15-10-16,08:03:27,Ch6,T. OVER
 15-10-16,08:04:27,Ch6,T. OVER
 15-10-16,08:05:28,Ch6,T. OVER
 15-10-16,08:06:28,Ch6,T. OVER
 15-10-16,08:07:28,Ch6,T. OVER
 15-10-16,08:08:29,Ch6,T. OVER
 15-10-16,08:09:29,Ch6,T. OVER
 15-10-16,08:10:29,Ch6,T. OVER
 15-10-16,08:11:29,Ch6,T. OVER
 15-10-16,08:12:29,Ch6,T. OVER
 15-10-16,08:13:29,Ch6,T. OVER
 15-10-16,08:14:29,Ch6,T. OVER
 15-10-16,08:15:29,Ch6,T. OVER
 15-10-16,08:16:29,Ch6,T. OVER
 15-10-16,08:17:29,Ch6,T. OVER
 15-10-16,08:18:29,Ch6,T. OVER
 15-10-16,08:19:29,Ch6,T. OVER
 15-10-16,08:20:29,Ch6,T. OVER
 15-10-16,08:21:29,Ch6,T. OVER
 15-10-16,08:22:29,Ch6,T. OVER
 15-10-16,08:23:30,Ch6,T. OVER
 15-10-16,08:24:30,Ch6,T. OVER
 15-10-16,08:25:30,Ch6,T. OVER
 15-10-16,08:26:30,Ch6,T. OVER
 15-10-16,08:27:30,Ch6,T. OVER
 15-10-16,08:28:30,Ch6,T. OVER
 15-10-16,08:29:30,Ch6,T. OVER
 15-10-16,08:30:30,Ch6,T. OVER
 15-10-16,08:31:30,Ch6,T. OVER
 15-10-16,08:32:30,Ch6,T. OVER
 15-10-16,08:33:30,Ch6,T. OVER
 15-10-16,08:34:30,Ch6,T. OVER
 15-10-16,08:35:30,Ch6,T. OVER
 15-10-16,08:36:30,Ch6,T. OVER
 15-10-16,08:37:31,Ch6,T. OVER
 15-10-16,08:38:31,Ch6,T. OVER
 15-10-16,08:39:31,Ch6,T. OVER
 15-10-16,08:40:31,Ch6,T. OVER
 15-10-16,08:41:31,Ch6,T. OVER
 15-10-16,08:42:31,Ch6,T. OVER
 15-10-16,08:43:32,Ch6,T. OVER
 15-10-16,08:44:32,Ch6,T. OVER
 15-10-16,08:45:32,Ch6,T. OVER
 15-10-16,08:46:32,Ch6,T. OVER
 15-10-16,08:47:32,Ch6,T. OVER
 15-10-16,08:48:32,Ch6,T. OVER
 15-10-16,08:49:32,Ch6,T. OVER
 15-10-16,08:50:33,Ch6,T. OVER
 15-10-16,08:51:33,Ch6,T. OVER
 15-10-16,08:52:33,Ch6,T. OVER
 15-10-16,08:53:33,Ch6,T. OVER
 15-10-16,08:54:33,Ch6,T. OVER
 15-10-16,08:55:33,Ch6,T. OVER
 15-10-16,08:56:33,Ch6,T. OVER
 15-10-16,08:57:33,Ch6,T. OVER
 15-10-16,08:58:33,Ch6,T. OVER
 15-10-16,08:59:33,Ch6,T. OVER
 15-10-16,09:00:34,Ch6,T. OVER
 15-10-16,09:01:34,Ch6,T. OVER
 15-10-16,09:02:34,Ch6,T. OVER
 15-10-16,09:03:34,Ch6,T. OVER
 15-10-16,09:04:34,Ch6,T. OVER
 15-10-16,09:05:34,Ch6,T. OVER
 15-10-16,09:06:34,Ch6,T. OVER
 15-10-16,09:07:34,Ch6,T. OVER
 15-10-16,09:08:35,Ch6,T. OVER
 15-10-16,09:09:35,Ch6,T. OVER
 15-10-16,09:10:35,Ch6,T. OVER
 15-10-16,09:11:35,Ch6,T. OVER
 15-10-16,09:12:35,Ch6,T. OVER
 15-10-16,09:13:35,Ch6,T. OVER
 15-10-16,09:14:35,Ch6,T. OVER
 15-10-16,09:15:35,Ch6,T. OVER
 15-10-16,09:16:36,Ch6,T. OVER
 15-10-16,09:17:36,Ch6,T. OVER
 15-10-16,09:18:36,Ch6,T. OVER
 15-10-16,09:19:36,Ch6,T. OVER
 15-10-16,09:20:36,Ch6,T. OVER
 15-10-16,09:21:36,Ch6,T. OVER
 15-10-16,09:22:36,Ch6,T. OVER
 15-10-16,09:23:36,Ch6,T. OVER
 15-10-16,09:24:36,Ch6,T. OVER
 15-10-16,09:25:36,Ch6,T. OVER
 15-10-16,09:26:36,Ch6,T. OVER
 15-10-16,09:27:36,Ch6,T. OVER
 15-10-16,09:28:36,Ch6,T. OVER
 15-10-16,09:29:37,Ch6,T. OVER
 15-10-16,09:30:37,Ch6,T. OVER
 15-10-16,09:31:37,Ch6,T. OVER
 15-10-16,09:32:37,Ch6,T. OVER
 15-10-16,09:33:37,Ch6,T. OVER
 15-10-16,09:34:37,Ch6,T. OVER
 15-10-16,09:35:38,Ch6,T. OVER
 15-10-16,09:36:38,Ch6,T. OVER
 15-10-16,09:37:38,Ch6,T. OVER
 15-10-16,09:38:38,Ch6,T. OVER
 15-10-16,09:39:38,Ch6,T. OVER
 15-10-16,09:40:38,Ch6,T. OVER
 15-10-16,09:41:38,Ch6,T. OVER
 15-10-16,09:42:39,Ch6,T. OVER
 15-10-16,09:43:39,Ch6,T. OVER
 15-10-16,09:44:39,Ch6,T. OVER
 15-10-16,09:45:39,Ch6,T. OVER
 15-10-16,09:46:40,Ch6,T. OVER
 15-10-16,09:47:40,Ch6,T. OVER
 15-10-16,09:48:40,Ch6,T. OVER
 15-10-16,09:49:40,Ch6,T. OVER
 15-10-16,09:50:40,Ch6,T. OVER
 15-10-16,09:51:40,Ch6,T. OVER
 15-10-16,09:52:40,Ch6,T. OVER
 15-10-16,09:53:41,Ch6,T. OVER
 15-10-16,09:54:41,Ch6,T. OVER
 15-10-16,09:55:41,Ch6,T. OVER
 15-10-16,09:56:41,Ch6,T. OVER
 15-10-16,09:57:41,Ch6,T. OVER
 15-10-16,09:58:42,Ch6,T. OVER
 15-10-16,09:59:42,Ch6,T. OVER
 15-10-16,10:00:42,Ch6,T. OVER
 15-10-16,10:01:42,Ch6,T. OVER
 15-10-16,10:02:42,Ch6,T. OVER
 15-10-16,10:03:42,Ch6,T. OVER
 15-10-16,10:04:42,Ch6,T. OVER
 15-10-16,10:05:43,Ch6,T. OVER
 15-10-16,10:06:43,Ch6,T. OVER
 15-10-16,10:07:43,Ch6,T. OVER
 15-10-16,10:08:43,Ch6,T. OVER
 15-10-16,10:09:44,Ch6,T. OVER
 15-10-16,10:10:44,Ch6,T. OVER
 15-10-16,10:11:44,Ch6,T. OVER
 15-10-16,10:12:44,Ch6,T. OVER
 15-10-16,10:13:44,Ch6,T. OVER
 15-10-16,10:14:44,Ch6,T. OVER
 15-10-16,10:15:44,Ch6,T. OVER
 15-10-16,10:16:45,Ch6,T. OVER
 15-10-16,10:17:45,Ch6,T. OVER
 15-10-16,10:18:45,Ch6,T. OVER
 15-10-16,10:19:45,Ch6,T. OVER
 15-10-16,10:20:45,Ch6,T. OVER
 15-10-16,10:21:45,Ch6,T. OVER
 15-10-16,10:22:45,Ch6,T. OVER
 15-10-16,10:23:46,Ch6,T. OVER
 15-10-16,10:24:46,Ch6,T. OVER
 15-10-16,10:25:46,Ch6,T. OVER
 15-10-16,10:26:46,Ch6,T. OVER
 15-10-16,10:27:46,Ch6,T. OVER
 15-10-16,10:28:46,Ch6,T. OVER
 15-10-16,10:29:47,Ch6,T. OVER
 15-10-16,10:30:47,Ch6,T. OVER
 15-10-16,10:31:47,Ch6,T. OVER
 15-10-16,10:32:47,Ch6,T. OVER
 15-10-16,10:33:48,Ch6,T. OVER
 15-10-16,10:34:48,Ch6,T. OVER
 15-10-16,10:35:48,Ch6,T. OVER
 15-10-16,10:36:48,Ch6,T. OVER
 15-10-16,10:37:48,Ch6,T. OVER
 15-10-16,10:38:48,Ch6,T. OVER
 15-10-16,10:39:48,Ch6,T. OVER
 15-10-16,10:40:49,Ch6,T. OVER
 15-10-16,10:41:49,Ch6,T. OVER
 15-10-16,10:42:49,Ch6,T. OVER
 15-10-16,10:43:49,Ch6,T. OVER
 15-10-16,10:44:49,Ch6,T. OVER
 15-10-16,10:45:49,Ch6,T. OVER
 15-10-16,10:46:49,Ch6,T. OVER
 15-10-16,10:47:49,Ch6,T. OVER
 15-10-16,10:48:50,Ch6,T. OVER
 15-10-16,10:49:50,Ch6,T. OVER
 15-10-16,10:50:50,Ch6,T. OVER
 15-10-16,10:51:50,Ch6,T. OVER
 15-10-16,10:52:50,Ch6,T. OVER
 15-10-16,10:53:50,Ch6,T. OVER
 15-10-16,10:54:51,Ch6,T. OVER
 15-10-16,10:55:51,Ch6,T. OVER
 15-10-16,10:56:51,Ch6,T. OVER
 15-10-16,10:57:51,Ch6,T. OVER
 15-10-16,10:58:51,Ch6,T. OVER
 15-10-16,10:59:52,Ch6,T. OVER
 15-10-16,11:00:52,Ch6,T. OVER
 15-10-16,11:01:52,Ch6,T. OVER
 15-10-16,11:02:52,Ch6,T. OVER
 15-10-16,11:03:53,Ch6,T. OVER
 15-10-16,11:04:53,Ch6,T. OVER
 15-10-16,11:05:53,Ch6,T. OVER
 15-10-16,11:06:53,Ch6,T. OVER
 15-10-16,11:07:53,Ch6,T. OVER
 15-10-16,11:08:53,Ch6,T. OVER
 15-10-16,11:09:53,Ch6,T. OVER
 15-10-16,11:10:53,Ch6,T. OVER
 15-10-16,11:11:54,Ch6,T. OVER
 15-10-16,11:12:54,Ch6,T. OVER
 15-10-16,11:13:54,Ch6,T. OVER
 15-10-16,11:14:54,Ch6,T. OVER
 15-10-16,11:15:54,Ch6,T. OVER
 15-10-16,11:16:55,Ch6,T. OVER
 15-10-16,11:17:55,Ch6,T. OVER
 15-10-16,11:18:55,Ch6,T. OVER
 15-10-16,11:19:55,Ch6,T. OVER
 15-10-16,11:20:55,Ch6,T. OVER
 15-10-16,11:21:56,Ch6,T. OVER
 15-10-16,11:22:56,Ch6,T. OVER
 15-10-16,11:23:56,Ch6,T. OVER
 15-10-16,11:24:56,Ch6,T. OVER
 15-10-16,11:25:56,Ch6,T. OVER
 15-10-16,11:26:57,Ch6,T. OVER
 15-10-16,11:27:57,Ch6,T. OVER
 15-10-16,11:28:57,Ch6,T. OVER
 15-10-16,11:29:57,Ch6,T. OVER
 15-10-16,11:30:57,Ch6,T. OVER
 15-10-16,11:31:57,Ch6,T. OVER
 15-10-16,11:32:58,Ch6,T. OVER
 15-10-16,11:33:58,Ch6,T. OVER
 15-10-16,11:34:58,Ch6,T. OVER
 15-10-16,11:35:58,Ch6,T. OVER
 15-10-16,11:36:58,Ch6,T. OVER
 15-10-16,11:37:59,Ch6,T. OVER
 15-10-16,11:38:59,Ch6,T. OVER
 15-10-16,11:39:59,Ch6,T. OVER
 15-10-16,11:40:59,Ch6,T. OVER
 15-10-16,11:41:59,Ch6,T. OVER
 15-10-16,11:43:00,Ch6,T. OVER
 15-10-16,11:44:00,Ch6,T. OVER
 15-10-16,11:45:00,Ch6,T. OVER
 15-10-16,11:46:00,Ch6,T. OVER
 15-10-16,11:47:01,Ch6,T. OVER
 15-10-16,11:48:01,Ch6,T. OVER
 15-10-16,11:49:01,Ch6,T. OVER
 15-10-16,11:50:01,Ch6,T. OVER
 15-10-16,11:51:01,Ch6,T. OVER
 15-10-16,11:52:01,Ch6,T. OVER
 15-10-16,11:53:02,Ch6,T. OVER
 15-10-16,11:54:02,Ch6,T. OVER
 15-10-16,11:55:02,Ch6,T. OVER
 15-10-16,11:56:03,Ch6,T. OVER
 15-10-16,11:57:03,Ch6,T. OVER
 15-10-16,11:58:03,Ch6,T. OVER
 15-10-16,11:59:03,Ch6,T. OVER
 15-10-16,12:00:03,Ch6,T. OVER
 15-10-16,12:01:04,Ch6,T. OVER
 15-10-16,12:02:04,Ch6,T. OVER
 15-10-16,12:03:04,Ch6,T. OVER
 15-10-16,12:04:04,Ch6,T. OVER
 15-10-16,12:05:04,Ch6,T. OVER
 15-10-16,12:06:04,Ch6,T. OVER
 15-10-16,12:07:04,Ch6,T. OVER
 15-10-16,12:08:05,Ch6,T. OVER
 15-10-16,12:09:05,Ch6,T. OVER
 15-10-16,12:10:05,Ch6,T. OVER
 15-10-16,12:11:05,Ch6,T. OVER
 15-10-16,12:12:05,Ch6,T. OVER
 15-10-16,12:13:06,Ch6,T. OVER
 15-10-16,12:14:06,Ch6,T. OVER
 15-10-16,12:15:06,Ch6,T. OVER
 15-10-16,12:16:06,Ch6,T. OVER
 15-10-16,12:17:07,Ch6,T. OVER
 15-10-16,12:18:07,Ch6,T. OVER
 15-10-16,12:19:07,Ch6,T. OVER
 15-10-16,12:20:07,Ch6,T. OVER
 15-10-16,12:21:08,Ch6,T. OVER
 15-10-16,12:22:08,Ch6,T. OVER
 15-10-16,12:23:08,Ch6,T. OVER
 15-10-16,12:24:08,Ch6,T. OVER
 15-10-16,12:25:08,Ch6,T. OVER
 15-10-16,12:26:08,Ch6,T. OVER
 15-10-16,12:27:08,Ch6,T. OVER
 15-10-16,12:28:09,Ch6,T. OVER
 15-10-16,12:29:09,Ch6,T. OVER
 15-10-16,12:30:09,Ch6,T. OVER
 15-10-16,12:31:09,Ch6,T. OVER
 15-10-16,12:32:10,Ch6,T. OVER
 15-10-16,12:33:10,Ch6,T. OVER
 15-10-16,12:34:10,Ch6,T. OVER
 15-10-16,12:35:10,Ch6,T. OVER
 15-10-16,12:36:10,Ch6,T. OVER
 15-10-16,12:37:10,Ch6,T. OVER
 15-10-16,12:38:10,Ch6,T. OVER
 15-10-16,12:39:11,Ch6,T. OVER
 15-10-16,12:40:11,Ch6,T. OVER
 15-10-16,12:41:11,Ch6,T. OVER
 15-10-16,12:42:11,Ch6,T. OVER
 15-10-16,12:43:11,Ch6,T. OVER
 15-10-16,12:44:11,Ch6,T. OVER
 15-10-16,12:45:11,Ch6,T. OVER
 15-10-16,12:46:11,Ch6,T. OVER
 15-10-16,12:47:12,Ch6,T. OVER
 15-10-16,12:48:12,Ch6,T. OVER
 15-10-16,12:49:12,Ch6,T. OVER
 15-10-16,12:50:12,Ch6,T. OVER
 15-10-16,12:51:13,Ch6,T. OVER
 15-10-16,12:52:13,Ch6,T. OVER
 15-10-16,12:53:13,Ch6,T. OVER
 15-10-16,12:54:13,Ch6,T. OVER
 15-10-16,12:55:13,Ch6,T. OVER
 15-10-16,12:56:13,Ch6,T. OVER
 15-10-16,12:57:13,Ch6,T. OVER
 15-10-16,12:58:13,Ch6,T. OVER
 15-10-16,12:59:13,Ch6,T. OVER
 15-10-16,13:00:13,Ch6,T. OVER
 15-10-16,13:01:14,Ch6,T. OVER
 15-10-16,13:02:14,Ch6,T. OVER
 15-10-16,13:03:14,Ch6,T. OVER
 15-10-16,13:04:14,Ch6,T. OVER
 15-10-16,13:05:14,Ch6,T. OVER
 15-10-16,13:06:14,Ch6,T. OVER
 15-10-16,13:07:14,Ch6,T. OVER
 15-10-16,13:08:14,Ch6,T. OVER
 15-10-16,13:09:15,Ch6,T. OVER
 15-10-16,13:10:15,Ch6,T. OVER
 15-10-16,13:11:15,Ch6,T. OVER
 15-10-16,13:12:15,Ch6,T. OVER
 15-10-16,13:13:15,Ch6,T. OVER
 15-10-16,13:14:16,Ch6,T. OVER
 15-10-16,13:15:16,Ch6,T. OVER
 15-10-16,13:16:16,Ch6,T. OVER
 15-10-16,13:17:16,Ch6,T. OVER
 15-10-16,13:18:16,Ch6,T. OVER
 15-10-16,13:19:16,Ch6,T. OVER
 15-10-16,13:20:16,Ch6,T. OVER
 15-10-16,13:22:17,Ch6,T. OVER
 15-10-16,13:24:17,Ch6,T. OVER
 15-10-16,13:25:17,Ch6,T. OVER
 15-10-16,13:28:18,Ch6,T. OVER
 15-10-16,21:53:22,Ch1,VDIF OVL
 15-10-16,21:55:22,Ch1,VDIF OVL
 15-10-16,23:12:33,Ch6,VMIX OVL
