 19-10-18,00:00:19,Ch6,T. OVER
 19-10-18,00:01:19,Ch6,T. OVER
 19-10-18,00:02:19,Ch6,T. OVER
 19-10-18,00:03:19,Ch6,T. OVER
 19-10-18,00:04:19,Ch6,T. OVER
 19-10-18,00:05:19,Ch6,T. OVER
 19-10-18,00:06:19,Ch6,T. OVER
 19-10-18,00:07:19,Ch6,T. OVER
 19-10-18,00:08:19,Ch6,T. OVER
 19-10-18,00:09:19,Ch6,T. OVER
 19-10-18,00:10:19,Ch6,T. OVER
 19-10-18,00:11:19,Ch6,T. OVER
 19-10-18,00:12:19,Ch6,T. OVER
 19-10-18,00:13:19,Ch6,T. OVER
 19-10-18,00:14:19,Ch6,T. OVER
 19-10-18,00:15:19,Ch6,T. OVER
 19-10-18,00:16:19,Ch6,T. OVER
 19-10-18,00:17:19,Ch6,T. OVER
 19-10-18,00:18:19,Ch6,T. OVER
 19-10-18,00:19:19,Ch6,T. OVER
 19-10-18,00:20:19,Ch6,T. OVER
 19-10-18,00:21:19,Ch6,T. OVER
 19-10-18,00:22:19,Ch6,T. OVER
 19-10-18,00:23:19,Ch6,T. OVER
 19-10-18,00:24:19,Ch6,T. OVER
 19-10-18,00:25:19,Ch6,T. OVER
 19-10-18,00:26:19,Ch6,T. OVER
 19-10-18,00:27:19,Ch6,T. OVER
 19-10-18,00:28:19,Ch6,T. OVER
 19-10-18,00:29:20,Ch6,T. OVER
 19-10-18,00:30:20,Ch6,T. OVER
 19-10-18,00:31:20,Ch6,T. OVER
 19-10-18,00:32:20,Ch6,T. OVER
 19-10-18,00:33:20,Ch6,T. OVER
 19-10-18,00:34:20,Ch6,T. OVER
 19-10-18,00:35:20,Ch6,T. OVER
 19-10-18,00:36:20,Ch6,T. OVER
 19-10-18,00:37:20,Ch6,T. OVER
 19-10-18,00:38:20,Ch6,T. OVER
 19-10-18,00:39:20,Ch6,T. OVER
 19-10-18,00:40:20,Ch6,T. OVER
 19-10-18,00:41:20,Ch6,T. OVER
 19-10-18,00:42:20,Ch6,T. OVER
 19-10-18,00:43:20,Ch6,T. OVER
 19-10-18,00:44:20,Ch6,T. OVER
 19-10-18,00:45:20,Ch6,T. OVER
 19-10-18,00:46:20,Ch6,T. OVER
 19-10-18,00:47:20,Ch6,T. OVER
 19-10-18,00:48:20,Ch6,T. OVER
 19-10-18,00:49:20,Ch6,T. OVER
 19-10-18,00:50:20,Ch6,T. OVER
 19-10-18,00:51:21,Ch6,T. OVER
 19-10-18,00:52:21,Ch6,T. OVER
 19-10-18,00:53:21,Ch6,T. OVER
 19-10-18,00:54:21,Ch6,T. OVER
 19-10-18,00:55:21,Ch6,T. OVER
 19-10-18,00:56:21,Ch6,T. OVER
 19-10-18,00:57:21,Ch6,T. OVER
 19-10-18,00:58:21,Ch6,T. OVER
 19-10-18,00:59:21,Ch6,T. OVER
 19-10-18,01:00:21,Ch6,T. OVER
 19-10-18,01:01:21,Ch6,T. OVER
 19-10-18,01:02:21,Ch6,T. OVER
 19-10-18,01:03:21,Ch6,T. OVER
 19-10-18,01:04:21,Ch6,T. OVER
 19-10-18,01:05:21,Ch6,T. OVER
 19-10-18,01:06:21,Ch6,T. OVER
 19-10-18,01:07:21,Ch6,T. OVER
 19-10-18,01:08:21,Ch6,T. OVER
 19-10-18,01:09:22,Ch6,T. OVER
 19-10-18,01:10:22,Ch6,T. OVER
 19-10-18,01:11:22,Ch6,T. OVER
 19-10-18,01:12:22,Ch6,T. OVER
 19-10-18,01:13:22,Ch6,T. OVER
 19-10-18,01:14:22,Ch6,T. OVER
 19-10-18,01:15:22,Ch6,T. OVER
 19-10-18,01:16:22,Ch6,T. OVER
 19-10-18,01:17:22,Ch6,T. OVER
 19-10-18,01:18:23,Ch6,T. OVER
 19-10-18,01:19:23,Ch6,T. OVER
 19-10-18,01:20:23,Ch6,T. OVER
 19-10-18,01:21:23,Ch6,T. OVER
 19-10-18,01:22:24,Ch6,T. OVER
 19-10-18,01:23:24,Ch6,T. OVER
 19-10-18,01:24:24,Ch6,T. OVER
 19-10-18,01:25:24,Ch6,T. OVER
 19-10-18,01:26:24,Ch6,T. OVER
 19-10-18,01:27:24,Ch6,T. OVER
 19-10-18,01:28:24,Ch6,T. OVER
 19-10-18,01:29:24,Ch6,T. OVER
 19-10-18,01:30:24,Ch6,T. OVER
 19-10-18,01:31:24,Ch6,T. OVER
 19-10-18,01:32:24,Ch6,T. OVER
 19-10-18,01:33:24,Ch6,T. OVER
 19-10-18,01:34:25,Ch6,T. OVER
 19-10-18,01:35:25,Ch6,T. OVER
 19-10-18,01:36:25,Ch6,T. OVER
 19-10-18,01:37:25,Ch6,T. OVER
 19-10-18,01:38:25,Ch6,T. OVER
 19-10-18,01:39:25,Ch6,T. OVER
 19-10-18,01:40:25,Ch6,T. OVER
 19-10-18,01:41:25,Ch6,T. OVER
 19-10-18,01:42:25,Ch6,T. OVER
 19-10-18,01:43:25,Ch6,T. OVER
 19-10-18,01:44:25,Ch6,T. OVER
 19-10-18,01:45:25,Ch6,T. OVER
 19-10-18,01:46:25,Ch6,T. OVER
 19-10-18,01:47:26,Ch6,T. OVER
 19-10-18,01:48:26,Ch6,T. OVER
 19-10-18,01:49:26,Ch6,T. OVER
 19-10-18,01:50:26,Ch6,T. OVER
 19-10-18,01:51:26,Ch6,T. OVER
 19-10-18,01:52:26,Ch6,T. OVER
 19-10-18,01:53:26,Ch6,T. OVER
 19-10-18,01:54:26,Ch6,T. OVER
 19-10-18,01:55:26,Ch6,T. OVER
 19-10-18,01:56:26,Ch6,T. OVER
 19-10-18,01:57:26,Ch6,T. OVER
 19-10-18,01:58:27,Ch6,T. OVER
 19-10-18,01:59:27,Ch6,T. OVER
 19-10-18,02:00:27,Ch6,T. OVER
 19-10-18,02:01:27,Ch6,T. OVER
 19-10-18,02:02:27,Ch6,T. OVER
 19-10-18,02:03:27,Ch6,T. OVER
 19-10-18,02:04:27,Ch6,T. OVER
 19-10-18,02:05:27,Ch6,T. OVER
 19-10-18,02:06:27,Ch6,T. OVER
 19-10-18,02:07:27,Ch6,T. OVER
 19-10-18,02:08:27,Ch6,T. OVER
 19-10-18,02:09:27,Ch6,T. OVER
 19-10-18,02:10:27,Ch6,T. OVER
 19-10-18,02:11:28,Ch6,T. OVER
 19-10-18,02:12:28,Ch6,T. OVER
 19-10-18,02:13:28,Ch6,T. OVER
 19-10-18,02:14:28,Ch6,T. OVER
 19-10-18,02:15:28,Ch6,T. OVER
 19-10-18,02:16:28,Ch6,T. OVER
 19-10-18,02:17:28,Ch6,T. OVER
 19-10-18,02:18:28,Ch6,T. OVER
 19-10-18,02:19:28,Ch6,T. OVER
 19-10-18,02:20:29,Ch6,T. OVER
 19-10-18,02:21:29,Ch6,T. OVER
 19-10-18,02:22:29,Ch6,T. OVER
 19-10-18,02:23:29,Ch6,T. OVER
 19-10-18,02:24:29,Ch6,T. OVER
 19-10-18,02:25:29,Ch6,T. OVER
 19-10-18,02:26:29,Ch6,T. OVER
 19-10-18,02:27:29,Ch6,T. OVER
 19-10-18,02:28:29,Ch6,T. OVER
 19-10-18,02:29:29,Ch6,T. OVER
 19-10-18,02:30:29,Ch6,T. OVER
 19-10-18,02:31:29,Ch6,T. OVER
 19-10-18,02:32:29,Ch6,T. OVER
 19-10-18,02:33:29,Ch6,T. OVER
 19-10-18,02:34:29,Ch6,T. OVER
 19-10-18,02:35:30,Ch6,T. OVER
 19-10-18,02:36:30,Ch6,T. OVER
 19-10-18,02:37:30,Ch6,T. OVER
 19-10-18,02:38:30,Ch6,T. OVER
 19-10-18,02:39:30,Ch6,T. OVER
 19-10-18,02:40:30,Ch6,T. OVER
 19-10-18,02:41:30,Ch6,T. OVER
 19-10-18,02:42:30,Ch6,T. OVER
 19-10-18,02:43:30,Ch6,T. OVER
 19-10-18,02:44:30,Ch6,T. OVER
 19-10-18,02:45:30,Ch6,T. OVER
 19-10-18,02:46:30,Ch6,T. OVER
 19-10-18,02:47:31,Ch6,T. OVER
 19-10-18,02:48:31,Ch6,T. OVER
 19-10-18,02:49:31,Ch6,T. OVER
 19-10-18,02:50:31,Ch6,T. OVER
 19-10-18,02:51:31,Ch6,T. OVER
 19-10-18,02:52:31,Ch6,T. OVER
 19-10-18,02:53:31,Ch6,T. OVER
 19-10-18,02:54:31,Ch6,T. OVER
 19-10-18,02:55:31,Ch6,T. OVER
 19-10-18,02:56:31,Ch6,T. OVER
 19-10-18,02:57:31,Ch6,T. OVER
 19-10-18,02:58:32,Ch6,T. OVER
 19-10-18,02:59:32,Ch6,T. OVER
 19-10-18,03:00:32,Ch6,T. OVER
 19-10-18,03:01:32,Ch6,T. OVER
 19-10-18,03:02:32,Ch6,T. OVER
 19-10-18,03:03:32,Ch6,T. OVER
 19-10-18,03:04:32,Ch6,T. OVER
 19-10-18,03:05:32,Ch6,T. OVER
 19-10-18,03:06:32,Ch6,T. OVER
 19-10-18,03:07:32,Ch6,T. OVER
 19-10-18,03:08:32,Ch6,T. OVER
 19-10-18,03:09:32,Ch6,T. OVER
 19-10-18,03:10:32,Ch6,T. OVER
 19-10-18,03:11:32,Ch6,T. OVER
 19-10-18,03:12:32,Ch6,T. OVER
 19-10-18,03:13:33,Ch6,T. OVER
 19-10-18,03:14:33,Ch6,T. OVER
 19-10-18,03:15:33,Ch6,T. OVER
 19-10-18,03:16:33,Ch6,T. OVER
 19-10-18,03:17:33,Ch6,T. OVER
 19-10-18,03:18:33,Ch6,T. OVER
 19-10-18,03:19:33,Ch6,T. OVER
 19-10-18,03:20:33,Ch6,T. OVER
 19-10-18,03:21:33,Ch6,T. OVER
 19-10-18,03:22:34,Ch6,T. OVER
 19-10-18,03:23:34,Ch6,T. OVER
 19-10-18,03:24:34,Ch6,T. OVER
 19-10-18,03:25:34,Ch6,T. OVER
 19-10-18,03:26:34,Ch6,T. OVER
 19-10-18,03:27:35,Ch6,T. OVER
 19-10-18,03:28:35,Ch6,T. OVER
 19-10-18,03:29:35,Ch6,T. OVER
 19-10-18,03:30:35,Ch6,T. OVER
 19-10-18,03:31:35,Ch6,T. OVER
 19-10-18,03:32:35,Ch6,T. OVER
 19-10-18,03:33:35,Ch6,T. OVER
 19-10-18,03:34:35,Ch6,T. OVER
 19-10-18,03:35:35,Ch6,T. OVER
 19-10-18,03:36:35,Ch6,T. OVER
 19-10-18,03:37:35,Ch6,T. OVER
 19-10-18,03:38:36,Ch6,T. OVER
 19-10-18,03:39:36,Ch6,T. OVER
 19-10-18,03:40:36,Ch6,T. OVER
 19-10-18,03:41:36,Ch6,T. OVER
 19-10-18,03:42:36,Ch6,T. OVER
 19-10-18,03:43:36,Ch6,T. OVER
 19-10-18,03:44:36,Ch6,T. OVER
 19-10-18,03:45:36,Ch6,T. OVER
 19-10-18,03:46:36,Ch6,T. OVER
 19-10-18,03:47:36,Ch6,T. OVER
 19-10-18,03:48:36,Ch6,T. OVER
 19-10-18,03:49:37,Ch6,T. OVER
 19-10-18,03:50:37,Ch6,T. OVER
 19-10-18,03:51:37,Ch6,T. OVER
 19-10-18,03:52:37,Ch6,T. OVER
 19-10-18,03:53:37,Ch6,T. OVER
 19-10-18,03:54:37,Ch6,T. OVER
 19-10-18,03:55:37,Ch6,T. OVER
 19-10-18,03:56:37,Ch6,T. OVER
 19-10-18,03:57:37,Ch6,T. OVER
 19-10-18,03:58:38,Ch6,T. OVER
 19-10-18,03:59:38,Ch6,T. OVER
 19-10-18,04:00:38,Ch6,T. OVER
 19-10-18,04:01:38,Ch6,T. OVER
 19-10-18,04:02:38,Ch6,T. OVER
 19-10-18,04:03:39,Ch6,T. OVER
 19-10-18,04:04:39,Ch6,T. OVER
 19-10-18,04:05:39,Ch6,T. OVER
 19-10-18,04:06:39,Ch6,T. OVER
 19-10-18,04:07:39,Ch6,T. OVER
 19-10-18,04:08:39,Ch6,T. OVER
 19-10-18,04:09:40,Ch6,T. OVER
 19-10-18,04:10:40,Ch6,T. OVER
 19-10-18,04:11:40,Ch6,T. OVER
 19-10-18,04:12:40,Ch6,T. OVER
 19-10-18,04:13:40,Ch6,T. OVER
 19-10-18,04:14:40,Ch6,T. OVER
 19-10-18,04:15:40,Ch6,T. OVER
 19-10-18,04:16:40,Ch6,T. OVER
 19-10-18,04:17:40,Ch6,T. OVER
 19-10-18,04:18:41,Ch6,T. OVER
 19-10-18,04:19:41,Ch6,T. OVER
 19-10-18,04:20:41,Ch6,T. OVER
 19-10-18,04:21:41,Ch6,T. OVER
 19-10-18,04:22:41,Ch6,T. OVER
 19-10-18,04:23:41,Ch6,T. OVER
 19-10-18,04:24:41,Ch6,T. OVER
 19-10-18,04:25:41,Ch6,T. OVER
 19-10-18,04:26:41,Ch6,T. OVER
 19-10-18,04:27:41,Ch6,T. OVER
 19-10-18,04:28:41,Ch6,T. OVER
 19-10-18,04:29:42,Ch6,T. OVER
 19-10-18,04:30:42,Ch6,T. OVER
 19-10-18,04:31:42,Ch6,T. OVER
 19-10-18,04:32:42,Ch6,T. OVER
 19-10-18,04:33:42,Ch6,T. OVER
 19-10-18,04:34:42,Ch6,T. OVER
 19-10-18,04:35:42,Ch6,T. OVER
 19-10-18,04:36:42,Ch6,T. OVER
 19-10-18,04:37:42,Ch6,T. OVER
 19-10-18,04:38:42,Ch6,T. OVER
 19-10-18,04:39:42,Ch6,T. OVER
 19-10-18,04:40:42,Ch6,T. OVER
 19-10-18,04:41:42,Ch6,T. OVER
 19-10-18,04:42:42,Ch6,T. OVER
 19-10-18,04:43:43,Ch6,T. OVER
 19-10-18,04:44:43,Ch6,T. OVER
 19-10-18,04:45:43,Ch6,T. OVER
 19-10-18,04:46:43,Ch6,T. OVER
 19-10-18,04:47:43,Ch6,T. OVER
 19-10-18,04:48:43,Ch6,T. OVER
 19-10-18,04:49:43,Ch6,T. OVER
 19-10-18,04:50:43,Ch6,T. OVER
 19-10-18,04:51:43,Ch6,T. OVER
 19-10-18,04:52:43,Ch6,T. OVER
 19-10-18,04:53:43,Ch6,T. OVER
 19-10-18,04:54:43,Ch6,T. OVER
 19-10-18,04:55:43,Ch6,T. OVER
 19-10-18,04:56:43,Ch6,T. OVER
 19-10-18,04:57:43,Ch6,T. OVER
 19-10-18,04:58:43,Ch6,T. OVER
 19-10-18,04:59:43,Ch6,T. OVER
 19-10-18,05:00:44,Ch6,T. OVER
 19-10-18,05:01:44,Ch6,T. OVER
 19-10-18,05:02:44,Ch6,T. OVER
 19-10-18,05:03:44,Ch6,T. OVER
 19-10-18,05:04:44,Ch6,T. OVER
 19-10-18,05:05:44,Ch6,T. OVER
 19-10-18,05:06:45,Ch6,T. OVER
 19-10-18,05:07:45,Ch6,T. OVER
 19-10-18,05:08:45,Ch6,T. OVER
 19-10-18,05:09:45,Ch6,T. OVER
 19-10-18,05:10:45,Ch6,T. OVER
 19-10-18,05:11:45,Ch6,T. OVER
 19-10-18,05:12:45,Ch6,T. OVER
 19-10-18,05:13:45,Ch6,T. OVER
 19-10-18,05:14:46,Ch6,T. OVER
 19-10-18,05:15:46,Ch6,T. OVER
 19-10-18,05:16:46,Ch6,T. OVER
 19-10-18,05:17:46,Ch6,T. OVER
 19-10-18,05:18:46,Ch6,T. OVER
 19-10-18,05:19:46,Ch6,T. OVER
 19-10-18,05:20:46,Ch6,T. OVER
 19-10-18,05:21:46,Ch6,T. OVER
 19-10-18,05:22:46,Ch6,T. OVER
 19-10-18,05:23:46,Ch6,T. OVER
 19-10-18,05:24:46,Ch6,T. OVER
 19-10-18,05:25:46,Ch6,T. OVER
 19-10-18,05:26:47,Ch6,T. OVER
 19-10-18,05:27:47,Ch6,T. OVER
 19-10-18,05:28:47,Ch6,T. OVER
 19-10-18,05:29:47,Ch6,T. OVER
 19-10-18,05:30:47,Ch6,T. OVER
 19-10-18,05:31:48,Ch6,T. OVER
 19-10-18,05:32:48,Ch6,T. OVER
 19-10-18,05:33:48,Ch6,T. OVER
 19-10-18,05:34:48,Ch6,T. OVER
 19-10-18,05:35:48,Ch6,T. OVER
 19-10-18,05:36:48,Ch6,T. OVER
 19-10-18,05:37:48,Ch6,T. OVER
 19-10-18,05:38:48,Ch6,T. OVER
 19-10-18,05:39:49,Ch6,T. OVER
 19-10-18,05:40:49,Ch6,T. OVER
 19-10-18,05:41:49,Ch6,T. OVER
 19-10-18,05:42:49,Ch6,T. OVER
 19-10-18,05:43:49,Ch6,T. OVER
 19-10-18,05:44:49,Ch6,T. OVER
 19-10-18,05:45:49,Ch6,T. OVER
 19-10-18,05:46:49,Ch6,T. OVER
 19-10-18,05:47:49,Ch6,T. OVER
 19-10-18,05:48:49,Ch6,T. OVER
 19-10-18,05:49:49,Ch6,T. OVER
 19-10-18,05:50:49,Ch6,T. OVER
 19-10-18,05:51:49,Ch6,T. OVER
 19-10-18,05:52:49,Ch6,T. OVER
 19-10-18,05:53:49,Ch6,T. OVER
 19-10-18,05:54:50,Ch6,T. OVER
 19-10-18,05:55:50,Ch6,T. OVER
 19-10-18,05:56:50,Ch6,T. OVER
 19-10-18,05:57:50,Ch6,T. OVER
 19-10-18,05:58:50,Ch6,T. OVER
 19-10-18,05:59:50,Ch6,T. OVER
 19-10-18,06:00:50,Ch6,T. OVER
 19-10-18,06:01:50,Ch6,T. OVER
 19-10-18,06:02:50,Ch6,T. OVER
 19-10-18,06:03:50,Ch6,T. OVER
 19-10-18,06:04:50,Ch6,T. OVER
 19-10-18,06:05:50,Ch6,T. OVER
 19-10-18,06:06:50,Ch6,T. OVER
 19-10-18,06:07:50,Ch6,T. OVER
 19-10-18,06:08:50,Ch6,T. OVER
 19-10-18,06:09:51,Ch6,T. OVER
 19-10-18,06:10:51,Ch6,T. OVER
 19-10-18,06:11:51,Ch6,T. OVER
 19-10-18,06:12:51,Ch6,T. OVER
 19-10-18,06:13:51,Ch6,T. OVER
 19-10-18,06:14:51,Ch6,T. OVER
 19-10-18,06:15:51,Ch6,T. OVER
 19-10-18,06:16:51,Ch6,T. OVER
 19-10-18,06:17:52,Ch6,T. OVER
 19-10-18,06:18:52,Ch6,T. OVER
 19-10-18,06:19:52,Ch6,T. OVER
 19-10-18,06:20:52,Ch6,T. OVER
 19-10-18,06:21:52,Ch6,T. OVER
 19-10-18,06:22:52,Ch6,T. OVER
 19-10-18,06:23:52,Ch6,T. OVER
 19-10-18,06:24:53,Ch6,T. OVER
 19-10-18,06:25:53,Ch6,T. OVER
 19-10-18,06:26:53,Ch6,T. OVER
 19-10-18,06:27:53,Ch6,T. OVER
 19-10-18,06:28:53,Ch6,T. OVER
 19-10-18,06:29:53,Ch6,T. OVER
 19-10-18,06:30:53,Ch6,T. OVER
 19-10-18,06:31:53,Ch6,T. OVER
 19-10-18,06:32:53,Ch6,T. OVER
 19-10-18,06:33:53,Ch6,T. OVER
 19-10-18,06:34:53,Ch6,T. OVER
 19-10-18,06:35:54,Ch6,T. OVER
 19-10-18,06:36:54,Ch6,T. OVER
 19-10-18,06:37:54,Ch6,T. OVER
 19-10-18,06:38:54,Ch6,T. OVER
 19-10-18,06:39:54,Ch6,T. OVER
 19-10-18,06:40:54,Ch6,T. OVER
 19-10-18,06:41:54,Ch6,T. OVER
 19-10-18,06:42:55,Ch6,T. OVER
 19-10-18,06:43:55,Ch6,T. OVER
 19-10-18,06:44:55,Ch6,T. OVER
 19-10-18,06:45:55,Ch6,T. OVER
 19-10-18,06:46:55,Ch6,T. OVER
 19-10-18,06:47:55,Ch6,T. OVER
 19-10-18,06:48:56,Ch6,T. OVER
 19-10-18,06:49:56,Ch6,T. OVER
 19-10-18,06:50:56,Ch6,T. OVER
 19-10-18,06:51:56,Ch6,T. OVER
 19-10-18,06:52:56,Ch6,T. OVER
 19-10-18,06:53:56,Ch6,T. OVER
 19-10-18,06:54:56,Ch6,T. OVER
 19-10-18,06:55:56,Ch6,T. OVER
 19-10-18,06:56:56,Ch6,T. OVER
 19-10-18,06:57:56,Ch6,T. OVER
 19-10-18,06:58:56,Ch6,T. OVER
 19-10-18,06:59:57,Ch6,T. OVER
 19-10-18,07:00:57,Ch6,T. OVER
 19-10-18,07:01:57,Ch6,T. OVER
 19-10-18,07:02:57,Ch6,T. OVER
 19-10-18,07:03:58,Ch6,T. OVER
 19-10-18,07:04:58,Ch6,T. OVER
 19-10-18,07:05:58,Ch6,T. OVER
 19-10-18,07:06:58,Ch6,T. OVER
 19-10-18,07:07:58,Ch6,T. OVER
 19-10-18,07:08:58,Ch6,T. OVER
 19-10-18,07:09:58,Ch6,T. OVER
 19-10-18,07:10:58,Ch6,T. OVER
 19-10-18,07:11:58,Ch6,T. OVER
 19-10-18,07:12:58,Ch6,T. OVER
 19-10-18,07:13:58,Ch6,T. OVER
 19-10-18,07:14:58,Ch6,T. OVER
 19-10-18,07:15:58,Ch6,T. OVER
 19-10-18,07:16:58,Ch6,T. OVER
 19-10-18,07:17:59,Ch6,T. OVER
 19-10-18,07:18:59,Ch6,T. OVER
 19-10-18,07:19:59,Ch6,T. OVER
 19-10-18,07:20:59,Ch6,T. OVER
 19-10-18,07:21:59,Ch6,T. OVER
 19-10-18,07:23:00,Ch6,T. OVER
 19-10-18,07:24:00,Ch6,T. OVER
 19-10-18,07:25:00,Ch6,T. OVER
 19-10-18,07:26:00,Ch6,T. OVER
 19-10-18,07:27:00,Ch6,T. OVER
 19-10-18,07:28:00,Ch6,T. OVER
 19-10-18,07:29:00,Ch6,T. OVER
 19-10-18,07:30:00,Ch6,T. OVER
 19-10-18,07:31:00,Ch6,T. OVER
 19-10-18,07:32:00,Ch6,T. OVER
 19-10-18,07:33:00,Ch6,T. OVER
 19-10-18,07:34:00,Ch6,T. OVER
 19-10-18,07:35:00,Ch6,T. OVER
 19-10-18,07:36:01,Ch6,T. OVER
 19-10-18,07:37:01,Ch6,T. OVER
 19-10-18,07:38:01,Ch6,T. OVER
 19-10-18,07:39:01,Ch6,T. OVER
 19-10-18,07:40:01,Ch6,T. OVER
 19-10-18,07:41:01,Ch6,T. OVER
 19-10-18,07:42:01,Ch6,T. OVER
 19-10-18,07:43:01,Ch6,T. OVER
 19-10-18,07:44:01,Ch6,T. OVER
 19-10-18,07:45:01,Ch6,T. OVER
 19-10-18,07:46:01,Ch6,T. OVER
 19-10-18,07:47:01,Ch6,T. OVER
 19-10-18,07:48:01,Ch6,T. OVER
 19-10-18,07:49:01,Ch6,T. OVER
 19-10-18,07:50:01,Ch6,T. OVER
 19-10-18,07:51:01,Ch6,T. OVER
 19-10-18,07:52:01,Ch6,T. OVER
 19-10-18,07:53:01,Ch6,T. OVER
 19-10-18,07:54:02,Ch6,T. OVER
 19-10-18,07:55:02,Ch6,T. OVER
 19-10-18,07:56:02,Ch6,T. OVER
 19-10-18,07:57:02,Ch6,T. OVER
 19-10-18,07:58:02,Ch6,T. OVER
 19-10-18,07:59:02,Ch6,T. OVER
 19-10-18,08:00:02,Ch6,T. OVER
 19-10-18,08:01:02,Ch6,T. OVER
 19-10-18,08:02:02,Ch6,T. OVER
 19-10-18,08:03:02,Ch6,T. OVER
 19-10-18,08:04:02,Ch6,T. OVER
 19-10-18,08:05:02,Ch6,T. OVER
 19-10-18,08:06:02,Ch6,T. OVER
 19-10-18,08:07:02,Ch6,T. OVER
 19-10-18,08:08:02,Ch6,T. OVER
 19-10-18,08:09:02,Ch6,T. OVER
 19-10-18,08:10:02,Ch6,T. OVER
 19-10-18,08:11:03,Ch6,T. OVER
 19-10-18,08:12:03,Ch6,T. OVER
 19-10-18,08:13:03,Ch6,T. OVER
 19-10-18,08:14:03,Ch6,T. OVER
 19-10-18,08:15:03,Ch6,T. OVER
 19-10-18,08:16:03,Ch6,T. OVER
 19-10-18,08:17:03,Ch6,T. OVER
 19-10-18,08:18:03,Ch6,T. OVER
 19-10-18,08:19:03,Ch6,T. OVER
 19-10-18,08:20:03,Ch6,T. OVER
 19-10-18,08:21:03,Ch6,T. OVER
 19-10-18,08:22:04,Ch6,T. OVER
 19-10-18,08:23:04,Ch6,T. OVER
 19-10-18,08:24:04,Ch6,T. OVER
 19-10-18,08:25:04,Ch6,T. OVER
 19-10-18,08:26:04,Ch6,T. OVER
 19-10-18,08:27:04,Ch6,T. OVER
 19-10-18,08:28:04,Ch6,T. OVER
 19-10-18,08:29:04,Ch6,T. OVER
 19-10-18,08:30:04,Ch6,T. OVER
 19-10-18,08:31:04,Ch6,T. OVER
 19-10-18,08:32:04,Ch6,T. OVER
 19-10-18,08:33:04,Ch6,T. OVER
 19-10-18,08:34:04,Ch6,T. OVER
 19-10-18,08:35:04,Ch6,T. OVER
 19-10-18,08:36:04,Ch6,T. OVER
 19-10-18,08:37:04,Ch6,T. OVER
 19-10-18,08:38:04,Ch6,T. OVER
 19-10-18,08:39:04,Ch6,T. OVER
 19-10-18,08:40:05,Ch6,T. OVER
 19-10-18,08:41:05,Ch6,T. OVER
 19-10-18,08:42:05,Ch6,T. OVER
 19-10-18,08:43:05,Ch6,T. OVER
 19-10-18,08:44:05,Ch6,T. OVER
 19-10-18,08:45:05,Ch6,T. OVER
 19-10-18,08:46:05,Ch6,T. OVER
 19-10-18,08:47:05,Ch6,T. OVER
 19-10-18,08:48:05,Ch6,T. OVER
 19-10-18,08:49:05,Ch6,T. OVER
 19-10-18,08:50:05,Ch6,T. OVER
 19-10-18,08:51:05,Ch6,T. OVER
 19-10-18,08:52:05,Ch6,T. OVER
 19-10-18,08:53:05,Ch6,T. OVER
 19-10-18,08:54:05,Ch6,T. OVER
 19-10-18,08:55:05,Ch6,T. OVER
 19-10-18,08:56:05,Ch6,T. OVER
 19-10-18,08:57:05,Ch6,T. OVER
 19-10-18,08:58:06,Ch6,T. OVER
 19-10-18,08:59:06,Ch6,T. OVER
 19-10-18,09:00:06,Ch6,T. OVER
 19-10-18,09:01:06,Ch6,T. OVER
 19-10-18,09:02:06,Ch6,T. OVER
 19-10-18,09:03:06,Ch6,T. OVER
 19-10-18,09:04:06,Ch6,T. OVER
 19-10-18,09:05:06,Ch6,T. OVER
 19-10-18,09:06:06,Ch6,T. OVER
 19-10-18,09:07:06,Ch6,T. OVER
 19-10-18,09:08:06,Ch6,T. OVER
 19-10-18,09:09:06,Ch6,T. OVER
 19-10-18,09:10:06,Ch6,T. OVER
 19-10-18,09:11:07,Ch6,T. OVER
 19-10-18,09:12:07,Ch6,T. OVER
 19-10-18,09:13:07,Ch6,T. OVER
 19-10-18,09:14:07,Ch6,T. OVER
 19-10-18,09:15:07,Ch6,T. OVER
 19-10-18,09:16:07,Ch6,T. OVER
 19-10-18,09:17:07,Ch6,T. OVER
 19-10-18,09:18:07,Ch6,T. OVER
 19-10-18,09:19:08,Ch6,T. OVER
 19-10-18,09:20:08,Ch6,T. OVER
 19-10-18,09:21:08,Ch6,T. OVER
 19-10-18,09:22:08,Ch6,T. OVER
 19-10-18,09:23:08,Ch6,T. OVER
 19-10-18,09:24:08,Ch6,T. OVER
 19-10-18,09:25:08,Ch6,T. OVER
 19-10-18,09:26:08,Ch6,T. OVER
 19-10-18,09:27:08,Ch6,T. OVER
 19-10-18,09:28:08,Ch6,T. OVER
 19-10-18,09:29:08,Ch6,T. OVER
 19-10-18,09:30:08,Ch6,T. OVER
 19-10-18,09:31:08,Ch6,T. OVER
 19-10-18,09:32:08,Ch6,T. OVER
 19-10-18,09:33:08,Ch6,T. OVER
 19-10-18,09:34:08,Ch6,T. OVER
 19-10-18,09:35:08,Ch6,T. OVER
 19-10-18,09:36:09,Ch6,T. OVER
 19-10-18,09:37:09,Ch6,T. OVER
 19-10-18,09:38:09,Ch6,T. OVER
 19-10-18,09:39:09,Ch6,T. OVER
 19-10-18,09:40:09,Ch6,T. OVER
 19-10-18,09:41:09,Ch6,T. OVER
 19-10-18,09:42:09,Ch6,T. OVER
 19-10-18,09:43:09,Ch6,T. OVER
 19-10-18,09:44:09,Ch6,T. OVER
 19-10-18,09:45:09,Ch6,T. OVER
 19-10-18,09:46:09,Ch6,T. OVER
 19-10-18,09:47:09,Ch6,T. OVER
 19-10-18,09:48:09,Ch6,T. OVER
 19-10-18,09:49:09,Ch6,T. OVER
 19-10-18,09:50:09,Ch6,T. OVER
 19-10-18,09:51:09,Ch6,T. OVER
 19-10-18,09:52:09,Ch6,T. OVER
 19-10-18,09:53:09,Ch6,T. OVER
 19-10-18,09:54:09,Ch6,T. OVER
 19-10-18,09:55:10,Ch6,T. OVER
 19-10-18,09:56:10,Ch6,T. OVER
 19-10-18,09:57:10,Ch6,T. OVER
 19-10-18,09:58:10,Ch6,T. OVER
 19-10-18,09:59:11,Ch6,T. OVER
 19-10-18,10:00:11,Ch6,T. OVER
 19-10-18,10:01:11,Ch6,T. OVER
 19-10-18,10:02:11,Ch6,T. OVER
 19-10-18,10:03:11,Ch6,T. OVER
 19-10-18,10:04:11,Ch6,T. OVER
 19-10-18,10:05:11,Ch6,T. OVER
 19-10-18,10:06:11,Ch6,T. OVER
 19-10-18,10:07:11,Ch6,T. OVER
 19-10-18,10:08:11,Ch6,T. OVER
 19-10-18,10:09:11,Ch6,T. OVER
 19-10-18,10:10:12,Ch6,T. OVER
 19-10-18,10:11:12,Ch6,T. OVER
 19-10-18,10:12:12,Ch6,T. OVER
 19-10-18,10:13:12,Ch6,T. OVER
 19-10-18,10:14:12,Ch6,T. OVER
 19-10-18,10:15:12,Ch6,T. OVER
 19-10-18,10:16:12,Ch6,T. OVER
 19-10-18,10:17:12,Ch6,T. OVER
 19-10-18,10:18:12,Ch6,T. OVER
 19-10-18,10:19:12,Ch6,T. OVER
 19-10-18,10:20:12,Ch6,T. OVER
 19-10-18,10:21:13,Ch6,T. OVER
 19-10-18,10:22:13,Ch6,T. OVER
 19-10-18,10:23:13,Ch6,T. OVER
 19-10-18,10:24:13,Ch6,T. OVER
 19-10-18,10:25:13,Ch6,T. OVER
 19-10-18,10:26:13,Ch6,T. OVER
 19-10-18,10:27:13,Ch6,T. OVER
 19-10-18,10:28:13,Ch6,T. OVER
 19-10-18,10:29:13,Ch6,T. OVER
 19-10-18,10:30:13,Ch6,T. OVER
 19-10-18,10:31:13,Ch6,T. OVER
 19-10-18,10:32:13,Ch6,T. OVER
 19-10-18,10:33:13,Ch6,T. OVER
 19-10-18,10:34:13,Ch6,T. OVER
 19-10-18,10:35:13,Ch6,T. OVER
 19-10-18,10:36:13,Ch6,T. OVER
 19-10-18,10:37:13,Ch6,T. OVER
 19-10-18,10:38:13,Ch6,T. OVER
 19-10-18,10:39:13,Ch6,T. OVER
 19-10-18,10:40:13,Ch6,T. OVER
 19-10-18,10:41:13,Ch6,T. OVER
 19-10-18,10:42:13,Ch6,T. OVER
 19-10-18,10:43:13,Ch6,T. OVER
 19-10-18,10:44:14,Ch6,T. OVER
 19-10-18,10:45:14,Ch6,T. OVER
 19-10-18,10:46:14,Ch6,T. OVER
 19-10-18,10:47:14,Ch6,VMIX OVL,VDIF OVL,T. OVER
 19-10-18,10:48:14,Ch6,T. OVER
 19-10-18,10:49:14,Ch6,T. OVER
 19-10-18,10:50:14,Ch6,T. OVER
 19-10-18,10:51:15,Ch6,T. OVER
 19-10-18,10:52:15,Ch6,T. OVER
 19-10-18,10:53:15,Ch6,T. OVER
 19-10-18,10:54:15,Ch6,T. OVER
 19-10-18,10:55:15,Ch6,T. OVER
 19-10-18,10:56:15,Ch6,T. OVER
 19-10-18,10:57:15,Ch6,T. OVER
 19-10-18,10:58:15,Ch6,T. OVER
 19-10-18,10:59:15,Ch6,T. OVER
 19-10-18,11:00:15,Ch6,T. OVER
 19-10-18,11:01:15,Ch6,T. OVER
 19-10-18,11:02:15,Ch6,T. OVER
 19-10-18,11:03:15,Ch6,T. OVER
 19-10-18,11:04:15,Ch6,T. OVER
 19-10-18,11:05:16,Ch6,T. OVER
 19-10-18,11:06:16,Ch6,T. OVER
 19-10-18,11:07:16,Ch6,T. OVER
 19-10-18,11:08:16,Ch6,T. OVER
 19-10-18,11:09:16,Ch6,T. OVER
 19-10-18,11:10:16,Ch6,T. OVER
 19-10-18,11:11:16,Ch6,T. OVER
 19-10-18,11:12:16,Ch6,T. OVER
 19-10-18,11:13:16,Ch6,T. OVER
 19-10-18,11:14:16,Ch6,T. OVER
 19-10-18,11:15:16,Ch6,T. OVER
 19-10-18,11:16:17,Ch6,T. OVER
 19-10-18,11:17:17,Ch6,T. OVER
 19-10-18,11:18:17,Ch6,T. OVER
 19-10-18,11:19:17,Ch6,T. OVER
 19-10-18,11:20:17,Ch6,T. OVER
 19-10-18,11:21:17,Ch6,T. OVER
 19-10-18,11:22:17,Ch6,T. OVER
 19-10-18,11:23:17,Ch6,T. OVER
 19-10-18,11:24:17,Ch6,T. OVER
 19-10-18,11:25:17,Ch6,T. OVER
 19-10-18,11:26:17,Ch6,T. OVER
 19-10-18,11:27:17,Ch6,T. OVER
 19-10-18,11:28:17,Ch6,T. OVER
 19-10-18,11:29:17,Ch6,T. OVER
 19-10-18,11:30:17,Ch6,T. OVER
 19-10-18,11:31:17,Ch6,T. OVER
 19-10-18,11:32:18,Ch6,T. OVER
 19-10-18,11:33:18,Ch6,T. OVER
 19-10-18,11:34:18,Ch6,T. OVER
 19-10-18,11:35:18,Ch6,T. OVER
 19-10-18,11:36:18,Ch6,T. OVER
 19-10-18,11:37:18,Ch6,T. OVER
 19-10-18,11:38:18,Ch6,T. OVER
 19-10-18,11:39:18,Ch6,T. OVER
 19-10-18,11:40:18,Ch6,T. OVER
 19-10-18,11:41:18,Ch6,T. OVER
 19-10-18,11:42:18,Ch6,T. OVER
 19-10-18,11:43:18,Ch6,T. OVER
 19-10-18,11:44:18,Ch6,T. OVER
 19-10-18,11:45:18,Ch6,T. OVER
 19-10-18,11:46:18,Ch6,T. OVER
 19-10-18,11:47:18,Ch6,T. OVER
 19-10-18,11:48:19,Ch6,T. OVER
 19-10-18,11:49:19,Ch6,T. OVER
 19-10-18,11:50:19,Ch6,T. OVER
 19-10-18,11:51:19,Ch6,T. OVER
 19-10-18,11:52:19,Ch6,T. OVER
 19-10-18,11:53:19,Ch6,T. OVER
 19-10-18,11:54:19,Ch6,T. OVER
 19-10-18,11:55:19,Ch6,T. OVER
 19-10-18,11:56:19,Ch6,T. OVER
 19-10-18,11:57:19,Ch6,T. OVER
 19-10-18,11:58:19,Ch6,T. OVER
 19-10-18,11:59:19,Ch6,T. OVER
 19-10-18,12:00:19,Ch6,T. OVER
 19-10-18,12:01:19,Ch6,T. OVER
 19-10-18,12:02:19,Ch6,T. OVER
 19-10-18,12:03:19,Ch6,T. OVER
 19-10-18,12:04:20,Ch6,T. OVER
 19-10-18,12:05:20,Ch6,T. OVER
 19-10-18,12:06:20,Ch6,T. OVER
 19-10-18,12:07:20,Ch6,T. OVER
 19-10-18,12:08:20,Ch6,T. OVER
 19-10-18,12:09:20,Ch6,T. OVER
 19-10-18,12:10:20,Ch6,T. OVER
 19-10-18,12:11:21,Ch6,T. OVER
 19-10-18,12:12:21,Ch6,T. OVER
 19-10-18,12:13:21,Ch6,T. OVER
 19-10-18,12:14:21,Ch6,T. OVER
 19-10-18,12:15:21,Ch6,T. OVER
 19-10-18,12:16:21,Ch6,T. OVER
 19-10-18,12:17:21,Ch6,T. OVER
 19-10-18,12:18:21,Ch6,T. OVER
 19-10-18,12:19:21,Ch6,T. OVER
 19-10-18,12:20:21,Ch6,T. OVER
 19-10-18,12:21:21,Ch6,T. OVER
 19-10-18,12:22:21,Ch6,T. OVER
 19-10-18,12:23:21,Ch6,T. OVER
 19-10-18,12:24:21,Ch6,T. OVER
 19-10-18,12:25:21,Ch6,T. OVER
 19-10-18,12:26:21,Ch6,T. OVER
 19-10-18,12:27:22,Ch6,T. OVER
 19-10-18,12:28:22,Ch6,T. OVER
 19-10-18,12:29:22,Ch6,T. OVER
 19-10-18,12:30:22,Ch6,T. OVER
 19-10-18,12:31:22,Ch6,T. OVER
 19-10-18,12:32:22,Ch6,T. OVER
 19-10-18,12:33:23,Ch6,T. OVER
 19-10-18,12:34:23,Ch6,T. OVER
 19-10-18,12:35:23,Ch6,T. OVER
 19-10-18,12:36:23,Ch6,T. OVER
 19-10-18,12:37:23,Ch6,T. OVER
 19-10-18,12:38:23,Ch6,T. OVER
 19-10-18,12:39:23,Ch6,T. OVER
 19-10-18,12:40:23,Ch6,T. OVER
 19-10-18,12:41:23,Ch6,T. OVER
 19-10-18,12:42:23,Ch6,T. OVER
 19-10-18,12:43:24,Ch6,T. OVER
 19-10-18,12:44:24,Ch6,T. OVER
 19-10-18,12:45:24,Ch6,T. OVER
 19-10-18,12:46:24,Ch6,T. OVER
 19-10-18,12:47:24,Ch6,T. OVER
 19-10-18,12:48:24,Ch6,T. OVER
 19-10-18,12:49:24,Ch6,T. OVER
 19-10-18,12:50:24,Ch6,T. OVER
 19-10-18,12:51:24,Ch6,T. OVER
 19-10-18,12:52:24,Ch6,T. OVER
 19-10-18,12:53:24,Ch6,T. OVER
 19-10-18,12:54:24,Ch6,T. OVER
 19-10-18,12:55:24,Ch6,T. OVER
 19-10-18,12:56:24,Ch6,T. OVER
 19-10-18,12:57:24,Ch6,T. OVER
 19-10-18,12:58:24,Ch6,T. OVER
 19-10-18,12:59:24,Ch6,T. OVER
 19-10-18,13:00:24,Ch6,T. OVER
 19-10-18,13:01:24,Ch6,T. OVER
 19-10-18,13:02:25,Ch6,T. OVER
 19-10-18,13:03:25,Ch6,T. OVER
 19-10-18,13:04:25,Ch6,T. OVER
 19-10-18,13:05:25,Ch6,T. OVER
 19-10-18,13:06:25,Ch6,T. OVER
 19-10-18,13:07:26,Ch6,T. OVER
 19-10-18,13:08:26,Ch6,T. OVER
 19-10-18,13:09:26,Ch6,T. OVER
 19-10-18,13:10:26,Ch5,VDIF OVL
 19-10-18,13:10:26,Ch6,T. OVER
 19-10-18,13:11:26,Ch1,VDIF OVL
 19-10-18,13:11:26,Ch6,T. OVER
 19-10-18,13:12:26,Ch6,T. OVER
 19-10-18,13:13:26,Ch1,VDIF OVL
 19-10-18,13:13:26,Ch6,T. OVER
 19-10-18,13:14:26,Ch6,T. OVER
 19-10-18,13:15:26,Ch6,T. OVER
 19-10-18,13:16:26,Ch6,T. OVER
 19-10-18,13:17:26,Ch6,T. OVER
 19-10-18,13:18:26,Ch6,T. OVER
 19-10-18,13:19:27,Ch6,T. OVER
 19-10-18,13:20:27,Ch6,T. OVER
 19-10-18,13:21:27,Ch6,T. OVER
 19-10-18,13:22:27,Ch6,T. OVER
 19-10-18,13:23:27,Ch6,T. OVER
 19-10-18,13:24:27,Ch6,T. OVER
 19-10-18,13:25:27,Ch6,T. OVER
 19-10-18,13:26:27,Ch6,T. OVER
 19-10-18,13:27:27,Ch6,T. OVER
 19-10-18,13:28:27,Ch6,T. OVER
 19-10-18,13:29:27,Ch6,T. OVER
 19-10-18,13:30:27,Ch6,T. OVER
 19-10-18,13:31:28,Ch6,T. OVER
 19-10-18,13:32:28,Ch6,T. OVER
 19-10-18,13:33:28,Ch6,T. OVER
 19-10-18,13:34:28,Ch6,T. OVER
 19-10-18,13:35:28,Ch6,T. OVER
 19-10-18,13:36:28,Ch6,T. OVER
 19-10-18,13:37:28,Ch6,T. OVER
 19-10-18,13:38:28,Ch6,T. OVER
 19-10-18,13:39:28,Ch6,T. OVER
 19-10-18,13:40:28,Ch6,T. OVER
 19-10-18,13:41:28,Ch6,T. OVER
 19-10-18,13:42:29,Ch6,T. OVER
 19-10-18,13:43:29,Ch6,T. OVER
 19-10-18,13:44:29,Ch6,T. OVER
 19-10-18,13:45:29,Ch6,T. OVER
 19-10-18,13:46:29,Ch6,T. OVER
 19-10-18,13:47:29,Ch6,T. OVER
 19-10-18,13:48:29,Ch6,T. OVER
 19-10-18,13:49:29,Ch6,T. OVER
 19-10-18,13:50:29,Ch6,T. OVER
 19-10-18,13:51:29,Ch6,T. OVER
 19-10-18,13:52:29,Ch6,T. OVER
 19-10-18,13:53:29,Ch6,T. OVER
 19-10-18,13:54:29,Ch6,T. OVER
 19-10-18,13:55:30,Ch6,T. OVER
 19-10-18,13:56:30,Ch6,T. OVER
 19-10-18,13:57:30,Ch6,T. OVER
 19-10-18,13:58:30,Ch6,T. OVER
 19-10-18,13:59:30,Ch6,T. OVER
 19-10-18,14:00:30,Ch6,T. OVER
 19-10-18,14:01:30,Ch6,T. OVER
 19-10-18,14:02:30,Ch6,T. OVER
 19-10-18,14:03:30,Ch6,T. OVER
 19-10-18,14:04:30,Ch6,T. OVER
 19-10-18,14:05:30,Ch6,T. OVER
 19-10-18,14:06:30,Ch6,T. OVER
 19-10-18,14:07:30,Ch6,T. OVER
 19-10-18,14:08:30,Ch6,T. OVER
 19-10-18,14:09:30,Ch6,T. OVER
 19-10-18,14:10:30,Ch6,T. OVER
 19-10-18,14:11:30,Ch6,T. OVER
 19-10-18,14:12:30,Ch6,T. OVER
 19-10-18,14:13:31,Ch6,T. OVER
 19-10-18,14:14:31,Ch6,T. OVER
 19-10-18,14:15:31,Ch6,T. OVER
 19-10-18,14:16:31,Ch6,T. OVER
 19-10-18,14:17:31,Ch6,T. OVER
 19-10-18,14:18:31,Ch6,T. OVER
 19-10-18,14:19:31,Ch6,T. OVER
 19-10-18,14:20:31,Ch6,T. OVER
 19-10-18,14:21:31,Ch6,T. OVER
 19-10-18,14:22:31,Ch6,T. OVER
 19-10-18,14:23:32,Ch6,T. OVER
 19-10-18,14:24:32,Ch6,T. OVER
 19-10-18,14:25:32,Ch6,T. OVER
 19-10-18,14:26:32,Ch6,T. OVER
 19-10-18,14:27:32,Ch6,T. OVER
 19-10-18,14:28:32,Ch6,T. OVER
 19-10-18,14:29:32,Ch6,T. OVER
 19-10-18,14:30:32,Ch6,T. OVER
 19-10-18,14:31:32,Ch6,T. OVER
 19-10-18,14:32:32,Ch6,T. OVER
 19-10-18,14:33:32,Ch6,T. OVER
 19-10-18,14:34:32,Ch6,T. OVER
 19-10-18,14:35:32,Ch6,T. OVER
 19-10-18,14:36:32,Ch6,T. OVER
 19-10-18,14:37:32,Ch6,T. OVER
 19-10-18,14:38:32,Ch6,T. OVER
 19-10-18,14:39:32,Ch6,T. OVER
 19-10-18,14:40:32,Ch6,T. OVER
 19-10-18,14:41:33,Ch6,T. OVER
 19-10-18,14:42:33,Ch6,T. OVER
 19-10-18,14:43:33,Ch6,T. OVER
 19-10-18,14:44:33,Ch6,T. OVER
 19-10-18,14:45:33,Ch6,T. OVER
 19-10-18,14:46:33,Ch6,T. OVER
 19-10-18,14:47:33,Ch6,T. OVER
 19-10-18,14:48:33,Ch6,T. OVER
 19-10-18,14:49:33,Ch6,T. OVER
 19-10-18,14:50:34,Ch6,T. OVER
 19-10-18,14:51:34,Ch6,T. OVER
 19-10-18,14:52:34,Ch6,T. OVER
 19-10-18,14:53:34,Ch6,T. OVER
 19-10-18,14:54:34,Ch6,T. OVER
 19-10-18,14:55:34,Ch6,T. OVER
 19-10-18,14:56:34,Ch6,T. OVER
 19-10-18,14:57:35,Ch6,T. OVER
 19-10-18,14:58:35,Ch6,T. OVER
 19-10-18,14:59:35,Ch6,T. OVER
 19-10-18,15:00:35,Ch6,T. OVER
 19-10-18,15:01:35,Ch6,T. OVER
 19-10-18,15:02:35,Ch6,T. OVER
 19-10-18,15:03:35,Ch6,T. OVER
 19-10-18,15:04:35,Ch6,T. OVER
 19-10-18,15:05:35,Ch6,T. OVER
 19-10-18,15:06:35,Ch6,T. OVER
 19-10-18,15:07:35,Ch6,T. OVER
 19-10-18,15:08:35,Ch6,T. OVER
 19-10-18,15:09:35,Ch6,T. OVER
 19-10-18,15:10:35,Ch6,T. OVER
 19-10-18,15:11:35,Ch6,T. OVER
 19-10-18,15:12:35,Ch6,T. OVER
 19-10-18,15:13:35,Ch6,T. OVER
 19-10-18,15:14:35,Ch6,T. OVER
 19-10-18,15:15:35,Ch6,T. OVER
 19-10-18,15:16:36,Ch6,T. OVER
 19-10-18,15:17:36,Ch6,T. OVER
 19-10-18,15:18:36,Ch6,T. OVER
 19-10-18,15:19:36,Ch6,T. OVER
 19-10-18,15:20:36,Ch6,T. OVER
 19-10-18,15:21:36,Ch6,T. OVER
 19-10-18,15:22:36,Ch6,T. OVER
 19-10-18,15:23:36,Ch6,T. OVER
 19-10-18,15:24:36,Ch6,T. OVER
 19-10-18,15:25:36,Ch6,T. OVER
 19-10-18,15:26:36,Ch6,T. OVER
 19-10-18,15:27:36,Ch6,T. OVER
 19-10-18,15:28:37,Ch6,T. OVER
 19-10-18,15:29:37,Ch6,T. OVER
 19-10-18,15:30:37,Ch6,T. OVER
 19-10-18,15:31:37,Ch6,T. OVER
 19-10-18,15:32:37,Ch6,T. OVER
 19-10-18,15:33:37,Ch6,T. OVER
 19-10-18,15:34:37,Ch6,T. OVER
 19-10-18,15:35:37,Ch6,T. OVER
 19-10-18,15:36:37,Ch6,T. OVER
 19-10-18,15:37:37,Ch6,T. OVER
 19-10-18,15:38:37,Ch6,T. OVER
 19-10-18,15:39:37,Ch6,T. OVER
 19-10-18,15:40:37,Ch6,T. OVER
 19-10-18,15:41:37,Ch6,T. OVER
 19-10-18,15:42:37,Ch6,T. OVER
 19-10-18,15:43:38,Ch6,T. OVER
 19-10-18,15:44:38,Ch6,T. OVER
 19-10-18,15:45:38,Ch6,T. OVER
 19-10-18,15:46:38,Ch6,T. OVER
 19-10-18,15:47:38,Ch6,T. OVER
 19-10-18,15:48:38,Ch6,T. OVER
 19-10-18,15:49:38,Ch6,T. OVER
 19-10-18,15:50:38,Ch6,T. OVER
 19-10-18,15:51:38,Ch6,T. OVER
 19-10-18,15:52:38,Ch6,T. OVER
 19-10-18,15:53:38,Ch6,T. OVER
 19-10-18,15:54:38,Ch6,T. OVER
 19-10-18,15:55:38,Ch6,T. OVER
 19-10-18,15:56:38,Ch6,T. OVER
 19-10-18,15:57:38,Ch6,T. OVER
 19-10-18,15:58:38,Ch6,T. OVER
 19-10-18,15:59:38,Ch6,T. OVER
 19-10-18,16:00:38,Ch6,VMIX OVL,VDIF OVL,T. OVER
 19-10-18,16:01:39,Ch6,T. OVER
 19-10-18,16:02:39,Ch6,VMIX OVL,T. OVER
 19-10-18,16:03:39,Ch6,T. OVER
 19-10-18,16:04:39,Ch6,T. OVER
 19-10-18,16:05:39,Ch6,T. OVER
 19-10-18,16:06:39,Ch6,T. OVER
 19-10-18,16:07:39,Ch6,T. OVER
 19-10-18,16:08:39,Ch6,T. OVER
 19-10-18,16:09:39,Ch6,T. OVER
 19-10-18,16:10:39,Ch6,T. OVER
 19-10-18,16:11:39,Ch6,T. OVER
 19-10-18,16:12:39,Ch6,VMIX OVL,VDIF OVL,T. OVER
 19-10-18,16:13:39,Ch6,T. OVER
 19-10-18,16:14:39,Ch6,T. OVER
 19-10-18,16:15:39,Ch6,T. OVER
 19-10-18,16:16:39,Ch6,T. OVER
 19-10-18,16:17:40,Ch6,T. OVER
 19-10-18,16:18:40,Ch6,T. OVER
 19-10-18,16:19:40,Ch6,T. OVER
 19-10-18,16:20:40,Ch6,T. OVER
 19-10-18,16:21:40,Ch6,T. OVER
 19-10-18,16:22:40,Ch6,T. OVER
 19-10-18,16:23:40,Ch6,T. OVER
 19-10-18,16:24:40,Ch6,T. OVER
 19-10-18,16:25:40,Ch6,T. OVER
 19-10-18,16:26:40,Ch6,T. OVER
 19-10-18,16:27:40,Ch6,T. OVER
 19-10-18,16:28:41,Ch6,T. OVER
 19-10-18,16:29:41,Ch6,T. OVER
 19-10-18,16:30:41,Ch6,T. OVER
 19-10-18,16:31:41,Ch6,T. OVER
 19-10-18,16:32:41,Ch6,T. OVER
 19-10-18,16:33:41,Ch6,T. OVER
 19-10-18,16:34:41,Ch6,T. OVER
 19-10-18,16:35:41,Ch6,T. OVER
 19-10-18,16:36:41,Ch6,T. OVER
 19-10-18,16:37:41,Ch6,T. OVER
 19-10-18,16:38:41,Ch6,T. OVER
 19-10-18,16:39:41,Ch6,T. OVER
 19-10-18,16:40:41,Ch6,T. OVER
 19-10-18,16:41:42,Ch6,T. OVER
 19-10-18,16:42:42,Ch6,T. OVER
 19-10-18,16:43:42,Ch6,T. OVER
 19-10-18,16:44:42,Ch6,T. OVER
 19-10-18,16:45:42,Ch6,T. OVER
 19-10-18,16:46:42,Ch6,T. OVER
 19-10-18,16:47:42,Ch6,T. OVER
 19-10-18,16:48:42,Ch6,T. OVER
 19-10-18,16:49:42,Ch6,T. OVER
 19-10-18,16:50:42,Ch6,T. OVER
 19-10-18,16:51:42,Ch6,T. OVER
 19-10-18,16:52:43,Ch6,T. OVER
 19-10-18,16:53:43,Ch6,T. OVER
 19-10-18,16:54:43,Ch6,T. OVER
 19-10-18,16:55:43,Ch6,T. OVER
 19-10-18,16:56:43,Ch6,T. OVER
 19-10-18,16:57:43,Ch6,T. OVER
 19-10-18,16:58:43,Ch6,T. OVER
 19-10-18,16:59:43,Ch6,T. OVER
 19-10-18,17:00:43,Ch6,T. OVER
 19-10-18,17:01:43,Ch6,T. OVER
 19-10-18,17:02:43,Ch6,T. OVER
 19-10-18,17:03:43,Ch6,T. OVER
 19-10-18,17:04:43,Ch6,T. OVER
 19-10-18,17:05:43,Ch6,T. OVER
 19-10-18,17:06:43,Ch6,T. OVER
 19-10-18,17:07:43,Ch6,T. OVER
 19-10-18,17:08:44,Ch6,T. OVER
 19-10-18,17:09:44,Ch6,T. OVER
 19-10-18,17:10:44,Ch6,T. OVER
 19-10-18,17:11:44,Ch6,T. OVER
 19-10-18,17:12:44,Ch6,T. OVER
 19-10-18,17:13:44,Ch6,T. OVER
 19-10-18,17:14:44,Ch6,T. OVER
 19-10-18,17:15:44,Ch6,T. OVER
 19-10-18,17:16:44,Ch6,T. OVER
 19-10-18,17:17:44,Ch6,T. OVER
 19-10-18,17:18:45,Ch6,T. OVER
 19-10-18,17:19:45,Ch6,T. OVER
 19-10-18,17:20:45,Ch6,T. OVER
 19-10-18,17:21:45,Ch6,T. OVER
 19-10-18,17:22:45,Ch6,T. OVER
 19-10-18,17:23:45,Ch6,T. OVER
 19-10-18,17:24:45,Ch6,T. OVER
 19-10-18,17:25:45,Ch6,T. OVER
 19-10-18,17:26:45,Ch6,T. OVER
 19-10-18,17:27:45,Ch6,T. OVER
 19-10-18,17:28:45,Ch6,T. OVER
 19-10-18,17:29:45,Ch6,T. OVER
 19-10-18,17:30:45,Ch6,T. OVER
 19-10-18,17:31:45,Ch6,T. OVER
 19-10-18,17:32:46,Ch6,T. OVER
 19-10-18,17:33:46,Ch6,T. OVER
 19-10-18,17:34:46,Ch6,T. OVER
 19-10-18,17:35:46,Ch6,T. OVER
 19-10-18,17:36:46,Ch6,T. OVER
 19-10-18,17:37:46,Ch6,T. OVER
 19-10-18,17:38:46,Ch6,T. OVER
 19-10-18,17:39:46,Ch6,T. OVER
 19-10-18,17:40:46,Ch6,T. OVER
 19-10-18,17:41:46,Ch6,T. OVER
 19-10-18,17:42:46,Ch6,T. OVER
 19-10-18,17:43:46,Ch6,T. OVER
 19-10-18,17:44:46,Ch6,T. OVER
 19-10-18,17:45:47,Ch6,T. OVER
 19-10-18,17:46:47,Ch6,T. OVER
 19-10-18,17:47:47,Ch6,T. OVER
 19-10-18,17:48:47,Ch6,T. OVER
 19-10-18,17:49:47,Ch6,T. OVER
 19-10-18,17:50:47,Ch6,T. OVER
 19-10-18,17:51:47,Ch6,T. OVER
 19-10-18,17:52:47,Ch6,T. OVER
 19-10-18,17:53:47,Ch6,T. OVER
 19-10-18,17:54:47,Ch6,T. OVER
 19-10-18,17:55:47,Ch6,T. OVER
 19-10-18,17:56:48,Ch6,T. OVER
 19-10-18,17:57:48,Ch6,T. OVER
 19-10-18,17:58:48,Ch6,T. OVER
 19-10-18,17:59:48,Ch6,T. OVER
 19-10-18,18:00:48,Ch6,T. OVER
 19-10-18,18:01:48,Ch6,T. OVER
 19-10-18,18:02:48,Ch6,T. OVER
 19-10-18,18:03:48,Ch6,T. OVER
 19-10-18,18:04:48,Ch6,T. OVER
 19-10-18,18:05:48,Ch6,T. OVER
 19-10-18,18:06:48,Ch6,T. OVER
 19-10-18,18:07:48,Ch6,T. OVER
 19-10-18,18:08:48,Ch6,T. OVER
 19-10-18,18:09:48,Ch6,T. OVER
 19-10-18,18:10:48,Ch6,T. OVER
 19-10-18,18:11:48,Ch6,T. OVER
 19-10-18,18:12:48,Ch6,T. OVER
 19-10-18,18:13:48,Ch6,T. OVER
 19-10-18,18:14:48,Ch6,T. OVER
 19-10-18,18:15:49,Ch6,T. OVER
 19-10-18,18:16:49,Ch6,T. OVER
 19-10-18,18:17:49,Ch6,T. OVER
 19-10-18,18:18:49,Ch6,T. OVER
 19-10-18,18:19:49,Ch6,T. OVER
 19-10-18,18:20:49,Ch6,T. OVER
 19-10-18,18:21:49,Ch6,T. OVER
 19-10-18,18:22:49,Ch6,T. OVER
 19-10-18,18:23:49,Ch6,T. OVER
 19-10-18,18:24:49,Ch6,T. OVER
 19-10-18,18:25:50,Ch6,T. OVER
 19-10-18,18:26:50,Ch6,T. OVER
 19-10-18,18:27:50,Ch6,T. OVER
 19-10-18,18:28:50,Ch6,T. OVER
 19-10-18,18:29:50,Ch6,T. OVER
 19-10-18,18:30:50,Ch6,T. OVER
 19-10-18,18:31:50,Ch6,T. OVER
 19-10-18,18:32:50,Ch6,T. OVER
 19-10-18,18:33:50,Ch6,T. OVER
 19-10-18,18:34:51,Ch6,T. OVER
 19-10-18,18:35:51,Ch6,T. OVER
 19-10-18,18:36:51,Ch6,T. OVER
 19-10-18,18:37:51,Ch6,T. OVER
 19-10-18,18:38:51,Ch6,T. OVER
 19-10-18,18:39:51,Ch6,T. OVER
 19-10-18,18:40:51,Ch6,T. OVER
 19-10-18,18:41:51,Ch6,T. OVER
 19-10-18,18:42:51,Ch6,T. OVER
 19-10-18,18:43:52,Ch6,T. OVER
 19-10-18,18:44:52,Ch6,T. OVER
 19-10-18,18:45:52,Ch6,T. OVER
 19-10-18,18:46:52,Ch6,T. OVER
 19-10-18,18:47:52,Ch6,T. OVER
 19-10-18,18:48:53,Ch6,T. OVER
 19-10-18,18:49:53,Ch6,T. OVER
 19-10-18,18:50:53,Ch6,T. OVER
 19-10-18,18:51:53,Ch6,T. OVER
 19-10-18,18:52:53,Ch6,T. OVER
 19-10-18,18:53:53,Ch6,T. OVER
 19-10-18,18:54:53,Ch6,T. OVER
 19-10-18,18:55:53,Ch6,T. OVER
 19-10-18,18:56:53,Ch6,T. OVER
 19-10-18,18:57:53,Ch6,T. OVER
 19-10-18,18:58:53,Ch6,T. OVER
 19-10-18,18:59:53,Ch6,T. OVER
 19-10-18,19:00:54,Ch6,T. OVER
 19-10-18,19:01:54,Ch6,T. OVER
 19-10-18,19:02:54,Ch6,T. OVER
 19-10-18,19:03:54,Ch6,T. OVER
 19-10-18,19:04:54,Ch6,T. OVER
 19-10-18,19:05:54,Ch6,T. OVER
 19-10-18,19:06:54,Ch6,T. OVER
 19-10-18,19:07:54,Ch6,T. OVER
 19-10-18,19:08:54,Ch6,T. OVER
 19-10-18,19:09:54,Ch6,T. OVER
 19-10-18,19:10:54,Ch6,T. OVER
 19-10-18,19:11:54,Ch6,T. OVER
 19-10-18,19:12:54,Ch6,T. OVER
 19-10-18,19:13:54,Ch6,T. OVER
 19-10-18,19:14:54,Ch6,T. OVER
 19-10-18,19:15:54,Ch6,T. OVER
 19-10-18,19:16:54,Ch6,T. OVER
 19-10-18,19:17:54,Ch6,T. OVER
 19-10-18,19:18:54,Ch6,T. OVER
 19-10-18,19:19:54,Ch6,T. OVER
 19-10-18,19:20:54,Ch6,T. OVER
 19-10-18,19:21:55,Ch6,T. OVER
 19-10-18,19:22:55,Ch6,T. OVER
 19-10-18,19:23:55,Ch6,T. OVER
 19-10-18,19:24:55,Ch6,T. OVER
 19-10-18,19:25:55,Ch6,T. OVER
 19-10-18,19:26:55,Ch6,T. OVER
 19-10-18,19:27:55,Ch6,T. OVER
 19-10-18,19:28:55,Ch6,T. OVER
 19-10-18,19:29:55,Ch6,T. OVER
 19-10-18,19:30:55,Ch6,T. OVER
 19-10-18,19:31:55,Ch6,T. OVER
 19-10-18,19:32:55,Ch6,T. OVER
 19-10-18,19:33:55,Ch6,T. OVER
 19-10-18,19:34:56,Ch6,T. OVER
 19-10-18,19:35:56,Ch6,T. OVER
 19-10-18,19:36:56,Ch6,T. OVER
 19-10-18,19:37:56,Ch6,T. OVER
 19-10-18,19:38:56,Ch6,T. OVER
 19-10-18,19:39:56,Ch6,T. OVER
 19-10-18,19:40:56,Ch6,T. OVER
 19-10-18,19:41:56,Ch6,T. OVER
 19-10-18,19:42:56,Ch6,T. OVER
 19-10-18,19:43:56,Ch6,T. OVER
 19-10-18,19:44:56,Ch6,T. OVER
 19-10-18,19:45:56,Ch6,T. OVER
 19-10-18,19:46:57,Ch6,T. OVER
 19-10-18,19:47:57,Ch6,T. OVER
 19-10-18,19:48:57,Ch6,T. OVER
 19-10-18,19:49:57,Ch6,T. OVER
 19-10-18,19:50:57,Ch6,T. OVER
 19-10-18,19:51:57,Ch6,T. OVER
 19-10-18,19:52:57,Ch6,T. OVER
 19-10-18,19:53:57,Ch6,T. OVER
 19-10-18,19:54:57,Ch6,T. OVER
 19-10-18,19:55:57,Ch6,T. OVER
 19-10-18,19:56:57,Ch6,T. OVER
 19-10-18,19:57:57,Ch6,T. OVER
 19-10-18,19:58:57,Ch6,T. OVER
 19-10-18,19:59:57,Ch6,T. OVER
 19-10-18,20:00:57,Ch6,T. OVER
 19-10-18,20:01:57,Ch6,T. OVER
 19-10-18,20:02:57,Ch6,T. OVER
 19-10-18,20:03:57,Ch6,T. OVER
 19-10-18,20:04:58,Ch6,T. OVER
 19-10-18,20:05:58,Ch6,T. OVER
 19-10-18,20:06:58,Ch6,T. OVER
 19-10-18,20:07:58,Ch6,T. OVER
 19-10-18,20:08:58,Ch6,T. OVER
 19-10-18,20:09:58,Ch6,T. OVER
 19-10-18,20:10:58,Ch6,T. OVER
 19-10-18,20:11:58,Ch6,T. OVER
 19-10-18,20:12:58,Ch6,T. OVER
 19-10-18,20:13:58,Ch6,T. OVER
 19-10-18,20:14:58,Ch6,T. OVER
 19-10-18,20:15:58,Ch6,T. OVER
 19-10-18,20:16:58,Ch6,T. OVER
 19-10-18,20:17:58,Ch6,T. OVER
 19-10-18,20:18:59,Ch6,T. OVER
 19-10-18,20:19:59,Ch6,T. OVER
 19-10-18,20:20:59,Ch6,T. OVER
 19-10-18,20:21:59,Ch6,T. OVER
 19-10-18,20:22:59,Ch6,T. OVER
 19-10-18,20:23:59,Ch6,T. OVER
 19-10-18,20:24:59,Ch6,T. OVER
 19-10-18,20:25:59,Ch6,T. OVER
 19-10-18,20:26:59,Ch6,T. OVER
 19-10-18,20:28:00,Ch6,T. OVER
 19-10-18,20:29:00,Ch6,T. OVER
 19-10-18,20:30:00,Ch6,T. OVER
 19-10-18,20:31:00,Ch6,T. OVER
 19-10-18,20:32:00,Ch6,T. OVER
 19-10-18,20:33:00,Ch6,T. OVER
 19-10-18,20:34:00,Ch6,T. OVER
 19-10-18,20:35:00,Ch6,T. OVER
 19-10-18,20:36:00,Ch6,T. OVER
 19-10-18,20:37:00,Ch6,T. OVER
 19-10-18,20:38:00,Ch6,T. OVER
 19-10-18,20:39:00,Ch6,T. OVER
 19-10-18,20:40:00,Ch6,T. OVER
 19-10-18,20:41:01,Ch6,T. OVER
 19-10-18,20:42:01,Ch6,T. OVER
 19-10-18,20:43:01,Ch6,T. OVER
 19-10-18,20:44:01,Ch6,T. OVER
 19-10-18,20:45:01,Ch6,T. OVER
 19-10-18,20:46:01,Ch6,T. OVER
 19-10-18,20:47:01,Ch6,T. OVER
 19-10-18,20:48:01,Ch6,T. OVER
 19-10-18,20:49:01,Ch6,T. OVER
 19-10-18,20:50:01,Ch6,T. OVER
 19-10-18,20:51:01,Ch6,T. OVER
 19-10-18,20:52:01,Ch6,T. OVER
 19-10-18,20:53:01,Ch6,T. OVER
 19-10-18,20:54:01,Ch6,T. OVER
 19-10-18,20:55:02,Ch6,T. OVER
 19-10-18,20:56:02,Ch6,T. OVER
 19-10-18,20:57:02,Ch6,T. OVER
 19-10-18,20:58:02,Ch6,T. OVER
 19-10-18,20:59:02,Ch6,T. OVER
 19-10-18,21:00:02,Ch6,T. OVER
 19-10-18,21:01:02,Ch6,T. OVER
 19-10-18,21:02:02,Ch6,T. OVER
 19-10-18,21:03:02,Ch6,T. OVER
 19-10-18,21:04:02,Ch6,T. OVER
 19-10-18,21:05:02,Ch6,T. OVER
 19-10-18,21:06:02,Ch6,T. OVER
 19-10-18,21:07:02,Ch6,T. OVER
 19-10-18,21:08:02,Ch6,T. OVER
 19-10-18,21:09:02,Ch6,T. OVER
 19-10-18,21:10:02,Ch6,T. OVER
 19-10-18,21:11:02,Ch6,T. OVER
 19-10-18,21:12:03,Ch6,T. OVER
 19-10-18,21:13:03,Ch6,T. OVER
 19-10-18,21:14:03,Ch6,T. OVER
 19-10-18,21:15:03,Ch6,T. OVER
 19-10-18,21:16:03,Ch6,T. OVER
 19-10-18,21:17:03,Ch6,T. OVER
 19-10-18,21:18:03,Ch6,T. OVER
 19-10-18,21:19:03,Ch6,T. OVER
 19-10-18,21:20:03,Ch6,T. OVER
 19-10-18,21:21:03,Ch6,T. OVER
 19-10-18,21:22:03,Ch6,T. OVER
 19-10-18,21:23:03,Ch6,T. OVER
 19-10-18,21:24:03,Ch6,T. OVER
 19-10-18,21:25:03,Ch6,T. OVER
 19-10-18,21:26:03,Ch6,T. OVER
 19-10-18,21:27:03,Ch6,T. OVER
 19-10-18,21:28:03,Ch6,T. OVER
 19-10-18,21:29:03,Ch6,T. OVER
 19-10-18,21:30:03,Ch6,T. OVER
 19-10-18,21:31:03,Ch6,T. OVER
 19-10-18,21:32:03,Ch6,T. OVER
 19-10-18,21:33:03,Ch6,T. OVER
 19-10-18,21:34:03,Ch6,T. OVER
 19-10-18,21:35:03,Ch6,T. OVER
 19-10-18,21:36:03,Ch6,T. OVER
 19-10-18,21:37:03,Ch6,T. OVER
 19-10-18,21:38:03,Ch6,T. OVER
 19-10-18,21:39:03,Ch6,T. OVER
 19-10-18,21:40:03,Ch6,T. OVER
 19-10-18,21:41:03,Ch6,T. OVER
 19-10-18,21:42:03,Ch6,T. OVER
 19-10-18,21:43:03,Ch6,T. OVER
 19-10-18,21:44:03,Ch6,T. OVER
 19-10-18,21:45:03,Ch6,T. OVER
 19-10-18,21:46:03,Ch6,T. OVER
 19-10-18,21:47:03,Ch6,T. OVER
 19-10-18,21:48:03,Ch6,T. OVER
 19-10-18,21:49:03,Ch6,T. OVER
 19-10-18,21:50:03,Ch6,T. OVER
 19-10-18,21:51:03,Ch6,T. OVER
 19-10-18,21:52:03,Ch6,T. OVER
 19-10-18,21:53:03,Ch6,T. OVER
 19-10-18,21:54:03,Ch6,T. OVER
 19-10-18,21:55:03,Ch6,T. OVER
 19-10-18,21:56:03,Ch6,T. OVER
 19-10-18,21:57:03,Ch6,T. OVER
 19-10-18,21:58:03,Ch6,T. OVER
 19-10-18,21:59:03,Ch6,T. OVER
 19-10-18,22:00:04,Ch6,T. OVER
 19-10-18,22:01:04,Ch6,T. OVER
 19-10-18,22:02:04,Ch6,VMIX OVL,VDIF OVL,T. OVER
 19-10-18,22:03:04,Ch6,T. OVER
 19-10-18,22:04:04,Ch6,T. OVER
 19-10-18,22:05:04,Ch6,T. OVER
 19-10-18,22:06:05,Ch6,T. OVER
 19-10-18,22:07:05,Ch6,T. OVER
 19-10-18,22:08:05,Ch6,T. OVER
 19-10-18,22:09:05,Ch6,T. OVER
 19-10-18,22:10:05,Ch6,T. OVER
 19-10-18,22:11:05,Ch6,T. OVER
 19-10-18,22:12:05,Ch6,T. OVER
 19-10-18,22:13:05,Ch6,T. OVER
 19-10-18,22:14:05,Ch6,T. OVER
 19-10-18,22:15:05,Ch6,T. OVER
 19-10-18,22:16:05,Ch6,T. OVER
 19-10-18,22:17:05,Ch6,T. OVER
 19-10-18,22:18:05,Ch6,T. OVER
 19-10-18,22:19:05,Ch6,T. OVER
 19-10-18,22:20:05,Ch6,T. OVER
 19-10-18,22:21:05,Ch6,T. OVER
 19-10-18,22:22:05,Ch6,T. OVER
 19-10-18,22:23:05,Ch6,T. OVER
 19-10-18,22:24:05,Ch6,T. OVER
 19-10-18,22:25:05,Ch6,T. OVER
 19-10-18,22:26:05,Ch6,T. OVER
 19-10-18,22:27:05,Ch6,T. OVER
 19-10-18,22:28:06,Ch6,T. OVER
 19-10-18,22:29:06,Ch6,T. OVER
 19-10-18,22:30:06,Ch6,T. OVER
 19-10-18,22:31:06,Ch6,T. OVER
 19-10-18,22:32:06,Ch6,T. OVER
 19-10-18,22:33:06,Ch6,T. OVER
 19-10-18,22:34:06,Ch6,T. OVER
 19-10-18,22:35:06,Ch6,T. OVER
 19-10-18,22:36:06,Ch6,T. OVER
 19-10-18,22:37:06,Ch6,T. OVER
 19-10-18,22:38:06,Ch6,T. OVER
 19-10-18,22:39:06,Ch6,T. OVER
 19-10-18,22:40:06,Ch6,T. OVER
 19-10-18,22:41:07,Ch6,T. OVER
 19-10-18,22:42:07,Ch6,T. OVER
 19-10-18,22:43:07,Ch6,T. OVER
 19-10-18,22:44:07,Ch6,T. OVER
 19-10-18,22:45:07,Ch6,T. OVER
 19-10-18,22:46:07,Ch6,T. OVER
 19-10-18,22:47:08,Ch6,T. OVER
 19-10-18,22:48:08,Ch6,T. OVER
 19-10-18,22:49:08,Ch6,T. OVER
 19-10-18,22:50:08,Ch6,T. OVER
 19-10-18,22:51:08,Ch6,T. OVER
 19-10-18,22:52:08,Ch6,T. OVER
 19-10-18,22:53:08,Ch6,T. OVER
 19-10-18,22:54:08,Ch6,T. OVER
 19-10-18,22:55:08,Ch6,T. OVER
 19-10-18,22:56:08,Ch6,T. OVER
 19-10-18,22:57:09,Ch6,T. OVER
 19-10-18,22:58:09,Ch6,T. OVER
 19-10-18,22:59:09,Ch6,T. OVER
 19-10-18,23:00:09,Ch6,T. OVER
 19-10-18,23:01:09,Ch6,T. OVER
 19-10-18,23:02:09,Ch6,T. OVER
 19-10-18,23:03:09,Ch6,T. OVER
 19-10-18,23:04:09,Ch6,T. OVER
 19-10-18,23:05:09,Ch6,T. OVER
 19-10-18,23:06:09,Ch6,T. OVER
 19-10-18,23:07:09,Ch6,T. OVER
 19-10-18,23:08:10,Ch6,T. OVER
 19-10-18,23:09:10,Ch6,T. OVER
 19-10-18,23:10:10,Ch6,T. OVER
 19-10-18,23:11:10,Ch6,T. OVER
 19-10-18,23:12:10,Ch6,T. OVER
 19-10-18,23:13:10,Ch6,T. OVER
 19-10-18,23:14:10,Ch6,T. OVER
 19-10-18,23:15:10,Ch6,T. OVER
 19-10-18,23:16:10,Ch6,T. OVER
 19-10-18,23:17:10,Ch6,T. OVER
 19-10-18,23:18:10,Ch6,T. OVER
 19-10-18,23:19:10,Ch6,T. OVER
 19-10-18,23:20:10,Ch6,T. OVER
 19-10-18,23:21:10,Ch6,T. OVER
 19-10-18,23:22:10,Ch6,T. OVER
 19-10-18,23:23:10,Ch6,T. OVER
 19-10-18,23:24:10,Ch6,T. OVER
 19-10-18,23:25:10,Ch6,T. OVER
 19-10-18,23:26:11,Ch6,T. OVER
 19-10-18,23:27:11,Ch6,T. OVER
 19-10-18,23:28:11,Ch6,T. OVER
 19-10-18,23:29:11,Ch6,T. OVER
 19-10-18,23:30:11,Ch6,T. OVER
 19-10-18,23:31:11,Ch6,T. OVER
 19-10-18,23:32:11,Ch6,T. OVER
 19-10-18,23:33:11,Ch6,T. OVER
 19-10-18,23:34:11,Ch6,T. OVER
 19-10-18,23:35:11,Ch6,T. OVER
 19-10-18,23:36:11,Ch6,T. OVER
 19-10-18,23:37:11,Ch6,T. OVER
 19-10-18,23:38:11,Ch6,T. OVER
 19-10-18,23:39:11,Ch6,T. OVER
 19-10-18,23:40:12,Ch6,T. OVER
 19-10-18,23:41:12,Ch6,T. OVER
 19-10-18,23:42:12,Ch6,T. OVER
 19-10-18,23:43:12,Ch6,T. OVER
 19-10-18,23:44:12,Ch6,T. OVER
 19-10-18,23:45:12,Ch6,T. OVER
 19-10-18,23:46:12,Ch6,T. OVER
 19-10-18,23:47:13,Ch6,T. OVER
 19-10-18,23:48:13,Ch6,T. OVER
 19-10-18,23:49:13,Ch6,T. OVER
 19-10-18,23:50:13,Ch6,T. OVER
 19-10-18,23:51:13,Ch6,T. OVER
 19-10-18,23:52:13,Ch6,T. OVER
 19-10-18,23:53:13,Ch6,T. OVER
 19-10-18,23:54:13,Ch6,T. OVER
 19-10-18,23:55:13,Ch6,T. OVER
 19-10-18,23:56:13,Ch6,T. OVER
 19-10-18,23:57:13,Ch6,T. OVER
 19-10-18,23:58:13,Ch6,T. OVER
 19-10-18,23:59:13,Ch6,T. OVER
